[0.321s] Invoking command in '/home/tofstudent/sa_zhao/build/tod_msgs': CMAKE_PREFIX_PATH=/opt/ros/foxy /usr/bin/cmake --build /home/tofstudent/sa_zhao/build/tod_msgs -- -j8 -l8
[0.418s] [  0%] Built target tod_msgs__cpp
[0.464s] [ 12%] Built target tod_msgs__rosidl_generator_c
[0.549s] [ 24%] Built target tod_msgs__rosidl_typesupport_cpp
[0.560s] [ 36%] Built target tod_msgs__rosidl_typesupport_fastrtps_cpp
[0.563s] [ 48%] Built target tod_msgs__rosidl_typesupport_introspection_cpp
[0.598s] [ 60%] Built target tod_msgs__rosidl_typesupport_c
[0.628s] [ 72%] Built target tod_msgs__rosidl_typesupport_fastrtps_c
[0.629s] [ 84%] Built target tod_msgs__rosidl_typesupport_introspection_c
[0.665s] [ 84%] Built target tod_msgs
[0.694s] [ 85%] Built target tod_msgs__py
[0.748s] [ 96%] Built target tod_msgs__python
[0.807s] [ 97%] Built target tod_msgs__rosidl_typesupport_fastrtps_c__pyext
[0.808s] [ 99%] Built target tod_msgs__rosidl_typesupport_introspection_c__pyext
[0.820s] [100%] Built target tod_msgs__rosidl_typesupport_c__pyext
[0.879s] Invoked command in '/home/tofstudent/sa_zhao/build/tod_msgs' returned '0': CMAKE_PREFIX_PATH=/opt/ros/foxy /usr/bin/cmake --build /home/tofstudent/sa_zhao/build/tod_msgs -- -j8 -l8
[1.382s] Invoking command in '/home/tofstudent/sa_zhao/build/tod_msgs': CMAKE_PREFIX_PATH=/opt/ros/foxy /usr/bin/cmake --install /home/tofstudent/sa_zhao/build/tod_msgs
[1.414s] -- Install configuration: ""
[1.415s] -- Up-to-date: /home/tofstudent/sa_zhao/install/tod_msgs/share/ament_index/resource_index/rosidl_interfaces/tod_msgs
[1.415s] -- Up-to-date: /home/tofstudent/sa_zhao/install/tod_msgs/include/tod_msgs
[1.415s] -- Up-to-date: /home/tofstudent/sa_zhao/install/tod_msgs/include/tod_msgs/srv
[1.415s] -- Up-to-date: /home/tofstudent/sa_zhao/install/tod_msgs/include/tod_msgs/srv/input_device.h
[1.415s] -- Up-to-date: /home/tofstudent/sa_zhao/install/tod_msgs/include/tod_msgs/srv/detail
[1.415s] -- Up-to-date: /home/tofstudent/sa_zhao/install/tod_msgs/include/tod_msgs/srv/detail/input_device__functions.h
[1.415s] -- Up-to-date: /home/tofstudent/sa_zhao/install/tod_msgs/include/tod_msgs/srv/detail/input_device__struct.h
[1.416s] -- Up-to-date: /home/tofstudent/sa_zhao/install/tod_msgs/include/tod_msgs/srv/detail/input_device__functions.c
[1.416s] -- Up-to-date: /home/tofstudent/sa_zhao/install/tod_msgs/include/tod_msgs/srv/detail/input_device__type_support.h
[1.416s] -- Up-to-date: /home/tofstudent/sa_zhao/install/tod_msgs/include/tod_msgs/msg
[1.416s] -- Up-to-date: /home/tofstudent/sa_zhao/install/tod_msgs/include/tod_msgs/msg/object_list.h
[1.416s] -- Up-to-date: /home/tofstudent/sa_zhao/install/tod_msgs/include/tod_msgs/msg/vehicle_data.h
[1.417s] -- Up-to-date: /home/tofstudent/sa_zhao/install/tod_msgs/include/tod_msgs/msg/detail
[1.417s] -- Up-to-date: /home/tofstudent/sa_zhao/install/tod_msgs/include/tod_msgs/msg/detail/key_press__functions.c
[1.417s] -- Up-to-date: /home/tofstudent/sa_zhao/install/tod_msgs/include/tod_msgs/msg/detail/primary_control_cmd__struct.h
[1.417s] -- Up-to-date: /home/tofstudent/sa_zhao/install/tod_msgs/include/tod_msgs/msg/detail/colored_polygon__struct.h
[1.417s] -- Up-to-date: /home/tofstudent/sa_zhao/install/tod_msgs/include/tod_msgs/msg/detail/vehicle_data__functions.c
[1.417s] -- Up-to-date: /home/tofstudent/sa_zhao/install/tod_msgs/include/tod_msgs/msg/detail/secondary_control_cmd__type_support.h
[1.417s] -- Up-to-date: /home/tofstudent/sa_zhao/install/tod_msgs/include/tod_msgs/msg/detail/colored_point__functions.c
[1.417s] -- Up-to-date: /home/tofstudent/sa_zhao/install/tod_msgs/include/tod_msgs/msg/detail/status__functions.h
[1.417s] -- Up-to-date: /home/tofstudent/sa_zhao/install/tod_msgs/include/tod_msgs/msg/detail/safety_driver_status__functions.h
[1.418s] -- Up-to-date: /home/tofstudent/sa_zhao/install/tod_msgs/include/tod_msgs/msg/detail/colored_polygon__type_support.h
[1.418s] -- Up-to-date: /home/tofstudent/sa_zhao/install/tod_msgs/include/tod_msgs/msg/detail/safety_driver_status__functions.c
[1.418s] -- Up-to-date: /home/tofstudent/sa_zhao/install/tod_msgs/include/tod_msgs/msg/detail/colored_point__type_support.h
[1.418s] -- Up-to-date: /home/tofstudent/sa_zhao/install/tod_msgs/include/tod_msgs/msg/detail/video_info__functions.c
[1.418s] -- Up-to-date: /home/tofstudent/sa_zhao/install/tod_msgs/include/tod_msgs/msg/detail/object_data__functions.h
[1.418s] -- Up-to-date: /home/tofstudent/sa_zhao/install/tod_msgs/include/tod_msgs/msg/detail/colored_point__functions.h
[1.418s] -- Up-to-date: /home/tofstudent/sa_zhao/install/tod_msgs/include/tod_msgs/msg/detail/key_press__functions.h
[1.418s] -- Up-to-date: /home/tofstudent/sa_zhao/install/tod_msgs/include/tod_msgs/msg/detail/colored_polygon__functions.h
[1.419s] -- Up-to-date: /home/tofstudent/sa_zhao/install/tod_msgs/include/tod_msgs/msg/detail/key_press__type_support.h
[1.419s] -- Up-to-date: /home/tofstudent/sa_zhao/install/tod_msgs/include/tod_msgs/msg/detail/colored_polygon__functions.c
[1.419s] -- Up-to-date: /home/tofstudent/sa_zhao/install/tod_msgs/include/tod_msgs/msg/detail/status__functions.c
[1.419s] -- Up-to-date: /home/tofstudent/sa_zhao/install/tod_msgs/include/tod_msgs/msg/detail/video_info__functions.h
[1.419s] -- Up-to-date: /home/tofstudent/sa_zhao/install/tod_msgs/include/tod_msgs/msg/detail/object_list__functions.c
[1.419s] -- Up-to-date: /home/tofstudent/sa_zhao/install/tod_msgs/include/tod_msgs/msg/detail/safety_driver_status__struct.h
[1.419s] -- Up-to-date: /home/tofstudent/sa_zhao/install/tod_msgs/include/tod_msgs/msg/detail/vehicle_data__functions.h
[1.419s] -- Up-to-date: /home/tofstudent/sa_zhao/install/tod_msgs/include/tod_msgs/msg/detail/object_data__struct.h
[1.420s] -- Up-to-date: /home/tofstudent/sa_zhao/install/tod_msgs/include/tod_msgs/msg/detail/vehicle_data__struct.h
[1.421s] -- Up-to-date: /home/tofstudent/sa_zhao/install/tod_msgs/include/tod_msgs/msg/detail/safety_driver_status__type_support.h
[1.421s] -- Up-to-date: /home/tofstudent/sa_zhao/install/tod_msgs/include/tod_msgs/msg/detail/object_list__functions.h
[1.421s] -- Up-to-date: /home/tofstudent/sa_zhao/install/tod_msgs/include/tod_msgs/msg/detail/object_data__type_support.h
[1.421s] -- Up-to-date: /home/tofstudent/sa_zhao/install/tod_msgs/include/tod_msgs/msg/detail/key_press__struct.h
[1.421s] -- Up-to-date: /home/tofstudent/sa_zhao/install/tod_msgs/include/tod_msgs/msg/detail/colored_point__struct.h
[1.421s] -- Up-to-date: /home/tofstudent/sa_zhao/install/tod_msgs/include/tod_msgs/msg/detail/object_list__type_support.h
[1.421s] -- Up-to-date: /home/tofstudent/sa_zhao/install/tod_msgs/include/tod_msgs/msg/detail/video_info__type_support.h
[1.422s] -- Up-to-date: /home/tofstudent/sa_zhao/install/tod_msgs/include/tod_msgs/msg/detail/status__struct.h
[1.422s] -- Up-to-date: /home/tofstudent/sa_zhao/install/tod_msgs/include/tod_msgs/msg/detail/vehicle_data__type_support.h
[1.422s] -- Up-to-date: /home/tofstudent/sa_zhao/install/tod_msgs/include/tod_msgs/msg/detail/paket_info__functions.h
[1.422s] -- Up-to-date: /home/tofstudent/sa_zhao/install/tod_msgs/include/tod_msgs/msg/detail/primary_control_cmd__functions.c
[1.422s] -- Up-to-date: /home/tofstudent/sa_zhao/install/tod_msgs/include/tod_msgs/msg/detail/primary_control_cmd__functions.h
[1.422s] -- Up-to-date: /home/tofstudent/sa_zhao/install/tod_msgs/include/tod_msgs/msg/detail/paket_info__type_support.h
[1.422s] -- Up-to-date: /home/tofstudent/sa_zhao/install/tod_msgs/include/tod_msgs/msg/detail/object_list__struct.h
[1.422s] -- Up-to-date: /home/tofstudent/sa_zhao/install/tod_msgs/include/tod_msgs/msg/detail/paket_info__struct.h
[1.422s] -- Up-to-date: /home/tofstudent/sa_zhao/install/tod_msgs/include/tod_msgs/msg/detail/secondary_control_cmd__functions.c
[1.422s] -- Up-to-date: /home/tofstudent/sa_zhao/install/tod_msgs/include/tod_msgs/msg/detail/paket_info__functions.c
[1.422s] -- Up-to-date: /home/tofstudent/sa_zhao/install/tod_msgs/include/tod_msgs/msg/detail/video_info__struct.h
[1.422s] -- Up-to-date: /home/tofstudent/sa_zhao/install/tod_msgs/include/tod_msgs/msg/detail/primary_control_cmd__type_support.h
[1.423s] -- Up-to-date: /home/tofstudent/sa_zhao/install/tod_msgs/include/tod_msgs/msg/detail/status__type_support.h
[1.423s] -- Up-to-date: /home/tofstudent/sa_zhao/install/tod_msgs/include/tod_msgs/msg/detail/secondary_control_cmd__struct.h
[1.423s] -- Up-to-date: /home/tofstudent/sa_zhao/install/tod_msgs/include/tod_msgs/msg/detail/secondary_control_cmd__functions.h
[1.423s] -- Up-to-date: /home/tofstudent/sa_zhao/install/tod_msgs/include/tod_msgs/msg/detail/object_data__functions.c
[1.423s] -- Up-to-date: /home/tofstudent/sa_zhao/install/tod_msgs/include/tod_msgs/msg/rosidl_generator_c__visibility_control.h
[1.423s] -- Up-to-date: /home/tofstudent/sa_zhao/install/tod_msgs/include/tod_msgs/msg/primary_control_cmd.h
[1.423s] -- Up-to-date: /home/tofstudent/sa_zhao/install/tod_msgs/include/tod_msgs/msg/safety_driver_status.h
[1.423s] -- Up-to-date: /home/tofstudent/sa_zhao/install/tod_msgs/include/tod_msgs/msg/secondary_control_cmd.h
[1.423s] -- Up-to-date: /home/tofstudent/sa_zhao/install/tod_msgs/include/tod_msgs/msg/colored_point.h
[1.423s] -- Up-to-date: /home/tofstudent/sa_zhao/install/tod_msgs/include/tod_msgs/msg/paket_info.h
[1.423s] -- Up-to-date: /home/tofstudent/sa_zhao/install/tod_msgs/include/tod_msgs/msg/status.h
[1.424s] -- Up-to-date: /home/tofstudent/sa_zhao/install/tod_msgs/include/tod_msgs/msg/colored_polygon.h
[1.424s] -- Up-to-date: /home/tofstudent/sa_zhao/install/tod_msgs/include/tod_msgs/msg/key_press.h
[1.424s] -- Up-to-date: /home/tofstudent/sa_zhao/install/tod_msgs/include/tod_msgs/msg/video_info.h
[1.424s] -- Up-to-date: /home/tofstudent/sa_zhao/install/tod_msgs/include/tod_msgs/msg/object_data.h
[1.424s] -- Up-to-date: /home/tofstudent/sa_zhao/install/tod_msgs/share/tod_msgs/environment/library_path.sh
[1.424s] -- Up-to-date: /home/tofstudent/sa_zhao/install/tod_msgs/share/tod_msgs/environment/library_path.dsv
[1.424s] -- Up-to-date: /home/tofstudent/sa_zhao/install/tod_msgs/lib/libtod_msgs__rosidl_generator_c.so
[1.424s] -- Up-to-date: /home/tofstudent/sa_zhao/install/tod_msgs/include/tod_msgs
[1.424s] -- Up-to-date: /home/tofstudent/sa_zhao/install/tod_msgs/include/tod_msgs/srv
[1.424s] -- Up-to-date: /home/tofstudent/sa_zhao/install/tod_msgs/include/tod_msgs/srv/detail
[1.424s] -- Up-to-date: /home/tofstudent/sa_zhao/install/tod_msgs/include/tod_msgs/srv/detail/input_device__rosidl_typesupport_fastrtps_c.h
[1.425s] -- Up-to-date: /home/tofstudent/sa_zhao/install/tod_msgs/include/tod_msgs/msg
[1.425s] -- Up-to-date: /home/tofstudent/sa_zhao/install/tod_msgs/include/tod_msgs/msg/rosidl_typesupport_fastrtps_c__visibility_control.h
[1.425s] -- Up-to-date: /home/tofstudent/sa_zhao/install/tod_msgs/include/tod_msgs/msg/detail
[1.425s] -- Up-to-date: /home/tofstudent/sa_zhao/install/tod_msgs/include/tod_msgs/msg/detail/paket_info__rosidl_typesupport_fastrtps_c.h
[1.425s] -- Up-to-date: /home/tofstudent/sa_zhao/install/tod_msgs/include/tod_msgs/msg/detail/primary_control_cmd__rosidl_typesupport_fastrtps_c.h
[1.425s] -- Up-to-date: /home/tofstudent/sa_zhao/install/tod_msgs/include/tod_msgs/msg/detail/status__rosidl_typesupport_fastrtps_c.h
[1.425s] -- Up-to-date: /home/tofstudent/sa_zhao/install/tod_msgs/include/tod_msgs/msg/detail/safety_driver_status__rosidl_typesupport_fastrtps_c.h
[1.425s] -- Up-to-date: /home/tofstudent/sa_zhao/install/tod_msgs/include/tod_msgs/msg/detail/secondary_control_cmd__rosidl_typesupport_fastrtps_c.h
[1.425s] -- Up-to-date: /home/tofstudent/sa_zhao/install/tod_msgs/include/tod_msgs/msg/detail/video_info__rosidl_typesupport_fastrtps_c.h
[1.427s] -- Up-to-date: /home/tofstudent/sa_zhao/install/tod_msgs/include/tod_msgs/msg/detail/colored_point__rosidl_typesupport_fastrtps_c.h
[1.427s] -- Up-to-date: /home/tofstudent/sa_zhao/install/tod_msgs/include/tod_msgs/msg/detail/colored_polygon__rosidl_typesupport_fastrtps_c.h
[1.427s] -- Up-to-date: /home/tofstudent/sa_zhao/install/tod_msgs/include/tod_msgs/msg/detail/object_data__rosidl_typesupport_fastrtps_c.h
[1.427s] -- Up-to-date: /home/tofstudent/sa_zhao/install/tod_msgs/include/tod_msgs/msg/detail/object_list__rosidl_typesupport_fastrtps_c.h
[1.428s] -- Up-to-date: /home/tofstudent/sa_zhao/install/tod_msgs/include/tod_msgs/msg/detail/vehicle_data__rosidl_typesupport_fastrtps_c.h
[1.428s] -- Up-to-date: /home/tofstudent/sa_zhao/install/tod_msgs/include/tod_msgs/msg/detail/key_press__rosidl_typesupport_fastrtps_c.h
[1.428s] -- Up-to-date: /home/tofstudent/sa_zhao/install/tod_msgs/lib/libtod_msgs__rosidl_typesupport_fastrtps_c.so
[1.428s] -- Up-to-date: /home/tofstudent/sa_zhao/install/tod_msgs/include/tod_msgs
[1.428s] -- Up-to-date: /home/tofstudent/sa_zhao/install/tod_msgs/include/tod_msgs/srv
[1.428s] -- Up-to-date: /home/tofstudent/sa_zhao/install/tod_msgs/include/tod_msgs/srv/detail
[1.428s] -- Up-to-date: /home/tofstudent/sa_zhao/install/tod_msgs/include/tod_msgs/srv/detail/dds_fastrtps
[1.429s] -- Up-to-date: /home/tofstudent/sa_zhao/install/tod_msgs/include/tod_msgs/srv/detail/input_device__rosidl_typesupport_fastrtps_cpp.hpp
[1.429s] -- Up-to-date: /home/tofstudent/sa_zhao/install/tod_msgs/include/tod_msgs/msg
[1.429s] -- Up-to-date: /home/tofstudent/sa_zhao/install/tod_msgs/include/tod_msgs/msg/rosidl_typesupport_fastrtps_cpp__visibility_control.h
[1.429s] -- Up-to-date: /home/tofstudent/sa_zhao/install/tod_msgs/include/tod_msgs/msg/detail
[1.429s] -- Up-to-date: /home/tofstudent/sa_zhao/install/tod_msgs/include/tod_msgs/msg/detail/object_list__rosidl_typesupport_fastrtps_cpp.hpp
[1.429s] -- Up-to-date: /home/tofstudent/sa_zhao/install/tod_msgs/include/tod_msgs/msg/detail/vehicle_data__rosidl_typesupport_fastrtps_cpp.hpp
[1.429s] -- Up-to-date: /home/tofstudent/sa_zhao/install/tod_msgs/include/tod_msgs/msg/detail/video_info__rosidl_typesupport_fastrtps_cpp.hpp
[1.429s] -- Up-to-date: /home/tofstudent/sa_zhao/install/tod_msgs/include/tod_msgs/msg/detail/status__rosidl_typesupport_fastrtps_cpp.hpp
[1.430s] -- Up-to-date: /home/tofstudent/sa_zhao/install/tod_msgs/include/tod_msgs/msg/detail/colored_polygon__rosidl_typesupport_fastrtps_cpp.hpp
[1.430s] -- Up-to-date: /home/tofstudent/sa_zhao/install/tod_msgs/include/tod_msgs/msg/detail/paket_info__rosidl_typesupport_fastrtps_cpp.hpp
[1.430s] -- Up-to-date: /home/tofstudent/sa_zhao/install/tod_msgs/include/tod_msgs/msg/detail/primary_control_cmd__rosidl_typesupport_fastrtps_cpp.hpp
[1.430s] -- Up-to-date: /home/tofstudent/sa_zhao/install/tod_msgs/include/tod_msgs/msg/detail/colored_point__rosidl_typesupport_fastrtps_cpp.hpp
[1.430s] -- Up-to-date: /home/tofstudent/sa_zhao/install/tod_msgs/include/tod_msgs/msg/detail/secondary_control_cmd__rosidl_typesupport_fastrtps_cpp.hpp
[1.430s] -- Up-to-date: /home/tofstudent/sa_zhao/install/tod_msgs/include/tod_msgs/msg/detail/key_press__rosidl_typesupport_fastrtps_cpp.hpp
[1.430s] -- Up-to-date: /home/tofstudent/sa_zhao/install/tod_msgs/include/tod_msgs/msg/detail/object_data__rosidl_typesupport_fastrtps_cpp.hpp
[1.430s] -- Up-to-date: /home/tofstudent/sa_zhao/install/tod_msgs/include/tod_msgs/msg/detail/dds_fastrtps
[1.430s] -- Up-to-date: /home/tofstudent/sa_zhao/install/tod_msgs/include/tod_msgs/msg/detail/safety_driver_status__rosidl_typesupport_fastrtps_cpp.hpp
[1.431s] -- Up-to-date: /home/tofstudent/sa_zhao/install/tod_msgs/lib/libtod_msgs__rosidl_typesupport_fastrtps_cpp.so
[1.431s] -- Up-to-date: /home/tofstudent/sa_zhao/install/tod_msgs/include/tod_msgs
[1.431s] -- Up-to-date: /home/tofstudent/sa_zhao/install/tod_msgs/include/tod_msgs/srv
[1.431s] -- Up-to-date: /home/tofstudent/sa_zhao/install/tod_msgs/include/tod_msgs/srv/detail
[1.431s] -- Up-to-date: /home/tofstudent/sa_zhao/install/tod_msgs/include/tod_msgs/srv/detail/input_device__type_support.c
[1.431s] -- Up-to-date: /home/tofstudent/sa_zhao/install/tod_msgs/include/tod_msgs/srv/detail/input_device__rosidl_typesupport_introspection_c.h
[1.431s] -- Up-to-date: /home/tofstudent/sa_zhao/install/tod_msgs/include/tod_msgs/msg
[1.431s] -- Up-to-date: /home/tofstudent/sa_zhao/install/tod_msgs/include/tod_msgs/msg/detail
[1.431s] -- Up-to-date: /home/tofstudent/sa_zhao/install/tod_msgs/include/tod_msgs/msg/detail/safety_driver_status__type_support.c
[1.431s] -- Up-to-date: /home/tofstudent/sa_zhao/install/tod_msgs/include/tod_msgs/msg/detail/key_press__type_support.c
[1.432s] -- Up-to-date: /home/tofstudent/sa_zhao/install/tod_msgs/include/tod_msgs/msg/detail/object_data__type_support.c
[1.432s] -- Up-to-date: /home/tofstudent/sa_zhao/install/tod_msgs/include/tod_msgs/msg/detail/status__type_support.c
[1.432s] -- Up-to-date: /home/tofstudent/sa_zhao/install/tod_msgs/include/tod_msgs/msg/detail/object_list__rosidl_typesupport_introspection_c.h
[1.432s] -- Up-to-date: /home/tofstudent/sa_zhao/install/tod_msgs/include/tod_msgs/msg/detail/key_press__rosidl_typesupport_introspection_c.h
[1.432s] -- Up-to-date: /home/tofstudent/sa_zhao/install/tod_msgs/include/tod_msgs/msg/detail/video_info__rosidl_typesupport_introspection_c.h
[1.432s] -- Up-to-date: /home/tofstudent/sa_zhao/install/tod_msgs/include/tod_msgs/msg/detail/video_info__type_support.c
[1.432s] -- Up-to-date: /home/tofstudent/sa_zhao/install/tod_msgs/include/tod_msgs/msg/detail/colored_point__type_support.c
[1.432s] -- Up-to-date: /home/tofstudent/sa_zhao/install/tod_msgs/include/tod_msgs/msg/detail/status__rosidl_typesupport_introspection_c.h
[1.432s] -- Up-to-date: /home/tofstudent/sa_zhao/install/tod_msgs/include/tod_msgs/msg/detail/colored_point__rosidl_typesupport_introspection_c.h
[1.432s] -- Up-to-date: /home/tofstudent/sa_zhao/install/tod_msgs/include/tod_msgs/msg/detail/object_list__type_support.c
[1.433s] -- Up-to-date: /home/tofstudent/sa_zhao/install/tod_msgs/include/tod_msgs/msg/detail/paket_info__type_support.c
[1.433s] -- Up-to-date: /home/tofstudent/sa_zhao/install/tod_msgs/include/tod_msgs/msg/detail/safety_driver_status__rosidl_typesupport_introspection_c.h
[1.433s] -- Up-to-date: /home/tofstudent/sa_zhao/install/tod_msgs/include/tod_msgs/msg/detail/vehicle_data__type_support.c
[1.433s] -- Up-to-date: /home/tofstudent/sa_zhao/install/tod_msgs/include/tod_msgs/msg/detail/colored_polygon__rosidl_typesupport_introspection_c.h
[1.433s] -- Up-to-date: /home/tofstudent/sa_zhao/install/tod_msgs/include/tod_msgs/msg/detail/primary_control_cmd__type_support.c
[1.433s] -- Up-to-date: /home/tofstudent/sa_zhao/install/tod_msgs/include/tod_msgs/msg/detail/vehicle_data__rosidl_typesupport_introspection_c.h
[1.433s] -- Up-to-date: /home/tofstudent/sa_zhao/install/tod_msgs/include/tod_msgs/msg/detail/object_data__rosidl_typesupport_introspection_c.h
[1.433s] -- Up-to-date: /home/tofstudent/sa_zhao/install/tod_msgs/include/tod_msgs/msg/detail/paket_info__rosidl_typesupport_introspection_c.h
[1.434s] -- Up-to-date: /home/tofstudent/sa_zhao/install/tod_msgs/include/tod_msgs/msg/detail/colored_polygon__type_support.c
[1.434s] -- Up-to-date: /home/tofstudent/sa_zhao/install/tod_msgs/include/tod_msgs/msg/detail/primary_control_cmd__rosidl_typesupport_introspection_c.h
[1.434s] -- Up-to-date: /home/tofstudent/sa_zhao/install/tod_msgs/include/tod_msgs/msg/detail/secondary_control_cmd__type_support.c
[1.434s] -- Up-to-date: /home/tofstudent/sa_zhao/install/tod_msgs/include/tod_msgs/msg/detail/secondary_control_cmd__rosidl_typesupport_introspection_c.h
[1.434s] -- Up-to-date: /home/tofstudent/sa_zhao/install/tod_msgs/include/tod_msgs/msg/rosidl_typesupport_introspection_c__visibility_control.h
[1.434s] -- Up-to-date: /home/tofstudent/sa_zhao/install/tod_msgs/lib/libtod_msgs__rosidl_typesupport_introspection_c.so
[1.434s] -- Up-to-date: /home/tofstudent/sa_zhao/install/tod_msgs/lib/libtod_msgs__rosidl_typesupport_c.so
[1.434s] -- Up-to-date: /home/tofstudent/sa_zhao/install/tod_msgs/include/tod_msgs
[1.434s] -- Up-to-date: /home/tofstudent/sa_zhao/install/tod_msgs/include/tod_msgs/srv
[1.435s] -- Up-to-date: /home/tofstudent/sa_zhao/install/tod_msgs/include/tod_msgs/srv/detail
[1.435s] -- Up-to-date: /home/tofstudent/sa_zhao/install/tod_msgs/include/tod_msgs/srv/detail/input_device__struct.hpp
[1.435s] -- Up-to-date: /home/tofstudent/sa_zhao/install/tod_msgs/include/tod_msgs/srv/detail/input_device__traits.hpp
[1.435s] -- Up-to-date: /home/tofstudent/sa_zhao/install/tod_msgs/include/tod_msgs/srv/detail/input_device__builder.hpp
[1.435s] -- Up-to-date: /home/tofstudent/sa_zhao/install/tod_msgs/include/tod_msgs/srv/input_device.hpp
[1.435s] -- Up-to-date: /home/tofstudent/sa_zhao/install/tod_msgs/include/tod_msgs/msg
[1.435s] -- Up-to-date: /home/tofstudent/sa_zhao/install/tod_msgs/include/tod_msgs/msg/video_info.hpp
[1.435s] -- Up-to-date: /home/tofstudent/sa_zhao/install/tod_msgs/include/tod_msgs/msg/object_data.hpp
[1.435s] -- Up-to-date: /home/tofstudent/sa_zhao/install/tod_msgs/include/tod_msgs/msg/safety_driver_status.hpp
[1.435s] -- Up-to-date: /home/tofstudent/sa_zhao/install/tod_msgs/include/tod_msgs/msg/vehicle_data.hpp
[1.436s] -- Up-to-date: /home/tofstudent/sa_zhao/install/tod_msgs/include/tod_msgs/msg/object_list.hpp
[1.436s] -- Up-to-date: /home/tofstudent/sa_zhao/install/tod_msgs/include/tod_msgs/msg/detail
[1.436s] -- Up-to-date: /home/tofstudent/sa_zhao/install/tod_msgs/include/tod_msgs/msg/detail/safety_driver_status__traits.hpp
[1.436s] -- Up-to-date: /home/tofstudent/sa_zhao/install/tod_msgs/include/tod_msgs/msg/detail/colored_polygon__struct.hpp
[1.436s] -- Up-to-date: /home/tofstudent/sa_zhao/install/tod_msgs/include/tod_msgs/msg/detail/secondary_control_cmd__builder.hpp
[1.436s] -- Up-to-date: /home/tofstudent/sa_zhao/install/tod_msgs/include/tod_msgs/msg/detail/paket_info__builder.hpp
[1.436s] -- Up-to-date: /home/tofstudent/sa_zhao/install/tod_msgs/include/tod_msgs/msg/detail/key_press__struct.hpp
[1.436s] -- Up-to-date: /home/tofstudent/sa_zhao/install/tod_msgs/include/tod_msgs/msg/detail/primary_control_cmd__struct.hpp
[1.436s] -- Up-to-date: /home/tofstudent/sa_zhao/install/tod_msgs/include/tod_msgs/msg/detail/video_info__builder.hpp
[1.437s] -- Up-to-date: /home/tofstudent/sa_zhao/install/tod_msgs/include/tod_msgs/msg/detail/colored_polygon__builder.hpp
[1.437s] -- Up-to-date: /home/tofstudent/sa_zhao/install/tod_msgs/include/tod_msgs/msg/detail/video_info__struct.hpp
[1.437s] -- Up-to-date: /home/tofstudent/sa_zhao/install/tod_msgs/include/tod_msgs/msg/detail/primary_control_cmd__traits.hpp
[1.437s] -- Up-to-date: /home/tofstudent/sa_zhao/install/tod_msgs/include/tod_msgs/msg/detail/key_press__traits.hpp
[1.437s] -- Up-to-date: /home/tofstudent/sa_zhao/install/tod_msgs/include/tod_msgs/msg/detail/vehicle_data__traits.hpp
[1.437s] -- Up-to-date: /home/tofstudent/sa_zhao/install/tod_msgs/include/tod_msgs/msg/detail/video_info__traits.hpp
[1.437s] -- Up-to-date: /home/tofstudent/sa_zhao/install/tod_msgs/include/tod_msgs/msg/detail/status__traits.hpp
[1.437s] -- Up-to-date: /home/tofstudent/sa_zhao/install/tod_msgs/include/tod_msgs/msg/detail/object_data__builder.hpp
[1.438s] -- Up-to-date: /home/tofstudent/sa_zhao/install/tod_msgs/include/tod_msgs/msg/detail/object_data__traits.hpp
[1.438s] -- Up-to-date: /home/tofstudent/sa_zhao/install/tod_msgs/include/tod_msgs/msg/detail/object_list__traits.hpp
[1.438s] -- Up-to-date: /home/tofstudent/sa_zhao/install/tod_msgs/include/tod_msgs/msg/detail/colored_point__builder.hpp
[1.438s] -- Up-to-date: /home/tofstudent/sa_zhao/install/tod_msgs/include/tod_msgs/msg/detail/colored_point__traits.hpp
[1.438s] -- Up-to-date: /home/tofstudent/sa_zhao/install/tod_msgs/include/tod_msgs/msg/detail/object_list__struct.hpp
[1.438s] -- Up-to-date: /home/tofstudent/sa_zhao/install/tod_msgs/include/tod_msgs/msg/detail/paket_info__struct.hpp
[1.438s] -- Up-to-date: /home/tofstudent/sa_zhao/install/tod_msgs/include/tod_msgs/msg/detail/secondary_control_cmd__traits.hpp
[1.438s] -- Up-to-date: /home/tofstudent/sa_zhao/install/tod_msgs/include/tod_msgs/msg/detail/colored_point__struct.hpp
[1.439s] -- Up-to-date: /home/tofstudent/sa_zhao/install/tod_msgs/include/tod_msgs/msg/detail/colored_polygon__traits.hpp
[1.439s] -- Up-to-date: /home/tofstudent/sa_zhao/install/tod_msgs/include/tod_msgs/msg/detail/safety_driver_status__struct.hpp
[1.439s] -- Up-to-date: /home/tofstudent/sa_zhao/install/tod_msgs/include/tod_msgs/msg/detail/object_list__builder.hpp
[1.439s] -- Up-to-date: /home/tofstudent/sa_zhao/install/tod_msgs/include/tod_msgs/msg/detail/vehicle_data__struct.hpp
[1.439s] -- Up-to-date: /home/tofstudent/sa_zhao/install/tod_msgs/include/tod_msgs/msg/detail/paket_info__traits.hpp
[1.439s] -- Up-to-date: /home/tofstudent/sa_zhao/install/tod_msgs/include/tod_msgs/msg/detail/status__builder.hpp
[1.439s] -- Up-to-date: /home/tofstudent/sa_zhao/install/tod_msgs/include/tod_msgs/msg/detail/vehicle_data__builder.hpp
[1.439s] -- Up-to-date: /home/tofstudent/sa_zhao/install/tod_msgs/include/tod_msgs/msg/detail/primary_control_cmd__builder.hpp
[1.439s] -- Up-to-date: /home/tofstudent/sa_zhao/install/tod_msgs/include/tod_msgs/msg/detail/secondary_control_cmd__struct.hpp
[1.440s] -- Up-to-date: /home/tofstudent/sa_zhao/install/tod_msgs/include/tod_msgs/msg/detail/object_data__struct.hpp
[1.440s] -- Up-to-date: /home/tofstudent/sa_zhao/install/tod_msgs/include/tod_msgs/msg/detail/safety_driver_status__builder.hpp
[1.440s] -- Up-to-date: /home/tofstudent/sa_zhao/install/tod_msgs/include/tod_msgs/msg/detail/status__struct.hpp
[1.440s] -- Up-to-date: /home/tofstudent/sa_zhao/install/tod_msgs/include/tod_msgs/msg/detail/key_press__builder.hpp
[1.440s] -- Up-to-date: /home/tofstudent/sa_zhao/install/tod_msgs/include/tod_msgs/msg/secondary_control_cmd.hpp
[1.440s] -- Up-to-date: /home/tofstudent/sa_zhao/install/tod_msgs/include/tod_msgs/msg/colored_polygon.hpp
[1.440s] -- Up-to-date: /home/tofstudent/sa_zhao/install/tod_msgs/include/tod_msgs/msg/status.hpp
[1.440s] -- Up-to-date: /home/tofstudent/sa_zhao/install/tod_msgs/include/tod_msgs/msg/colored_point.hpp
[1.440s] -- Up-to-date: /home/tofstudent/sa_zhao/install/tod_msgs/include/tod_msgs/msg/key_press.hpp
[1.441s] -- Up-to-date: /home/tofstudent/sa_zhao/install/tod_msgs/include/tod_msgs/msg/paket_info.hpp
[1.441s] -- Up-to-date: /home/tofstudent/sa_zhao/install/tod_msgs/include/tod_msgs/msg/primary_control_cmd.hpp
[1.441s] -- Up-to-date: /home/tofstudent/sa_zhao/install/tod_msgs/include/tod_msgs
[1.441s] -- Up-to-date: /home/tofstudent/sa_zhao/install/tod_msgs/include/tod_msgs/srv
[1.441s] -- Up-to-date: /home/tofstudent/sa_zhao/install/tod_msgs/include/tod_msgs/srv/detail
[1.441s] -- Up-to-date: /home/tofstudent/sa_zhao/install/tod_msgs/include/tod_msgs/srv/detail/input_device__rosidl_typesupport_introspection_cpp.hpp
[1.441s] -- Up-to-date: /home/tofstudent/sa_zhao/install/tod_msgs/include/tod_msgs/srv/detail/input_device__type_support.cpp
[1.441s] -- Up-to-date: /home/tofstudent/sa_zhao/install/tod_msgs/include/tod_msgs/msg
[1.441s] -- Up-to-date: /home/tofstudent/sa_zhao/install/tod_msgs/include/tod_msgs/msg/detail
[1.442s] -- Up-to-date: /home/tofstudent/sa_zhao/install/tod_msgs/include/tod_msgs/msg/detail/safety_driver_status__rosidl_typesupport_introspection_cpp.hpp
[1.442s] -- Up-to-date: /home/tofstudent/sa_zhao/install/tod_msgs/include/tod_msgs/msg/detail/primary_control_cmd__type_support.cpp
[1.442s] -- Up-to-date: /home/tofstudent/sa_zhao/install/tod_msgs/include/tod_msgs/msg/detail/object_data__rosidl_typesupport_introspection_cpp.hpp
[1.442s] -- Up-to-date: /home/tofstudent/sa_zhao/install/tod_msgs/include/tod_msgs/msg/detail/status__rosidl_typesupport_introspection_cpp.hpp
[1.442s] -- Up-to-date: /home/tofstudent/sa_zhao/install/tod_msgs/include/tod_msgs/msg/detail/object_list__type_support.cpp
[1.442s] -- Up-to-date: /home/tofstudent/sa_zhao/install/tod_msgs/include/tod_msgs/msg/detail/colored_polygon__type_support.cpp
[1.443s] -- Up-to-date: /home/tofstudent/sa_zhao/install/tod_msgs/include/tod_msgs/msg/detail/video_info__type_support.cpp
[1.443s] -- Up-to-date: /home/tofstudent/sa_zhao/install/tod_msgs/include/tod_msgs/msg/detail/status__type_support.cpp
[1.443s] -- Up-to-date: /home/tofstudent/sa_zhao/install/tod_msgs/include/tod_msgs/msg/detail/paket_info__rosidl_typesupport_introspection_cpp.hpp
[1.443s] -- Up-to-date: /home/tofstudent/sa_zhao/install/tod_msgs/include/tod_msgs/msg/detail/object_data__type_support.cpp
[1.443s] -- Up-to-date: /home/tofstudent/sa_zhao/install/tod_msgs/include/tod_msgs/msg/detail/colored_point__rosidl_typesupport_introspection_cpp.hpp
[1.443s] -- Up-to-date: /home/tofstudent/sa_zhao/install/tod_msgs/include/tod_msgs/msg/detail/colored_polygon__rosidl_typesupport_introspection_cpp.hpp
[1.444s] -- Up-to-date: /home/tofstudent/sa_zhao/install/tod_msgs/include/tod_msgs/msg/detail/secondary_control_cmd__rosidl_typesupport_introspection_cpp.hpp
[1.444s] -- Up-to-date: /home/tofstudent/sa_zhao/install/tod_msgs/include/tod_msgs/msg/detail/safety_driver_status__type_support.cpp
[1.444s] -- Up-to-date: /home/tofstudent/sa_zhao/install/tod_msgs/include/tod_msgs/msg/detail/key_press__rosidl_typesupport_introspection_cpp.hpp
[1.444s] -- Up-to-date: /home/tofstudent/sa_zhao/install/tod_msgs/include/tod_msgs/msg/detail/key_press__type_support.cpp
[1.444s] -- Up-to-date: /home/tofstudent/sa_zhao/install/tod_msgs/include/tod_msgs/msg/detail/primary_control_cmd__rosidl_typesupport_introspection_cpp.hpp
[1.444s] -- Up-to-date: /home/tofstudent/sa_zhao/install/tod_msgs/include/tod_msgs/msg/detail/video_info__rosidl_typesupport_introspection_cpp.hpp
[1.444s] -- Up-to-date: /home/tofstudent/sa_zhao/install/tod_msgs/include/tod_msgs/msg/detail/vehicle_data__type_support.cpp
[1.445s] -- Up-to-date: /home/tofstudent/sa_zhao/install/tod_msgs/include/tod_msgs/msg/detail/paket_info__type_support.cpp
[1.445s] -- Up-to-date: /home/tofstudent/sa_zhao/install/tod_msgs/include/tod_msgs/msg/detail/vehicle_data__rosidl_typesupport_introspection_cpp.hpp
[1.445s] -- Up-to-date: /home/tofstudent/sa_zhao/install/tod_msgs/include/tod_msgs/msg/detail/secondary_control_cmd__type_support.cpp
[1.445s] -- Up-to-date: /home/tofstudent/sa_zhao/install/tod_msgs/include/tod_msgs/msg/detail/object_list__rosidl_typesupport_introspection_cpp.hpp
[1.445s] -- Up-to-date: /home/tofstudent/sa_zhao/install/tod_msgs/include/tod_msgs/msg/detail/colored_point__type_support.cpp
[1.445s] -- Up-to-date: /home/tofstudent/sa_zhao/install/tod_msgs/lib/libtod_msgs__rosidl_typesupport_introspection_cpp.so
[1.445s] -- Up-to-date: /home/tofstudent/sa_zhao/install/tod_msgs/lib/libtod_msgs__rosidl_typesupport_cpp.so
[1.445s] -- Up-to-date: /home/tofstudent/sa_zhao/install/tod_msgs/share/tod_msgs/environment/pythonpath.sh
[1.446s] -- Up-to-date: /home/tofstudent/sa_zhao/install/tod_msgs/share/tod_msgs/environment/pythonpath.dsv
[1.446s] -- Up-to-date: /home/tofstudent/sa_zhao/install/tod_msgs/lib/python3.8/site-packages/tod_msgs/__init__.py
[1.471s] -- Up-to-date: /home/tofstudent/sa_zhao/install/tod_msgs/lib/python3.8/site-packages/tod_msgs/msg
[1.471s] -- Up-to-date: /home/tofstudent/sa_zhao/install/tod_msgs/lib/python3.8/site-packages/tod_msgs/msg/_vehicle_data_s.c
[1.471s] -- Up-to-date: /home/tofstudent/sa_zhao/install/tod_msgs/lib/python3.8/site-packages/tod_msgs/msg/_key_press_s.c
[1.472s] -- Up-to-date: /home/tofstudent/sa_zhao/install/tod_msgs/lib/python3.8/site-packages/tod_msgs/msg/_safety_driver_status.py
[1.472s] -- Up-to-date: /home/tofstudent/sa_zhao/install/tod_msgs/lib/python3.8/site-packages/tod_msgs/msg/_object_list.py
[1.472s] -- Up-to-date: /home/tofstudent/sa_zhao/install/tod_msgs/lib/python3.8/site-packages/tod_msgs/msg/_video_info.py
[1.472s] -- Up-to-date: /home/tofstudent/sa_zhao/install/tod_msgs/lib/python3.8/site-packages/tod_msgs/msg/_colored_point.py
[1.472s] -- Up-to-date: /home/tofstudent/sa_zhao/install/tod_msgs/lib/python3.8/site-packages/tod_msgs/msg/_secondary_control_cmd.py
[1.472s] -- Up-to-date: /home/tofstudent/sa_zhao/install/tod_msgs/lib/python3.8/site-packages/tod_msgs/msg/_colored_polygon_s.c
[1.473s] -- Up-to-date: /home/tofstudent/sa_zhao/install/tod_msgs/lib/python3.8/site-packages/tod_msgs/msg/_primary_control_cmd_s.c
[1.473s] -- Up-to-date: /home/tofstudent/sa_zhao/install/tod_msgs/lib/python3.8/site-packages/tod_msgs/msg/_object_data.py
[1.473s] -- Up-to-date: /home/tofstudent/sa_zhao/install/tod_msgs/lib/python3.8/site-packages/tod_msgs/msg/_colored_point_s.c
[1.473s] -- Up-to-date: /home/tofstudent/sa_zhao/install/tod_msgs/lib/python3.8/site-packages/tod_msgs/msg/_paket_info.py
[1.473s] -- Up-to-date: /home/tofstudent/sa_zhao/install/tod_msgs/lib/python3.8/site-packages/tod_msgs/msg/_status.py
[1.473s] -- Up-to-date: /home/tofstudent/sa_zhao/install/tod_msgs/lib/python3.8/site-packages/tod_msgs/msg/_primary_control_cmd.py
[1.474s] -- Up-to-date: /home/tofstudent/sa_zhao/install/tod_msgs/lib/python3.8/site-packages/tod_msgs/msg/_vehicle_data.py
[1.474s] -- Up-to-date: /home/tofstudent/sa_zhao/install/tod_msgs/lib/python3.8/site-packages/tod_msgs/msg/_status_s.c
[1.474s] -- Up-to-date: /home/tofstudent/sa_zhao/install/tod_msgs/lib/python3.8/site-packages/tod_msgs/msg/_safety_driver_status_s.c
[1.475s] -- Up-to-date: /home/tofstudent/sa_zhao/install/tod_msgs/lib/python3.8/site-packages/tod_msgs/msg/_colored_polygon.py
[1.475s] -- Up-to-date: /home/tofstudent/sa_zhao/install/tod_msgs/lib/python3.8/site-packages/tod_msgs/msg/__init__.py
[1.475s] -- Up-to-date: /home/tofstudent/sa_zhao/install/tod_msgs/lib/python3.8/site-packages/tod_msgs/msg/_paket_info_s.c
[1.475s] -- Up-to-date: /home/tofstudent/sa_zhao/install/tod_msgs/lib/python3.8/site-packages/tod_msgs/msg/_object_data_s.c
[1.475s] -- Up-to-date: /home/tofstudent/sa_zhao/install/tod_msgs/lib/python3.8/site-packages/tod_msgs/msg/_secondary_control_cmd_s.c
[1.475s] -- Up-to-date: /home/tofstudent/sa_zhao/install/tod_msgs/lib/python3.8/site-packages/tod_msgs/msg/_video_info_s.c
[1.476s] -- Up-to-date: /home/tofstudent/sa_zhao/install/tod_msgs/lib/python3.8/site-packages/tod_msgs/msg/_object_list_s.c
[1.476s] -- Up-to-date: /home/tofstudent/sa_zhao/install/tod_msgs/lib/python3.8/site-packages/tod_msgs/msg/_key_press.py
[1.476s] -- Up-to-date: /home/tofstudent/sa_zhao/install/tod_msgs/lib/python3.8/site-packages/tod_msgs/srv
[1.476s] -- Up-to-date: /home/tofstudent/sa_zhao/install/tod_msgs/lib/python3.8/site-packages/tod_msgs/srv/_input_device.py
[1.476s] -- Up-to-date: /home/tofstudent/sa_zhao/install/tod_msgs/lib/python3.8/site-packages/tod_msgs/srv/_input_device_s.c
[1.476s] -- Up-to-date: /home/tofstudent/sa_zhao/install/tod_msgs/lib/python3.8/site-packages/tod_msgs/srv/__init__.py
[1.476s] -- Up-to-date: /home/tofstudent/sa_zhao/install/tod_msgs/lib/python3.8/site-packages/tod_msgs/tod_msgs_s__rosidl_typesupport_fastrtps_c.cpython-38-x86_64-linux-gnu.so
[1.476s] -- Up-to-date: /home/tofstudent/sa_zhao/install/tod_msgs/lib/python3.8/site-packages/tod_msgs/tod_msgs_s__rosidl_typesupport_introspection_c.cpython-38-x86_64-linux-gnu.so
[1.477s] -- Up-to-date: /home/tofstudent/sa_zhao/install/tod_msgs/lib/python3.8/site-packages/tod_msgs/tod_msgs_s__rosidl_typesupport_c.cpython-38-x86_64-linux-gnu.so
[1.477s] -- Up-to-date: /home/tofstudent/sa_zhao/install/tod_msgs/lib/libtod_msgs__python.so
[1.477s] -- Up-to-date: /home/tofstudent/sa_zhao/install/tod_msgs/share/tod_msgs/msg/ColoredPoint.idl
[1.477s] -- Up-to-date: /home/tofstudent/sa_zhao/install/tod_msgs/share/tod_msgs/msg/ColoredPolygon.idl
[1.477s] -- Up-to-date: /home/tofstudent/sa_zhao/install/tod_msgs/share/tod_msgs/msg/KeyPress.idl
[1.477s] -- Up-to-date: /home/tofstudent/sa_zhao/install/tod_msgs/share/tod_msgs/msg/ObjectData.idl
[1.477s] -- Up-to-date: /home/tofstudent/sa_zhao/install/tod_msgs/share/tod_msgs/msg/ObjectList.idl
[1.477s] -- Up-to-date: /home/tofstudent/sa_zhao/install/tod_msgs/share/tod_msgs/msg/PaketInfo.idl
[1.479s] -- Up-to-date: /home/tofstudent/sa_zhao/install/tod_msgs/share/tod_msgs/msg/PrimaryControlCmd.idl
[1.480s] -- Up-to-date: /home/tofstudent/sa_zhao/install/tod_msgs/share/tod_msgs/msg/SafetyDriverStatus.idl
[1.480s] -- Up-to-date: /home/tofstudent/sa_zhao/install/tod_msgs/share/tod_msgs/msg/SecondaryControlCmd.idl
[1.480s] -- Up-to-date: /home/tofstudent/sa_zhao/install/tod_msgs/share/tod_msgs/msg/Status.idl
[1.480s] -- Up-to-date: /home/tofstudent/sa_zhao/install/tod_msgs/share/tod_msgs/msg/VehicleData.idl
[1.480s] -- Up-to-date: /home/tofstudent/sa_zhao/install/tod_msgs/share/tod_msgs/msg/VideoInfo.idl
[1.480s] -- Up-to-date: /home/tofstudent/sa_zhao/install/tod_msgs/share/tod_msgs/srv/InputDevice.idl
[1.480s] -- Up-to-date: /home/tofstudent/sa_zhao/install/tod_msgs/share/tod_msgs/msg/ColoredPoint.msg
[1.480s] -- Up-to-date: /home/tofstudent/sa_zhao/install/tod_msgs/share/tod_msgs/msg/ColoredPolygon.msg
[1.480s] -- Up-to-date: /home/tofstudent/sa_zhao/install/tod_msgs/share/tod_msgs/msg/KeyPress.msg
[1.481s] -- Up-to-date: /home/tofstudent/sa_zhao/install/tod_msgs/share/tod_msgs/msg/ObjectData.msg
[1.481s] -- Up-to-date: /home/tofstudent/sa_zhao/install/tod_msgs/share/tod_msgs/msg/ObjectList.msg
[1.481s] -- Up-to-date: /home/tofstudent/sa_zhao/install/tod_msgs/share/tod_msgs/msg/PaketInfo.msg
[1.481s] -- Up-to-date: /home/tofstudent/sa_zhao/install/tod_msgs/share/tod_msgs/msg/PrimaryControlCmd.msg
[1.482s] -- Up-to-date: /home/tofstudent/sa_zhao/install/tod_msgs/share/tod_msgs/msg/SafetyDriverStatus.msg
[1.487s] -- Up-to-date: /home/tofstudent/sa_zhao/install/tod_msgs/share/tod_msgs/msg/SecondaryControlCmd.msg
[1.487s] -- Up-to-date: /home/tofstudent/sa_zhao/install/tod_msgs/share/tod_msgs/msg/Status.msg
[1.487s] -- Up-to-date: /home/tofstudent/sa_zhao/install/tod_msgs/share/tod_msgs/msg/VehicleData.msg
[1.487s] -- Up-to-date: /home/tofstudent/sa_zhao/install/tod_msgs/share/tod_msgs/msg/VideoInfo.msg
[1.487s] -- Up-to-date: /home/tofstudent/sa_zhao/install/tod_msgs/share/tod_msgs/srv/InputDevice.srv
[1.488s] -- Up-to-date: /home/tofstudent/sa_zhao/install/tod_msgs/share/tod_msgs/srv/InputDevice_Request.msg
[1.488s] -- Up-to-date: /home/tofstudent/sa_zhao/install/tod_msgs/share/tod_msgs/srv/InputDevice_Response.msg
[1.488s] -- Up-to-date: /home/tofstudent/sa_zhao/install/tod_msgs/include
[1.488s] -- Up-to-date: /home/tofstudent/sa_zhao/install/tod_msgs/include/tod_msgs
[1.488s] -- Up-to-date: /home/tofstudent/sa_zhao/install/tod_msgs/include/tod_msgs/VehicleEnums.h
[1.488s] -- Up-to-date: /home/tofstudent/sa_zhao/install/tod_msgs/include/tod_msgs/inputDevice.h
[1.488s] -- Up-to-date: /home/tofstudent/sa_zhao/install/tod_msgs/include/tod_msgs/joystickConfig.h
[1.488s] -- Up-to-date: /home/tofstudent/sa_zhao/install/tod_msgs/share/ament_index/resource_index/package_run_dependencies/tod_msgs
[1.488s] -- Up-to-date: /home/tofstudent/sa_zhao/install/tod_msgs/share/ament_index/resource_index/parent_prefix_path/tod_msgs
[1.488s] -- Up-to-date: /home/tofstudent/sa_zhao/install/tod_msgs/share/tod_msgs/environment/ament_prefix_path.sh
[1.489s] -- Up-to-date: /home/tofstudent/sa_zhao/install/tod_msgs/share/tod_msgs/environment/ament_prefix_path.dsv
[1.489s] -- Up-to-date: /home/tofstudent/sa_zhao/install/tod_msgs/share/tod_msgs/environment/path.sh
[1.489s] -- Up-to-date: /home/tofstudent/sa_zhao/install/tod_msgs/share/tod_msgs/environment/path.dsv
[1.489s] -- Up-to-date: /home/tofstudent/sa_zhao/install/tod_msgs/share/tod_msgs/local_setup.bash
[1.489s] -- Up-to-date: /home/tofstudent/sa_zhao/install/tod_msgs/share/tod_msgs/local_setup.sh
[1.489s] -- Up-to-date: /home/tofstudent/sa_zhao/install/tod_msgs/share/tod_msgs/local_setup.zsh
[1.489s] -- Up-to-date: /home/tofstudent/sa_zhao/install/tod_msgs/share/tod_msgs/local_setup.dsv
[1.489s] -- Installing: /home/tofstudent/sa_zhao/install/tod_msgs/share/tod_msgs/package.dsv
[1.489s] -- Up-to-date: /home/tofstudent/sa_zhao/install/tod_msgs/share/ament_index/resource_index/packages/tod_msgs
[1.490s] -- Up-to-date: /home/tofstudent/sa_zhao/install/tod_msgs/share/tod_msgs/cmake/tod_msgs__rosidl_generator_cExport.cmake
[1.490s] -- Up-to-date: /home/tofstudent/sa_zhao/install/tod_msgs/share/tod_msgs/cmake/tod_msgs__rosidl_generator_cExport-noconfig.cmake
[1.490s] -- Up-to-date: /home/tofstudent/sa_zhao/install/tod_msgs/share/tod_msgs/cmake/tod_msgs__rosidl_typesupport_introspection_cExport.cmake
[1.490s] -- Up-to-date: /home/tofstudent/sa_zhao/install/tod_msgs/share/tod_msgs/cmake/tod_msgs__rosidl_typesupport_introspection_cExport-noconfig.cmake
[1.490s] -- Up-to-date: /home/tofstudent/sa_zhao/install/tod_msgs/share/tod_msgs/cmake/tod_msgs__rosidl_typesupport_cExport.cmake
[1.490s] -- Up-to-date: /home/tofstudent/sa_zhao/install/tod_msgs/share/tod_msgs/cmake/tod_msgs__rosidl_typesupport_cExport-noconfig.cmake
[1.490s] -- Up-to-date: /home/tofstudent/sa_zhao/install/tod_msgs/share/tod_msgs/cmake/tod_msgs__rosidl_generator_cppExport.cmake
[1.490s] -- Up-to-date: /home/tofstudent/sa_zhao/install/tod_msgs/share/tod_msgs/cmake/tod_msgs__rosidl_typesupport_introspection_cppExport.cmake
[1.490s] -- Up-to-date: /home/tofstudent/sa_zhao/install/tod_msgs/share/tod_msgs/cmake/tod_msgs__rosidl_typesupport_introspection_cppExport-noconfig.cmake
[1.490s] -- Up-to-date: /home/tofstudent/sa_zhao/install/tod_msgs/share/tod_msgs/cmake/tod_msgs__rosidl_typesupport_cppExport.cmake
[1.490s] -- Up-to-date: /home/tofstudent/sa_zhao/install/tod_msgs/share/tod_msgs/cmake/tod_msgs__rosidl_typesupport_cppExport-noconfig.cmake
[1.490s] -- Up-to-date: /home/tofstudent/sa_zhao/install/tod_msgs/share/tod_msgs/cmake/rosidl_cmake-extras.cmake
[1.493s] -- Up-to-date: /home/tofstudent/sa_zhao/install/tod_msgs/share/tod_msgs/cmake/ament_cmake_export_dependencies-extras.cmake
[1.497s] -- Up-to-date: /home/tofstudent/sa_zhao/install/tod_msgs/share/tod_msgs/cmake/ament_cmake_export_libraries-extras.cmake
[1.497s] -- Up-to-date: /home/tofstudent/sa_zhao/install/tod_msgs/share/tod_msgs/cmake/ament_cmake_export_targets-extras.cmake
[1.498s] -- Up-to-date: /home/tofstudent/sa_zhao/install/tod_msgs/share/tod_msgs/cmake/ament_cmake_export_include_directories-extras.cmake
[1.498s] -- Up-to-date: /home/tofstudent/sa_zhao/install/tod_msgs/share/tod_msgs/cmake/rosidl_cmake_export_typesupport_libraries-extras.cmake
[1.498s] -- Up-to-date: /home/tofstudent/sa_zhao/install/tod_msgs/share/tod_msgs/cmake/rosidl_cmake_export_typesupport_targets-extras.cmake
[1.498s] -- Up-to-date: /home/tofstudent/sa_zhao/install/tod_msgs/share/tod_msgs/cmake/tod_msgsConfig.cmake
[1.498s] -- Up-to-date: /home/tofstudent/sa_zhao/install/tod_msgs/share/tod_msgs/cmake/tod_msgsConfig-version.cmake
[1.498s] -- Up-to-date: /home/tofstudent/sa_zhao/install/tod_msgs/share/tod_msgs/package.xml
[1.507s] Invoked command in '/home/tofstudent/sa_zhao/build/tod_msgs' returned '0': CMAKE_PREFIX_PATH=/opt/ros/foxy /usr/bin/cmake --install /home/tofstudent/sa_zhao/build/tod_msgs
