[0.305s] Invoking command in '/home/tofstudent/sa_zhao/build/traj_interfaces': CMAKE_PREFIX_PATH=/opt/ros/foxy /usr/bin/cmake --build /home/tofstudent/sa_zhao/build/traj_interfaces -- -j8 -l8
[0.381s] [  2%] Built target traj_interfaces__cpp
[0.393s] [ 12%] Built target traj_interfaces__rosidl_generator_c
[0.460s] [ 23%] Built target traj_interfaces__rosidl_typesupport_cpp
[0.461s] [ 33%] Built target traj_interfaces__rosidl_typesupport_introspection_cpp
[0.471s] [ 43%] Built target traj_interfaces__rosidl_typesupport_introspection_c
[0.478s] [ 53%] Built target traj_interfaces__rosidl_typesupport_fastrtps_cpp
[0.483s] [ 64%] Built target traj_interfaces__rosidl_typesupport_c
[0.560s] [ 74%] Built target traj_interfaces__rosidl_typesupport_fastrtps_c
[0.588s] [ 74%] Built target traj_interfaces
[0.615s] [ 76%] Built target traj_interfaces__py
[0.645s] [ 84%] Built target traj_interfaces__python
[0.681s] [100%] Built target traj_interfaces__rosidl_typesupport_fastrtps_c__pyext
[0.681s] [100%] Built target traj_interfaces__rosidl_typesupport_c__pyext
[0.681s] [100%] Built target traj_interfaces__rosidl_typesupport_introspection_c__pyext
[0.740s] Invoked command in '/home/tofstudent/sa_zhao/build/traj_interfaces' returned '0': CMAKE_PREFIX_PATH=/opt/ros/foxy /usr/bin/cmake --build /home/tofstudent/sa_zhao/build/traj_interfaces -- -j8 -l8
[0.857s] Invoking command in '/home/tofstudent/sa_zhao/build/traj_interfaces': CMAKE_PREFIX_PATH=/opt/ros/foxy /usr/bin/cmake --install /home/tofstudent/sa_zhao/build/traj_interfaces
[0.874s] -- Install configuration: ""
[0.874s] -- Up-to-date: /home/tofstudent/sa_zhao/install/traj_interfaces/share/ament_index/resource_index/rosidl_interfaces/traj_interfaces
[0.874s] -- Up-to-date: /home/tofstudent/sa_zhao/install/traj_interfaces/include/traj_interfaces
[0.874s] -- Up-to-date: /home/tofstudent/sa_zhao/install/traj_interfaces/include/traj_interfaces/msg
[0.874s] -- Up-to-date: /home/tofstudent/sa_zhao/install/traj_interfaces/include/traj_interfaces/msg/detail
[0.879s] -- Up-to-date: /home/tofstudent/sa_zhao/install/traj_interfaces/include/traj_interfaces/msg/detail/state_machine__struct.h
[0.879s] -- Up-to-date: /home/tofstudent/sa_zhao/install/traj_interfaces/include/traj_interfaces/msg/detail/state_machine__functions.h
[0.879s] -- Up-to-date: /home/tofstudent/sa_zhao/install/traj_interfaces/include/traj_interfaces/msg/detail/state_machine__type_support.h
[0.879s] -- Up-to-date: /home/tofstudent/sa_zhao/install/traj_interfaces/include/traj_interfaces/msg/detail/traj_param__functions.c
[0.880s] -- Up-to-date: /home/tofstudent/sa_zhao/install/traj_interfaces/include/traj_interfaces/msg/detail/traj_param__functions.h
[0.880s] -- Up-to-date: /home/tofstudent/sa_zhao/install/traj_interfaces/include/traj_interfaces/msg/detail/traj_param__struct.h
[0.880s] -- Up-to-date: /home/tofstudent/sa_zhao/install/traj_interfaces/include/traj_interfaces/msg/detail/state_machine__functions.c
[0.880s] -- Up-to-date: /home/tofstudent/sa_zhao/install/traj_interfaces/include/traj_interfaces/msg/detail/traj_param__type_support.h
[0.880s] -- Up-to-date: /home/tofstudent/sa_zhao/install/traj_interfaces/include/traj_interfaces/msg/rosidl_generator_c__visibility_control.h
[0.880s] -- Up-to-date: /home/tofstudent/sa_zhao/install/traj_interfaces/include/traj_interfaces/msg/traj_param.h
[0.880s] -- Up-to-date: /home/tofstudent/sa_zhao/install/traj_interfaces/include/traj_interfaces/msg/state_machine.h
[0.880s] -- Up-to-date: /home/tofstudent/sa_zhao/install/traj_interfaces/share/traj_interfaces/environment/library_path.sh
[0.881s] -- Up-to-date: /home/tofstudent/sa_zhao/install/traj_interfaces/share/traj_interfaces/environment/library_path.dsv
[0.881s] -- Up-to-date: /home/tofstudent/sa_zhao/install/traj_interfaces/lib/libtraj_interfaces__rosidl_generator_c.so
[0.881s] -- Up-to-date: /home/tofstudent/sa_zhao/install/traj_interfaces/include/traj_interfaces
[0.881s] -- Up-to-date: /home/tofstudent/sa_zhao/install/traj_interfaces/include/traj_interfaces/msg
[0.881s] -- Up-to-date: /home/tofstudent/sa_zhao/install/traj_interfaces/include/traj_interfaces/msg/rosidl_typesupport_fastrtps_c__visibility_control.h
[0.881s] -- Up-to-date: /home/tofstudent/sa_zhao/install/traj_interfaces/include/traj_interfaces/msg/detail
[0.881s] -- Up-to-date: /home/tofstudent/sa_zhao/install/traj_interfaces/include/traj_interfaces/msg/detail/traj_param__rosidl_typesupport_fastrtps_c.h
[0.881s] -- Up-to-date: /home/tofstudent/sa_zhao/install/traj_interfaces/include/traj_interfaces/msg/detail/state_machine__rosidl_typesupport_fastrtps_c.h
[0.882s] -- Up-to-date: /home/tofstudent/sa_zhao/install/traj_interfaces/lib/libtraj_interfaces__rosidl_typesupport_fastrtps_c.so
[0.883s] -- Up-to-date: /home/tofstudent/sa_zhao/install/traj_interfaces/include/traj_interfaces
[0.884s] -- Up-to-date: /home/tofstudent/sa_zhao/install/traj_interfaces/include/traj_interfaces/msg
[0.884s] -- Up-to-date: /home/tofstudent/sa_zhao/install/traj_interfaces/include/traj_interfaces/msg/rosidl_typesupport_fastrtps_cpp__visibility_control.h
[0.884s] -- Up-to-date: /home/tofstudent/sa_zhao/install/traj_interfaces/include/traj_interfaces/msg/detail
[0.884s] -- Up-to-date: /home/tofstudent/sa_zhao/install/traj_interfaces/include/traj_interfaces/msg/detail/traj_param__rosidl_typesupport_fastrtps_cpp.hpp
[0.884s] -- Up-to-date: /home/tofstudent/sa_zhao/install/traj_interfaces/include/traj_interfaces/msg/detail/dds_fastrtps
[0.885s] -- Up-to-date: /home/tofstudent/sa_zhao/install/traj_interfaces/include/traj_interfaces/msg/detail/state_machine__rosidl_typesupport_fastrtps_cpp.hpp
[0.885s] -- Up-to-date: /home/tofstudent/sa_zhao/install/traj_interfaces/lib/libtraj_interfaces__rosidl_typesupport_fastrtps_cpp.so
[0.885s] -- Up-to-date: /home/tofstudent/sa_zhao/install/traj_interfaces/include/traj_interfaces
[0.885s] -- Up-to-date: /home/tofstudent/sa_zhao/install/traj_interfaces/include/traj_interfaces/msg
[0.885s] -- Up-to-date: /home/tofstudent/sa_zhao/install/traj_interfaces/include/traj_interfaces/msg/detail
[0.885s] -- Up-to-date: /home/tofstudent/sa_zhao/install/traj_interfaces/include/traj_interfaces/msg/detail/traj_param__type_support.c
[0.885s] -- Up-to-date: /home/tofstudent/sa_zhao/install/traj_interfaces/include/traj_interfaces/msg/detail/state_machine__type_support.c
[0.885s] -- Up-to-date: /home/tofstudent/sa_zhao/install/traj_interfaces/include/traj_interfaces/msg/detail/state_machine__rosidl_typesupport_introspection_c.h
[0.886s] -- Up-to-date: /home/tofstudent/sa_zhao/install/traj_interfaces/include/traj_interfaces/msg/detail/traj_param__rosidl_typesupport_introspection_c.h
[0.891s] -- Up-to-date: /home/tofstudent/sa_zhao/install/traj_interfaces/include/traj_interfaces/msg/rosidl_typesupport_introspection_c__visibility_control.h
[0.892s] -- Up-to-date: /home/tofstudent/sa_zhao/install/traj_interfaces/lib/libtraj_interfaces__rosidl_typesupport_introspection_c.so
[0.892s] -- Up-to-date: /home/tofstudent/sa_zhao/install/traj_interfaces/lib/libtraj_interfaces__rosidl_typesupport_c.so
[0.892s] -- Up-to-date: /home/tofstudent/sa_zhao/install/traj_interfaces/include/traj_interfaces
[0.892s] -- Up-to-date: /home/tofstudent/sa_zhao/install/traj_interfaces/include/traj_interfaces/msg
[0.893s] -- Up-to-date: /home/tofstudent/sa_zhao/install/traj_interfaces/include/traj_interfaces/msg/traj_param.hpp
[0.893s] -- Up-to-date: /home/tofstudent/sa_zhao/install/traj_interfaces/include/traj_interfaces/msg/detail
[0.893s] -- Up-to-date: /home/tofstudent/sa_zhao/install/traj_interfaces/include/traj_interfaces/msg/detail/state_machine__traits.hpp
[0.893s] -- Up-to-date: /home/tofstudent/sa_zhao/install/traj_interfaces/include/traj_interfaces/msg/detail/state_machine__builder.hpp
[0.894s] -- Up-to-date: /home/tofstudent/sa_zhao/install/traj_interfaces/include/traj_interfaces/msg/detail/state_machine__struct.hpp
[0.898s] -- Up-to-date: /home/tofstudent/sa_zhao/install/traj_interfaces/include/traj_interfaces/msg/detail/traj_param__struct.hpp
[0.899s] -- Up-to-date: /home/tofstudent/sa_zhao/install/traj_interfaces/include/traj_interfaces/msg/detail/traj_param__traits.hpp
[0.899s] -- Up-to-date: /home/tofstudent/sa_zhao/install/traj_interfaces/include/traj_interfaces/msg/detail/traj_param__builder.hpp
[0.900s] -- Up-to-date: /home/tofstudent/sa_zhao/install/traj_interfaces/include/traj_interfaces/msg/state_machine.hpp
[0.900s] -- Up-to-date: /home/tofstudent/sa_zhao/install/traj_interfaces/include/traj_interfaces
[0.900s] -- Up-to-date: /home/tofstudent/sa_zhao/install/traj_interfaces/include/traj_interfaces/msg
[0.901s] -- Up-to-date: /home/tofstudent/sa_zhao/install/traj_interfaces/include/traj_interfaces/msg/detail
[0.901s] -- Up-to-date: /home/tofstudent/sa_zhao/install/traj_interfaces/include/traj_interfaces/msg/detail/traj_param__rosidl_typesupport_introspection_cpp.hpp
[0.901s] -- Up-to-date: /home/tofstudent/sa_zhao/install/traj_interfaces/include/traj_interfaces/msg/detail/traj_param__type_support.cpp
[0.901s] -- Up-to-date: /home/tofstudent/sa_zhao/install/traj_interfaces/include/traj_interfaces/msg/detail/state_machine__rosidl_typesupport_introspection_cpp.hpp
[0.901s] -- Up-to-date: /home/tofstudent/sa_zhao/install/traj_interfaces/include/traj_interfaces/msg/detail/state_machine__type_support.cpp
[0.901s] -- Up-to-date: /home/tofstudent/sa_zhao/install/traj_interfaces/lib/libtraj_interfaces__rosidl_typesupport_introspection_cpp.so
[0.902s] -- Up-to-date: /home/tofstudent/sa_zhao/install/traj_interfaces/lib/libtraj_interfaces__rosidl_typesupport_cpp.so
[0.902s] -- Up-to-date: /home/tofstudent/sa_zhao/install/traj_interfaces/share/traj_interfaces/environment/pythonpath.sh
[0.908s] -- Up-to-date: /home/tofstudent/sa_zhao/install/traj_interfaces/share/traj_interfaces/environment/pythonpath.dsv
[0.908s] -- Up-to-date: /home/tofstudent/sa_zhao/install/traj_interfaces/lib/python3.8/site-packages/traj_interfaces/__init__.py
[0.947s] -- Up-to-date: /home/tofstudent/sa_zhao/install/traj_interfaces/lib/python3.8/site-packages/traj_interfaces/msg
[0.948s] -- Up-to-date: /home/tofstudent/sa_zhao/install/traj_interfaces/lib/python3.8/site-packages/traj_interfaces/msg/_traj_param.py
[0.958s] -- Up-to-date: /home/tofstudent/sa_zhao/install/traj_interfaces/lib/python3.8/site-packages/traj_interfaces/msg/_state_machine.py
[0.958s] -- Up-to-date: /home/tofstudent/sa_zhao/install/traj_interfaces/lib/python3.8/site-packages/traj_interfaces/msg/_state_machine_s.c
[0.959s] -- Up-to-date: /home/tofstudent/sa_zhao/install/traj_interfaces/lib/python3.8/site-packages/traj_interfaces/msg/_traj_param_s.c
[0.959s] -- Up-to-date: /home/tofstudent/sa_zhao/install/traj_interfaces/lib/python3.8/site-packages/traj_interfaces/msg/__init__.py
[0.959s] -- Up-to-date: /home/tofstudent/sa_zhao/install/traj_interfaces/lib/python3.8/site-packages/traj_interfaces/traj_interfaces_s__rosidl_typesupport_fastrtps_c.cpython-38-x86_64-linux-gnu.so
[0.959s] -- Up-to-date: /home/tofstudent/sa_zhao/install/traj_interfaces/lib/python3.8/site-packages/traj_interfaces/traj_interfaces_s__rosidl_typesupport_introspection_c.cpython-38-x86_64-linux-gnu.so
[0.959s] -- Up-to-date: /home/tofstudent/sa_zhao/install/traj_interfaces/lib/python3.8/site-packages/traj_interfaces/traj_interfaces_s__rosidl_typesupport_c.cpython-38-x86_64-linux-gnu.so
[0.959s] -- Up-to-date: /home/tofstudent/sa_zhao/install/traj_interfaces/lib/libtraj_interfaces__python.so
[0.959s] -- Up-to-date: /home/tofstudent/sa_zhao/install/traj_interfaces/share/traj_interfaces/msg/TrajParam.idl
[0.959s] -- Up-to-date: /home/tofstudent/sa_zhao/install/traj_interfaces/share/traj_interfaces/msg/StateMachine.idl
[0.959s] -- Up-to-date: /home/tofstudent/sa_zhao/install/traj_interfaces/share/traj_interfaces/msg/TrajParam.msg
[0.960s] -- Up-to-date: /home/tofstudent/sa_zhao/install/traj_interfaces/share/traj_interfaces/msg/StateMachine.msg
[0.960s] -- Up-to-date: /home/tofstudent/sa_zhao/install/traj_interfaces/share/ament_index/resource_index/package_run_dependencies/traj_interfaces
[0.960s] -- Up-to-date: /home/tofstudent/sa_zhao/install/traj_interfaces/share/ament_index/resource_index/parent_prefix_path/traj_interfaces
[0.960s] -- Up-to-date: /home/tofstudent/sa_zhao/install/traj_interfaces/share/traj_interfaces/environment/ament_prefix_path.sh
[0.960s] -- Up-to-date: /home/tofstudent/sa_zhao/install/traj_interfaces/share/traj_interfaces/environment/ament_prefix_path.dsv
[0.960s] -- Up-to-date: /home/tofstudent/sa_zhao/install/traj_interfaces/share/traj_interfaces/environment/path.sh
[0.960s] -- Up-to-date: /home/tofstudent/sa_zhao/install/traj_interfaces/share/traj_interfaces/environment/path.dsv
[0.960s] -- Up-to-date: /home/tofstudent/sa_zhao/install/traj_interfaces/share/traj_interfaces/local_setup.bash
[0.960s] -- Up-to-date: /home/tofstudent/sa_zhao/install/traj_interfaces/share/traj_interfaces/local_setup.sh
[0.961s] -- Up-to-date: /home/tofstudent/sa_zhao/install/traj_interfaces/share/traj_interfaces/local_setup.zsh
[0.961s] -- Up-to-date: /home/tofstudent/sa_zhao/install/traj_interfaces/share/traj_interfaces/local_setup.dsv
[0.961s] -- Installing: /home/tofstudent/sa_zhao/install/traj_interfaces/share/traj_interfaces/package.dsv
[0.961s] -- Up-to-date: /home/tofstudent/sa_zhao/install/traj_interfaces/share/ament_index/resource_index/packages/traj_interfaces
[0.961s] -- Up-to-date: /home/tofstudent/sa_zhao/install/traj_interfaces/share/traj_interfaces/cmake/traj_interfaces__rosidl_generator_cExport.cmake
[0.961s] -- Up-to-date: /home/tofstudent/sa_zhao/install/traj_interfaces/share/traj_interfaces/cmake/traj_interfaces__rosidl_generator_cExport-noconfig.cmake
[0.961s] -- Up-to-date: /home/tofstudent/sa_zhao/install/traj_interfaces/share/traj_interfaces/cmake/traj_interfaces__rosidl_typesupport_introspection_cExport.cmake
[0.961s] -- Up-to-date: /home/tofstudent/sa_zhao/install/traj_interfaces/share/traj_interfaces/cmake/traj_interfaces__rosidl_typesupport_introspection_cExport-noconfig.cmake
[0.962s] -- Up-to-date: /home/tofstudent/sa_zhao/install/traj_interfaces/share/traj_interfaces/cmake/traj_interfaces__rosidl_typesupport_cExport.cmake
[0.962s] -- Up-to-date: /home/tofstudent/sa_zhao/install/traj_interfaces/share/traj_interfaces/cmake/traj_interfaces__rosidl_typesupport_cExport-noconfig.cmake
[0.963s] -- Up-to-date: /home/tofstudent/sa_zhao/install/traj_interfaces/share/traj_interfaces/cmake/traj_interfaces__rosidl_generator_cppExport.cmake
[0.963s] -- Up-to-date: /home/tofstudent/sa_zhao/install/traj_interfaces/share/traj_interfaces/cmake/traj_interfaces__rosidl_typesupport_introspection_cppExport.cmake
[0.963s] -- Up-to-date: /home/tofstudent/sa_zhao/install/traj_interfaces/share/traj_interfaces/cmake/traj_interfaces__rosidl_typesupport_introspection_cppExport-noconfig.cmake
[0.963s] -- Up-to-date: /home/tofstudent/sa_zhao/install/traj_interfaces/share/traj_interfaces/cmake/traj_interfaces__rosidl_typesupport_cppExport.cmake
[0.963s] -- Up-to-date: /home/tofstudent/sa_zhao/install/traj_interfaces/share/traj_interfaces/cmake/traj_interfaces__rosidl_typesupport_cppExport-noconfig.cmake
[0.963s] -- Up-to-date: /home/tofstudent/sa_zhao/install/traj_interfaces/share/traj_interfaces/cmake/rosidl_cmake-extras.cmake
[0.963s] -- Up-to-date: /home/tofstudent/sa_zhao/install/traj_interfaces/share/traj_interfaces/cmake/ament_cmake_export_dependencies-extras.cmake
[0.963s] -- Up-to-date: /home/tofstudent/sa_zhao/install/traj_interfaces/share/traj_interfaces/cmake/ament_cmake_export_libraries-extras.cmake
[0.963s] -- Up-to-date: /home/tofstudent/sa_zhao/install/traj_interfaces/share/traj_interfaces/cmake/ament_cmake_export_targets-extras.cmake
[0.964s] -- Up-to-date: /home/tofstudent/sa_zhao/install/traj_interfaces/share/traj_interfaces/cmake/ament_cmake_export_include_directories-extras.cmake
[0.964s] -- Up-to-date: /home/tofstudent/sa_zhao/install/traj_interfaces/share/traj_interfaces/cmake/rosidl_cmake_export_typesupport_libraries-extras.cmake
[0.964s] -- Up-to-date: /home/tofstudent/sa_zhao/install/traj_interfaces/share/traj_interfaces/cmake/rosidl_cmake_export_typesupport_targets-extras.cmake
[0.964s] -- Up-to-date: /home/tofstudent/sa_zhao/install/traj_interfaces/share/traj_interfaces/cmake/traj_interfacesConfig.cmake
[0.964s] -- Up-to-date: /home/tofstudent/sa_zhao/install/traj_interfaces/share/traj_interfaces/cmake/traj_interfacesConfig-version.cmake
[0.964s] -- Up-to-date: /home/tofstudent/sa_zhao/install/traj_interfaces/share/traj_interfaces/package.xml
[1.008s] Invoked command in '/home/tofstudent/sa_zhao/build/traj_interfaces' returned '0': CMAKE_PREFIX_PATH=/opt/ros/foxy /usr/bin/cmake --install /home/tofstudent/sa_zhao/build/traj_interfaces
