[0.292s] Invoking command in '/home/tofstudent/sa_zhao/build/autoware_auto_control_msgs': CMAKE_PREFIX_PATH=/opt/ros/foxy /usr/bin/cmake /home/tofstudent/sa_zhao/src/autoware_auto_control_msgs -DCMAKE_INSTALL_PREFIX=/home/tofstudent/sa_zhao/install/autoware_auto_control_msgs
[0.387s] -- The C compiler identification is GNU 8.4.0
[0.473s] -- The CXX compiler identification is GNU 8.4.0
[0.481s] -- Check for working C compiler: /usr/bin/cc
[0.593s] -- Check for working C compiler: /usr/bin/cc -- works
[0.593s] -- Detecting C compiler ABI info
[0.708s] -- Detecting C compiler ABI info - done
[0.727s] -- Detecting C compile features
[0.728s] -- Detecting C compile features - done
[0.732s] -- Check for working CXX compiler: /usr/bin/c++
[0.847s] -- Check for working CXX compiler: /usr/bin/c++ -- works
[0.849s] -- Detecting CXX compiler ABI info
[1.021s] -- Detecting CXX compiler ABI info - done
[1.051s] -- Detecting CXX compile features
[1.052s] -- Detecting CXX compile features - done
[1.055s] -- Found ament_cmake_auto: 0.9.11 (/opt/ros/foxy/share/ament_cmake_auto/cmake)
[1.097s] -- Found PythonInterp: /usr/bin/python3 (found suitable version "3.8.10", minimum required is "3") 
[1.097s] -- Using PYTHON_EXECUTABLE: /usr/bin/python3
[1.496s] -- Using all available rosidl_typesupport_c: rosidl_typesupport_fastrtps_c;rosidl_typesupport_introspection_c
[1.508s] -- Found rosidl_adapter: 1.3.0 (/opt/ros/foxy/share/rosidl_adapter/cmake)
[1.678s] -- Found OpenSSL: /usr/lib/x86_64-linux-gnu/libcrypto.so (found version "1.1.1f")  
[1.732s] -- Found FastRTPS: /opt/ros/foxy/include  
[1.859s] -- Using all available rosidl_typesupport_cpp: rosidl_typesupport_fastrtps_cpp;rosidl_typesupport_introspection_cpp
[1.970s] -- Found ament_cmake_cppcheck: 0.9.7 (/opt/ros/foxy/share/ament_cmake_cppcheck/cmake)
[1.973s] -- Found ament_cmake_cpplint: 0.9.7 (/opt/ros/foxy/share/ament_cmake_cpplint/cmake)
[1.976s] -- Found ament_cmake_uncrustify: 0.9.7 (/opt/ros/foxy/share/ament_cmake_uncrustify/cmake)
[1.979s] -- Found ament_cmake_ros: 0.9.2 (/opt/ros/foxy/share/ament_cmake_ros/cmake)
[2.162s] -- Using all available rosidl_typesupport_c: rosidl_typesupport_fastrtps_c;rosidl_typesupport_introspection_c
[2.190s] -- Using all available rosidl_typesupport_cpp: rosidl_typesupport_fastrtps_cpp;rosidl_typesupport_introspection_cpp
[2.226s] -- Found PythonInterp: /usr/bin/python3 (found suitable version "3.8.10", minimum required is "3.5") 
[2.228s] -- Found python_cmake_module: 0.8.1 (/opt/ros/foxy/share/python_cmake_module/cmake)
[2.269s] -- Found PythonLibs: /usr/lib/x86_64-linux-gnu/libpython3.8.so (found suitable version "3.8.10", minimum required is "3.5") 
[2.269s] -- Using PYTHON_EXECUTABLE: /usr/bin/python3
[2.270s] -- Using PYTHON_INCLUDE_DIRS: /usr/include/python3.8
[2.270s] -- Using PYTHON_LIBRARIES: /usr/lib/x86_64-linux-gnu/libpython3.8.so
[2.304s] -- Found PythonExtra: .so  
[2.367s] -- Found ament_cmake_flake8: 0.9.7 (/opt/ros/foxy/share/ament_cmake_flake8/cmake)
[2.372s] -- Found ament_cmake_pep257: 0.9.7 (/opt/ros/foxy/share/ament_cmake_pep257/cmake)
[2.376s] -- Found ament_lint_auto: 0.9.7 (/opt/ros/foxy/share/ament_lint_auto/cmake)
[2.400s] -- Added test 'copyright' to check source files copyright and LICENSE
[2.401s] -- Added test 'lint_cmake' to check CMake code style
[2.401s] -- Added test 'xmllint' to check XML markup files
[2.412s] -- Configuring done
[2.477s] -- Generating done
[2.491s] -- Build files have been written to: /home/tofstudent/sa_zhao/build/autoware_auto_control_msgs
[2.546s] Invoked command in '/home/tofstudent/sa_zhao/build/autoware_auto_control_msgs' returned '0': CMAKE_PREFIX_PATH=/opt/ros/foxy /usr/bin/cmake /home/tofstudent/sa_zhao/src/autoware_auto_control_msgs -DCMAKE_INSTALL_PREFIX=/home/tofstudent/sa_zhao/install/autoware_auto_control_msgs
[2.547s] Invoking command in '/home/tofstudent/sa_zhao/build/autoware_auto_control_msgs': CMAKE_PREFIX_PATH=/opt/ros/foxy /usr/bin/cmake --build /home/tofstudent/sa_zhao/build/autoware_auto_control_msgs -- -j8 -l8
[2.639s] [  3%] [34m[1mGenerating C code for ROS interfaces[0m
[2.640s] [35m[1mScanning dependencies of target autoware_auto_control_msgs__cpp[0m
[2.663s] [  6%] [34m[1mGenerating C++ code for ROS interfaces[0m
[3.189s] [  6%] Built target autoware_auto_control_msgs__cpp
[3.215s] [  9%] [34m[1mGenerating C++ type support dispatch for ROS interfaces[0m
[3.234s] [ 12%] [34m[1mGenerating C++ type support for eProsima Fast-RTPS[0m
[3.249s] [35m[1mScanning dependencies of target autoware_auto_control_msgs__rosidl_generator_c[0m
[3.293s] [ 16%] [34m[1mGenerating C++ introspection for ROS interfaces[0m
[3.294s] [ 19%] [32mBuilding C object CMakeFiles/autoware_auto_control_msgs__rosidl_generator_c.dir/rosidl_generator_c/autoware_auto_control_msgs/msg/detail/ackermann_lateral_command__functions.c.o[0m
[3.487s] [ 22%] [32m[1mLinking C shared library libautoware_auto_control_msgs__rosidl_generator_c.so[0m
[3.673s] [ 22%] Built target autoware_auto_control_msgs__rosidl_generator_c
[3.750s] [ 25%] [34m[1mGenerating C type support dispatch for ROS interfaces[0m
[3.753s] [ 29%] [34m[1mGenerating C introspection for ROS interfaces[0m
[3.800s] [35m[1mScanning dependencies of target autoware_auto_control_msgs__rosidl_typesupport_cpp[0m
[3.841s] [ 32%] [32mBuilding CXX object CMakeFiles/autoware_auto_control_msgs__rosidl_typesupport_cpp.dir/rosidl_typesupport_cpp/autoware_auto_control_msgs/msg/ackermann_lateral_command__type_support.cpp.o[0m
[3.982s] [35m[1mScanning dependencies of target autoware_auto_control_msgs__rosidl_typesupport_introspection_cpp[0m
[4.005s] [ 35%] [32mBuilding CXX object CMakeFiles/autoware_auto_control_msgs__rosidl_typesupport_introspection_cpp.dir/rosidl_typesupport_introspection_cpp/autoware_auto_control_msgs/msg/detail/ackermann_lateral_command__type_support.cpp.o[0m
[4.079s] [35m[1mScanning dependencies of target autoware_auto_control_msgs__rosidl_typesupport_fastrtps_cpp[0m
[4.185s] [ 38%] [32mBuilding CXX object CMakeFiles/autoware_auto_control_msgs__rosidl_typesupport_fastrtps_cpp.dir/rosidl_typesupport_fastrtps_cpp/autoware_auto_control_msgs/msg/detail/dds_fastrtps/ackermann_lateral_command__type_support.cpp.o[0m
[4.663s] [35m[1mScanning dependencies of target autoware_auto_control_msgs__rosidl_typesupport_c[0m
[4.717s] [ 41%] [32m[1mLinking CXX shared library libautoware_auto_control_msgs__rosidl_typesupport_cpp.so[0m
[4.743s] [ 45%] [32mBuilding CXX object CMakeFiles/autoware_auto_control_msgs__rosidl_typesupport_c.dir/rosidl_typesupport_c/autoware_auto_control_msgs/msg/ackermann_lateral_command__type_support.cpp.o[0m
[4.904s] [ 48%] [32m[1mLinking CXX shared library libautoware_auto_control_msgs__rosidl_typesupport_c.so[0m
[4.965s] [ 48%] Built target autoware_auto_control_msgs__rosidl_typesupport_cpp
[4.968s] [35m[1mScanning dependencies of target autoware_auto_control_msgs__rosidl_typesupport_introspection_c[0m
[5.041s] [ 51%] [32m[1mLinking CXX shared library libautoware_auto_control_msgs__rosidl_typesupport_introspection_cpp.so[0m
[5.045s] [ 54%] [32mBuilding C object CMakeFiles/autoware_auto_control_msgs__rosidl_typesupport_introspection_c.dir/rosidl_typesupport_introspection_c/autoware_auto_control_msgs/msg/detail/ackermann_lateral_command__type_support.c.o[0m
[5.132s] [ 54%] Built target autoware_auto_control_msgs__rosidl_typesupport_c
[5.236s] [ 58%] [32m[1mLinking C shared library libautoware_auto_control_msgs__rosidl_typesupport_introspection_c.so[0m
[5.384s] [ 58%] Built target autoware_auto_control_msgs__rosidl_typesupport_introspection_cpp
[5.433s] [ 58%] Built target autoware_auto_control_msgs__rosidl_typesupport_introspection_c
[5.475s] [ 61%] [32m[1mLinking CXX shared library libautoware_auto_control_msgs__rosidl_typesupport_fastrtps_cpp.so[0m
[5.855s] [ 61%] Built target autoware_auto_control_msgs__rosidl_typesupport_fastrtps_cpp
[5.940s] [ 64%] [34m[1mGenerating C type support for eProsima Fast-RTPS[0m
[6.856s] [35m[1mScanning dependencies of target autoware_auto_control_msgs__rosidl_typesupport_fastrtps_c[0m
[6.957s] [ 67%] [32mBuilding CXX object CMakeFiles/autoware_auto_control_msgs__rosidl_typesupport_fastrtps_c.dir/rosidl_typesupport_fastrtps_c/autoware_auto_control_msgs/msg/detail/ackermann_lateral_command__type_support_c.cpp.o[0m
[7.764s] [ 70%] [32m[1mLinking CXX shared library libautoware_auto_control_msgs__rosidl_typesupport_fastrtps_c.so[0m
[8.177s] [ 70%] Built target autoware_auto_control_msgs__rosidl_typesupport_fastrtps_c
[8.235s] [35m[1mScanning dependencies of target autoware_auto_control_msgs[0m
[8.289s] [ 70%] Built target autoware_auto_control_msgs
[8.369s] [35m[1mScanning dependencies of target autoware_auto_control_msgs__py[0m
[8.438s] [ 74%] [34m[1mGenerating Python code for ROS interfaces[0m
[9.695s] [ 74%] Built target autoware_auto_control_msgs__py
[9.753s] [35m[1mScanning dependencies of target autoware_auto_control_msgs__python[0m
[9.818s] [ 77%] [32mBuilding C object CMakeFiles/autoware_auto_control_msgs__python.dir/rosidl_generator_py/autoware_auto_control_msgs/msg/_ackermann_lateral_command_s.c.o[0m
[9.986s] [ 80%] [32m[1mLinking C shared library rosidl_generator_py/autoware_auto_control_msgs/libautoware_auto_control_msgs__python.so[0m
[10.086s] [ 80%] Built target autoware_auto_control_msgs__python
[10.104s] [35m[1mScanning dependencies of target autoware_auto_control_msgs__rosidl_typesupport_introspection_c__pyext[0m
[10.132s] [35m[1mScanning dependencies of target autoware_auto_control_msgs__rosidl_typesupport_fastrtps_c__pyext[0m
[10.153s] [ 83%] [32mBuilding C object CMakeFiles/autoware_auto_control_msgs__rosidl_typesupport_introspection_c__pyext.dir/rosidl_generator_py/autoware_auto_control_msgs/_autoware_auto_control_msgs_s.ep.rosidl_typesupport_introspection_c.c.o[0m
[10.156s] [35m[1mScanning dependencies of target autoware_auto_control_msgs__rosidl_typesupport_c__pyext[0m
[10.195s] [ 87%] [32mBuilding C object CMakeFiles/autoware_auto_control_msgs__rosidl_typesupport_fastrtps_c__pyext.dir/rosidl_generator_py/autoware_auto_control_msgs/_autoware_auto_control_msgs_s.ep.rosidl_typesupport_fastrtps_c.c.o[0m
[10.271s] [ 90%] [32mBuilding C object CMakeFiles/autoware_auto_control_msgs__rosidl_typesupport_c__pyext.dir/rosidl_generator_py/autoware_auto_control_msgs/_autoware_auto_control_msgs_s.ep.rosidl_typesupport_c.c.o[0m
[10.418s] [ 93%] [32m[1mLinking C shared library rosidl_generator_py/autoware_auto_control_msgs/autoware_auto_control_msgs_s__rosidl_typesupport_introspection_c.cpython-38-x86_64-linux-gnu.so[0m
[10.467s] [ 96%] [32m[1mLinking CXX shared library rosidl_generator_py/autoware_auto_control_msgs/autoware_auto_control_msgs_s__rosidl_typesupport_fastrtps_c.cpython-38-x86_64-linux-gnu.so[0m
[10.523s] [100%] [32m[1mLinking C shared library rosidl_generator_py/autoware_auto_control_msgs/autoware_auto_control_msgs_s__rosidl_typesupport_c.cpython-38-x86_64-linux-gnu.so[0m
[10.547s] [100%] Built target autoware_auto_control_msgs__rosidl_typesupport_introspection_c__pyext
[10.705s] [100%] Built target autoware_auto_control_msgs__rosidl_typesupport_c__pyext
[10.801s] [100%] Built target autoware_auto_control_msgs__rosidl_typesupport_fastrtps_c__pyext
[10.881s] Invoked command in '/home/tofstudent/sa_zhao/build/autoware_auto_control_msgs' returned '0': CMAKE_PREFIX_PATH=/opt/ros/foxy /usr/bin/cmake --build /home/tofstudent/sa_zhao/build/autoware_auto_control_msgs -- -j8 -l8
[11.788s] Invoking command in '/home/tofstudent/sa_zhao/build/autoware_auto_control_msgs': CMAKE_PREFIX_PATH=/opt/ros/foxy /usr/bin/cmake --install /home/tofstudent/sa_zhao/build/autoware_auto_control_msgs
[11.830s] -- Install configuration: ""
[11.836s] -- Installing: /home/tofstudent/sa_zhao/install/autoware_auto_control_msgs/share/ament_index/resource_index/rosidl_interfaces/autoware_auto_control_msgs
[11.836s] -- Installing: /home/tofstudent/sa_zhao/install/autoware_auto_control_msgs/include/autoware_auto_control_msgs
[11.837s] -- Installing: /home/tofstudent/sa_zhao/install/autoware_auto_control_msgs/include/autoware_auto_control_msgs/msg
[11.837s] -- Installing: /home/tofstudent/sa_zhao/install/autoware_auto_control_msgs/include/autoware_auto_control_msgs/msg/ackermann_lateral_command.h
[11.837s] -- Installing: /home/tofstudent/sa_zhao/install/autoware_auto_control_msgs/include/autoware_auto_control_msgs/msg/detail
[11.841s] -- Installing: /home/tofstudent/sa_zhao/install/autoware_auto_control_msgs/include/autoware_auto_control_msgs/msg/detail/ackermann_lateral_command__functions.c
[11.842s] -- Installing: /home/tofstudent/sa_zhao/install/autoware_auto_control_msgs/include/autoware_auto_control_msgs/msg/detail/ackermann_lateral_command__functions.h
[11.842s] -- Installing: /home/tofstudent/sa_zhao/install/autoware_auto_control_msgs/include/autoware_auto_control_msgs/msg/detail/ackermann_lateral_command__struct.h
[11.842s] -- Installing: /home/tofstudent/sa_zhao/install/autoware_auto_control_msgs/include/autoware_auto_control_msgs/msg/detail/ackermann_lateral_command__type_support.h
[11.843s] -- Installing: /home/tofstudent/sa_zhao/install/autoware_auto_control_msgs/include/autoware_auto_control_msgs/msg/rosidl_generator_c__visibility_control.h
[11.843s] -- Installing: /home/tofstudent/sa_zhao/install/autoware_auto_control_msgs/share/autoware_auto_control_msgs/environment/library_path.sh
[11.844s] -- Installing: /home/tofstudent/sa_zhao/install/autoware_auto_control_msgs/share/autoware_auto_control_msgs/environment/library_path.dsv
[11.844s] -- Installing: /home/tofstudent/sa_zhao/install/autoware_auto_control_msgs/lib/libautoware_auto_control_msgs__rosidl_generator_c.so
[11.845s] -- Set runtime path of "/home/tofstudent/sa_zhao/install/autoware_auto_control_msgs/lib/libautoware_auto_control_msgs__rosidl_generator_c.so" to ""
[11.845s] -- Up-to-date: /home/tofstudent/sa_zhao/install/autoware_auto_control_msgs/include/autoware_auto_control_msgs
[11.846s] -- Up-to-date: /home/tofstudent/sa_zhao/install/autoware_auto_control_msgs/include/autoware_auto_control_msgs/msg
[11.846s] -- Installing: /home/tofstudent/sa_zhao/install/autoware_auto_control_msgs/include/autoware_auto_control_msgs/msg/rosidl_typesupport_fastrtps_c__visibility_control.h
[11.846s] -- Up-to-date: /home/tofstudent/sa_zhao/install/autoware_auto_control_msgs/include/autoware_auto_control_msgs/msg/detail
[11.846s] -- Installing: /home/tofstudent/sa_zhao/install/autoware_auto_control_msgs/include/autoware_auto_control_msgs/msg/detail/ackermann_lateral_command__rosidl_typesupport_fastrtps_c.h
[11.847s] -- Installing: /home/tofstudent/sa_zhao/install/autoware_auto_control_msgs/lib/libautoware_auto_control_msgs__rosidl_typesupport_fastrtps_c.so
[11.850s] -- Set runtime path of "/home/tofstudent/sa_zhao/install/autoware_auto_control_msgs/lib/libautoware_auto_control_msgs__rosidl_typesupport_fastrtps_c.so" to ""
[11.850s] -- Up-to-date: /home/tofstudent/sa_zhao/install/autoware_auto_control_msgs/include/autoware_auto_control_msgs
[11.850s] -- Up-to-date: /home/tofstudent/sa_zhao/install/autoware_auto_control_msgs/include/autoware_auto_control_msgs/msg
[11.851s] -- Installing: /home/tofstudent/sa_zhao/install/autoware_auto_control_msgs/include/autoware_auto_control_msgs/msg/rosidl_typesupport_fastrtps_cpp__visibility_control.h
[11.851s] -- Up-to-date: /home/tofstudent/sa_zhao/install/autoware_auto_control_msgs/include/autoware_auto_control_msgs/msg/detail
[11.851s] -- Installing: /home/tofstudent/sa_zhao/install/autoware_auto_control_msgs/include/autoware_auto_control_msgs/msg/detail/ackermann_lateral_command__rosidl_typesupport_fastrtps_cpp.hpp
[11.852s] -- Installing: /home/tofstudent/sa_zhao/install/autoware_auto_control_msgs/include/autoware_auto_control_msgs/msg/detail/dds_fastrtps
[11.852s] -- Installing: /home/tofstudent/sa_zhao/install/autoware_auto_control_msgs/lib/libautoware_auto_control_msgs__rosidl_typesupport_fastrtps_cpp.so
[11.857s] -- Set runtime path of "/home/tofstudent/sa_zhao/install/autoware_auto_control_msgs/lib/libautoware_auto_control_msgs__rosidl_typesupport_fastrtps_cpp.so" to ""
[11.858s] -- Up-to-date: /home/tofstudent/sa_zhao/install/autoware_auto_control_msgs/include/autoware_auto_control_msgs
[11.858s] -- Up-to-date: /home/tofstudent/sa_zhao/install/autoware_auto_control_msgs/include/autoware_auto_control_msgs/msg
[11.858s] -- Up-to-date: /home/tofstudent/sa_zhao/install/autoware_auto_control_msgs/include/autoware_auto_control_msgs/msg/detail
[11.858s] -- Installing: /home/tofstudent/sa_zhao/install/autoware_auto_control_msgs/include/autoware_auto_control_msgs/msg/detail/ackermann_lateral_command__type_support.c
[11.859s] -- Installing: /home/tofstudent/sa_zhao/install/autoware_auto_control_msgs/include/autoware_auto_control_msgs/msg/detail/ackermann_lateral_command__rosidl_typesupport_introspection_c.h
[11.859s] -- Installing: /home/tofstudent/sa_zhao/install/autoware_auto_control_msgs/include/autoware_auto_control_msgs/msg/rosidl_typesupport_introspection_c__visibility_control.h
[11.860s] -- Installing: /home/tofstudent/sa_zhao/install/autoware_auto_control_msgs/lib/libautoware_auto_control_msgs__rosidl_typesupport_introspection_c.so
[11.861s] -- Set runtime path of "/home/tofstudent/sa_zhao/install/autoware_auto_control_msgs/lib/libautoware_auto_control_msgs__rosidl_typesupport_introspection_c.so" to ""
[11.861s] -- Installing: /home/tofstudent/sa_zhao/install/autoware_auto_control_msgs/lib/libautoware_auto_control_msgs__rosidl_typesupport_c.so
[11.869s] -- Set runtime path of "/home/tofstudent/sa_zhao/install/autoware_auto_control_msgs/lib/libautoware_auto_control_msgs__rosidl_typesupport_c.so" to ""
[11.870s] -- Up-to-date: /home/tofstudent/sa_zhao/install/autoware_auto_control_msgs/include/autoware_auto_control_msgs
[11.870s] -- Up-to-date: /home/tofstudent/sa_zhao/install/autoware_auto_control_msgs/include/autoware_auto_control_msgs/msg
[11.870s] -- Up-to-date: /home/tofstudent/sa_zhao/install/autoware_auto_control_msgs/include/autoware_auto_control_msgs/msg/detail
[11.871s] -- Installing: /home/tofstudent/sa_zhao/install/autoware_auto_control_msgs/include/autoware_auto_control_msgs/msg/detail/ackermann_lateral_command__traits.hpp
[11.871s] -- Installing: /home/tofstudent/sa_zhao/install/autoware_auto_control_msgs/include/autoware_auto_control_msgs/msg/detail/ackermann_lateral_command__builder.hpp
[11.872s] -- Installing: /home/tofstudent/sa_zhao/install/autoware_auto_control_msgs/include/autoware_auto_control_msgs/msg/detail/ackermann_lateral_command__struct.hpp
[11.872s] -- Installing: /home/tofstudent/sa_zhao/install/autoware_auto_control_msgs/include/autoware_auto_control_msgs/msg/ackermann_lateral_command.hpp
[11.873s] -- Up-to-date: /home/tofstudent/sa_zhao/install/autoware_auto_control_msgs/include/autoware_auto_control_msgs
[11.873s] -- Up-to-date: /home/tofstudent/sa_zhao/install/autoware_auto_control_msgs/include/autoware_auto_control_msgs/msg
[11.873s] -- Up-to-date: /home/tofstudent/sa_zhao/install/autoware_auto_control_msgs/include/autoware_auto_control_msgs/msg/detail
[11.873s] -- Installing: /home/tofstudent/sa_zhao/install/autoware_auto_control_msgs/include/autoware_auto_control_msgs/msg/detail/ackermann_lateral_command__rosidl_typesupport_introspection_cpp.hpp
[11.874s] -- Installing: /home/tofstudent/sa_zhao/install/autoware_auto_control_msgs/include/autoware_auto_control_msgs/msg/detail/ackermann_lateral_command__type_support.cpp
[11.874s] -- Installing: /home/tofstudent/sa_zhao/install/autoware_auto_control_msgs/lib/libautoware_auto_control_msgs__rosidl_typesupport_introspection_cpp.so
[11.875s] -- Set runtime path of "/home/tofstudent/sa_zhao/install/autoware_auto_control_msgs/lib/libautoware_auto_control_msgs__rosidl_typesupport_introspection_cpp.so" to ""
[11.876s] -- Installing: /home/tofstudent/sa_zhao/install/autoware_auto_control_msgs/lib/libautoware_auto_control_msgs__rosidl_typesupport_cpp.so
[11.879s] -- Set runtime path of "/home/tofstudent/sa_zhao/install/autoware_auto_control_msgs/lib/libautoware_auto_control_msgs__rosidl_typesupport_cpp.so" to ""
[11.879s] -- Installing: /home/tofstudent/sa_zhao/install/autoware_auto_control_msgs/share/autoware_auto_control_msgs/environment/pythonpath.sh
[11.879s] -- Installing: /home/tofstudent/sa_zhao/install/autoware_auto_control_msgs/share/autoware_auto_control_msgs/environment/pythonpath.dsv
[11.880s] -- Installing: /home/tofstudent/sa_zhao/install/autoware_auto_control_msgs/lib/python3.8/site-packages/autoware_auto_control_msgs/__init__.py
[12.043s] Compiling '/home/tofstudent/sa_zhao/install/autoware_auto_control_msgs/lib/python3.8/site-packages/autoware_auto_control_msgs/__init__.py'...
[12.077s] -- Installing: /home/tofstudent/sa_zhao/install/autoware_auto_control_msgs/lib/python3.8/site-packages/autoware_auto_control_msgs/msg
[12.078s] -- Installing: /home/tofstudent/sa_zhao/install/autoware_auto_control_msgs/lib/python3.8/site-packages/autoware_auto_control_msgs/msg/_ackermann_lateral_command.py
[12.078s] -- Installing: /home/tofstudent/sa_zhao/install/autoware_auto_control_msgs/lib/python3.8/site-packages/autoware_auto_control_msgs/msg/_ackermann_lateral_command_s.c
[12.078s] -- Installing: /home/tofstudent/sa_zhao/install/autoware_auto_control_msgs/lib/python3.8/site-packages/autoware_auto_control_msgs/msg/__init__.py
[12.079s] -- Installing: /home/tofstudent/sa_zhao/install/autoware_auto_control_msgs/lib/python3.8/site-packages/autoware_auto_control_msgs/autoware_auto_control_msgs_s__rosidl_typesupport_fastrtps_c.cpython-38-x86_64-linux-gnu.so
[12.079s] -- Set runtime path of "/home/tofstudent/sa_zhao/install/autoware_auto_control_msgs/lib/python3.8/site-packages/autoware_auto_control_msgs/autoware_auto_control_msgs_s__rosidl_typesupport_fastrtps_c.cpython-38-x86_64-linux-gnu.so" to ""
[12.080s] -- Installing: /home/tofstudent/sa_zhao/install/autoware_auto_control_msgs/lib/python3.8/site-packages/autoware_auto_control_msgs/autoware_auto_control_msgs_s__rosidl_typesupport_introspection_c.cpython-38-x86_64-linux-gnu.so
[12.081s] -- Set runtime path of "/home/tofstudent/sa_zhao/install/autoware_auto_control_msgs/lib/python3.8/site-packages/autoware_auto_control_msgs/autoware_auto_control_msgs_s__rosidl_typesupport_introspection_c.cpython-38-x86_64-linux-gnu.so" to ""
[12.081s] -- Installing: /home/tofstudent/sa_zhao/install/autoware_auto_control_msgs/lib/python3.8/site-packages/autoware_auto_control_msgs/autoware_auto_control_msgs_s__rosidl_typesupport_c.cpython-38-x86_64-linux-gnu.so
[12.082s] -- Set runtime path of "/home/tofstudent/sa_zhao/install/autoware_auto_control_msgs/lib/python3.8/site-packages/autoware_auto_control_msgs/autoware_auto_control_msgs_s__rosidl_typesupport_c.cpython-38-x86_64-linux-gnu.so" to ""
[12.082s] -- Installing: /home/tofstudent/sa_zhao/install/autoware_auto_control_msgs/lib/libautoware_auto_control_msgs__python.so
[12.083s] -- Set runtime path of "/home/tofstudent/sa_zhao/install/autoware_auto_control_msgs/lib/libautoware_auto_control_msgs__python.so" to ""
[12.083s] -- Installing: /home/tofstudent/sa_zhao/install/autoware_auto_control_msgs/share/autoware_auto_control_msgs/msg/AckermannLateralCommand.idl
[12.083s] -- Installing: /home/tofstudent/sa_zhao/install/autoware_auto_control_msgs/share/ament_index/resource_index/package_run_dependencies/autoware_auto_control_msgs
[12.083s] -- Installing: /home/tofstudent/sa_zhao/install/autoware_auto_control_msgs/share/ament_index/resource_index/parent_prefix_path/autoware_auto_control_msgs
[12.083s] -- Installing: /home/tofstudent/sa_zhao/install/autoware_auto_control_msgs/share/autoware_auto_control_msgs/environment/ament_prefix_path.sh
[12.084s] -- Installing: /home/tofstudent/sa_zhao/install/autoware_auto_control_msgs/share/autoware_auto_control_msgs/environment/ament_prefix_path.dsv
[12.084s] -- Installing: /home/tofstudent/sa_zhao/install/autoware_auto_control_msgs/share/autoware_auto_control_msgs/environment/path.sh
[12.084s] -- Installing: /home/tofstudent/sa_zhao/install/autoware_auto_control_msgs/share/autoware_auto_control_msgs/environment/path.dsv
[12.084s] -- Installing: /home/tofstudent/sa_zhao/install/autoware_auto_control_msgs/share/autoware_auto_control_msgs/local_setup.bash
[12.084s] -- Installing: /home/tofstudent/sa_zhao/install/autoware_auto_control_msgs/share/autoware_auto_control_msgs/local_setup.sh
[12.085s] -- Installing: /home/tofstudent/sa_zhao/install/autoware_auto_control_msgs/share/autoware_auto_control_msgs/local_setup.zsh
[12.085s] -- Installing: /home/tofstudent/sa_zhao/install/autoware_auto_control_msgs/share/autoware_auto_control_msgs/local_setup.dsv
[12.085s] -- Installing: /home/tofstudent/sa_zhao/install/autoware_auto_control_msgs/share/autoware_auto_control_msgs/package.dsv
[12.085s] -- Installing: /home/tofstudent/sa_zhao/install/autoware_auto_control_msgs/share/ament_index/resource_index/packages/autoware_auto_control_msgs
[12.086s] -- Installing: /home/tofstudent/sa_zhao/install/autoware_auto_control_msgs/share/autoware_auto_control_msgs/cmake/autoware_auto_control_msgs__rosidl_generator_cExport.cmake
[12.086s] -- Installing: /home/tofstudent/sa_zhao/install/autoware_auto_control_msgs/share/autoware_auto_control_msgs/cmake/autoware_auto_control_msgs__rosidl_generator_cExport-noconfig.cmake
[12.086s] -- Installing: /home/tofstudent/sa_zhao/install/autoware_auto_control_msgs/share/autoware_auto_control_msgs/cmake/autoware_auto_control_msgs__rosidl_typesupport_introspection_cExport.cmake
[12.086s] -- Installing: /home/tofstudent/sa_zhao/install/autoware_auto_control_msgs/share/autoware_auto_control_msgs/cmake/autoware_auto_control_msgs__rosidl_typesupport_introspection_cExport-noconfig.cmake
[12.087s] -- Installing: /home/tofstudent/sa_zhao/install/autoware_auto_control_msgs/share/autoware_auto_control_msgs/cmake/autoware_auto_control_msgs__rosidl_typesupport_cExport.cmake
[12.087s] -- Installing: /home/tofstudent/sa_zhao/install/autoware_auto_control_msgs/share/autoware_auto_control_msgs/cmake/autoware_auto_control_msgs__rosidl_typesupport_cExport-noconfig.cmake
[12.087s] -- Installing: /home/tofstudent/sa_zhao/install/autoware_auto_control_msgs/share/autoware_auto_control_msgs/cmake/autoware_auto_control_msgs__rosidl_generator_cppExport.cmake
[12.088s] -- Installing: /home/tofstudent/sa_zhao/install/autoware_auto_control_msgs/share/autoware_auto_control_msgs/cmake/autoware_auto_control_msgs__rosidl_typesupport_introspection_cppExport.cmake
[12.088s] -- Installing: /home/tofstudent/sa_zhao/install/autoware_auto_control_msgs/share/autoware_auto_control_msgs/cmake/autoware_auto_control_msgs__rosidl_typesupport_introspection_cppExport-noconfig.cmake
[12.089s] -- Installing: /home/tofstudent/sa_zhao/install/autoware_auto_control_msgs/share/autoware_auto_control_msgs/cmake/autoware_auto_control_msgs__rosidl_typesupport_cppExport.cmake
[12.089s] -- Installing: /home/tofstudent/sa_zhao/install/autoware_auto_control_msgs/share/autoware_auto_control_msgs/cmake/autoware_auto_control_msgs__rosidl_typesupport_cppExport-noconfig.cmake
[12.090s] -- Installing: /home/tofstudent/sa_zhao/install/autoware_auto_control_msgs/share/autoware_auto_control_msgs/cmake/rosidl_cmake-extras.cmake
[12.090s] -- Installing: /home/tofstudent/sa_zhao/install/autoware_auto_control_msgs/share/autoware_auto_control_msgs/cmake/ament_cmake_export_dependencies-extras.cmake
[12.090s] -- Installing: /home/tofstudent/sa_zhao/install/autoware_auto_control_msgs/share/autoware_auto_control_msgs/cmake/ament_cmake_export_libraries-extras.cmake
[12.091s] -- Installing: /home/tofstudent/sa_zhao/install/autoware_auto_control_msgs/share/autoware_auto_control_msgs/cmake/ament_cmake_export_targets-extras.cmake
[12.091s] -- Installing: /home/tofstudent/sa_zhao/install/autoware_auto_control_msgs/share/autoware_auto_control_msgs/cmake/ament_cmake_export_include_directories-extras.cmake
[12.092s] -- Installing: /home/tofstudent/sa_zhao/install/autoware_auto_control_msgs/share/autoware_auto_control_msgs/cmake/rosidl_cmake_export_typesupport_libraries-extras.cmake
[12.092s] -- Installing: /home/tofstudent/sa_zhao/install/autoware_auto_control_msgs/share/autoware_auto_control_msgs/cmake/rosidl_cmake_export_typesupport_targets-extras.cmake
[12.095s] -- Installing: /home/tofstudent/sa_zhao/install/autoware_auto_control_msgs/share/autoware_auto_control_msgs/cmake/autoware_auto_control_msgsConfig.cmake
[12.095s] -- Installing: /home/tofstudent/sa_zhao/install/autoware_auto_control_msgs/share/autoware_auto_control_msgs/cmake/autoware_auto_control_msgsConfig-version.cmake
[12.096s] -- Installing: /home/tofstudent/sa_zhao/install/autoware_auto_control_msgs/share/autoware_auto_control_msgs/package.xml
[12.106s] Invoked command in '/home/tofstudent/sa_zhao/build/autoware_auto_control_msgs' returned '0': CMAKE_PREFIX_PATH=/opt/ros/foxy /usr/bin/cmake --install /home/tofstudent/sa_zhao/build/autoware_auto_control_msgs
