[0.827s] Invoking command in '/home/tofstudent/sa_zhao/src/carla_spawn_objects': AMENT_PREFIX_PATH=/home/tofstudent/sa_zhao/install/ros_compatibility:/home/tofstudent/sa_zhao/install/carla_msgs:${AMENT_PREFIX_PATH} CMAKE_PREFIX_PATH=/home/tofstudent/sa_zhao/install/carla_msgs LD_LIBRARY_PATH=/home/tofstudent/sa_zhao/install/carla_msgs/lib:${LD_LIBRARY_PATH} PYTHONPATH=/home/tofstudent/sa_zhao/install/carla_spawn_objects/lib/python3.8/site-packages:/home/tofstudent/sa_zhao/install/ros_compatibility/lib/python3.8/site-packages:/home/tofstudent/sa_zhao/install/carla_msgs/lib/python3.8/site-packages:${PYTHONPATH} /usr/bin/python3 setup.py egg_info --egg-base ../../build/carla_spawn_objects build --build-base /home/tofstudent/sa_zhao/build/carla_spawn_objects/build install --prefix /home/tofstudent/sa_zhao/install/carla_spawn_objects --record /home/tofstudent/sa_zhao/build/carla_spawn_objects/install.log --single-version-externally-managed
[1.075s] running egg_info
[1.076s] writing ../../build/carla_spawn_objects/carla_spawn_objects.egg-info/PKG-INFO
[1.076s] writing dependency_links to ../../build/carla_spawn_objects/carla_spawn_objects.egg-info/dependency_links.txt
[1.077s] writing entry points to ../../build/carla_spawn_objects/carla_spawn_objects.egg-info/entry_points.txt
[1.077s] writing requirements to ../../build/carla_spawn_objects/carla_spawn_objects.egg-info/requires.txt
[1.077s] writing top-level names to ../../build/carla_spawn_objects/carla_spawn_objects.egg-info/top_level.txt
[1.119s] reading manifest file '../../build/carla_spawn_objects/carla_spawn_objects.egg-info/SOURCES.txt'
[1.120s] writing manifest file '../../build/carla_spawn_objects/carla_spawn_objects.egg-info/SOURCES.txt'
[1.120s] running build
[1.121s] running build_py
[1.121s] running install
[1.122s] running install_lib
[1.124s] running install_data
[1.124s] running install_egg_info
[1.127s] removing '/home/tofstudent/sa_zhao/install/carla_spawn_objects/lib/python3.8/site-packages/carla_spawn_objects-0.0.0-py3.8.egg-info' (and everything under it)
[1.127s] Copying ../../build/carla_spawn_objects/carla_spawn_objects.egg-info to /home/tofstudent/sa_zhao/install/carla_spawn_objects/lib/python3.8/site-packages/carla_spawn_objects-0.0.0-py3.8.egg-info
[1.128s] running install_scripts
[1.155s] Installing carla_spawn_objects script to /home/tofstudent/sa_zhao/install/carla_spawn_objects/lib/carla_spawn_objects
[1.155s] Installing set_initial_pose script to /home/tofstudent/sa_zhao/install/carla_spawn_objects/lib/carla_spawn_objects
[1.156s] writing list of installed files to '/home/tofstudent/sa_zhao/build/carla_spawn_objects/install.log'
