[0.066s] Invoking command in '/home/tofstudent/sa_zhao/build/pure_pursuit': AMENT_PREFIX_PATH=/home/tofstudent/sa_zhao/install/vehicle_info_util:/home/tofstudent/sa_zhao/install/autoware_cmake:/home/tofstudent/sa_zhao/install/autoware_auto_vehicle_msgs:/home/tofstudent/sa_zhao/install/autoware_auto_planning_msgs:/home/tofstudent/sa_zhao/install/autoware_auto_control_msgs:${AMENT_PREFIX_PATH} CMAKE_PREFIX_PATH=/home/tofstudent/sa_zhao/install/vehicle_info_util:/home/tofstudent/sa_zhao/install/autoware_cmake:/home/tofstudent/sa_zhao/install/autoware_auto_vehicle_msgs:/home/tofstudent/sa_zhao/install/autoware_auto_planning_msgs:/home/tofstudent/sa_zhao/install/autoware_auto_control_msgs:/opt/ros/foxy LD_LIBRARY_PATH=/home/tofstudent/sa_zhao/install/vehicle_info_util/lib:/home/tofstudent/sa_zhao/install/autoware_auto_vehicle_msgs/lib:/home/tofstudent/sa_zhao/install/autoware_auto_planning_msgs/lib:/home/tofstudent/sa_zhao/install/autoware_auto_control_msgs/lib:${LD_LIBRARY_PATH} PYTHONPATH=/home/tofstudent/sa_zhao/install/autoware_auto_vehicle_msgs/lib/python3.8/site-packages:/home/tofstudent/sa_zhao/install/autoware_auto_planning_msgs/lib/python3.8/site-packages:/home/tofstudent/sa_zhao/install/autoware_auto_control_msgs/lib/python3.8/site-packages:${PYTHONPATH} /usr/bin/cmake --build /home/tofstudent/sa_zhao/build/pure_pursuit -- -j8 -l8
[0.154s] [ 22%] Built target pure_pursuit_node_exe
[0.164s] [ 66%] Built target pure_pursuit_core
[0.236s] [100%] Built target pure_pursuit_node
[0.259s] Invoked command in '/home/tofstudent/sa_zhao/build/pure_pursuit' returned '0': AMENT_PREFIX_PATH=/home/tofstudent/sa_zhao/install/vehicle_info_util:/home/tofstudent/sa_zhao/install/autoware_cmake:/home/tofstudent/sa_zhao/install/autoware_auto_vehicle_msgs:/home/tofstudent/sa_zhao/install/autoware_auto_planning_msgs:/home/tofstudent/sa_zhao/install/autoware_auto_control_msgs:${AMENT_PREFIX_PATH} CMAKE_PREFIX_PATH=/home/tofstudent/sa_zhao/install/vehicle_info_util:/home/tofstudent/sa_zhao/install/autoware_cmake:/home/tofstudent/sa_zhao/install/autoware_auto_vehicle_msgs:/home/tofstudent/sa_zhao/install/autoware_auto_planning_msgs:/home/tofstudent/sa_zhao/install/autoware_auto_control_msgs:/opt/ros/foxy LD_LIBRARY_PATH=/home/tofstudent/sa_zhao/install/vehicle_info_util/lib:/home/tofstudent/sa_zhao/install/autoware_auto_vehicle_msgs/lib:/home/tofstudent/sa_zhao/install/autoware_auto_planning_msgs/lib:/home/tofstudent/sa_zhao/install/autoware_auto_control_msgs/lib:${LD_LIBRARY_PATH} PYTHONPATH=/home/tofstudent/sa_zhao/install/autoware_auto_vehicle_msgs/lib/python3.8/site-packages:/home/tofstudent/sa_zhao/install/autoware_auto_planning_msgs/lib/python3.8/site-packages:/home/tofstudent/sa_zhao/install/autoware_auto_control_msgs/lib/python3.8/site-packages:${PYTHONPATH} /usr/bin/cmake --build /home/tofstudent/sa_zhao/build/pure_pursuit -- -j8 -l8
[0.362s] Invoking command in '/home/tofstudent/sa_zhao/build/pure_pursuit': AMENT_PREFIX_PATH=/home/tofstudent/sa_zhao/install/vehicle_info_util:/home/tofstudent/sa_zhao/install/autoware_cmake:/home/tofstudent/sa_zhao/install/autoware_auto_vehicle_msgs:/home/tofstudent/sa_zhao/install/autoware_auto_planning_msgs:/home/tofstudent/sa_zhao/install/autoware_auto_control_msgs:${AMENT_PREFIX_PATH} CMAKE_PREFIX_PATH=/home/tofstudent/sa_zhao/install/vehicle_info_util:/home/tofstudent/sa_zhao/install/autoware_cmake:/home/tofstudent/sa_zhao/install/autoware_auto_vehicle_msgs:/home/tofstudent/sa_zhao/install/autoware_auto_planning_msgs:/home/tofstudent/sa_zhao/install/autoware_auto_control_msgs:/opt/ros/foxy LD_LIBRARY_PATH=/home/tofstudent/sa_zhao/install/vehicle_info_util/lib:/home/tofstudent/sa_zhao/install/autoware_auto_vehicle_msgs/lib:/home/tofstudent/sa_zhao/install/autoware_auto_planning_msgs/lib:/home/tofstudent/sa_zhao/install/autoware_auto_control_msgs/lib:${LD_LIBRARY_PATH} PYTHONPATH=/home/tofstudent/sa_zhao/install/autoware_auto_vehicle_msgs/lib/python3.8/site-packages:/home/tofstudent/sa_zhao/install/autoware_auto_planning_msgs/lib/python3.8/site-packages:/home/tofstudent/sa_zhao/install/autoware_auto_control_msgs/lib/python3.8/site-packages:${PYTHONPATH} /usr/bin/cmake --install /home/tofstudent/sa_zhao/build/pure_pursuit
[0.611s] -- Install configuration: ""
[0.612s] -- Up-to-date: /home/tofstudent/sa_zhao/install/pure_pursuit/lib/pure_pursuit/pure_pursuit_node_exe
[0.613s] -- Up-to-date: /home/tofstudent/sa_zhao/install/pure_pursuit/include
[0.614s] -- Up-to-date: /home/tofstudent/sa_zhao/install/pure_pursuit/include/trajectory_follower
[0.614s] -- Up-to-date: /home/tofstudent/sa_zhao/install/pure_pursuit/include/trajectory_follower/sync_data.hpp
[0.615s] -- Up-to-date: /home/tofstudent/sa_zhao/install/pure_pursuit/include/trajectory_follower/lateral_controller_base.hpp
[0.616s] -- Up-to-date: /home/tofstudent/sa_zhao/install/pure_pursuit/include/trajectory_follower/input_data.hpp
[0.620s] -- Up-to-date: /home/tofstudent/sa_zhao/install/pure_pursuit/include/pure_pursuit
[0.621s] -- Up-to-date: /home/tofstudent/sa_zhao/install/pure_pursuit/include/pure_pursuit/pure_pursuit.hpp
[0.623s] -- Up-to-date: /home/tofstudent/sa_zhao/install/pure_pursuit/include/pure_pursuit/pure_pursuit_lateral_controller.hpp
[0.625s] -- Up-to-date: /home/tofstudent/sa_zhao/install/pure_pursuit/include/pure_pursuit/pure_pursuit_node.hpp
[0.632s] -- Up-to-date: /home/tofstudent/sa_zhao/install/pure_pursuit/include/pure_pursuit/pure_pursuit_viz.hpp
[0.633s] -- Up-to-date: /home/tofstudent/sa_zhao/install/pure_pursuit/include/pure_pursuit/util
[0.634s] -- Up-to-date: /home/tofstudent/sa_zhao/install/pure_pursuit/include/pure_pursuit/util/marker_helper.hpp
[0.634s] -- Up-to-date: /home/tofstudent/sa_zhao/install/pure_pursuit/include/pure_pursuit/util/planning_utils.hpp
[0.635s] -- Up-to-date: /home/tofstudent/sa_zhao/install/pure_pursuit/include/pure_pursuit/util/interpolate.hpp
[0.636s] -- Up-to-date: /home/tofstudent/sa_zhao/install/pure_pursuit/include/pure_pursuit/util/tf_utils.hpp
[0.636s] -- Up-to-date: /home/tofstudent/sa_zhao/install/pure_pursuit/include/tier4_autoware_utils
[0.637s] -- Up-to-date: /home/tofstudent/sa_zhao/install/pure_pursuit/include/tier4_autoware_utils/ros
[0.637s] -- Up-to-date: /home/tofstudent/sa_zhao/install/pure_pursuit/include/tier4_autoware_utils/ros/self_pose_listener.hpp
[0.638s] -- Up-to-date: /home/tofstudent/sa_zhao/install/pure_pursuit/include/tier4_autoware_utils/ros/transform_listener.hpp
[0.638s] -- Up-to-date: /home/tofstudent/sa_zhao/install/pure_pursuit/include/tier4_autoware_utils/geometry
[0.638s] -- Up-to-date: /home/tofstudent/sa_zhao/install/pure_pursuit/include/tier4_autoware_utils/geometry/geometry.hpp
[0.639s] -- Up-to-date: /home/tofstudent/sa_zhao/install/pure_pursuit/include/tier4_autoware_utils/geometry/boost_geometry.hpp
[0.639s] -- Up-to-date: /home/tofstudent/sa_zhao/install/pure_pursuit/share/pure_pursuit/environment/library_path.sh
[0.639s] -- Up-to-date: /home/tofstudent/sa_zhao/install/pure_pursuit/share/pure_pursuit/environment/library_path.dsv
[0.640s] -- Up-to-date: /home/tofstudent/sa_zhao/install/pure_pursuit/lib/libpure_pursuit_core.so
[0.640s] -- Up-to-date: /home/tofstudent/sa_zhao/install/pure_pursuit/lib/libpure_pursuit_node.so
[0.640s] -- Up-to-date: /home/tofstudent/sa_zhao/install/pure_pursuit/share/pure_pursuit/launch
[0.640s] -- Up-to-date: /home/tofstudent/sa_zhao/install/pure_pursuit/share/pure_pursuit/launch/pure_pursuit.launch.xml
[0.641s] -- Up-to-date: /home/tofstudent/sa_zhao/install/pure_pursuit/share/pure_pursuit/config
[0.641s] -- Up-to-date: /home/tofstudent/sa_zhao/install/pure_pursuit/share/pure_pursuit/config/pure_pursuit.param.yaml
[0.642s] -- Up-to-date: /home/tofstudent/sa_zhao/install/pure_pursuit/share/ament_index/resource_index/package_run_dependencies/pure_pursuit
[0.642s] -- Up-to-date: /home/tofstudent/sa_zhao/install/pure_pursuit/share/ament_index/resource_index/parent_prefix_path/pure_pursuit
[0.642s] -- Up-to-date: /home/tofstudent/sa_zhao/install/pure_pursuit/share/pure_pursuit/environment/ament_prefix_path.sh
[0.643s] -- Up-to-date: /home/tofstudent/sa_zhao/install/pure_pursuit/share/pure_pursuit/environment/ament_prefix_path.dsv
[0.643s] -- Up-to-date: /home/tofstudent/sa_zhao/install/pure_pursuit/share/pure_pursuit/environment/path.sh
[0.646s] -- Up-to-date: /home/tofstudent/sa_zhao/install/pure_pursuit/share/pure_pursuit/environment/path.dsv
[0.646s] -- Up-to-date: /home/tofstudent/sa_zhao/install/pure_pursuit/share/pure_pursuit/local_setup.bash
[0.647s] -- Up-to-date: /home/tofstudent/sa_zhao/install/pure_pursuit/share/pure_pursuit/local_setup.sh
[0.648s] -- Up-to-date: /home/tofstudent/sa_zhao/install/pure_pursuit/share/pure_pursuit/local_setup.zsh
[0.648s] -- Up-to-date: /home/tofstudent/sa_zhao/install/pure_pursuit/share/pure_pursuit/local_setup.dsv
[0.649s] -- Installing: /home/tofstudent/sa_zhao/install/pure_pursuit/share/pure_pursuit/package.dsv
[0.652s] -- Up-to-date: /home/tofstudent/sa_zhao/install/pure_pursuit/share/ament_index/resource_index/packages/pure_pursuit
[0.652s] -- Up-to-date: /home/tofstudent/sa_zhao/install/pure_pursuit/share/ament_index/resource_index/rclcpp_components/pure_pursuit
[0.653s] -- Up-to-date: /home/tofstudent/sa_zhao/install/pure_pursuit/share/pure_pursuit/cmake/ament_cmake_export_dependencies-extras.cmake
[0.653s] -- Up-to-date: /home/tofstudent/sa_zhao/install/pure_pursuit/share/pure_pursuit/cmake/ament_cmake_export_include_directories-extras.cmake
[0.654s] -- Up-to-date: /home/tofstudent/sa_zhao/install/pure_pursuit/share/pure_pursuit/cmake/ament_cmake_export_libraries-extras.cmake
[0.654s] -- Up-to-date: /home/tofstudent/sa_zhao/install/pure_pursuit/share/pure_pursuit/cmake/pure_pursuitConfig.cmake
[0.655s] -- Up-to-date: /home/tofstudent/sa_zhao/install/pure_pursuit/share/pure_pursuit/cmake/pure_pursuitConfig-version.cmake
[0.655s] -- Up-to-date: /home/tofstudent/sa_zhao/install/pure_pursuit/share/pure_pursuit/package.xml
[0.662s] Invoked command in '/home/tofstudent/sa_zhao/build/pure_pursuit' returned '0': AMENT_PREFIX_PATH=/home/tofstudent/sa_zhao/install/vehicle_info_util:/home/tofstudent/sa_zhao/install/autoware_cmake:/home/tofstudent/sa_zhao/install/autoware_auto_vehicle_msgs:/home/tofstudent/sa_zhao/install/autoware_auto_planning_msgs:/home/tofstudent/sa_zhao/install/autoware_auto_control_msgs:${AMENT_PREFIX_PATH} CMAKE_PREFIX_PATH=/home/tofstudent/sa_zhao/install/vehicle_info_util:/home/tofstudent/sa_zhao/install/autoware_cmake:/home/tofstudent/sa_zhao/install/autoware_auto_vehicle_msgs:/home/tofstudent/sa_zhao/install/autoware_auto_planning_msgs:/home/tofstudent/sa_zhao/install/autoware_auto_control_msgs:/opt/ros/foxy LD_LIBRARY_PATH=/home/tofstudent/sa_zhao/install/vehicle_info_util/lib:/home/tofstudent/sa_zhao/install/autoware_auto_vehicle_msgs/lib:/home/tofstudent/sa_zhao/install/autoware_auto_planning_msgs/lib:/home/tofstudent/sa_zhao/install/autoware_auto_control_msgs/lib:${LD_LIBRARY_PATH} PYTHONPATH=/home/tofstudent/sa_zhao/install/autoware_auto_vehicle_msgs/lib/python3.8/site-packages:/home/tofstudent/sa_zhao/install/autoware_auto_planning_msgs/lib/python3.8/site-packages:/home/tofstudent/sa_zhao/install/autoware_auto_control_msgs/lib/python3.8/site-packages:${PYTHONPATH} /usr/bin/cmake --install /home/tofstudent/sa_zhao/build/pure_pursuit
