[0.319s] Invoking command in '/home/tofstudent/sa_zhao/build/traj_interfaces': CMAKE_PREFIX_PATH=/opt/ros/foxy /usr/bin/cmake --build /home/tofstudent/sa_zhao/build/traj_interfaces -- -j8 -l8
[0.426s] [ 10%] Built target traj_interfaces__rosidl_generator_c
[0.437s] [ 12%] Built target traj_interfaces__cpp
[0.516s] [ 23%] Built target traj_interfaces__rosidl_typesupport_introspection_c
[0.537s] [ 33%] Built target traj_interfaces__rosidl_typesupport_c
[0.591s] [ 43%] Built target traj_interfaces__rosidl_typesupport_fastrtps_cpp
[0.600s] [ 53%] Built target traj_interfaces__rosidl_typesupport_cpp
[0.605s] [ 64%] Built target traj_interfaces__rosidl_typesupport_introspection_cpp
[0.640s] [ 74%] Built target traj_interfaces__rosidl_typesupport_fastrtps_c
[0.668s] [ 74%] Built target traj_interfaces
[0.698s] [ 76%] Built target traj_interfaces__py
[0.736s] [ 84%] Built target traj_interfaces__python
[0.779s] [ 89%] Built target traj_interfaces__rosidl_typesupport_fastrtps_c__pyext
[0.789s] [ 94%] Built target traj_interfaces__rosidl_typesupport_c__pyext
[0.804s] [100%] Built target traj_interfaces__rosidl_typesupport_introspection_c__pyext
[0.833s] Invoked command in '/home/tofstudent/sa_zhao/build/traj_interfaces' returned '0': CMAKE_PREFIX_PATH=/opt/ros/foxy /usr/bin/cmake --build /home/tofstudent/sa_zhao/build/traj_interfaces -- -j8 -l8
[1.006s] Invoking command in '/home/tofstudent/sa_zhao/build/traj_interfaces': CMAKE_PREFIX_PATH=/opt/ros/foxy /usr/bin/cmake --install /home/tofstudent/sa_zhao/build/traj_interfaces
[1.035s] -- Install configuration: ""
[1.035s] -- Up-to-date: /home/tofstudent/sa_zhao/install/traj_interfaces/share/ament_index/resource_index/rosidl_interfaces/traj_interfaces
[1.035s] -- Up-to-date: /home/tofstudent/sa_zhao/install/traj_interfaces/include/traj_interfaces
[1.035s] -- Up-to-date: /home/tofstudent/sa_zhao/install/traj_interfaces/include/traj_interfaces/msg
[1.036s] -- Up-to-date: /home/tofstudent/sa_zhao/install/traj_interfaces/include/traj_interfaces/msg/detail
[1.036s] -- Up-to-date: /home/tofstudent/sa_zhao/install/traj_interfaces/include/traj_interfaces/msg/detail/state_machine__struct.h
[1.036s] -- Up-to-date: /home/tofstudent/sa_zhao/install/traj_interfaces/include/traj_interfaces/msg/detail/state_machine__functions.h
[1.036s] -- Up-to-date: /home/tofstudent/sa_zhao/install/traj_interfaces/include/traj_interfaces/msg/detail/state_machine__type_support.h
[1.036s] -- Up-to-date: /home/tofstudent/sa_zhao/install/traj_interfaces/include/traj_interfaces/msg/detail/traj_param__functions.c
[1.036s] -- Up-to-date: /home/tofstudent/sa_zhao/install/traj_interfaces/include/traj_interfaces/msg/detail/traj_param__functions.h
[1.036s] -- Up-to-date: /home/tofstudent/sa_zhao/install/traj_interfaces/include/traj_interfaces/msg/detail/traj_param__struct.h
[1.037s] -- Up-to-date: /home/tofstudent/sa_zhao/install/traj_interfaces/include/traj_interfaces/msg/detail/state_machine__functions.c
[1.037s] -- Up-to-date: /home/tofstudent/sa_zhao/install/traj_interfaces/include/traj_interfaces/msg/detail/traj_param__type_support.h
[1.037s] -- Up-to-date: /home/tofstudent/sa_zhao/install/traj_interfaces/include/traj_interfaces/msg/rosidl_generator_c__visibility_control.h
[1.037s] -- Up-to-date: /home/tofstudent/sa_zhao/install/traj_interfaces/include/traj_interfaces/msg/traj_param.h
[1.037s] -- Up-to-date: /home/tofstudent/sa_zhao/install/traj_interfaces/include/traj_interfaces/msg/state_machine.h
[1.037s] -- Up-to-date: /home/tofstudent/sa_zhao/install/traj_interfaces/share/traj_interfaces/environment/library_path.sh
[1.040s] -- Up-to-date: /home/tofstudent/sa_zhao/install/traj_interfaces/share/traj_interfaces/environment/library_path.dsv
[1.040s] -- Up-to-date: /home/tofstudent/sa_zhao/install/traj_interfaces/lib/libtraj_interfaces__rosidl_generator_c.so
[1.048s] -- Up-to-date: /home/tofstudent/sa_zhao/install/traj_interfaces/include/traj_interfaces
[1.048s] -- Up-to-date: /home/tofstudent/sa_zhao/install/traj_interfaces/include/traj_interfaces/msg
[1.049s] -- Up-to-date: /home/tofstudent/sa_zhao/install/traj_interfaces/include/traj_interfaces/msg/rosidl_typesupport_fastrtps_c__visibility_control.h
[1.049s] -- Up-to-date: /home/tofstudent/sa_zhao/install/traj_interfaces/include/traj_interfaces/msg/detail
[1.049s] -- Up-to-date: /home/tofstudent/sa_zhao/install/traj_interfaces/include/traj_interfaces/msg/detail/traj_param__rosidl_typesupport_fastrtps_c.h
[1.049s] -- Up-to-date: /home/tofstudent/sa_zhao/install/traj_interfaces/include/traj_interfaces/msg/detail/state_machine__rosidl_typesupport_fastrtps_c.h
[1.049s] -- Up-to-date: /home/tofstudent/sa_zhao/install/traj_interfaces/lib/libtraj_interfaces__rosidl_typesupport_fastrtps_c.so
[1.049s] -- Up-to-date: /home/tofstudent/sa_zhao/install/traj_interfaces/include/traj_interfaces
[1.049s] -- Up-to-date: /home/tofstudent/sa_zhao/install/traj_interfaces/include/traj_interfaces/msg
[1.049s] -- Up-to-date: /home/tofstudent/sa_zhao/install/traj_interfaces/include/traj_interfaces/msg/rosidl_typesupport_fastrtps_cpp__visibility_control.h
[1.050s] -- Up-to-date: /home/tofstudent/sa_zhao/install/traj_interfaces/include/traj_interfaces/msg/detail
[1.050s] -- Up-to-date: /home/tofstudent/sa_zhao/install/traj_interfaces/include/traj_interfaces/msg/detail/traj_param__rosidl_typesupport_fastrtps_cpp.hpp
[1.050s] -- Up-to-date: /home/tofstudent/sa_zhao/install/traj_interfaces/include/traj_interfaces/msg/detail/dds_fastrtps
[1.050s] -- Up-to-date: /home/tofstudent/sa_zhao/install/traj_interfaces/include/traj_interfaces/msg/detail/state_machine__rosidl_typesupport_fastrtps_cpp.hpp
[1.050s] -- Up-to-date: /home/tofstudent/sa_zhao/install/traj_interfaces/lib/libtraj_interfaces__rosidl_typesupport_fastrtps_cpp.so
[1.050s] -- Up-to-date: /home/tofstudent/sa_zhao/install/traj_interfaces/include/traj_interfaces
[1.050s] -- Up-to-date: /home/tofstudent/sa_zhao/install/traj_interfaces/include/traj_interfaces/msg
[1.050s] -- Up-to-date: /home/tofstudent/sa_zhao/install/traj_interfaces/include/traj_interfaces/msg/detail
[1.052s] -- Up-to-date: /home/tofstudent/sa_zhao/install/traj_interfaces/include/traj_interfaces/msg/detail/traj_param__type_support.c
[1.052s] -- Up-to-date: /home/tofstudent/sa_zhao/install/traj_interfaces/include/traj_interfaces/msg/detail/state_machine__type_support.c
[1.052s] -- Up-to-date: /home/tofstudent/sa_zhao/install/traj_interfaces/include/traj_interfaces/msg/detail/state_machine__rosidl_typesupport_introspection_c.h
[1.052s] -- Up-to-date: /home/tofstudent/sa_zhao/install/traj_interfaces/include/traj_interfaces/msg/detail/traj_param__rosidl_typesupport_introspection_c.h
[1.052s] -- Up-to-date: /home/tofstudent/sa_zhao/install/traj_interfaces/include/traj_interfaces/msg/rosidl_typesupport_introspection_c__visibility_control.h
[1.053s] -- Up-to-date: /home/tofstudent/sa_zhao/install/traj_interfaces/lib/libtraj_interfaces__rosidl_typesupport_introspection_c.so
[1.053s] -- Up-to-date: /home/tofstudent/sa_zhao/install/traj_interfaces/lib/libtraj_interfaces__rosidl_typesupport_c.so
[1.053s] -- Up-to-date: /home/tofstudent/sa_zhao/install/traj_interfaces/include/traj_interfaces
[1.053s] -- Up-to-date: /home/tofstudent/sa_zhao/install/traj_interfaces/include/traj_interfaces/msg
[1.053s] -- Up-to-date: /home/tofstudent/sa_zhao/install/traj_interfaces/include/traj_interfaces/msg/traj_param.hpp
[1.053s] -- Up-to-date: /home/tofstudent/sa_zhao/install/traj_interfaces/include/traj_interfaces/msg/detail
[1.053s] -- Up-to-date: /home/tofstudent/sa_zhao/install/traj_interfaces/include/traj_interfaces/msg/detail/state_machine__traits.hpp
[1.053s] -- Up-to-date: /home/tofstudent/sa_zhao/install/traj_interfaces/include/traj_interfaces/msg/detail/state_machine__builder.hpp
[1.054s] -- Up-to-date: /home/tofstudent/sa_zhao/install/traj_interfaces/include/traj_interfaces/msg/detail/state_machine__struct.hpp
[1.054s] -- Up-to-date: /home/tofstudent/sa_zhao/install/traj_interfaces/include/traj_interfaces/msg/detail/traj_param__struct.hpp
[1.054s] -- Up-to-date: /home/tofstudent/sa_zhao/install/traj_interfaces/include/traj_interfaces/msg/detail/traj_param__traits.hpp
[1.054s] -- Up-to-date: /home/tofstudent/sa_zhao/install/traj_interfaces/include/traj_interfaces/msg/detail/traj_param__builder.hpp
[1.054s] -- Up-to-date: /home/tofstudent/sa_zhao/install/traj_interfaces/include/traj_interfaces/msg/state_machine.hpp
[1.054s] -- Up-to-date: /home/tofstudent/sa_zhao/install/traj_interfaces/include/traj_interfaces
[1.054s] -- Up-to-date: /home/tofstudent/sa_zhao/install/traj_interfaces/include/traj_interfaces/msg
[1.054s] -- Up-to-date: /home/tofstudent/sa_zhao/install/traj_interfaces/include/traj_interfaces/msg/detail
[1.054s] -- Up-to-date: /home/tofstudent/sa_zhao/install/traj_interfaces/include/traj_interfaces/msg/detail/traj_param__rosidl_typesupport_introspection_cpp.hpp
[1.055s] -- Up-to-date: /home/tofstudent/sa_zhao/install/traj_interfaces/include/traj_interfaces/msg/detail/traj_param__type_support.cpp
[1.056s] -- Up-to-date: /home/tofstudent/sa_zhao/install/traj_interfaces/include/traj_interfaces/msg/detail/state_machine__rosidl_typesupport_introspection_cpp.hpp
[1.056s] -- Up-to-date: /home/tofstudent/sa_zhao/install/traj_interfaces/include/traj_interfaces/msg/detail/state_machine__type_support.cpp
[1.056s] -- Up-to-date: /home/tofstudent/sa_zhao/install/traj_interfaces/lib/libtraj_interfaces__rosidl_typesupport_introspection_cpp.so
[1.057s] -- Up-to-date: /home/tofstudent/sa_zhao/install/traj_interfaces/lib/libtraj_interfaces__rosidl_typesupport_cpp.so
[1.057s] -- Up-to-date: /home/tofstudent/sa_zhao/install/traj_interfaces/share/traj_interfaces/environment/pythonpath.sh
[1.057s] -- Up-to-date: /home/tofstudent/sa_zhao/install/traj_interfaces/share/traj_interfaces/environment/pythonpath.dsv
[1.058s] -- Up-to-date: /home/tofstudent/sa_zhao/install/traj_interfaces/lib/python3.8/site-packages/traj_interfaces/__init__.py
[1.087s] -- Up-to-date: /home/tofstudent/sa_zhao/install/traj_interfaces/lib/python3.8/site-packages/traj_interfaces/msg
[1.087s] -- Up-to-date: /home/tofstudent/sa_zhao/install/traj_interfaces/lib/python3.8/site-packages/traj_interfaces/msg/_traj_param.py
[1.087s] -- Up-to-date: /home/tofstudent/sa_zhao/install/traj_interfaces/lib/python3.8/site-packages/traj_interfaces/msg/_state_machine.py
[1.087s] -- Up-to-date: /home/tofstudent/sa_zhao/install/traj_interfaces/lib/python3.8/site-packages/traj_interfaces/msg/_state_machine_s.c
[1.088s] -- Up-to-date: /home/tofstudent/sa_zhao/install/traj_interfaces/lib/python3.8/site-packages/traj_interfaces/msg/_traj_param_s.c
[1.088s] -- Up-to-date: /home/tofstudent/sa_zhao/install/traj_interfaces/lib/python3.8/site-packages/traj_interfaces/msg/__init__.py
[1.090s] -- Up-to-date: /home/tofstudent/sa_zhao/install/traj_interfaces/lib/python3.8/site-packages/traj_interfaces/traj_interfaces_s__rosidl_typesupport_fastrtps_c.cpython-38-x86_64-linux-gnu.so
[1.091s] -- Up-to-date: /home/tofstudent/sa_zhao/install/traj_interfaces/lib/python3.8/site-packages/traj_interfaces/traj_interfaces_s__rosidl_typesupport_introspection_c.cpython-38-x86_64-linux-gnu.so
[1.094s] -- Up-to-date: /home/tofstudent/sa_zhao/install/traj_interfaces/lib/python3.8/site-packages/traj_interfaces/traj_interfaces_s__rosidl_typesupport_c.cpython-38-x86_64-linux-gnu.so
[1.094s] -- Up-to-date: /home/tofstudent/sa_zhao/install/traj_interfaces/lib/libtraj_interfaces__python.so
[1.094s] -- Up-to-date: /home/tofstudent/sa_zhao/install/traj_interfaces/share/traj_interfaces/msg/TrajParam.idl
[1.094s] -- Up-to-date: /home/tofstudent/sa_zhao/install/traj_interfaces/share/traj_interfaces/msg/StateMachine.idl
[1.094s] -- Up-to-date: /home/tofstudent/sa_zhao/install/traj_interfaces/share/traj_interfaces/msg/TrajParam.msg
[1.095s] -- Up-to-date: /home/tofstudent/sa_zhao/install/traj_interfaces/share/traj_interfaces/msg/StateMachine.msg
[1.095s] -- Up-to-date: /home/tofstudent/sa_zhao/install/traj_interfaces/share/ament_index/resource_index/package_run_dependencies/traj_interfaces
[1.095s] -- Up-to-date: /home/tofstudent/sa_zhao/install/traj_interfaces/share/ament_index/resource_index/parent_prefix_path/traj_interfaces
[1.095s] -- Up-to-date: /home/tofstudent/sa_zhao/install/traj_interfaces/share/traj_interfaces/environment/ament_prefix_path.sh
[1.095s] -- Up-to-date: /home/tofstudent/sa_zhao/install/traj_interfaces/share/traj_interfaces/environment/ament_prefix_path.dsv
[1.095s] -- Up-to-date: /home/tofstudent/sa_zhao/install/traj_interfaces/share/traj_interfaces/environment/path.sh
[1.095s] -- Up-to-date: /home/tofstudent/sa_zhao/install/traj_interfaces/share/traj_interfaces/environment/path.dsv
[1.095s] -- Up-to-date: /home/tofstudent/sa_zhao/install/traj_interfaces/share/traj_interfaces/local_setup.bash
[1.096s] -- Up-to-date: /home/tofstudent/sa_zhao/install/traj_interfaces/share/traj_interfaces/local_setup.sh
[1.096s] -- Up-to-date: /home/tofstudent/sa_zhao/install/traj_interfaces/share/traj_interfaces/local_setup.zsh
[1.099s] -- Up-to-date: /home/tofstudent/sa_zhao/install/traj_interfaces/share/traj_interfaces/local_setup.dsv
[1.099s] -- Installing: /home/tofstudent/sa_zhao/install/traj_interfaces/share/traj_interfaces/package.dsv
[1.099s] -- Up-to-date: /home/tofstudent/sa_zhao/install/traj_interfaces/share/ament_index/resource_index/packages/traj_interfaces
[1.099s] -- Up-to-date: /home/tofstudent/sa_zhao/install/traj_interfaces/share/traj_interfaces/cmake/traj_interfaces__rosidl_generator_cExport.cmake
[1.100s] -- Up-to-date: /home/tofstudent/sa_zhao/install/traj_interfaces/share/traj_interfaces/cmake/traj_interfaces__rosidl_generator_cExport-noconfig.cmake
[1.100s] -- Up-to-date: /home/tofstudent/sa_zhao/install/traj_interfaces/share/traj_interfaces/cmake/traj_interfaces__rosidl_typesupport_introspection_cExport.cmake
[1.100s] -- Up-to-date: /home/tofstudent/sa_zhao/install/traj_interfaces/share/traj_interfaces/cmake/traj_interfaces__rosidl_typesupport_introspection_cExport-noconfig.cmake
[1.100s] -- Up-to-date: /home/tofstudent/sa_zhao/install/traj_interfaces/share/traj_interfaces/cmake/traj_interfaces__rosidl_typesupport_cExport.cmake
[1.100s] -- Up-to-date: /home/tofstudent/sa_zhao/install/traj_interfaces/share/traj_interfaces/cmake/traj_interfaces__rosidl_typesupport_cExport-noconfig.cmake
[1.101s] -- Up-to-date: /home/tofstudent/sa_zhao/install/traj_interfaces/share/traj_interfaces/cmake/traj_interfaces__rosidl_generator_cppExport.cmake
[1.101s] -- Up-to-date: /home/tofstudent/sa_zhao/install/traj_interfaces/share/traj_interfaces/cmake/traj_interfaces__rosidl_typesupport_introspection_cppExport.cmake
[1.101s] -- Up-to-date: /home/tofstudent/sa_zhao/install/traj_interfaces/share/traj_interfaces/cmake/traj_interfaces__rosidl_typesupport_introspection_cppExport-noconfig.cmake
[1.101s] -- Up-to-date: /home/tofstudent/sa_zhao/install/traj_interfaces/share/traj_interfaces/cmake/traj_interfaces__rosidl_typesupport_cppExport.cmake
[1.101s] -- Up-to-date: /home/tofstudent/sa_zhao/install/traj_interfaces/share/traj_interfaces/cmake/traj_interfaces__rosidl_typesupport_cppExport-noconfig.cmake
[1.101s] -- Up-to-date: /home/tofstudent/sa_zhao/install/traj_interfaces/share/traj_interfaces/cmake/rosidl_cmake-extras.cmake
[1.101s] -- Up-to-date: /home/tofstudent/sa_zhao/install/traj_interfaces/share/traj_interfaces/cmake/ament_cmake_export_dependencies-extras.cmake
[1.101s] -- Up-to-date: /home/tofstudent/sa_zhao/install/traj_interfaces/share/traj_interfaces/cmake/ament_cmake_export_libraries-extras.cmake
[1.101s] -- Up-to-date: /home/tofstudent/sa_zhao/install/traj_interfaces/share/traj_interfaces/cmake/ament_cmake_export_targets-extras.cmake
[1.102s] -- Up-to-date: /home/tofstudent/sa_zhao/install/traj_interfaces/share/traj_interfaces/cmake/ament_cmake_export_include_directories-extras.cmake
[1.102s] -- Up-to-date: /home/tofstudent/sa_zhao/install/traj_interfaces/share/traj_interfaces/cmake/rosidl_cmake_export_typesupport_libraries-extras.cmake
[1.102s] -- Up-to-date: /home/tofstudent/sa_zhao/install/traj_interfaces/share/traj_interfaces/cmake/rosidl_cmake_export_typesupport_targets-extras.cmake
[1.102s] -- Up-to-date: /home/tofstudent/sa_zhao/install/traj_interfaces/share/traj_interfaces/cmake/traj_interfacesConfig.cmake
[1.102s] -- Up-to-date: /home/tofstudent/sa_zhao/install/traj_interfaces/share/traj_interfaces/cmake/traj_interfacesConfig-version.cmake
[1.102s] -- Up-to-date: /home/tofstudent/sa_zhao/install/traj_interfaces/share/traj_interfaces/package.xml
[1.135s] Invoked command in '/home/tofstudent/sa_zhao/build/traj_interfaces' returned '0': CMAKE_PREFIX_PATH=/opt/ros/foxy /usr/bin/cmake --install /home/tofstudent/sa_zhao/build/traj_interfaces
