[1.457s] Invoking command in '/home/tofstudent/sa_zhao/src/carla_common': PYTHONPATH=/home/tofstudent/sa_zhao/install/carla_common/lib/python3.8/site-packages:${PYTHONPATH} /usr/bin/python3 setup.py egg_info --egg-base ../../build/carla_common build --build-base /home/tofstudent/sa_zhao/build/carla_common/build install --prefix /home/tofstudent/sa_zhao/install/carla_common --record /home/tofstudent/sa_zhao/build/carla_common/install.log --single-version-externally-managed
[2.462s] running egg_info
[2.462s] creating ../../build/carla_common/carla_common.egg-info
[2.462s] writing ../../build/carla_common/carla_common.egg-info/PKG-INFO
[2.463s] writing dependency_links to ../../build/carla_common/carla_common.egg-info/dependency_links.txt
[2.463s] writing requirements to ../../build/carla_common/carla_common.egg-info/requires.txt
[2.463s] writing top-level names to ../../build/carla_common/carla_common.egg-info/top_level.txt
[2.463s] writing manifest file '../../build/carla_common/carla_common.egg-info/SOURCES.txt'
[2.463s] reading manifest file '../../build/carla_common/carla_common.egg-info/SOURCES.txt'
[2.463s] writing manifest file '../../build/carla_common/carla_common.egg-info/SOURCES.txt'
[2.463s] running build
[2.463s] running build_py
[2.463s] creating /home/tofstudent/sa_zhao/build/carla_common/build
[2.463s] creating /home/tofstudent/sa_zhao/build/carla_common/build/lib
[2.463s] creating /home/tofstudent/sa_zhao/build/carla_common/build/lib/carla_common
[2.464s] copying src/carla_common/transforms.py -> /home/tofstudent/sa_zhao/build/carla_common/build/lib/carla_common
[2.464s] copying src/carla_common/__init__.py -> /home/tofstudent/sa_zhao/build/carla_common/build/lib/carla_common
[2.464s] running install
[2.464s] running install_lib
[2.464s] creating /home/tofstudent/sa_zhao/install/carla_common/lib/python3.8/site-packages/carla_common
[2.464s] copying /home/tofstudent/sa_zhao/build/carla_common/build/lib/carla_common/transforms.py -> /home/tofstudent/sa_zhao/install/carla_common/lib/python3.8/site-packages/carla_common
[2.464s] copying /home/tofstudent/sa_zhao/build/carla_common/build/lib/carla_common/__init__.py -> /home/tofstudent/sa_zhao/install/carla_common/lib/python3.8/site-packages/carla_common
[2.464s] byte-compiling /home/tofstudent/sa_zhao/install/carla_common/lib/python3.8/site-packages/carla_common/transforms.py to transforms.cpython-38.pyc
[2.464s] byte-compiling /home/tofstudent/sa_zhao/install/carla_common/lib/python3.8/site-packages/carla_common/__init__.py to __init__.cpython-38.pyc
[2.464s] running install_data
[2.464s] creating /home/tofstudent/sa_zhao/install/carla_common/share/ament_index
[2.465s] creating /home/tofstudent/sa_zhao/install/carla_common/share/ament_index/resource_index
[2.465s] creating /home/tofstudent/sa_zhao/install/carla_common/share/ament_index/resource_index/packages
[2.465s] copying resource/carla_common -> /home/tofstudent/sa_zhao/install/carla_common/share/ament_index/resource_index/packages
[2.465s] copying package.xml -> /home/tofstudent/sa_zhao/install/carla_common/share/carla_common
[2.465s] running install_egg_info
[2.465s] Copying ../../build/carla_common/carla_common.egg-info to /home/tofstudent/sa_zhao/install/carla_common/lib/python3.8/site-packages/carla_common-0.0.0-py3.8.egg-info
[2.465s] running install_scripts
[2.465s] writing list of installed files to '/home/tofstudent/sa_zhao/build/carla_common/install.log'
[2.493s] Invoked command in '/home/tofstudent/sa_zhao/src/carla_common' returned '0': PYTHONPATH=/home/tofstudent/sa_zhao/install/carla_common/lib/python3.8/site-packages:${PYTHONPATH} /usr/bin/python3 setup.py egg_info --egg-base ../../build/carla_common build --build-base /home/tofstudent/sa_zhao/build/carla_common/build install --prefix /home/tofstudent/sa_zhao/install/carla_common --record /home/tofstudent/sa_zhao/build/carla_common/install.log --single-version-externally-managed
