[100%] Built target OperatorCommandCreator
-- Install configuration: ""
-- Up-to-date: /home/tofstudent/sa_zhao/install/tod_command_creation/share/tod_command_creation/launch
-- Up-to-date: /home/tofstudent/sa_zhao/install/tod_command_creation/share/tod_command_creation/launch/tod_command_creation.launch.xml
-- Up-to-date: /home/tofstudent/sa_zhao/install/tod_command_creation/share/tod_command_creation/config
-- Up-to-date: /home/tofstudent/sa_zhao/install/tod_command_creation/share/tod_command_creation/config/tod_command_creation.param.yaml
-- Up-to-date: /home/tofstudent/sa_zhao/install/tod_command_creation/share/ament_index/resource_index/package_run_dependencies/tod_command_creation
-- Up-to-date: /home/tofstudent/sa_zhao/install/tod_command_creation/share/ament_index/resource_index/parent_prefix_path/tod_command_creation
-- Up-to-date: /home/tofstudent/sa_zhao/install/tod_command_creation/share/tod_command_creation/environment/ament_prefix_path.sh
-- Up-to-date: /home/tofstudent/sa_zhao/install/tod_command_creation/share/tod_command_creation/environment/ament_prefix_path.dsv
-- Up-to-date: /home/tofstudent/sa_zhao/install/tod_command_creation/share/tod_command_creation/environment/path.sh
-- Up-to-date: /home/tofstudent/sa_zhao/install/tod_command_creation/share/tod_command_creation/environment/path.dsv
-- Up-to-date: /home/tofstudent/sa_zhao/install/tod_command_creation/share/tod_command_creation/local_setup.bash
-- Up-to-date: /home/tofstudent/sa_zhao/install/tod_command_creation/share/tod_command_creation/local_setup.sh
-- Up-to-date: /home/tofstudent/sa_zhao/install/tod_command_creation/share/tod_command_creation/local_setup.zsh
-- Up-to-date: /home/tofstudent/sa_zhao/install/tod_command_creation/share/tod_command_creation/local_setup.dsv
-- Installing: /home/tofstudent/sa_zhao/install/tod_command_creation/share/tod_command_creation/package.dsv
-- Up-to-date: /home/tofstudent/sa_zhao/install/tod_command_creation/share/ament_index/resource_index/packages/tod_command_creation
-- Up-to-date: /home/tofstudent/sa_zhao/install/tod_command_creation/share/tod_command_creation/cmake/ament_cmake_export_dependencies-extras.cmake
-- Up-to-date: /home/tofstudent/sa_zhao/install/tod_command_creation/share/tod_command_creation/cmake/tod_command_creationConfig.cmake
-- Up-to-date: /home/tofstudent/sa_zhao/install/tod_command_creation/share/tod_command_creation/cmake/tod_command_creationConfig-version.cmake
-- Up-to-date: /home/tofstudent/sa_zhao/install/tod_command_creation/share/tod_command_creation/package.xml
-- Up-to-date: /home/tofstudent/sa_zhao/install/tod_command_creation/lib/tod_command_creation/OperatorCommandCreator
