[0.080s] Invoking command in '/home/tofstudent/sa_zhao/build/tod_command_creation': AMENT_PREFIX_PATH=/home/tofstudent/sa_zhao/install/traj_interfaces:/home/tofstudent/sa_zhao/install/tod_msgs:${AMENT_PREFIX_PATH} CMAKE_PREFIX_PATH=/home/tofstudent/sa_zhao/install/traj_interfaces:/home/tofstudent/sa_zhao/install/tod_msgs:/opt/ros/foxy LD_LIBRARY_PATH=/home/tofstudent/sa_zhao/install/traj_interfaces/lib:/home/tofstudent/sa_zhao/install/tod_msgs/lib:${LD_LIBRARY_PATH} PYTHONPATH=/home/tofstudent/sa_zhao/install/traj_interfaces/lib/python3.8/site-packages:/home/tofstudent/sa_zhao/install/tod_msgs/lib/python3.8/site-packages:${PYTHONPATH} /usr/bin/cmake --build /home/tofstudent/sa_zhao/build/tod_command_creation -- -j8 -l8
[0.218s] [100%] Built target OperatorCommandCreator
[0.263s] Invoked command in '/home/tofstudent/sa_zhao/build/tod_command_creation' returned '0': AMENT_PREFIX_PATH=/home/tofstudent/sa_zhao/install/traj_interfaces:/home/tofstudent/sa_zhao/install/tod_msgs:${AMENT_PREFIX_PATH} CMAKE_PREFIX_PATH=/home/tofstudent/sa_zhao/install/traj_interfaces:/home/tofstudent/sa_zhao/install/tod_msgs:/opt/ros/foxy LD_LIBRARY_PATH=/home/tofstudent/sa_zhao/install/traj_interfaces/lib:/home/tofstudent/sa_zhao/install/tod_msgs/lib:${LD_LIBRARY_PATH} PYTHONPATH=/home/tofstudent/sa_zhao/install/traj_interfaces/lib/python3.8/site-packages:/home/tofstudent/sa_zhao/install/tod_msgs/lib/python3.8/site-packages:${PYTHONPATH} /usr/bin/cmake --build /home/tofstudent/sa_zhao/build/tod_command_creation -- -j8 -l8
[0.292s] Invoking command in '/home/tofstudent/sa_zhao/build/tod_command_creation': AMENT_PREFIX_PATH=/home/tofstudent/sa_zhao/install/traj_interfaces:/home/tofstudent/sa_zhao/install/tod_msgs:${AMENT_PREFIX_PATH} CMAKE_PREFIX_PATH=/home/tofstudent/sa_zhao/install/traj_interfaces:/home/tofstudent/sa_zhao/install/tod_msgs:/opt/ros/foxy LD_LIBRARY_PATH=/home/tofstudent/sa_zhao/install/traj_interfaces/lib:/home/tofstudent/sa_zhao/install/tod_msgs/lib:${LD_LIBRARY_PATH} PYTHONPATH=/home/tofstudent/sa_zhao/install/traj_interfaces/lib/python3.8/site-packages:/home/tofstudent/sa_zhao/install/tod_msgs/lib/python3.8/site-packages:${PYTHONPATH} /usr/bin/cmake --install /home/tofstudent/sa_zhao/build/tod_command_creation
[0.305s] -- Install configuration: ""
[0.306s] -- Up-to-date: /home/tofstudent/sa_zhao/install/tod_command_creation/share/tod_command_creation/launch
[0.306s] -- Up-to-date: /home/tofstudent/sa_zhao/install/tod_command_creation/share/tod_command_creation/launch/tod_command_creation.launch.xml
[0.306s] -- Up-to-date: /home/tofstudent/sa_zhao/install/tod_command_creation/share/tod_command_creation/config
[0.306s] -- Up-to-date: /home/tofstudent/sa_zhao/install/tod_command_creation/share/tod_command_creation/config/tod_command_creation.param.yaml
[0.306s] -- Up-to-date: /home/tofstudent/sa_zhao/install/tod_command_creation/share/ament_index/resource_index/package_run_dependencies/tod_command_creation
[0.306s] -- Up-to-date: /home/tofstudent/sa_zhao/install/tod_command_creation/share/ament_index/resource_index/parent_prefix_path/tod_command_creation
[0.307s] -- Up-to-date: /home/tofstudent/sa_zhao/install/tod_command_creation/share/tod_command_creation/environment/ament_prefix_path.sh
[0.307s] -- Up-to-date: /home/tofstudent/sa_zhao/install/tod_command_creation/share/tod_command_creation/environment/ament_prefix_path.dsv
[0.307s] -- Up-to-date: /home/tofstudent/sa_zhao/install/tod_command_creation/share/tod_command_creation/environment/path.sh
[0.307s] -- Up-to-date: /home/tofstudent/sa_zhao/install/tod_command_creation/share/tod_command_creation/environment/path.dsv
[0.308s] -- Up-to-date: /home/tofstudent/sa_zhao/install/tod_command_creation/share/tod_command_creation/local_setup.bash
[0.313s] -- Up-to-date: /home/tofstudent/sa_zhao/install/tod_command_creation/share/tod_command_creation/local_setup.sh
[0.314s] -- Up-to-date: /home/tofstudent/sa_zhao/install/tod_command_creation/share/tod_command_creation/local_setup.zsh
[0.314s] -- Up-to-date: /home/tofstudent/sa_zhao/install/tod_command_creation/share/tod_command_creation/local_setup.dsv
[0.314s] -- Installing: /home/tofstudent/sa_zhao/install/tod_command_creation/share/tod_command_creation/package.dsv
[0.315s] -- Up-to-date: /home/tofstudent/sa_zhao/install/tod_command_creation/share/ament_index/resource_index/packages/tod_command_creation
[0.315s] -- Up-to-date: /home/tofstudent/sa_zhao/install/tod_command_creation/share/tod_command_creation/cmake/ament_cmake_export_dependencies-extras.cmake
[0.315s] -- Up-to-date: /home/tofstudent/sa_zhao/install/tod_command_creation/share/tod_command_creation/cmake/tod_command_creationConfig.cmake
[0.315s] -- Up-to-date: /home/tofstudent/sa_zhao/install/tod_command_creation/share/tod_command_creation/cmake/tod_command_creationConfig-version.cmake
[0.316s] -- Up-to-date: /home/tofstudent/sa_zhao/install/tod_command_creation/share/tod_command_creation/package.xml
[0.316s] -- Up-to-date: /home/tofstudent/sa_zhao/install/tod_command_creation/lib/tod_command_creation/OperatorCommandCreator
[0.316s] Invoked command in '/home/tofstudent/sa_zhao/build/tod_command_creation' returned '0': AMENT_PREFIX_PATH=/home/tofstudent/sa_zhao/install/traj_interfaces:/home/tofstudent/sa_zhao/install/tod_msgs:${AMENT_PREFIX_PATH} CMAKE_PREFIX_PATH=/home/tofstudent/sa_zhao/install/traj_interfaces:/home/tofstudent/sa_zhao/install/tod_msgs:/opt/ros/foxy LD_LIBRARY_PATH=/home/tofstudent/sa_zhao/install/traj_interfaces/lib:/home/tofstudent/sa_zhao/install/tod_msgs/lib:${LD_LIBRARY_PATH} PYTHONPATH=/home/tofstudent/sa_zhao/install/traj_interfaces/lib/python3.8/site-packages:/home/tofstudent/sa_zhao/install/tod_msgs/lib/python3.8/site-packages:${PYTHONPATH} /usr/bin/cmake --install /home/tofstudent/sa_zhao/build/tod_command_creation
