[100%] Built target vehicle_info_util
-- Install configuration: ""
-- Up-to-date: /home/tofstudent/sa_zhao/install/vehicle_info_util/include
-- Up-to-date: /home/tofstudent/sa_zhao/install/vehicle_info_util/include/vehicle_info_util
-- Up-to-date: /home/tofstudent/sa_zhao/install/vehicle_info_util/include/vehicle_info_util/vehicle_info_util.hpp
-- Up-to-date: /home/tofstudent/sa_zhao/install/vehicle_info_util/include/vehicle_info_util/vehicle_info.hpp
-- Up-to-date: /home/tofstudent/sa_zhao/install/vehicle_info_util/share/vehicle_info_util/environment/library_path.sh
-- Up-to-date: /home/tofstudent/sa_zhao/install/vehicle_info_util/share/vehicle_info_util/environment/library_path.dsv
-- Up-to-date: /home/tofstudent/sa_zhao/install/vehicle_info_util/lib/libvehicle_info_util.so
-- Up-to-date: /home/tofstudent/sa_zhao/install/vehicle_info_util/share/vehicle_info_util/config
-- Up-to-date: /home/tofstudent/sa_zhao/install/vehicle_info_util/share/vehicle_info_util/config/vehicle_mirror.param.yaml
-- Up-to-date: /home/tofstudent/sa_zhao/install/vehicle_info_util/share/vehicle_info_util/config/vehicle_info.param.yaml
-- Up-to-date: /home/tofstudent/sa_zhao/install/vehicle_info_util/share/vehicle_info_util/config/polygon_remover.yaml
-- Up-to-date: /home/tofstudent/sa_zhao/install/vehicle_info_util/share/vehicle_info_util/launch
-- Up-to-date: /home/tofstudent/sa_zhao/install/vehicle_info_util/share/vehicle_info_util/launch/vehicle_info.launch.py
-- Up-to-date: /home/tofstudent/sa_zhao/install/vehicle_info_util/share/vehicle_info_util/launch/sample.launch.py
-- Up-to-date: /home/tofstudent/sa_zhao/install/vehicle_info_util/share/ament_index/resource_index/package_run_dependencies/vehicle_info_util
-- Up-to-date: /home/tofstudent/sa_zhao/install/vehicle_info_util/share/ament_index/resource_index/parent_prefix_path/vehicle_info_util
-- Up-to-date: /home/tofstudent/sa_zhao/install/vehicle_info_util/share/vehicle_info_util/environment/ament_prefix_path.sh
-- Up-to-date: /home/tofstudent/sa_zhao/install/vehicle_info_util/share/vehicle_info_util/environment/ament_prefix_path.dsv
-- Up-to-date: /home/tofstudent/sa_zhao/install/vehicle_info_util/share/vehicle_info_util/environment/path.sh
-- Up-to-date: /home/tofstudent/sa_zhao/install/vehicle_info_util/share/vehicle_info_util/environment/path.dsv
-- Up-to-date: /home/tofstudent/sa_zhao/install/vehicle_info_util/share/vehicle_info_util/local_setup.bash
-- Up-to-date: /home/tofstudent/sa_zhao/install/vehicle_info_util/share/vehicle_info_util/local_setup.sh
-- Up-to-date: /home/tofstudent/sa_zhao/install/vehicle_info_util/share/vehicle_info_util/local_setup.zsh
-- Up-to-date: /home/tofstudent/sa_zhao/install/vehicle_info_util/share/vehicle_info_util/local_setup.dsv
-- Installing: /home/tofstudent/sa_zhao/install/vehicle_info_util/share/vehicle_info_util/package.dsv
-- Up-to-date: /home/tofstudent/sa_zhao/install/vehicle_info_util/share/ament_index/resource_index/packages/vehicle_info_util
-- Up-to-date: /home/tofstudent/sa_zhao/install/vehicle_info_util/share/vehicle_info_util/cmake/ament_cmake_export_dependencies-extras.cmake
-- Up-to-date: /home/tofstudent/sa_zhao/install/vehicle_info_util/share/vehicle_info_util/cmake/ament_cmake_export_include_directories-extras.cmake
-- Up-to-date: /home/tofstudent/sa_zhao/install/vehicle_info_util/share/vehicle_info_util/cmake/ament_cmake_export_libraries-extras.cmake
-- Up-to-date: /home/tofstudent/sa_zhao/install/vehicle_info_util/share/vehicle_info_util/cmake/vehicle_info_utilConfig.cmake
-- Up-to-date: /home/tofstudent/sa_zhao/install/vehicle_info_util/share/vehicle_info_util/cmake/vehicle_info_utilConfig-version.cmake
-- Up-to-date: /home/tofstudent/sa_zhao/install/vehicle_info_util/share/vehicle_info_util/package.xml
