-- The C compiler identification is GNU 8.4.0
-- The CXX compiler identification is GNU 8.4.0
-- Check for working C compiler: /usr/bin/cc
-- Check for working C compiler: /usr/bin/cc -- works
-- Detecting C compiler ABI info
-- Detecting C compiler ABI info - done
-- Detecting C compile features
-- Detecting C compile features - done
-- Check for working CXX compiler: /usr/bin/c++
-- Check for working CXX compiler: /usr/bin/c++ -- works
-- Detecting CXX compiler ABI info
-- Detecting CXX compiler ABI info - done
-- Detecting CXX compile features
-- Detecting CXX compile features - done
-- Found autoware_cmake: 0.1.0 (/home/tofstudent/sa_zhao/install/autoware_cmake/share/autoware_cmake/cmake)
-- Found ament_cmake_auto: 0.9.11 (/opt/ros/foxy/share/ament_cmake_auto/cmake)
-- Found PythonInterp: /usr/bin/python3 (found suitable version "3.8.10", minimum required is "3") 
-- Using PYTHON_EXECUTABLE: /usr/bin/python3
-- Using all available rosidl_typesupport_c: rosidl_typesupport_fastrtps_c;rosidl_typesupport_introspection_c
-- Found rosidl_adapter: 1.3.0 (/opt/ros/foxy/share/rosidl_adapter/cmake)
-- Found OpenSSL: /usr/lib/x86_64-linux-gnu/libcrypto.so (found version "1.1.1f")  
-- Found FastRTPS: /opt/ros/foxy/include  
-- Using all available rosidl_typesupport_cpp: rosidl_typesupport_fastrtps_cpp;rosidl_typesupport_introspection_cpp
-- Found rmw_implementation_cmake: 1.0.3 (/opt/ros/foxy/share/rmw_implementation_cmake/cmake)
-- Using RMW implementation 'rmw_fastrtps_cpp' as default
-- Looking for pthread.h
-- Looking for pthread.h - found
-- Performing Test CMAKE_HAVE_LIBC_PTHREAD
-- Performing Test CMAKE_HAVE_LIBC_PTHREAD - Failed
-- Looking for pthread_create in pthreads
-- Looking for pthread_create in pthreads - not found
-- Looking for pthread_create in pthread
-- Looking for pthread_create in pthread - found
-- Found Threads: TRUE  
-- Found Eigen3: TRUE (found version "3.3.7") 
-- Found ament_lint_auto: 0.9.7 (/opt/ros/foxy/share/ament_lint_auto/cmake)
-- Configuring done
-- Generating done
-- Build files have been written to: /home/tofstudent/sa_zhao/build/pure_pursuit
[35m[1mScanning dependencies of target pure_pursuit_node_exe[0m
[35m[1mScanning dependencies of target pure_pursuit_core[0m
[ 11%] [32mBuilding CXX object CMakeFiles/pure_pursuit_node_exe.dir/rclcpp_components/node_main_pure_pursuit_node_exe.cpp.o[0m
[ 22%] [32mBuilding CXX object CMakeFiles/pure_pursuit_core.dir/src/pure_pursuit_core/planning_utils.cpp.o[0m
[ 33%] [32mBuilding CXX object CMakeFiles/pure_pursuit_core.dir/src/pure_pursuit_core/pure_pursuit.cpp.o[0m
[ 44%] [32mBuilding CXX object CMakeFiles/pure_pursuit_core.dir/src/pure_pursuit_core/interpolate.cpp.o[0m
[ 55%] [32m[1mLinking CXX executable pure_pursuit_node_exe[0m
[ 55%] Built target pure_pursuit_node_exe
[ 66%] [32m[1mLinking CXX shared library libpure_pursuit_core.so[0m
[ 66%] Built target pure_pursuit_core
[35m[1mScanning dependencies of target pure_pursuit_node[0m
[ 77%] [32mBuilding CXX object CMakeFiles/pure_pursuit_node.dir/src/pure_pursuit/pure_pursuit_viz.cpp.o[0m
[ 88%] [32mBuilding CXX object CMakeFiles/pure_pursuit_node.dir/src/pure_pursuit/pure_pursuit_node.cpp.o[0m
[100%] [32m[1mLinking CXX shared library libpure_pursuit_node.so[0m
[100%] Built target pure_pursuit_node
