[0.039s] Invoking command in '/home/tofstudent/sa_zhao/build/vehicle_info_util': AMENT_PREFIX_PATH=/home/tofstudent/sa_zhao/install/autoware_cmake:${AMENT_PREFIX_PATH} CMAKE_PREFIX_PATH=/home/tofstudent/sa_zhao/install/autoware_cmake:/opt/ros/foxy /usr/bin/cmake /home/tofstudent/sa_zhao/src/vehicle_info_util -DCMAKE_INSTALL_PREFIX=/home/tofstudent/sa_zhao/install/vehicle_info_util
[1.122s] -- The C compiler identification is GNU 8.4.0
[1.123s] -- The CXX compiler identification is GNU 8.4.0
[1.123s] -- Check for working C compiler: /usr/bin/cc
[1.123s] -- Check for working C compiler: /usr/bin/cc -- works
[1.123s] -- Detecting C compiler ABI info
[1.123s] -- Detecting C compiler ABI info - done
[1.123s] -- Detecting C compile features
[1.123s] -- Detecting C compile features - done
[1.123s] -- Check for working CXX compiler: /usr/bin/c++
[1.184s] -- Check for working CXX compiler: /usr/bin/c++ -- works
[1.186s] -- Detecting CXX compiler ABI info
[1.592s] -- Detecting CXX compiler ABI info - done
[1.652s] -- Detecting CXX compile features
[1.653s] -- Detecting CXX compile features - done
[1.662s] -- Found autoware_cmake: 0.1.0 (/home/tofstudent/sa_zhao/install/autoware_cmake/share/autoware_cmake/cmake)
[1.664s] -- Found ament_cmake_auto: 0.9.11 (/opt/ros/foxy/share/ament_cmake_auto/cmake)
[1.793s] -- Found PythonInterp: /usr/bin/python3 (found suitable version "3.8.10", minimum required is "3") 
[1.794s] -- Using PYTHON_EXECUTABLE: /usr/bin/python3
[2.955s] -- Using all available rosidl_typesupport_c: rosidl_typesupport_fastrtps_c;rosidl_typesupport_introspection_c
[2.979s] -- Found rosidl_adapter: 1.3.0 (/opt/ros/foxy/share/rosidl_adapter/cmake)
[3.442s] -- Found OpenSSL: /usr/lib/x86_64-linux-gnu/libcrypto.so (found version "1.1.1f")  
[3.563s] -- Found FastRTPS: /opt/ros/foxy/include  
[3.798s] -- Using all available rosidl_typesupport_cpp: rosidl_typesupport_fastrtps_cpp;rosidl_typesupport_introspection_cpp
[3.963s] -- Found rmw_implementation_cmake: 1.0.3 (/opt/ros/foxy/share/rmw_implementation_cmake/cmake)
[3.966s] -- Using RMW implementation 'rmw_fastrtps_cpp' as default
[3.969s] -- Looking for pthread.h
[4.427s] -- Looking for pthread.h - found
[4.427s] -- Performing Test CMAKE_HAVE_LIBC_PTHREAD
[4.822s] -- Performing Test CMAKE_HAVE_LIBC_PTHREAD - Failed
[4.822s] -- Looking for pthread_create in pthreads
[5.120s] -- Looking for pthread_create in pthreads - not found
[5.120s] -- Looking for pthread_create in pthread
[5.492s] -- Looking for pthread_create in pthread - found
[5.494s] -- Found Threads: TRUE  
[6.072s] -- Found ament_lint_auto: 0.9.7 (/opt/ros/foxy/share/ament_lint_auto/cmake)
[6.117s] -- Configuring done
[6.132s] -- Generating done
[6.136s] -- Build files have been written to: /home/tofstudent/sa_zhao/build/vehicle_info_util
[6.156s] Invoked command in '/home/tofstudent/sa_zhao/build/vehicle_info_util' returned '0': AMENT_PREFIX_PATH=/home/tofstudent/sa_zhao/install/autoware_cmake:${AMENT_PREFIX_PATH} CMAKE_PREFIX_PATH=/home/tofstudent/sa_zhao/install/autoware_cmake:/opt/ros/foxy /usr/bin/cmake /home/tofstudent/sa_zhao/src/vehicle_info_util -DCMAKE_INSTALL_PREFIX=/home/tofstudent/sa_zhao/install/vehicle_info_util
[6.157s] Invoking command in '/home/tofstudent/sa_zhao/build/vehicle_info_util': AMENT_PREFIX_PATH=/home/tofstudent/sa_zhao/install/autoware_cmake:${AMENT_PREFIX_PATH} CMAKE_PREFIX_PATH=/home/tofstudent/sa_zhao/install/autoware_cmake:/opt/ros/foxy /usr/bin/cmake --build /home/tofstudent/sa_zhao/build/vehicle_info_util -- -j8 -l8
[8.347s] [35m[1mScanning dependencies of target vehicle_info_util[0m
[8.348s] [ 50%] [32mBuilding CXX object CMakeFiles/vehicle_info_util.dir/src/vehicle_info_util.cpp.o[0m
[11.595s] [100%] [32m[1mLinking CXX shared library libvehicle_info_util.so[0m
[11.999s] [100%] Built target vehicle_info_util
[12.035s] Invoked command in '/home/tofstudent/sa_zhao/build/vehicle_info_util' returned '0': AMENT_PREFIX_PATH=/home/tofstudent/sa_zhao/install/autoware_cmake:${AMENT_PREFIX_PATH} CMAKE_PREFIX_PATH=/home/tofstudent/sa_zhao/install/autoware_cmake:/opt/ros/foxy /usr/bin/cmake --build /home/tofstudent/sa_zhao/build/vehicle_info_util -- -j8 -l8
[12.298s] Invoking command in '/home/tofstudent/sa_zhao/build/vehicle_info_util': AMENT_PREFIX_PATH=/home/tofstudent/sa_zhao/install/autoware_cmake:${AMENT_PREFIX_PATH} CMAKE_PREFIX_PATH=/home/tofstudent/sa_zhao/install/autoware_cmake:/opt/ros/foxy /usr/bin/cmake --install /home/tofstudent/sa_zhao/build/vehicle_info_util
[12.338s] -- Install configuration: ""
[12.338s] -- Installing: /home/tofstudent/sa_zhao/install/vehicle_info_util/include
[12.338s] -- Installing: /home/tofstudent/sa_zhao/install/vehicle_info_util/include/vehicle_info_util
[12.339s] -- Installing: /home/tofstudent/sa_zhao/install/vehicle_info_util/include/vehicle_info_util/vehicle_info_util.hpp
[12.339s] -- Installing: /home/tofstudent/sa_zhao/install/vehicle_info_util/include/vehicle_info_util/vehicle_info.hpp
[12.339s] -- Installing: /home/tofstudent/sa_zhao/install/vehicle_info_util/share/vehicle_info_util/environment/library_path.sh
[12.340s] -- Installing: /home/tofstudent/sa_zhao/install/vehicle_info_util/share/vehicle_info_util/environment/library_path.dsv
[12.340s] -- Installing: /home/tofstudent/sa_zhao/install/vehicle_info_util/lib/libvehicle_info_util.so
[12.355s] -- Set runtime path of "/home/tofstudent/sa_zhao/install/vehicle_info_util/lib/libvehicle_info_util.so" to ""
[12.355s] -- Installing: /home/tofstudent/sa_zhao/install/vehicle_info_util/share/vehicle_info_util/config
[12.355s] -- Installing: /home/tofstudent/sa_zhao/install/vehicle_info_util/share/vehicle_info_util/config/vehicle_mirror.param.yaml
[12.356s] -- Installing: /home/tofstudent/sa_zhao/install/vehicle_info_util/share/vehicle_info_util/config/vehicle_info.param.yaml
[12.356s] -- Installing: /home/tofstudent/sa_zhao/install/vehicle_info_util/share/vehicle_info_util/config/polygon_remover.yaml
[12.356s] -- Installing: /home/tofstudent/sa_zhao/install/vehicle_info_util/share/vehicle_info_util/launch
[12.356s] -- Installing: /home/tofstudent/sa_zhao/install/vehicle_info_util/share/vehicle_info_util/launch/vehicle_info.launch.py
[12.357s] -- Installing: /home/tofstudent/sa_zhao/install/vehicle_info_util/share/vehicle_info_util/launch/sample.launch.py
[12.357s] -- Installing: /home/tofstudent/sa_zhao/install/vehicle_info_util/share/ament_index/resource_index/package_run_dependencies/vehicle_info_util
[12.358s] -- Installing: /home/tofstudent/sa_zhao/install/vehicle_info_util/share/ament_index/resource_index/parent_prefix_path/vehicle_info_util
[12.358s] -- Installing: /home/tofstudent/sa_zhao/install/vehicle_info_util/share/vehicle_info_util/environment/ament_prefix_path.sh
[12.359s] -- Installing: /home/tofstudent/sa_zhao/install/vehicle_info_util/share/vehicle_info_util/environment/ament_prefix_path.dsv
[12.359s] -- Installing: /home/tofstudent/sa_zhao/install/vehicle_info_util/share/vehicle_info_util/environment/path.sh
[12.360s] -- Installing: /home/tofstudent/sa_zhao/install/vehicle_info_util/share/vehicle_info_util/environment/path.dsv
[12.360s] -- Installing: /home/tofstudent/sa_zhao/install/vehicle_info_util/share/vehicle_info_util/local_setup.bash
[12.360s] -- Installing: /home/tofstudent/sa_zhao/install/vehicle_info_util/share/vehicle_info_util/local_setup.sh
[12.361s] -- Installing: /home/tofstudent/sa_zhao/install/vehicle_info_util/share/vehicle_info_util/local_setup.zsh
[12.361s] -- Installing: /home/tofstudent/sa_zhao/install/vehicle_info_util/share/vehicle_info_util/local_setup.dsv
[12.361s] -- Installing: /home/tofstudent/sa_zhao/install/vehicle_info_util/share/vehicle_info_util/package.dsv
[12.362s] -- Installing: /home/tofstudent/sa_zhao/install/vehicle_info_util/share/ament_index/resource_index/packages/vehicle_info_util
[12.362s] -- Installing: /home/tofstudent/sa_zhao/install/vehicle_info_util/share/vehicle_info_util/cmake/ament_cmake_export_dependencies-extras.cmake
[12.363s] -- Installing: /home/tofstudent/sa_zhao/install/vehicle_info_util/share/vehicle_info_util/cmake/ament_cmake_export_include_directories-extras.cmake
[12.363s] -- Installing: /home/tofstudent/sa_zhao/install/vehicle_info_util/share/vehicle_info_util/cmake/ament_cmake_export_libraries-extras.cmake
[12.364s] -- Installing: /home/tofstudent/sa_zhao/install/vehicle_info_util/share/vehicle_info_util/cmake/vehicle_info_utilConfig.cmake
[12.364s] -- Installing: /home/tofstudent/sa_zhao/install/vehicle_info_util/share/vehicle_info_util/cmake/vehicle_info_utilConfig-version.cmake
[12.364s] -- Installing: /home/tofstudent/sa_zhao/install/vehicle_info_util/share/vehicle_info_util/package.xml
[12.371s] Invoked command in '/home/tofstudent/sa_zhao/build/vehicle_info_util' returned '0': AMENT_PREFIX_PATH=/home/tofstudent/sa_zhao/install/autoware_cmake:${AMENT_PREFIX_PATH} CMAKE_PREFIX_PATH=/home/tofstudent/sa_zhao/install/autoware_cmake:/opt/ros/foxy /usr/bin/cmake --install /home/tofstudent/sa_zhao/build/vehicle_info_util
