[ 37%] Built target UsbInputDevice
[35m[1mScanning dependencies of target InputDevice[0m
[ 50%] [32mBuilding CXX object src/CMakeFiles/InputDevice.dir/InputDeviceNode.cpp.o[0m
[ 62%] [32mBuilding CXX object src/CMakeFiles/InputDevice.dir/RosInterface.cpp.o[0m
[ 75%] [32mBuilding CXX object src/CMakeFiles/InputDevice.dir/InputDeviceController.cpp.o[0m
[01m[K/home/tofstudent/sa_zhao/src/tod_input_devices/src/InputDeviceController.cpp:[m[K In constructor ‘[01m[KInputDeviceController::InputDeviceController(int, char**)[m[K’:
[01m[K/home/tofstudent/sa_zhao/src/tod_input_devices/src/InputDeviceController.cpp:28:49:[m[K [01;31m[Kerror: [m[K‘[01m[KVirtualInputDevice[m[K’ was not declared in this scope
     _inputDevices["Virtual"] = std::make_shared<[01;31m[KVirtualInputDevice[m[K>(axisCallback, buttonCallback);
                                                 [01;31m[K^~~~~~~~~~~~~~~~~~[m[K
[01m[K/home/tofstudent/sa_zhao/src/tod_input_devices/src/InputDeviceController.cpp:28:49:[m[K [01;36m[Knote: [m[Ksuggested alternative: ‘[01m[KInputDevice[m[K’
     _inputDevices["Virtual"] = std::make_shared<[01;36m[KVirtualInputDevice[m[K>(axisCallback, buttonCallback);
                                                 [01;36m[K^~~~~~~~~~~~~~~~~~[m[K
                                                 [32m[KInputDevice[m[K
[01m[K/home/tofstudent/sa_zhao/src/tod_input_devices/src/InputDeviceController.cpp:28:97:[m[K [01;31m[Kerror: [m[Kno matching function for call to ‘[01m[Kmake_shared<<expression error> >(std::_Bind<void (InputDeviceController::*(InputDeviceController*, std::_Placeholder<1>, std::_Placeholder<2>))(int, double)>&, std::_Bind<void (InputDeviceController::*(InputDeviceController*, std::_Placeholder<1>, std::_Placeholder<2>))(int, int)>&)[m[K’
     _inputDevices["Virtual"] = std::make_shared<VirtualInputDevice>(axisCallback, buttonCallback[01;31m[K)[m[K;
                                                                                                 [01;31m[K^[m[K
In file included from [01m[K/usr/include/c++/8/memory:81[m[K,
                 from [01m[K/opt/ros/foxy/include/rclcpp/rclcpp.hpp:144[m[K,
                 from [01m[K/home/tofstudent/sa_zhao/src/tod_input_devices/src/InputDeviceController.h:4[m[K,
                 from [01m[K/home/tofstudent/sa_zhao/src/tod_input_devices/src/InputDeviceController.cpp:3[m[K:
[01m[K/usr/include/c++/8/bits/shared_ptr.h:718:5:[m[K [01;36m[Knote: [m[Kcandidate: ‘[01m[Ktemplate<class _Tp, class ... _Args> std::shared_ptr<_Tp> std::make_shared(_Args&& ...)[m[K’
     [01;36m[Kmake_shared[m[K(_Args&&... __args)
     [01;36m[K^~~~~~~~~~~[m[K
[01m[K/usr/include/c++/8/bits/shared_ptr.h:718:5:[m[K [01;36m[Knote: [m[K  template argument deduction/substitution failed:
[01m[K/home/tofstudent/sa_zhao/src/tod_input_devices/src/InputDeviceController.cpp:28:97:[m[K [01;31m[Kerror: [m[Ktemplate argument 1 is invalid
     _inputDevices["Virtual"] = std::make_shared<VirtualInputDevice>(axisCallback, buttonCallback[01;31m[K)[m[K;
                                                                                                 [01;31m[K^[m[K
make[2]: *** [src/CMakeFiles/InputDevice.dir/build.make:63: src/CMakeFiles/InputDevice.dir/InputDeviceController.cpp.o] Error 1
make[2]: *** Waiting for unfinished jobs....
make[1]: *** [CMakeFiles/Makefile2:170: src/CMakeFiles/InputDevice.dir/all] Error 2
make: *** [Makefile:141: all] Error 2
