[0.034s] Invoking command in '/home/tofstudent/sa_zhao/build/tod_input_devices': CMAKE_PREFIX_PATH=/home/tofstudent/sa_zhao/install/tod_msgs:/home/tofstudent/sa_zhao/install/pure_pursuit:/home/tofstudent/sa_zhao/install/vehicle_info_util:/home/tofstudent/sa_zhao/install/interactive_trajectory:/home/tofstudent/sa_zhao/install/tod_command_creation:/home/tofstudent/sa_zhao/install/random_trajectory:/home/tofstudent/sa_zhao/install/traj_interfaces:/home/tofstudent/sa_zhao/install/tod_input_devices:/home/tofstudent/sa_zhao/install/carla_ackermann_msgs:/home/tofstudent/sa_zhao/install/carla_msgs:/home/tofstudent/sa_zhao/install/autoware_cmake:/home/tofstudent/sa_zhao/install/autoware_auto_vehicle_msgs:/home/tofstudent/sa_zhao/install/autoware_auto_planning_msgs:/home/tofstudent/sa_zhao/install/autoware_auto_control_msgs:/home/tofstudent/sa_zhao/install/carla_ackermann_control:/home/tofstudent/sa_zhao/install/carla_ros_bridge:/home/tofstudent/sa_zhao/install/carla_spawn_objects:/home/tofstudent/sa_zhao/install/ros_compatibility:/home/tofstudent/sa_zhao/install/carla_common:/opt/ros/foxy LD_LIBRARY_PATH=/home/tofstudent/sa_zhao/install/tod_msgs/lib:/home/tofstudent/sa_zhao/install/pure_pursuit/lib:/home/tofstudent/sa_zhao/install/vehicle_info_util/lib:/home/tofstudent/sa_zhao/install/traj_interfaces/lib:/home/tofstudent/sa_zhao/install/carla_ackermann_msgs/lib:/home/tofstudent/sa_zhao/install/carla_msgs/lib:/home/tofstudent/sa_zhao/install/autoware_auto_vehicle_msgs/lib:/home/tofstudent/sa_zhao/install/autoware_auto_planning_msgs/lib:/home/tofstudent/sa_zhao/install/autoware_auto_control_msgs/lib:/opt/ros/foxy/opt/yaml_cpp_vendor/lib:/opt/ros/foxy/opt/rviz_ogre_vendor/lib:/opt/ros/foxy/lib/x86_64-linux-gnu:/opt/ros/foxy/lib PYTHONPATH=/home/tofstudent/sa_zhao/install/tod_msgs/lib/python3.8/site-packages:/home/tofstudent/sa_zhao/install/traj_interfaces/lib/python3.8/site-packages:/home/tofstudent/sa_zhao/install/carla_ackermann_control/lib/python3.8/site-packages:/home/tofstudent/sa_zhao/install/carla_ros_bridge/lib/python3.8/site-packages:/home/tofstudent/sa_zhao/install/carla_spawn_objects/lib/python3.8/site-packages:/home/tofstudent/sa_zhao/install/ros_compatibility/lib/python3.8/site-packages:/home/tofstudent/sa_zhao/install/carla_ackermann_msgs/lib/python3.8/site-packages:/home/tofstudent/sa_zhao/install/carla_msgs/lib/python3.8/site-packages:/home/tofstudent/sa_zhao/install/carla_common/lib/python3.8/site-packages:/home/tofstudent/sa_zhao/install/autoware_auto_vehicle_msgs/lib/python3.8/site-packages:/home/tofstudent/sa_zhao/install/autoware_auto_planning_msgs/lib/python3.8/site-packages:/home/tofstudent/sa_zhao/install/autoware_auto_control_msgs/lib/python3.8/site-packages:/opt/ros/foxy/lib/python3.8/site-packages /usr/bin/cmake --build /home/tofstudent/sa_zhao/build/tod_input_devices -- -j8 -l8
[0.144s] [ 37%] Built target UsbInputDevice
[0.184s] [35m[1mScanning dependencies of target InputDevice[0m
[0.284s] [ 50%] [32mBuilding CXX object src/CMakeFiles/InputDevice.dir/InputDeviceNode.cpp.o[0m
[0.284s] [ 62%] [32mBuilding CXX object src/CMakeFiles/InputDevice.dir/RosInterface.cpp.o[0m
[0.287s] [ 75%] [32mBuilding CXX object src/CMakeFiles/InputDevice.dir/InputDeviceController.cpp.o[0m
[1.673s] [01m[K/home/tofstudent/sa_zhao/src/tod_input_devices/src/InputDeviceController.cpp:[m[K In constructor ‘[01m[KInputDeviceController::InputDeviceController(int, char**)[m[K’:
[1.673s] [01m[K/home/tofstudent/sa_zhao/src/tod_input_devices/src/InputDeviceController.cpp:28:49:[m[K [01;31m[Kerror: [m[K‘[01m[KVirtualInputDevice[m[K’ was not declared in this scope
[1.674s]      _inputDevices["Virtual"] = std::make_shared<[01;31m[KVirtualInputDevice[m[K>(axisCallback, buttonCallback);
[1.674s]                                                  [01;31m[K^~~~~~~~~~~~~~~~~~[m[K
[1.677s] [01m[K/home/tofstudent/sa_zhao/src/tod_input_devices/src/InputDeviceController.cpp:28:49:[m[K [01;36m[Knote: [m[Ksuggested alternative: ‘[01m[KInputDevice[m[K’
[1.677s]      _inputDevices["Virtual"] = std::make_shared<[01;36m[KVirtualInputDevice[m[K>(axisCallback, buttonCallback);
[1.677s]                                                  [01;36m[K^~~~~~~~~~~~~~~~~~[m[K
[1.677s]                                                  [32m[KInputDevice[m[K
[1.678s] [01m[K/home/tofstudent/sa_zhao/src/tod_input_devices/src/InputDeviceController.cpp:28:97:[m[K [01;31m[Kerror: [m[Kno matching function for call to ‘[01m[Kmake_shared<<expression error> >(std::_Bind<void (InputDeviceController::*(InputDeviceController*, std::_Placeholder<1>, std::_Placeholder<2>))(int, double)>&, std::_Bind<void (InputDeviceController::*(InputDeviceController*, std::_Placeholder<1>, std::_Placeholder<2>))(int, int)>&)[m[K’
[1.678s]      _inputDevices["Virtual"] = std::make_shared<VirtualInputDevice>(axisCallback, buttonCallback[01;31m[K)[m[K;
[1.678s]                                                                                                  [01;31m[K^[m[K
[1.678s] In file included from [01m[K/usr/include/c++/8/memory:81[m[K,
[1.678s]                  from [01m[K/opt/ros/foxy/include/rclcpp/rclcpp.hpp:144[m[K,
[1.678s]                  from [01m[K/home/tofstudent/sa_zhao/src/tod_input_devices/src/InputDeviceController.h:4[m[K,
[1.678s]                  from [01m[K/home/tofstudent/sa_zhao/src/tod_input_devices/src/InputDeviceController.cpp:3[m[K:
[1.678s] [01m[K/usr/include/c++/8/bits/shared_ptr.h:718:5:[m[K [01;36m[Knote: [m[Kcandidate: ‘[01m[Ktemplate<class _Tp, class ... _Args> std::shared_ptr<_Tp> std::make_shared(_Args&& ...)[m[K’
[1.678s]      [01;36m[Kmake_shared[m[K(_Args&&... __args)
[1.678s]      [01;36m[K^~~~~~~~~~~[m[K
[1.678s] [01m[K/usr/include/c++/8/bits/shared_ptr.h:718:5:[m[K [01;36m[Knote: [m[K  template argument deduction/substitution failed:
[1.679s] [01m[K/home/tofstudent/sa_zhao/src/tod_input_devices/src/InputDeviceController.cpp:28:97:[m[K [01;31m[Kerror: [m[Ktemplate argument 1 is invalid
[1.679s]      _inputDevices["Virtual"] = std::make_shared<VirtualInputDevice>(axisCallback, buttonCallback[01;31m[K)[m[K;
[1.679s]                                                                                                  [01;31m[K^[m[K
[2.523s] make[2]: *** [src/CMakeFiles/InputDevice.dir/build.make:63: src/CMakeFiles/InputDevice.dir/InputDeviceController.cpp.o] Error 1
[2.523s] make[2]: *** Waiting for unfinished jobs....
[3.536s] make[1]: *** [CMakeFiles/Makefile2:170: src/CMakeFiles/InputDevice.dir/all] Error 2
[3.536s] make: *** [Makefile:141: all] Error 2
[3.542s] Invoked command in '/home/tofstudent/sa_zhao/build/tod_input_devices' returned '2': CMAKE_PREFIX_PATH=/home/tofstudent/sa_zhao/install/tod_msgs:/home/tofstudent/sa_zhao/install/pure_pursuit:/home/tofstudent/sa_zhao/install/vehicle_info_util:/home/tofstudent/sa_zhao/install/interactive_trajectory:/home/tofstudent/sa_zhao/install/tod_command_creation:/home/tofstudent/sa_zhao/install/random_trajectory:/home/tofstudent/sa_zhao/install/traj_interfaces:/home/tofstudent/sa_zhao/install/tod_input_devices:/home/tofstudent/sa_zhao/install/carla_ackermann_msgs:/home/tofstudent/sa_zhao/install/carla_msgs:/home/tofstudent/sa_zhao/install/autoware_cmake:/home/tofstudent/sa_zhao/install/autoware_auto_vehicle_msgs:/home/tofstudent/sa_zhao/install/autoware_auto_planning_msgs:/home/tofstudent/sa_zhao/install/autoware_auto_control_msgs:/home/tofstudent/sa_zhao/install/carla_ackermann_control:/home/tofstudent/sa_zhao/install/carla_ros_bridge:/home/tofstudent/sa_zhao/install/carla_spawn_objects:/home/tofstudent/sa_zhao/install/ros_compatibility:/home/tofstudent/sa_zhao/install/carla_common:/opt/ros/foxy LD_LIBRARY_PATH=/home/tofstudent/sa_zhao/install/tod_msgs/lib:/home/tofstudent/sa_zhao/install/pure_pursuit/lib:/home/tofstudent/sa_zhao/install/vehicle_info_util/lib:/home/tofstudent/sa_zhao/install/traj_interfaces/lib:/home/tofstudent/sa_zhao/install/carla_ackermann_msgs/lib:/home/tofstudent/sa_zhao/install/carla_msgs/lib:/home/tofstudent/sa_zhao/install/autoware_auto_vehicle_msgs/lib:/home/tofstudent/sa_zhao/install/autoware_auto_planning_msgs/lib:/home/tofstudent/sa_zhao/install/autoware_auto_control_msgs/lib:/opt/ros/foxy/opt/yaml_cpp_vendor/lib:/opt/ros/foxy/opt/rviz_ogre_vendor/lib:/opt/ros/foxy/lib/x86_64-linux-gnu:/opt/ros/foxy/lib PYTHONPATH=/home/tofstudent/sa_zhao/install/tod_msgs/lib/python3.8/site-packages:/home/tofstudent/sa_zhao/install/traj_interfaces/lib/python3.8/site-packages:/home/tofstudent/sa_zhao/install/carla_ackermann_control/lib/python3.8/site-packages:/home/tofstudent/sa_zhao/install/carla_ros_bridge/lib/python3.8/site-packages:/home/tofstudent/sa_zhao/install/carla_spawn_objects/lib/python3.8/site-packages:/home/tofstudent/sa_zhao/install/ros_compatibility/lib/python3.8/site-packages:/home/tofstudent/sa_zhao/install/carla_ackermann_msgs/lib/python3.8/site-packages:/home/tofstudent/sa_zhao/install/carla_msgs/lib/python3.8/site-packages:/home/tofstudent/sa_zhao/install/carla_common/lib/python3.8/site-packages:/home/tofstudent/sa_zhao/install/autoware_auto_vehicle_msgs/lib/python3.8/site-packages:/home/tofstudent/sa_zhao/install/autoware_auto_planning_msgs/lib/python3.8/site-packages:/home/tofstudent/sa_zhao/install/autoware_auto_control_msgs/lib/python3.8/site-packages:/opt/ros/foxy/lib/python3.8/site-packages /usr/bin/cmake --build /home/tofstudent/sa_zhao/build/tod_input_devices -- -j8 -l8
