[0.144s] Invoking command in '/home/tofstudent/sa_zhao/build/tod_command_creation': AMENT_PREFIX_PATH=/home/tofstudent/sa_zhao/install/traj_interfaces:/home/tofstudent/sa_zhao/install/tod_msgs:${AMENT_PREFIX_PATH} CMAKE_PREFIX_PATH=/home/tofstudent/sa_zhao/install/traj_interfaces:/home/tofstudent/sa_zhao/install/tod_msgs:/opt/ros/foxy LD_LIBRARY_PATH=/home/tofstudent/sa_zhao/install/traj_interfaces/lib:/home/tofstudent/sa_zhao/install/tod_msgs/lib:${LD_LIBRARY_PATH} PYTHONPATH=/home/tofstudent/sa_zhao/install/traj_interfaces/lib/python3.8/site-packages:/home/tofstudent/sa_zhao/install/tod_msgs/lib/python3.8/site-packages:${PYTHONPATH} /usr/bin/cmake /home/tofstudent/sa_zhao/src/tod_command_creation -DCMAKE_INSTALL_PREFIX=/home/tofstudent/sa_zhao/install/tod_command_creation
[0.338s] -- The C compiler identification is GNU 8.4.0
[0.434s] -- The CXX compiler identification is GNU 8.4.0
[0.445s] -- Check for working C compiler: /usr/bin/cc
[0.569s] -- Check for working C compiler: /usr/bin/cc -- works
[0.572s] -- Detecting C compiler ABI info
[0.691s] -- Detecting C compiler ABI info - done
[0.708s] -- Detecting C compile features
[0.709s] -- Detecting C compile features - done
[0.713s] -- Check for working CXX compiler: /usr/bin/c++
[0.880s] -- Check for working CXX compiler: /usr/bin/c++ -- works
[0.882s] -- Detecting CXX compiler ABI info
[1.043s] -- Detecting CXX compiler ABI info - done
[1.079s] -- Detecting CXX compile features
[1.080s] -- Detecting CXX compile features - done
[1.084s] -- Found ament_cmake: 0.9.11 (/opt/ros/foxy/share/ament_cmake/cmake)
[1.132s] -- Found PythonInterp: /usr/bin/python3 (found suitable version "3.8.10", minimum required is "3") 
[1.133s] -- Using PYTHON_EXECUTABLE: /usr/bin/python3
[1.448s] -- Found rclcpp: 2.4.2 (/opt/ros/foxy/share/rclcpp/cmake)
[1.542s] -- Using all available rosidl_typesupport_c: rosidl_typesupport_fastrtps_c;rosidl_typesupport_introspection_c
[1.552s] -- Found rosidl_adapter: 1.3.0 (/opt/ros/foxy/share/rosidl_adapter/cmake)
[1.714s] -- Found OpenSSL: /usr/lib/x86_64-linux-gnu/libcrypto.so (found version "1.1.1f")  
[1.758s] -- Found FastRTPS: /opt/ros/foxy/include  
[1.877s] -- Using all available rosidl_typesupport_cpp: rosidl_typesupport_fastrtps_cpp;rosidl_typesupport_introspection_cpp
[1.974s] -- Found rmw_implementation_cmake: 1.0.3 (/opt/ros/foxy/share/rmw_implementation_cmake/cmake)
[1.976s] -- Using RMW implementation 'rmw_fastrtps_cpp' as default
[1.978s] -- Looking for pthread.h
[2.122s] -- Looking for pthread.h - found
[2.123s] -- Performing Test CMAKE_HAVE_LIBC_PTHREAD
[2.231s] -- Performing Test CMAKE_HAVE_LIBC_PTHREAD - Failed
[2.231s] -- Looking for pthread_create in pthreads
[2.319s] -- Looking for pthread_create in pthreads - not found
[2.319s] -- Looking for pthread_create in pthread
[2.413s] -- Looking for pthread_create in pthread - found
[2.415s] -- Found Threads: TRUE  
[2.613s] -- Found tod_msgs: 1.0.0 (/home/tofstudent/sa_zhao/install/tod_msgs/share/tod_msgs/cmake)
[2.999s] CMake Error at CMakeLists.txt:12 (find_package):
[2.999s]   By not providing "Findtod_helper.cmake" in CMAKE_MODULE_PATH this project
[3.000s]   has asked CMake to find a package configuration file provided by
[3.000s]   "tod_helper", but CMake did not find one.
[3.000s] 
[3.000s]   Could not find a package configuration file provided by "tod_helper" with
[3.000s]   any of the following names:
[3.000s] 
[3.000s]     tod_helperConfig.cmake
[3.000s]     tod_helper-config.cmake
[3.000s] 
[3.000s]   Add the installation prefix of "tod_helper" to CMAKE_PREFIX_PATH or set
[3.000s]   "tod_helper_DIR" to a directory containing one of the above files.  If
[3.000s]   "tod_helper" provides a separate development package or SDK, be sure it has
[3.001s]   been installed.
[3.001s] 
[3.001s] 
[3.002s] -- Configuring incomplete, errors occurred!
[3.002s] See also "/home/tofstudent/sa_zhao/build/tod_command_creation/CMakeFiles/CMakeOutput.log".
[3.002s] See also "/home/tofstudent/sa_zhao/build/tod_command_creation/CMakeFiles/CMakeError.log".
[3.017s] Invoked command in '/home/tofstudent/sa_zhao/build/tod_command_creation' returned '1': AMENT_PREFIX_PATH=/home/tofstudent/sa_zhao/install/traj_interfaces:/home/tofstudent/sa_zhao/install/tod_msgs:${AMENT_PREFIX_PATH} CMAKE_PREFIX_PATH=/home/tofstudent/sa_zhao/install/traj_interfaces:/home/tofstudent/sa_zhao/install/tod_msgs:/opt/ros/foxy LD_LIBRARY_PATH=/home/tofstudent/sa_zhao/install/traj_interfaces/lib:/home/tofstudent/sa_zhao/install/tod_msgs/lib:${LD_LIBRARY_PATH} PYTHONPATH=/home/tofstudent/sa_zhao/install/traj_interfaces/lib/python3.8/site-packages:/home/tofstudent/sa_zhao/install/tod_msgs/lib/python3.8/site-packages:${PYTHONPATH} /usr/bin/cmake /home/tofstudent/sa_zhao/src/tod_command_creation -DCMAKE_INSTALL_PREFIX=/home/tofstudent/sa_zhao/install/tod_command_creation
