[0.098s] Invoking command in '/home/tofstudent/sa_zhao/build/pure_pursuit': AMENT_PREFIX_PATH=/home/tofstudent/sa_zhao/install/vehicle_info_util:/home/tofstudent/sa_zhao/install/autoware_cmake:/home/tofstudent/sa_zhao/install/autoware_auto_vehicle_msgs:/home/tofstudent/sa_zhao/install/autoware_auto_planning_msgs:/home/tofstudent/sa_zhao/install/autoware_auto_control_msgs:${AMENT_PREFIX_PATH} CMAKE_PREFIX_PATH=/home/tofstudent/sa_zhao/install/vehicle_info_util:/home/tofstudent/sa_zhao/install/autoware_cmake:/home/tofstudent/sa_zhao/install/autoware_auto_vehicle_msgs:/home/tofstudent/sa_zhao/install/autoware_auto_planning_msgs:/home/tofstudent/sa_zhao/install/autoware_auto_control_msgs:/opt/ros/foxy LD_LIBRARY_PATH=/home/tofstudent/sa_zhao/install/vehicle_info_util/lib:/home/tofstudent/sa_zhao/install/autoware_auto_vehicle_msgs/lib:/home/tofstudent/sa_zhao/install/autoware_auto_planning_msgs/lib:/home/tofstudent/sa_zhao/install/autoware_auto_control_msgs/lib:${LD_LIBRARY_PATH} PYTHONPATH=/home/tofstudent/sa_zhao/install/autoware_auto_vehicle_msgs/lib/python3.8/site-packages:/home/tofstudent/sa_zhao/install/autoware_auto_planning_msgs/lib/python3.8/site-packages:/home/tofstudent/sa_zhao/install/autoware_auto_control_msgs/lib/python3.8/site-packages:${PYTHONPATH} /usr/bin/cmake --build /home/tofstudent/sa_zhao/build/pure_pursuit -- -j8 -l8
[0.188s] [ 22%] Built target pure_pursuit_node_exe
[0.205s] [ 66%] Built target pure_pursuit_core
[0.265s] [100%] Built target pure_pursuit_node
[0.279s] Invoked command in '/home/tofstudent/sa_zhao/build/pure_pursuit' returned '0': AMENT_PREFIX_PATH=/home/tofstudent/sa_zhao/install/vehicle_info_util:/home/tofstudent/sa_zhao/install/autoware_cmake:/home/tofstudent/sa_zhao/install/autoware_auto_vehicle_msgs:/home/tofstudent/sa_zhao/install/autoware_auto_planning_msgs:/home/tofstudent/sa_zhao/install/autoware_auto_control_msgs:${AMENT_PREFIX_PATH} CMAKE_PREFIX_PATH=/home/tofstudent/sa_zhao/install/vehicle_info_util:/home/tofstudent/sa_zhao/install/autoware_cmake:/home/tofstudent/sa_zhao/install/autoware_auto_vehicle_msgs:/home/tofstudent/sa_zhao/install/autoware_auto_planning_msgs:/home/tofstudent/sa_zhao/install/autoware_auto_control_msgs:/opt/ros/foxy LD_LIBRARY_PATH=/home/tofstudent/sa_zhao/install/vehicle_info_util/lib:/home/tofstudent/sa_zhao/install/autoware_auto_vehicle_msgs/lib:/home/tofstudent/sa_zhao/install/autoware_auto_planning_msgs/lib:/home/tofstudent/sa_zhao/install/autoware_auto_control_msgs/lib:${LD_LIBRARY_PATH} PYTHONPATH=/home/tofstudent/sa_zhao/install/autoware_auto_vehicle_msgs/lib/python3.8/site-packages:/home/tofstudent/sa_zhao/install/autoware_auto_planning_msgs/lib/python3.8/site-packages:/home/tofstudent/sa_zhao/install/autoware_auto_control_msgs/lib/python3.8/site-packages:${PYTHONPATH} /usr/bin/cmake --build /home/tofstudent/sa_zhao/build/pure_pursuit -- -j8 -l8
[0.325s] Invoking command in '/home/tofstudent/sa_zhao/build/pure_pursuit': AMENT_PREFIX_PATH=/home/tofstudent/sa_zhao/install/vehicle_info_util:/home/tofstudent/sa_zhao/install/autoware_cmake:/home/tofstudent/sa_zhao/install/autoware_auto_vehicle_msgs:/home/tofstudent/sa_zhao/install/autoware_auto_planning_msgs:/home/tofstudent/sa_zhao/install/autoware_auto_control_msgs:${AMENT_PREFIX_PATH} CMAKE_PREFIX_PATH=/home/tofstudent/sa_zhao/install/vehicle_info_util:/home/tofstudent/sa_zhao/install/autoware_cmake:/home/tofstudent/sa_zhao/install/autoware_auto_vehicle_msgs:/home/tofstudent/sa_zhao/install/autoware_auto_planning_msgs:/home/tofstudent/sa_zhao/install/autoware_auto_control_msgs:/opt/ros/foxy LD_LIBRARY_PATH=/home/tofstudent/sa_zhao/install/vehicle_info_util/lib:/home/tofstudent/sa_zhao/install/autoware_auto_vehicle_msgs/lib:/home/tofstudent/sa_zhao/install/autoware_auto_planning_msgs/lib:/home/tofstudent/sa_zhao/install/autoware_auto_control_msgs/lib:${LD_LIBRARY_PATH} PYTHONPATH=/home/tofstudent/sa_zhao/install/autoware_auto_vehicle_msgs/lib/python3.8/site-packages:/home/tofstudent/sa_zhao/install/autoware_auto_planning_msgs/lib/python3.8/site-packages:/home/tofstudent/sa_zhao/install/autoware_auto_control_msgs/lib/python3.8/site-packages:${PYTHONPATH} /usr/bin/cmake --install /home/tofstudent/sa_zhao/build/pure_pursuit
[0.338s] -- Install configuration: ""
[0.344s] -- Up-to-date: /home/tofstudent/sa_zhao/install/pure_pursuit/lib/pure_pursuit/pure_pursuit_node_exe
[0.344s] -- Up-to-date: /home/tofstudent/sa_zhao/install/pure_pursuit/include
[0.344s] -- Up-to-date: /home/tofstudent/sa_zhao/install/pure_pursuit/include/trajectory_follower
[0.344s] -- Up-to-date: /home/tofstudent/sa_zhao/install/pure_pursuit/include/trajectory_follower/sync_data.hpp
[0.345s] -- Up-to-date: /home/tofstudent/sa_zhao/install/pure_pursuit/include/trajectory_follower/lateral_controller_base.hpp
[0.345s] -- Up-to-date: /home/tofstudent/sa_zhao/install/pure_pursuit/include/trajectory_follower/input_data.hpp
[0.345s] -- Up-to-date: /home/tofstudent/sa_zhao/install/pure_pursuit/include/pure_pursuit
[0.345s] -- Up-to-date: /home/tofstudent/sa_zhao/install/pure_pursuit/include/pure_pursuit/pure_pursuit.hpp
[0.346s] -- Up-to-date: /home/tofstudent/sa_zhao/install/pure_pursuit/include/pure_pursuit/pure_pursuit_lateral_controller.hpp
[0.346s] -- Up-to-date: /home/tofstudent/sa_zhao/install/pure_pursuit/include/pure_pursuit/pure_pursuit_node.hpp
[0.346s] -- Up-to-date: /home/tofstudent/sa_zhao/install/pure_pursuit/include/pure_pursuit/pure_pursuit_viz.hpp
[0.346s] -- Up-to-date: /home/tofstudent/sa_zhao/install/pure_pursuit/include/pure_pursuit/util
[0.346s] -- Up-to-date: /home/tofstudent/sa_zhao/install/pure_pursuit/include/pure_pursuit/util/marker_helper.hpp
[0.346s] -- Up-to-date: /home/tofstudent/sa_zhao/install/pure_pursuit/include/pure_pursuit/util/planning_utils.hpp
[0.347s] -- Up-to-date: /home/tofstudent/sa_zhao/install/pure_pursuit/include/pure_pursuit/util/interpolate.hpp
[0.347s] -- Up-to-date: /home/tofstudent/sa_zhao/install/pure_pursuit/include/pure_pursuit/util/tf_utils.hpp
[0.347s] -- Up-to-date: /home/tofstudent/sa_zhao/install/pure_pursuit/include/tier4_autoware_utils
[0.348s] -- Up-to-date: /home/tofstudent/sa_zhao/install/pure_pursuit/include/tier4_autoware_utils/ros
[0.348s] -- Up-to-date: /home/tofstudent/sa_zhao/install/pure_pursuit/include/tier4_autoware_utils/ros/self_pose_listener.hpp
[0.348s] -- Up-to-date: /home/tofstudent/sa_zhao/install/pure_pursuit/include/tier4_autoware_utils/ros/transform_listener.hpp
[0.348s] -- Up-to-date: /home/tofstudent/sa_zhao/install/pure_pursuit/include/tier4_autoware_utils/geometry
[0.351s] -- Up-to-date: /home/tofstudent/sa_zhao/install/pure_pursuit/include/tier4_autoware_utils/geometry/geometry.hpp
[0.351s] -- Up-to-date: /home/tofstudent/sa_zhao/install/pure_pursuit/include/tier4_autoware_utils/geometry/boost_geometry.hpp
[0.352s] -- Up-to-date: /home/tofstudent/sa_zhao/install/pure_pursuit/share/pure_pursuit/environment/library_path.sh
[0.352s] -- Up-to-date: /home/tofstudent/sa_zhao/install/pure_pursuit/share/pure_pursuit/environment/library_path.dsv
[0.353s] -- Up-to-date: /home/tofstudent/sa_zhao/install/pure_pursuit/lib/libpure_pursuit_core.so
[0.353s] -- Up-to-date: /home/tofstudent/sa_zhao/install/pure_pursuit/lib/libpure_pursuit_node.so
[0.353s] -- Up-to-date: /home/tofstudent/sa_zhao/install/pure_pursuit/share/pure_pursuit/launch
[0.353s] -- Up-to-date: /home/tofstudent/sa_zhao/install/pure_pursuit/share/pure_pursuit/launch/pure_pursuit.launch.xml
[0.354s] -- Up-to-date: /home/tofstudent/sa_zhao/install/pure_pursuit/share/pure_pursuit/config
[0.354s] -- Up-to-date: /home/tofstudent/sa_zhao/install/pure_pursuit/share/pure_pursuit/config/pure_pursuit.param.yaml
[0.354s] -- Up-to-date: /home/tofstudent/sa_zhao/install/pure_pursuit/share/ament_index/resource_index/package_run_dependencies/pure_pursuit
[0.355s] -- Up-to-date: /home/tofstudent/sa_zhao/install/pure_pursuit/share/ament_index/resource_index/parent_prefix_path/pure_pursuit
[0.355s] -- Up-to-date: /home/tofstudent/sa_zhao/install/pure_pursuit/share/pure_pursuit/environment/ament_prefix_path.sh
[0.356s] -- Up-to-date: /home/tofstudent/sa_zhao/install/pure_pursuit/share/pure_pursuit/environment/ament_prefix_path.dsv
[0.359s] -- Up-to-date: /home/tofstudent/sa_zhao/install/pure_pursuit/share/pure_pursuit/environment/path.sh
[0.359s] -- Up-to-date: /home/tofstudent/sa_zhao/install/pure_pursuit/share/pure_pursuit/environment/path.dsv
[0.359s] -- Up-to-date: /home/tofstudent/sa_zhao/install/pure_pursuit/share/pure_pursuit/local_setup.bash
[0.360s] -- Up-to-date: /home/tofstudent/sa_zhao/install/pure_pursuit/share/pure_pursuit/local_setup.sh
[0.360s] -- Up-to-date: /home/tofstudent/sa_zhao/install/pure_pursuit/share/pure_pursuit/local_setup.zsh
[0.360s] -- Up-to-date: /home/tofstudent/sa_zhao/install/pure_pursuit/share/pure_pursuit/local_setup.dsv
[0.361s] -- Installing: /home/tofstudent/sa_zhao/install/pure_pursuit/share/pure_pursuit/package.dsv
[0.361s] -- Up-to-date: /home/tofstudent/sa_zhao/install/pure_pursuit/share/ament_index/resource_index/packages/pure_pursuit
[0.362s] -- Up-to-date: /home/tofstudent/sa_zhao/install/pure_pursuit/share/ament_index/resource_index/rclcpp_components/pure_pursuit
[0.362s] -- Up-to-date: /home/tofstudent/sa_zhao/install/pure_pursuit/share/pure_pursuit/cmake/ament_cmake_export_dependencies-extras.cmake
[0.362s] -- Up-to-date: /home/tofstudent/sa_zhao/install/pure_pursuit/share/pure_pursuit/cmake/ament_cmake_export_include_directories-extras.cmake
[0.363s] -- Up-to-date: /home/tofstudent/sa_zhao/install/pure_pursuit/share/pure_pursuit/cmake/ament_cmake_export_libraries-extras.cmake
[0.363s] -- Up-to-date: /home/tofstudent/sa_zhao/install/pure_pursuit/share/pure_pursuit/cmake/pure_pursuitConfig.cmake
[0.363s] -- Up-to-date: /home/tofstudent/sa_zhao/install/pure_pursuit/share/pure_pursuit/cmake/pure_pursuitConfig-version.cmake
[0.364s] -- Up-to-date: /home/tofstudent/sa_zhao/install/pure_pursuit/share/pure_pursuit/package.xml
[0.373s] Invoked command in '/home/tofstudent/sa_zhao/build/pure_pursuit' returned '0': AMENT_PREFIX_PATH=/home/tofstudent/sa_zhao/install/vehicle_info_util:/home/tofstudent/sa_zhao/install/autoware_cmake:/home/tofstudent/sa_zhao/install/autoware_auto_vehicle_msgs:/home/tofstudent/sa_zhao/install/autoware_auto_planning_msgs:/home/tofstudent/sa_zhao/install/autoware_auto_control_msgs:${AMENT_PREFIX_PATH} CMAKE_PREFIX_PATH=/home/tofstudent/sa_zhao/install/vehicle_info_util:/home/tofstudent/sa_zhao/install/autoware_cmake:/home/tofstudent/sa_zhao/install/autoware_auto_vehicle_msgs:/home/tofstudent/sa_zhao/install/autoware_auto_planning_msgs:/home/tofstudent/sa_zhao/install/autoware_auto_control_msgs:/opt/ros/foxy LD_LIBRARY_PATH=/home/tofstudent/sa_zhao/install/vehicle_info_util/lib:/home/tofstudent/sa_zhao/install/autoware_auto_vehicle_msgs/lib:/home/tofstudent/sa_zhao/install/autoware_auto_planning_msgs/lib:/home/tofstudent/sa_zhao/install/autoware_auto_control_msgs/lib:${LD_LIBRARY_PATH} PYTHONPATH=/home/tofstudent/sa_zhao/install/autoware_auto_vehicle_msgs/lib/python3.8/site-packages:/home/tofstudent/sa_zhao/install/autoware_auto_planning_msgs/lib/python3.8/site-packages:/home/tofstudent/sa_zhao/install/autoware_auto_control_msgs/lib/python3.8/site-packages:${PYTHONPATH} /usr/bin/cmake --install /home/tofstudent/sa_zhao/build/pure_pursuit
