[0.289s] Invoking command in '/home/tofstudent/sa_zhao/build/autoware_cmake': CMAKE_PREFIX_PATH=/opt/ros/foxy /usr/bin/cmake /home/tofstudent/sa_zhao/src/autoware_cmake -DCMAKE_INSTALL_PREFIX=/home/tofstudent/sa_zhao/install/autoware_cmake
[0.323s] -- Found ament_cmake_auto: 0.9.11 (/opt/ros/foxy/share/ament_cmake_auto/cmake)
[0.373s] -- Found PythonInterp: /usr/bin/python3 (found suitable version "3.8.10", minimum required is "3") 
[0.373s] -- Using PYTHON_EXECUTABLE: /usr/bin/python3
[0.837s] -- Found ament_lint_auto: 0.9.7 (/opt/ros/foxy/share/ament_lint_auto/cmake)
[0.852s] -- Configuring done
[0.855s] -- Generating done
[0.856s] -- Build files have been written to: /home/tofstudent/sa_zhao/build/autoware_cmake
[0.860s] Invoked command in '/home/tofstudent/sa_zhao/build/autoware_cmake' returned '0': CMAKE_PREFIX_PATH=/opt/ros/foxy /usr/bin/cmake /home/tofstudent/sa_zhao/src/autoware_cmake -DCMAKE_INSTALL_PREFIX=/home/tofstudent/sa_zhao/install/autoware_cmake
[0.865s] Invoking command in '/home/tofstudent/sa_zhao/build/autoware_cmake': CMAKE_PREFIX_PATH=/opt/ros/foxy /usr/bin/cmake --build /home/tofstudent/sa_zhao/build/autoware_cmake -- -j8 -l8
[0.930s] Invoked command in '/home/tofstudent/sa_zhao/build/autoware_cmake' returned '0': CMAKE_PREFIX_PATH=/opt/ros/foxy /usr/bin/cmake --build /home/tofstudent/sa_zhao/build/autoware_cmake -- -j8 -l8
[1.009s] Invoking command in '/home/tofstudent/sa_zhao/build/autoware_cmake': CMAKE_PREFIX_PATH=/opt/ros/foxy /usr/bin/cmake --install /home/tofstudent/sa_zhao/build/autoware_cmake
[1.027s] -- Install configuration: ""
[1.027s] -- Installing: /home/tofstudent/sa_zhao/install/autoware_cmake/share/autoware_cmake/cmake
[1.027s] -- Installing: /home/tofstudent/sa_zhao/install/autoware_cmake/share/autoware_cmake/cmake/autoware_package.cmake
[1.028s] -- Installing: /home/tofstudent/sa_zhao/install/autoware_cmake/share/ament_index/resource_index/package_run_dependencies/autoware_cmake
[1.028s] -- Installing: /home/tofstudent/sa_zhao/install/autoware_cmake/share/ament_index/resource_index/parent_prefix_path/autoware_cmake
[1.028s] -- Installing: /home/tofstudent/sa_zhao/install/autoware_cmake/share/autoware_cmake/environment/ament_prefix_path.sh
[1.028s] -- Installing: /home/tofstudent/sa_zhao/install/autoware_cmake/share/autoware_cmake/environment/ament_prefix_path.dsv
[1.028s] -- Installing: /home/tofstudent/sa_zhao/install/autoware_cmake/share/autoware_cmake/environment/path.sh
[1.028s] -- Installing: /home/tofstudent/sa_zhao/install/autoware_cmake/share/autoware_cmake/environment/path.dsv
[1.028s] -- Installing: /home/tofstudent/sa_zhao/install/autoware_cmake/share/autoware_cmake/local_setup.bash
[1.028s] -- Installing: /home/tofstudent/sa_zhao/install/autoware_cmake/share/autoware_cmake/local_setup.sh
[1.028s] -- Installing: /home/tofstudent/sa_zhao/install/autoware_cmake/share/autoware_cmake/local_setup.zsh
[1.029s] -- Installing: /home/tofstudent/sa_zhao/install/autoware_cmake/share/autoware_cmake/local_setup.dsv
[1.029s] -- Installing: /home/tofstudent/sa_zhao/install/autoware_cmake/share/autoware_cmake/package.dsv
[1.029s] -- Installing: /home/tofstudent/sa_zhao/install/autoware_cmake/share/ament_index/resource_index/packages/autoware_cmake
[1.029s] -- Installing: /home/tofstudent/sa_zhao/install/autoware_cmake/share/autoware_cmake/cmake/autoware_cmake-extras.cmake
[1.029s] -- Installing: /home/tofstudent/sa_zhao/install/autoware_cmake/share/autoware_cmake/cmake/autoware_cmakeConfig.cmake
[1.029s] -- Installing: /home/tofstudent/sa_zhao/install/autoware_cmake/share/autoware_cmake/cmake/autoware_cmakeConfig-version.cmake
[1.029s] -- Installing: /home/tofstudent/sa_zhao/install/autoware_cmake/share/autoware_cmake/package.xml
[1.032s] Invoked command in '/home/tofstudent/sa_zhao/build/autoware_cmake' returned '0': CMAKE_PREFIX_PATH=/opt/ros/foxy /usr/bin/cmake --install /home/tofstudent/sa_zhao/build/autoware_cmake
