[0.315s] Invoking command in '/home/tofstudent/sa_zhao/build/autoware_auto_control_msgs': CMAKE_PREFIX_PATH=/opt/ros/foxy /usr/bin/cmake --build /home/tofstudent/sa_zhao/build/autoware_auto_control_msgs -- -j8 -l8
[0.395s] [  3%] Built target autoware_auto_control_msgs__cpp
[0.399s] [ 12%] Built target autoware_auto_control_msgs__rosidl_generator_c
[0.480s] [ 22%] Built target autoware_auto_control_msgs__rosidl_typesupport_cpp
[0.513s] [ 32%] Built target autoware_auto_control_msgs__rosidl_typesupport_fastrtps_cpp
[0.544s] [ 41%] Built target autoware_auto_control_msgs__rosidl_typesupport_introspection_c
[0.544s] [ 51%] Built target autoware_auto_control_msgs__rosidl_typesupport_introspection_cpp
[0.550s] [ 61%] Built target autoware_auto_control_msgs__rosidl_typesupport_c
[0.585s] [ 70%] Built target autoware_auto_control_msgs__rosidl_typesupport_fastrtps_c
[0.609s] [ 70%] Built target autoware_auto_control_msgs
[0.637s] [ 74%] Built target autoware_auto_control_msgs__py
[0.672s] [ 80%] Built target autoware_auto_control_msgs__python
[0.722s] [ 87%] Built target autoware_auto_control_msgs__rosidl_typesupport_introspection_c__pyext
[0.732s] [ 93%] Built target autoware_auto_control_msgs__rosidl_typesupport_c__pyext
[0.735s] [100%] Built target autoware_auto_control_msgs__rosidl_typesupport_fastrtps_c__pyext
[0.765s] Invoked command in '/home/tofstudent/sa_zhao/build/autoware_auto_control_msgs' returned '0': CMAKE_PREFIX_PATH=/opt/ros/foxy /usr/bin/cmake --build /home/tofstudent/sa_zhao/build/autoware_auto_control_msgs -- -j8 -l8
[0.865s] Invoking command in '/home/tofstudent/sa_zhao/build/autoware_auto_control_msgs': CMAKE_PREFIX_PATH=/opt/ros/foxy /usr/bin/cmake --install /home/tofstudent/sa_zhao/build/autoware_auto_control_msgs
[0.883s] -- Install configuration: ""
[0.883s] -- Up-to-date: /home/tofstudent/sa_zhao/install/autoware_auto_control_msgs/share/ament_index/resource_index/rosidl_interfaces/autoware_auto_control_msgs
[0.884s] -- Up-to-date: /home/tofstudent/sa_zhao/install/autoware_auto_control_msgs/include/autoware_auto_control_msgs
[0.884s] -- Up-to-date: /home/tofstudent/sa_zhao/install/autoware_auto_control_msgs/include/autoware_auto_control_msgs/msg
[0.884s] -- Up-to-date: /home/tofstudent/sa_zhao/install/autoware_auto_control_msgs/include/autoware_auto_control_msgs/msg/ackermann_lateral_command.h
[0.884s] -- Up-to-date: /home/tofstudent/sa_zhao/install/autoware_auto_control_msgs/include/autoware_auto_control_msgs/msg/detail
[0.884s] -- Up-to-date: /home/tofstudent/sa_zhao/install/autoware_auto_control_msgs/include/autoware_auto_control_msgs/msg/detail/ackermann_lateral_command__functions.c
[0.884s] -- Up-to-date: /home/tofstudent/sa_zhao/install/autoware_auto_control_msgs/include/autoware_auto_control_msgs/msg/detail/ackermann_lateral_command__functions.h
[0.884s] -- Up-to-date: /home/tofstudent/sa_zhao/install/autoware_auto_control_msgs/include/autoware_auto_control_msgs/msg/detail/ackermann_lateral_command__struct.h
[0.884s] -- Up-to-date: /home/tofstudent/sa_zhao/install/autoware_auto_control_msgs/include/autoware_auto_control_msgs/msg/detail/ackermann_lateral_command__type_support.h
[0.885s] -- Up-to-date: /home/tofstudent/sa_zhao/install/autoware_auto_control_msgs/include/autoware_auto_control_msgs/msg/rosidl_generator_c__visibility_control.h
[0.885s] -- Up-to-date: /home/tofstudent/sa_zhao/install/autoware_auto_control_msgs/share/autoware_auto_control_msgs/environment/library_path.sh
[0.885s] -- Up-to-date: /home/tofstudent/sa_zhao/install/autoware_auto_control_msgs/share/autoware_auto_control_msgs/environment/library_path.dsv
[0.885s] -- Up-to-date: /home/tofstudent/sa_zhao/install/autoware_auto_control_msgs/lib/libautoware_auto_control_msgs__rosidl_generator_c.so
[0.886s] -- Up-to-date: /home/tofstudent/sa_zhao/install/autoware_auto_control_msgs/include/autoware_auto_control_msgs
[0.886s] -- Up-to-date: /home/tofstudent/sa_zhao/install/autoware_auto_control_msgs/include/autoware_auto_control_msgs/msg
[0.886s] -- Up-to-date: /home/tofstudent/sa_zhao/install/autoware_auto_control_msgs/include/autoware_auto_control_msgs/msg/rosidl_typesupport_fastrtps_c__visibility_control.h
[0.886s] -- Up-to-date: /home/tofstudent/sa_zhao/install/autoware_auto_control_msgs/include/autoware_auto_control_msgs/msg/detail
[0.886s] -- Up-to-date: /home/tofstudent/sa_zhao/install/autoware_auto_control_msgs/include/autoware_auto_control_msgs/msg/detail/ackermann_lateral_command__rosidl_typesupport_fastrtps_c.h
[0.886s] -- Up-to-date: /home/tofstudent/sa_zhao/install/autoware_auto_control_msgs/lib/libautoware_auto_control_msgs__rosidl_typesupport_fastrtps_c.so
[0.886s] -- Up-to-date: /home/tofstudent/sa_zhao/install/autoware_auto_control_msgs/include/autoware_auto_control_msgs
[0.886s] -- Up-to-date: /home/tofstudent/sa_zhao/install/autoware_auto_control_msgs/include/autoware_auto_control_msgs/msg
[0.887s] -- Up-to-date: /home/tofstudent/sa_zhao/install/autoware_auto_control_msgs/include/autoware_auto_control_msgs/msg/rosidl_typesupport_fastrtps_cpp__visibility_control.h
[0.887s] -- Up-to-date: /home/tofstudent/sa_zhao/install/autoware_auto_control_msgs/include/autoware_auto_control_msgs/msg/detail
[0.887s] -- Up-to-date: /home/tofstudent/sa_zhao/install/autoware_auto_control_msgs/include/autoware_auto_control_msgs/msg/detail/ackermann_lateral_command__rosidl_typesupport_fastrtps_cpp.hpp
[0.887s] -- Up-to-date: /home/tofstudent/sa_zhao/install/autoware_auto_control_msgs/include/autoware_auto_control_msgs/msg/detail/dds_fastrtps
[0.887s] -- Up-to-date: /home/tofstudent/sa_zhao/install/autoware_auto_control_msgs/lib/libautoware_auto_control_msgs__rosidl_typesupport_fastrtps_cpp.so
[0.887s] -- Up-to-date: /home/tofstudent/sa_zhao/install/autoware_auto_control_msgs/include/autoware_auto_control_msgs
[0.887s] -- Up-to-date: /home/tofstudent/sa_zhao/install/autoware_auto_control_msgs/include/autoware_auto_control_msgs/msg
[0.888s] -- Up-to-date: /home/tofstudent/sa_zhao/install/autoware_auto_control_msgs/include/autoware_auto_control_msgs/msg/detail
[0.888s] -- Up-to-date: /home/tofstudent/sa_zhao/install/autoware_auto_control_msgs/include/autoware_auto_control_msgs/msg/detail/ackermann_lateral_command__type_support.c
[0.888s] -- Up-to-date: /home/tofstudent/sa_zhao/install/autoware_auto_control_msgs/include/autoware_auto_control_msgs/msg/detail/ackermann_lateral_command__rosidl_typesupport_introspection_c.h
[0.888s] -- Up-to-date: /home/tofstudent/sa_zhao/install/autoware_auto_control_msgs/include/autoware_auto_control_msgs/msg/rosidl_typesupport_introspection_c__visibility_control.h
[0.889s] -- Up-to-date: /home/tofstudent/sa_zhao/install/autoware_auto_control_msgs/lib/libautoware_auto_control_msgs__rosidl_typesupport_introspection_c.so
[0.889s] -- Up-to-date: /home/tofstudent/sa_zhao/install/autoware_auto_control_msgs/lib/libautoware_auto_control_msgs__rosidl_typesupport_c.so
[0.889s] -- Up-to-date: /home/tofstudent/sa_zhao/install/autoware_auto_control_msgs/include/autoware_auto_control_msgs
[0.889s] -- Up-to-date: /home/tofstudent/sa_zhao/install/autoware_auto_control_msgs/include/autoware_auto_control_msgs/msg
[0.889s] -- Up-to-date: /home/tofstudent/sa_zhao/install/autoware_auto_control_msgs/include/autoware_auto_control_msgs/msg/detail
[0.889s] -- Up-to-date: /home/tofstudent/sa_zhao/install/autoware_auto_control_msgs/include/autoware_auto_control_msgs/msg/detail/ackermann_lateral_command__traits.hpp
[0.889s] -- Up-to-date: /home/tofstudent/sa_zhao/install/autoware_auto_control_msgs/include/autoware_auto_control_msgs/msg/detail/ackermann_lateral_command__builder.hpp
[0.889s] -- Up-to-date: /home/tofstudent/sa_zhao/install/autoware_auto_control_msgs/include/autoware_auto_control_msgs/msg/detail/ackermann_lateral_command__struct.hpp
[0.889s] -- Up-to-date: /home/tofstudent/sa_zhao/install/autoware_auto_control_msgs/include/autoware_auto_control_msgs/msg/ackermann_lateral_command.hpp
[0.890s] -- Up-to-date: /home/tofstudent/sa_zhao/install/autoware_auto_control_msgs/include/autoware_auto_control_msgs
[0.890s] -- Up-to-date: /home/tofstudent/sa_zhao/install/autoware_auto_control_msgs/include/autoware_auto_control_msgs/msg
[0.890s] -- Up-to-date: /home/tofstudent/sa_zhao/install/autoware_auto_control_msgs/include/autoware_auto_control_msgs/msg/detail
[0.890s] -- Up-to-date: /home/tofstudent/sa_zhao/install/autoware_auto_control_msgs/include/autoware_auto_control_msgs/msg/detail/ackermann_lateral_command__rosidl_typesupport_introspection_cpp.hpp
[0.890s] -- Up-to-date: /home/tofstudent/sa_zhao/install/autoware_auto_control_msgs/include/autoware_auto_control_msgs/msg/detail/ackermann_lateral_command__type_support.cpp
[0.890s] -- Up-to-date: /home/tofstudent/sa_zhao/install/autoware_auto_control_msgs/lib/libautoware_auto_control_msgs__rosidl_typesupport_introspection_cpp.so
[0.890s] -- Up-to-date: /home/tofstudent/sa_zhao/install/autoware_auto_control_msgs/lib/libautoware_auto_control_msgs__rosidl_typesupport_cpp.so
[0.891s] -- Up-to-date: /home/tofstudent/sa_zhao/install/autoware_auto_control_msgs/share/autoware_auto_control_msgs/environment/pythonpath.sh
[0.891s] -- Up-to-date: /home/tofstudent/sa_zhao/install/autoware_auto_control_msgs/share/autoware_auto_control_msgs/environment/pythonpath.dsv
[0.891s] -- Up-to-date: /home/tofstudent/sa_zhao/install/autoware_auto_control_msgs/lib/python3.8/site-packages/autoware_auto_control_msgs/__init__.py
[0.942s] -- Up-to-date: /home/tofstudent/sa_zhao/install/autoware_auto_control_msgs/lib/python3.8/site-packages/autoware_auto_control_msgs/msg
[0.942s] -- Up-to-date: /home/tofstudent/sa_zhao/install/autoware_auto_control_msgs/lib/python3.8/site-packages/autoware_auto_control_msgs/msg/_ackermann_lateral_command.py
[0.942s] -- Up-to-date: /home/tofstudent/sa_zhao/install/autoware_auto_control_msgs/lib/python3.8/site-packages/autoware_auto_control_msgs/msg/_ackermann_lateral_command_s.c
[0.942s] -- Up-to-date: /home/tofstudent/sa_zhao/install/autoware_auto_control_msgs/lib/python3.8/site-packages/autoware_auto_control_msgs/msg/__init__.py
[0.947s] -- Up-to-date: /home/tofstudent/sa_zhao/install/autoware_auto_control_msgs/lib/python3.8/site-packages/autoware_auto_control_msgs/autoware_auto_control_msgs_s__rosidl_typesupport_fastrtps_c.cpython-38-x86_64-linux-gnu.so
[0.947s] -- Up-to-date: /home/tofstudent/sa_zhao/install/autoware_auto_control_msgs/lib/python3.8/site-packages/autoware_auto_control_msgs/autoware_auto_control_msgs_s__rosidl_typesupport_introspection_c.cpython-38-x86_64-linux-gnu.so
[0.947s] -- Up-to-date: /home/tofstudent/sa_zhao/install/autoware_auto_control_msgs/lib/python3.8/site-packages/autoware_auto_control_msgs/autoware_auto_control_msgs_s__rosidl_typesupport_c.cpython-38-x86_64-linux-gnu.so
[0.947s] -- Up-to-date: /home/tofstudent/sa_zhao/install/autoware_auto_control_msgs/lib/libautoware_auto_control_msgs__python.so
[0.947s] -- Up-to-date: /home/tofstudent/sa_zhao/install/autoware_auto_control_msgs/share/autoware_auto_control_msgs/msg/AckermannLateralCommand.idl
[0.947s] -- Up-to-date: /home/tofstudent/sa_zhao/install/autoware_auto_control_msgs/share/ament_index/resource_index/package_run_dependencies/autoware_auto_control_msgs
[0.950s] -- Up-to-date: /home/tofstudent/sa_zhao/install/autoware_auto_control_msgs/share/ament_index/resource_index/parent_prefix_path/autoware_auto_control_msgs
[0.951s] -- Up-to-date: /home/tofstudent/sa_zhao/install/autoware_auto_control_msgs/share/autoware_auto_control_msgs/environment/ament_prefix_path.sh
[0.951s] -- Up-to-date: /home/tofstudent/sa_zhao/install/autoware_auto_control_msgs/share/autoware_auto_control_msgs/environment/ament_prefix_path.dsv
[0.951s] -- Up-to-date: /home/tofstudent/sa_zhao/install/autoware_auto_control_msgs/share/autoware_auto_control_msgs/environment/path.sh
[0.952s] -- Up-to-date: /home/tofstudent/sa_zhao/install/autoware_auto_control_msgs/share/autoware_auto_control_msgs/environment/path.dsv
[0.952s] -- Up-to-date: /home/tofstudent/sa_zhao/install/autoware_auto_control_msgs/share/autoware_auto_control_msgs/local_setup.bash
[0.952s] -- Up-to-date: /home/tofstudent/sa_zhao/install/autoware_auto_control_msgs/share/autoware_auto_control_msgs/local_setup.sh
[0.952s] -- Up-to-date: /home/tofstudent/sa_zhao/install/autoware_auto_control_msgs/share/autoware_auto_control_msgs/local_setup.zsh
[0.952s] -- Up-to-date: /home/tofstudent/sa_zhao/install/autoware_auto_control_msgs/share/autoware_auto_control_msgs/local_setup.dsv
[0.952s] -- Installing: /home/tofstudent/sa_zhao/install/autoware_auto_control_msgs/share/autoware_auto_control_msgs/package.dsv
[0.953s] -- Up-to-date: /home/tofstudent/sa_zhao/install/autoware_auto_control_msgs/share/ament_index/resource_index/packages/autoware_auto_control_msgs
[0.953s] -- Up-to-date: /home/tofstudent/sa_zhao/install/autoware_auto_control_msgs/share/autoware_auto_control_msgs/cmake/autoware_auto_control_msgs__rosidl_generator_cExport.cmake
[0.953s] -- Up-to-date: /home/tofstudent/sa_zhao/install/autoware_auto_control_msgs/share/autoware_auto_control_msgs/cmake/autoware_auto_control_msgs__rosidl_generator_cExport-noconfig.cmake
[0.953s] -- Up-to-date: /home/tofstudent/sa_zhao/install/autoware_auto_control_msgs/share/autoware_auto_control_msgs/cmake/autoware_auto_control_msgs__rosidl_typesupport_introspection_cExport.cmake
[0.953s] -- Up-to-date: /home/tofstudent/sa_zhao/install/autoware_auto_control_msgs/share/autoware_auto_control_msgs/cmake/autoware_auto_control_msgs__rosidl_typesupport_introspection_cExport-noconfig.cmake
[0.953s] -- Up-to-date: /home/tofstudent/sa_zhao/install/autoware_auto_control_msgs/share/autoware_auto_control_msgs/cmake/autoware_auto_control_msgs__rosidl_typesupport_cExport.cmake
[0.953s] -- Up-to-date: /home/tofstudent/sa_zhao/install/autoware_auto_control_msgs/share/autoware_auto_control_msgs/cmake/autoware_auto_control_msgs__rosidl_typesupport_cExport-noconfig.cmake
[0.953s] -- Up-to-date: /home/tofstudent/sa_zhao/install/autoware_auto_control_msgs/share/autoware_auto_control_msgs/cmake/autoware_auto_control_msgs__rosidl_generator_cppExport.cmake
[0.953s] -- Up-to-date: /home/tofstudent/sa_zhao/install/autoware_auto_control_msgs/share/autoware_auto_control_msgs/cmake/autoware_auto_control_msgs__rosidl_typesupport_introspection_cppExport.cmake
[0.954s] -- Up-to-date: /home/tofstudent/sa_zhao/install/autoware_auto_control_msgs/share/autoware_auto_control_msgs/cmake/autoware_auto_control_msgs__rosidl_typesupport_introspection_cppExport-noconfig.cmake
[0.954s] -- Up-to-date: /home/tofstudent/sa_zhao/install/autoware_auto_control_msgs/share/autoware_auto_control_msgs/cmake/autoware_auto_control_msgs__rosidl_typesupport_cppExport.cmake
[0.954s] -- Up-to-date: /home/tofstudent/sa_zhao/install/autoware_auto_control_msgs/share/autoware_auto_control_msgs/cmake/autoware_auto_control_msgs__rosidl_typesupport_cppExport-noconfig.cmake
[0.954s] -- Up-to-date: /home/tofstudent/sa_zhao/install/autoware_auto_control_msgs/share/autoware_auto_control_msgs/cmake/rosidl_cmake-extras.cmake
[0.954s] -- Up-to-date: /home/tofstudent/sa_zhao/install/autoware_auto_control_msgs/share/autoware_auto_control_msgs/cmake/ament_cmake_export_dependencies-extras.cmake
[0.954s] -- Up-to-date: /home/tofstudent/sa_zhao/install/autoware_auto_control_msgs/share/autoware_auto_control_msgs/cmake/ament_cmake_export_libraries-extras.cmake
[0.955s] -- Up-to-date: /home/tofstudent/sa_zhao/install/autoware_auto_control_msgs/share/autoware_auto_control_msgs/cmake/ament_cmake_export_targets-extras.cmake
[0.955s] -- Up-to-date: /home/tofstudent/sa_zhao/install/autoware_auto_control_msgs/share/autoware_auto_control_msgs/cmake/ament_cmake_export_include_directories-extras.cmake
[0.957s] -- Up-to-date: /home/tofstudent/sa_zhao/install/autoware_auto_control_msgs/share/autoware_auto_control_msgs/cmake/rosidl_cmake_export_typesupport_libraries-extras.cmake
[0.957s] -- Up-to-date: /home/tofstudent/sa_zhao/install/autoware_auto_control_msgs/share/autoware_auto_control_msgs/cmake/rosidl_cmake_export_typesupport_targets-extras.cmake
[0.958s] -- Up-to-date: /home/tofstudent/sa_zhao/install/autoware_auto_control_msgs/share/autoware_auto_control_msgs/cmake/autoware_auto_control_msgsConfig.cmake
[0.958s] -- Up-to-date: /home/tofstudent/sa_zhao/install/autoware_auto_control_msgs/share/autoware_auto_control_msgs/cmake/autoware_auto_control_msgsConfig-version.cmake
[0.958s] -- Up-to-date: /home/tofstudent/sa_zhao/install/autoware_auto_control_msgs/share/autoware_auto_control_msgs/package.xml
[0.970s] Invoked command in '/home/tofstudent/sa_zhao/build/autoware_auto_control_msgs' returned '0': CMAKE_PREFIX_PATH=/opt/ros/foxy /usr/bin/cmake --install /home/tofstudent/sa_zhao/build/autoware_auto_control_msgs
