[0.090s] Invoking command in '/home/tofstudent/sa_zhao/build/tod_command_creation': AMENT_PREFIX_PATH=/home/tofstudent/sa_zhao/install/traj_interfaces:/home/tofstudent/sa_zhao/install/tod_msgs:${AMENT_PREFIX_PATH} CMAKE_PREFIX_PATH=/home/tofstudent/sa_zhao/install/traj_interfaces:/home/tofstudent/sa_zhao/install/tod_msgs:/opt/ros/foxy LD_LIBRARY_PATH=/home/tofstudent/sa_zhao/install/traj_interfaces/lib:/home/tofstudent/sa_zhao/install/tod_msgs/lib:${LD_LIBRARY_PATH} PYTHONPATH=/home/tofstudent/sa_zhao/install/traj_interfaces/lib/python3.8/site-packages:/home/tofstudent/sa_zhao/install/tod_msgs/lib/python3.8/site-packages:${PYTHONPATH} /usr/bin/cmake /home/tofstudent/sa_zhao/src/tod_command_creation -DCMAKE_INSTALL_PREFIX=/home/tofstudent/sa_zhao/install/tod_command_creation
[0.120s] -- Found ament_cmake: 0.9.11 (/opt/ros/foxy/share/ament_cmake/cmake)
[0.147s] -- Using PYTHON_EXECUTABLE: /usr/bin/python3
[0.401s] -- Found rclcpp: 2.4.2 (/opt/ros/foxy/share/rclcpp/cmake)
[0.446s] -- Using all available rosidl_typesupport_c: rosidl_typesupport_fastrtps_c;rosidl_typesupport_introspection_c
[0.450s] -- Found rosidl_adapter: 1.3.0 (/opt/ros/foxy/share/rosidl_adapter/cmake)
[0.589s] -- Using all available rosidl_typesupport_cpp: rosidl_typesupport_fastrtps_cpp;rosidl_typesupport_introspection_cpp
[0.637s] -- Found rmw_implementation_cmake: 1.0.3 (/opt/ros/foxy/share/rmw_implementation_cmake/cmake)
[0.638s] -- Using RMW implementation 'rmw_fastrtps_cpp' as default
[0.880s] -- Found tod_msgs: 1.0.0 (/home/tofstudent/sa_zhao/install/tod_msgs/share/tod_msgs/cmake)
[1.302s] -- Found traj_interfaces: 0.0.0 (/home/tofstudent/sa_zhao/install/traj_interfaces/share/traj_interfaces/cmake)
[1.313s] CMake Error at /opt/ros/foxy/share/ament_cmake_target_dependencies/cmake/ament_target_dependencies.cmake:77 (message):
[1.314s]   ament_target_dependencies() the passed package name 'tod_helper' was not
[1.315s]   found before
[1.315s] Call Stack (most recent call first):
[1.315s]   src/operator/CMakeLists.txt:3 (ament_target_dependencies)
[1.315s] 
[1.316s] 
[1.317s] -- Configuring incomplete, errors occurred!
[1.317s] See also "/home/tofstudent/sa_zhao/build/tod_command_creation/CMakeFiles/CMakeOutput.log".
[1.317s] See also "/home/tofstudent/sa_zhao/build/tod_command_creation/CMakeFiles/CMakeError.log".
[1.321s] Invoked command in '/home/tofstudent/sa_zhao/build/tod_command_creation' returned '1': AMENT_PREFIX_PATH=/home/tofstudent/sa_zhao/install/traj_interfaces:/home/tofstudent/sa_zhao/install/tod_msgs:${AMENT_PREFIX_PATH} CMAKE_PREFIX_PATH=/home/tofstudent/sa_zhao/install/traj_interfaces:/home/tofstudent/sa_zhao/install/tod_msgs:/opt/ros/foxy LD_LIBRARY_PATH=/home/tofstudent/sa_zhao/install/traj_interfaces/lib:/home/tofstudent/sa_zhao/install/tod_msgs/lib:${LD_LIBRARY_PATH} PYTHONPATH=/home/tofstudent/sa_zhao/install/traj_interfaces/lib/python3.8/site-packages:/home/tofstudent/sa_zhao/install/tod_msgs/lib/python3.8/site-packages:${PYTHONPATH} /usr/bin/cmake /home/tofstudent/sa_zhao/src/tod_command_creation -DCMAKE_INSTALL_PREFIX=/home/tofstudent/sa_zhao/install/tod_command_creation
