[0.090s] Invoking command in '/home/tofstudent/sa_zhao/build/carla_msgs': CMAKE_PREFIX_PATH=/opt/ros/foxy /usr/bin/cmake --build /home/tofstudent/sa_zhao/build/carla_msgs -- -j8 -l8
[0.409s] [  0%] Built target carla_msgs__cpp
[0.409s] [ 12%] Built target carla_msgs__rosidl_generator_c
[0.409s] [ 24%] Built target carla_msgs__rosidl_typesupport_cpp
[0.409s] [ 37%] Built target carla_msgs__rosidl_typesupport_introspection_cpp
[0.409s] [ 49%] Built target carla_msgs__rosidl_typesupport_fastrtps_cpp
[0.409s] [ 61%] Built target carla_msgs__rosidl_typesupport_c
[0.410s] [ 73%] Built target carla_msgs__rosidl_typesupport_introspection_c
[0.410s] [ 85%] Built target carla_msgs__rosidl_typesupport_fastrtps_c
[0.410s] [ 85%] Built target carla_msgs
[0.410s] [ 86%] Built target carla_msgs__py
[0.410s] [ 97%] Built target carla_msgs__python
[0.410s] [ 98%] Built target carla_msgs__rosidl_typesupport_fastrtps_c__pyext
[0.410s] [ 99%] Built target carla_msgs__rosidl_typesupport_c__pyext
[0.410s] [100%] Built target carla_msgs__rosidl_typesupport_introspection_c__pyext
[0.900s] Invoked command in '/home/tofstudent/sa_zhao/build/carla_msgs' returned '0': CMAKE_PREFIX_PATH=/opt/ros/foxy /usr/bin/cmake --build /home/tofstudent/sa_zhao/build/carla_msgs -- -j8 -l8
[2.137s] Invoking command in '/home/tofstudent/sa_zhao/build/carla_msgs': CMAKE_PREFIX_PATH=/opt/ros/foxy /usr/bin/cmake --install /home/tofstudent/sa_zhao/build/carla_msgs
[2.155s] -- Install configuration: ""
[2.155s] -- Up-to-date: /home/tofstudent/sa_zhao/install/carla_msgs/share/ament_index/resource_index/rosidl_interfaces/carla_msgs
[2.155s] -- Up-to-date: /home/tofstudent/sa_zhao/install/carla_msgs/include/carla_msgs
[2.155s] -- Up-to-date: /home/tofstudent/sa_zhao/install/carla_msgs/include/carla_msgs/srv
[2.155s] -- Up-to-date: /home/tofstudent/sa_zhao/install/carla_msgs/include/carla_msgs/srv/destroy_object.h
[2.156s] -- Up-to-date: /home/tofstudent/sa_zhao/install/carla_msgs/include/carla_msgs/srv/detail
[2.156s] -- Up-to-date: /home/tofstudent/sa_zhao/install/carla_msgs/include/carla_msgs/srv/detail/spawn_object__functions.h
[2.156s] -- Up-to-date: /home/tofstudent/sa_zhao/install/carla_msgs/include/carla_msgs/srv/detail/destroy_object__type_support.h
[2.156s] -- Up-to-date: /home/tofstudent/sa_zhao/install/carla_msgs/include/carla_msgs/srv/detail/get_blueprints__type_support.h
[2.156s] -- Up-to-date: /home/tofstudent/sa_zhao/install/carla_msgs/include/carla_msgs/srv/detail/get_blueprints__struct.h
[2.156s] -- Up-to-date: /home/tofstudent/sa_zhao/install/carla_msgs/include/carla_msgs/srv/detail/destroy_object__functions.h
[2.156s] -- Up-to-date: /home/tofstudent/sa_zhao/install/carla_msgs/include/carla_msgs/srv/detail/destroy_object__functions.c
[2.156s] -- Up-to-date: /home/tofstudent/sa_zhao/install/carla_msgs/include/carla_msgs/srv/detail/destroy_object__struct.h
[2.156s] -- Up-to-date: /home/tofstudent/sa_zhao/install/carla_msgs/include/carla_msgs/srv/detail/get_blueprints__functions.c
[2.157s] -- Up-to-date: /home/tofstudent/sa_zhao/install/carla_msgs/include/carla_msgs/srv/detail/spawn_object__struct.h
[2.157s] -- Up-to-date: /home/tofstudent/sa_zhao/install/carla_msgs/include/carla_msgs/srv/detail/spawn_object__functions.c
[2.157s] -- Up-to-date: /home/tofstudent/sa_zhao/install/carla_msgs/include/carla_msgs/srv/detail/get_blueprints__functions.h
[2.157s] -- Up-to-date: /home/tofstudent/sa_zhao/install/carla_msgs/include/carla_msgs/srv/detail/spawn_object__type_support.h
[2.157s] -- Up-to-date: /home/tofstudent/sa_zhao/install/carla_msgs/include/carla_msgs/srv/spawn_object.h
[2.158s] -- Up-to-date: /home/tofstudent/sa_zhao/install/carla_msgs/include/carla_msgs/srv/get_blueprints.h
[2.158s] -- Up-to-date: /home/tofstudent/sa_zhao/install/carla_msgs/include/carla_msgs/msg
[2.158s] -- Up-to-date: /home/tofstudent/sa_zhao/install/carla_msgs/include/carla_msgs/msg/carla_traffic_light_status_list.h
[2.159s] -- Up-to-date: /home/tofstudent/sa_zhao/install/carla_msgs/include/carla_msgs/msg/carla_traffic_light_info.h
[2.159s] -- Up-to-date: /home/tofstudent/sa_zhao/install/carla_msgs/include/carla_msgs/msg/carla_collision_event.h
[2.159s] -- Up-to-date: /home/tofstudent/sa_zhao/install/carla_msgs/include/carla_msgs/msg/carla_walker_control.h
[2.159s] -- Up-to-date: /home/tofstudent/sa_zhao/install/carla_msgs/include/carla_msgs/msg/carla_actor_list.h
[2.159s] -- Up-to-date: /home/tofstudent/sa_zhao/install/carla_msgs/include/carla_msgs/msg/carla_weather_parameters.h
[2.160s] -- Up-to-date: /home/tofstudent/sa_zhao/install/carla_msgs/include/carla_msgs/msg/carla_world_info.h
[2.160s] -- Up-to-date: /home/tofstudent/sa_zhao/install/carla_msgs/include/carla_msgs/msg/carla_ego_vehicle_info_wheel.h
[2.161s] -- Up-to-date: /home/tofstudent/sa_zhao/install/carla_msgs/include/carla_msgs/msg/carla_status.h
[2.161s] -- Up-to-date: /home/tofstudent/sa_zhao/install/carla_msgs/include/carla_msgs/msg/carla_ego_vehicle_control.h
[2.162s] -- Up-to-date: /home/tofstudent/sa_zhao/install/carla_msgs/include/carla_msgs/msg/detail
[2.163s] -- Up-to-date: /home/tofstudent/sa_zhao/install/carla_msgs/include/carla_msgs/msg/detail/carla_status__functions.h
[2.163s] -- Up-to-date: /home/tofstudent/sa_zhao/install/carla_msgs/include/carla_msgs/msg/detail/carla_ego_vehicle_info_wheel__functions.c
[2.163s] -- Up-to-date: /home/tofstudent/sa_zhao/install/carla_msgs/include/carla_msgs/msg/detail/carla_ego_vehicle_control__functions.h
[2.163s] -- Up-to-date: /home/tofstudent/sa_zhao/install/carla_msgs/include/carla_msgs/msg/detail/carla_lane_invasion_event__struct.h
[2.163s] -- Up-to-date: /home/tofstudent/sa_zhao/install/carla_msgs/include/carla_msgs/msg/detail/carla_world_info__struct.h
[2.163s] -- Up-to-date: /home/tofstudent/sa_zhao/install/carla_msgs/include/carla_msgs/msg/detail/carla_walker_control__functions.h
[2.163s] -- Up-to-date: /home/tofstudent/sa_zhao/install/carla_msgs/include/carla_msgs/msg/detail/carla_ego_vehicle_info_wheel__type_support.h
[2.163s] -- Up-to-date: /home/tofstudent/sa_zhao/install/carla_msgs/include/carla_msgs/msg/detail/carla_control__functions.h
[2.163s] -- Up-to-date: /home/tofstudent/sa_zhao/install/carla_msgs/include/carla_msgs/msg/detail/carla_traffic_light_status__functions.h
[2.164s] -- Up-to-date: /home/tofstudent/sa_zhao/install/carla_msgs/include/carla_msgs/msg/detail/carla_actor_info__type_support.h
[2.164s] -- Up-to-date: /home/tofstudent/sa_zhao/install/carla_msgs/include/carla_msgs/msg/detail/carla_ego_vehicle_info__type_support.h
[2.164s] -- Up-to-date: /home/tofstudent/sa_zhao/install/carla_msgs/include/carla_msgs/msg/detail/carla_world_info__type_support.h
[2.164s] -- Up-to-date: /home/tofstudent/sa_zhao/install/carla_msgs/include/carla_msgs/msg/detail/carla_lane_invasion_event__functions.h
[2.164s] -- Up-to-date: /home/tofstudent/sa_zhao/install/carla_msgs/include/carla_msgs/msg/detail/carla_bounding_box__functions.h
[2.164s] -- Up-to-date: /home/tofstudent/sa_zhao/install/carla_msgs/include/carla_msgs/msg/detail/carla_actor_info__struct.h
[2.165s] -- Up-to-date: /home/tofstudent/sa_zhao/install/carla_msgs/include/carla_msgs/msg/detail/carla_weather_parameters__type_support.h
[2.165s] -- Up-to-date: /home/tofstudent/sa_zhao/install/carla_msgs/include/carla_msgs/msg/detail/carla_ego_vehicle_control__functions.c
[2.166s] -- Up-to-date: /home/tofstudent/sa_zhao/install/carla_msgs/include/carla_msgs/msg/detail/carla_actor_list__functions.h
[2.166s] -- Up-to-date: /home/tofstudent/sa_zhao/install/carla_msgs/include/carla_msgs/msg/detail/carla_ego_vehicle_status__functions.c
[2.167s] -- Up-to-date: /home/tofstudent/sa_zhao/install/carla_msgs/include/carla_msgs/msg/detail/carla_ego_vehicle_status__type_support.h
[2.168s] -- Up-to-date: /home/tofstudent/sa_zhao/install/carla_msgs/include/carla_msgs/msg/detail/carla_collision_event__struct.h
[2.168s] -- Up-to-date: /home/tofstudent/sa_zhao/install/carla_msgs/include/carla_msgs/msg/detail/carla_traffic_light_info_list__functions.c
[2.173s] -- Up-to-date: /home/tofstudent/sa_zhao/install/carla_msgs/include/carla_msgs/msg/detail/carla_actor_list__type_support.h
[2.173s] -- Up-to-date: /home/tofstudent/sa_zhao/install/carla_msgs/include/carla_msgs/msg/detail/carla_ego_vehicle_info_wheel__functions.h
[2.173s] -- Up-to-date: /home/tofstudent/sa_zhao/install/carla_msgs/include/carla_msgs/msg/detail/carla_actor_info__functions.c
[2.173s] -- Up-to-date: /home/tofstudent/sa_zhao/install/carla_msgs/include/carla_msgs/msg/detail/carla_bounding_box__type_support.h
[2.174s] -- Up-to-date: /home/tofstudent/sa_zhao/install/carla_msgs/include/carla_msgs/msg/detail/carla_traffic_light_info_list__type_support.h
[2.174s] -- Up-to-date: /home/tofstudent/sa_zhao/install/carla_msgs/include/carla_msgs/msg/detail/carla_walker_control__struct.h
[2.175s] -- Up-to-date: /home/tofstudent/sa_zhao/install/carla_msgs/include/carla_msgs/msg/detail/carla_collision_event__functions.c
[2.175s] -- Up-to-date: /home/tofstudent/sa_zhao/install/carla_msgs/include/carla_msgs/msg/detail/carla_weather_parameters__struct.h
[2.175s] -- Up-to-date: /home/tofstudent/sa_zhao/install/carla_msgs/include/carla_msgs/msg/detail/carla_ego_vehicle_status__struct.h
[2.176s] -- Up-to-date: /home/tofstudent/sa_zhao/install/carla_msgs/include/carla_msgs/msg/detail/carla_control__functions.c
[2.176s] -- Up-to-date: /home/tofstudent/sa_zhao/install/carla_msgs/include/carla_msgs/msg/detail/carla_traffic_light_info_list__functions.h
[2.176s] -- Up-to-date: /home/tofstudent/sa_zhao/install/carla_msgs/include/carla_msgs/msg/detail/carla_traffic_light_status__functions.c
[2.176s] -- Up-to-date: /home/tofstudent/sa_zhao/install/carla_msgs/include/carla_msgs/msg/detail/carla_ego_vehicle_control__type_support.h
[2.177s] -- Up-to-date: /home/tofstudent/sa_zhao/install/carla_msgs/include/carla_msgs/msg/detail/carla_status__functions.c
[2.177s] -- Up-to-date: /home/tofstudent/sa_zhao/install/carla_msgs/include/carla_msgs/msg/detail/carla_world_info__functions.h
[2.177s] -- Up-to-date: /home/tofstudent/sa_zhao/install/carla_msgs/include/carla_msgs/msg/detail/carla_ego_vehicle_control__struct.h
[2.177s] -- Up-to-date: /home/tofstudent/sa_zhao/install/carla_msgs/include/carla_msgs/msg/detail/carla_walker_control__functions.c
[2.177s] -- Up-to-date: /home/tofstudent/sa_zhao/install/carla_msgs/include/carla_msgs/msg/detail/carla_ego_vehicle_info__functions.c
[2.177s] -- Up-to-date: /home/tofstudent/sa_zhao/install/carla_msgs/include/carla_msgs/msg/detail/carla_traffic_light_status__type_support.h
[2.177s] -- Up-to-date: /home/tofstudent/sa_zhao/install/carla_msgs/include/carla_msgs/msg/detail/carla_bounding_box__functions.c
[2.177s] -- Up-to-date: /home/tofstudent/sa_zhao/install/carla_msgs/include/carla_msgs/msg/detail/carla_traffic_light_status__struct.h
[2.178s] -- Up-to-date: /home/tofstudent/sa_zhao/install/carla_msgs/include/carla_msgs/msg/detail/carla_actor_list__functions.c
[2.178s] -- Up-to-date: /home/tofstudent/sa_zhao/install/carla_msgs/include/carla_msgs/msg/detail/carla_control__struct.h
[2.178s] -- Up-to-date: /home/tofstudent/sa_zhao/install/carla_msgs/include/carla_msgs/msg/detail/carla_ego_vehicle_info__struct.h
[2.178s] -- Up-to-date: /home/tofstudent/sa_zhao/install/carla_msgs/include/carla_msgs/msg/detail/carla_ego_vehicle_info_wheel__struct.h
[2.178s] -- Up-to-date: /home/tofstudent/sa_zhao/install/carla_msgs/include/carla_msgs/msg/detail/carla_traffic_light_info_list__struct.h
[2.178s] -- Up-to-date: /home/tofstudent/sa_zhao/install/carla_msgs/include/carla_msgs/msg/detail/carla_collision_event__functions.h
[2.178s] -- Up-to-date: /home/tofstudent/sa_zhao/install/carla_msgs/include/carla_msgs/msg/detail/carla_bounding_box__struct.h
[2.178s] -- Up-to-date: /home/tofstudent/sa_zhao/install/carla_msgs/include/carla_msgs/msg/detail/carla_traffic_light_info__struct.h
[2.178s] -- Up-to-date: /home/tofstudent/sa_zhao/install/carla_msgs/include/carla_msgs/msg/detail/carla_control__type_support.h
[2.179s] -- Up-to-date: /home/tofstudent/sa_zhao/install/carla_msgs/include/carla_msgs/msg/detail/carla_lane_invasion_event__type_support.h
[2.179s] -- Up-to-date: /home/tofstudent/sa_zhao/install/carla_msgs/include/carla_msgs/msg/detail/carla_weather_parameters__functions.c
[2.179s] -- Up-to-date: /home/tofstudent/sa_zhao/install/carla_msgs/include/carla_msgs/msg/detail/carla_walker_control__type_support.h
[2.179s] -- Up-to-date: /home/tofstudent/sa_zhao/install/carla_msgs/include/carla_msgs/msg/detail/carla_traffic_light_status_list__functions.h
[2.179s] -- Up-to-date: /home/tofstudent/sa_zhao/install/carla_msgs/include/carla_msgs/msg/detail/carla_traffic_light_status_list__type_support.h
[2.179s] -- Up-to-date: /home/tofstudent/sa_zhao/install/carla_msgs/include/carla_msgs/msg/detail/carla_traffic_light_info__functions.c
[2.179s] -- Up-to-date: /home/tofstudent/sa_zhao/install/carla_msgs/include/carla_msgs/msg/detail/carla_collision_event__type_support.h
[2.179s] -- Up-to-date: /home/tofstudent/sa_zhao/install/carla_msgs/include/carla_msgs/msg/detail/carla_lane_invasion_event__functions.c
[2.179s] -- Up-to-date: /home/tofstudent/sa_zhao/install/carla_msgs/include/carla_msgs/msg/detail/carla_ego_vehicle_status__functions.h
[2.180s] -- Up-to-date: /home/tofstudent/sa_zhao/install/carla_msgs/include/carla_msgs/msg/detail/carla_ego_vehicle_info__functions.h
[2.180s] -- Up-to-date: /home/tofstudent/sa_zhao/install/carla_msgs/include/carla_msgs/msg/detail/carla_status__struct.h
[2.180s] -- Up-to-date: /home/tofstudent/sa_zhao/install/carla_msgs/include/carla_msgs/msg/detail/carla_weather_parameters__functions.h
[2.180s] -- Up-to-date: /home/tofstudent/sa_zhao/install/carla_msgs/include/carla_msgs/msg/detail/carla_traffic_light_info__type_support.h
[2.180s] -- Up-to-date: /home/tofstudent/sa_zhao/install/carla_msgs/include/carla_msgs/msg/detail/carla_traffic_light_status_list__struct.h
[2.180s] -- Up-to-date: /home/tofstudent/sa_zhao/install/carla_msgs/include/carla_msgs/msg/detail/carla_traffic_light_info__functions.h
[2.180s] -- Up-to-date: /home/tofstudent/sa_zhao/install/carla_msgs/include/carla_msgs/msg/detail/carla_world_info__functions.c
[2.180s] -- Up-to-date: /home/tofstudent/sa_zhao/install/carla_msgs/include/carla_msgs/msg/detail/carla_traffic_light_status_list__functions.c
[2.181s] -- Up-to-date: /home/tofstudent/sa_zhao/install/carla_msgs/include/carla_msgs/msg/detail/carla_actor_list__struct.h
[2.181s] -- Up-to-date: /home/tofstudent/sa_zhao/install/carla_msgs/include/carla_msgs/msg/detail/carla_actor_info__functions.h
[2.181s] -- Up-to-date: /home/tofstudent/sa_zhao/install/carla_msgs/include/carla_msgs/msg/detail/carla_status__type_support.h
[2.181s] -- Up-to-date: /home/tofstudent/sa_zhao/install/carla_msgs/include/carla_msgs/msg/carla_control.h
[2.181s] -- Up-to-date: /home/tofstudent/sa_zhao/install/carla_msgs/include/carla_msgs/msg/rosidl_generator_c__visibility_control.h
[2.181s] -- Up-to-date: /home/tofstudent/sa_zhao/install/carla_msgs/include/carla_msgs/msg/carla_lane_invasion_event.h
[2.181s] -- Up-to-date: /home/tofstudent/sa_zhao/install/carla_msgs/include/carla_msgs/msg/carla_traffic_light_status.h
[2.181s] -- Up-to-date: /home/tofstudent/sa_zhao/install/carla_msgs/include/carla_msgs/msg/carla_bounding_box.h
[2.181s] -- Up-to-date: /home/tofstudent/sa_zhao/install/carla_msgs/include/carla_msgs/msg/carla_ego_vehicle_info.h
[2.182s] -- Up-to-date: /home/tofstudent/sa_zhao/install/carla_msgs/include/carla_msgs/msg/carla_ego_vehicle_status.h
[2.182s] -- Up-to-date: /home/tofstudent/sa_zhao/install/carla_msgs/include/carla_msgs/msg/carla_actor_info.h
[2.182s] -- Up-to-date: /home/tofstudent/sa_zhao/install/carla_msgs/include/carla_msgs/msg/carla_traffic_light_info_list.h
[2.182s] -- Up-to-date: /home/tofstudent/sa_zhao/install/carla_msgs/share/carla_msgs/environment/library_path.sh
[2.182s] -- Up-to-date: /home/tofstudent/sa_zhao/install/carla_msgs/share/carla_msgs/environment/library_path.dsv
[2.182s] -- Up-to-date: /home/tofstudent/sa_zhao/install/carla_msgs/lib/libcarla_msgs__rosidl_generator_c.so
[2.182s] -- Up-to-date: /home/tofstudent/sa_zhao/install/carla_msgs/include/carla_msgs
[2.182s] -- Up-to-date: /home/tofstudent/sa_zhao/install/carla_msgs/include/carla_msgs/srv
[2.183s] -- Up-to-date: /home/tofstudent/sa_zhao/install/carla_msgs/include/carla_msgs/srv/detail
[2.183s] -- Up-to-date: /home/tofstudent/sa_zhao/install/carla_msgs/include/carla_msgs/srv/detail/spawn_object__rosidl_typesupport_fastrtps_c.h
[2.183s] -- Up-to-date: /home/tofstudent/sa_zhao/install/carla_msgs/include/carla_msgs/srv/detail/destroy_object__rosidl_typesupport_fastrtps_c.h
[2.183s] -- Up-to-date: /home/tofstudent/sa_zhao/install/carla_msgs/include/carla_msgs/srv/detail/get_blueprints__rosidl_typesupport_fastrtps_c.h
[2.183s] -- Up-to-date: /home/tofstudent/sa_zhao/install/carla_msgs/include/carla_msgs/msg
[2.183s] -- Up-to-date: /home/tofstudent/sa_zhao/install/carla_msgs/include/carla_msgs/msg/rosidl_typesupport_fastrtps_c__visibility_control.h
[2.183s] -- Up-to-date: /home/tofstudent/sa_zhao/install/carla_msgs/include/carla_msgs/msg/detail
[2.183s] -- Up-to-date: /home/tofstudent/sa_zhao/install/carla_msgs/include/carla_msgs/msg/detail/carla_traffic_light_info__rosidl_typesupport_fastrtps_c.h
[2.183s] -- Up-to-date: /home/tofstudent/sa_zhao/install/carla_msgs/include/carla_msgs/msg/detail/carla_walker_control__rosidl_typesupport_fastrtps_c.h
[2.184s] -- Up-to-date: /home/tofstudent/sa_zhao/install/carla_msgs/include/carla_msgs/msg/detail/carla_ego_vehicle_control__rosidl_typesupport_fastrtps_c.h
[2.184s] -- Up-to-date: /home/tofstudent/sa_zhao/install/carla_msgs/include/carla_msgs/msg/detail/carla_world_info__rosidl_typesupport_fastrtps_c.h
[2.184s] -- Up-to-date: /home/tofstudent/sa_zhao/install/carla_msgs/include/carla_msgs/msg/detail/carla_ego_vehicle_info__rosidl_typesupport_fastrtps_c.h
[2.184s] -- Up-to-date: /home/tofstudent/sa_zhao/install/carla_msgs/include/carla_msgs/msg/detail/carla_ego_vehicle_info_wheel__rosidl_typesupport_fastrtps_c.h
[2.184s] -- Up-to-date: /home/tofstudent/sa_zhao/install/carla_msgs/include/carla_msgs/msg/detail/carla_traffic_light_info_list__rosidl_typesupport_fastrtps_c.h
[2.184s] -- Up-to-date: /home/tofstudent/sa_zhao/install/carla_msgs/include/carla_msgs/msg/detail/carla_control__rosidl_typesupport_fastrtps_c.h
[2.184s] -- Up-to-date: /home/tofstudent/sa_zhao/install/carla_msgs/include/carla_msgs/msg/detail/carla_ego_vehicle_status__rosidl_typesupport_fastrtps_c.h
[2.184s] -- Up-to-date: /home/tofstudent/sa_zhao/install/carla_msgs/include/carla_msgs/msg/detail/carla_collision_event__rosidl_typesupport_fastrtps_c.h
[2.184s] -- Up-to-date: /home/tofstudent/sa_zhao/install/carla_msgs/include/carla_msgs/msg/detail/carla_traffic_light_status_list__rosidl_typesupport_fastrtps_c.h
[2.185s] -- Up-to-date: /home/tofstudent/sa_zhao/install/carla_msgs/include/carla_msgs/msg/detail/carla_status__rosidl_typesupport_fastrtps_c.h
[2.185s] -- Up-to-date: /home/tofstudent/sa_zhao/install/carla_msgs/include/carla_msgs/msg/detail/carla_weather_parameters__rosidl_typesupport_fastrtps_c.h
[2.185s] -- Up-to-date: /home/tofstudent/sa_zhao/install/carla_msgs/include/carla_msgs/msg/detail/carla_traffic_light_status__rosidl_typesupport_fastrtps_c.h
[2.185s] -- Up-to-date: /home/tofstudent/sa_zhao/install/carla_msgs/include/carla_msgs/msg/detail/carla_bounding_box__rosidl_typesupport_fastrtps_c.h
[2.185s] -- Up-to-date: /home/tofstudent/sa_zhao/install/carla_msgs/include/carla_msgs/msg/detail/carla_lane_invasion_event__rosidl_typesupport_fastrtps_c.h
[2.185s] -- Up-to-date: /home/tofstudent/sa_zhao/install/carla_msgs/include/carla_msgs/msg/detail/carla_actor_list__rosidl_typesupport_fastrtps_c.h
[2.185s] -- Up-to-date: /home/tofstudent/sa_zhao/install/carla_msgs/include/carla_msgs/msg/detail/carla_actor_info__rosidl_typesupport_fastrtps_c.h
[2.185s] -- Up-to-date: /home/tofstudent/sa_zhao/install/carla_msgs/lib/libcarla_msgs__rosidl_typesupport_fastrtps_c.so
[2.185s] -- Up-to-date: /home/tofstudent/sa_zhao/install/carla_msgs/include/carla_msgs
[2.186s] -- Up-to-date: /home/tofstudent/sa_zhao/install/carla_msgs/include/carla_msgs/srv
[2.186s] -- Up-to-date: /home/tofstudent/sa_zhao/install/carla_msgs/include/carla_msgs/srv/detail
[2.186s] -- Up-to-date: /home/tofstudent/sa_zhao/install/carla_msgs/include/carla_msgs/srv/detail/get_blueprints__rosidl_typesupport_fastrtps_cpp.hpp
[2.186s] -- Up-to-date: /home/tofstudent/sa_zhao/install/carla_msgs/include/carla_msgs/srv/detail/dds_fastrtps
[2.186s] -- Up-to-date: /home/tofstudent/sa_zhao/install/carla_msgs/include/carla_msgs/srv/detail/destroy_object__rosidl_typesupport_fastrtps_cpp.hpp
[2.186s] -- Up-to-date: /home/tofstudent/sa_zhao/install/carla_msgs/include/carla_msgs/srv/detail/spawn_object__rosidl_typesupport_fastrtps_cpp.hpp
[2.186s] -- Up-to-date: /home/tofstudent/sa_zhao/install/carla_msgs/include/carla_msgs/msg
[2.186s] -- Up-to-date: /home/tofstudent/sa_zhao/install/carla_msgs/include/carla_msgs/msg/rosidl_typesupport_fastrtps_cpp__visibility_control.h
[2.187s] -- Up-to-date: /home/tofstudent/sa_zhao/install/carla_msgs/include/carla_msgs/msg/detail
[2.187s] -- Up-to-date: /home/tofstudent/sa_zhao/install/carla_msgs/include/carla_msgs/msg/detail/carla_status__rosidl_typesupport_fastrtps_cpp.hpp
[2.187s] -- Up-to-date: /home/tofstudent/sa_zhao/install/carla_msgs/include/carla_msgs/msg/detail/carla_bounding_box__rosidl_typesupport_fastrtps_cpp.hpp
[2.187s] -- Up-to-date: /home/tofstudent/sa_zhao/install/carla_msgs/include/carla_msgs/msg/detail/carla_traffic_light_info__rosidl_typesupport_fastrtps_cpp.hpp
[2.187s] -- Up-to-date: /home/tofstudent/sa_zhao/install/carla_msgs/include/carla_msgs/msg/detail/carla_ego_vehicle_info__rosidl_typesupport_fastrtps_cpp.hpp
[2.187s] -- Up-to-date: /home/tofstudent/sa_zhao/install/carla_msgs/include/carla_msgs/msg/detail/carla_world_info__rosidl_typesupport_fastrtps_cpp.hpp
[2.187s] -- Up-to-date: /home/tofstudent/sa_zhao/install/carla_msgs/include/carla_msgs/msg/detail/carla_control__rosidl_typesupport_fastrtps_cpp.hpp
[2.187s] -- Up-to-date: /home/tofstudent/sa_zhao/install/carla_msgs/include/carla_msgs/msg/detail/carla_ego_vehicle_info_wheel__rosidl_typesupport_fastrtps_cpp.hpp
[2.187s] -- Up-to-date: /home/tofstudent/sa_zhao/install/carla_msgs/include/carla_msgs/msg/detail/carla_collision_event__rosidl_typesupport_fastrtps_cpp.hpp
[2.188s] -- Up-to-date: /home/tofstudent/sa_zhao/install/carla_msgs/include/carla_msgs/msg/detail/carla_traffic_light_status_list__rosidl_typesupport_fastrtps_cpp.hpp
[2.188s] -- Up-to-date: /home/tofstudent/sa_zhao/install/carla_msgs/include/carla_msgs/msg/detail/carla_actor_info__rosidl_typesupport_fastrtps_cpp.hpp
[2.188s] -- Up-to-date: /home/tofstudent/sa_zhao/install/carla_msgs/include/carla_msgs/msg/detail/carla_lane_invasion_event__rosidl_typesupport_fastrtps_cpp.hpp
[2.188s] -- Up-to-date: /home/tofstudent/sa_zhao/install/carla_msgs/include/carla_msgs/msg/detail/carla_ego_vehicle_status__rosidl_typesupport_fastrtps_cpp.hpp
[2.188s] -- Up-to-date: /home/tofstudent/sa_zhao/install/carla_msgs/include/carla_msgs/msg/detail/carla_ego_vehicle_control__rosidl_typesupport_fastrtps_cpp.hpp
[2.188s] -- Up-to-date: /home/tofstudent/sa_zhao/install/carla_msgs/include/carla_msgs/msg/detail/carla_actor_list__rosidl_typesupport_fastrtps_cpp.hpp
[2.188s] -- Up-to-date: /home/tofstudent/sa_zhao/install/carla_msgs/include/carla_msgs/msg/detail/dds_fastrtps
[2.188s] -- Up-to-date: /home/tofstudent/sa_zhao/install/carla_msgs/include/carla_msgs/msg/detail/carla_walker_control__rosidl_typesupport_fastrtps_cpp.hpp
[2.189s] -- Up-to-date: /home/tofstudent/sa_zhao/install/carla_msgs/include/carla_msgs/msg/detail/carla_traffic_light_info_list__rosidl_typesupport_fastrtps_cpp.hpp
[2.189s] -- Up-to-date: /home/tofstudent/sa_zhao/install/carla_msgs/include/carla_msgs/msg/detail/carla_traffic_light_status__rosidl_typesupport_fastrtps_cpp.hpp
[2.189s] -- Up-to-date: /home/tofstudent/sa_zhao/install/carla_msgs/include/carla_msgs/msg/detail/carla_weather_parameters__rosidl_typesupport_fastrtps_cpp.hpp
[2.189s] -- Up-to-date: /home/tofstudent/sa_zhao/install/carla_msgs/lib/libcarla_msgs__rosidl_typesupport_fastrtps_cpp.so
[2.189s] -- Up-to-date: /home/tofstudent/sa_zhao/install/carla_msgs/include/carla_msgs
[2.195s] -- Up-to-date: /home/tofstudent/sa_zhao/install/carla_msgs/include/carla_msgs/srv
[2.196s] -- Up-to-date: /home/tofstudent/sa_zhao/install/carla_msgs/include/carla_msgs/srv/detail
[2.196s] -- Up-to-date: /home/tofstudent/sa_zhao/install/carla_msgs/include/carla_msgs/srv/detail/get_blueprints__rosidl_typesupport_introspection_c.h
[2.196s] -- Up-to-date: /home/tofstudent/sa_zhao/install/carla_msgs/include/carla_msgs/srv/detail/spawn_object__type_support.c
[2.196s] -- Up-to-date: /home/tofstudent/sa_zhao/install/carla_msgs/include/carla_msgs/srv/detail/destroy_object__type_support.c
[2.196s] -- Up-to-date: /home/tofstudent/sa_zhao/install/carla_msgs/include/carla_msgs/srv/detail/spawn_object__rosidl_typesupport_introspection_c.h
[2.197s] -- Up-to-date: /home/tofstudent/sa_zhao/install/carla_msgs/include/carla_msgs/srv/detail/destroy_object__rosidl_typesupport_introspection_c.h
[2.197s] -- Up-to-date: /home/tofstudent/sa_zhao/install/carla_msgs/include/carla_msgs/srv/detail/get_blueprints__type_support.c
[2.197s] -- Up-to-date: /home/tofstudent/sa_zhao/install/carla_msgs/include/carla_msgs/msg
[2.198s] -- Up-to-date: /home/tofstudent/sa_zhao/install/carla_msgs/include/carla_msgs/msg/detail
[2.198s] -- Up-to-date: /home/tofstudent/sa_zhao/install/carla_msgs/include/carla_msgs/msg/detail/carla_ego_vehicle_control__type_support.c
[2.198s] -- Up-to-date: /home/tofstudent/sa_zhao/install/carla_msgs/include/carla_msgs/msg/detail/carla_traffic_light_info_list__rosidl_typesupport_introspection_c.h
[2.198s] -- Up-to-date: /home/tofstudent/sa_zhao/install/carla_msgs/include/carla_msgs/msg/detail/carla_traffic_light_status_list__rosidl_typesupport_introspection_c.h
[2.198s] -- Up-to-date: /home/tofstudent/sa_zhao/install/carla_msgs/include/carla_msgs/msg/detail/carla_collision_event__rosidl_typesupport_introspection_c.h
[2.198s] -- Up-to-date: /home/tofstudent/sa_zhao/install/carla_msgs/include/carla_msgs/msg/detail/carla_ego_vehicle_info_wheel__rosidl_typesupport_introspection_c.h
[2.198s] -- Up-to-date: /home/tofstudent/sa_zhao/install/carla_msgs/include/carla_msgs/msg/detail/carla_lane_invasion_event__type_support.c
[2.198s] -- Up-to-date: /home/tofstudent/sa_zhao/install/carla_msgs/include/carla_msgs/msg/detail/carla_traffic_light_info__rosidl_typesupport_introspection_c.h
[2.199s] -- Up-to-date: /home/tofstudent/sa_zhao/install/carla_msgs/include/carla_msgs/msg/detail/carla_world_info__type_support.c
[2.199s] -- Up-to-date: /home/tofstudent/sa_zhao/install/carla_msgs/include/carla_msgs/msg/detail/carla_traffic_light_info_list__type_support.c
[2.199s] -- Up-to-date: /home/tofstudent/sa_zhao/install/carla_msgs/include/carla_msgs/msg/detail/carla_actor_info__type_support.c
[2.199s] -- Up-to-date: /home/tofstudent/sa_zhao/install/carla_msgs/include/carla_msgs/msg/detail/carla_traffic_light_status__rosidl_typesupport_introspection_c.h
[2.199s] -- Up-to-date: /home/tofstudent/sa_zhao/install/carla_msgs/include/carla_msgs/msg/detail/carla_ego_vehicle_status__rosidl_typesupport_introspection_c.h
[2.199s] -- Up-to-date: /home/tofstudent/sa_zhao/install/carla_msgs/include/carla_msgs/msg/detail/carla_control__type_support.c
[2.199s] -- Up-to-date: /home/tofstudent/sa_zhao/install/carla_msgs/include/carla_msgs/msg/detail/carla_traffic_light_status__type_support.c
[2.199s] -- Up-to-date: /home/tofstudent/sa_zhao/install/carla_msgs/include/carla_msgs/msg/detail/carla_collision_event__type_support.c
[2.199s] -- Up-to-date: /home/tofstudent/sa_zhao/install/carla_msgs/include/carla_msgs/msg/detail/carla_ego_vehicle_info_wheel__type_support.c
[2.200s] -- Up-to-date: /home/tofstudent/sa_zhao/install/carla_msgs/include/carla_msgs/msg/detail/carla_traffic_light_status_list__type_support.c
[2.200s] -- Up-to-date: /home/tofstudent/sa_zhao/install/carla_msgs/include/carla_msgs/msg/detail/carla_traffic_light_info__type_support.c
[2.200s] -- Up-to-date: /home/tofstudent/sa_zhao/install/carla_msgs/include/carla_msgs/msg/detail/carla_bounding_box__rosidl_typesupport_introspection_c.h
[2.200s] -- Up-to-date: /home/tofstudent/sa_zhao/install/carla_msgs/include/carla_msgs/msg/detail/carla_actor_info__rosidl_typesupport_introspection_c.h
[2.200s] -- Up-to-date: /home/tofstudent/sa_zhao/install/carla_msgs/include/carla_msgs/msg/detail/carla_ego_vehicle_info__type_support.c
[2.200s] -- Up-to-date: /home/tofstudent/sa_zhao/install/carla_msgs/include/carla_msgs/msg/detail/carla_bounding_box__type_support.c
[2.200s] -- Up-to-date: /home/tofstudent/sa_zhao/install/carla_msgs/include/carla_msgs/msg/detail/carla_walker_control__type_support.c
[2.200s] -- Up-to-date: /home/tofstudent/sa_zhao/install/carla_msgs/include/carla_msgs/msg/detail/carla_status__type_support.c
[2.200s] -- Up-to-date: /home/tofstudent/sa_zhao/install/carla_msgs/include/carla_msgs/msg/detail/carla_ego_vehicle_control__rosidl_typesupport_introspection_c.h
[2.201s] -- Up-to-date: /home/tofstudent/sa_zhao/install/carla_msgs/include/carla_msgs/msg/detail/carla_status__rosidl_typesupport_introspection_c.h
[2.201s] -- Up-to-date: /home/tofstudent/sa_zhao/install/carla_msgs/include/carla_msgs/msg/detail/carla_weather_parameters__type_support.c
[2.201s] -- Up-to-date: /home/tofstudent/sa_zhao/install/carla_msgs/include/carla_msgs/msg/detail/carla_weather_parameters__rosidl_typesupport_introspection_c.h
[2.201s] -- Up-to-date: /home/tofstudent/sa_zhao/install/carla_msgs/include/carla_msgs/msg/detail/carla_ego_vehicle_status__type_support.c
[2.201s] -- Up-to-date: /home/tofstudent/sa_zhao/install/carla_msgs/include/carla_msgs/msg/detail/carla_lane_invasion_event__rosidl_typesupport_introspection_c.h
[2.201s] -- Up-to-date: /home/tofstudent/sa_zhao/install/carla_msgs/include/carla_msgs/msg/detail/carla_world_info__rosidl_typesupport_introspection_c.h
[2.202s] -- Up-to-date: /home/tofstudent/sa_zhao/install/carla_msgs/include/carla_msgs/msg/detail/carla_walker_control__rosidl_typesupport_introspection_c.h
[2.202s] -- Up-to-date: /home/tofstudent/sa_zhao/install/carla_msgs/include/carla_msgs/msg/detail/carla_actor_list__rosidl_typesupport_introspection_c.h
[2.202s] -- Up-to-date: /home/tofstudent/sa_zhao/install/carla_msgs/include/carla_msgs/msg/detail/carla_actor_list__type_support.c
[2.202s] -- Up-to-date: /home/tofstudent/sa_zhao/install/carla_msgs/include/carla_msgs/msg/detail/carla_ego_vehicle_info__rosidl_typesupport_introspection_c.h
[2.202s] -- Up-to-date: /home/tofstudent/sa_zhao/install/carla_msgs/include/carla_msgs/msg/detail/carla_control__rosidl_typesupport_introspection_c.h
[2.202s] -- Up-to-date: /home/tofstudent/sa_zhao/install/carla_msgs/include/carla_msgs/msg/rosidl_typesupport_introspection_c__visibility_control.h
[2.203s] -- Up-to-date: /home/tofstudent/sa_zhao/install/carla_msgs/lib/libcarla_msgs__rosidl_typesupport_introspection_c.so
[2.203s] -- Up-to-date: /home/tofstudent/sa_zhao/install/carla_msgs/lib/libcarla_msgs__rosidl_typesupport_c.so
[2.203s] -- Up-to-date: /home/tofstudent/sa_zhao/install/carla_msgs/include/carla_msgs
[2.203s] -- Up-to-date: /home/tofstudent/sa_zhao/install/carla_msgs/include/carla_msgs/srv
[2.203s] -- Up-to-date: /home/tofstudent/sa_zhao/install/carla_msgs/include/carla_msgs/srv/detail
[2.203s] -- Up-to-date: /home/tofstudent/sa_zhao/install/carla_msgs/include/carla_msgs/srv/detail/destroy_object__builder.hpp
[2.203s] -- Up-to-date: /home/tofstudent/sa_zhao/install/carla_msgs/include/carla_msgs/srv/detail/spawn_object__builder.hpp
[2.203s] -- Up-to-date: /home/tofstudent/sa_zhao/install/carla_msgs/include/carla_msgs/srv/detail/spawn_object__traits.hpp
[2.203s] -- Up-to-date: /home/tofstudent/sa_zhao/install/carla_msgs/include/carla_msgs/srv/detail/get_blueprints__builder.hpp
[2.203s] -- Up-to-date: /home/tofstudent/sa_zhao/install/carla_msgs/include/carla_msgs/srv/detail/spawn_object__struct.hpp
[2.204s] -- Up-to-date: /home/tofstudent/sa_zhao/install/carla_msgs/include/carla_msgs/srv/detail/destroy_object__traits.hpp
[2.204s] -- Up-to-date: /home/tofstudent/sa_zhao/install/carla_msgs/include/carla_msgs/srv/detail/destroy_object__struct.hpp
[2.204s] -- Up-to-date: /home/tofstudent/sa_zhao/install/carla_msgs/include/carla_msgs/srv/detail/get_blueprints__traits.hpp
[2.204s] -- Up-to-date: /home/tofstudent/sa_zhao/install/carla_msgs/include/carla_msgs/srv/detail/get_blueprints__struct.hpp
[2.204s] -- Up-to-date: /home/tofstudent/sa_zhao/install/carla_msgs/include/carla_msgs/srv/spawn_object.hpp
[2.204s] -- Up-to-date: /home/tofstudent/sa_zhao/install/carla_msgs/include/carla_msgs/srv/destroy_object.hpp
[2.204s] -- Up-to-date: /home/tofstudent/sa_zhao/install/carla_msgs/include/carla_msgs/srv/get_blueprints.hpp
[2.204s] -- Up-to-date: /home/tofstudent/sa_zhao/install/carla_msgs/include/carla_msgs/msg
[2.204s] -- Up-to-date: /home/tofstudent/sa_zhao/install/carla_msgs/include/carla_msgs/msg/carla_ego_vehicle_info_wheel.hpp
[2.205s] -- Up-to-date: /home/tofstudent/sa_zhao/install/carla_msgs/include/carla_msgs/msg/carla_ego_vehicle_info.hpp
[2.205s] -- Up-to-date: /home/tofstudent/sa_zhao/install/carla_msgs/include/carla_msgs/msg/carla_world_info.hpp
[2.205s] -- Up-to-date: /home/tofstudent/sa_zhao/install/carla_msgs/include/carla_msgs/msg/carla_traffic_light_info_list.hpp
[2.205s] -- Up-to-date: /home/tofstudent/sa_zhao/install/carla_msgs/include/carla_msgs/msg/carla_traffic_light_info.hpp
[2.205s] -- Up-to-date: /home/tofstudent/sa_zhao/install/carla_msgs/include/carla_msgs/msg/detail
[2.205s] -- Up-to-date: /home/tofstudent/sa_zhao/install/carla_msgs/include/carla_msgs/msg/detail/carla_traffic_light_info_list__traits.hpp
[2.206s] -- Up-to-date: /home/tofstudent/sa_zhao/install/carla_msgs/include/carla_msgs/msg/detail/carla_lane_invasion_event__struct.hpp
[2.206s] -- Up-to-date: /home/tofstudent/sa_zhao/install/carla_msgs/include/carla_msgs/msg/detail/carla_weather_parameters__builder.hpp
[2.206s] -- Up-to-date: /home/tofstudent/sa_zhao/install/carla_msgs/include/carla_msgs/msg/detail/carla_walker_control__builder.hpp
[2.206s] -- Up-to-date: /home/tofstudent/sa_zhao/install/carla_msgs/include/carla_msgs/msg/detail/carla_actor_info__builder.hpp
[2.206s] -- Up-to-date: /home/tofstudent/sa_zhao/install/carla_msgs/include/carla_msgs/msg/detail/carla_ego_vehicle_control__builder.hpp
[2.206s] -- Up-to-date: /home/tofstudent/sa_zhao/install/carla_msgs/include/carla_msgs/msg/detail/carla_actor_info__struct.hpp
[2.207s] -- Up-to-date: /home/tofstudent/sa_zhao/install/carla_msgs/include/carla_msgs/msg/detail/carla_world_info__traits.hpp
[2.208s] -- Up-to-date: /home/tofstudent/sa_zhao/install/carla_msgs/include/carla_msgs/msg/detail/carla_actor_list__traits.hpp
[2.210s] -- Up-to-date: /home/tofstudent/sa_zhao/install/carla_msgs/include/carla_msgs/msg/detail/carla_collision_event__struct.hpp
[2.211s] -- Up-to-date: /home/tofstudent/sa_zhao/install/carla_msgs/include/carla_msgs/msg/detail/carla_ego_vehicle_info__traits.hpp
[2.211s] -- Up-to-date: /home/tofstudent/sa_zhao/install/carla_msgs/include/carla_msgs/msg/detail/carla_ego_vehicle_status__builder.hpp
[2.211s] -- Up-to-date: /home/tofstudent/sa_zhao/install/carla_msgs/include/carla_msgs/msg/detail/carla_bounding_box__traits.hpp
[2.212s] -- Up-to-date: /home/tofstudent/sa_zhao/install/carla_msgs/include/carla_msgs/msg/detail/carla_weather_parameters__traits.hpp
[2.212s] -- Up-to-date: /home/tofstudent/sa_zhao/install/carla_msgs/include/carla_msgs/msg/detail/carla_ego_vehicle_status__traits.hpp
[2.212s] -- Up-to-date: /home/tofstudent/sa_zhao/install/carla_msgs/include/carla_msgs/msg/detail/carla_collision_event__builder.hpp
[2.212s] -- Up-to-date: /home/tofstudent/sa_zhao/install/carla_msgs/include/carla_msgs/msg/detail/carla_traffic_light_status__struct.hpp
[2.213s] -- Up-to-date: /home/tofstudent/sa_zhao/install/carla_msgs/include/carla_msgs/msg/detail/carla_bounding_box__struct.hpp
[2.213s] -- Up-to-date: /home/tofstudent/sa_zhao/install/carla_msgs/include/carla_msgs/msg/detail/carla_collision_event__traits.hpp
[2.213s] -- Up-to-date: /home/tofstudent/sa_zhao/install/carla_msgs/include/carla_msgs/msg/detail/carla_control__builder.hpp
[2.213s] -- Up-to-date: /home/tofstudent/sa_zhao/install/carla_msgs/include/carla_msgs/msg/detail/carla_walker_control__traits.hpp
[2.217s] -- Up-to-date: /home/tofstudent/sa_zhao/install/carla_msgs/include/carla_msgs/msg/detail/carla_world_info__struct.hpp
[2.217s] -- Up-to-date: /home/tofstudent/sa_zhao/install/carla_msgs/include/carla_msgs/msg/detail/carla_actor_list__struct.hpp
[2.218s] -- Up-to-date: /home/tofstudent/sa_zhao/install/carla_msgs/include/carla_msgs/msg/detail/carla_traffic_light_status_list__struct.hpp
[2.218s] -- Up-to-date: /home/tofstudent/sa_zhao/install/carla_msgs/include/carla_msgs/msg/detail/carla_weather_parameters__struct.hpp
[2.219s] -- Up-to-date: /home/tofstudent/sa_zhao/install/carla_msgs/include/carla_msgs/msg/detail/carla_traffic_light_status_list__traits.hpp
[2.220s] -- Up-to-date: /home/tofstudent/sa_zhao/install/carla_msgs/include/carla_msgs/msg/detail/carla_ego_vehicle_info__builder.hpp
[2.220s] -- Up-to-date: /home/tofstudent/sa_zhao/install/carla_msgs/include/carla_msgs/msg/detail/carla_walker_control__struct.hpp
[2.220s] -- Up-to-date: /home/tofstudent/sa_zhao/install/carla_msgs/include/carla_msgs/msg/detail/carla_traffic_light_status_list__builder.hpp
[2.221s] -- Up-to-date: /home/tofstudent/sa_zhao/install/carla_msgs/include/carla_msgs/msg/detail/carla_status__builder.hpp
[2.221s] -- Up-to-date: /home/tofstudent/sa_zhao/install/carla_msgs/include/carla_msgs/msg/detail/carla_status__traits.hpp
[2.221s] -- Up-to-date: /home/tofstudent/sa_zhao/install/carla_msgs/include/carla_msgs/msg/detail/carla_traffic_light_status__traits.hpp
[2.222s] -- Up-to-date: /home/tofstudent/sa_zhao/install/carla_msgs/include/carla_msgs/msg/detail/carla_ego_vehicle_status__struct.hpp
[2.222s] -- Up-to-date: /home/tofstudent/sa_zhao/install/carla_msgs/include/carla_msgs/msg/detail/carla_traffic_light_info_list__struct.hpp
[2.222s] -- Up-to-date: /home/tofstudent/sa_zhao/install/carla_msgs/include/carla_msgs/msg/detail/carla_traffic_light_status__builder.hpp
[2.223s] -- Up-to-date: /home/tofstudent/sa_zhao/install/carla_msgs/include/carla_msgs/msg/detail/carla_bounding_box__builder.hpp
[2.223s] -- Up-to-date: /home/tofstudent/sa_zhao/install/carla_msgs/include/carla_msgs/msg/detail/carla_traffic_light_info__struct.hpp
[2.223s] -- Up-to-date: /home/tofstudent/sa_zhao/install/carla_msgs/include/carla_msgs/msg/detail/carla_traffic_light_info_list__builder.hpp
[2.224s] -- Up-to-date: /home/tofstudent/sa_zhao/install/carla_msgs/include/carla_msgs/msg/detail/carla_actor_info__traits.hpp
[2.228s] -- Up-to-date: /home/tofstudent/sa_zhao/install/carla_msgs/include/carla_msgs/msg/detail/carla_control__traits.hpp
[2.229s] -- Up-to-date: /home/tofstudent/sa_zhao/install/carla_msgs/include/carla_msgs/msg/detail/carla_ego_vehicle_info_wheel__traits.hpp
[2.229s] -- Up-to-date: /home/tofstudent/sa_zhao/install/carla_msgs/include/carla_msgs/msg/detail/carla_lane_invasion_event__builder.hpp
[2.230s] -- Up-to-date: /home/tofstudent/sa_zhao/install/carla_msgs/include/carla_msgs/msg/detail/carla_ego_vehicle_control__struct.hpp
[2.230s] -- Up-to-date: /home/tofstudent/sa_zhao/install/carla_msgs/include/carla_msgs/msg/detail/carla_traffic_light_info__traits.hpp
[2.230s] -- Up-to-date: /home/tofstudent/sa_zhao/install/carla_msgs/include/carla_msgs/msg/detail/carla_ego_vehicle_control__traits.hpp
[2.230s] -- Up-to-date: /home/tofstudent/sa_zhao/install/carla_msgs/include/carla_msgs/msg/detail/carla_traffic_light_info__builder.hpp
[2.231s] -- Up-to-date: /home/tofstudent/sa_zhao/install/carla_msgs/include/carla_msgs/msg/detail/carla_world_info__builder.hpp
[2.231s] -- Up-to-date: /home/tofstudent/sa_zhao/install/carla_msgs/include/carla_msgs/msg/detail/carla_ego_vehicle_info__struct.hpp
[2.231s] -- Up-to-date: /home/tofstudent/sa_zhao/install/carla_msgs/include/carla_msgs/msg/detail/carla_control__struct.hpp
[2.231s] -- Up-to-date: /home/tofstudent/sa_zhao/install/carla_msgs/include/carla_msgs/msg/detail/carla_actor_list__builder.hpp
[2.231s] -- Up-to-date: /home/tofstudent/sa_zhao/install/carla_msgs/include/carla_msgs/msg/detail/carla_status__struct.hpp
[2.231s] -- Up-to-date: /home/tofstudent/sa_zhao/install/carla_msgs/include/carla_msgs/msg/detail/carla_ego_vehicle_info_wheel__struct.hpp
[2.231s] -- Up-to-date: /home/tofstudent/sa_zhao/install/carla_msgs/include/carla_msgs/msg/detail/carla_lane_invasion_event__traits.hpp
[2.231s] -- Up-to-date: /home/tofstudent/sa_zhao/install/carla_msgs/include/carla_msgs/msg/detail/carla_ego_vehicle_info_wheel__builder.hpp
[2.231s] -- Up-to-date: /home/tofstudent/sa_zhao/install/carla_msgs/include/carla_msgs/msg/carla_status.hpp
[2.231s] -- Up-to-date: /home/tofstudent/sa_zhao/install/carla_msgs/include/carla_msgs/msg/carla_weather_parameters.hpp
[2.232s] -- Up-to-date: /home/tofstudent/sa_zhao/install/carla_msgs/include/carla_msgs/msg/carla_traffic_light_status_list.hpp
[2.232s] -- Up-to-date: /home/tofstudent/sa_zhao/install/carla_msgs/include/carla_msgs/msg/carla_lane_invasion_event.hpp
[2.232s] -- Up-to-date: /home/tofstudent/sa_zhao/install/carla_msgs/include/carla_msgs/msg/carla_actor_info.hpp
[2.232s] -- Up-to-date: /home/tofstudent/sa_zhao/install/carla_msgs/include/carla_msgs/msg/carla_actor_list.hpp
[2.232s] -- Up-to-date: /home/tofstudent/sa_zhao/install/carla_msgs/include/carla_msgs/msg/carla_ego_vehicle_status.hpp
[2.232s] -- Up-to-date: /home/tofstudent/sa_zhao/install/carla_msgs/include/carla_msgs/msg/carla_traffic_light_status.hpp
[2.232s] -- Up-to-date: /home/tofstudent/sa_zhao/install/carla_msgs/include/carla_msgs/msg/carla_collision_event.hpp
[2.232s] -- Up-to-date: /home/tofstudent/sa_zhao/install/carla_msgs/include/carla_msgs/msg/carla_ego_vehicle_control.hpp
[2.232s] -- Up-to-date: /home/tofstudent/sa_zhao/install/carla_msgs/include/carla_msgs/msg/carla_control.hpp
[2.233s] -- Up-to-date: /home/tofstudent/sa_zhao/install/carla_msgs/include/carla_msgs/msg/carla_bounding_box.hpp
[2.233s] -- Up-to-date: /home/tofstudent/sa_zhao/install/carla_msgs/include/carla_msgs/msg/carla_walker_control.hpp
[2.233s] -- Up-to-date: /home/tofstudent/sa_zhao/install/carla_msgs/include/carla_msgs
[2.233s] -- Up-to-date: /home/tofstudent/sa_zhao/install/carla_msgs/include/carla_msgs/srv
[2.233s] -- Up-to-date: /home/tofstudent/sa_zhao/install/carla_msgs/include/carla_msgs/srv/detail
[2.233s] -- Up-to-date: /home/tofstudent/sa_zhao/install/carla_msgs/include/carla_msgs/srv/detail/destroy_object__type_support.cpp
[2.233s] -- Up-to-date: /home/tofstudent/sa_zhao/install/carla_msgs/include/carla_msgs/srv/detail/spawn_object__type_support.cpp
[2.233s] -- Up-to-date: /home/tofstudent/sa_zhao/install/carla_msgs/include/carla_msgs/srv/detail/destroy_object__rosidl_typesupport_introspection_cpp.hpp
[2.233s] -- Up-to-date: /home/tofstudent/sa_zhao/install/carla_msgs/include/carla_msgs/srv/detail/get_blueprints__type_support.cpp
[2.233s] -- Up-to-date: /home/tofstudent/sa_zhao/install/carla_msgs/include/carla_msgs/srv/detail/get_blueprints__rosidl_typesupport_introspection_cpp.hpp
[2.234s] -- Up-to-date: /home/tofstudent/sa_zhao/install/carla_msgs/include/carla_msgs/srv/detail/spawn_object__rosidl_typesupport_introspection_cpp.hpp
[2.234s] -- Up-to-date: /home/tofstudent/sa_zhao/install/carla_msgs/include/carla_msgs/msg
[2.234s] -- Up-to-date: /home/tofstudent/sa_zhao/install/carla_msgs/include/carla_msgs/msg/detail
[2.234s] -- Up-to-date: /home/tofstudent/sa_zhao/install/carla_msgs/include/carla_msgs/msg/detail/carla_traffic_light_status__type_support.cpp
[2.234s] -- Up-to-date: /home/tofstudent/sa_zhao/install/carla_msgs/include/carla_msgs/msg/detail/carla_status__rosidl_typesupport_introspection_cpp.hpp
[2.234s] -- Up-to-date: /home/tofstudent/sa_zhao/install/carla_msgs/include/carla_msgs/msg/detail/carla_ego_vehicle_control__rosidl_typesupport_introspection_cpp.hpp
[2.234s] -- Up-to-date: /home/tofstudent/sa_zhao/install/carla_msgs/include/carla_msgs/msg/detail/carla_control__rosidl_typesupport_introspection_cpp.hpp
[2.234s] -- Up-to-date: /home/tofstudent/sa_zhao/install/carla_msgs/include/carla_msgs/msg/detail/carla_control__type_support.cpp
[2.234s] -- Up-to-date: /home/tofstudent/sa_zhao/install/carla_msgs/include/carla_msgs/msg/detail/carla_ego_vehicle_status__rosidl_typesupport_introspection_cpp.hpp
[2.235s] -- Up-to-date: /home/tofstudent/sa_zhao/install/carla_msgs/include/carla_msgs/msg/detail/carla_actor_info__type_support.cpp
[2.235s] -- Up-to-date: /home/tofstudent/sa_zhao/install/carla_msgs/include/carla_msgs/msg/detail/carla_status__type_support.cpp
[2.235s] -- Up-to-date: /home/tofstudent/sa_zhao/install/carla_msgs/include/carla_msgs/msg/detail/carla_actor_info__rosidl_typesupport_introspection_cpp.hpp
[2.235s] -- Up-to-date: /home/tofstudent/sa_zhao/install/carla_msgs/include/carla_msgs/msg/detail/carla_actor_list__type_support.cpp
[2.235s] -- Up-to-date: /home/tofstudent/sa_zhao/install/carla_msgs/include/carla_msgs/msg/detail/carla_lane_invasion_event__rosidl_typesupport_introspection_cpp.hpp
[2.235s] -- Up-to-date: /home/tofstudent/sa_zhao/install/carla_msgs/include/carla_msgs/msg/detail/carla_weather_parameters__type_support.cpp
[2.235s] -- Up-to-date: /home/tofstudent/sa_zhao/install/carla_msgs/include/carla_msgs/msg/detail/carla_collision_event__type_support.cpp
[2.235s] -- Up-to-date: /home/tofstudent/sa_zhao/install/carla_msgs/include/carla_msgs/msg/detail/carla_ego_vehicle_info_wheel__type_support.cpp
[2.235s] -- Up-to-date: /home/tofstudent/sa_zhao/install/carla_msgs/include/carla_msgs/msg/detail/carla_traffic_light_info__type_support.cpp
[2.235s] -- Up-to-date: /home/tofstudent/sa_zhao/install/carla_msgs/include/carla_msgs/msg/detail/carla_bounding_box__rosidl_typesupport_introspection_cpp.hpp
[2.235s] -- Up-to-date: /home/tofstudent/sa_zhao/install/carla_msgs/include/carla_msgs/msg/detail/carla_traffic_light_info_list__rosidl_typesupport_introspection_cpp.hpp
[2.236s] -- Up-to-date: /home/tofstudent/sa_zhao/install/carla_msgs/include/carla_msgs/msg/detail/carla_ego_vehicle_info__type_support.cpp
[2.236s] -- Up-to-date: /home/tofstudent/sa_zhao/install/carla_msgs/include/carla_msgs/msg/detail/carla_weather_parameters__rosidl_typesupport_introspection_cpp.hpp
[2.236s] -- Up-to-date: /home/tofstudent/sa_zhao/install/carla_msgs/include/carla_msgs/msg/detail/carla_walker_control__type_support.cpp
[2.236s] -- Up-to-date: /home/tofstudent/sa_zhao/install/carla_msgs/include/carla_msgs/msg/detail/carla_traffic_light_info__rosidl_typesupport_introspection_cpp.hpp
[2.236s] -- Up-to-date: /home/tofstudent/sa_zhao/install/carla_msgs/include/carla_msgs/msg/detail/carla_ego_vehicle_info_wheel__rosidl_typesupport_introspection_cpp.hpp
[2.236s] -- Up-to-date: /home/tofstudent/sa_zhao/install/carla_msgs/include/carla_msgs/msg/detail/carla_world_info__rosidl_typesupport_introspection_cpp.hpp
[2.237s] -- Up-to-date: /home/tofstudent/sa_zhao/install/carla_msgs/include/carla_msgs/msg/detail/carla_collision_event__rosidl_typesupport_introspection_cpp.hpp
[2.237s] -- Up-to-date: /home/tofstudent/sa_zhao/install/carla_msgs/include/carla_msgs/msg/detail/carla_actor_list__rosidl_typesupport_introspection_cpp.hpp
[2.237s] -- Up-to-date: /home/tofstudent/sa_zhao/install/carla_msgs/include/carla_msgs/msg/detail/carla_walker_control__rosidl_typesupport_introspection_cpp.hpp
[2.237s] -- Up-to-date: /home/tofstudent/sa_zhao/install/carla_msgs/include/carla_msgs/msg/detail/carla_ego_vehicle_control__type_support.cpp
[2.237s] -- Up-to-date: /home/tofstudent/sa_zhao/install/carla_msgs/include/carla_msgs/msg/detail/carla_bounding_box__type_support.cpp
[2.238s] -- Up-to-date: /home/tofstudent/sa_zhao/install/carla_msgs/include/carla_msgs/msg/detail/carla_traffic_light_status_list__type_support.cpp
[2.238s] -- Up-to-date: /home/tofstudent/sa_zhao/install/carla_msgs/include/carla_msgs/msg/detail/carla_ego_vehicle_status__type_support.cpp
[2.238s] -- Up-to-date: /home/tofstudent/sa_zhao/install/carla_msgs/include/carla_msgs/msg/detail/carla_ego_vehicle_info__rosidl_typesupport_introspection_cpp.hpp
[2.238s] -- Up-to-date: /home/tofstudent/sa_zhao/install/carla_msgs/include/carla_msgs/msg/detail/carla_traffic_light_status_list__rosidl_typesupport_introspection_cpp.hpp
[2.239s] -- Up-to-date: /home/tofstudent/sa_zhao/install/carla_msgs/include/carla_msgs/msg/detail/carla_traffic_light_status__rosidl_typesupport_introspection_cpp.hpp
[2.239s] -- Up-to-date: /home/tofstudent/sa_zhao/install/carla_msgs/include/carla_msgs/msg/detail/carla_lane_invasion_event__type_support.cpp
[2.242s] -- Up-to-date: /home/tofstudent/sa_zhao/install/carla_msgs/include/carla_msgs/msg/detail/carla_traffic_light_info_list__type_support.cpp
[2.242s] -- Up-to-date: /home/tofstudent/sa_zhao/install/carla_msgs/include/carla_msgs/msg/detail/carla_world_info__type_support.cpp
[2.243s] -- Up-to-date: /home/tofstudent/sa_zhao/install/carla_msgs/lib/libcarla_msgs__rosidl_typesupport_introspection_cpp.so
[2.243s] -- Up-to-date: /home/tofstudent/sa_zhao/install/carla_msgs/lib/libcarla_msgs__rosidl_typesupport_cpp.so
[2.243s] -- Up-to-date: /home/tofstudent/sa_zhao/install/carla_msgs/share/carla_msgs/environment/pythonpath.sh
[2.243s] -- Up-to-date: /home/tofstudent/sa_zhao/install/carla_msgs/share/carla_msgs/environment/pythonpath.dsv
[2.244s] -- Up-to-date: /home/tofstudent/sa_zhao/install/carla_msgs/lib/python3.8/site-packages/carla_msgs/__init__.py
[2.246s] -- Up-to-date: /home/tofstudent/sa_zhao/install/carla_msgs/lib/python3.8/site-packages/carla_msgs/msg
[2.248s] -- Up-to-date: /home/tofstudent/sa_zhao/install/carla_msgs/lib/python3.8/site-packages/carla_msgs/msg/_carla_ego_vehicle_info_wheel.py
[2.249s] -- Up-to-date: /home/tofstudent/sa_zhao/install/carla_msgs/lib/python3.8/site-packages/carla_msgs/msg/_carla_status_s.c
[2.249s] -- Up-to-date: /home/tofstudent/sa_zhao/install/carla_msgs/lib/python3.8/site-packages/carla_msgs/msg/_carla_bounding_box_s.c
[2.249s] -- Up-to-date: /home/tofstudent/sa_zhao/install/carla_msgs/lib/python3.8/site-packages/carla_msgs/msg/_carla_traffic_light_status_s.c
[2.250s] -- Up-to-date: /home/tofstudent/sa_zhao/install/carla_msgs/lib/python3.8/site-packages/carla_msgs/msg/_carla_collision_event_s.c
[2.250s] -- Up-to-date: /home/tofstudent/sa_zhao/install/carla_msgs/lib/python3.8/site-packages/carla_msgs/msg/_carla_ego_vehicle_info.py
[2.250s] -- Up-to-date: /home/tofstudent/sa_zhao/install/carla_msgs/lib/python3.8/site-packages/carla_msgs/msg/_carla_traffic_light_status.py
[2.251s] -- Up-to-date: /home/tofstudent/sa_zhao/install/carla_msgs/lib/python3.8/site-packages/carla_msgs/msg/_carla_bounding_box.py
[2.251s] -- Up-to-date: /home/tofstudent/sa_zhao/install/carla_msgs/lib/python3.8/site-packages/carla_msgs/msg/_carla_traffic_light_status_list.py
[2.252s] -- Up-to-date: /home/tofstudent/sa_zhao/install/carla_msgs/lib/python3.8/site-packages/carla_msgs/msg/_carla_world_info_s.c
[2.252s] -- Up-to-date: /home/tofstudent/sa_zhao/install/carla_msgs/lib/python3.8/site-packages/carla_msgs/msg/_carla_ego_vehicle_info_s.c
[2.252s] -- Up-to-date: /home/tofstudent/sa_zhao/install/carla_msgs/lib/python3.8/site-packages/carla_msgs/msg/_carla_ego_vehicle_status_s.c
[2.253s] -- Up-to-date: /home/tofstudent/sa_zhao/install/carla_msgs/lib/python3.8/site-packages/carla_msgs/msg/_carla_traffic_light_info_list_s.c
[2.253s] -- Up-to-date: /home/tofstudent/sa_zhao/install/carla_msgs/lib/python3.8/site-packages/carla_msgs/msg/_carla_actor_list_s.c
[2.253s] -- Up-to-date: /home/tofstudent/sa_zhao/install/carla_msgs/lib/python3.8/site-packages/carla_msgs/msg/_carla_control_s.c
[2.253s] -- Up-to-date: /home/tofstudent/sa_zhao/install/carla_msgs/lib/python3.8/site-packages/carla_msgs/msg/_carla_ego_vehicle_status.py
[2.254s] -- Up-to-date: /home/tofstudent/sa_zhao/install/carla_msgs/lib/python3.8/site-packages/carla_msgs/msg/_carla_collision_event.py
[2.260s] -- Up-to-date: /home/tofstudent/sa_zhao/install/carla_msgs/lib/python3.8/site-packages/carla_msgs/msg/_carla_traffic_light_info.py
[2.260s] -- Up-to-date: /home/tofstudent/sa_zhao/install/carla_msgs/lib/python3.8/site-packages/carla_msgs/msg/_carla_lane_invasion_event.py
[2.260s] -- Up-to-date: /home/tofstudent/sa_zhao/install/carla_msgs/lib/python3.8/site-packages/carla_msgs/msg/_carla_weather_parameters_s.c
[2.260s] -- Up-to-date: /home/tofstudent/sa_zhao/install/carla_msgs/lib/python3.8/site-packages/carla_msgs/msg/_carla_actor_list.py
[2.260s] -- Up-to-date: /home/tofstudent/sa_zhao/install/carla_msgs/lib/python3.8/site-packages/carla_msgs/msg/_carla_weather_parameters.py
[2.261s] -- Up-to-date: /home/tofstudent/sa_zhao/install/carla_msgs/lib/python3.8/site-packages/carla_msgs/msg/_carla_traffic_light_info_s.c
[2.261s] -- Up-to-date: /home/tofstudent/sa_zhao/install/carla_msgs/lib/python3.8/site-packages/carla_msgs/msg/__init__.py
[2.261s] -- Up-to-date: /home/tofstudent/sa_zhao/install/carla_msgs/lib/python3.8/site-packages/carla_msgs/msg/_carla_control.py
[2.261s] -- Up-to-date: /home/tofstudent/sa_zhao/install/carla_msgs/lib/python3.8/site-packages/carla_msgs/msg/_carla_ego_vehicle_control.py
[2.262s] -- Up-to-date: /home/tofstudent/sa_zhao/install/carla_msgs/lib/python3.8/site-packages/carla_msgs/msg/_carla_ego_vehicle_info_wheel_s.c
[2.262s] -- Up-to-date: /home/tofstudent/sa_zhao/install/carla_msgs/lib/python3.8/site-packages/carla_msgs/msg/_carla_actor_info.py
[2.262s] -- Up-to-date: /home/tofstudent/sa_zhao/install/carla_msgs/lib/python3.8/site-packages/carla_msgs/msg/_carla_ego_vehicle_control_s.c
[2.262s] -- Up-to-date: /home/tofstudent/sa_zhao/install/carla_msgs/lib/python3.8/site-packages/carla_msgs/msg/_carla_traffic_light_info_list.py
[2.262s] -- Up-to-date: /home/tofstudent/sa_zhao/install/carla_msgs/lib/python3.8/site-packages/carla_msgs/msg/_carla_lane_invasion_event_s.c
[2.263s] -- Up-to-date: /home/tofstudent/sa_zhao/install/carla_msgs/lib/python3.8/site-packages/carla_msgs/msg/_carla_world_info.py
[2.263s] -- Up-to-date: /home/tofstudent/sa_zhao/install/carla_msgs/lib/python3.8/site-packages/carla_msgs/msg/_carla_walker_control_s.c
[2.263s] -- Up-to-date: /home/tofstudent/sa_zhao/install/carla_msgs/lib/python3.8/site-packages/carla_msgs/msg/_carla_status.py
[2.263s] -- Up-to-date: /home/tofstudent/sa_zhao/install/carla_msgs/lib/python3.8/site-packages/carla_msgs/msg/_carla_traffic_light_status_list_s.c
[2.263s] -- Up-to-date: /home/tofstudent/sa_zhao/install/carla_msgs/lib/python3.8/site-packages/carla_msgs/msg/_carla_walker_control.py
[2.263s] -- Up-to-date: /home/tofstudent/sa_zhao/install/carla_msgs/lib/python3.8/site-packages/carla_msgs/msg/_carla_actor_info_s.c
[2.264s] -- Up-to-date: /home/tofstudent/sa_zhao/install/carla_msgs/lib/python3.8/site-packages/carla_msgs/srv
[2.264s] -- Up-to-date: /home/tofstudent/sa_zhao/install/carla_msgs/lib/python3.8/site-packages/carla_msgs/srv/_get_blueprints_s.c
[2.264s] -- Up-to-date: /home/tofstudent/sa_zhao/install/carla_msgs/lib/python3.8/site-packages/carla_msgs/srv/_destroy_object_s.c
[2.264s] -- Up-to-date: /home/tofstudent/sa_zhao/install/carla_msgs/lib/python3.8/site-packages/carla_msgs/srv/_spawn_object.py
[2.264s] -- Up-to-date: /home/tofstudent/sa_zhao/install/carla_msgs/lib/python3.8/site-packages/carla_msgs/srv/__init__.py
[2.264s] -- Up-to-date: /home/tofstudent/sa_zhao/install/carla_msgs/lib/python3.8/site-packages/carla_msgs/srv/_get_blueprints.py
[2.265s] -- Up-to-date: /home/tofstudent/sa_zhao/install/carla_msgs/lib/python3.8/site-packages/carla_msgs/srv/_destroy_object.py
[2.265s] -- Up-to-date: /home/tofstudent/sa_zhao/install/carla_msgs/lib/python3.8/site-packages/carla_msgs/srv/_spawn_object_s.c
[2.265s] -- Up-to-date: /home/tofstudent/sa_zhao/install/carla_msgs/lib/python3.8/site-packages/carla_msgs/carla_msgs_s__rosidl_typesupport_fastrtps_c.cpython-38-x86_64-linux-gnu.so
[2.265s] -- Up-to-date: /home/tofstudent/sa_zhao/install/carla_msgs/lib/python3.8/site-packages/carla_msgs/carla_msgs_s__rosidl_typesupport_introspection_c.cpython-38-x86_64-linux-gnu.so
[2.265s] -- Up-to-date: /home/tofstudent/sa_zhao/install/carla_msgs/lib/python3.8/site-packages/carla_msgs/carla_msgs_s__rosidl_typesupport_c.cpython-38-x86_64-linux-gnu.so
[2.266s] -- Up-to-date: /home/tofstudent/sa_zhao/install/carla_msgs/lib/libcarla_msgs__python.so
[2.266s] -- Up-to-date: /home/tofstudent/sa_zhao/install/carla_msgs/share/carla_msgs/msg/CarlaBoundingBox.idl
[2.266s] -- Up-to-date: /home/tofstudent/sa_zhao/install/carla_msgs/share/carla_msgs/msg/CarlaEgoVehicleControl.idl
[2.267s] -- Up-to-date: /home/tofstudent/sa_zhao/install/carla_msgs/share/carla_msgs/msg/CarlaEgoVehicleStatus.idl
[2.267s] -- Up-to-date: /home/tofstudent/sa_zhao/install/carla_msgs/share/carla_msgs/msg/CarlaEgoVehicleInfoWheel.idl
[2.267s] -- Up-to-date: /home/tofstudent/sa_zhao/install/carla_msgs/share/carla_msgs/msg/CarlaEgoVehicleInfo.idl
[2.267s] -- Up-to-date: /home/tofstudent/sa_zhao/install/carla_msgs/share/carla_msgs/msg/CarlaCollisionEvent.idl
[2.267s] -- Up-to-date: /home/tofstudent/sa_zhao/install/carla_msgs/share/carla_msgs/msg/CarlaLaneInvasionEvent.idl
[2.270s] -- Up-to-date: /home/tofstudent/sa_zhao/install/carla_msgs/share/carla_msgs/msg/CarlaWorldInfo.idl
[2.270s] -- Up-to-date: /home/tofstudent/sa_zhao/install/carla_msgs/share/carla_msgs/msg/CarlaActorInfo.idl
[2.271s] -- Up-to-date: /home/tofstudent/sa_zhao/install/carla_msgs/share/carla_msgs/msg/CarlaActorList.idl
[2.271s] -- Up-to-date: /home/tofstudent/sa_zhao/install/carla_msgs/share/carla_msgs/msg/CarlaControl.idl
[2.272s] -- Up-to-date: /home/tofstudent/sa_zhao/install/carla_msgs/share/carla_msgs/msg/CarlaStatus.idl
[2.272s] -- Up-to-date: /home/tofstudent/sa_zhao/install/carla_msgs/share/carla_msgs/msg/CarlaTrafficLightInfo.idl
[2.272s] -- Up-to-date: /home/tofstudent/sa_zhao/install/carla_msgs/share/carla_msgs/msg/CarlaTrafficLightInfoList.idl
[2.272s] -- Up-to-date: /home/tofstudent/sa_zhao/install/carla_msgs/share/carla_msgs/msg/CarlaTrafficLightStatus.idl
[2.272s] -- Up-to-date: /home/tofstudent/sa_zhao/install/carla_msgs/share/carla_msgs/msg/CarlaTrafficLightStatusList.idl
[2.273s] -- Up-to-date: /home/tofstudent/sa_zhao/install/carla_msgs/share/carla_msgs/msg/CarlaWalkerControl.idl
[2.273s] -- Up-to-date: /home/tofstudent/sa_zhao/install/carla_msgs/share/carla_msgs/msg/CarlaWeatherParameters.idl
[2.273s] -- Up-to-date: /home/tofstudent/sa_zhao/install/carla_msgs/share/carla_msgs/srv/SpawnObject.idl
[2.273s] -- Up-to-date: /home/tofstudent/sa_zhao/install/carla_msgs/share/carla_msgs/srv/DestroyObject.idl
[2.276s] -- Up-to-date: /home/tofstudent/sa_zhao/install/carla_msgs/share/carla_msgs/srv/GetBlueprints.idl
[2.276s] -- Up-to-date: /home/tofstudent/sa_zhao/install/carla_msgs/share/carla_msgs/msg/CarlaBoundingBox.msg
[2.276s] -- Up-to-date: /home/tofstudent/sa_zhao/install/carla_msgs/share/carla_msgs/msg/CarlaEgoVehicleControl.msg
[2.276s] -- Up-to-date: /home/tofstudent/sa_zhao/install/carla_msgs/share/carla_msgs/msg/CarlaEgoVehicleStatus.msg
[2.277s] -- Up-to-date: /home/tofstudent/sa_zhao/install/carla_msgs/share/carla_msgs/msg/CarlaEgoVehicleInfoWheel.msg
[2.277s] -- Up-to-date: /home/tofstudent/sa_zhao/install/carla_msgs/share/carla_msgs/msg/CarlaEgoVehicleInfo.msg
[2.277s] -- Up-to-date: /home/tofstudent/sa_zhao/install/carla_msgs/share/carla_msgs/msg/CarlaCollisionEvent.msg
[2.277s] -- Up-to-date: /home/tofstudent/sa_zhao/install/carla_msgs/share/carla_msgs/msg/CarlaLaneInvasionEvent.msg
[2.278s] -- Up-to-date: /home/tofstudent/sa_zhao/install/carla_msgs/share/carla_msgs/msg/CarlaWorldInfo.msg
[2.278s] -- Up-to-date: /home/tofstudent/sa_zhao/install/carla_msgs/share/carla_msgs/msg/CarlaActorInfo.msg
[2.278s] -- Up-to-date: /home/tofstudent/sa_zhao/install/carla_msgs/share/carla_msgs/msg/CarlaActorList.msg
[2.278s] -- Up-to-date: /home/tofstudent/sa_zhao/install/carla_msgs/share/carla_msgs/msg/CarlaControl.msg
[2.279s] -- Up-to-date: /home/tofstudent/sa_zhao/install/carla_msgs/share/carla_msgs/msg/CarlaStatus.msg
[2.279s] -- Up-to-date: /home/tofstudent/sa_zhao/install/carla_msgs/share/carla_msgs/msg/CarlaTrafficLightInfo.msg
[2.282s] -- Up-to-date: /home/tofstudent/sa_zhao/install/carla_msgs/share/carla_msgs/msg/CarlaTrafficLightInfoList.msg
[2.282s] -- Up-to-date: /home/tofstudent/sa_zhao/install/carla_msgs/share/carla_msgs/msg/CarlaTrafficLightStatus.msg
[2.282s] -- Up-to-date: /home/tofstudent/sa_zhao/install/carla_msgs/share/carla_msgs/msg/CarlaTrafficLightStatusList.msg
[2.282s] -- Up-to-date: /home/tofstudent/sa_zhao/install/carla_msgs/share/carla_msgs/msg/CarlaWalkerControl.msg
[2.283s] -- Up-to-date: /home/tofstudent/sa_zhao/install/carla_msgs/share/carla_msgs/msg/CarlaWeatherParameters.msg
[2.283s] -- Up-to-date: /home/tofstudent/sa_zhao/install/carla_msgs/share/carla_msgs/srv/SpawnObject.srv
[2.283s] -- Up-to-date: /home/tofstudent/sa_zhao/install/carla_msgs/share/carla_msgs/srv/SpawnObject_Request.msg
[2.283s] -- Up-to-date: /home/tofstudent/sa_zhao/install/carla_msgs/share/carla_msgs/srv/SpawnObject_Response.msg
[2.283s] -- Up-to-date: /home/tofstudent/sa_zhao/install/carla_msgs/share/carla_msgs/srv/DestroyObject.srv
[2.284s] -- Up-to-date: /home/tofstudent/sa_zhao/install/carla_msgs/share/carla_msgs/srv/DestroyObject_Request.msg
[2.287s] -- Up-to-date: /home/tofstudent/sa_zhao/install/carla_msgs/share/carla_msgs/srv/DestroyObject_Response.msg
[2.287s] -- Up-to-date: /home/tofstudent/sa_zhao/install/carla_msgs/share/carla_msgs/srv/GetBlueprints.srv
[2.287s] -- Up-to-date: /home/tofstudent/sa_zhao/install/carla_msgs/share/carla_msgs/srv/GetBlueprints_Request.msg
[2.288s] -- Up-to-date: /home/tofstudent/sa_zhao/install/carla_msgs/share/carla_msgs/srv/GetBlueprints_Response.msg
[2.288s] -- Up-to-date: /home/tofstudent/sa_zhao/install/carla_msgs/share/ament_index/resource_index/package_run_dependencies/carla_msgs
[2.289s] -- Up-to-date: /home/tofstudent/sa_zhao/install/carla_msgs/share/ament_index/resource_index/parent_prefix_path/carla_msgs
[2.289s] -- Up-to-date: /home/tofstudent/sa_zhao/install/carla_msgs/share/carla_msgs/environment/ament_prefix_path.sh
[2.289s] -- Up-to-date: /home/tofstudent/sa_zhao/install/carla_msgs/share/carla_msgs/environment/ament_prefix_path.dsv
[2.289s] -- Up-to-date: /home/tofstudent/sa_zhao/install/carla_msgs/share/carla_msgs/environment/path.sh
[2.290s] -- Up-to-date: /home/tofstudent/sa_zhao/install/carla_msgs/share/carla_msgs/environment/path.dsv
[2.290s] -- Up-to-date: /home/tofstudent/sa_zhao/install/carla_msgs/share/carla_msgs/local_setup.bash
[2.290s] -- Up-to-date: /home/tofstudent/sa_zhao/install/carla_msgs/share/carla_msgs/local_setup.sh
[2.290s] -- Up-to-date: /home/tofstudent/sa_zhao/install/carla_msgs/share/carla_msgs/local_setup.zsh
[2.291s] -- Up-to-date: /home/tofstudent/sa_zhao/install/carla_msgs/share/carla_msgs/local_setup.dsv
[2.291s] -- Installing: /home/tofstudent/sa_zhao/install/carla_msgs/share/carla_msgs/package.dsv
[2.291s] -- Up-to-date: /home/tofstudent/sa_zhao/install/carla_msgs/share/ament_index/resource_index/packages/carla_msgs
[2.291s] -- Up-to-date: /home/tofstudent/sa_zhao/install/carla_msgs/share/carla_msgs/cmake/carla_msgs__rosidl_generator_cExport.cmake
[2.292s] -- Up-to-date: /home/tofstudent/sa_zhao/install/carla_msgs/share/carla_msgs/cmake/carla_msgs__rosidl_generator_cExport-noconfig.cmake
[2.292s] -- Up-to-date: /home/tofstudent/sa_zhao/install/carla_msgs/share/carla_msgs/cmake/carla_msgs__rosidl_typesupport_introspection_cExport.cmake
[2.292s] -- Up-to-date: /home/tofstudent/sa_zhao/install/carla_msgs/share/carla_msgs/cmake/carla_msgs__rosidl_typesupport_introspection_cExport-noconfig.cmake
[2.292s] -- Up-to-date: /home/tofstudent/sa_zhao/install/carla_msgs/share/carla_msgs/cmake/carla_msgs__rosidl_typesupport_cExport.cmake
[2.295s] -- Up-to-date: /home/tofstudent/sa_zhao/install/carla_msgs/share/carla_msgs/cmake/carla_msgs__rosidl_typesupport_cExport-noconfig.cmake
[2.296s] -- Up-to-date: /home/tofstudent/sa_zhao/install/carla_msgs/share/carla_msgs/cmake/carla_msgs__rosidl_generator_cppExport.cmake
[2.298s] -- Up-to-date: /home/tofstudent/sa_zhao/install/carla_msgs/share/carla_msgs/cmake/carla_msgs__rosidl_typesupport_introspection_cppExport.cmake
[2.298s] -- Up-to-date: /home/tofstudent/sa_zhao/install/carla_msgs/share/carla_msgs/cmake/carla_msgs__rosidl_typesupport_introspection_cppExport-noconfig.cmake
[2.298s] -- Up-to-date: /home/tofstudent/sa_zhao/install/carla_msgs/share/carla_msgs/cmake/carla_msgs__rosidl_typesupport_cppExport.cmake
[2.298s] -- Up-to-date: /home/tofstudent/sa_zhao/install/carla_msgs/share/carla_msgs/cmake/carla_msgs__rosidl_typesupport_cppExport-noconfig.cmake
[2.298s] -- Up-to-date: /home/tofstudent/sa_zhao/install/carla_msgs/share/carla_msgs/cmake/rosidl_cmake-extras.cmake
[2.299s] -- Up-to-date: /home/tofstudent/sa_zhao/install/carla_msgs/share/carla_msgs/cmake/ament_cmake_export_dependencies-extras.cmake
[2.299s] -- Up-to-date: /home/tofstudent/sa_zhao/install/carla_msgs/share/carla_msgs/cmake/ament_cmake_export_libraries-extras.cmake
[2.299s] -- Up-to-date: /home/tofstudent/sa_zhao/install/carla_msgs/share/carla_msgs/cmake/ament_cmake_export_targets-extras.cmake
[2.299s] -- Up-to-date: /home/tofstudent/sa_zhao/install/carla_msgs/share/carla_msgs/cmake/ament_cmake_export_include_directories-extras.cmake
[2.300s] -- Up-to-date: /home/tofstudent/sa_zhao/install/carla_msgs/share/carla_msgs/cmake/rosidl_cmake_export_typesupport_libraries-extras.cmake
[2.300s] -- Up-to-date: /home/tofstudent/sa_zhao/install/carla_msgs/share/carla_msgs/cmake/rosidl_cmake_export_typesupport_targets-extras.cmake
[2.300s] -- Up-to-date: /home/tofstudent/sa_zhao/install/carla_msgs/share/carla_msgs/cmake/carla_msgsConfig.cmake
[2.300s] -- Up-to-date: /home/tofstudent/sa_zhao/install/carla_msgs/share/carla_msgs/cmake/carla_msgsConfig-version.cmake
[2.301s] -- Up-to-date: /home/tofstudent/sa_zhao/install/carla_msgs/share/carla_msgs/package.xml
[2.313s] Invoked command in '/home/tofstudent/sa_zhao/build/carla_msgs' returned '0': CMAKE_PREFIX_PATH=/opt/ros/foxy /usr/bin/cmake --install /home/tofstudent/sa_zhao/build/carla_msgs
