In file included from [01m[K/home/tofstudent/sa_zhao/src/tod_input_devices/src/InputDeviceController.cpp:3[m[K:
[01m[K/home/tofstudent/sa_zhao/src/tod_input_devices/src/InputDeviceController.h:9:10:[m[K [01;31m[Kfatal error: [m[KVirtualInputDevice.h: No such file or directory
 #include [01;31m[K"VirtualInputDevice.h"[m[K
          [01;31m[K^~~~~~~~~~~~~~~~~~~~~~[m[K
compilation terminated.
make[2]: *** [src/CMakeFiles/InputDevice.dir/build.make:63: src/CMakeFiles/InputDevice.dir/InputDeviceController.cpp.o] Error 1
make[2]: *** Waiting for unfinished jobs....
In file included from [01m[K/home/tofstudent/sa_zhao/src/tod_input_devices/src/InputDeviceNode.cpp:5[m[K:
[01m[K/home/tofstudent/sa_zhao/src/tod_input_devices/src/InputDeviceController.h:9:10:[m[K [01;31m[Kfatal error: [m[KVirtualInputDevice.h: No such file or directory
 #include [01;31m[K"VirtualInputDevice.h"[m[K
          [01;31m[K^~~~~~~~~~~~~~~~~~~~~~[m[K
compilation terminated.
make[2]: *** [src/CMakeFiles/InputDevice.dir/build.make:89: src/CMakeFiles/InputDevice.dir/InputDeviceNode.cpp.o] Error 1
In file included from [01m[K/home/tofstudent/sa_zhao/src/tod_input_devices/src/RosInterface.cpp:5[m[K:
[01m[K/home/tofstudent/sa_zhao/src/tod_input_devices/src/InputDeviceController.h:9:10:[m[K [01;31m[Kfatal error: [m[KVirtualInputDevice.h: No such file or directory
 #include [01;31m[K"VirtualInputDevice.h"[m[K
          [01;31m[K^~~~~~~~~~~~~~~~~~~~~~[m[K
compilation terminated.
make[2]: *** [src/CMakeFiles/InputDevice.dir/build.make:76: src/CMakeFiles/InputDevice.dir/RosInterface.cpp.o] Error 1
make[1]: *** [CMakeFiles/Makefile2:170: src/CMakeFiles/InputDevice.dir/all] Error 2
make: *** [Makefile:141: all] Error 2
