[0.035s] Invoking command in '/home/tofstudent/sa_zhao/build/tod_input_devices': CMAKE_PREFIX_PATH=/home/tofstudent/sa_zhao/install/tod_msgs:/home/tofstudent/sa_zhao/install/pure_pursuit:/home/tofstudent/sa_zhao/install/vehicle_info_util:/home/tofstudent/sa_zhao/install/interactive_trajectory:/home/tofstudent/sa_zhao/install/tod_command_creation:/home/tofstudent/sa_zhao/install/random_trajectory:/home/tofstudent/sa_zhao/install/traj_interfaces:/home/tofstudent/sa_zhao/install/tod_input_devices:/home/tofstudent/sa_zhao/install/carla_ackermann_msgs:/home/tofstudent/sa_zhao/install/carla_msgs:/home/tofstudent/sa_zhao/install/autoware_cmake:/home/tofstudent/sa_zhao/install/autoware_auto_vehicle_msgs:/home/tofstudent/sa_zhao/install/autoware_auto_planning_msgs:/home/tofstudent/sa_zhao/install/autoware_auto_control_msgs:/home/tofstudent/sa_zhao/install/carla_ackermann_control:/home/tofstudent/sa_zhao/install/carla_ros_bridge:/home/tofstudent/sa_zhao/install/carla_spawn_objects:/home/tofstudent/sa_zhao/install/ros_compatibility:/home/tofstudent/sa_zhao/install/carla_common:/opt/ros/foxy LD_LIBRARY_PATH=/home/tofstudent/sa_zhao/install/tod_msgs/lib:/home/tofstudent/sa_zhao/install/pure_pursuit/lib:/home/tofstudent/sa_zhao/install/vehicle_info_util/lib:/home/tofstudent/sa_zhao/install/traj_interfaces/lib:/home/tofstudent/sa_zhao/install/carla_ackermann_msgs/lib:/home/tofstudent/sa_zhao/install/carla_msgs/lib:/home/tofstudent/sa_zhao/install/autoware_auto_vehicle_msgs/lib:/home/tofstudent/sa_zhao/install/autoware_auto_planning_msgs/lib:/home/tofstudent/sa_zhao/install/autoware_auto_control_msgs/lib:/opt/ros/foxy/opt/yaml_cpp_vendor/lib:/opt/ros/foxy/opt/rviz_ogre_vendor/lib:/opt/ros/foxy/lib/x86_64-linux-gnu:/opt/ros/foxy/lib PYTHONPATH=/home/tofstudent/sa_zhao/install/tod_msgs/lib/python3.8/site-packages:/home/tofstudent/sa_zhao/install/traj_interfaces/lib/python3.8/site-packages:/home/tofstudent/sa_zhao/install/carla_ackermann_control/lib/python3.8/site-packages:/home/tofstudent/sa_zhao/install/carla_ros_bridge/lib/python3.8/site-packages:/home/tofstudent/sa_zhao/install/carla_spawn_objects/lib/python3.8/site-packages:/home/tofstudent/sa_zhao/install/ros_compatibility/lib/python3.8/site-packages:/home/tofstudent/sa_zhao/install/carla_ackermann_msgs/lib/python3.8/site-packages:/home/tofstudent/sa_zhao/install/carla_msgs/lib/python3.8/site-packages:/home/tofstudent/sa_zhao/install/carla_common/lib/python3.8/site-packages:/home/tofstudent/sa_zhao/install/autoware_auto_vehicle_msgs/lib/python3.8/site-packages:/home/tofstudent/sa_zhao/install/autoware_auto_planning_msgs/lib/python3.8/site-packages:/home/tofstudent/sa_zhao/install/autoware_auto_control_msgs/lib/python3.8/site-packages:/opt/ros/foxy/lib/python3.8/site-packages /usr/bin/cmake --build /home/tofstudent/sa_zhao/build/tod_input_devices -- -j8 -l8
[0.127s] [35m[1mScanning dependencies of target UsbInputDevice[0m
[0.155s] [ 12%] [32mBuilding CXX object src/UsbInputDevice/CMakeFiles/UsbInputDevice.dir/UsbInputDevice.cpp.o[0m
[0.525s] [ 25%] [32m[1mLinking CXX static library libUsbInputDevice.a[0m
[0.610s] [ 37%] Built target UsbInputDevice
[0.634s] [35m[1mScanning dependencies of target InputDevice[0m
[0.694s] [ 50%] [32mBuilding CXX object src/CMakeFiles/InputDevice.dir/InputDeviceNode.cpp.o[0m
[0.699s] [ 62%] [32mBuilding CXX object src/CMakeFiles/InputDevice.dir/General/MyInputDevice.cpp.o[0m
[0.703s] [ 87%] [32mBuilding CXX object src/CMakeFiles/InputDevice.dir/RosInterface.cpp.o[0m
[0.703s] [ 87%] [32mBuilding CXX object src/CMakeFiles/InputDevice.dir/InputDeviceController.cpp.o[0m
[0.862s] In file included from [01m[K/home/tofstudent/sa_zhao/src/tod_input_devices/src/InputDeviceController.cpp:3[m[K:
[0.862s] [01m[K/home/tofstudent/sa_zhao/src/tod_input_devices/src/InputDeviceController.h:9:10:[m[K [01;31m[Kfatal error: [m[KVirtualInputDevice.h: No such file or directory
[0.862s]  #include [01;31m[K"VirtualInputDevice.h"[m[K
[0.862s]           [01;31m[K^~~~~~~~~~~~~~~~~~~~~~[m[K
[0.863s] compilation terminated.
[0.864s] make[2]: *** [src/CMakeFiles/InputDevice.dir/build.make:63: src/CMakeFiles/InputDevice.dir/InputDeviceController.cpp.o] Error 1
[0.864s] make[2]: *** Waiting for unfinished jobs....
[0.874s] In file included from [01m[K/home/tofstudent/sa_zhao/src/tod_input_devices/src/InputDeviceNode.cpp:5[m[K:
[0.875s] [01m[K/home/tofstudent/sa_zhao/src/tod_input_devices/src/InputDeviceController.h:9:10:[m[K [01;31m[Kfatal error: [m[KVirtualInputDevice.h: No such file or directory
[0.875s]  #include [01;31m[K"VirtualInputDevice.h"[m[K
[0.875s]           [01;31m[K^~~~~~~~~~~~~~~~~~~~~~[m[K
[0.875s] compilation terminated.
[0.877s] make[2]: *** [src/CMakeFiles/InputDevice.dir/build.make:89: src/CMakeFiles/InputDevice.dir/InputDeviceNode.cpp.o] Error 1
[0.879s] In file included from [01m[K/home/tofstudent/sa_zhao/src/tod_input_devices/src/RosInterface.cpp:5[m[K:
[0.879s] [01m[K/home/tofstudent/sa_zhao/src/tod_input_devices/src/InputDeviceController.h:9:10:[m[K [01;31m[Kfatal error: [m[KVirtualInputDevice.h: No such file or directory
[0.879s]  #include [01;31m[K"VirtualInputDevice.h"[m[K
[0.879s]           [01;31m[K^~~~~~~~~~~~~~~~~~~~~~[m[K
[0.879s] compilation terminated.
[0.882s] make[2]: *** [src/CMakeFiles/InputDevice.dir/build.make:76: src/CMakeFiles/InputDevice.dir/RosInterface.cpp.o] Error 1
[1.053s] make[1]: *** [CMakeFiles/Makefile2:170: src/CMakeFiles/InputDevice.dir/all] Error 2
[1.053s] make: *** [Makefile:141: all] Error 2
[1.057s] Invoked command in '/home/tofstudent/sa_zhao/build/tod_input_devices' returned '2': CMAKE_PREFIX_PATH=/home/tofstudent/sa_zhao/install/tod_msgs:/home/tofstudent/sa_zhao/install/pure_pursuit:/home/tofstudent/sa_zhao/install/vehicle_info_util:/home/tofstudent/sa_zhao/install/interactive_trajectory:/home/tofstudent/sa_zhao/install/tod_command_creation:/home/tofstudent/sa_zhao/install/random_trajectory:/home/tofstudent/sa_zhao/install/traj_interfaces:/home/tofstudent/sa_zhao/install/tod_input_devices:/home/tofstudent/sa_zhao/install/carla_ackermann_msgs:/home/tofstudent/sa_zhao/install/carla_msgs:/home/tofstudent/sa_zhao/install/autoware_cmake:/home/tofstudent/sa_zhao/install/autoware_auto_vehicle_msgs:/home/tofstudent/sa_zhao/install/autoware_auto_planning_msgs:/home/tofstudent/sa_zhao/install/autoware_auto_control_msgs:/home/tofstudent/sa_zhao/install/carla_ackermann_control:/home/tofstudent/sa_zhao/install/carla_ros_bridge:/home/tofstudent/sa_zhao/install/carla_spawn_objects:/home/tofstudent/sa_zhao/install/ros_compatibility:/home/tofstudent/sa_zhao/install/carla_common:/opt/ros/foxy LD_LIBRARY_PATH=/home/tofstudent/sa_zhao/install/tod_msgs/lib:/home/tofstudent/sa_zhao/install/pure_pursuit/lib:/home/tofstudent/sa_zhao/install/vehicle_info_util/lib:/home/tofstudent/sa_zhao/install/traj_interfaces/lib:/home/tofstudent/sa_zhao/install/carla_ackermann_msgs/lib:/home/tofstudent/sa_zhao/install/carla_msgs/lib:/home/tofstudent/sa_zhao/install/autoware_auto_vehicle_msgs/lib:/home/tofstudent/sa_zhao/install/autoware_auto_planning_msgs/lib:/home/tofstudent/sa_zhao/install/autoware_auto_control_msgs/lib:/opt/ros/foxy/opt/yaml_cpp_vendor/lib:/opt/ros/foxy/opt/rviz_ogre_vendor/lib:/opt/ros/foxy/lib/x86_64-linux-gnu:/opt/ros/foxy/lib PYTHONPATH=/home/tofstudent/sa_zhao/install/tod_msgs/lib/python3.8/site-packages:/home/tofstudent/sa_zhao/install/traj_interfaces/lib/python3.8/site-packages:/home/tofstudent/sa_zhao/install/carla_ackermann_control/lib/python3.8/site-packages:/home/tofstudent/sa_zhao/install/carla_ros_bridge/lib/python3.8/site-packages:/home/tofstudent/sa_zhao/install/carla_spawn_objects/lib/python3.8/site-packages:/home/tofstudent/sa_zhao/install/ros_compatibility/lib/python3.8/site-packages:/home/tofstudent/sa_zhao/install/carla_ackermann_msgs/lib/python3.8/site-packages:/home/tofstudent/sa_zhao/install/carla_msgs/lib/python3.8/site-packages:/home/tofstudent/sa_zhao/install/carla_common/lib/python3.8/site-packages:/home/tofstudent/sa_zhao/install/autoware_auto_vehicle_msgs/lib/python3.8/site-packages:/home/tofstudent/sa_zhao/install/autoware_auto_planning_msgs/lib/python3.8/site-packages:/home/tofstudent/sa_zhao/install/autoware_auto_control_msgs/lib/python3.8/site-packages:/opt/ros/foxy/lib/python3.8/site-packages /usr/bin/cmake --build /home/tofstudent/sa_zhao/build/tod_input_devices -- -j8 -l8
