[0.312s] Invoking command in '/home/tofstudent/sa_zhao/build/carla_ackermann_msgs': AMENT_PREFIX_PATH=/home/tofstudent/sa_zhao/install/carla_msgs:${AMENT_PREFIX_PATH} CMAKE_PREFIX_PATH=/home/tofstudent/sa_zhao/install/carla_msgs:/opt/ros/foxy LD_LIBRARY_PATH=/home/tofstudent/sa_zhao/install/carla_msgs/lib:${LD_LIBRARY_PATH} PYTHONPATH=/home/tofstudent/sa_zhao/install/carla_msgs/lib/python3.8/site-packages:${PYTHONPATH} /usr/bin/cmake --build /home/tofstudent/sa_zhao/build/carla_ackermann_msgs -- -j8 -l8
[0.403s] [  1%] Built target carla_ackermann_msgs__cpp
[0.405s] [ 12%] Built target carla_ackermann_msgs__rosidl_generator_c
[0.454s] [ 23%] Built target carla_ackermann_msgs__rosidl_typesupport_introspection_cpp
[0.455s] [ 34%] Built target carla_ackermann_msgs__rosidl_typesupport_cpp
[0.461s] [ 46%] Built target carla_ackermann_msgs__rosidl_typesupport_fastrtps_cpp
[0.496s] [ 57%] Built target carla_ackermann_msgs__rosidl_typesupport_introspection_c
[0.499s] [ 68%] Built target carla_ackermann_msgs__rosidl_typesupport_c
[0.506s] [ 79%] Built target carla_ackermann_msgs__rosidl_typesupport_fastrtps_c
[0.532s] [ 79%] Built target carla_ackermann_msgs
[0.557s] [ 80%] Built target carla_ackermann_msgs__py
[0.597s] [ 90%] Built target carla_ackermann_msgs__python
[0.635s] [ 93%] Built target carla_ackermann_msgs__rosidl_typesupport_introspection_c__pyext
[0.642s] [ 96%] Built target carla_ackermann_msgs__rosidl_typesupport_fastrtps_c__pyext
[0.645s] [100%] Built target carla_ackermann_msgs__rosidl_typesupport_c__pyext
[0.660s] Invoked command in '/home/tofstudent/sa_zhao/build/carla_ackermann_msgs' returned '0': AMENT_PREFIX_PATH=/home/tofstudent/sa_zhao/install/carla_msgs:${AMENT_PREFIX_PATH} CMAKE_PREFIX_PATH=/home/tofstudent/sa_zhao/install/carla_msgs:/opt/ros/foxy LD_LIBRARY_PATH=/home/tofstudent/sa_zhao/install/carla_msgs/lib:${LD_LIBRARY_PATH} PYTHONPATH=/home/tofstudent/sa_zhao/install/carla_msgs/lib/python3.8/site-packages:${PYTHONPATH} /usr/bin/cmake --build /home/tofstudent/sa_zhao/build/carla_ackermann_msgs -- -j8 -l8
[0.812s] Invoking command in '/home/tofstudent/sa_zhao/build/carla_ackermann_msgs': AMENT_PREFIX_PATH=/home/tofstudent/sa_zhao/install/carla_msgs:${AMENT_PREFIX_PATH} CMAKE_PREFIX_PATH=/home/tofstudent/sa_zhao/install/carla_msgs:/opt/ros/foxy LD_LIBRARY_PATH=/home/tofstudent/sa_zhao/install/carla_msgs/lib:${LD_LIBRARY_PATH} PYTHONPATH=/home/tofstudent/sa_zhao/install/carla_msgs/lib/python3.8/site-packages:${PYTHONPATH} /usr/bin/cmake --install /home/tofstudent/sa_zhao/build/carla_ackermann_msgs
[0.824s] -- Install configuration: ""
[0.824s] -- Installing: /home/tofstudent/sa_zhao/install/carla_ackermann_msgs/share/ament_index/resource_index/rosidl_interfaces/carla_ackermann_msgs
[0.824s] -- Installing: /home/tofstudent/sa_zhao/install/carla_ackermann_msgs/include/carla_ackermann_msgs
[0.825s] -- Installing: /home/tofstudent/sa_zhao/install/carla_ackermann_msgs/include/carla_ackermann_msgs/msg
[0.825s] -- Installing: /home/tofstudent/sa_zhao/install/carla_ackermann_msgs/include/carla_ackermann_msgs/msg/ego_vehicle_control_target.h
[0.825s] -- Installing: /home/tofstudent/sa_zhao/install/carla_ackermann_msgs/include/carla_ackermann_msgs/msg/ego_vehicle_control_maxima.h
[0.825s] -- Installing: /home/tofstudent/sa_zhao/install/carla_ackermann_msgs/include/carla_ackermann_msgs/msg/ego_vehicle_control_status.h
[0.826s] -- Installing: /home/tofstudent/sa_zhao/install/carla_ackermann_msgs/include/carla_ackermann_msgs/msg/detail
[0.826s] -- Installing: /home/tofstudent/sa_zhao/install/carla_ackermann_msgs/include/carla_ackermann_msgs/msg/detail/ego_vehicle_control_status__type_support.h
[0.826s] -- Installing: /home/tofstudent/sa_zhao/install/carla_ackermann_msgs/include/carla_ackermann_msgs/msg/detail/ego_vehicle_control_status__struct.h
[0.826s] -- Installing: /home/tofstudent/sa_zhao/install/carla_ackermann_msgs/include/carla_ackermann_msgs/msg/detail/ego_vehicle_control_target__functions.h
[0.826s] -- Installing: /home/tofstudent/sa_zhao/install/carla_ackermann_msgs/include/carla_ackermann_msgs/msg/detail/ego_vehicle_control_maxima__type_support.h
[0.826s] -- Installing: /home/tofstudent/sa_zhao/install/carla_ackermann_msgs/include/carla_ackermann_msgs/msg/detail/ego_vehicle_control_current__type_support.h
[0.827s] -- Installing: /home/tofstudent/sa_zhao/install/carla_ackermann_msgs/include/carla_ackermann_msgs/msg/detail/ego_vehicle_control_maxima__functions.c
[0.827s] -- Installing: /home/tofstudent/sa_zhao/install/carla_ackermann_msgs/include/carla_ackermann_msgs/msg/detail/ego_vehicle_control_maxima__struct.h
[0.827s] -- Installing: /home/tofstudent/sa_zhao/install/carla_ackermann_msgs/include/carla_ackermann_msgs/msg/detail/ego_vehicle_control_target__struct.h
[0.827s] -- Installing: /home/tofstudent/sa_zhao/install/carla_ackermann_msgs/include/carla_ackermann_msgs/msg/detail/ego_vehicle_control_info__functions.c
[0.827s] -- Installing: /home/tofstudent/sa_zhao/install/carla_ackermann_msgs/include/carla_ackermann_msgs/msg/detail/ego_vehicle_control_maxima__functions.h
[0.827s] -- Installing: /home/tofstudent/sa_zhao/install/carla_ackermann_msgs/include/carla_ackermann_msgs/msg/detail/ego_vehicle_control_info__functions.h
[0.828s] -- Installing: /home/tofstudent/sa_zhao/install/carla_ackermann_msgs/include/carla_ackermann_msgs/msg/detail/ego_vehicle_control_info__type_support.h
[0.828s] -- Installing: /home/tofstudent/sa_zhao/install/carla_ackermann_msgs/include/carla_ackermann_msgs/msg/detail/ego_vehicle_control_status__functions.h
[0.828s] -- Installing: /home/tofstudent/sa_zhao/install/carla_ackermann_msgs/include/carla_ackermann_msgs/msg/detail/ego_vehicle_control_status__functions.c
[0.828s] -- Installing: /home/tofstudent/sa_zhao/install/carla_ackermann_msgs/include/carla_ackermann_msgs/msg/detail/ego_vehicle_control_current__functions.h
[0.828s] -- Installing: /home/tofstudent/sa_zhao/install/carla_ackermann_msgs/include/carla_ackermann_msgs/msg/detail/ego_vehicle_control_current__struct.h
[0.829s] -- Installing: /home/tofstudent/sa_zhao/install/carla_ackermann_msgs/include/carla_ackermann_msgs/msg/detail/ego_vehicle_control_target__functions.c
[0.829s] -- Installing: /home/tofstudent/sa_zhao/install/carla_ackermann_msgs/include/carla_ackermann_msgs/msg/detail/ego_vehicle_control_info__struct.h
[0.829s] -- Installing: /home/tofstudent/sa_zhao/install/carla_ackermann_msgs/include/carla_ackermann_msgs/msg/detail/ego_vehicle_control_target__type_support.h
[0.829s] -- Installing: /home/tofstudent/sa_zhao/install/carla_ackermann_msgs/include/carla_ackermann_msgs/msg/detail/ego_vehicle_control_current__functions.c
[0.829s] -- Installing: /home/tofstudent/sa_zhao/install/carla_ackermann_msgs/include/carla_ackermann_msgs/msg/rosidl_generator_c__visibility_control.h
[0.829s] -- Installing: /home/tofstudent/sa_zhao/install/carla_ackermann_msgs/include/carla_ackermann_msgs/msg/ego_vehicle_control_current.h
[0.829s] -- Installing: /home/tofstudent/sa_zhao/install/carla_ackermann_msgs/include/carla_ackermann_msgs/msg/ego_vehicle_control_info.h
[0.830s] -- Installing: /home/tofstudent/sa_zhao/install/carla_ackermann_msgs/share/carla_ackermann_msgs/environment/library_path.sh
[0.830s] -- Installing: /home/tofstudent/sa_zhao/install/carla_ackermann_msgs/share/carla_ackermann_msgs/environment/library_path.dsv
[0.830s] -- Installing: /home/tofstudent/sa_zhao/install/carla_ackermann_msgs/lib/libcarla_ackermann_msgs__rosidl_generator_c.so
[0.830s] -- Set runtime path of "/home/tofstudent/sa_zhao/install/carla_ackermann_msgs/lib/libcarla_ackermann_msgs__rosidl_generator_c.so" to ""
[0.830s] -- Up-to-date: /home/tofstudent/sa_zhao/install/carla_ackermann_msgs/include/carla_ackermann_msgs
[0.830s] -- Up-to-date: /home/tofstudent/sa_zhao/install/carla_ackermann_msgs/include/carla_ackermann_msgs/msg
[0.831s] -- Installing: /home/tofstudent/sa_zhao/install/carla_ackermann_msgs/include/carla_ackermann_msgs/msg/rosidl_typesupport_fastrtps_c__visibility_control.h
[0.831s] -- Up-to-date: /home/tofstudent/sa_zhao/install/carla_ackermann_msgs/include/carla_ackermann_msgs/msg/detail
[0.831s] -- Installing: /home/tofstudent/sa_zhao/install/carla_ackermann_msgs/include/carla_ackermann_msgs/msg/detail/ego_vehicle_control_target__rosidl_typesupport_fastrtps_c.h
[0.831s] -- Installing: /home/tofstudent/sa_zhao/install/carla_ackermann_msgs/include/carla_ackermann_msgs/msg/detail/ego_vehicle_control_status__rosidl_typesupport_fastrtps_c.h
[0.831s] -- Installing: /home/tofstudent/sa_zhao/install/carla_ackermann_msgs/include/carla_ackermann_msgs/msg/detail/ego_vehicle_control_info__rosidl_typesupport_fastrtps_c.h
[0.831s] -- Installing: /home/tofstudent/sa_zhao/install/carla_ackermann_msgs/include/carla_ackermann_msgs/msg/detail/ego_vehicle_control_current__rosidl_typesupport_fastrtps_c.h
[0.832s] -- Installing: /home/tofstudent/sa_zhao/install/carla_ackermann_msgs/include/carla_ackermann_msgs/msg/detail/ego_vehicle_control_maxima__rosidl_typesupport_fastrtps_c.h
[0.832s] -- Installing: /home/tofstudent/sa_zhao/install/carla_ackermann_msgs/lib/libcarla_ackermann_msgs__rosidl_typesupport_fastrtps_c.so
[0.832s] -- Set runtime path of "/home/tofstudent/sa_zhao/install/carla_ackermann_msgs/lib/libcarla_ackermann_msgs__rosidl_typesupport_fastrtps_c.so" to ""
[0.832s] -- Up-to-date: /home/tofstudent/sa_zhao/install/carla_ackermann_msgs/include/carla_ackermann_msgs
[0.832s] -- Up-to-date: /home/tofstudent/sa_zhao/install/carla_ackermann_msgs/include/carla_ackermann_msgs/msg
[0.833s] -- Installing: /home/tofstudent/sa_zhao/install/carla_ackermann_msgs/include/carla_ackermann_msgs/msg/rosidl_typesupport_fastrtps_cpp__visibility_control.h
[0.833s] -- Up-to-date: /home/tofstudent/sa_zhao/install/carla_ackermann_msgs/include/carla_ackermann_msgs/msg/detail
[0.833s] -- Installing: /home/tofstudent/sa_zhao/install/carla_ackermann_msgs/include/carla_ackermann_msgs/msg/detail/ego_vehicle_control_info__rosidl_typesupport_fastrtps_cpp.hpp
[0.833s] -- Installing: /home/tofstudent/sa_zhao/install/carla_ackermann_msgs/include/carla_ackermann_msgs/msg/detail/ego_vehicle_control_maxima__rosidl_typesupport_fastrtps_cpp.hpp
[0.833s] -- Installing: /home/tofstudent/sa_zhao/install/carla_ackermann_msgs/include/carla_ackermann_msgs/msg/detail/ego_vehicle_control_status__rosidl_typesupport_fastrtps_cpp.hpp
[0.833s] -- Installing: /home/tofstudent/sa_zhao/install/carla_ackermann_msgs/include/carla_ackermann_msgs/msg/detail/ego_vehicle_control_current__rosidl_typesupport_fastrtps_cpp.hpp
[0.834s] -- Installing: /home/tofstudent/sa_zhao/install/carla_ackermann_msgs/include/carla_ackermann_msgs/msg/detail/dds_fastrtps
[0.834s] -- Installing: /home/tofstudent/sa_zhao/install/carla_ackermann_msgs/include/carla_ackermann_msgs/msg/detail/ego_vehicle_control_target__rosidl_typesupport_fastrtps_cpp.hpp
[0.834s] -- Installing: /home/tofstudent/sa_zhao/install/carla_ackermann_msgs/lib/libcarla_ackermann_msgs__rosidl_typesupport_fastrtps_cpp.so
[0.834s] -- Set runtime path of "/home/tofstudent/sa_zhao/install/carla_ackermann_msgs/lib/libcarla_ackermann_msgs__rosidl_typesupport_fastrtps_cpp.so" to ""
[0.834s] -- Up-to-date: /home/tofstudent/sa_zhao/install/carla_ackermann_msgs/include/carla_ackermann_msgs
[0.834s] -- Up-to-date: /home/tofstudent/sa_zhao/install/carla_ackermann_msgs/include/carla_ackermann_msgs/msg
[0.835s] -- Up-to-date: /home/tofstudent/sa_zhao/install/carla_ackermann_msgs/include/carla_ackermann_msgs/msg/detail
[0.835s] -- Installing: /home/tofstudent/sa_zhao/install/carla_ackermann_msgs/include/carla_ackermann_msgs/msg/detail/ego_vehicle_control_current__type_support.c
[0.835s] -- Installing: /home/tofstudent/sa_zhao/install/carla_ackermann_msgs/include/carla_ackermann_msgs/msg/detail/ego_vehicle_control_status__type_support.c
[0.835s] -- Installing: /home/tofstudent/sa_zhao/install/carla_ackermann_msgs/include/carla_ackermann_msgs/msg/detail/ego_vehicle_control_info__rosidl_typesupport_introspection_c.h
[0.835s] -- Installing: /home/tofstudent/sa_zhao/install/carla_ackermann_msgs/include/carla_ackermann_msgs/msg/detail/ego_vehicle_control_maxima__type_support.c
[0.835s] -- Installing: /home/tofstudent/sa_zhao/install/carla_ackermann_msgs/include/carla_ackermann_msgs/msg/detail/ego_vehicle_control_target__type_support.c
[0.835s] -- Installing: /home/tofstudent/sa_zhao/install/carla_ackermann_msgs/include/carla_ackermann_msgs/msg/detail/ego_vehicle_control_maxima__rosidl_typesupport_introspection_c.h
[0.835s] -- Installing: /home/tofstudent/sa_zhao/install/carla_ackermann_msgs/include/carla_ackermann_msgs/msg/detail/ego_vehicle_control_target__rosidl_typesupport_introspection_c.h
[0.836s] -- Installing: /home/tofstudent/sa_zhao/install/carla_ackermann_msgs/include/carla_ackermann_msgs/msg/detail/ego_vehicle_control_status__rosidl_typesupport_introspection_c.h
[0.836s] -- Installing: /home/tofstudent/sa_zhao/install/carla_ackermann_msgs/include/carla_ackermann_msgs/msg/detail/ego_vehicle_control_current__rosidl_typesupport_introspection_c.h
[0.836s] -- Installing: /home/tofstudent/sa_zhao/install/carla_ackermann_msgs/include/carla_ackermann_msgs/msg/detail/ego_vehicle_control_info__type_support.c
[0.836s] -- Installing: /home/tofstudent/sa_zhao/install/carla_ackermann_msgs/include/carla_ackermann_msgs/msg/rosidl_typesupport_introspection_c__visibility_control.h
[0.836s] -- Installing: /home/tofstudent/sa_zhao/install/carla_ackermann_msgs/lib/libcarla_ackermann_msgs__rosidl_typesupport_introspection_c.so
[0.837s] -- Set runtime path of "/home/tofstudent/sa_zhao/install/carla_ackermann_msgs/lib/libcarla_ackermann_msgs__rosidl_typesupport_introspection_c.so" to ""
[0.837s] -- Installing: /home/tofstudent/sa_zhao/install/carla_ackermann_msgs/lib/libcarla_ackermann_msgs__rosidl_typesupport_c.so
[0.837s] -- Set runtime path of "/home/tofstudent/sa_zhao/install/carla_ackermann_msgs/lib/libcarla_ackermann_msgs__rosidl_typesupport_c.so" to ""
[0.838s] -- Up-to-date: /home/tofstudent/sa_zhao/install/carla_ackermann_msgs/include/carla_ackermann_msgs
[0.838s] -- Up-to-date: /home/tofstudent/sa_zhao/install/carla_ackermann_msgs/include/carla_ackermann_msgs/msg
[0.838s] -- Installing: /home/tofstudent/sa_zhao/install/carla_ackermann_msgs/include/carla_ackermann_msgs/msg/ego_vehicle_control_status.hpp
[0.838s] -- Installing: /home/tofstudent/sa_zhao/install/carla_ackermann_msgs/include/carla_ackermann_msgs/msg/ego_vehicle_control_target.hpp
[0.838s] -- Up-to-date: /home/tofstudent/sa_zhao/install/carla_ackermann_msgs/include/carla_ackermann_msgs/msg/detail
[0.838s] -- Installing: /home/tofstudent/sa_zhao/install/carla_ackermann_msgs/include/carla_ackermann_msgs/msg/detail/ego_vehicle_control_status__traits.hpp
[0.839s] -- Installing: /home/tofstudent/sa_zhao/install/carla_ackermann_msgs/include/carla_ackermann_msgs/msg/detail/ego_vehicle_control_current__traits.hpp
[0.839s] -- Installing: /home/tofstudent/sa_zhao/install/carla_ackermann_msgs/include/carla_ackermann_msgs/msg/detail/ego_vehicle_control_current__builder.hpp
[0.839s] -- Installing: /home/tofstudent/sa_zhao/install/carla_ackermann_msgs/include/carla_ackermann_msgs/msg/detail/ego_vehicle_control_maxima__builder.hpp
[0.839s] -- Installing: /home/tofstudent/sa_zhao/install/carla_ackermann_msgs/include/carla_ackermann_msgs/msg/detail/ego_vehicle_control_target__struct.hpp
[0.839s] -- Installing: /home/tofstudent/sa_zhao/install/carla_ackermann_msgs/include/carla_ackermann_msgs/msg/detail/ego_vehicle_control_info__traits.hpp
[0.839s] -- Installing: /home/tofstudent/sa_zhao/install/carla_ackermann_msgs/include/carla_ackermann_msgs/msg/detail/ego_vehicle_control_maxima__traits.hpp
[0.839s] -- Installing: /home/tofstudent/sa_zhao/install/carla_ackermann_msgs/include/carla_ackermann_msgs/msg/detail/ego_vehicle_control_info__builder.hpp
[0.840s] -- Installing: /home/tofstudent/sa_zhao/install/carla_ackermann_msgs/include/carla_ackermann_msgs/msg/detail/ego_vehicle_control_current__struct.hpp
[0.840s] -- Installing: /home/tofstudent/sa_zhao/install/carla_ackermann_msgs/include/carla_ackermann_msgs/msg/detail/ego_vehicle_control_maxima__struct.hpp
[0.840s] -- Installing: /home/tofstudent/sa_zhao/install/carla_ackermann_msgs/include/carla_ackermann_msgs/msg/detail/ego_vehicle_control_status__builder.hpp
[0.840s] -- Installing: /home/tofstudent/sa_zhao/install/carla_ackermann_msgs/include/carla_ackermann_msgs/msg/detail/ego_vehicle_control_target__builder.hpp
[0.840s] -- Installing: /home/tofstudent/sa_zhao/install/carla_ackermann_msgs/include/carla_ackermann_msgs/msg/detail/ego_vehicle_control_status__struct.hpp
[0.840s] -- Installing: /home/tofstudent/sa_zhao/install/carla_ackermann_msgs/include/carla_ackermann_msgs/msg/detail/ego_vehicle_control_target__traits.hpp
[0.840s] -- Installing: /home/tofstudent/sa_zhao/install/carla_ackermann_msgs/include/carla_ackermann_msgs/msg/detail/ego_vehicle_control_info__struct.hpp
[0.841s] -- Installing: /home/tofstudent/sa_zhao/install/carla_ackermann_msgs/include/carla_ackermann_msgs/msg/ego_vehicle_control_maxima.hpp
[0.841s] -- Installing: /home/tofstudent/sa_zhao/install/carla_ackermann_msgs/include/carla_ackermann_msgs/msg/ego_vehicle_control_current.hpp
[0.841s] -- Installing: /home/tofstudent/sa_zhao/install/carla_ackermann_msgs/include/carla_ackermann_msgs/msg/ego_vehicle_control_info.hpp
[0.841s] -- Up-to-date: /home/tofstudent/sa_zhao/install/carla_ackermann_msgs/include/carla_ackermann_msgs
[0.841s] -- Up-to-date: /home/tofstudent/sa_zhao/install/carla_ackermann_msgs/include/carla_ackermann_msgs/msg
[0.842s] -- Up-to-date: /home/tofstudent/sa_zhao/install/carla_ackermann_msgs/include/carla_ackermann_msgs/msg/detail
[0.842s] -- Installing: /home/tofstudent/sa_zhao/install/carla_ackermann_msgs/include/carla_ackermann_msgs/msg/detail/ego_vehicle_control_target__type_support.cpp
[0.842s] -- Installing: /home/tofstudent/sa_zhao/install/carla_ackermann_msgs/include/carla_ackermann_msgs/msg/detail/ego_vehicle_control_info__type_support.cpp
[0.842s] -- Installing: /home/tofstudent/sa_zhao/install/carla_ackermann_msgs/include/carla_ackermann_msgs/msg/detail/ego_vehicle_control_status__rosidl_typesupport_introspection_cpp.hpp
[0.842s] -- Installing: /home/tofstudent/sa_zhao/install/carla_ackermann_msgs/include/carla_ackermann_msgs/msg/detail/ego_vehicle_control_current__type_support.cpp
[0.842s] -- Installing: /home/tofstudent/sa_zhao/install/carla_ackermann_msgs/include/carla_ackermann_msgs/msg/detail/ego_vehicle_control_status__type_support.cpp
[0.842s] -- Installing: /home/tofstudent/sa_zhao/install/carla_ackermann_msgs/include/carla_ackermann_msgs/msg/detail/ego_vehicle_control_current__rosidl_typesupport_introspection_cpp.hpp
[0.842s] -- Installing: /home/tofstudent/sa_zhao/install/carla_ackermann_msgs/include/carla_ackermann_msgs/msg/detail/ego_vehicle_control_maxima__rosidl_typesupport_introspection_cpp.hpp
[0.842s] -- Installing: /home/tofstudent/sa_zhao/install/carla_ackermann_msgs/include/carla_ackermann_msgs/msg/detail/ego_vehicle_control_info__rosidl_typesupport_introspection_cpp.hpp
[0.842s] -- Installing: /home/tofstudent/sa_zhao/install/carla_ackermann_msgs/include/carla_ackermann_msgs/msg/detail/ego_vehicle_control_target__rosidl_typesupport_introspection_cpp.hpp
[0.843s] -- Installing: /home/tofstudent/sa_zhao/install/carla_ackermann_msgs/include/carla_ackermann_msgs/msg/detail/ego_vehicle_control_maxima__type_support.cpp
[0.843s] -- Installing: /home/tofstudent/sa_zhao/install/carla_ackermann_msgs/lib/libcarla_ackermann_msgs__rosidl_typesupport_introspection_cpp.so
[0.843s] -- Set runtime path of "/home/tofstudent/sa_zhao/install/carla_ackermann_msgs/lib/libcarla_ackermann_msgs__rosidl_typesupport_introspection_cpp.so" to ""
[0.843s] -- Installing: /home/tofstudent/sa_zhao/install/carla_ackermann_msgs/lib/libcarla_ackermann_msgs__rosidl_typesupport_cpp.so
[0.843s] -- Set runtime path of "/home/tofstudent/sa_zhao/install/carla_ackermann_msgs/lib/libcarla_ackermann_msgs__rosidl_typesupport_cpp.so" to ""
[0.843s] -- Installing: /home/tofstudent/sa_zhao/install/carla_ackermann_msgs/share/carla_ackermann_msgs/environment/pythonpath.sh
[0.843s] -- Installing: /home/tofstudent/sa_zhao/install/carla_ackermann_msgs/share/carla_ackermann_msgs/environment/pythonpath.dsv
[0.844s] -- Installing: /home/tofstudent/sa_zhao/install/carla_ackermann_msgs/lib/python3.8/site-packages/carla_ackermann_msgs/__init__.py
[0.882s] Compiling '/home/tofstudent/sa_zhao/install/carla_ackermann_msgs/lib/python3.8/site-packages/carla_ackermann_msgs/__init__.py'...
[0.887s] -- Installing: /home/tofstudent/sa_zhao/install/carla_ackermann_msgs/lib/python3.8/site-packages/carla_ackermann_msgs/msg
[0.887s] -- Installing: /home/tofstudent/sa_zhao/install/carla_ackermann_msgs/lib/python3.8/site-packages/carla_ackermann_msgs/msg/_ego_vehicle_control_target.py
[0.888s] -- Installing: /home/tofstudent/sa_zhao/install/carla_ackermann_msgs/lib/python3.8/site-packages/carla_ackermann_msgs/msg/_ego_vehicle_control_target_s.c
[0.888s] -- Installing: /home/tofstudent/sa_zhao/install/carla_ackermann_msgs/lib/python3.8/site-packages/carla_ackermann_msgs/msg/_ego_vehicle_control_status_s.c
[0.888s] -- Installing: /home/tofstudent/sa_zhao/install/carla_ackermann_msgs/lib/python3.8/site-packages/carla_ackermann_msgs/msg/_ego_vehicle_control_current.py
[0.888s] -- Installing: /home/tofstudent/sa_zhao/install/carla_ackermann_msgs/lib/python3.8/site-packages/carla_ackermann_msgs/msg/_ego_vehicle_control_maxima.py
[0.888s] -- Installing: /home/tofstudent/sa_zhao/install/carla_ackermann_msgs/lib/python3.8/site-packages/carla_ackermann_msgs/msg/_ego_vehicle_control_status.py
[0.888s] -- Installing: /home/tofstudent/sa_zhao/install/carla_ackermann_msgs/lib/python3.8/site-packages/carla_ackermann_msgs/msg/_ego_vehicle_control_current_s.c
[0.888s] -- Installing: /home/tofstudent/sa_zhao/install/carla_ackermann_msgs/lib/python3.8/site-packages/carla_ackermann_msgs/msg/_ego_vehicle_control_info.py
[0.889s] -- Installing: /home/tofstudent/sa_zhao/install/carla_ackermann_msgs/lib/python3.8/site-packages/carla_ackermann_msgs/msg/__init__.py
[0.889s] -- Installing: /home/tofstudent/sa_zhao/install/carla_ackermann_msgs/lib/python3.8/site-packages/carla_ackermann_msgs/msg/_ego_vehicle_control_maxima_s.c
[0.889s] -- Installing: /home/tofstudent/sa_zhao/install/carla_ackermann_msgs/lib/python3.8/site-packages/carla_ackermann_msgs/msg/_ego_vehicle_control_info_s.c
[0.889s] -- Installing: /home/tofstudent/sa_zhao/install/carla_ackermann_msgs/lib/python3.8/site-packages/carla_ackermann_msgs/carla_ackermann_msgs_s__rosidl_typesupport_fastrtps_c.cpython-38-x86_64-linux-gnu.so
[0.890s] -- Set runtime path of "/home/tofstudent/sa_zhao/install/carla_ackermann_msgs/lib/python3.8/site-packages/carla_ackermann_msgs/carla_ackermann_msgs_s__rosidl_typesupport_fastrtps_c.cpython-38-x86_64-linux-gnu.so" to ""
[0.891s] -- Installing: /home/tofstudent/sa_zhao/install/carla_ackermann_msgs/lib/python3.8/site-packages/carla_ackermann_msgs/carla_ackermann_msgs_s__rosidl_typesupport_introspection_c.cpython-38-x86_64-linux-gnu.so
[0.891s] -- Set runtime path of "/home/tofstudent/sa_zhao/install/carla_ackermann_msgs/lib/python3.8/site-packages/carla_ackermann_msgs/carla_ackermann_msgs_s__rosidl_typesupport_introspection_c.cpython-38-x86_64-linux-gnu.so" to ""
[0.892s] -- Installing: /home/tofstudent/sa_zhao/install/carla_ackermann_msgs/lib/python3.8/site-packages/carla_ackermann_msgs/carla_ackermann_msgs_s__rosidl_typesupport_c.cpython-38-x86_64-linux-gnu.so
[0.892s] -- Set runtime path of "/home/tofstudent/sa_zhao/install/carla_ackermann_msgs/lib/python3.8/site-packages/carla_ackermann_msgs/carla_ackermann_msgs_s__rosidl_typesupport_c.cpython-38-x86_64-linux-gnu.so" to ""
[0.893s] -- Installing: /home/tofstudent/sa_zhao/install/carla_ackermann_msgs/lib/libcarla_ackermann_msgs__python.so
[0.893s] -- Set runtime path of "/home/tofstudent/sa_zhao/install/carla_ackermann_msgs/lib/libcarla_ackermann_msgs__python.so" to ""
[0.893s] -- Installing: /home/tofstudent/sa_zhao/install/carla_ackermann_msgs/share/carla_ackermann_msgs/msg/EgoVehicleControlInfo.idl
[0.894s] -- Installing: /home/tofstudent/sa_zhao/install/carla_ackermann_msgs/share/carla_ackermann_msgs/msg/EgoVehicleControlCurrent.idl
[0.894s] -- Installing: /home/tofstudent/sa_zhao/install/carla_ackermann_msgs/share/carla_ackermann_msgs/msg/EgoVehicleControlMaxima.idl
[0.894s] -- Installing: /home/tofstudent/sa_zhao/install/carla_ackermann_msgs/share/carla_ackermann_msgs/msg/EgoVehicleControlStatus.idl
[0.895s] -- Installing: /home/tofstudent/sa_zhao/install/carla_ackermann_msgs/share/carla_ackermann_msgs/msg/EgoVehicleControlTarget.idl
[0.895s] -- Installing: /home/tofstudent/sa_zhao/install/carla_ackermann_msgs/share/carla_ackermann_msgs/msg/EgoVehicleControlInfo.msg
[0.895s] -- Installing: /home/tofstudent/sa_zhao/install/carla_ackermann_msgs/share/carla_ackermann_msgs/msg/EgoVehicleControlCurrent.msg
[0.895s] -- Installing: /home/tofstudent/sa_zhao/install/carla_ackermann_msgs/share/carla_ackermann_msgs/msg/EgoVehicleControlMaxima.msg
[0.895s] -- Installing: /home/tofstudent/sa_zhao/install/carla_ackermann_msgs/share/carla_ackermann_msgs/msg/EgoVehicleControlStatus.msg
[0.895s] -- Installing: /home/tofstudent/sa_zhao/install/carla_ackermann_msgs/share/carla_ackermann_msgs/msg/EgoVehicleControlTarget.msg
[0.895s] -- Installing: /home/tofstudent/sa_zhao/install/carla_ackermann_msgs/share/ament_index/resource_index/package_run_dependencies/carla_ackermann_msgs
[0.896s] -- Installing: /home/tofstudent/sa_zhao/install/carla_ackermann_msgs/share/ament_index/resource_index/parent_prefix_path/carla_ackermann_msgs
[0.896s] -- Installing: /home/tofstudent/sa_zhao/install/carla_ackermann_msgs/share/carla_ackermann_msgs/environment/ament_prefix_path.sh
[0.896s] -- Installing: /home/tofstudent/sa_zhao/install/carla_ackermann_msgs/share/carla_ackermann_msgs/environment/ament_prefix_path.dsv
[0.897s] -- Installing: /home/tofstudent/sa_zhao/install/carla_ackermann_msgs/share/carla_ackermann_msgs/environment/path.sh
[0.897s] -- Installing: /home/tofstudent/sa_zhao/install/carla_ackermann_msgs/share/carla_ackermann_msgs/environment/path.dsv
[0.897s] -- Installing: /home/tofstudent/sa_zhao/install/carla_ackermann_msgs/share/carla_ackermann_msgs/local_setup.bash
[0.897s] -- Installing: /home/tofstudent/sa_zhao/install/carla_ackermann_msgs/share/carla_ackermann_msgs/local_setup.sh
[0.897s] -- Installing: /home/tofstudent/sa_zhao/install/carla_ackermann_msgs/share/carla_ackermann_msgs/local_setup.zsh
[0.897s] -- Installing: /home/tofstudent/sa_zhao/install/carla_ackermann_msgs/share/carla_ackermann_msgs/local_setup.dsv
[0.897s] -- Installing: /home/tofstudent/sa_zhao/install/carla_ackermann_msgs/share/carla_ackermann_msgs/package.dsv
[0.898s] -- Installing: /home/tofstudent/sa_zhao/install/carla_ackermann_msgs/share/ament_index/resource_index/packages/carla_ackermann_msgs
[0.898s] -- Installing: /home/tofstudent/sa_zhao/install/carla_ackermann_msgs/share/carla_ackermann_msgs/cmake/carla_ackermann_msgs__rosidl_generator_cExport.cmake
[0.898s] -- Installing: /home/tofstudent/sa_zhao/install/carla_ackermann_msgs/share/carla_ackermann_msgs/cmake/carla_ackermann_msgs__rosidl_generator_cExport-noconfig.cmake
[0.898s] -- Installing: /home/tofstudent/sa_zhao/install/carla_ackermann_msgs/share/carla_ackermann_msgs/cmake/carla_ackermann_msgs__rosidl_typesupport_introspection_cExport.cmake
[0.898s] -- Installing: /home/tofstudent/sa_zhao/install/carla_ackermann_msgs/share/carla_ackermann_msgs/cmake/carla_ackermann_msgs__rosidl_typesupport_introspection_cExport-noconfig.cmake
[0.898s] -- Installing: /home/tofstudent/sa_zhao/install/carla_ackermann_msgs/share/carla_ackermann_msgs/cmake/carla_ackermann_msgs__rosidl_typesupport_cExport.cmake
[0.899s] -- Installing: /home/tofstudent/sa_zhao/install/carla_ackermann_msgs/share/carla_ackermann_msgs/cmake/carla_ackermann_msgs__rosidl_typesupport_cExport-noconfig.cmake
[0.899s] -- Installing: /home/tofstudent/sa_zhao/install/carla_ackermann_msgs/share/carla_ackermann_msgs/cmake/carla_ackermann_msgs__rosidl_generator_cppExport.cmake
[0.899s] -- Installing: /home/tofstudent/sa_zhao/install/carla_ackermann_msgs/share/carla_ackermann_msgs/cmake/carla_ackermann_msgs__rosidl_typesupport_introspection_cppExport.cmake
[0.899s] -- Installing: /home/tofstudent/sa_zhao/install/carla_ackermann_msgs/share/carla_ackermann_msgs/cmake/carla_ackermann_msgs__rosidl_typesupport_introspection_cppExport-noconfig.cmake
[0.900s] -- Installing: /home/tofstudent/sa_zhao/install/carla_ackermann_msgs/share/carla_ackermann_msgs/cmake/carla_ackermann_msgs__rosidl_typesupport_cppExport.cmake
[0.900s] -- Installing: /home/tofstudent/sa_zhao/install/carla_ackermann_msgs/share/carla_ackermann_msgs/cmake/carla_ackermann_msgs__rosidl_typesupport_cppExport-noconfig.cmake
[0.900s] -- Installing: /home/tofstudent/sa_zhao/install/carla_ackermann_msgs/share/carla_ackermann_msgs/cmake/rosidl_cmake-extras.cmake
[0.900s] -- Installing: /home/tofstudent/sa_zhao/install/carla_ackermann_msgs/share/carla_ackermann_msgs/cmake/ament_cmake_export_dependencies-extras.cmake
[0.900s] -- Installing: /home/tofstudent/sa_zhao/install/carla_ackermann_msgs/share/carla_ackermann_msgs/cmake/ament_cmake_export_libraries-extras.cmake
[0.900s] -- Installing: /home/tofstudent/sa_zhao/install/carla_ackermann_msgs/share/carla_ackermann_msgs/cmake/ament_cmake_export_targets-extras.cmake
[0.901s] -- Installing: /home/tofstudent/sa_zhao/install/carla_ackermann_msgs/share/carla_ackermann_msgs/cmake/ament_cmake_export_include_directories-extras.cmake
[0.901s] -- Installing: /home/tofstudent/sa_zhao/install/carla_ackermann_msgs/share/carla_ackermann_msgs/cmake/rosidl_cmake_export_typesupport_libraries-extras.cmake
[0.901s] -- Installing: /home/tofstudent/sa_zhao/install/carla_ackermann_msgs/share/carla_ackermann_msgs/cmake/rosidl_cmake_export_typesupport_targets-extras.cmake
[0.901s] -- Installing: /home/tofstudent/sa_zhao/install/carla_ackermann_msgs/share/carla_ackermann_msgs/cmake/carla_ackermann_msgsConfig.cmake
[0.901s] -- Installing: /home/tofstudent/sa_zhao/install/carla_ackermann_msgs/share/carla_ackermann_msgs/cmake/carla_ackermann_msgsConfig-version.cmake
[0.902s] -- Installing: /home/tofstudent/sa_zhao/install/carla_ackermann_msgs/share/carla_ackermann_msgs/package.xml
[0.909s] Invoked command in '/home/tofstudent/sa_zhao/build/carla_ackermann_msgs' returned '0': AMENT_PREFIX_PATH=/home/tofstudent/sa_zhao/install/carla_msgs:${AMENT_PREFIX_PATH} CMAKE_PREFIX_PATH=/home/tofstudent/sa_zhao/install/carla_msgs:/opt/ros/foxy LD_LIBRARY_PATH=/home/tofstudent/sa_zhao/install/carla_msgs/lib:${LD_LIBRARY_PATH} PYTHONPATH=/home/tofstudent/sa_zhao/install/carla_msgs/lib/python3.8/site-packages:${PYTHONPATH} /usr/bin/cmake --install /home/tofstudent/sa_zhao/build/carla_ackermann_msgs
