[0.060s] Invoking command in '/home/tofstudent/sa_zhao/build/tod_command_creation': AMENT_PREFIX_PATH=/home/tofstudent/sa_zhao/install/traj_interfaces:/home/tofstudent/sa_zhao/install/tod_msgs:${AMENT_PREFIX_PATH} CMAKE_PREFIX_PATH=/home/tofstudent/sa_zhao/install/traj_interfaces:/home/tofstudent/sa_zhao/install/tod_msgs:/opt/ros/foxy LD_LIBRARY_PATH=/home/tofstudent/sa_zhao/install/traj_interfaces/lib:/home/tofstudent/sa_zhao/install/tod_msgs/lib:${LD_LIBRARY_PATH} PYTHONPATH=/home/tofstudent/sa_zhao/install/traj_interfaces/lib/python3.8/site-packages:/home/tofstudent/sa_zhao/install/tod_msgs/lib/python3.8/site-packages:${PYTHONPATH} /usr/bin/cmake /home/tofstudent/sa_zhao/src/tod_command_creation -DCMAKE_INSTALL_PREFIX=/home/tofstudent/sa_zhao/install/tod_command_creation
[0.079s] -- Found ament_cmake: 0.9.11 (/opt/ros/foxy/share/ament_cmake/cmake)
[0.116s] -- Using PYTHON_EXECUTABLE: /usr/bin/python3
[0.374s] -- Found rclcpp: 2.4.2 (/opt/ros/foxy/share/rclcpp/cmake)
[0.415s] -- Using all available rosidl_typesupport_c: rosidl_typesupport_fastrtps_c;rosidl_typesupport_introspection_c
[0.419s] -- Found rosidl_adapter: 1.3.0 (/opt/ros/foxy/share/rosidl_adapter/cmake)
[0.561s] -- Using all available rosidl_typesupport_cpp: rosidl_typesupport_fastrtps_cpp;rosidl_typesupport_introspection_cpp
[0.637s] -- Found rmw_implementation_cmake: 1.0.3 (/opt/ros/foxy/share/rmw_implementation_cmake/cmake)
[0.638s] -- Using RMW implementation 'rmw_fastrtps_cpp' as default
[0.856s] -- Found tod_msgs: 1.0.0 (/home/tofstudent/sa_zhao/install/tod_msgs/share/tod_msgs/cmake)
[1.261s] -- Found traj_interfaces: 0.0.0 (/home/tofstudent/sa_zhao/install/traj_interfaces/share/traj_interfaces/cmake)
[1.364s] -- Configuring done
[1.380s] -- Generating done
[1.382s] -- Build files have been written to: /home/tofstudent/sa_zhao/build/tod_command_creation
[1.391s] Invoked command in '/home/tofstudent/sa_zhao/build/tod_command_creation' returned '0': AMENT_PREFIX_PATH=/home/tofstudent/sa_zhao/install/traj_interfaces:/home/tofstudent/sa_zhao/install/tod_msgs:${AMENT_PREFIX_PATH} CMAKE_PREFIX_PATH=/home/tofstudent/sa_zhao/install/traj_interfaces:/home/tofstudent/sa_zhao/install/tod_msgs:/opt/ros/foxy LD_LIBRARY_PATH=/home/tofstudent/sa_zhao/install/traj_interfaces/lib:/home/tofstudent/sa_zhao/install/tod_msgs/lib:${LD_LIBRARY_PATH} PYTHONPATH=/home/tofstudent/sa_zhao/install/traj_interfaces/lib/python3.8/site-packages:/home/tofstudent/sa_zhao/install/tod_msgs/lib/python3.8/site-packages:${PYTHONPATH} /usr/bin/cmake /home/tofstudent/sa_zhao/src/tod_command_creation -DCMAKE_INSTALL_PREFIX=/home/tofstudent/sa_zhao/install/tod_command_creation
[1.395s] Invoking command in '/home/tofstudent/sa_zhao/build/tod_command_creation': AMENT_PREFIX_PATH=/home/tofstudent/sa_zhao/install/traj_interfaces:/home/tofstudent/sa_zhao/install/tod_msgs:${AMENT_PREFIX_PATH} CMAKE_PREFIX_PATH=/home/tofstudent/sa_zhao/install/traj_interfaces:/home/tofstudent/sa_zhao/install/tod_msgs:/opt/ros/foxy LD_LIBRARY_PATH=/home/tofstudent/sa_zhao/install/traj_interfaces/lib:/home/tofstudent/sa_zhao/install/tod_msgs/lib:${LD_LIBRARY_PATH} PYTHONPATH=/home/tofstudent/sa_zhao/install/traj_interfaces/lib/python3.8/site-packages:/home/tofstudent/sa_zhao/install/tod_msgs/lib/python3.8/site-packages:${PYTHONPATH} /usr/bin/cmake --build /home/tofstudent/sa_zhao/build/tod_command_creation -- -j8 -l8
[1.457s] [35m[1mScanning dependencies of target OperatorCommandCreator[0m
[1.524s] [ 33%] [32mBuilding CXX object src/operator/CMakeFiles/OperatorCommandCreator.dir/CommandCreatorNode.cpp.o[0m
[1.526s] [ 66%] [32mBuilding CXX object src/operator/CMakeFiles/OperatorCommandCreator.dir/CommandCreator.cpp.o[0m
[8.777s] [100%] [32m[1mLinking CXX executable OperatorCommandCreator[0m
[9.234s] [100%] Built target OperatorCommandCreator
[9.262s] Invoked command in '/home/tofstudent/sa_zhao/build/tod_command_creation' returned '0': AMENT_PREFIX_PATH=/home/tofstudent/sa_zhao/install/traj_interfaces:/home/tofstudent/sa_zhao/install/tod_msgs:${AMENT_PREFIX_PATH} CMAKE_PREFIX_PATH=/home/tofstudent/sa_zhao/install/traj_interfaces:/home/tofstudent/sa_zhao/install/tod_msgs:/opt/ros/foxy LD_LIBRARY_PATH=/home/tofstudent/sa_zhao/install/traj_interfaces/lib:/home/tofstudent/sa_zhao/install/tod_msgs/lib:${LD_LIBRARY_PATH} PYTHONPATH=/home/tofstudent/sa_zhao/install/traj_interfaces/lib/python3.8/site-packages:/home/tofstudent/sa_zhao/install/tod_msgs/lib/python3.8/site-packages:${PYTHONPATH} /usr/bin/cmake --build /home/tofstudent/sa_zhao/build/tod_command_creation -- -j8 -l8
[9.327s] Invoking command in '/home/tofstudent/sa_zhao/build/tod_command_creation': AMENT_PREFIX_PATH=/home/tofstudent/sa_zhao/install/traj_interfaces:/home/tofstudent/sa_zhao/install/tod_msgs:${AMENT_PREFIX_PATH} CMAKE_PREFIX_PATH=/home/tofstudent/sa_zhao/install/traj_interfaces:/home/tofstudent/sa_zhao/install/tod_msgs:/opt/ros/foxy LD_LIBRARY_PATH=/home/tofstudent/sa_zhao/install/traj_interfaces/lib:/home/tofstudent/sa_zhao/install/tod_msgs/lib:${LD_LIBRARY_PATH} PYTHONPATH=/home/tofstudent/sa_zhao/install/traj_interfaces/lib/python3.8/site-packages:/home/tofstudent/sa_zhao/install/tod_msgs/lib/python3.8/site-packages:${PYTHONPATH} /usr/bin/cmake --install /home/tofstudent/sa_zhao/build/tod_command_creation
[9.349s] -- Install configuration: ""
[9.350s] -- Installing: /home/tofstudent/sa_zhao/install/tod_command_creation/share/tod_command_creation/launch
[9.350s] -- Installing: /home/tofstudent/sa_zhao/install/tod_command_creation/share/tod_command_creation/launch/tod_command_creation.launch.xml
[9.350s] -- Installing: /home/tofstudent/sa_zhao/install/tod_command_creation/share/tod_command_creation/config
[9.350s] -- Installing: /home/tofstudent/sa_zhao/install/tod_command_creation/share/tod_command_creation/config/tod_command_creation.param.yaml
[9.351s] -- Installing: /home/tofstudent/sa_zhao/install/tod_command_creation/share/ament_index/resource_index/package_run_dependencies/tod_command_creation
[9.351s] -- Installing: /home/tofstudent/sa_zhao/install/tod_command_creation/share/ament_index/resource_index/parent_prefix_path/tod_command_creation
[9.351s] -- Installing: /home/tofstudent/sa_zhao/install/tod_command_creation/share/tod_command_creation/environment/ament_prefix_path.sh
[9.351s] -- Installing: /home/tofstudent/sa_zhao/install/tod_command_creation/share/tod_command_creation/environment/ament_prefix_path.dsv
[9.351s] -- Installing: /home/tofstudent/sa_zhao/install/tod_command_creation/share/tod_command_creation/environment/path.sh
[9.352s] -- Installing: /home/tofstudent/sa_zhao/install/tod_command_creation/share/tod_command_creation/environment/path.dsv
[9.352s] -- Installing: /home/tofstudent/sa_zhao/install/tod_command_creation/share/tod_command_creation/local_setup.bash
[9.352s] -- Installing: /home/tofstudent/sa_zhao/install/tod_command_creation/share/tod_command_creation/local_setup.sh
[9.352s] -- Installing: /home/tofstudent/sa_zhao/install/tod_command_creation/share/tod_command_creation/local_setup.zsh
[9.352s] -- Installing: /home/tofstudent/sa_zhao/install/tod_command_creation/share/tod_command_creation/local_setup.dsv
[9.353s] -- Installing: /home/tofstudent/sa_zhao/install/tod_command_creation/share/tod_command_creation/package.dsv
[9.353s] -- Installing: /home/tofstudent/sa_zhao/install/tod_command_creation/share/ament_index/resource_index/packages/tod_command_creation
[9.353s] -- Installing: /home/tofstudent/sa_zhao/install/tod_command_creation/share/tod_command_creation/cmake/ament_cmake_export_dependencies-extras.cmake
[9.354s] -- Installing: /home/tofstudent/sa_zhao/install/tod_command_creation/share/tod_command_creation/cmake/tod_command_creationConfig.cmake
[9.354s] -- Installing: /home/tofstudent/sa_zhao/install/tod_command_creation/share/tod_command_creation/cmake/tod_command_creationConfig-version.cmake
[9.355s] -- Installing: /home/tofstudent/sa_zhao/install/tod_command_creation/share/tod_command_creation/package.xml
[9.355s] -- Installing: /home/tofstudent/sa_zhao/install/tod_command_creation/lib/tod_command_creation/OperatorCommandCreator
[9.362s] -- Set runtime path of "/home/tofstudent/sa_zhao/install/tod_command_creation/lib/tod_command_creation/OperatorCommandCreator" to ""
[9.372s] Invoked command in '/home/tofstudent/sa_zhao/build/tod_command_creation' returned '0': AMENT_PREFIX_PATH=/home/tofstudent/sa_zhao/install/traj_interfaces:/home/tofstudent/sa_zhao/install/tod_msgs:${AMENT_PREFIX_PATH} CMAKE_PREFIX_PATH=/home/tofstudent/sa_zhao/install/traj_interfaces:/home/tofstudent/sa_zhao/install/tod_msgs:/opt/ros/foxy LD_LIBRARY_PATH=/home/tofstudent/sa_zhao/install/traj_interfaces/lib:/home/tofstudent/sa_zhao/install/tod_msgs/lib:${LD_LIBRARY_PATH} PYTHONPATH=/home/tofstudent/sa_zhao/install/traj_interfaces/lib/python3.8/site-packages:/home/tofstudent/sa_zhao/install/tod_msgs/lib/python3.8/site-packages:${PYTHONPATH} /usr/bin/cmake --install /home/tofstudent/sa_zhao/build/tod_command_creation
