[0.030s] Invoking command in '/home/tofstudent/sa_zhao/build/tod_input_devices': CMAKE_PREFIX_PATH=/home/tofstudent/sa_zhao/install/tod_msgs:/home/tofstudent/sa_zhao/install/pure_pursuit:/home/tofstudent/sa_zhao/install/vehicle_info_util:/home/tofstudent/sa_zhao/install/interactive_trajectory:/home/tofstudent/sa_zhao/install/tod_command_creation:/home/tofstudent/sa_zhao/install/random_trajectory:/home/tofstudent/sa_zhao/install/traj_interfaces:/home/tofstudent/sa_zhao/install/tod_input_devices:/home/tofstudent/sa_zhao/install/carla_ackermann_msgs:/home/tofstudent/sa_zhao/install/carla_msgs:/home/tofstudent/sa_zhao/install/autoware_cmake:/home/tofstudent/sa_zhao/install/autoware_auto_vehicle_msgs:/home/tofstudent/sa_zhao/install/autoware_auto_planning_msgs:/home/tofstudent/sa_zhao/install/autoware_auto_control_msgs:/home/tofstudent/sa_zhao/install/carla_ackermann_control:/home/tofstudent/sa_zhao/install/carla_ros_bridge:/home/tofstudent/sa_zhao/install/carla_spawn_objects:/home/tofstudent/sa_zhao/install/ros_compatibility:/home/tofstudent/sa_zhao/install/carla_common:/opt/ros/foxy LD_LIBRARY_PATH=/home/tofstudent/sa_zhao/install/tod_msgs/lib:/home/tofstudent/sa_zhao/install/pure_pursuit/lib:/home/tofstudent/sa_zhao/install/vehicle_info_util/lib:/home/tofstudent/sa_zhao/install/traj_interfaces/lib:/home/tofstudent/sa_zhao/install/carla_ackermann_msgs/lib:/home/tofstudent/sa_zhao/install/carla_msgs/lib:/home/tofstudent/sa_zhao/install/autoware_auto_vehicle_msgs/lib:/home/tofstudent/sa_zhao/install/autoware_auto_planning_msgs/lib:/home/tofstudent/sa_zhao/install/autoware_auto_control_msgs/lib:/opt/ros/foxy/opt/yaml_cpp_vendor/lib:/opt/ros/foxy/opt/rviz_ogre_vendor/lib:/opt/ros/foxy/lib/x86_64-linux-gnu:/opt/ros/foxy/lib PYTHONPATH=/home/tofstudent/sa_zhao/install/tod_msgs/lib/python3.8/site-packages:/home/tofstudent/sa_zhao/install/traj_interfaces/lib/python3.8/site-packages:/home/tofstudent/sa_zhao/install/carla_ackermann_control/lib/python3.8/site-packages:/home/tofstudent/sa_zhao/install/carla_ros_bridge/lib/python3.8/site-packages:/home/tofstudent/sa_zhao/install/carla_spawn_objects/lib/python3.8/site-packages:/home/tofstudent/sa_zhao/install/ros_compatibility/lib/python3.8/site-packages:/home/tofstudent/sa_zhao/install/carla_ackermann_msgs/lib/python3.8/site-packages:/home/tofstudent/sa_zhao/install/carla_msgs/lib/python3.8/site-packages:/home/tofstudent/sa_zhao/install/carla_common/lib/python3.8/site-packages:/home/tofstudent/sa_zhao/install/autoware_auto_vehicle_msgs/lib/python3.8/site-packages:/home/tofstudent/sa_zhao/install/autoware_auto_planning_msgs/lib/python3.8/site-packages:/home/tofstudent/sa_zhao/install/autoware_auto_control_msgs/lib/python3.8/site-packages:/opt/ros/foxy/lib/python3.8/site-packages /usr/bin/cmake --build /home/tofstudent/sa_zhao/build/tod_input_devices -- -j8 -l8
[0.103s] -- Found ament_cmake: 0.9.11 (/opt/ros/foxy/share/ament_cmake/cmake)
[0.147s] -- Using PYTHON_EXECUTABLE: /usr/bin/python3
[0.387s] -- Found ament_index_cpp: 1.1.0 (/opt/ros/foxy/share/ament_index_cpp/cmake)
[0.391s] -- Found rclcpp: 2.4.2 (/opt/ros/foxy/share/rclcpp/cmake)
[0.440s] -- Using all available rosidl_typesupport_c: rosidl_typesupport_fastrtps_c;rosidl_typesupport_introspection_c
[0.445s] -- Found rosidl_adapter: 1.3.0 (/opt/ros/foxy/share/rosidl_adapter/cmake)
[0.613s] -- Using all available rosidl_typesupport_cpp: rosidl_typesupport_fastrtps_cpp;rosidl_typesupport_introspection_cpp
[0.678s] -- Found rmw_implementation_cmake: 1.0.3 (/opt/ros/foxy/share/rmw_implementation_cmake/cmake)
[0.681s] -- Using RMW implementation 'rmw_fastrtps_cpp' as default
[0.859s] -- Found tod_msgs: 1.0.0 (/home/tofstudent/sa_zhao/install/tod_msgs/share/tod_msgs/cmake)
[1.192s] skipping SENSO build in tod_input_devices
[1.294s] -- Configuring done
[1.320s] -- Generating done
[1.323s] -- Build files have been written to: /home/tofstudent/sa_zhao/build/tod_input_devices
[1.421s] [ 61%] Built target VirtualInputDevice
[1.457s] [35m[1mScanning dependencies of target InputDevice[0m
[1.516s] [ 69%] [32mBuilding CXX object src/CMakeFiles/InputDevice.dir/InputDeviceNode.cpp.o[0m
[1.518s] [ 76%] [32mBuilding CXX object src/CMakeFiles/InputDevice.dir/General/MyInputDevice.cpp.o[0m
[1.526s] [ 84%] [32mBuilding CXX object src/CMakeFiles/InputDevice.dir/InputDeviceController.cpp.o[0m
[1.528s] [ 92%] [32mBuilding CXX object src/CMakeFiles/InputDevice.dir/RosInterface.cpp.o[0m
[4.790s] [100%] [32m[1mLinking CXX executable InputDevice[0m
[5.460s] [100%] Built target InputDevice
[5.476s] Invoked command in '/home/tofstudent/sa_zhao/build/tod_input_devices' returned '0': CMAKE_PREFIX_PATH=/home/tofstudent/sa_zhao/install/tod_msgs:/home/tofstudent/sa_zhao/install/pure_pursuit:/home/tofstudent/sa_zhao/install/vehicle_info_util:/home/tofstudent/sa_zhao/install/interactive_trajectory:/home/tofstudent/sa_zhao/install/tod_command_creation:/home/tofstudent/sa_zhao/install/random_trajectory:/home/tofstudent/sa_zhao/install/traj_interfaces:/home/tofstudent/sa_zhao/install/tod_input_devices:/home/tofstudent/sa_zhao/install/carla_ackermann_msgs:/home/tofstudent/sa_zhao/install/carla_msgs:/home/tofstudent/sa_zhao/install/autoware_cmake:/home/tofstudent/sa_zhao/install/autoware_auto_vehicle_msgs:/home/tofstudent/sa_zhao/install/autoware_auto_planning_msgs:/home/tofstudent/sa_zhao/install/autoware_auto_control_msgs:/home/tofstudent/sa_zhao/install/carla_ackermann_control:/home/tofstudent/sa_zhao/install/carla_ros_bridge:/home/tofstudent/sa_zhao/install/carla_spawn_objects:/home/tofstudent/sa_zhao/install/ros_compatibility:/home/tofstudent/sa_zhao/install/carla_common:/opt/ros/foxy LD_LIBRARY_PATH=/home/tofstudent/sa_zhao/install/tod_msgs/lib:/home/tofstudent/sa_zhao/install/pure_pursuit/lib:/home/tofstudent/sa_zhao/install/vehicle_info_util/lib:/home/tofstudent/sa_zhao/install/traj_interfaces/lib:/home/tofstudent/sa_zhao/install/carla_ackermann_msgs/lib:/home/tofstudent/sa_zhao/install/carla_msgs/lib:/home/tofstudent/sa_zhao/install/autoware_auto_vehicle_msgs/lib:/home/tofstudent/sa_zhao/install/autoware_auto_planning_msgs/lib:/home/tofstudent/sa_zhao/install/autoware_auto_control_msgs/lib:/opt/ros/foxy/opt/yaml_cpp_vendor/lib:/opt/ros/foxy/opt/rviz_ogre_vendor/lib:/opt/ros/foxy/lib/x86_64-linux-gnu:/opt/ros/foxy/lib PYTHONPATH=/home/tofstudent/sa_zhao/install/tod_msgs/lib/python3.8/site-packages:/home/tofstudent/sa_zhao/install/traj_interfaces/lib/python3.8/site-packages:/home/tofstudent/sa_zhao/install/carla_ackermann_control/lib/python3.8/site-packages:/home/tofstudent/sa_zhao/install/carla_ros_bridge/lib/python3.8/site-packages:/home/tofstudent/sa_zhao/install/carla_spawn_objects/lib/python3.8/site-packages:/home/tofstudent/sa_zhao/install/ros_compatibility/lib/python3.8/site-packages:/home/tofstudent/sa_zhao/install/carla_ackermann_msgs/lib/python3.8/site-packages:/home/tofstudent/sa_zhao/install/carla_msgs/lib/python3.8/site-packages:/home/tofstudent/sa_zhao/install/carla_common/lib/python3.8/site-packages:/home/tofstudent/sa_zhao/install/autoware_auto_vehicle_msgs/lib/python3.8/site-packages:/home/tofstudent/sa_zhao/install/autoware_auto_planning_msgs/lib/python3.8/site-packages:/home/tofstudent/sa_zhao/install/autoware_auto_control_msgs/lib/python3.8/site-packages:/opt/ros/foxy/lib/python3.8/site-packages /usr/bin/cmake --build /home/tofstudent/sa_zhao/build/tod_input_devices -- -j8 -l8
[5.573s] Invoking command in '/home/tofstudent/sa_zhao/build/tod_input_devices': CMAKE_PREFIX_PATH=/home/tofstudent/sa_zhao/install/tod_msgs:/home/tofstudent/sa_zhao/install/pure_pursuit:/home/tofstudent/sa_zhao/install/vehicle_info_util:/home/tofstudent/sa_zhao/install/interactive_trajectory:/home/tofstudent/sa_zhao/install/tod_command_creation:/home/tofstudent/sa_zhao/install/random_trajectory:/home/tofstudent/sa_zhao/install/traj_interfaces:/home/tofstudent/sa_zhao/install/tod_input_devices:/home/tofstudent/sa_zhao/install/carla_ackermann_msgs:/home/tofstudent/sa_zhao/install/carla_msgs:/home/tofstudent/sa_zhao/install/autoware_cmake:/home/tofstudent/sa_zhao/install/autoware_auto_vehicle_msgs:/home/tofstudent/sa_zhao/install/autoware_auto_planning_msgs:/home/tofstudent/sa_zhao/install/autoware_auto_control_msgs:/home/tofstudent/sa_zhao/install/carla_ackermann_control:/home/tofstudent/sa_zhao/install/carla_ros_bridge:/home/tofstudent/sa_zhao/install/carla_spawn_objects:/home/tofstudent/sa_zhao/install/ros_compatibility:/home/tofstudent/sa_zhao/install/carla_common:/opt/ros/foxy LD_LIBRARY_PATH=/home/tofstudent/sa_zhao/install/tod_msgs/lib:/home/tofstudent/sa_zhao/install/pure_pursuit/lib:/home/tofstudent/sa_zhao/install/vehicle_info_util/lib:/home/tofstudent/sa_zhao/install/traj_interfaces/lib:/home/tofstudent/sa_zhao/install/carla_ackermann_msgs/lib:/home/tofstudent/sa_zhao/install/carla_msgs/lib:/home/tofstudent/sa_zhao/install/autoware_auto_vehicle_msgs/lib:/home/tofstudent/sa_zhao/install/autoware_auto_planning_msgs/lib:/home/tofstudent/sa_zhao/install/autoware_auto_control_msgs/lib:/opt/ros/foxy/opt/yaml_cpp_vendor/lib:/opt/ros/foxy/opt/rviz_ogre_vendor/lib:/opt/ros/foxy/lib/x86_64-linux-gnu:/opt/ros/foxy/lib PYTHONPATH=/home/tofstudent/sa_zhao/install/tod_msgs/lib/python3.8/site-packages:/home/tofstudent/sa_zhao/install/traj_interfaces/lib/python3.8/site-packages:/home/tofstudent/sa_zhao/install/carla_ackermann_control/lib/python3.8/site-packages:/home/tofstudent/sa_zhao/install/carla_ros_bridge/lib/python3.8/site-packages:/home/tofstudent/sa_zhao/install/carla_spawn_objects/lib/python3.8/site-packages:/home/tofstudent/sa_zhao/install/ros_compatibility/lib/python3.8/site-packages:/home/tofstudent/sa_zhao/install/carla_ackermann_msgs/lib/python3.8/site-packages:/home/tofstudent/sa_zhao/install/carla_msgs/lib/python3.8/site-packages:/home/tofstudent/sa_zhao/install/carla_common/lib/python3.8/site-packages:/home/tofstudent/sa_zhao/install/autoware_auto_vehicle_msgs/lib/python3.8/site-packages:/home/tofstudent/sa_zhao/install/autoware_auto_planning_msgs/lib/python3.8/site-packages:/home/tofstudent/sa_zhao/install/autoware_auto_control_msgs/lib/python3.8/site-packages:/opt/ros/foxy/lib/python3.8/site-packages /usr/bin/cmake --install /home/tofstudent/sa_zhao/build/tod_input_devices
[5.585s] -- Install configuration: ""
[5.586s] -- Up-to-date: /home/tofstudent/sa_zhao/install/tod_input_devices/share/tod_input_devices/launch
[5.586s] -- Installing: /home/tofstudent/sa_zhao/install/tod_input_devices/share/tod_input_devices/launch/tod_input_devices.launch.xml
[5.587s] -- Up-to-date: /home/tofstudent/sa_zhao/install/tod_input_devices/share/tod_input_devices/config
[5.587s] -- Up-to-date: /home/tofstudent/sa_zhao/install/tod_input_devices/share/tod_input_devices/config/virtual_ros2.yaml
[5.588s] -- Up-to-date: /home/tofstudent/sa_zhao/install/tod_input_devices/share/tod_input_devices/config/template.yaml
[5.588s] -- Up-to-date: /home/tofstudent/sa_zhao/install/tod_input_devices/share/tod_input_devices/config/fanatec_ff.yaml
[5.589s] -- Up-to-date: /home/tofstudent/sa_zhao/install/tod_input_devices/share/tod_input_devices/config/fanatec.yaml
[5.589s] -- Up-to-date: /home/tofstudent/sa_zhao/install/tod_input_devices/share/tod_input_devices/config/senso.yaml
[5.589s] -- Up-to-date: /home/tofstudent/sa_zhao/install/tod_input_devices/share/tod_input_devices/config/xboxcontroller.yaml
[5.590s] -- Up-to-date: /home/tofstudent/sa_zhao/install/tod_input_devices/share/tod_input_devices/config/joystick.yaml
[5.590s] -- Up-to-date: /home/tofstudent/sa_zhao/install/tod_input_devices/share/tod_input_devices/config/stormjoystick.yaml
[5.590s] -- Up-to-date: /home/tofstudent/sa_zhao/install/tod_input_devices/share/tod_input_devices/config/virtual.yaml
[5.590s] -- Up-to-date: /home/tofstudent/sa_zhao/install/tod_input_devices/share/ament_index/resource_index/package_run_dependencies/tod_input_devices
[5.591s] -- Installing: /home/tofstudent/sa_zhao/install/tod_input_devices/share/ament_index/resource_index/parent_prefix_path/tod_input_devices
[5.591s] -- Up-to-date: /home/tofstudent/sa_zhao/install/tod_input_devices/share/tod_input_devices/environment/ament_prefix_path.sh
[5.591s] -- Installing: /home/tofstudent/sa_zhao/install/tod_input_devices/share/tod_input_devices/environment/ament_prefix_path.dsv
[5.592s] -- Up-to-date: /home/tofstudent/sa_zhao/install/tod_input_devices/share/tod_input_devices/environment/path.sh
[5.592s] -- Installing: /home/tofstudent/sa_zhao/install/tod_input_devices/share/tod_input_devices/environment/path.dsv
[5.592s] -- Up-to-date: /home/tofstudent/sa_zhao/install/tod_input_devices/share/tod_input_devices/local_setup.bash
[5.593s] -- Up-to-date: /home/tofstudent/sa_zhao/install/tod_input_devices/share/tod_input_devices/local_setup.sh
[5.593s] -- Up-to-date: /home/tofstudent/sa_zhao/install/tod_input_devices/share/tod_input_devices/local_setup.zsh
[5.593s] -- Installing: /home/tofstudent/sa_zhao/install/tod_input_devices/share/tod_input_devices/local_setup.dsv
[5.594s] -- Installing: /home/tofstudent/sa_zhao/install/tod_input_devices/share/tod_input_devices/package.dsv
[5.594s] -- Up-to-date: /home/tofstudent/sa_zhao/install/tod_input_devices/share/ament_index/resource_index/packages/tod_input_devices
[5.595s] -- Up-to-date: /home/tofstudent/sa_zhao/install/tod_input_devices/share/tod_input_devices/cmake/ament_cmake_export_include_directories-extras.cmake
[5.598s] -- Up-to-date: /home/tofstudent/sa_zhao/install/tod_input_devices/share/tod_input_devices/cmake/ament_cmake_export_dependencies-extras.cmake
[5.600s] -- Up-to-date: /home/tofstudent/sa_zhao/install/tod_input_devices/share/tod_input_devices/cmake/tod_input_devicesConfig.cmake
[5.601s] -- Up-to-date: /home/tofstudent/sa_zhao/install/tod_input_devices/share/tod_input_devices/cmake/tod_input_devicesConfig-version.cmake
[5.601s] -- Up-to-date: /home/tofstudent/sa_zhao/install/tod_input_devices/share/tod_input_devices/package.xml
[5.602s] -- Installing: /home/tofstudent/sa_zhao/install/tod_input_devices/lib/tod_input_devices/InputDevice
[5.603s] -- Set runtime path of "/home/tofstudent/sa_zhao/install/tod_input_devices/lib/tod_input_devices/InputDevice" to ""
[5.603s] -- Up-to-date: /home/tofstudent/sa_zhao/install/tod_input_devices/lib/libVirtualInputDevice.a
[5.604s] Invoked command in '/home/tofstudent/sa_zhao/build/tod_input_devices' returned '0': CMAKE_PREFIX_PATH=/home/tofstudent/sa_zhao/install/tod_msgs:/home/tofstudent/sa_zhao/install/pure_pursuit:/home/tofstudent/sa_zhao/install/vehicle_info_util:/home/tofstudent/sa_zhao/install/interactive_trajectory:/home/tofstudent/sa_zhao/install/tod_command_creation:/home/tofstudent/sa_zhao/install/random_trajectory:/home/tofstudent/sa_zhao/install/traj_interfaces:/home/tofstudent/sa_zhao/install/tod_input_devices:/home/tofstudent/sa_zhao/install/carla_ackermann_msgs:/home/tofstudent/sa_zhao/install/carla_msgs:/home/tofstudent/sa_zhao/install/autoware_cmake:/home/tofstudent/sa_zhao/install/autoware_auto_vehicle_msgs:/home/tofstudent/sa_zhao/install/autoware_auto_planning_msgs:/home/tofstudent/sa_zhao/install/autoware_auto_control_msgs:/home/tofstudent/sa_zhao/install/carla_ackermann_control:/home/tofstudent/sa_zhao/install/carla_ros_bridge:/home/tofstudent/sa_zhao/install/carla_spawn_objects:/home/tofstudent/sa_zhao/install/ros_compatibility:/home/tofstudent/sa_zhao/install/carla_common:/opt/ros/foxy LD_LIBRARY_PATH=/home/tofstudent/sa_zhao/install/tod_msgs/lib:/home/tofstudent/sa_zhao/install/pure_pursuit/lib:/home/tofstudent/sa_zhao/install/vehicle_info_util/lib:/home/tofstudent/sa_zhao/install/traj_interfaces/lib:/home/tofstudent/sa_zhao/install/carla_ackermann_msgs/lib:/home/tofstudent/sa_zhao/install/carla_msgs/lib:/home/tofstudent/sa_zhao/install/autoware_auto_vehicle_msgs/lib:/home/tofstudent/sa_zhao/install/autoware_auto_planning_msgs/lib:/home/tofstudent/sa_zhao/install/autoware_auto_control_msgs/lib:/opt/ros/foxy/opt/yaml_cpp_vendor/lib:/opt/ros/foxy/opt/rviz_ogre_vendor/lib:/opt/ros/foxy/lib/x86_64-linux-gnu:/opt/ros/foxy/lib PYTHONPATH=/home/tofstudent/sa_zhao/install/tod_msgs/lib/python3.8/site-packages:/home/tofstudent/sa_zhao/install/traj_interfaces/lib/python3.8/site-packages:/home/tofstudent/sa_zhao/install/carla_ackermann_control/lib/python3.8/site-packages:/home/tofstudent/sa_zhao/install/carla_ros_bridge/lib/python3.8/site-packages:/home/tofstudent/sa_zhao/install/carla_spawn_objects/lib/python3.8/site-packages:/home/tofstudent/sa_zhao/install/ros_compatibility/lib/python3.8/site-packages:/home/tofstudent/sa_zhao/install/carla_ackermann_msgs/lib/python3.8/site-packages:/home/tofstudent/sa_zhao/install/carla_msgs/lib/python3.8/site-packages:/home/tofstudent/sa_zhao/install/carla_common/lib/python3.8/site-packages:/home/tofstudent/sa_zhao/install/autoware_auto_vehicle_msgs/lib/python3.8/site-packages:/home/tofstudent/sa_zhao/install/autoware_auto_planning_msgs/lib/python3.8/site-packages:/home/tofstudent/sa_zhao/install/autoware_auto_control_msgs/lib/python3.8/site-packages:/opt/ros/foxy/lib/python3.8/site-packages /usr/bin/cmake --install /home/tofstudent/sa_zhao/build/tod_input_devices
