[0.139s] DEBUG:colcon:Command line arguments: ['/usr/bin/colcon', 'build', '--packages-select', 'tod_input_devices']
[0.139s] DEBUG:colcon:Parsed command line arguments: Namespace(allow_overriding=[], ament_cmake_args=None, base_paths=['.'], build_base='build', catkin_cmake_args=None, catkin_skip_building_tests=False, cmake_args=None, cmake_clean_cache=False, cmake_clean_first=False, cmake_force_configure=False, cmake_target=None, cmake_target_skip_unavailable=False, continue_on_error=False, event_handlers=None, executor='parallel', ignore_user_meta=False, install_base='install', log_base=None, log_level=None, main=<bound method BuildVerb.main of <colcon_core.verb.build.BuildVerb object at 0x7f19938483a0>>, merge_install=False, metas=['./colcon.meta'], packages_above=None, packages_above_and_dependencies=None, packages_above_depth=None, packages_end=None, packages_ignore=None, packages_ignore_regex=None, packages_select=['tod_input_devices'], packages_select_build_failed=False, packages_select_by_dep=None, packages_select_regex=None, packages_select_test_failures=False, packages_skip=None, packages_skip_build_finished=False, packages_skip_by_dep=None, packages_skip_regex=None, packages_skip_test_passed=False, packages_skip_up_to=None, packages_start=None, packages_up_to=None, packages_up_to_regex=None, parallel_workers=8, paths=None, symlink_install=False, test_result_base=None, verb_extension=<colcon_core.verb.build.BuildVerb object at 0x7f19938483a0>, verb_name='build', verb_parser=<colcon_defaults.argument_parser.defaults.DefaultArgumentsDecorator object at 0x7f19938488e0>)
[0.163s] Level 1:colcon.colcon_core.package_discovery:discover_packages(colcon_meta) check parameters
[0.163s] Level 1:colcon.colcon_core.package_discovery:discover_packages(recursive) check parameters
[0.163s] Level 1:colcon.colcon_core.package_discovery:discover_packages(ignore) check parameters
[0.163s] Level 1:colcon.colcon_core.package_discovery:discover_packages(path) check parameters
[0.163s] Level 1:colcon.colcon_core.package_discovery:discover_packages(colcon_meta) discover
[0.163s] Level 1:colcon.colcon_core.package_discovery:discover_packages(recursive) discover
[0.163s] INFO:colcon.colcon_core.package_discovery:Crawling recursively for packages in '/home/tofstudent/sa_zhao'
[0.163s] Level 1:colcon.colcon_core.package_identification:_identify(.) by extensions ['ignore', 'ignore_ament_install']
[0.163s] Level 1:colcon.colcon_core.package_identification:_identify(.) by extension 'ignore'
[0.163s] Level 1:colcon.colcon_core.package_identification:_identify(.) by extension 'ignore_ament_install'
[0.163s] Level 1:colcon.colcon_core.package_identification:_identify(.) by extensions ['colcon_pkg']
[0.163s] Level 1:colcon.colcon_core.package_identification:_identify(.) by extension 'colcon_pkg'
[0.163s] Level 1:colcon.colcon_core.package_identification:_identify(.) by extensions ['colcon_meta']
[0.164s] Level 1:colcon.colcon_core.package_identification:_identify(.) by extension 'colcon_meta'
[0.164s] Level 1:colcon.colcon_core.package_identification:_identify(.) by extensions ['ros']
[0.164s] Level 1:colcon.colcon_core.package_identification:_identify(.) by extension 'ros'
[0.173s] Level 1:colcon.colcon_core.package_identification:_identify(.) by extensions ['cmake', 'python']
[0.174s] Level 1:colcon.colcon_core.package_identification:_identify(.) by extension 'cmake'
[0.174s] Level 1:colcon.colcon_core.package_identification:_identify(.) by extension 'python'
[0.174s] Level 1:colcon.colcon_core.package_identification:_identify(.) by extensions ['python_setup_py']
[0.174s] Level 1:colcon.colcon_core.package_identification:_identify(.) by extension 'python_setup_py'
[0.174s] Level 1:colcon.colcon_core.package_identification:_identify(build) by extensions ['ignore', 'ignore_ament_install']
[0.174s] Level 1:colcon.colcon_core.package_identification:_identify(build) by extension 'ignore'
[0.174s] Level 1:colcon.colcon_core.package_identification:_identify(build) ignored
[0.174s] Level 1:colcon.colcon_core.package_identification:_identify(config) by extensions ['ignore', 'ignore_ament_install']
[0.174s] Level 1:colcon.colcon_core.package_identification:_identify(config) by extension 'ignore'
[0.174s] Level 1:colcon.colcon_core.package_identification:_identify(config) by extension 'ignore_ament_install'
[0.174s] Level 1:colcon.colcon_core.package_identification:_identify(config) by extensions ['colcon_pkg']
[0.174s] Level 1:colcon.colcon_core.package_identification:_identify(config) by extension 'colcon_pkg'
[0.174s] Level 1:colcon.colcon_core.package_identification:_identify(config) by extensions ['colcon_meta']
[0.174s] Level 1:colcon.colcon_core.package_identification:_identify(config) by extension 'colcon_meta'
[0.174s] Level 1:colcon.colcon_core.package_identification:_identify(config) by extensions ['ros']
[0.174s] Level 1:colcon.colcon_core.package_identification:_identify(config) by extension 'ros'
[0.175s] Level 1:colcon.colcon_core.package_identification:_identify(config) by extensions ['cmake', 'python']
[0.175s] Level 1:colcon.colcon_core.package_identification:_identify(config) by extension 'cmake'
[0.175s] Level 1:colcon.colcon_core.package_identification:_identify(config) by extension 'python'
[0.175s] Level 1:colcon.colcon_core.package_identification:_identify(config) by extensions ['python_setup_py']
[0.175s] Level 1:colcon.colcon_core.package_identification:_identify(config) by extension 'python_setup_py'
[0.175s] Level 1:colcon.colcon_core.package_identification:_identify(install) by extensions ['ignore', 'ignore_ament_install']
[0.175s] Level 1:colcon.colcon_core.package_identification:_identify(install) by extension 'ignore'
[0.175s] Level 1:colcon.colcon_core.package_identification:_identify(install) ignored
[0.175s] Level 1:colcon.colcon_core.package_identification:_identify(log) by extensions ['ignore', 'ignore_ament_install']
[0.175s] Level 1:colcon.colcon_core.package_identification:_identify(log) by extension 'ignore'
[0.175s] Level 1:colcon.colcon_core.package_identification:_identify(log) ignored
[0.175s] Level 1:colcon.colcon_core.package_identification:_identify(src) by extensions ['ignore', 'ignore_ament_install']
[0.175s] Level 1:colcon.colcon_core.package_identification:_identify(src) by extension 'ignore'
[0.175s] Level 1:colcon.colcon_core.package_identification:_identify(src) by extension 'ignore_ament_install'
[0.175s] Level 1:colcon.colcon_core.package_identification:_identify(src) by extensions ['colcon_pkg']
[0.175s] Level 1:colcon.colcon_core.package_identification:_identify(src) by extension 'colcon_pkg'
[0.175s] Level 1:colcon.colcon_core.package_identification:_identify(src) by extensions ['colcon_meta']
[0.175s] Level 1:colcon.colcon_core.package_identification:_identify(src) by extension 'colcon_meta'
[0.176s] Level 1:colcon.colcon_core.package_identification:_identify(src) by extensions ['ros']
[0.176s] Level 1:colcon.colcon_core.package_identification:_identify(src) by extension 'ros'
[0.176s] Level 1:colcon.colcon_core.package_identification:_identify(src) by extensions ['cmake', 'python']
[0.176s] Level 1:colcon.colcon_core.package_identification:_identify(src) by extension 'cmake'
[0.176s] Level 1:colcon.colcon_core.package_identification:_identify(src) by extension 'python'
[0.176s] Level 1:colcon.colcon_core.package_identification:_identify(src) by extensions ['python_setup_py']
[0.176s] Level 1:colcon.colcon_core.package_identification:_identify(src) by extension 'python_setup_py'
[0.176s] Level 1:colcon.colcon_core.package_identification:_identify(src/autoware_auto_control_msgs) by extensions ['ignore', 'ignore_ament_install']
[0.176s] Level 1:colcon.colcon_core.package_identification:_identify(src/autoware_auto_control_msgs) by extension 'ignore'
[0.176s] Level 1:colcon.colcon_core.package_identification:_identify(src/autoware_auto_control_msgs) by extension 'ignore_ament_install'
[0.176s] Level 1:colcon.colcon_core.package_identification:_identify(src/autoware_auto_control_msgs) by extensions ['colcon_pkg']
[0.176s] Level 1:colcon.colcon_core.package_identification:_identify(src/autoware_auto_control_msgs) by extension 'colcon_pkg'
[0.176s] Level 1:colcon.colcon_core.package_identification:_identify(src/autoware_auto_control_msgs) by extensions ['colcon_meta']
[0.176s] Level 1:colcon.colcon_core.package_identification:_identify(src/autoware_auto_control_msgs) by extension 'colcon_meta'
[0.176s] Level 1:colcon.colcon_core.package_identification:_identify(src/autoware_auto_control_msgs) by extensions ['ros']
[0.176s] Level 1:colcon.colcon_core.package_identification:_identify(src/autoware_auto_control_msgs) by extension 'ros'
[0.179s] DEBUG:colcon.colcon_core.package_identification:Package 'src/autoware_auto_control_msgs' with type 'ros.ament_cmake' and name 'autoware_auto_control_msgs'
[0.179s] Level 1:colcon.colcon_core.package_identification:_identify(src/autoware_auto_planning_msgs) by extensions ['ignore', 'ignore_ament_install']
[0.180s] Level 1:colcon.colcon_core.package_identification:_identify(src/autoware_auto_planning_msgs) by extension 'ignore'
[0.180s] Level 1:colcon.colcon_core.package_identification:_identify(src/autoware_auto_planning_msgs) by extension 'ignore_ament_install'
[0.180s] Level 1:colcon.colcon_core.package_identification:_identify(src/autoware_auto_planning_msgs) by extensions ['colcon_pkg']
[0.180s] Level 1:colcon.colcon_core.package_identification:_identify(src/autoware_auto_planning_msgs) by extension 'colcon_pkg'
[0.180s] Level 1:colcon.colcon_core.package_identification:_identify(src/autoware_auto_planning_msgs) by extensions ['colcon_meta']
[0.180s] Level 1:colcon.colcon_core.package_identification:_identify(src/autoware_auto_planning_msgs) by extension 'colcon_meta'
[0.180s] Level 1:colcon.colcon_core.package_identification:_identify(src/autoware_auto_planning_msgs) by extensions ['ros']
[0.180s] Level 1:colcon.colcon_core.package_identification:_identify(src/autoware_auto_planning_msgs) by extension 'ros'
[0.180s] DEBUG:colcon.colcon_core.package_identification:Package 'src/autoware_auto_planning_msgs' with type 'ros.ament_cmake' and name 'autoware_auto_planning_msgs'
[0.181s] Level 1:colcon.colcon_core.package_identification:_identify(src/autoware_auto_vehicle_msgs) by extensions ['ignore', 'ignore_ament_install']
[0.181s] Level 1:colcon.colcon_core.package_identification:_identify(src/autoware_auto_vehicle_msgs) by extension 'ignore'
[0.181s] Level 1:colcon.colcon_core.package_identification:_identify(src/autoware_auto_vehicle_msgs) by extension 'ignore_ament_install'
[0.181s] Level 1:colcon.colcon_core.package_identification:_identify(src/autoware_auto_vehicle_msgs) by extensions ['colcon_pkg']
[0.181s] Level 1:colcon.colcon_core.package_identification:_identify(src/autoware_auto_vehicle_msgs) by extension 'colcon_pkg'
[0.181s] Level 1:colcon.colcon_core.package_identification:_identify(src/autoware_auto_vehicle_msgs) by extensions ['colcon_meta']
[0.181s] Level 1:colcon.colcon_core.package_identification:_identify(src/autoware_auto_vehicle_msgs) by extension 'colcon_meta'
[0.181s] Level 1:colcon.colcon_core.package_identification:_identify(src/autoware_auto_vehicle_msgs) by extensions ['ros']
[0.181s] Level 1:colcon.colcon_core.package_identification:_identify(src/autoware_auto_vehicle_msgs) by extension 'ros'
[0.182s] DEBUG:colcon.colcon_core.package_identification:Package 'src/autoware_auto_vehicle_msgs' with type 'ros.ament_cmake' and name 'autoware_auto_vehicle_msgs'
[0.182s] Level 1:colcon.colcon_core.package_identification:_identify(src/autoware_cmake) by extensions ['ignore', 'ignore_ament_install']
[0.182s] Level 1:colcon.colcon_core.package_identification:_identify(src/autoware_cmake) by extension 'ignore'
[0.182s] Level 1:colcon.colcon_core.package_identification:_identify(src/autoware_cmake) by extension 'ignore_ament_install'
[0.182s] Level 1:colcon.colcon_core.package_identification:_identify(src/autoware_cmake) by extensions ['colcon_pkg']
[0.182s] Level 1:colcon.colcon_core.package_identification:_identify(src/autoware_cmake) by extension 'colcon_pkg'
[0.182s] Level 1:colcon.colcon_core.package_identification:_identify(src/autoware_cmake) by extensions ['colcon_meta']
[0.182s] Level 1:colcon.colcon_core.package_identification:_identify(src/autoware_cmake) by extension 'colcon_meta'
[0.182s] Level 1:colcon.colcon_core.package_identification:_identify(src/autoware_cmake) by extensions ['ros']
[0.182s] Level 1:colcon.colcon_core.package_identification:_identify(src/autoware_cmake) by extension 'ros'
[0.182s] DEBUG:colcon.colcon_core.package_identification:Package 'src/autoware_cmake' with type 'ros.ament_cmake' and name 'autoware_cmake'
[0.182s] Level 1:colcon.colcon_core.package_identification:_identify(src/carla_ackermann_control) by extensions ['ignore', 'ignore_ament_install']
[0.183s] Level 1:colcon.colcon_core.package_identification:_identify(src/carla_ackermann_control) by extension 'ignore'
[0.183s] Level 1:colcon.colcon_core.package_identification:_identify(src/carla_ackermann_control) by extension 'ignore_ament_install'
[0.183s] Level 1:colcon.colcon_core.package_identification:_identify(src/carla_ackermann_control) by extensions ['colcon_pkg']
[0.183s] Level 1:colcon.colcon_core.package_identification:_identify(src/carla_ackermann_control) by extension 'colcon_pkg'
[0.183s] Level 1:colcon.colcon_core.package_identification:_identify(src/carla_ackermann_control) by extensions ['colcon_meta']
[0.183s] Level 1:colcon.colcon_core.package_identification:_identify(src/carla_ackermann_control) by extension 'colcon_meta'
[0.183s] Level 1:colcon.colcon_core.package_identification:_identify(src/carla_ackermann_control) by extensions ['ros']
[0.183s] Level 1:colcon.colcon_core.package_identification:_identify(src/carla_ackermann_control) by extension 'ros'
[0.197s] DEBUG:colcon.colcon_core.package_identification:Package 'src/carla_ackermann_control' with type 'ros.ament_python' and name 'carla_ackermann_control'
[0.197s] Level 1:colcon.colcon_core.package_identification:_identify(src/carla_ackermann_msgs) by extensions ['ignore', 'ignore_ament_install']
[0.198s] Level 1:colcon.colcon_core.package_identification:_identify(src/carla_ackermann_msgs) by extension 'ignore'
[0.198s] Level 1:colcon.colcon_core.package_identification:_identify(src/carla_ackermann_msgs) by extension 'ignore_ament_install'
[0.198s] Level 1:colcon.colcon_core.package_identification:_identify(src/carla_ackermann_msgs) by extensions ['colcon_pkg']
[0.198s] Level 1:colcon.colcon_core.package_identification:_identify(src/carla_ackermann_msgs) by extension 'colcon_pkg'
[0.198s] Level 1:colcon.colcon_core.package_identification:_identify(src/carla_ackermann_msgs) by extensions ['colcon_meta']
[0.198s] Level 1:colcon.colcon_core.package_identification:_identify(src/carla_ackermann_msgs) by extension 'colcon_meta'
[0.198s] Level 1:colcon.colcon_core.package_identification:_identify(src/carla_ackermann_msgs) by extensions ['ros']
[0.198s] Level 1:colcon.colcon_core.package_identification:_identify(src/carla_ackermann_msgs) by extension 'ros'
[0.201s] DEBUG:colcon.colcon_core.package_identification:Package 'src/carla_ackermann_msgs' with type 'ros.ament_cmake' and name 'carla_ackermann_msgs'
[0.201s] Level 1:colcon.colcon_core.package_identification:_identify(src/carla_common) by extensions ['ignore', 'ignore_ament_install']
[0.202s] Level 1:colcon.colcon_core.package_identification:_identify(src/carla_common) by extension 'ignore'
[0.202s] Level 1:colcon.colcon_core.package_identification:_identify(src/carla_common) by extension 'ignore_ament_install'
[0.202s] Level 1:colcon.colcon_core.package_identification:_identify(src/carla_common) by extensions ['colcon_pkg']
[0.202s] Level 1:colcon.colcon_core.package_identification:_identify(src/carla_common) by extension 'colcon_pkg'
[0.202s] Level 1:colcon.colcon_core.package_identification:_identify(src/carla_common) by extensions ['colcon_meta']
[0.202s] Level 1:colcon.colcon_core.package_identification:_identify(src/carla_common) by extension 'colcon_meta'
[0.202s] Level 1:colcon.colcon_core.package_identification:_identify(src/carla_common) by extensions ['ros']
[0.202s] Level 1:colcon.colcon_core.package_identification:_identify(src/carla_common) by extension 'ros'
[0.203s] DEBUG:colcon.colcon_core.package_identification:Package 'src/carla_common' with type 'ros.ament_python' and name 'carla_common'
[0.203s] Level 1:colcon.colcon_core.package_identification:_identify(src/carla_msgs) by extensions ['ignore', 'ignore_ament_install']
[0.203s] Level 1:colcon.colcon_core.package_identification:_identify(src/carla_msgs) by extension 'ignore'
[0.203s] Level 1:colcon.colcon_core.package_identification:_identify(src/carla_msgs) by extension 'ignore_ament_install'
[0.203s] Level 1:colcon.colcon_core.package_identification:_identify(src/carla_msgs) by extensions ['colcon_pkg']
[0.203s] Level 1:colcon.colcon_core.package_identification:_identify(src/carla_msgs) by extension 'colcon_pkg'
[0.203s] Level 1:colcon.colcon_core.package_identification:_identify(src/carla_msgs) by extensions ['colcon_meta']
[0.203s] Level 1:colcon.colcon_core.package_identification:_identify(src/carla_msgs) by extension 'colcon_meta'
[0.203s] Level 1:colcon.colcon_core.package_identification:_identify(src/carla_msgs) by extensions ['ros']
[0.203s] Level 1:colcon.colcon_core.package_identification:_identify(src/carla_msgs) by extension 'ros'
[0.207s] DEBUG:colcon.colcon_core.package_identification:Package 'src/carla_msgs' with type 'ros.ament_cmake' and name 'carla_msgs'
[0.207s] Level 1:colcon.colcon_core.package_identification:_identify(src/carla_ros_bridge) by extensions ['ignore', 'ignore_ament_install']
[0.207s] Level 1:colcon.colcon_core.package_identification:_identify(src/carla_ros_bridge) by extension 'ignore'
[0.207s] Level 1:colcon.colcon_core.package_identification:_identify(src/carla_ros_bridge) by extension 'ignore_ament_install'
[0.207s] Level 1:colcon.colcon_core.package_identification:_identify(src/carla_ros_bridge) by extensions ['colcon_pkg']
[0.207s] Level 1:colcon.colcon_core.package_identification:_identify(src/carla_ros_bridge) by extension 'colcon_pkg'
[0.207s] Level 1:colcon.colcon_core.package_identification:_identify(src/carla_ros_bridge) by extensions ['colcon_meta']
[0.207s] Level 1:colcon.colcon_core.package_identification:_identify(src/carla_ros_bridge) by extension 'colcon_meta'
[0.207s] Level 1:colcon.colcon_core.package_identification:_identify(src/carla_ros_bridge) by extensions ['ros']
[0.207s] Level 1:colcon.colcon_core.package_identification:_identify(src/carla_ros_bridge) by extension 'ros'
[0.211s] DEBUG:colcon.colcon_core.package_identification:Package 'src/carla_ros_bridge' with type 'ros.ament_python' and name 'carla_ros_bridge'
[0.211s] Level 1:colcon.colcon_core.package_identification:_identify(src/carla_spawn_objects) by extensions ['ignore', 'ignore_ament_install']
[0.211s] Level 1:colcon.colcon_core.package_identification:_identify(src/carla_spawn_objects) by extension 'ignore'
[0.211s] Level 1:colcon.colcon_core.package_identification:_identify(src/carla_spawn_objects) by extension 'ignore_ament_install'
[0.212s] Level 1:colcon.colcon_core.package_identification:_identify(src/carla_spawn_objects) by extensions ['colcon_pkg']
[0.212s] Level 1:colcon.colcon_core.package_identification:_identify(src/carla_spawn_objects) by extension 'colcon_pkg'
[0.212s] Level 1:colcon.colcon_core.package_identification:_identify(src/carla_spawn_objects) by extensions ['colcon_meta']
[0.212s] Level 1:colcon.colcon_core.package_identification:_identify(src/carla_spawn_objects) by extension 'colcon_meta'
[0.212s] Level 1:colcon.colcon_core.package_identification:_identify(src/carla_spawn_objects) by extensions ['ros']
[0.212s] Level 1:colcon.colcon_core.package_identification:_identify(src/carla_spawn_objects) by extension 'ros'
[0.214s] DEBUG:colcon.colcon_core.package_identification:Package 'src/carla_spawn_objects' with type 'ros.ament_python' and name 'carla_spawn_objects'
[0.214s] Level 1:colcon.colcon_core.package_identification:_identify(src/interactive_trajectory) by extensions ['ignore', 'ignore_ament_install']
[0.215s] Level 1:colcon.colcon_core.package_identification:_identify(src/interactive_trajectory) by extension 'ignore'
[0.215s] Level 1:colcon.colcon_core.package_identification:_identify(src/interactive_trajectory) by extension 'ignore_ament_install'
[0.215s] Level 1:colcon.colcon_core.package_identification:_identify(src/interactive_trajectory) by extensions ['colcon_pkg']
[0.215s] Level 1:colcon.colcon_core.package_identification:_identify(src/interactive_trajectory) by extension 'colcon_pkg'
[0.215s] Level 1:colcon.colcon_core.package_identification:_identify(src/interactive_trajectory) by extensions ['colcon_meta']
[0.215s] Level 1:colcon.colcon_core.package_identification:_identify(src/interactive_trajectory) by extension 'colcon_meta'
[0.215s] Level 1:colcon.colcon_core.package_identification:_identify(src/interactive_trajectory) by extensions ['ros']
[0.215s] Level 1:colcon.colcon_core.package_identification:_identify(src/interactive_trajectory) by extension 'ros'
[0.217s] DEBUG:colcon.colcon_core.package_identification:Package 'src/interactive_trajectory' with type 'ros.ament_cmake' and name 'interactive_trajectory'
[0.217s] Level 1:colcon.colcon_core.package_identification:_identify(src/pure_pursuit) by extensions ['ignore', 'ignore_ament_install']
[0.217s] Level 1:colcon.colcon_core.package_identification:_identify(src/pure_pursuit) by extension 'ignore'
[0.217s] Level 1:colcon.colcon_core.package_identification:_identify(src/pure_pursuit) by extension 'ignore_ament_install'
[0.217s] Level 1:colcon.colcon_core.package_identification:_identify(src/pure_pursuit) by extensions ['colcon_pkg']
[0.217s] Level 1:colcon.colcon_core.package_identification:_identify(src/pure_pursuit) by extension 'colcon_pkg'
[0.217s] Level 1:colcon.colcon_core.package_identification:_identify(src/pure_pursuit) by extensions ['colcon_meta']
[0.217s] Level 1:colcon.colcon_core.package_identification:_identify(src/pure_pursuit) by extension 'colcon_meta'
[0.217s] Level 1:colcon.colcon_core.package_identification:_identify(src/pure_pursuit) by extensions ['ros']
[0.217s] Level 1:colcon.colcon_core.package_identification:_identify(src/pure_pursuit) by extension 'ros'
[0.218s] DEBUG:colcon.colcon_core.package_identification:Package 'src/pure_pursuit' with type 'ros.ament_cmake' and name 'pure_pursuit'
[0.219s] Level 1:colcon.colcon_core.package_identification:_identify(src/random_trajectory) by extensions ['ignore', 'ignore_ament_install']
[0.219s] Level 1:colcon.colcon_core.package_identification:_identify(src/random_trajectory) by extension 'ignore'
[0.219s] Level 1:colcon.colcon_core.package_identification:_identify(src/random_trajectory) by extension 'ignore_ament_install'
[0.219s] Level 1:colcon.colcon_core.package_identification:_identify(src/random_trajectory) by extensions ['colcon_pkg']
[0.219s] Level 1:colcon.colcon_core.package_identification:_identify(src/random_trajectory) by extension 'colcon_pkg'
[0.219s] Level 1:colcon.colcon_core.package_identification:_identify(src/random_trajectory) by extensions ['colcon_meta']
[0.219s] Level 1:colcon.colcon_core.package_identification:_identify(src/random_trajectory) by extension 'colcon_meta'
[0.219s] Level 1:colcon.colcon_core.package_identification:_identify(src/random_trajectory) by extensions ['ros']
[0.219s] Level 1:colcon.colcon_core.package_identification:_identify(src/random_trajectory) by extension 'ros'
[0.220s] DEBUG:colcon.colcon_core.package_identification:Package 'src/random_trajectory' with type 'ros.ament_cmake' and name 'random_trajectory'
[0.220s] Level 1:colcon.colcon_core.package_identification:_identify(src/ros_compatibility) by extensions ['ignore', 'ignore_ament_install']
[0.220s] Level 1:colcon.colcon_core.package_identification:_identify(src/ros_compatibility) by extension 'ignore'
[0.220s] Level 1:colcon.colcon_core.package_identification:_identify(src/ros_compatibility) by extension 'ignore_ament_install'
[0.220s] Level 1:colcon.colcon_core.package_identification:_identify(src/ros_compatibility) by extensions ['colcon_pkg']
[0.220s] Level 1:colcon.colcon_core.package_identification:_identify(src/ros_compatibility) by extension 'colcon_pkg'
[0.221s] Level 1:colcon.colcon_core.package_identification:_identify(src/ros_compatibility) by extensions ['colcon_meta']
[0.221s] Level 1:colcon.colcon_core.package_identification:_identify(src/ros_compatibility) by extension 'colcon_meta'
[0.221s] Level 1:colcon.colcon_core.package_identification:_identify(src/ros_compatibility) by extensions ['ros']
[0.221s] Level 1:colcon.colcon_core.package_identification:_identify(src/ros_compatibility) by extension 'ros'
[0.223s] DEBUG:colcon.colcon_core.package_identification:Package 'src/ros_compatibility' with type 'ros.ament_python' and name 'ros_compatibility'
[0.224s] Level 1:colcon.colcon_core.package_identification:_identify(src/tod_command_creation) by extensions ['ignore', 'ignore_ament_install']
[0.224s] Level 1:colcon.colcon_core.package_identification:_identify(src/tod_command_creation) by extension 'ignore'
[0.224s] Level 1:colcon.colcon_core.package_identification:_identify(src/tod_command_creation) by extension 'ignore_ament_install'
[0.224s] Level 1:colcon.colcon_core.package_identification:_identify(src/tod_command_creation) by extensions ['colcon_pkg']
[0.224s] Level 1:colcon.colcon_core.package_identification:_identify(src/tod_command_creation) by extension 'colcon_pkg'
[0.224s] Level 1:colcon.colcon_core.package_identification:_identify(src/tod_command_creation) by extensions ['colcon_meta']
[0.224s] Level 1:colcon.colcon_core.package_identification:_identify(src/tod_command_creation) by extension 'colcon_meta'
[0.224s] Level 1:colcon.colcon_core.package_identification:_identify(src/tod_command_creation) by extensions ['ros']
[0.224s] Level 1:colcon.colcon_core.package_identification:_identify(src/tod_command_creation) by extension 'ros'
[0.225s] DEBUG:colcon.colcon_core.package_identification:Package 'src/tod_command_creation' with type 'ros.ament_cmake' and name 'tod_command_creation'
[0.225s] Level 1:colcon.colcon_core.package_identification:_identify(src/tod_input_devices) by extensions ['ignore', 'ignore_ament_install']
[0.225s] Level 1:colcon.colcon_core.package_identification:_identify(src/tod_input_devices) by extension 'ignore'
[0.225s] Level 1:colcon.colcon_core.package_identification:_identify(src/tod_input_devices) by extension 'ignore_ament_install'
[0.225s] Level 1:colcon.colcon_core.package_identification:_identify(src/tod_input_devices) by extensions ['colcon_pkg']
[0.225s] Level 1:colcon.colcon_core.package_identification:_identify(src/tod_input_devices) by extension 'colcon_pkg'
[0.225s] Level 1:colcon.colcon_core.package_identification:_identify(src/tod_input_devices) by extensions ['colcon_meta']
[0.225s] Level 1:colcon.colcon_core.package_identification:_identify(src/tod_input_devices) by extension 'colcon_meta'
[0.225s] Level 1:colcon.colcon_core.package_identification:_identify(src/tod_input_devices) by extensions ['ros']
[0.225s] Level 1:colcon.colcon_core.package_identification:_identify(src/tod_input_devices) by extension 'ros'
[0.226s] DEBUG:colcon.colcon_core.package_identification:Package 'src/tod_input_devices' with type 'ros.ament_cmake' and name 'tod_input_devices'
[0.226s] Level 1:colcon.colcon_core.package_identification:_identify(src/tod_msgs) by extensions ['ignore', 'ignore_ament_install']
[0.226s] Level 1:colcon.colcon_core.package_identification:_identify(src/tod_msgs) by extension 'ignore'
[0.226s] Level 1:colcon.colcon_core.package_identification:_identify(src/tod_msgs) by extension 'ignore_ament_install'
[0.226s] Level 1:colcon.colcon_core.package_identification:_identify(src/tod_msgs) by extensions ['colcon_pkg']
[0.226s] Level 1:colcon.colcon_core.package_identification:_identify(src/tod_msgs) by extension 'colcon_pkg'
[0.226s] Level 1:colcon.colcon_core.package_identification:_identify(src/tod_msgs) by extensions ['colcon_meta']
[0.226s] Level 1:colcon.colcon_core.package_identification:_identify(src/tod_msgs) by extension 'colcon_meta'
[0.226s] Level 1:colcon.colcon_core.package_identification:_identify(src/tod_msgs) by extensions ['ros']
[0.226s] Level 1:colcon.colcon_core.package_identification:_identify(src/tod_msgs) by extension 'ros'
[0.227s] DEBUG:colcon.colcon_core.package_identification:Package 'src/tod_msgs' with type 'ros.ament_cmake' and name 'tod_msgs'
[0.227s] Level 1:colcon.colcon_core.package_identification:_identify(src/traj_interfaces) by extensions ['ignore', 'ignore_ament_install']
[0.227s] Level 1:colcon.colcon_core.package_identification:_identify(src/traj_interfaces) by extension 'ignore'
[0.227s] Level 1:colcon.colcon_core.package_identification:_identify(src/traj_interfaces) by extension 'ignore_ament_install'
[0.227s] Level 1:colcon.colcon_core.package_identification:_identify(src/traj_interfaces) by extensions ['colcon_pkg']
[0.227s] Level 1:colcon.colcon_core.package_identification:_identify(src/traj_interfaces) by extension 'colcon_pkg'
[0.227s] Level 1:colcon.colcon_core.package_identification:_identify(src/traj_interfaces) by extensions ['colcon_meta']
[0.227s] Level 1:colcon.colcon_core.package_identification:_identify(src/traj_interfaces) by extension 'colcon_meta'
[0.228s] Level 1:colcon.colcon_core.package_identification:_identify(src/traj_interfaces) by extensions ['ros']
[0.228s] Level 1:colcon.colcon_core.package_identification:_identify(src/traj_interfaces) by extension 'ros'
[0.228s] DEBUG:colcon.colcon_core.package_identification:Package 'src/traj_interfaces' with type 'ros.ament_cmake' and name 'traj_interfaces'
[0.228s] Level 1:colcon.colcon_core.package_identification:_identify(src/vehicle_info_util) by extensions ['ignore', 'ignore_ament_install']
[0.228s] Level 1:colcon.colcon_core.package_identification:_identify(src/vehicle_info_util) by extension 'ignore'
[0.228s] Level 1:colcon.colcon_core.package_identification:_identify(src/vehicle_info_util) by extension 'ignore_ament_install'
[0.228s] Level 1:colcon.colcon_core.package_identification:_identify(src/vehicle_info_util) by extensions ['colcon_pkg']
[0.228s] Level 1:colcon.colcon_core.package_identification:_identify(src/vehicle_info_util) by extension 'colcon_pkg'
[0.228s] Level 1:colcon.colcon_core.package_identification:_identify(src/vehicle_info_util) by extensions ['colcon_meta']
[0.228s] Level 1:colcon.colcon_core.package_identification:_identify(src/vehicle_info_util) by extension 'colcon_meta'
[0.228s] Level 1:colcon.colcon_core.package_identification:_identify(src/vehicle_info_util) by extensions ['ros']
[0.228s] Level 1:colcon.colcon_core.package_identification:_identify(src/vehicle_info_util) by extension 'ros'
[0.229s] DEBUG:colcon.colcon_core.package_identification:Package 'src/vehicle_info_util' with type 'ros.ament_cmake' and name 'vehicle_info_util'
[0.229s] Level 1:colcon.colcon_core.package_discovery:discover_packages(recursive) using defaults
[0.229s] Level 1:colcon.colcon_core.package_discovery:discover_packages(ignore) discover
[0.229s] Level 1:colcon.colcon_core.package_discovery:discover_packages(ignore) using defaults
[0.229s] Level 1:colcon.colcon_core.package_discovery:discover_packages(path) discover
[0.229s] Level 1:colcon.colcon_core.package_discovery:discover_packages(path) using defaults
[0.249s] INFO:colcon.colcon_core.package_selection:Skipping not selected package 'autoware_auto_control_msgs' in 'src/autoware_auto_control_msgs'
[0.249s] INFO:colcon.colcon_core.package_selection:Skipping not selected package 'autoware_auto_planning_msgs' in 'src/autoware_auto_planning_msgs'
[0.249s] INFO:colcon.colcon_core.package_selection:Skipping not selected package 'autoware_auto_vehicle_msgs' in 'src/autoware_auto_vehicle_msgs'
[0.249s] INFO:colcon.colcon_core.package_selection:Skipping not selected package 'autoware_cmake' in 'src/autoware_cmake'
[0.249s] INFO:colcon.colcon_core.package_selection:Skipping not selected package 'carla_common' in 'src/carla_common'
[0.249s] INFO:colcon.colcon_core.package_selection:Skipping not selected package 'carla_msgs' in 'src/carla_msgs'
[0.249s] INFO:colcon.colcon_core.package_selection:Skipping not selected package 'ros_compatibility' in 'src/ros_compatibility'
[0.249s] INFO:colcon.colcon_core.package_selection:Skipping not selected package 'tod_msgs' in 'src/tod_msgs'
[0.249s] INFO:colcon.colcon_core.package_selection:Skipping not selected package 'traj_interfaces' in 'src/traj_interfaces'
[0.249s] INFO:colcon.colcon_core.package_selection:Skipping not selected package 'carla_ackermann_msgs' in 'src/carla_ackermann_msgs'
[0.249s] INFO:colcon.colcon_core.package_selection:Skipping not selected package 'carla_spawn_objects' in 'src/carla_spawn_objects'
[0.249s] INFO:colcon.colcon_core.package_selection:Skipping not selected package 'random_trajectory' in 'src/random_trajectory'
[0.249s] INFO:colcon.colcon_core.package_selection:Skipping not selected package 'tod_command_creation' in 'src/tod_command_creation'
[0.249s] INFO:colcon.colcon_core.package_selection:Skipping not selected package 'vehicle_info_util' in 'src/vehicle_info_util'
[0.249s] INFO:colcon.colcon_core.package_selection:Skipping not selected package 'carla_ros_bridge' in 'src/carla_ros_bridge'
[0.249s] INFO:colcon.colcon_core.package_selection:Skipping not selected package 'interactive_trajectory' in 'src/interactive_trajectory'
[0.250s] INFO:colcon.colcon_core.package_selection:Skipping not selected package 'pure_pursuit' in 'src/pure_pursuit'
[0.250s] INFO:colcon.colcon_core.package_selection:Skipping not selected package 'carla_ackermann_control' in 'src/carla_ackermann_control'
[0.250s] Level 1:colcon.colcon_core.package_discovery:discover_packages(prefix_path) check parameters
[0.250s] Level 1:colcon.colcon_core.package_discovery:discover_packages(prefix_path) discover
[0.254s] DEBUG:colcon.colcon_installed_package_information.package_discovery:Found 19 installed packages in /home/tofstudent/sa_zhao/install
[0.256s] DEBUG:colcon.colcon_installed_package_information.package_discovery:Found 258 installed packages in /opt/ros/foxy
[0.257s] Level 1:colcon.colcon_core.package_discovery:discover_packages(prefix_path) using defaults
[0.320s] Level 5:colcon.colcon_core.verb:set package 'tod_input_devices' build argument 'cmake_args' from command line to 'None'
[0.320s] Level 5:colcon.colcon_core.verb:set package 'tod_input_devices' build argument 'cmake_target' from command line to 'None'
[0.320s] Level 5:colcon.colcon_core.verb:set package 'tod_input_devices' build argument 'cmake_target_skip_unavailable' from command line to 'False'
[0.320s] Level 5:colcon.colcon_core.verb:set package 'tod_input_devices' build argument 'cmake_clean_cache' from command line to 'False'
[0.320s] Level 5:colcon.colcon_core.verb:set package 'tod_input_devices' build argument 'cmake_clean_first' from command line to 'False'
[0.320s] Level 5:colcon.colcon_core.verb:set package 'tod_input_devices' build argument 'cmake_force_configure' from command line to 'False'
[0.320s] Level 5:colcon.colcon_core.verb:set package 'tod_input_devices' build argument 'ament_cmake_args' from command line to 'None'
[0.320s] Level 5:colcon.colcon_core.verb:set package 'tod_input_devices' build argument 'catkin_cmake_args' from command line to 'None'
[0.320s] Level 5:colcon.colcon_core.verb:set package 'tod_input_devices' build argument 'catkin_skip_building_tests' from command line to 'False'
[0.320s] DEBUG:colcon.colcon_core.verb:Building package 'tod_input_devices' with the following arguments: {'ament_cmake_args': None, 'build_base': '/home/tofstudent/sa_zhao/build/tod_input_devices', 'catkin_cmake_args': None, 'catkin_skip_building_tests': False, 'cmake_args': None, 'cmake_clean_cache': False, 'cmake_clean_first': False, 'cmake_force_configure': False, 'cmake_target': None, 'cmake_target_skip_unavailable': False, 'install_base': '/home/tofstudent/sa_zhao/install/tod_input_devices', 'merge_install': False, 'path': '/home/tofstudent/sa_zhao/src/tod_input_devices', 'symlink_install': False, 'test_result_base': None}
[0.321s] INFO:colcon.colcon_core.executor:Executing jobs using 'parallel' executor
[0.325s] DEBUG:colcon.colcon_parallel_executor.executor.parallel:run_until_complete
[0.325s] INFO:colcon.colcon_ros.task.ament_cmake.build:Building ROS package in '/home/tofstudent/sa_zhao/src/tod_input_devices' with build type 'ament_cmake'
[0.325s] INFO:colcon.colcon_cmake.task.cmake.build:Building CMake package in '/home/tofstudent/sa_zhao/src/tod_input_devices'
[0.339s] INFO:colcon.colcon_core.plugin_system:Skipping extension 'colcon_core.shell.bat': Not used on non-Windows systems
[0.340s] INFO:colcon.colcon_core.shell:Skip shell extension 'powershell' for command environment: Not usable outside of PowerShell
[0.340s] DEBUG:colcon.colcon_core.shell:Skip shell extension 'dsv' for command environment
[0.380s] DEBUG:colcon.colcon_core.event_handler.log_command:Invoking command in '/home/tofstudent/sa_zhao/build/tod_input_devices': CMAKE_PREFIX_PATH=/home/tofstudent/sa_zhao/install/tod_msgs:/home/tofstudent/sa_zhao/install/pure_pursuit:/home/tofstudent/sa_zhao/install/vehicle_info_util:/home/tofstudent/sa_zhao/install/interactive_trajectory:/home/tofstudent/sa_zhao/install/tod_command_creation:/home/tofstudent/sa_zhao/install/random_trajectory:/home/tofstudent/sa_zhao/install/traj_interfaces:/home/tofstudent/sa_zhao/install/tod_input_devices:/home/tofstudent/sa_zhao/install/carla_ackermann_msgs:/home/tofstudent/sa_zhao/install/carla_msgs:/home/tofstudent/sa_zhao/install/autoware_cmake:/home/tofstudent/sa_zhao/install/autoware_auto_vehicle_msgs:/home/tofstudent/sa_zhao/install/autoware_auto_planning_msgs:/home/tofstudent/sa_zhao/install/autoware_auto_control_msgs:/home/tofstudent/sa_zhao/install/carla_ackermann_control:/home/tofstudent/sa_zhao/install/carla_ros_bridge:/home/tofstudent/sa_zhao/install/carla_spawn_objects:/home/tofstudent/sa_zhao/install/ros_compatibility:/home/tofstudent/sa_zhao/install/carla_common:/opt/ros/foxy LD_LIBRARY_PATH=/home/tofstudent/sa_zhao/install/tod_msgs/lib:/home/tofstudent/sa_zhao/install/pure_pursuit/lib:/home/tofstudent/sa_zhao/install/vehicle_info_util/lib:/home/tofstudent/sa_zhao/install/traj_interfaces/lib:/home/tofstudent/sa_zhao/install/carla_ackermann_msgs/lib:/home/tofstudent/sa_zhao/install/carla_msgs/lib:/home/tofstudent/sa_zhao/install/autoware_auto_vehicle_msgs/lib:/home/tofstudent/sa_zhao/install/autoware_auto_planning_msgs/lib:/home/tofstudent/sa_zhao/install/autoware_auto_control_msgs/lib:/opt/ros/foxy/opt/yaml_cpp_vendor/lib:/opt/ros/foxy/opt/rviz_ogre_vendor/lib:/opt/ros/foxy/lib/x86_64-linux-gnu:/opt/ros/foxy/lib PYTHONPATH=/home/tofstudent/sa_zhao/install/tod_msgs/lib/python3.8/site-packages:/home/tofstudent/sa_zhao/install/traj_interfaces/lib/python3.8/site-packages:/home/tofstudent/sa_zhao/install/carla_ackermann_control/lib/python3.8/site-packages:/home/tofstudent/sa_zhao/install/carla_ros_bridge/lib/python3.8/site-packages:/home/tofstudent/sa_zhao/install/carla_spawn_objects/lib/python3.8/site-packages:/home/tofstudent/sa_zhao/install/ros_compatibility/lib/python3.8/site-packages:/home/tofstudent/sa_zhao/install/carla_ackermann_msgs/lib/python3.8/site-packages:/home/tofstudent/sa_zhao/install/carla_msgs/lib/python3.8/site-packages:/home/tofstudent/sa_zhao/install/carla_common/lib/python3.8/site-packages:/home/tofstudent/sa_zhao/install/autoware_auto_vehicle_msgs/lib/python3.8/site-packages:/home/tofstudent/sa_zhao/install/autoware_auto_planning_msgs/lib/python3.8/site-packages:/home/tofstudent/sa_zhao/install/autoware_auto_control_msgs/lib/python3.8/site-packages:/opt/ros/foxy/lib/python3.8/site-packages /usr/bin/cmake --build /home/tofstudent/sa_zhao/build/tod_input_devices -- -j8 -l8
[4.166s] DEBUG:colcon.colcon_core.event_handler.log_command:Invoked command in '/home/tofstudent/sa_zhao/build/tod_input_devices' returned '0': CMAKE_PREFIX_PATH=/home/tofstudent/sa_zhao/install/tod_msgs:/home/tofstudent/sa_zhao/install/pure_pursuit:/home/tofstudent/sa_zhao/install/vehicle_info_util:/home/tofstudent/sa_zhao/install/interactive_trajectory:/home/tofstudent/sa_zhao/install/tod_command_creation:/home/tofstudent/sa_zhao/install/random_trajectory:/home/tofstudent/sa_zhao/install/traj_interfaces:/home/tofstudent/sa_zhao/install/tod_input_devices:/home/tofstudent/sa_zhao/install/carla_ackermann_msgs:/home/tofstudent/sa_zhao/install/carla_msgs:/home/tofstudent/sa_zhao/install/autoware_cmake:/home/tofstudent/sa_zhao/install/autoware_auto_vehicle_msgs:/home/tofstudent/sa_zhao/install/autoware_auto_planning_msgs:/home/tofstudent/sa_zhao/install/autoware_auto_control_msgs:/home/tofstudent/sa_zhao/install/carla_ackermann_control:/home/tofstudent/sa_zhao/install/carla_ros_bridge:/home/tofstudent/sa_zhao/install/carla_spawn_objects:/home/tofstudent/sa_zhao/install/ros_compatibility:/home/tofstudent/sa_zhao/install/carla_common:/opt/ros/foxy LD_LIBRARY_PATH=/home/tofstudent/sa_zhao/install/tod_msgs/lib:/home/tofstudent/sa_zhao/install/pure_pursuit/lib:/home/tofstudent/sa_zhao/install/vehicle_info_util/lib:/home/tofstudent/sa_zhao/install/traj_interfaces/lib:/home/tofstudent/sa_zhao/install/carla_ackermann_msgs/lib:/home/tofstudent/sa_zhao/install/carla_msgs/lib:/home/tofstudent/sa_zhao/install/autoware_auto_vehicle_msgs/lib:/home/tofstudent/sa_zhao/install/autoware_auto_planning_msgs/lib:/home/tofstudent/sa_zhao/install/autoware_auto_control_msgs/lib:/opt/ros/foxy/opt/yaml_cpp_vendor/lib:/opt/ros/foxy/opt/rviz_ogre_vendor/lib:/opt/ros/foxy/lib/x86_64-linux-gnu:/opt/ros/foxy/lib PYTHONPATH=/home/tofstudent/sa_zhao/install/tod_msgs/lib/python3.8/site-packages:/home/tofstudent/sa_zhao/install/traj_interfaces/lib/python3.8/site-packages:/home/tofstudent/sa_zhao/install/carla_ackermann_control/lib/python3.8/site-packages:/home/tofstudent/sa_zhao/install/carla_ros_bridge/lib/python3.8/site-packages:/home/tofstudent/sa_zhao/install/carla_spawn_objects/lib/python3.8/site-packages:/home/tofstudent/sa_zhao/install/ros_compatibility/lib/python3.8/site-packages:/home/tofstudent/sa_zhao/install/carla_ackermann_msgs/lib/python3.8/site-packages:/home/tofstudent/sa_zhao/install/carla_msgs/lib/python3.8/site-packages:/home/tofstudent/sa_zhao/install/carla_common/lib/python3.8/site-packages:/home/tofstudent/sa_zhao/install/autoware_auto_vehicle_msgs/lib/python3.8/site-packages:/home/tofstudent/sa_zhao/install/autoware_auto_planning_msgs/lib/python3.8/site-packages:/home/tofstudent/sa_zhao/install/autoware_auto_control_msgs/lib/python3.8/site-packages:/opt/ros/foxy/lib/python3.8/site-packages /usr/bin/cmake --build /home/tofstudent/sa_zhao/build/tod_input_devices -- -j8 -l8
[4.250s] DEBUG:colcon.colcon_core.event_handler.log_command:Invoking command in '/home/tofstudent/sa_zhao/build/tod_input_devices': CMAKE_PREFIX_PATH=/home/tofstudent/sa_zhao/install/tod_msgs:/home/tofstudent/sa_zhao/install/pure_pursuit:/home/tofstudent/sa_zhao/install/vehicle_info_util:/home/tofstudent/sa_zhao/install/interactive_trajectory:/home/tofstudent/sa_zhao/install/tod_command_creation:/home/tofstudent/sa_zhao/install/random_trajectory:/home/tofstudent/sa_zhao/install/traj_interfaces:/home/tofstudent/sa_zhao/install/tod_input_devices:/home/tofstudent/sa_zhao/install/carla_ackermann_msgs:/home/tofstudent/sa_zhao/install/carla_msgs:/home/tofstudent/sa_zhao/install/autoware_cmake:/home/tofstudent/sa_zhao/install/autoware_auto_vehicle_msgs:/home/tofstudent/sa_zhao/install/autoware_auto_planning_msgs:/home/tofstudent/sa_zhao/install/autoware_auto_control_msgs:/home/tofstudent/sa_zhao/install/carla_ackermann_control:/home/tofstudent/sa_zhao/install/carla_ros_bridge:/home/tofstudent/sa_zhao/install/carla_spawn_objects:/home/tofstudent/sa_zhao/install/ros_compatibility:/home/tofstudent/sa_zhao/install/carla_common:/opt/ros/foxy LD_LIBRARY_PATH=/home/tofstudent/sa_zhao/install/tod_msgs/lib:/home/tofstudent/sa_zhao/install/pure_pursuit/lib:/home/tofstudent/sa_zhao/install/vehicle_info_util/lib:/home/tofstudent/sa_zhao/install/traj_interfaces/lib:/home/tofstudent/sa_zhao/install/carla_ackermann_msgs/lib:/home/tofstudent/sa_zhao/install/carla_msgs/lib:/home/tofstudent/sa_zhao/install/autoware_auto_vehicle_msgs/lib:/home/tofstudent/sa_zhao/install/autoware_auto_planning_msgs/lib:/home/tofstudent/sa_zhao/install/autoware_auto_control_msgs/lib:/opt/ros/foxy/opt/yaml_cpp_vendor/lib:/opt/ros/foxy/opt/rviz_ogre_vendor/lib:/opt/ros/foxy/lib/x86_64-linux-gnu:/opt/ros/foxy/lib PYTHONPATH=/home/tofstudent/sa_zhao/install/tod_msgs/lib/python3.8/site-packages:/home/tofstudent/sa_zhao/install/traj_interfaces/lib/python3.8/site-packages:/home/tofstudent/sa_zhao/install/carla_ackermann_control/lib/python3.8/site-packages:/home/tofstudent/sa_zhao/install/carla_ros_bridge/lib/python3.8/site-packages:/home/tofstudent/sa_zhao/install/carla_spawn_objects/lib/python3.8/site-packages:/home/tofstudent/sa_zhao/install/ros_compatibility/lib/python3.8/site-packages:/home/tofstudent/sa_zhao/install/carla_ackermann_msgs/lib/python3.8/site-packages:/home/tofstudent/sa_zhao/install/carla_msgs/lib/python3.8/site-packages:/home/tofstudent/sa_zhao/install/carla_common/lib/python3.8/site-packages:/home/tofstudent/sa_zhao/install/autoware_auto_vehicle_msgs/lib/python3.8/site-packages:/home/tofstudent/sa_zhao/install/autoware_auto_planning_msgs/lib/python3.8/site-packages:/home/tofstudent/sa_zhao/install/autoware_auto_control_msgs/lib/python3.8/site-packages:/opt/ros/foxy/lib/python3.8/site-packages /usr/bin/cmake --install /home/tofstudent/sa_zhao/build/tod_input_devices
[4.273s] Level 1:colcon.colcon_core.environment:create_environment_scripts_only(tod_input_devices)
[4.280s] DEBUG:colcon.colcon_core.event_handler.log_command:Invoked command in '/home/tofstudent/sa_zhao/build/tod_input_devices' returned '0': CMAKE_PREFIX_PATH=/home/tofstudent/sa_zhao/install/tod_msgs:/home/tofstudent/sa_zhao/install/pure_pursuit:/home/tofstudent/sa_zhao/install/vehicle_info_util:/home/tofstudent/sa_zhao/install/interactive_trajectory:/home/tofstudent/sa_zhao/install/tod_command_creation:/home/tofstudent/sa_zhao/install/random_trajectory:/home/tofstudent/sa_zhao/install/traj_interfaces:/home/tofstudent/sa_zhao/install/tod_input_devices:/home/tofstudent/sa_zhao/install/carla_ackermann_msgs:/home/tofstudent/sa_zhao/install/carla_msgs:/home/tofstudent/sa_zhao/install/autoware_cmake:/home/tofstudent/sa_zhao/install/autoware_auto_vehicle_msgs:/home/tofstudent/sa_zhao/install/autoware_auto_planning_msgs:/home/tofstudent/sa_zhao/install/autoware_auto_control_msgs:/home/tofstudent/sa_zhao/install/carla_ackermann_control:/home/tofstudent/sa_zhao/install/carla_ros_bridge:/home/tofstudent/sa_zhao/install/carla_spawn_objects:/home/tofstudent/sa_zhao/install/ros_compatibility:/home/tofstudent/sa_zhao/install/carla_common:/opt/ros/foxy LD_LIBRARY_PATH=/home/tofstudent/sa_zhao/install/tod_msgs/lib:/home/tofstudent/sa_zhao/install/pure_pursuit/lib:/home/tofstudent/sa_zhao/install/vehicle_info_util/lib:/home/tofstudent/sa_zhao/install/traj_interfaces/lib:/home/tofstudent/sa_zhao/install/carla_ackermann_msgs/lib:/home/tofstudent/sa_zhao/install/carla_msgs/lib:/home/tofstudent/sa_zhao/install/autoware_auto_vehicle_msgs/lib:/home/tofstudent/sa_zhao/install/autoware_auto_planning_msgs/lib:/home/tofstudent/sa_zhao/install/autoware_auto_control_msgs/lib:/opt/ros/foxy/opt/yaml_cpp_vendor/lib:/opt/ros/foxy/opt/rviz_ogre_vendor/lib:/opt/ros/foxy/lib/x86_64-linux-gnu:/opt/ros/foxy/lib PYTHONPATH=/home/tofstudent/sa_zhao/install/tod_msgs/lib/python3.8/site-packages:/home/tofstudent/sa_zhao/install/traj_interfaces/lib/python3.8/site-packages:/home/tofstudent/sa_zhao/install/carla_ackermann_control/lib/python3.8/site-packages:/home/tofstudent/sa_zhao/install/carla_ros_bridge/lib/python3.8/site-packages:/home/tofstudent/sa_zhao/install/carla_spawn_objects/lib/python3.8/site-packages:/home/tofstudent/sa_zhao/install/ros_compatibility/lib/python3.8/site-packages:/home/tofstudent/sa_zhao/install/carla_ackermann_msgs/lib/python3.8/site-packages:/home/tofstudent/sa_zhao/install/carla_msgs/lib/python3.8/site-packages:/home/tofstudent/sa_zhao/install/carla_common/lib/python3.8/site-packages:/home/tofstudent/sa_zhao/install/autoware_auto_vehicle_msgs/lib/python3.8/site-packages:/home/tofstudent/sa_zhao/install/autoware_auto_planning_msgs/lib/python3.8/site-packages:/home/tofstudent/sa_zhao/install/autoware_auto_control_msgs/lib/python3.8/site-packages:/opt/ros/foxy/lib/python3.8/site-packages /usr/bin/cmake --install /home/tofstudent/sa_zhao/build/tod_input_devices
[4.284s] Level 1:colcon.colcon_core.environment:checking '/home/tofstudent/sa_zhao/install/tod_input_devices' for CMake module files
[4.285s] Level 1:colcon.colcon_core.environment:checking '/home/tofstudent/sa_zhao/install/tod_input_devices' for CMake config files
[4.286s] Level 1:colcon.colcon_core.shell:create_environment_hook('tod_input_devices', 'cmake_prefix_path')
[4.288s] INFO:colcon.colcon_core.shell:Creating environment hook '/home/tofstudent/sa_zhao/install/tod_input_devices/share/tod_input_devices/hook/cmake_prefix_path.ps1'
[4.289s] INFO:colcon.colcon_core.shell:Creating environment descriptor '/home/tofstudent/sa_zhao/install/tod_input_devices/share/tod_input_devices/hook/cmake_prefix_path.dsv'
[4.289s] INFO:colcon.colcon_core.shell:Creating environment hook '/home/tofstudent/sa_zhao/install/tod_input_devices/share/tod_input_devices/hook/cmake_prefix_path.sh'
[4.291s] Level 1:colcon.colcon_core.environment:checking '/home/tofstudent/sa_zhao/install/tod_input_devices/lib'
[4.291s] Level 1:colcon.colcon_core.environment:checking '/home/tofstudent/sa_zhao/install/tod_input_devices/bin'
[4.291s] Level 1:colcon.colcon_core.environment:checking '/home/tofstudent/sa_zhao/install/tod_input_devices/lib/pkgconfig/tod_input_devices.pc'
[4.291s] Level 1:colcon.colcon_core.environment:checking '/home/tofstudent/sa_zhao/install/tod_input_devices/lib/python3.8/site-packages'
[4.292s] Level 1:colcon.colcon_core.environment:checking '/home/tofstudent/sa_zhao/install/tod_input_devices/bin'
[4.293s] INFO:colcon.colcon_core.shell:Creating package script '/home/tofstudent/sa_zhao/install/tod_input_devices/share/tod_input_devices/package.ps1'
[4.294s] INFO:colcon.colcon_core.shell:Creating package descriptor '/home/tofstudent/sa_zhao/install/tod_input_devices/share/tod_input_devices/package.dsv'
[4.294s] INFO:colcon.colcon_core.shell:Creating package script '/home/tofstudent/sa_zhao/install/tod_input_devices/share/tod_input_devices/package.sh'
[4.295s] INFO:colcon.colcon_core.shell:Creating package script '/home/tofstudent/sa_zhao/install/tod_input_devices/share/tod_input_devices/package.bash'
[4.296s] INFO:colcon.colcon_core.shell:Creating package script '/home/tofstudent/sa_zhao/install/tod_input_devices/share/tod_input_devices/package.zsh'
[4.296s] Level 1:colcon.colcon_core.environment:create_file_with_runtime_dependencies(/home/tofstudent/sa_zhao/install/tod_input_devices/share/colcon-core/packages/tod_input_devices)
[4.383s] Level 1:colcon.colcon_core.environment:create_environment_scripts_only(tod_input_devices)
[4.388s] Level 1:colcon.colcon_core.environment:checking '/home/tofstudent/sa_zhao/install/tod_input_devices' for CMake module files
[4.389s] Level 1:colcon.colcon_core.environment:checking '/home/tofstudent/sa_zhao/install/tod_input_devices' for CMake config files
[4.390s] Level 1:colcon.colcon_core.shell:create_environment_hook('tod_input_devices', 'cmake_prefix_path')
[4.394s] INFO:colcon.colcon_core.shell:Creating environment hook '/home/tofstudent/sa_zhao/install/tod_input_devices/share/tod_input_devices/hook/cmake_prefix_path.ps1'
[4.396s] INFO:colcon.colcon_core.shell:Creating environment descriptor '/home/tofstudent/sa_zhao/install/tod_input_devices/share/tod_input_devices/hook/cmake_prefix_path.dsv'
[4.397s] INFO:colcon.colcon_core.shell:Creating environment hook '/home/tofstudent/sa_zhao/install/tod_input_devices/share/tod_input_devices/hook/cmake_prefix_path.sh'
[4.398s] Level 1:colcon.colcon_core.environment:checking '/home/tofstudent/sa_zhao/install/tod_input_devices/lib'
[4.398s] Level 1:colcon.colcon_core.environment:checking '/home/tofstudent/sa_zhao/install/tod_input_devices/bin'
[4.398s] Level 1:colcon.colcon_core.environment:checking '/home/tofstudent/sa_zhao/install/tod_input_devices/lib/pkgconfig/tod_input_devices.pc'
[4.399s] Level 1:colcon.colcon_core.environment:checking '/home/tofstudent/sa_zhao/install/tod_input_devices/lib/python3.8/site-packages'
[4.399s] Level 1:colcon.colcon_core.environment:checking '/home/tofstudent/sa_zhao/install/tod_input_devices/bin'
[4.401s] INFO:colcon.colcon_core.shell:Creating package script '/home/tofstudent/sa_zhao/install/tod_input_devices/share/tod_input_devices/package.ps1'
[4.402s] INFO:colcon.colcon_core.shell:Creating package descriptor '/home/tofstudent/sa_zhao/install/tod_input_devices/share/tod_input_devices/package.dsv'
[4.403s] INFO:colcon.colcon_core.shell:Creating package script '/home/tofstudent/sa_zhao/install/tod_input_devices/share/tod_input_devices/package.sh'
[4.404s] INFO:colcon.colcon_core.shell:Creating package script '/home/tofstudent/sa_zhao/install/tod_input_devices/share/tod_input_devices/package.bash'
[4.404s] INFO:colcon.colcon_core.shell:Creating package script '/home/tofstudent/sa_zhao/install/tod_input_devices/share/tod_input_devices/package.zsh'
[4.405s] Level 1:colcon.colcon_core.environment:create_file_with_runtime_dependencies(/home/tofstudent/sa_zhao/install/tod_input_devices/share/colcon-core/packages/tod_input_devices)
[4.406s] DEBUG:colcon.colcon_parallel_executor.executor.parallel:closing loop
[4.407s] DEBUG:colcon.colcon_parallel_executor.executor.parallel:loop closed
[4.407s] DEBUG:colcon.colcon_parallel_executor.executor.parallel:run_until_complete finished with '0'
[4.407s] DEBUG:colcon.colcon_core.event_reactor:joining thread
[4.427s] INFO:colcon.colcon_core.plugin_system:Skipping extension 'colcon_notification.desktop_notification.terminal_notifier': Not used on non-Darwin systems
[4.427s] INFO:colcon.colcon_core.plugin_system:Skipping extension 'colcon_notification.desktop_notification.win32': Not used on non-Windows systems
[4.427s] INFO:colcon.colcon_notification.desktop_notification:Sending desktop notification using 'notify2'
[4.458s] DEBUG:colcon.colcon_core.event_reactor:joined thread
[4.460s] INFO:colcon.colcon_core.shell:Creating prefix script '/home/tofstudent/sa_zhao/install/local_setup.ps1'
[4.461s] INFO:colcon.colcon_core.shell:Creating prefix util module '/home/tofstudent/sa_zhao/install/_local_setup_util_ps1.py'
[4.462s] INFO:colcon.colcon_core.shell:Creating prefix chain script '/home/tofstudent/sa_zhao/install/setup.ps1'
[4.464s] INFO:colcon.colcon_core.shell:Creating prefix script '/home/tofstudent/sa_zhao/install/local_setup.sh'
[4.465s] INFO:colcon.colcon_core.shell:Creating prefix util module '/home/tofstudent/sa_zhao/install/_local_setup_util_sh.py'
[4.465s] INFO:colcon.colcon_core.shell:Creating prefix chain script '/home/tofstudent/sa_zhao/install/setup.sh'
[4.468s] INFO:colcon.colcon_core.shell:Creating prefix script '/home/tofstudent/sa_zhao/install/local_setup.bash'
[4.468s] INFO:colcon.colcon_core.shell:Creating prefix chain script '/home/tofstudent/sa_zhao/install/setup.bash'
[4.470s] INFO:colcon.colcon_core.shell:Creating prefix script '/home/tofstudent/sa_zhao/install/local_setup.zsh'
[4.471s] INFO:colcon.colcon_core.shell:Creating prefix chain script '/home/tofstudent/sa_zhao/install/setup.zsh'
