[0.076s] Invoking command in '/home/tofstudent/sa_zhao/build/autoware_auto_vehicle_msgs': CMAKE_PREFIX_PATH=/opt/ros/foxy /usr/bin/cmake --build /home/tofstudent/sa_zhao/build/autoware_auto_vehicle_msgs -- -j8 -l8
[0.182s] [  9%] Built target autoware_auto_vehicle_msgs__rosidl_generator_c
[0.202s] [ 12%] Built target autoware_auto_vehicle_msgs__cpp
[0.236s] [ 22%] Built target autoware_auto_vehicle_msgs__rosidl_typesupport_c
[0.244s] [ 32%] Built target autoware_auto_vehicle_msgs__rosidl_typesupport_introspection_c
[0.251s] [ 41%] Built target autoware_auto_vehicle_msgs__rosidl_typesupport_introspection_cpp
[0.259s] [ 51%] Built target autoware_auto_vehicle_msgs__rosidl_typesupport_cpp
[0.272s] [ 61%] Built target autoware_auto_vehicle_msgs__rosidl_typesupport_fastrtps_cpp
[0.350s] [ 70%] Built target autoware_auto_vehicle_msgs__rosidl_typesupport_fastrtps_c
[0.371s] [ 70%] Built target autoware_auto_vehicle_msgs
[0.414s] [ 74%] Built target autoware_auto_vehicle_msgs__py
[0.457s] [ 80%] Built target autoware_auto_vehicle_msgs__python
[0.517s] [ 87%] Built target autoware_auto_vehicle_msgs__rosidl_typesupport_introspection_c__pyext
[0.537s] [ 93%] Built target autoware_auto_vehicle_msgs__rosidl_typesupport_fastrtps_c__pyext
[0.543s] [100%] Built target autoware_auto_vehicle_msgs__rosidl_typesupport_c__pyext
[0.629s] Invoked command in '/home/tofstudent/sa_zhao/build/autoware_auto_vehicle_msgs' returned '0': CMAKE_PREFIX_PATH=/opt/ros/foxy /usr/bin/cmake --build /home/tofstudent/sa_zhao/build/autoware_auto_vehicle_msgs -- -j8 -l8
[0.729s] Invoking command in '/home/tofstudent/sa_zhao/build/autoware_auto_vehicle_msgs': CMAKE_PREFIX_PATH=/opt/ros/foxy /usr/bin/cmake --install /home/tofstudent/sa_zhao/build/autoware_auto_vehicle_msgs
[0.753s] -- Install configuration: ""
[0.753s] -- Up-to-date: /home/tofstudent/sa_zhao/install/autoware_auto_vehicle_msgs/share/ament_index/resource_index/rosidl_interfaces/autoware_auto_vehicle_msgs
[0.753s] -- Up-to-date: /home/tofstudent/sa_zhao/install/autoware_auto_vehicle_msgs/include/autoware_auto_vehicle_msgs
[0.753s] -- Up-to-date: /home/tofstudent/sa_zhao/install/autoware_auto_vehicle_msgs/include/autoware_auto_vehicle_msgs/msg
[0.753s] -- Up-to-date: /home/tofstudent/sa_zhao/install/autoware_auto_vehicle_msgs/include/autoware_auto_vehicle_msgs/msg/steering_report.h
[0.753s] -- Up-to-date: /home/tofstudent/sa_zhao/install/autoware_auto_vehicle_msgs/include/autoware_auto_vehicle_msgs/msg/detail
[0.754s] -- Up-to-date: /home/tofstudent/sa_zhao/install/autoware_auto_vehicle_msgs/include/autoware_auto_vehicle_msgs/msg/detail/steering_report__type_support.h
[0.754s] -- Up-to-date: /home/tofstudent/sa_zhao/install/autoware_auto_vehicle_msgs/include/autoware_auto_vehicle_msgs/msg/detail/steering_report__functions.c
[0.754s] -- Up-to-date: /home/tofstudent/sa_zhao/install/autoware_auto_vehicle_msgs/include/autoware_auto_vehicle_msgs/msg/detail/steering_report__struct.h
[0.754s] -- Up-to-date: /home/tofstudent/sa_zhao/install/autoware_auto_vehicle_msgs/include/autoware_auto_vehicle_msgs/msg/detail/steering_report__functions.h
[0.754s] -- Up-to-date: /home/tofstudent/sa_zhao/install/autoware_auto_vehicle_msgs/include/autoware_auto_vehicle_msgs/msg/rosidl_generator_c__visibility_control.h
[0.754s] -- Up-to-date: /home/tofstudent/sa_zhao/install/autoware_auto_vehicle_msgs/share/autoware_auto_vehicle_msgs/environment/library_path.sh
[0.754s] -- Up-to-date: /home/tofstudent/sa_zhao/install/autoware_auto_vehicle_msgs/share/autoware_auto_vehicle_msgs/environment/library_path.dsv
[0.754s] -- Up-to-date: /home/tofstudent/sa_zhao/install/autoware_auto_vehicle_msgs/lib/libautoware_auto_vehicle_msgs__rosidl_generator_c.so
[0.755s] -- Up-to-date: /home/tofstudent/sa_zhao/install/autoware_auto_vehicle_msgs/include/autoware_auto_vehicle_msgs
[0.755s] -- Up-to-date: /home/tofstudent/sa_zhao/install/autoware_auto_vehicle_msgs/include/autoware_auto_vehicle_msgs/msg
[0.755s] -- Up-to-date: /home/tofstudent/sa_zhao/install/autoware_auto_vehicle_msgs/include/autoware_auto_vehicle_msgs/msg/rosidl_typesupport_fastrtps_c__visibility_control.h
[0.755s] -- Up-to-date: /home/tofstudent/sa_zhao/install/autoware_auto_vehicle_msgs/include/autoware_auto_vehicle_msgs/msg/detail
[0.755s] -- Up-to-date: /home/tofstudent/sa_zhao/install/autoware_auto_vehicle_msgs/include/autoware_auto_vehicle_msgs/msg/detail/steering_report__rosidl_typesupport_fastrtps_c.h
[0.756s] -- Up-to-date: /home/tofstudent/sa_zhao/install/autoware_auto_vehicle_msgs/lib/libautoware_auto_vehicle_msgs__rosidl_typesupport_fastrtps_c.so
[0.756s] -- Up-to-date: /home/tofstudent/sa_zhao/install/autoware_auto_vehicle_msgs/include/autoware_auto_vehicle_msgs
[0.756s] -- Up-to-date: /home/tofstudent/sa_zhao/install/autoware_auto_vehicle_msgs/include/autoware_auto_vehicle_msgs/msg
[0.756s] -- Up-to-date: /home/tofstudent/sa_zhao/install/autoware_auto_vehicle_msgs/include/autoware_auto_vehicle_msgs/msg/rosidl_typesupport_fastrtps_cpp__visibility_control.h
[0.757s] -- Up-to-date: /home/tofstudent/sa_zhao/install/autoware_auto_vehicle_msgs/include/autoware_auto_vehicle_msgs/msg/detail
[0.757s] -- Up-to-date: /home/tofstudent/sa_zhao/install/autoware_auto_vehicle_msgs/include/autoware_auto_vehicle_msgs/msg/detail/steering_report__rosidl_typesupport_fastrtps_cpp.hpp
[0.757s] -- Up-to-date: /home/tofstudent/sa_zhao/install/autoware_auto_vehicle_msgs/include/autoware_auto_vehicle_msgs/msg/detail/dds_fastrtps
[0.757s] -- Up-to-date: /home/tofstudent/sa_zhao/install/autoware_auto_vehicle_msgs/lib/libautoware_auto_vehicle_msgs__rosidl_typesupport_fastrtps_cpp.so
[0.758s] -- Up-to-date: /home/tofstudent/sa_zhao/install/autoware_auto_vehicle_msgs/include/autoware_auto_vehicle_msgs
[0.758s] -- Up-to-date: /home/tofstudent/sa_zhao/install/autoware_auto_vehicle_msgs/include/autoware_auto_vehicle_msgs/msg
[0.758s] -- Up-to-date: /home/tofstudent/sa_zhao/install/autoware_auto_vehicle_msgs/include/autoware_auto_vehicle_msgs/msg/detail
[0.758s] -- Up-to-date: /home/tofstudent/sa_zhao/install/autoware_auto_vehicle_msgs/include/autoware_auto_vehicle_msgs/msg/detail/steering_report__rosidl_typesupport_introspection_c.h
[0.758s] -- Up-to-date: /home/tofstudent/sa_zhao/install/autoware_auto_vehicle_msgs/include/autoware_auto_vehicle_msgs/msg/detail/steering_report__type_support.c
[0.758s] -- Up-to-date: /home/tofstudent/sa_zhao/install/autoware_auto_vehicle_msgs/include/autoware_auto_vehicle_msgs/msg/rosidl_typesupport_introspection_c__visibility_control.h
[0.758s] -- Up-to-date: /home/tofstudent/sa_zhao/install/autoware_auto_vehicle_msgs/lib/libautoware_auto_vehicle_msgs__rosidl_typesupport_introspection_c.so
[0.758s] -- Up-to-date: /home/tofstudent/sa_zhao/install/autoware_auto_vehicle_msgs/lib/libautoware_auto_vehicle_msgs__rosidl_typesupport_c.so
[0.758s] -- Up-to-date: /home/tofstudent/sa_zhao/install/autoware_auto_vehicle_msgs/include/autoware_auto_vehicle_msgs
[0.758s] -- Up-to-date: /home/tofstudent/sa_zhao/install/autoware_auto_vehicle_msgs/include/autoware_auto_vehicle_msgs/msg
[0.759s] -- Up-to-date: /home/tofstudent/sa_zhao/install/autoware_auto_vehicle_msgs/include/autoware_auto_vehicle_msgs/msg/detail
[0.759s] -- Up-to-date: /home/tofstudent/sa_zhao/install/autoware_auto_vehicle_msgs/include/autoware_auto_vehicle_msgs/msg/detail/steering_report__builder.hpp
[0.759s] -- Up-to-date: /home/tofstudent/sa_zhao/install/autoware_auto_vehicle_msgs/include/autoware_auto_vehicle_msgs/msg/detail/steering_report__struct.hpp
[0.759s] -- Up-to-date: /home/tofstudent/sa_zhao/install/autoware_auto_vehicle_msgs/include/autoware_auto_vehicle_msgs/msg/detail/steering_report__traits.hpp
[0.759s] -- Up-to-date: /home/tofstudent/sa_zhao/install/autoware_auto_vehicle_msgs/include/autoware_auto_vehicle_msgs/msg/steering_report.hpp
[0.759s] -- Up-to-date: /home/tofstudent/sa_zhao/install/autoware_auto_vehicle_msgs/include/autoware_auto_vehicle_msgs
[0.759s] -- Up-to-date: /home/tofstudent/sa_zhao/install/autoware_auto_vehicle_msgs/include/autoware_auto_vehicle_msgs/msg
[0.759s] -- Up-to-date: /home/tofstudent/sa_zhao/install/autoware_auto_vehicle_msgs/include/autoware_auto_vehicle_msgs/msg/detail
[0.759s] -- Up-to-date: /home/tofstudent/sa_zhao/install/autoware_auto_vehicle_msgs/include/autoware_auto_vehicle_msgs/msg/detail/steering_report__type_support.cpp
[0.759s] -- Up-to-date: /home/tofstudent/sa_zhao/install/autoware_auto_vehicle_msgs/include/autoware_auto_vehicle_msgs/msg/detail/steering_report__rosidl_typesupport_introspection_cpp.hpp
[0.760s] -- Up-to-date: /home/tofstudent/sa_zhao/install/autoware_auto_vehicle_msgs/lib/libautoware_auto_vehicle_msgs__rosidl_typesupport_introspection_cpp.so
[0.760s] -- Up-to-date: /home/tofstudent/sa_zhao/install/autoware_auto_vehicle_msgs/lib/libautoware_auto_vehicle_msgs__rosidl_typesupport_cpp.so
[0.760s] -- Up-to-date: /home/tofstudent/sa_zhao/install/autoware_auto_vehicle_msgs/share/autoware_auto_vehicle_msgs/environment/pythonpath.sh
[0.760s] -- Up-to-date: /home/tofstudent/sa_zhao/install/autoware_auto_vehicle_msgs/share/autoware_auto_vehicle_msgs/environment/pythonpath.dsv
[0.760s] -- Up-to-date: /home/tofstudent/sa_zhao/install/autoware_auto_vehicle_msgs/lib/python3.8/site-packages/autoware_auto_vehicle_msgs/__init__.py
[0.847s] -- Up-to-date: /home/tofstudent/sa_zhao/install/autoware_auto_vehicle_msgs/lib/python3.8/site-packages/autoware_auto_vehicle_msgs/msg
[0.847s] -- Up-to-date: /home/tofstudent/sa_zhao/install/autoware_auto_vehicle_msgs/lib/python3.8/site-packages/autoware_auto_vehicle_msgs/msg/_steering_report.py
[0.847s] -- Up-to-date: /home/tofstudent/sa_zhao/install/autoware_auto_vehicle_msgs/lib/python3.8/site-packages/autoware_auto_vehicle_msgs/msg/_steering_report_s.c
[0.847s] -- Up-to-date: /home/tofstudent/sa_zhao/install/autoware_auto_vehicle_msgs/lib/python3.8/site-packages/autoware_auto_vehicle_msgs/msg/__init__.py
[0.848s] -- Up-to-date: /home/tofstudent/sa_zhao/install/autoware_auto_vehicle_msgs/lib/python3.8/site-packages/autoware_auto_vehicle_msgs/autoware_auto_vehicle_msgs_s__rosidl_typesupport_fastrtps_c.cpython-38-x86_64-linux-gnu.so
[0.865s] -- Up-to-date: /home/tofstudent/sa_zhao/install/autoware_auto_vehicle_msgs/lib/python3.8/site-packages/autoware_auto_vehicle_msgs/autoware_auto_vehicle_msgs_s__rosidl_typesupport_introspection_c.cpython-38-x86_64-linux-gnu.so
[0.875s] -- Up-to-date: /home/tofstudent/sa_zhao/install/autoware_auto_vehicle_msgs/lib/python3.8/site-packages/autoware_auto_vehicle_msgs/autoware_auto_vehicle_msgs_s__rosidl_typesupport_c.cpython-38-x86_64-linux-gnu.so
[0.877s] -- Up-to-date: /home/tofstudent/sa_zhao/install/autoware_auto_vehicle_msgs/lib/libautoware_auto_vehicle_msgs__python.so
[0.886s] -- Up-to-date: /home/tofstudent/sa_zhao/install/autoware_auto_vehicle_msgs/share/autoware_auto_vehicle_msgs/msg/SteeringReport.idl
[0.886s] -- Up-to-date: /home/tofstudent/sa_zhao/install/autoware_auto_vehicle_msgs/share/ament_index/resource_index/package_run_dependencies/autoware_auto_vehicle_msgs
[0.891s] -- Up-to-date: /home/tofstudent/sa_zhao/install/autoware_auto_vehicle_msgs/share/ament_index/resource_index/parent_prefix_path/autoware_auto_vehicle_msgs
[0.894s] -- Up-to-date: /home/tofstudent/sa_zhao/install/autoware_auto_vehicle_msgs/share/autoware_auto_vehicle_msgs/environment/ament_prefix_path.sh
[0.896s] -- Up-to-date: /home/tofstudent/sa_zhao/install/autoware_auto_vehicle_msgs/share/autoware_auto_vehicle_msgs/environment/ament_prefix_path.dsv
[0.897s] -- Up-to-date: /home/tofstudent/sa_zhao/install/autoware_auto_vehicle_msgs/share/autoware_auto_vehicle_msgs/environment/path.sh
[0.901s] -- Up-to-date: /home/tofstudent/sa_zhao/install/autoware_auto_vehicle_msgs/share/autoware_auto_vehicle_msgs/environment/path.dsv
[0.902s] -- Up-to-date: /home/tofstudent/sa_zhao/install/autoware_auto_vehicle_msgs/share/autoware_auto_vehicle_msgs/local_setup.bash
[0.903s] -- Up-to-date: /home/tofstudent/sa_zhao/install/autoware_auto_vehicle_msgs/share/autoware_auto_vehicle_msgs/local_setup.sh
[0.904s] -- Up-to-date: /home/tofstudent/sa_zhao/install/autoware_auto_vehicle_msgs/share/autoware_auto_vehicle_msgs/local_setup.zsh
[0.904s] -- Up-to-date: /home/tofstudent/sa_zhao/install/autoware_auto_vehicle_msgs/share/autoware_auto_vehicle_msgs/local_setup.dsv
[0.905s] -- Installing: /home/tofstudent/sa_zhao/install/autoware_auto_vehicle_msgs/share/autoware_auto_vehicle_msgs/package.dsv
[0.906s] -- Up-to-date: /home/tofstudent/sa_zhao/install/autoware_auto_vehicle_msgs/share/ament_index/resource_index/packages/autoware_auto_vehicle_msgs
[0.907s] -- Up-to-date: /home/tofstudent/sa_zhao/install/autoware_auto_vehicle_msgs/share/autoware_auto_vehicle_msgs/cmake/autoware_auto_vehicle_msgs__rosidl_generator_cExport.cmake
[0.908s] -- Up-to-date: /home/tofstudent/sa_zhao/install/autoware_auto_vehicle_msgs/share/autoware_auto_vehicle_msgs/cmake/autoware_auto_vehicle_msgs__rosidl_generator_cExport-noconfig.cmake
[0.909s] -- Up-to-date: /home/tofstudent/sa_zhao/install/autoware_auto_vehicle_msgs/share/autoware_auto_vehicle_msgs/cmake/autoware_auto_vehicle_msgs__rosidl_typesupport_introspection_cExport.cmake
[0.909s] -- Up-to-date: /home/tofstudent/sa_zhao/install/autoware_auto_vehicle_msgs/share/autoware_auto_vehicle_msgs/cmake/autoware_auto_vehicle_msgs__rosidl_typesupport_introspection_cExport-noconfig.cmake
[0.910s] -- Up-to-date: /home/tofstudent/sa_zhao/install/autoware_auto_vehicle_msgs/share/autoware_auto_vehicle_msgs/cmake/autoware_auto_vehicle_msgs__rosidl_typesupport_cExport.cmake
[0.910s] -- Up-to-date: /home/tofstudent/sa_zhao/install/autoware_auto_vehicle_msgs/share/autoware_auto_vehicle_msgs/cmake/autoware_auto_vehicle_msgs__rosidl_typesupport_cExport-noconfig.cmake
[0.911s] -- Up-to-date: /home/tofstudent/sa_zhao/install/autoware_auto_vehicle_msgs/share/autoware_auto_vehicle_msgs/cmake/autoware_auto_vehicle_msgs__rosidl_generator_cppExport.cmake
[0.912s] -- Up-to-date: /home/tofstudent/sa_zhao/install/autoware_auto_vehicle_msgs/share/autoware_auto_vehicle_msgs/cmake/autoware_auto_vehicle_msgs__rosidl_typesupport_introspection_cppExport.cmake
[0.913s] -- Up-to-date: /home/tofstudent/sa_zhao/install/autoware_auto_vehicle_msgs/share/autoware_auto_vehicle_msgs/cmake/autoware_auto_vehicle_msgs__rosidl_typesupport_introspection_cppExport-noconfig.cmake
[0.914s] -- Up-to-date: /home/tofstudent/sa_zhao/install/autoware_auto_vehicle_msgs/share/autoware_auto_vehicle_msgs/cmake/autoware_auto_vehicle_msgs__rosidl_typesupport_cppExport.cmake
[0.914s] -- Up-to-date: /home/tofstudent/sa_zhao/install/autoware_auto_vehicle_msgs/share/autoware_auto_vehicle_msgs/cmake/autoware_auto_vehicle_msgs__rosidl_typesupport_cppExport-noconfig.cmake
[0.915s] -- Up-to-date: /home/tofstudent/sa_zhao/install/autoware_auto_vehicle_msgs/share/autoware_auto_vehicle_msgs/cmake/rosidl_cmake-extras.cmake
[0.915s] -- Up-to-date: /home/tofstudent/sa_zhao/install/autoware_auto_vehicle_msgs/share/autoware_auto_vehicle_msgs/cmake/ament_cmake_export_dependencies-extras.cmake
[0.915s] -- Up-to-date: /home/tofstudent/sa_zhao/install/autoware_auto_vehicle_msgs/share/autoware_auto_vehicle_msgs/cmake/ament_cmake_export_libraries-extras.cmake
[0.916s] -- Up-to-date: /home/tofstudent/sa_zhao/install/autoware_auto_vehicle_msgs/share/autoware_auto_vehicle_msgs/cmake/ament_cmake_export_targets-extras.cmake
[0.916s] -- Up-to-date: /home/tofstudent/sa_zhao/install/autoware_auto_vehicle_msgs/share/autoware_auto_vehicle_msgs/cmake/ament_cmake_export_include_directories-extras.cmake
[0.916s] -- Up-to-date: /home/tofstudent/sa_zhao/install/autoware_auto_vehicle_msgs/share/autoware_auto_vehicle_msgs/cmake/rosidl_cmake_export_typesupport_libraries-extras.cmake
[0.917s] -- Up-to-date: /home/tofstudent/sa_zhao/install/autoware_auto_vehicle_msgs/share/autoware_auto_vehicle_msgs/cmake/rosidl_cmake_export_typesupport_targets-extras.cmake
[0.917s] -- Up-to-date: /home/tofstudent/sa_zhao/install/autoware_auto_vehicle_msgs/share/autoware_auto_vehicle_msgs/cmake/autoware_auto_vehicle_msgsConfig.cmake
[0.917s] -- Up-to-date: /home/tofstudent/sa_zhao/install/autoware_auto_vehicle_msgs/share/autoware_auto_vehicle_msgs/cmake/autoware_auto_vehicle_msgsConfig-version.cmake
[0.918s] -- Up-to-date: /home/tofstudent/sa_zhao/install/autoware_auto_vehicle_msgs/share/autoware_auto_vehicle_msgs/package.xml
[0.918s] Invoked command in '/home/tofstudent/sa_zhao/build/autoware_auto_vehicle_msgs' returned '0': CMAKE_PREFIX_PATH=/opt/ros/foxy /usr/bin/cmake --install /home/tofstudent/sa_zhao/build/autoware_auto_vehicle_msgs
