[0.294s] Invoking command in '/home/tofstudent/sa_zhao/build/traj_interfaces': CMAKE_PREFIX_PATH=/opt/ros/foxy /usr/bin/cmake /home/tofstudent/sa_zhao/src/traj_interfaces -DCMAKE_INSTALL_PREFIX=/home/tofstudent/sa_zhao/install/traj_interfaces
[0.376s] -- The C compiler identification is GNU 8.4.0
[0.465s] -- The CXX compiler identification is GNU 8.4.0
[0.470s] -- Check for working C compiler: /usr/bin/cc
[0.575s] -- Check for working C compiler: /usr/bin/cc -- works
[0.576s] -- Detecting C compiler ABI info
[0.694s] -- Detecting C compiler ABI info - done
[0.731s] -- Detecting C compile features
[0.732s] -- Detecting C compile features - done
[0.736s] -- Check for working CXX compiler: /usr/bin/c++
[0.863s] -- Check for working CXX compiler: /usr/bin/c++ -- works
[0.865s] -- Detecting CXX compiler ABI info
[1.036s] -- Detecting CXX compiler ABI info - done
[1.061s] -- Detecting CXX compile features
[1.061s] -- Detecting CXX compile features - done
[1.065s] -- Found ament_cmake: 0.9.11 (/opt/ros/foxy/share/ament_cmake/cmake)
[1.105s] -- Found PythonInterp: /usr/bin/python3 (found suitable version "3.8.10", minimum required is "3") 
[1.106s] -- Using PYTHON_EXECUTABLE: /usr/bin/python3
[1.405s] -- Found rosidl_default_generators: 1.0.1 (/opt/ros/foxy/share/rosidl_default_generators/cmake)
[1.412s] -- Using all available rosidl_typesupport_c: rosidl_typesupport_fastrtps_c;rosidl_typesupport_introspection_c
[1.425s] -- Found rosidl_adapter: 1.3.0 (/opt/ros/foxy/share/rosidl_adapter/cmake)
[1.619s] -- Found OpenSSL: /usr/lib/x86_64-linux-gnu/libcrypto.so (found version "1.1.1f")  
[1.682s] -- Found FastRTPS: /opt/ros/foxy/include  
[1.813s] -- Using all available rosidl_typesupport_cpp: rosidl_typesupport_fastrtps_cpp;rosidl_typesupport_introspection_cpp
[1.890s] -- Found PythonInterp: /usr/bin/python3 (found version "3.8.10") 
[2.065s] -- Found ament_cmake_ros: 0.9.2 (/opt/ros/foxy/share/ament_cmake_ros/cmake)
[2.196s] -- Using all available rosidl_typesupport_c: rosidl_typesupport_fastrtps_c;rosidl_typesupport_introspection_c
[2.207s] -- Using all available rosidl_typesupport_cpp: rosidl_typesupport_fastrtps_cpp;rosidl_typesupport_introspection_cpp
[2.239s] -- Found PythonInterp: /usr/bin/python3 (found suitable version "3.8.10", minimum required is "3.5") 
[2.240s] -- Found python_cmake_module: 0.8.1 (/opt/ros/foxy/share/python_cmake_module/cmake)
[2.281s] -- Found PythonLibs: /usr/lib/x86_64-linux-gnu/libpython3.8.so (found suitable version "3.8.10", minimum required is "3.5") 
[2.281s] -- Using PYTHON_EXECUTABLE: /usr/bin/python3
[2.281s] -- Using PYTHON_INCLUDE_DIRS: /usr/include/python3.8
[2.282s] -- Using PYTHON_LIBRARIES: /usr/lib/x86_64-linux-gnu/libpython3.8.so
[2.315s] -- Found PythonExtra: .so  
[2.374s] -- Found ament_lint_auto: 0.9.7 (/opt/ros/foxy/share/ament_lint_auto/cmake)
[2.405s] -- Added test 'copyright' to check source files copyright and LICENSE
[2.408s] -- Added test 'lint_cmake' to check CMake code style
[2.410s] -- Added test 'xmllint' to check XML markup files
[2.418s] -- Configuring done
[2.473s] -- Generating done
[2.477s] -- Build files have been written to: /home/tofstudent/sa_zhao/build/traj_interfaces
[2.496s] Invoked command in '/home/tofstudent/sa_zhao/build/traj_interfaces' returned '0': CMAKE_PREFIX_PATH=/opt/ros/foxy /usr/bin/cmake /home/tofstudent/sa_zhao/src/traj_interfaces -DCMAKE_INSTALL_PREFIX=/home/tofstudent/sa_zhao/install/traj_interfaces
[2.499s] Invoking command in '/home/tofstudent/sa_zhao/build/traj_interfaces': CMAKE_PREFIX_PATH=/opt/ros/foxy /usr/bin/cmake --build /home/tofstudent/sa_zhao/build/traj_interfaces -- -j8 -l8
[2.564s] [35m[1mScanning dependencies of target traj_interfaces__cpp[0m
[2.578s] [  2%] [34m[1mGenerating C code for ROS interfaces[0m
[2.585s] [  5%] [34m[1mGenerating C++ code for ROS interfaces[0m
[3.160s] [35m[1mScanning dependencies of target traj_interfaces__rosidl_generator_c[0m
[3.163s] [  5%] Built target traj_interfaces__cpp
[3.194s] [  7%] [32mBuilding C object CMakeFiles/traj_interfaces__rosidl_generator_c.dir/rosidl_generator_c/traj_interfaces/msg/detail/traj_param__functions.c.o[0m
[3.202s] [ 10%] [32mBuilding C object CMakeFiles/traj_interfaces__rosidl_generator_c.dir/rosidl_generator_c/traj_interfaces/msg/detail/state_machine__functions.c.o[0m
[3.203s] [ 12%] [34m[1mGenerating C++ type support for eProsima Fast-RTPS[0m
[3.223s] [ 15%] [34m[1mGenerating C++ type support dispatch for ROS interfaces[0m
[3.233s] [ 17%] [34m[1mGenerating C++ introspection for ROS interfaces[0m
[3.370s] [ 20%] [32m[1mLinking C shared library libtraj_interfaces__rosidl_generator_c.so[0m
[3.586s] [ 20%] Built target traj_interfaces__rosidl_generator_c
[3.637s] [ 23%] [34m[1mGenerating C introspection for ROS interfaces[0m
[3.645s] [ 25%] [34m[1mGenerating C type support dispatch for ROS interfaces[0m
[3.798s] [35m[1mScanning dependencies of target traj_interfaces__rosidl_typesupport_fastrtps_cpp[0m
[3.827s] [35m[1mScanning dependencies of target traj_interfaces__rosidl_typesupport_introspection_cpp[0m
[3.861s] [ 28%] [32mBuilding CXX object CMakeFiles/traj_interfaces__rosidl_typesupport_fastrtps_cpp.dir/rosidl_typesupport_fastrtps_cpp/traj_interfaces/msg/detail/dds_fastrtps/traj_param__type_support.cpp.o[0m
[3.865s] [ 30%] [32mBuilding CXX object CMakeFiles/traj_interfaces__rosidl_typesupport_fastrtps_cpp.dir/rosidl_typesupport_fastrtps_cpp/traj_interfaces/msg/detail/dds_fastrtps/state_machine__type_support.cpp.o[0m
[3.881s] [ 35%] [32mBuilding CXX object CMakeFiles/traj_interfaces__rosidl_typesupport_introspection_cpp.dir/rosidl_typesupport_introspection_cpp/traj_interfaces/msg/detail/traj_param__type_support.cpp.o[0m
[3.881s] [ 35%] [32mBuilding CXX object CMakeFiles/traj_interfaces__rosidl_typesupport_introspection_cpp.dir/rosidl_typesupport_introspection_cpp/traj_interfaces/msg/detail/state_machine__type_support.cpp.o[0m
[3.973s] [35m[1mScanning dependencies of target traj_interfaces__rosidl_typesupport_cpp[0m
[4.072s] [ 38%] [32mBuilding CXX object CMakeFiles/traj_interfaces__rosidl_typesupport_cpp.dir/rosidl_typesupport_cpp/traj_interfaces/msg/traj_param__type_support.cpp.o[0m
[4.106s] [ 41%] [32mBuilding CXX object CMakeFiles/traj_interfaces__rosidl_typesupport_cpp.dir/rosidl_typesupport_cpp/traj_interfaces/msg/state_machine__type_support.cpp.o[0m
[4.489s] [35m[1mScanning dependencies of target traj_interfaces__rosidl_typesupport_c[0m
[4.595s] [ 43%] [32mBuilding CXX object CMakeFiles/traj_interfaces__rosidl_typesupport_c.dir/rosidl_typesupport_c/traj_interfaces/msg/traj_param__type_support.cpp.o[0m
[4.756s] [35m[1mScanning dependencies of target traj_interfaces__rosidl_typesupport_introspection_c[0m
[4.772s] [ 46%] [32mBuilding CXX object CMakeFiles/traj_interfaces__rosidl_typesupport_c.dir/rosidl_typesupport_c/traj_interfaces/msg/state_machine__type_support.cpp.o[0m
[4.879s] [ 48%] [32mBuilding C object CMakeFiles/traj_interfaces__rosidl_typesupport_introspection_c.dir/rosidl_typesupport_introspection_c/traj_interfaces/msg/detail/state_machine__type_support.c.o[0m
[4.886s] [ 51%] [32mBuilding C object CMakeFiles/traj_interfaces__rosidl_typesupport_introspection_c.dir/rosidl_typesupport_introspection_c/traj_interfaces/msg/detail/traj_param__type_support.c.o[0m
[4.926s] [ 53%] [32m[1mLinking CXX shared library libtraj_interfaces__rosidl_typesupport_c.so[0m
[4.945s] [ 56%] [32m[1mLinking CXX shared library libtraj_interfaces__rosidl_typesupport_introspection_cpp.so[0m
[4.965s] [ 58%] [32m[1mLinking CXX shared library libtraj_interfaces__rosidl_typesupport_cpp.so[0m
[5.081s] [ 58%] Built target traj_interfaces__rosidl_typesupport_introspection_cpp
[5.087s] [ 61%] [32m[1mLinking C shared library libtraj_interfaces__rosidl_typesupport_introspection_c.so[0m
[5.105s] [ 61%] Built target traj_interfaces__rosidl_typesupport_c
[5.212s] [ 61%] Built target traj_interfaces__rosidl_typesupport_cpp
[5.232s] [ 64%] [32m[1mLinking CXX shared library libtraj_interfaces__rosidl_typesupport_fastrtps_cpp.so[0m
[5.245s] [ 64%] Built target traj_interfaces__rosidl_typesupport_introspection_c
[5.631s] [ 64%] Built target traj_interfaces__rosidl_typesupport_fastrtps_cpp
[5.685s] [ 66%] [34m[1mGenerating C type support for eProsima Fast-RTPS[0m
[6.573s] [35m[1mScanning dependencies of target traj_interfaces__rosidl_typesupport_fastrtps_c[0m
[6.655s] [ 69%] [32mBuilding CXX object CMakeFiles/traj_interfaces__rosidl_typesupport_fastrtps_c.dir/rosidl_typesupport_fastrtps_c/traj_interfaces/msg/detail/traj_param__type_support_c.cpp.o[0m
[6.688s] [ 71%] [32mBuilding CXX object CMakeFiles/traj_interfaces__rosidl_typesupport_fastrtps_c.dir/rosidl_typesupport_fastrtps_c/traj_interfaces/msg/detail/state_machine__type_support_c.cpp.o[0m
[7.401s] [ 74%] [32m[1mLinking CXX shared library libtraj_interfaces__rosidl_typesupport_fastrtps_c.so[0m
[7.771s] [ 74%] Built target traj_interfaces__rosidl_typesupport_fastrtps_c
[7.827s] [35m[1mScanning dependencies of target traj_interfaces[0m
[7.860s] [ 74%] Built target traj_interfaces
[7.894s] [35m[1mScanning dependencies of target traj_interfaces__py[0m
[7.911s] [ 76%] [34m[1mGenerating Python code for ROS interfaces[0m
[9.376s] [ 76%] Built target traj_interfaces__py
[9.449s] [35m[1mScanning dependencies of target traj_interfaces__python[0m
[9.570s] [ 79%] [32mBuilding C object CMakeFiles/traj_interfaces__python.dir/rosidl_generator_py/traj_interfaces/msg/_state_machine_s.c.o[0m
[9.586s] [ 82%] [32mBuilding C object CMakeFiles/traj_interfaces__python.dir/rosidl_generator_py/traj_interfaces/msg/_traj_param_s.c.o[0m
[9.936s] [ 84%] [32m[1mLinking C shared library rosidl_generator_py/traj_interfaces/libtraj_interfaces__python.so[0m
[10.117s] [ 84%] Built target traj_interfaces__python
[10.134s] [35m[1mScanning dependencies of target traj_interfaces__rosidl_typesupport_c__pyext[0m
[10.176s] [35m[1mScanning dependencies of target traj_interfaces__rosidl_typesupport_fastrtps_c__pyext[0m
[10.196s] [ 87%] [32mBuilding C object CMakeFiles/traj_interfaces__rosidl_typesupport_c__pyext.dir/rosidl_generator_py/traj_interfaces/_traj_interfaces_s.ep.rosidl_typesupport_c.c.o[0m
[10.210s] [35m[1mScanning dependencies of target traj_interfaces__rosidl_typesupport_introspection_c__pyext[0m
[10.280s] [ 89%] [32mBuilding C object CMakeFiles/traj_interfaces__rosidl_typesupport_fastrtps_c__pyext.dir/rosidl_generator_py/traj_interfaces/_traj_interfaces_s.ep.rosidl_typesupport_fastrtps_c.c.o[0m
[10.321s] [ 92%] [32mBuilding C object CMakeFiles/traj_interfaces__rosidl_typesupport_introspection_c__pyext.dir/rosidl_generator_py/traj_interfaces/_traj_interfaces_s.ep.rosidl_typesupport_introspection_c.c.o[0m
[10.519s] [ 94%] [32m[1mLinking C shared library rosidl_generator_py/traj_interfaces/traj_interfaces_s__rosidl_typesupport_c.cpython-38-x86_64-linux-gnu.so[0m
[10.667s] [ 94%] Built target traj_interfaces__rosidl_typesupport_c__pyext
[10.712s] [ 97%] [32m[1mLinking CXX shared library rosidl_generator_py/traj_interfaces/traj_interfaces_s__rosidl_typesupport_fastrtps_c.cpython-38-x86_64-linux-gnu.so[0m
[10.714s] [100%] [32m[1mLinking C shared library rosidl_generator_py/traj_interfaces/traj_interfaces_s__rosidl_typesupport_introspection_c.cpython-38-x86_64-linux-gnu.so[0m
[10.967s] [100%] Built target traj_interfaces__rosidl_typesupport_introspection_c__pyext
[11.007s] [100%] Built target traj_interfaces__rosidl_typesupport_fastrtps_c__pyext
[11.060s] Invoked command in '/home/tofstudent/sa_zhao/build/traj_interfaces' returned '0': CMAKE_PREFIX_PATH=/opt/ros/foxy /usr/bin/cmake --build /home/tofstudent/sa_zhao/build/traj_interfaces -- -j8 -l8
[12.427s] Invoking command in '/home/tofstudent/sa_zhao/build/traj_interfaces': CMAKE_PREFIX_PATH=/opt/ros/foxy /usr/bin/cmake --install /home/tofstudent/sa_zhao/build/traj_interfaces
[12.452s] -- Install configuration: ""
[12.452s] -- Installing: /home/tofstudent/sa_zhao/install/traj_interfaces/share/ament_index/resource_index/rosidl_interfaces/traj_interfaces
[12.452s] -- Installing: /home/tofstudent/sa_zhao/install/traj_interfaces/include/traj_interfaces
[12.452s] -- Installing: /home/tofstudent/sa_zhao/install/traj_interfaces/include/traj_interfaces/msg
[12.452s] -- Installing: /home/tofstudent/sa_zhao/install/traj_interfaces/include/traj_interfaces/msg/detail
[12.453s] -- Installing: /home/tofstudent/sa_zhao/install/traj_interfaces/include/traj_interfaces/msg/detail/state_machine__struct.h
[12.453s] -- Installing: /home/tofstudent/sa_zhao/install/traj_interfaces/include/traj_interfaces/msg/detail/state_machine__functions.h
[12.453s] -- Installing: /home/tofstudent/sa_zhao/install/traj_interfaces/include/traj_interfaces/msg/detail/state_machine__type_support.h
[12.453s] -- Installing: /home/tofstudent/sa_zhao/install/traj_interfaces/include/traj_interfaces/msg/detail/traj_param__functions.c
[12.453s] -- Installing: /home/tofstudent/sa_zhao/install/traj_interfaces/include/traj_interfaces/msg/detail/traj_param__functions.h
[12.453s] -- Installing: /home/tofstudent/sa_zhao/install/traj_interfaces/include/traj_interfaces/msg/detail/traj_param__struct.h
[12.453s] -- Installing: /home/tofstudent/sa_zhao/install/traj_interfaces/include/traj_interfaces/msg/detail/state_machine__functions.c
[12.454s] -- Installing: /home/tofstudent/sa_zhao/install/traj_interfaces/include/traj_interfaces/msg/detail/traj_param__type_support.h
[12.454s] -- Installing: /home/tofstudent/sa_zhao/install/traj_interfaces/include/traj_interfaces/msg/rosidl_generator_c__visibility_control.h
[12.454s] -- Installing: /home/tofstudent/sa_zhao/install/traj_interfaces/include/traj_interfaces/msg/traj_param.h
[12.454s] -- Installing: /home/tofstudent/sa_zhao/install/traj_interfaces/include/traj_interfaces/msg/state_machine.h
[12.454s] -- Installing: /home/tofstudent/sa_zhao/install/traj_interfaces/share/traj_interfaces/environment/library_path.sh
[12.454s] -- Installing: /home/tofstudent/sa_zhao/install/traj_interfaces/share/traj_interfaces/environment/library_path.dsv
[12.455s] -- Installing: /home/tofstudent/sa_zhao/install/traj_interfaces/lib/libtraj_interfaces__rosidl_generator_c.so
[12.455s] -- Set runtime path of "/home/tofstudent/sa_zhao/install/traj_interfaces/lib/libtraj_interfaces__rosidl_generator_c.so" to ""
[12.455s] -- Up-to-date: /home/tofstudent/sa_zhao/install/traj_interfaces/include/traj_interfaces
[12.456s] -- Up-to-date: /home/tofstudent/sa_zhao/install/traj_interfaces/include/traj_interfaces/msg
[12.456s] -- Installing: /home/tofstudent/sa_zhao/install/traj_interfaces/include/traj_interfaces/msg/rosidl_typesupport_fastrtps_c__visibility_control.h
[12.456s] -- Up-to-date: /home/tofstudent/sa_zhao/install/traj_interfaces/include/traj_interfaces/msg/detail
[12.456s] -- Installing: /home/tofstudent/sa_zhao/install/traj_interfaces/include/traj_interfaces/msg/detail/traj_param__rosidl_typesupport_fastrtps_c.h
[12.456s] -- Installing: /home/tofstudent/sa_zhao/install/traj_interfaces/include/traj_interfaces/msg/detail/state_machine__rosidl_typesupport_fastrtps_c.h
[12.456s] -- Installing: /home/tofstudent/sa_zhao/install/traj_interfaces/lib/libtraj_interfaces__rosidl_typesupport_fastrtps_c.so
[12.457s] -- Set runtime path of "/home/tofstudent/sa_zhao/install/traj_interfaces/lib/libtraj_interfaces__rosidl_typesupport_fastrtps_c.so" to ""
[12.457s] -- Up-to-date: /home/tofstudent/sa_zhao/install/traj_interfaces/include/traj_interfaces
[12.457s] -- Up-to-date: /home/tofstudent/sa_zhao/install/traj_interfaces/include/traj_interfaces/msg
[12.457s] -- Installing: /home/tofstudent/sa_zhao/install/traj_interfaces/include/traj_interfaces/msg/rosidl_typesupport_fastrtps_cpp__visibility_control.h
[12.457s] -- Up-to-date: /home/tofstudent/sa_zhao/install/traj_interfaces/include/traj_interfaces/msg/detail
[12.457s] -- Installing: /home/tofstudent/sa_zhao/install/traj_interfaces/include/traj_interfaces/msg/detail/traj_param__rosidl_typesupport_fastrtps_cpp.hpp
[12.457s] -- Installing: /home/tofstudent/sa_zhao/install/traj_interfaces/include/traj_interfaces/msg/detail/dds_fastrtps
[12.464s] -- Installing: /home/tofstudent/sa_zhao/install/traj_interfaces/include/traj_interfaces/msg/detail/state_machine__rosidl_typesupport_fastrtps_cpp.hpp
[12.464s] -- Installing: /home/tofstudent/sa_zhao/install/traj_interfaces/lib/libtraj_interfaces__rosidl_typesupport_fastrtps_cpp.so
[12.465s] -- Set runtime path of "/home/tofstudent/sa_zhao/install/traj_interfaces/lib/libtraj_interfaces__rosidl_typesupport_fastrtps_cpp.so" to ""
[12.465s] -- Up-to-date: /home/tofstudent/sa_zhao/install/traj_interfaces/include/traj_interfaces
[12.470s] -- Up-to-date: /home/tofstudent/sa_zhao/install/traj_interfaces/include/traj_interfaces/msg
[12.471s] -- Up-to-date: /home/tofstudent/sa_zhao/install/traj_interfaces/include/traj_interfaces/msg/detail
[12.472s] -- Installing: /home/tofstudent/sa_zhao/install/traj_interfaces/include/traj_interfaces/msg/detail/traj_param__type_support.c
[12.473s] -- Installing: /home/tofstudent/sa_zhao/install/traj_interfaces/include/traj_interfaces/msg/detail/state_machine__type_support.c
[12.474s] -- Installing: /home/tofstudent/sa_zhao/install/traj_interfaces/include/traj_interfaces/msg/detail/state_machine__rosidl_typesupport_introspection_c.h
[12.474s] -- Installing: /home/tofstudent/sa_zhao/install/traj_interfaces/include/traj_interfaces/msg/detail/traj_param__rosidl_typesupport_introspection_c.h
[12.474s] -- Installing: /home/tofstudent/sa_zhao/install/traj_interfaces/include/traj_interfaces/msg/rosidl_typesupport_introspection_c__visibility_control.h
[12.475s] -- Installing: /home/tofstudent/sa_zhao/install/traj_interfaces/lib/libtraj_interfaces__rosidl_typesupport_introspection_c.so
[12.476s] -- Set runtime path of "/home/tofstudent/sa_zhao/install/traj_interfaces/lib/libtraj_interfaces__rosidl_typesupport_introspection_c.so" to ""
[12.476s] -- Installing: /home/tofstudent/sa_zhao/install/traj_interfaces/lib/libtraj_interfaces__rosidl_typesupport_c.so
[12.476s] -- Set runtime path of "/home/tofstudent/sa_zhao/install/traj_interfaces/lib/libtraj_interfaces__rosidl_typesupport_c.so" to ""
[12.477s] -- Up-to-date: /home/tofstudent/sa_zhao/install/traj_interfaces/include/traj_interfaces
[12.477s] -- Up-to-date: /home/tofstudent/sa_zhao/install/traj_interfaces/include/traj_interfaces/msg
[12.477s] -- Installing: /home/tofstudent/sa_zhao/install/traj_interfaces/include/traj_interfaces/msg/traj_param.hpp
[12.477s] -- Up-to-date: /home/tofstudent/sa_zhao/install/traj_interfaces/include/traj_interfaces/msg/detail
[12.477s] -- Installing: /home/tofstudent/sa_zhao/install/traj_interfaces/include/traj_interfaces/msg/detail/state_machine__traits.hpp
[12.477s] -- Installing: /home/tofstudent/sa_zhao/install/traj_interfaces/include/traj_interfaces/msg/detail/state_machine__builder.hpp
[12.478s] -- Installing: /home/tofstudent/sa_zhao/install/traj_interfaces/include/traj_interfaces/msg/detail/state_machine__struct.hpp
[12.478s] -- Installing: /home/tofstudent/sa_zhao/install/traj_interfaces/include/traj_interfaces/msg/detail/traj_param__struct.hpp
[12.478s] -- Installing: /home/tofstudent/sa_zhao/install/traj_interfaces/include/traj_interfaces/msg/detail/traj_param__traits.hpp
[12.478s] -- Installing: /home/tofstudent/sa_zhao/install/traj_interfaces/include/traj_interfaces/msg/detail/traj_param__builder.hpp
[12.478s] -- Installing: /home/tofstudent/sa_zhao/install/traj_interfaces/include/traj_interfaces/msg/state_machine.hpp
[12.478s] -- Up-to-date: /home/tofstudent/sa_zhao/install/traj_interfaces/include/traj_interfaces
[12.478s] -- Up-to-date: /home/tofstudent/sa_zhao/install/traj_interfaces/include/traj_interfaces/msg
[12.478s] -- Up-to-date: /home/tofstudent/sa_zhao/install/traj_interfaces/include/traj_interfaces/msg/detail
[12.479s] -- Installing: /home/tofstudent/sa_zhao/install/traj_interfaces/include/traj_interfaces/msg/detail/traj_param__rosidl_typesupport_introspection_cpp.hpp
[12.479s] -- Installing: /home/tofstudent/sa_zhao/install/traj_interfaces/include/traj_interfaces/msg/detail/traj_param__type_support.cpp
[12.479s] -- Installing: /home/tofstudent/sa_zhao/install/traj_interfaces/include/traj_interfaces/msg/detail/state_machine__rosidl_typesupport_introspection_cpp.hpp
[12.480s] -- Installing: /home/tofstudent/sa_zhao/install/traj_interfaces/include/traj_interfaces/msg/detail/state_machine__type_support.cpp
[12.480s] -- Installing: /home/tofstudent/sa_zhao/install/traj_interfaces/lib/libtraj_interfaces__rosidl_typesupport_introspection_cpp.so
[12.481s] -- Set runtime path of "/home/tofstudent/sa_zhao/install/traj_interfaces/lib/libtraj_interfaces__rosidl_typesupport_introspection_cpp.so" to ""
[12.481s] -- Installing: /home/tofstudent/sa_zhao/install/traj_interfaces/lib/libtraj_interfaces__rosidl_typesupport_cpp.so
[12.485s] -- Set runtime path of "/home/tofstudent/sa_zhao/install/traj_interfaces/lib/libtraj_interfaces__rosidl_typesupport_cpp.so" to ""
[12.485s] -- Installing: /home/tofstudent/sa_zhao/install/traj_interfaces/share/traj_interfaces/environment/pythonpath.sh
[12.486s] -- Installing: /home/tofstudent/sa_zhao/install/traj_interfaces/share/traj_interfaces/environment/pythonpath.dsv
[12.486s] -- Installing: /home/tofstudent/sa_zhao/install/traj_interfaces/lib/python3.8/site-packages/traj_interfaces/__init__.py
[12.560s] Compiling '/home/tofstudent/sa_zhao/install/traj_interfaces/lib/python3.8/site-packages/traj_interfaces/__init__.py'...
[12.569s] -- Installing: /home/tofstudent/sa_zhao/install/traj_interfaces/lib/python3.8/site-packages/traj_interfaces/msg
[12.569s] -- Installing: /home/tofstudent/sa_zhao/install/traj_interfaces/lib/python3.8/site-packages/traj_interfaces/msg/_traj_param.py
[12.569s] -- Installing: /home/tofstudent/sa_zhao/install/traj_interfaces/lib/python3.8/site-packages/traj_interfaces/msg/_state_machine.py
[12.569s] -- Installing: /home/tofstudent/sa_zhao/install/traj_interfaces/lib/python3.8/site-packages/traj_interfaces/msg/_state_machine_s.c
[12.570s] -- Installing: /home/tofstudent/sa_zhao/install/traj_interfaces/lib/python3.8/site-packages/traj_interfaces/msg/_traj_param_s.c
[12.570s] -- Installing: /home/tofstudent/sa_zhao/install/traj_interfaces/lib/python3.8/site-packages/traj_interfaces/msg/__init__.py
[12.570s] -- Installing: /home/tofstudent/sa_zhao/install/traj_interfaces/lib/python3.8/site-packages/traj_interfaces/traj_interfaces_s__rosidl_typesupport_fastrtps_c.cpython-38-x86_64-linux-gnu.so
[12.571s] -- Set runtime path of "/home/tofstudent/sa_zhao/install/traj_interfaces/lib/python3.8/site-packages/traj_interfaces/traj_interfaces_s__rosidl_typesupport_fastrtps_c.cpython-38-x86_64-linux-gnu.so" to ""
[12.571s] -- Installing: /home/tofstudent/sa_zhao/install/traj_interfaces/lib/python3.8/site-packages/traj_interfaces/traj_interfaces_s__rosidl_typesupport_introspection_c.cpython-38-x86_64-linux-gnu.so
[12.572s] -- Set runtime path of "/home/tofstudent/sa_zhao/install/traj_interfaces/lib/python3.8/site-packages/traj_interfaces/traj_interfaces_s__rosidl_typesupport_introspection_c.cpython-38-x86_64-linux-gnu.so" to ""
[12.572s] -- Installing: /home/tofstudent/sa_zhao/install/traj_interfaces/lib/python3.8/site-packages/traj_interfaces/traj_interfaces_s__rosidl_typesupport_c.cpython-38-x86_64-linux-gnu.so
[12.573s] -- Set runtime path of "/home/tofstudent/sa_zhao/install/traj_interfaces/lib/python3.8/site-packages/traj_interfaces/traj_interfaces_s__rosidl_typesupport_c.cpython-38-x86_64-linux-gnu.so" to ""
[12.573s] -- Installing: /home/tofstudent/sa_zhao/install/traj_interfaces/lib/libtraj_interfaces__python.so
[12.574s] -- Set runtime path of "/home/tofstudent/sa_zhao/install/traj_interfaces/lib/libtraj_interfaces__python.so" to ""
[12.574s] -- Installing: /home/tofstudent/sa_zhao/install/traj_interfaces/share/traj_interfaces/msg/TrajParam.idl
[12.574s] -- Installing: /home/tofstudent/sa_zhao/install/traj_interfaces/share/traj_interfaces/msg/StateMachine.idl
[12.574s] -- Installing: /home/tofstudent/sa_zhao/install/traj_interfaces/share/traj_interfaces/msg/TrajParam.msg
[12.575s] -- Installing: /home/tofstudent/sa_zhao/install/traj_interfaces/share/traj_interfaces/msg/StateMachine.msg
[12.575s] -- Installing: /home/tofstudent/sa_zhao/install/traj_interfaces/share/ament_index/resource_index/package_run_dependencies/traj_interfaces
[12.575s] -- Installing: /home/tofstudent/sa_zhao/install/traj_interfaces/share/ament_index/resource_index/parent_prefix_path/traj_interfaces
[12.575s] -- Installing: /home/tofstudent/sa_zhao/install/traj_interfaces/share/traj_interfaces/environment/ament_prefix_path.sh
[12.576s] -- Installing: /home/tofstudent/sa_zhao/install/traj_interfaces/share/traj_interfaces/environment/ament_prefix_path.dsv
[12.576s] -- Installing: /home/tofstudent/sa_zhao/install/traj_interfaces/share/traj_interfaces/environment/path.sh
[12.576s] -- Installing: /home/tofstudent/sa_zhao/install/traj_interfaces/share/traj_interfaces/environment/path.dsv
[12.576s] -- Installing: /home/tofstudent/sa_zhao/install/traj_interfaces/share/traj_interfaces/local_setup.bash
[12.576s] -- Installing: /home/tofstudent/sa_zhao/install/traj_interfaces/share/traj_interfaces/local_setup.sh
[12.577s] -- Installing: /home/tofstudent/sa_zhao/install/traj_interfaces/share/traj_interfaces/local_setup.zsh
[12.577s] -- Installing: /home/tofstudent/sa_zhao/install/traj_interfaces/share/traj_interfaces/local_setup.dsv
[12.577s] -- Installing: /home/tofstudent/sa_zhao/install/traj_interfaces/share/traj_interfaces/package.dsv
[12.577s] -- Installing: /home/tofstudent/sa_zhao/install/traj_interfaces/share/ament_index/resource_index/packages/traj_interfaces
[12.578s] -- Installing: /home/tofstudent/sa_zhao/install/traj_interfaces/share/traj_interfaces/cmake/traj_interfaces__rosidl_generator_cExport.cmake
[12.578s] -- Installing: /home/tofstudent/sa_zhao/install/traj_interfaces/share/traj_interfaces/cmake/traj_interfaces__rosidl_generator_cExport-noconfig.cmake
[12.578s] -- Installing: /home/tofstudent/sa_zhao/install/traj_interfaces/share/traj_interfaces/cmake/traj_interfaces__rosidl_typesupport_introspection_cExport.cmake
[12.578s] -- Installing: /home/tofstudent/sa_zhao/install/traj_interfaces/share/traj_interfaces/cmake/traj_interfaces__rosidl_typesupport_introspection_cExport-noconfig.cmake
[12.579s] -- Installing: /home/tofstudent/sa_zhao/install/traj_interfaces/share/traj_interfaces/cmake/traj_interfaces__rosidl_typesupport_cExport.cmake
[12.579s] -- Installing: /home/tofstudent/sa_zhao/install/traj_interfaces/share/traj_interfaces/cmake/traj_interfaces__rosidl_typesupport_cExport-noconfig.cmake
[12.579s] -- Installing: /home/tofstudent/sa_zhao/install/traj_interfaces/share/traj_interfaces/cmake/traj_interfaces__rosidl_generator_cppExport.cmake
[12.580s] -- Installing: /home/tofstudent/sa_zhao/install/traj_interfaces/share/traj_interfaces/cmake/traj_interfaces__rosidl_typesupport_introspection_cppExport.cmake
[12.580s] -- Installing: /home/tofstudent/sa_zhao/install/traj_interfaces/share/traj_interfaces/cmake/traj_interfaces__rosidl_typesupport_introspection_cppExport-noconfig.cmake
[12.580s] -- Installing: /home/tofstudent/sa_zhao/install/traj_interfaces/share/traj_interfaces/cmake/traj_interfaces__rosidl_typesupport_cppExport.cmake
[12.580s] -- Installing: /home/tofstudent/sa_zhao/install/traj_interfaces/share/traj_interfaces/cmake/traj_interfaces__rosidl_typesupport_cppExport-noconfig.cmake
[12.580s] -- Installing: /home/tofstudent/sa_zhao/install/traj_interfaces/share/traj_interfaces/cmake/rosidl_cmake-extras.cmake
[12.581s] -- Installing: /home/tofstudent/sa_zhao/install/traj_interfaces/share/traj_interfaces/cmake/ament_cmake_export_dependencies-extras.cmake
[12.581s] -- Installing: /home/tofstudent/sa_zhao/install/traj_interfaces/share/traj_interfaces/cmake/ament_cmake_export_libraries-extras.cmake
[12.581s] -- Installing: /home/tofstudent/sa_zhao/install/traj_interfaces/share/traj_interfaces/cmake/ament_cmake_export_targets-extras.cmake
[12.581s] -- Installing: /home/tofstudent/sa_zhao/install/traj_interfaces/share/traj_interfaces/cmake/ament_cmake_export_include_directories-extras.cmake
[12.582s] -- Installing: /home/tofstudent/sa_zhao/install/traj_interfaces/share/traj_interfaces/cmake/rosidl_cmake_export_typesupport_libraries-extras.cmake
[12.582s] -- Installing: /home/tofstudent/sa_zhao/install/traj_interfaces/share/traj_interfaces/cmake/rosidl_cmake_export_typesupport_targets-extras.cmake
[12.582s] -- Installing: /home/tofstudent/sa_zhao/install/traj_interfaces/share/traj_interfaces/cmake/traj_interfacesConfig.cmake
[12.582s] -- Installing: /home/tofstudent/sa_zhao/install/traj_interfaces/share/traj_interfaces/cmake/traj_interfacesConfig-version.cmake
[12.582s] -- Installing: /home/tofstudent/sa_zhao/install/traj_interfaces/share/traj_interfaces/package.xml
[12.595s] Invoked command in '/home/tofstudent/sa_zhao/build/traj_interfaces' returned '0': CMAKE_PREFIX_PATH=/opt/ros/foxy /usr/bin/cmake --install /home/tofstudent/sa_zhao/build/traj_interfaces
