[ 61%] Built target VirtualInputDevice
[100%] Built target InputDevice
-- Install configuration: ""
-- Up-to-date: /home/tofstudent/sa_zhao/install/tod_input_devices/share/tod_input_devices/launch
-- Up-to-date: /home/tofstudent/sa_zhao/install/tod_input_devices/share/tod_input_devices/launch/tod_input_devices.launch.xml
-- Up-to-date: /home/tofstudent/sa_zhao/install/tod_input_devices/share/tod_input_devices/config
-- Up-to-date: /home/tofstudent/sa_zhao/install/tod_input_devices/share/tod_input_devices/config/virtual_ros2.yaml
-- Up-to-date: /home/tofstudent/sa_zhao/install/tod_input_devices/share/tod_input_devices/config/template.yaml
-- Up-to-date: /home/tofstudent/sa_zhao/install/tod_input_devices/share/tod_input_devices/config/fanatec_ff.yaml
-- Up-to-date: /home/tofstudent/sa_zhao/install/tod_input_devices/share/tod_input_devices/config/fanatec.yaml
-- Up-to-date: /home/tofstudent/sa_zhao/install/tod_input_devices/share/tod_input_devices/config/senso.yaml
-- Up-to-date: /home/tofstudent/sa_zhao/install/tod_input_devices/share/tod_input_devices/config/xboxcontroller.yaml
-- Up-to-date: /home/tofstudent/sa_zhao/install/tod_input_devices/share/tod_input_devices/config/joystick.yaml
-- Up-to-date: /home/tofstudent/sa_zhao/install/tod_input_devices/share/tod_input_devices/config/stormjoystick.yaml
-- Up-to-date: /home/tofstudent/sa_zhao/install/tod_input_devices/share/tod_input_devices/config/virtual.yaml
-- Up-to-date: /home/tofstudent/sa_zhao/install/tod_input_devices/share/ament_index/resource_index/package_run_dependencies/tod_input_devices
-- Up-to-date: /home/tofstudent/sa_zhao/install/tod_input_devices/share/ament_index/resource_index/parent_prefix_path/tod_input_devices
-- Up-to-date: /home/tofstudent/sa_zhao/install/tod_input_devices/share/tod_input_devices/environment/ament_prefix_path.sh
-- Up-to-date: /home/tofstudent/sa_zhao/install/tod_input_devices/share/tod_input_devices/environment/ament_prefix_path.dsv
-- Up-to-date: /home/tofstudent/sa_zhao/install/tod_input_devices/share/tod_input_devices/environment/path.sh
-- Up-to-date: /home/tofstudent/sa_zhao/install/tod_input_devices/share/tod_input_devices/environment/path.dsv
-- Up-to-date: /home/tofstudent/sa_zhao/install/tod_input_devices/share/tod_input_devices/local_setup.bash
-- Up-to-date: /home/tofstudent/sa_zhao/install/tod_input_devices/share/tod_input_devices/local_setup.sh
-- Up-to-date: /home/tofstudent/sa_zhao/install/tod_input_devices/share/tod_input_devices/local_setup.zsh
-- Up-to-date: /home/tofstudent/sa_zhao/install/tod_input_devices/share/tod_input_devices/local_setup.dsv
-- Installing: /home/tofstudent/sa_zhao/install/tod_input_devices/share/tod_input_devices/package.dsv
-- Up-to-date: /home/tofstudent/sa_zhao/install/tod_input_devices/share/ament_index/resource_index/packages/tod_input_devices
-- Up-to-date: /home/tofstudent/sa_zhao/install/tod_input_devices/share/tod_input_devices/cmake/ament_cmake_export_include_directories-extras.cmake
-- Up-to-date: /home/tofstudent/sa_zhao/install/tod_input_devices/share/tod_input_devices/cmake/ament_cmake_export_dependencies-extras.cmake
-- Up-to-date: /home/tofstudent/sa_zhao/install/tod_input_devices/share/tod_input_devices/cmake/tod_input_devicesConfig.cmake
-- Up-to-date: /home/tofstudent/sa_zhao/install/tod_input_devices/share/tod_input_devices/cmake/tod_input_devicesConfig-version.cmake
-- Up-to-date: /home/tofstudent/sa_zhao/install/tod_input_devices/share/tod_input_devices/package.xml
-- Up-to-date: /home/tofstudent/sa_zhao/install/tod_input_devices/lib/tod_input_devices/InputDevice
-- Up-to-date: /home/tofstudent/sa_zhao/install/tod_input_devices/lib/libVirtualInputDevice.a
