[0.936s] Invoking command in '/home/tofstudent/sa_zhao/src/carla_spawn_objects': AMENT_PREFIX_PATH=/home/tofstudent/sa_zhao/install/ros_compatibility:/home/tofstudent/sa_zhao/install/carla_msgs:${AMENT_PREFIX_PATH} CMAKE_PREFIX_PATH=/home/tofstudent/sa_zhao/install/carla_msgs LD_LIBRARY_PATH=/home/tofstudent/sa_zhao/install/carla_msgs/lib:${LD_LIBRARY_PATH} PYTHONPATH=/home/tofstudent/sa_zhao/install/carla_spawn_objects/lib/python3.8/site-packages:/home/tofstudent/sa_zhao/install/ros_compatibility/lib/python3.8/site-packages:/home/tofstudent/sa_zhao/install/carla_msgs/lib/python3.8/site-packages:${PYTHONPATH} /usr/bin/python3 setup.py egg_info --egg-base ../../build/carla_spawn_objects build --build-base /home/tofstudent/sa_zhao/build/carla_spawn_objects/build install --prefix /home/tofstudent/sa_zhao/install/carla_spawn_objects --record /home/tofstudent/sa_zhao/build/carla_spawn_objects/install.log --single-version-externally-managed
[1.149s] running egg_info
[1.150s] creating ../../build/carla_spawn_objects/carla_spawn_objects.egg-info
[1.150s] writing ../../build/carla_spawn_objects/carla_spawn_objects.egg-info/PKG-INFO
[1.150s] writing dependency_links to ../../build/carla_spawn_objects/carla_spawn_objects.egg-info/dependency_links.txt
[1.150s] writing entry points to ../../build/carla_spawn_objects/carla_spawn_objects.egg-info/entry_points.txt
[1.150s] writing requirements to ../../build/carla_spawn_objects/carla_spawn_objects.egg-info/requires.txt
[1.150s] writing top-level names to ../../build/carla_spawn_objects/carla_spawn_objects.egg-info/top_level.txt
[1.152s] writing manifest file '../../build/carla_spawn_objects/carla_spawn_objects.egg-info/SOURCES.txt'
[1.188s] reading manifest file '../../build/carla_spawn_objects/carla_spawn_objects.egg-info/SOURCES.txt'
[1.189s] writing manifest file '../../build/carla_spawn_objects/carla_spawn_objects.egg-info/SOURCES.txt'
[1.189s] running build
[1.190s] running build_py
[1.190s] creating /home/tofstudent/sa_zhao/build/carla_spawn_objects/build
[1.190s] creating /home/tofstudent/sa_zhao/build/carla_spawn_objects/build/lib
[1.191s] creating /home/tofstudent/sa_zhao/build/carla_spawn_objects/build/lib/src
[1.191s] creating /home/tofstudent/sa_zhao/build/carla_spawn_objects/build/lib/src/carla_spawn_objects
[1.191s] copying src/carla_spawn_objects/carla_spawn_objects.py -> /home/tofstudent/sa_zhao/build/carla_spawn_objects/build/lib/src/carla_spawn_objects
[1.191s] copying src/carla_spawn_objects/__init__.py -> /home/tofstudent/sa_zhao/build/carla_spawn_objects/build/lib/src/carla_spawn_objects
[1.192s] copying src/carla_spawn_objects/set_initial_pose.py -> /home/tofstudent/sa_zhao/build/carla_spawn_objects/build/lib/src/carla_spawn_objects
[1.192s] running install
[1.192s] running install_lib
[1.193s] creating /home/tofstudent/sa_zhao/install/carla_spawn_objects/lib/python3.8/site-packages/src
[1.193s] creating /home/tofstudent/sa_zhao/install/carla_spawn_objects/lib/python3.8/site-packages/src/carla_spawn_objects
[1.193s] copying /home/tofstudent/sa_zhao/build/carla_spawn_objects/build/lib/src/carla_spawn_objects/carla_spawn_objects.py -> /home/tofstudent/sa_zhao/install/carla_spawn_objects/lib/python3.8/site-packages/src/carla_spawn_objects
[1.194s] copying /home/tofstudent/sa_zhao/build/carla_spawn_objects/build/lib/src/carla_spawn_objects/__init__.py -> /home/tofstudent/sa_zhao/install/carla_spawn_objects/lib/python3.8/site-packages/src/carla_spawn_objects
[1.194s] copying /home/tofstudent/sa_zhao/build/carla_spawn_objects/build/lib/src/carla_spawn_objects/set_initial_pose.py -> /home/tofstudent/sa_zhao/install/carla_spawn_objects/lib/python3.8/site-packages/src/carla_spawn_objects
[1.194s] byte-compiling /home/tofstudent/sa_zhao/install/carla_spawn_objects/lib/python3.8/site-packages/src/carla_spawn_objects/carla_spawn_objects.py to carla_spawn_objects.cpython-38.pyc
[1.197s] byte-compiling /home/tofstudent/sa_zhao/install/carla_spawn_objects/lib/python3.8/site-packages/src/carla_spawn_objects/__init__.py to __init__.cpython-38.pyc
[1.197s] byte-compiling /home/tofstudent/sa_zhao/install/carla_spawn_objects/lib/python3.8/site-packages/src/carla_spawn_objects/set_initial_pose.py to set_initial_pose.cpython-38.pyc
[1.198s] running install_data
[1.198s] creating /home/tofstudent/sa_zhao/install/carla_spawn_objects/share/ament_index
[1.199s] creating /home/tofstudent/sa_zhao/install/carla_spawn_objects/share/ament_index/resource_index
[1.199s] creating /home/tofstudent/sa_zhao/install/carla_spawn_objects/share/ament_index/resource_index/packages
[1.199s] copying resource/carla_spawn_objects -> /home/tofstudent/sa_zhao/install/carla_spawn_objects/share/ament_index/resource_index/packages
[1.199s] copying package.xml -> /home/tofstudent/sa_zhao/install/carla_spawn_objects/share/carla_spawn_objects
[1.200s] creating /home/tofstudent/sa_zhao/install/carla_spawn_objects/share/carla_spawn_objects/config
[1.200s] copying config/objects.json -> /home/tofstudent/sa_zhao/install/carla_spawn_objects/share/carla_spawn_objects/config
[1.200s] copying launch/carla_spawn_objects.launch.py -> /home/tofstudent/sa_zhao/install/carla_spawn_objects/share/carla_spawn_objects
[1.200s] copying launch/carla_example_ego_vehicle.launch.py -> /home/tofstudent/sa_zhao/install/carla_spawn_objects/share/carla_spawn_objects
[1.200s] copying launch/set_initial_pose.launch.py -> /home/tofstudent/sa_zhao/install/carla_spawn_objects/share/carla_spawn_objects
[1.201s] running install_egg_info
[1.201s] Copying ../../build/carla_spawn_objects/carla_spawn_objects.egg-info to /home/tofstudent/sa_zhao/install/carla_spawn_objects/lib/python3.8/site-packages/carla_spawn_objects-0.0.0-py3.8.egg-info
[1.202s] running install_scripts
[1.218s] Installing carla_spawn_objects script to /home/tofstudent/sa_zhao/install/carla_spawn_objects/lib/carla_spawn_objects
[1.218s] Installing set_initial_pose script to /home/tofstudent/sa_zhao/install/carla_spawn_objects/lib/carla_spawn_objects
[1.218s] writing list of installed files to '/home/tofstudent/sa_zhao/build/carla_spawn_objects/install.log'
