[1.506s] Invoking command in '/home/tofstudent/sa_zhao/src/ros_compatibility': PYTHONPATH=/home/tofstudent/sa_zhao/install/ros_compatibility/lib/python3.8/site-packages:${PYTHONPATH} /usr/bin/python3 setup.py egg_info --egg-base ../../build/ros_compatibility build --build-base /home/tofstudent/sa_zhao/build/ros_compatibility/build install --prefix /home/tofstudent/sa_zhao/install/ros_compatibility --record /home/tofstudent/sa_zhao/build/ros_compatibility/install.log --single-version-externally-managed
[2.511s] running egg_info
[2.512s] creating ../../build/ros_compatibility/ros_compatibility.egg-info
[2.512s] writing ../../build/ros_compatibility/ros_compatibility.egg-info/PKG-INFO
[2.513s] writing dependency_links to ../../build/ros_compatibility/ros_compatibility.egg-info/dependency_links.txt
[2.513s] writing requirements to ../../build/ros_compatibility/ros_compatibility.egg-info/requires.txt
[2.513s] writing top-level names to ../../build/ros_compatibility/ros_compatibility.egg-info/top_level.txt
[2.513s] writing manifest file '../../build/ros_compatibility/ros_compatibility.egg-info/SOURCES.txt'
[2.513s] reading manifest file '../../build/ros_compatibility/ros_compatibility.egg-info/SOURCES.txt'
[2.513s] writing manifest file '../../build/ros_compatibility/ros_compatibility.egg-info/SOURCES.txt'
[2.513s] running build
[2.513s] running build_py
[2.513s] creating /home/tofstudent/sa_zhao/build/ros_compatibility/build
[2.513s] creating /home/tofstudent/sa_zhao/build/ros_compatibility/build/lib
[2.513s] creating /home/tofstudent/sa_zhao/build/ros_compatibility/build/lib/ros_compatibility
[2.514s] copying src/ros_compatibility/core.py -> /home/tofstudent/sa_zhao/build/ros_compatibility/build/lib/ros_compatibility
[2.514s] copying src/ros_compatibility/logging.py -> /home/tofstudent/sa_zhao/build/ros_compatibility/build/lib/ros_compatibility
[2.514s] copying src/ros_compatibility/executors.py -> /home/tofstudent/sa_zhao/build/ros_compatibility/build/lib/ros_compatibility
[2.514s] copying src/ros_compatibility/node.py -> /home/tofstudent/sa_zhao/build/ros_compatibility/build/lib/ros_compatibility
[2.514s] copying src/ros_compatibility/__init__.py -> /home/tofstudent/sa_zhao/build/ros_compatibility/build/lib/ros_compatibility
[2.514s] copying src/ros_compatibility/qos.py -> /home/tofstudent/sa_zhao/build/ros_compatibility/build/lib/ros_compatibility
[2.514s] copying src/ros_compatibility/callback_groups.py -> /home/tofstudent/sa_zhao/build/ros_compatibility/build/lib/ros_compatibility
[2.514s] copying src/ros_compatibility/exceptions.py -> /home/tofstudent/sa_zhao/build/ros_compatibility/build/lib/ros_compatibility
[2.514s] running install
[2.514s] running install_lib
[2.514s] creating /home/tofstudent/sa_zhao/install/ros_compatibility/lib/python3.8/site-packages/ros_compatibility
[2.515s] copying /home/tofstudent/sa_zhao/build/ros_compatibility/build/lib/ros_compatibility/core.py -> /home/tofstudent/sa_zhao/install/ros_compatibility/lib/python3.8/site-packages/ros_compatibility
[2.515s] copying /home/tofstudent/sa_zhao/build/ros_compatibility/build/lib/ros_compatibility/logging.py -> /home/tofstudent/sa_zhao/install/ros_compatibility/lib/python3.8/site-packages/ros_compatibility
[2.515s] copying /home/tofstudent/sa_zhao/build/ros_compatibility/build/lib/ros_compatibility/executors.py -> /home/tofstudent/sa_zhao/install/ros_compatibility/lib/python3.8/site-packages/ros_compatibility
[2.515s] copying /home/tofstudent/sa_zhao/build/ros_compatibility/build/lib/ros_compatibility/node.py -> /home/tofstudent/sa_zhao/install/ros_compatibility/lib/python3.8/site-packages/ros_compatibility
[2.515s] copying /home/tofstudent/sa_zhao/build/ros_compatibility/build/lib/ros_compatibility/__init__.py -> /home/tofstudent/sa_zhao/install/ros_compatibility/lib/python3.8/site-packages/ros_compatibility
[2.515s] copying /home/tofstudent/sa_zhao/build/ros_compatibility/build/lib/ros_compatibility/qos.py -> /home/tofstudent/sa_zhao/install/ros_compatibility/lib/python3.8/site-packages/ros_compatibility
[2.515s] copying /home/tofstudent/sa_zhao/build/ros_compatibility/build/lib/ros_compatibility/callback_groups.py -> /home/tofstudent/sa_zhao/install/ros_compatibility/lib/python3.8/site-packages/ros_compatibility
[2.515s] copying /home/tofstudent/sa_zhao/build/ros_compatibility/build/lib/ros_compatibility/exceptions.py -> /home/tofstudent/sa_zhao/install/ros_compatibility/lib/python3.8/site-packages/ros_compatibility
[2.515s] byte-compiling /home/tofstudent/sa_zhao/install/ros_compatibility/lib/python3.8/site-packages/ros_compatibility/core.py to core.cpython-38.pyc
[2.515s] byte-compiling /home/tofstudent/sa_zhao/install/ros_compatibility/lib/python3.8/site-packages/ros_compatibility/logging.py to logging.cpython-38.pyc
[2.515s] byte-compiling /home/tofstudent/sa_zhao/install/ros_compatibility/lib/python3.8/site-packages/ros_compatibility/executors.py to executors.cpython-38.pyc
[2.516s] byte-compiling /home/tofstudent/sa_zhao/install/ros_compatibility/lib/python3.8/site-packages/ros_compatibility/node.py to node.cpython-38.pyc
[2.516s] byte-compiling /home/tofstudent/sa_zhao/install/ros_compatibility/lib/python3.8/site-packages/ros_compatibility/__init__.py to __init__.cpython-38.pyc
[2.516s] byte-compiling /home/tofstudent/sa_zhao/install/ros_compatibility/lib/python3.8/site-packages/ros_compatibility/qos.py to qos.cpython-38.pyc
[2.516s] byte-compiling /home/tofstudent/sa_zhao/install/ros_compatibility/lib/python3.8/site-packages/ros_compatibility/callback_groups.py to callback_groups.cpython-38.pyc
[2.516s] byte-compiling /home/tofstudent/sa_zhao/install/ros_compatibility/lib/python3.8/site-packages/ros_compatibility/exceptions.py to exceptions.cpython-38.pyc
[2.516s] running install_data
[2.516s] creating /home/tofstudent/sa_zhao/install/ros_compatibility/share/ament_index
[2.516s] creating /home/tofstudent/sa_zhao/install/ros_compatibility/share/ament_index/resource_index
[2.516s] creating /home/tofstudent/sa_zhao/install/ros_compatibility/share/ament_index/resource_index/packages
[2.516s] copying resource/ros_compatibility -> /home/tofstudent/sa_zhao/install/ros_compatibility/share/ament_index/resource_index/packages
[2.516s] copying package.xml -> /home/tofstudent/sa_zhao/install/ros_compatibility/share/ros_compatibility
[2.516s] running install_egg_info
[2.517s] Copying ../../build/ros_compatibility/ros_compatibility.egg-info to /home/tofstudent/sa_zhao/install/ros_compatibility/lib/python3.8/site-packages/ros_compatibility-0.0.0-py3.8.egg-info
[2.517s] running install_scripts
[2.517s] writing list of installed files to '/home/tofstudent/sa_zhao/build/ros_compatibility/install.log'
[2.530s] Invoked command in '/home/tofstudent/sa_zhao/src/ros_compatibility' returned '0': PYTHONPATH=/home/tofstudent/sa_zhao/install/ros_compatibility/lib/python3.8/site-packages:${PYTHONPATH} /usr/bin/python3 setup.py egg_info --egg-base ../../build/ros_compatibility build --build-base /home/tofstudent/sa_zhao/build/ros_compatibility/build install --prefix /home/tofstudent/sa_zhao/install/ros_compatibility --record /home/tofstudent/sa_zhao/build/ros_compatibility/install.log --single-version-externally-managed
