[35m[1mScanning dependencies of target UsbInputDevice[0m
[ 12%] [32mBuilding CXX object src/UsbInputDevice/CMakeFiles/UsbInputDevice.dir/UsbInputDevice.cpp.o[0m
In file included from [01m[K/home/tofstudent/sa_zhao/src/tod_input_devices/src/UsbInputDevice/UsbInputDevice.cpp:2[m[K:
[01m[K/home/tofstudent/sa_zhao/src/tod_input_devices/src/UsbInputDevice/UsbInputDevice.h:17:42:[m[K [01;31m[Kerror: [m[Kexpected class-name before ‘[01m[K{[m[K’ token
 class UsbInputDevice : public InputDevice[01;31m[K{[m[K
                                          [01;31m[K^[m[K
[01m[K/home/tofstudent/sa_zhao/src/tod_input_devices/src/UsbInputDevice/UsbInputDevice.h:24:10:[m[K [01;31m[Kerror: [m[K‘[01m[Kbool UsbInputDevice::activate()[m[K’ marked ‘[01m[Koverride[m[K’, but does not override
     bool [01;31m[Kactivate[m[K() override;
          [01;31m[K^~~~~~~~[m[K
[01m[K/home/tofstudent/sa_zhao/src/tod_input_devices/src/UsbInputDevice/UsbInputDevice.h:25:10:[m[K [01;31m[Kerror: [m[K‘[01m[Kbool UsbInputDevice::deactivate()[m[K’ marked ‘[01m[Koverride[m[K’, but does not override
     bool [01;31m[Kdeactivate[m[K() override;
          [01;31m[K^~~~~~~~~~[m[K
[01m[K/home/tofstudent/sa_zhao/src/tod_input_devices/src/UsbInputDevice/UsbInputDevice.cpp:[m[K In constructor ‘[01m[KUsbInputDevice::UsbInputDevice(std::function<void(int, double)>, std::function<void(int, int)>, std::function<void(const std::__cxx11::basic_string<char>&)>)[m[K’:
[01m[K/home/tofstudent/sa_zhao/src/tod_input_devices/src/UsbInputDevice/UsbInputDevice.cpp:7:12:[m[K [01;31m[Kerror: [m[Kclass ‘[01m[KUsbInputDevice[m[K’ does not have any field named ‘[01m[KInputDevice[m[K’
          : [01;31m[KInputDevice[m[K(axisCb, buttonCb, errorCb) {
            [01;31m[K^~~~~~~~~~~[m[K
[01m[K/home/tofstudent/sa_zhao/src/tod_input_devices/src/UsbInputDevice/UsbInputDevice.cpp:[m[K In member function ‘[01m[Kbool UsbInputDevice::activate()[m[K’:
[01m[K/home/tofstudent/sa_zhao/src/tod_input_devices/src/UsbInputDevice/UsbInputDevice.cpp:22:37:[m[K [01;31m[Kerror: [m[K‘[01m[K_correction[m[K’ was not declared in this scope
     if (!Correction::set_correction([01;31m[K_correction[m[K.c_str(), _js))
                                     [01;31m[K^~~~~~~~~~~[m[K
[01m[K/home/tofstudent/sa_zhao/src/tod_input_devices/src/UsbInputDevice/UsbInputDevice.cpp:22:37:[m[K [01;36m[Knote: [m[Ksuggested alternative: ‘[01m[KCorrection[m[K’
     if (!Correction::set_correction([01;36m[K_correction[m[K.c_str(), _js))
                                     [01;36m[K^~~~~~~~~~~[m[K
                                     [32m[KCorrection[m[K
[01m[K/home/tofstudent/sa_zhao/src/tod_input_devices/src/UsbInputDevice/UsbInputDevice.cpp:25:5:[m[K [01;31m[Kerror: [m[K‘[01m[Krunning[m[K’ was not declared in this scope
     [01;31m[Krunning[m[K = true;
     [01;31m[K^~~~~~~[m[K
[01m[K/home/tofstudent/sa_zhao/src/tod_input_devices/src/UsbInputDevice/UsbInputDevice.cpp:25:5:[m[K [01;36m[Knote: [m[Ksuggested alternative: ‘[01m[Kunlink[m[K’
     [01;36m[Krunning[m[K = true;
     [01;36m[K^~~~~~~[m[K
     [32m[Kunlink[m[K
[01m[K/home/tofstudent/sa_zhao/src/tod_input_devices/src/UsbInputDevice/UsbInputDevice.cpp:[m[K In member function ‘[01m[Kbool UsbInputDevice::deactivate()[m[K’:
[01m[K/home/tofstudent/sa_zhao/src/tod_input_devices/src/UsbInputDevice/UsbInputDevice.cpp:31:9:[m[K [01;31m[Kerror: [m[K‘[01m[Krunning[m[K’ was not declared in this scope
     if ([01;31m[Krunning[m[K) {
         [01;31m[K^~~~~~~[m[K
[01m[K/home/tofstudent/sa_zhao/src/tod_input_devices/src/UsbInputDevice/UsbInputDevice.cpp:31:9:[m[K [01;36m[Knote: [m[Ksuggested alternative: ‘[01m[Kunlink[m[K’
     if ([01;36m[Krunning[m[K) {
         [01;36m[K^~~~~~~[m[K
         [32m[Kunlink[m[K
[01m[K/home/tofstudent/sa_zhao/src/tod_input_devices/src/UsbInputDevice/UsbInputDevice.cpp:[m[K In member function ‘[01m[Kvoid UsbInputDevice::run()[m[K’:
[01m[K/home/tofstudent/sa_zhao/src/tod_input_devices/src/UsbInputDevice/UsbInputDevice.cpp:44:12:[m[K [01;31m[Kerror: [m[K‘[01m[Krunning[m[K’ was not declared in this scope
     while ([01;31m[Krunning[m[K) {
            [01;31m[K^~~~~~~[m[K
[01m[K/home/tofstudent/sa_zhao/src/tod_input_devices/src/UsbInputDevice/UsbInputDevice.cpp:44:12:[m[K [01;36m[Knote: [m[Ksuggested alternative: ‘[01m[Kunlink[m[K’
     while ([01;36m[Krunning[m[K) {
            [01;36m[K^~~~~~~[m[K
            [32m[Kunlink[m[K
[01m[K/home/tofstudent/sa_zhao/src/tod_input_devices/src/UsbInputDevice/UsbInputDevice.cpp:49:17:[m[K [01;31m[Kerror: [m[K‘[01m[KerrorCallback[m[K’ was not declared in this scope
                 [01;31m[KerrorCallback[m[K("USB Input Device - Check Connection and restart!");
                 [01;31m[K^~~~~~~~~~~~~[m[K
[01m[K/home/tofstudent/sa_zhao/src/tod_input_devices/src/UsbInputDevice/UsbInputDevice.cpp:53:17:[m[K [01;31m[Kerror: [m[K‘[01m[KbuttonCallback[m[K’ was not declared in this scope
                 [01;31m[KbuttonCallback[m[K(_jsevent.number, _jsevent.value);
                 [01;31m[K^~~~~~~~~~~~~~[m[K
[01m[K/home/tofstudent/sa_zhao/src/tod_input_devices/src/UsbInputDevice/UsbInputDevice.cpp:56:47:[m[K [01;31m[Kerror: [m[K‘[01m[KscaleValue[m[K’ was not declared in this scope
                 axisCallback(_jsevent.number, [01;31m[KscaleValue[m[K(_jsevent.value,
                                               [01;31m[K^~~~~~~~~~[m[K
[01m[K/home/tofstudent/sa_zhao/src/tod_input_devices/src/UsbInputDevice/UsbInputDevice.cpp:56:47:[m[K [01;36m[Knote: [m[Ksuggested alternative: ‘[01m[Ksetlocale[m[K’
                 axisCallback(_jsevent.number, [01;36m[KscaleValue[m[K(_jsevent.value,
                                               [01;36m[K^~~~~~~~~~[m[K
                                               [32m[Ksetlocale[m[K
[01m[K/home/tofstudent/sa_zhao/src/tod_input_devices/src/UsbInputDevice/UsbInputDevice.cpp:56:17:[m[K [01;31m[Kerror: [m[K‘[01m[KaxisCallback[m[K’ was not declared in this scope
                 [01;31m[KaxisCallback[m[K(_jsevent.number, scaleValue(_jsevent.value,
                 [01;31m[K^~~~~~~~~~~~[m[K
[01m[K/home/tofstudent/sa_zhao/src/tod_input_devices/src/UsbInputDevice/UsbInputDevice.cpp:[m[K In member function ‘[01m[Kvoid UsbInputDevice::init_size()[m[K’:
[01m[K/home/tofstudent/sa_zhao/src/tod_input_devices/src/UsbInputDevice/UsbInputDevice.cpp:88:9:[m[K [01;31m[Kerror: [m[K‘[01m[K_numberOfAxes[m[K’ was not declared in this scope
         [01;31m[K_numberOfAxes[m[K = 0;
         [01;31m[K^~~~~~~~~~~~~[m[K
[01m[K/home/tofstudent/sa_zhao/src/tod_input_devices/src/UsbInputDevice/UsbInputDevice.cpp:90:9:[m[K [01;31m[Kerror: [m[K‘[01m[K_numberOfAxes[m[K’ was not declared in this scope
         [01;31m[K_numberOfAxes[m[K = (int)axes;
         [01;31m[K^~~~~~~~~~~~~[m[K
[01m[K/home/tofstudent/sa_zhao/src/tod_input_devices/src/UsbInputDevice/UsbInputDevice.cpp:93:9:[m[K [01;31m[Kerror: [m[K‘[01m[K_numberOfButtons[m[K’ was not declared in this scope
         [01;31m[K_numberOfButtons[m[K = 0;
         [01;31m[K^~~~~~~~~~~~~~~~[m[K
[01m[K/home/tofstudent/sa_zhao/src/tod_input_devices/src/UsbInputDevice/UsbInputDevice.cpp:95:9:[m[K [01;31m[Kerror: [m[K‘[01m[K_numberOfButtons[m[K’ was not declared in this scope
         [01;31m[K_numberOfButtons[m[K = (int)buttons;
         [01;31m[K^~~~~~~~~~~~~~~~[m[K
make[2]: *** [src/UsbInputDevice/CMakeFiles/UsbInputDevice.dir/build.make:63: src/UsbInputDevice/CMakeFiles/UsbInputDevice.dir/UsbInputDevice.cpp.o] Error 1
make[1]: *** [CMakeFiles/Makefile2:197: src/UsbInputDevice/CMakeFiles/UsbInputDevice.dir/all] Error 2
make: *** [Makefile:141: all] Error 2
