[0.089s] Invoking command in '/home/tofstudent/sa_zhao/build/carla_msgs': CMAKE_PREFIX_PATH=/opt/ros/foxy /usr/bin/cmake --build /home/tofstudent/sa_zhao/build/carla_msgs -- -j8 -l8
[0.373s] [  0%] Built target carla_msgs__cpp
[0.373s] [ 12%] Built target carla_msgs__rosidl_generator_c
[0.374s] [ 25%] Built target carla_msgs__rosidl_typesupport_introspection_cpp
[0.374s] [ 37%] Built target carla_msgs__rosidl_typesupport_cpp
[0.374s] [ 49%] Built target carla_msgs__rosidl_typesupport_fastrtps_cpp
[0.374s] [ 61%] Built target carla_msgs__rosidl_typesupport_c
[0.374s] [ 73%] Built target carla_msgs__rosidl_typesupport_introspection_c
[0.374s] [ 85%] Built target carla_msgs__rosidl_typesupport_fastrtps_c
[0.374s] [ 85%] Built target carla_msgs
[0.387s] [ 86%] Built target carla_msgs__py
[0.509s] [ 97%] Built target carla_msgs__python
[0.569s] [ 98%] Built target carla_msgs__rosidl_typesupport_introspection_c__pyext
[0.584s] [ 99%] Built target carla_msgs__rosidl_typesupport_c__pyext
[0.585s] [100%] Built target carla_msgs__rosidl_typesupport_fastrtps_c__pyext
[0.794s] Invoked command in '/home/tofstudent/sa_zhao/build/carla_msgs' returned '0': CMAKE_PREFIX_PATH=/opt/ros/foxy /usr/bin/cmake --build /home/tofstudent/sa_zhao/build/carla_msgs -- -j8 -l8
[1.429s] Invoking command in '/home/tofstudent/sa_zhao/build/carla_msgs': CMAKE_PREFIX_PATH=/opt/ros/foxy /usr/bin/cmake --install /home/tofstudent/sa_zhao/build/carla_msgs
[1.460s] -- Install configuration: ""
[1.464s] -- Up-to-date: /home/tofstudent/sa_zhao/install/carla_msgs/share/ament_index/resource_index/rosidl_interfaces/carla_msgs
[1.465s] -- Up-to-date: /home/tofstudent/sa_zhao/install/carla_msgs/include/carla_msgs
[1.465s] -- Up-to-date: /home/tofstudent/sa_zhao/install/carla_msgs/include/carla_msgs/srv
[1.466s] -- Up-to-date: /home/tofstudent/sa_zhao/install/carla_msgs/include/carla_msgs/srv/destroy_object.h
[1.466s] -- Up-to-date: /home/tofstudent/sa_zhao/install/carla_msgs/include/carla_msgs/srv/detail
[1.466s] -- Up-to-date: /home/tofstudent/sa_zhao/install/carla_msgs/include/carla_msgs/srv/detail/spawn_object__functions.h
[1.466s] -- Up-to-date: /home/tofstudent/sa_zhao/install/carla_msgs/include/carla_msgs/srv/detail/destroy_object__type_support.h
[1.466s] -- Up-to-date: /home/tofstudent/sa_zhao/install/carla_msgs/include/carla_msgs/srv/detail/get_blueprints__type_support.h
[1.466s] -- Up-to-date: /home/tofstudent/sa_zhao/install/carla_msgs/include/carla_msgs/srv/detail/get_blueprints__struct.h
[1.466s] -- Up-to-date: /home/tofstudent/sa_zhao/install/carla_msgs/include/carla_msgs/srv/detail/destroy_object__functions.h
[1.466s] -- Up-to-date: /home/tofstudent/sa_zhao/install/carla_msgs/include/carla_msgs/srv/detail/destroy_object__functions.c
[1.466s] -- Up-to-date: /home/tofstudent/sa_zhao/install/carla_msgs/include/carla_msgs/srv/detail/destroy_object__struct.h
[1.467s] -- Up-to-date: /home/tofstudent/sa_zhao/install/carla_msgs/include/carla_msgs/srv/detail/get_blueprints__functions.c
[1.467s] -- Up-to-date: /home/tofstudent/sa_zhao/install/carla_msgs/include/carla_msgs/srv/detail/spawn_object__struct.h
[1.467s] -- Up-to-date: /home/tofstudent/sa_zhao/install/carla_msgs/include/carla_msgs/srv/detail/spawn_object__functions.c
[1.468s] -- Up-to-date: /home/tofstudent/sa_zhao/install/carla_msgs/include/carla_msgs/srv/detail/get_blueprints__functions.h
[1.468s] -- Up-to-date: /home/tofstudent/sa_zhao/install/carla_msgs/include/carla_msgs/srv/detail/spawn_object__type_support.h
[1.468s] -- Up-to-date: /home/tofstudent/sa_zhao/install/carla_msgs/include/carla_msgs/srv/spawn_object.h
[1.469s] -- Up-to-date: /home/tofstudent/sa_zhao/install/carla_msgs/include/carla_msgs/srv/get_blueprints.h
[1.469s] -- Up-to-date: /home/tofstudent/sa_zhao/install/carla_msgs/include/carla_msgs/msg
[1.470s] -- Up-to-date: /home/tofstudent/sa_zhao/install/carla_msgs/include/carla_msgs/msg/carla_traffic_light_status_list.h
[1.471s] -- Up-to-date: /home/tofstudent/sa_zhao/install/carla_msgs/include/carla_msgs/msg/carla_traffic_light_info.h
[1.471s] -- Up-to-date: /home/tofstudent/sa_zhao/install/carla_msgs/include/carla_msgs/msg/carla_collision_event.h
[1.471s] -- Up-to-date: /home/tofstudent/sa_zhao/install/carla_msgs/include/carla_msgs/msg/carla_walker_control.h
[1.471s] -- Up-to-date: /home/tofstudent/sa_zhao/install/carla_msgs/include/carla_msgs/msg/carla_actor_list.h
[1.471s] -- Up-to-date: /home/tofstudent/sa_zhao/install/carla_msgs/include/carla_msgs/msg/carla_weather_parameters.h
[1.472s] -- Up-to-date: /home/tofstudent/sa_zhao/install/carla_msgs/include/carla_msgs/msg/carla_world_info.h
[1.472s] -- Up-to-date: /home/tofstudent/sa_zhao/install/carla_msgs/include/carla_msgs/msg/carla_ego_vehicle_info_wheel.h
[1.472s] -- Up-to-date: /home/tofstudent/sa_zhao/install/carla_msgs/include/carla_msgs/msg/carla_status.h
[1.472s] -- Up-to-date: /home/tofstudent/sa_zhao/install/carla_msgs/include/carla_msgs/msg/carla_ego_vehicle_control.h
[1.472s] -- Up-to-date: /home/tofstudent/sa_zhao/install/carla_msgs/include/carla_msgs/msg/detail
[1.472s] -- Up-to-date: /home/tofstudent/sa_zhao/install/carla_msgs/include/carla_msgs/msg/detail/carla_status__functions.h
[1.473s] -- Up-to-date: /home/tofstudent/sa_zhao/install/carla_msgs/include/carla_msgs/msg/detail/carla_ego_vehicle_info_wheel__functions.c
[1.473s] -- Up-to-date: /home/tofstudent/sa_zhao/install/carla_msgs/include/carla_msgs/msg/detail/carla_ego_vehicle_control__functions.h
[1.474s] -- Up-to-date: /home/tofstudent/sa_zhao/install/carla_msgs/include/carla_msgs/msg/detail/carla_lane_invasion_event__struct.h
[1.474s] -- Up-to-date: /home/tofstudent/sa_zhao/install/carla_msgs/include/carla_msgs/msg/detail/carla_world_info__struct.h
[1.475s] -- Up-to-date: /home/tofstudent/sa_zhao/install/carla_msgs/include/carla_msgs/msg/detail/carla_walker_control__functions.h
[1.475s] -- Up-to-date: /home/tofstudent/sa_zhao/install/carla_msgs/include/carla_msgs/msg/detail/carla_ego_vehicle_info_wheel__type_support.h
[1.475s] -- Up-to-date: /home/tofstudent/sa_zhao/install/carla_msgs/include/carla_msgs/msg/detail/carla_control__functions.h
[1.475s] -- Up-to-date: /home/tofstudent/sa_zhao/install/carla_msgs/include/carla_msgs/msg/detail/carla_traffic_light_status__functions.h
[1.475s] -- Up-to-date: /home/tofstudent/sa_zhao/install/carla_msgs/include/carla_msgs/msg/detail/carla_actor_info__type_support.h
[1.475s] -- Up-to-date: /home/tofstudent/sa_zhao/install/carla_msgs/include/carla_msgs/msg/detail/carla_ego_vehicle_info__type_support.h
[1.475s] -- Up-to-date: /home/tofstudent/sa_zhao/install/carla_msgs/include/carla_msgs/msg/detail/carla_world_info__type_support.h
[1.476s] -- Up-to-date: /home/tofstudent/sa_zhao/install/carla_msgs/include/carla_msgs/msg/detail/carla_lane_invasion_event__functions.h
[1.476s] -- Up-to-date: /home/tofstudent/sa_zhao/install/carla_msgs/include/carla_msgs/msg/detail/carla_bounding_box__functions.h
[1.476s] -- Up-to-date: /home/tofstudent/sa_zhao/install/carla_msgs/include/carla_msgs/msg/detail/carla_actor_info__struct.h
[1.476s] -- Up-to-date: /home/tofstudent/sa_zhao/install/carla_msgs/include/carla_msgs/msg/detail/carla_weather_parameters__type_support.h
[1.476s] -- Up-to-date: /home/tofstudent/sa_zhao/install/carla_msgs/include/carla_msgs/msg/detail/carla_ego_vehicle_control__functions.c
[1.476s] -- Up-to-date: /home/tofstudent/sa_zhao/install/carla_msgs/include/carla_msgs/msg/detail/carla_actor_list__functions.h
[1.477s] -- Up-to-date: /home/tofstudent/sa_zhao/install/carla_msgs/include/carla_msgs/msg/detail/carla_ego_vehicle_status__functions.c
[1.477s] -- Up-to-date: /home/tofstudent/sa_zhao/install/carla_msgs/include/carla_msgs/msg/detail/carla_ego_vehicle_status__type_support.h
[1.477s] -- Up-to-date: /home/tofstudent/sa_zhao/install/carla_msgs/include/carla_msgs/msg/detail/carla_collision_event__struct.h
[1.477s] -- Up-to-date: /home/tofstudent/sa_zhao/install/carla_msgs/include/carla_msgs/msg/detail/carla_traffic_light_info_list__functions.c
[1.477s] -- Up-to-date: /home/tofstudent/sa_zhao/install/carla_msgs/include/carla_msgs/msg/detail/carla_actor_list__type_support.h
[1.477s] -- Up-to-date: /home/tofstudent/sa_zhao/install/carla_msgs/include/carla_msgs/msg/detail/carla_ego_vehicle_info_wheel__functions.h
[1.477s] -- Up-to-date: /home/tofstudent/sa_zhao/install/carla_msgs/include/carla_msgs/msg/detail/carla_actor_info__functions.c
[1.477s] -- Up-to-date: /home/tofstudent/sa_zhao/install/carla_msgs/include/carla_msgs/msg/detail/carla_bounding_box__type_support.h
[1.477s] -- Up-to-date: /home/tofstudent/sa_zhao/install/carla_msgs/include/carla_msgs/msg/detail/carla_traffic_light_info_list__type_support.h
[1.477s] -- Up-to-date: /home/tofstudent/sa_zhao/install/carla_msgs/include/carla_msgs/msg/detail/carla_walker_control__struct.h
[1.478s] -- Up-to-date: /home/tofstudent/sa_zhao/install/carla_msgs/include/carla_msgs/msg/detail/carla_collision_event__functions.c
[1.478s] -- Up-to-date: /home/tofstudent/sa_zhao/install/carla_msgs/include/carla_msgs/msg/detail/carla_weather_parameters__struct.h
[1.478s] -- Up-to-date: /home/tofstudent/sa_zhao/install/carla_msgs/include/carla_msgs/msg/detail/carla_ego_vehicle_status__struct.h
[1.478s] -- Up-to-date: /home/tofstudent/sa_zhao/install/carla_msgs/include/carla_msgs/msg/detail/carla_control__functions.c
[1.478s] -- Up-to-date: /home/tofstudent/sa_zhao/install/carla_msgs/include/carla_msgs/msg/detail/carla_traffic_light_info_list__functions.h
[1.478s] -- Up-to-date: /home/tofstudent/sa_zhao/install/carla_msgs/include/carla_msgs/msg/detail/carla_traffic_light_status__functions.c
[1.478s] -- Up-to-date: /home/tofstudent/sa_zhao/install/carla_msgs/include/carla_msgs/msg/detail/carla_ego_vehicle_control__type_support.h
[1.478s] -- Up-to-date: /home/tofstudent/sa_zhao/install/carla_msgs/include/carla_msgs/msg/detail/carla_status__functions.c
[1.478s] -- Up-to-date: /home/tofstudent/sa_zhao/install/carla_msgs/include/carla_msgs/msg/detail/carla_world_info__functions.h
[1.478s] -- Up-to-date: /home/tofstudent/sa_zhao/install/carla_msgs/include/carla_msgs/msg/detail/carla_ego_vehicle_control__struct.h
[1.478s] -- Up-to-date: /home/tofstudent/sa_zhao/install/carla_msgs/include/carla_msgs/msg/detail/carla_walker_control__functions.c
[1.479s] -- Up-to-date: /home/tofstudent/sa_zhao/install/carla_msgs/include/carla_msgs/msg/detail/carla_ego_vehicle_info__functions.c
[1.479s] -- Up-to-date: /home/tofstudent/sa_zhao/install/carla_msgs/include/carla_msgs/msg/detail/carla_traffic_light_status__type_support.h
[1.479s] -- Up-to-date: /home/tofstudent/sa_zhao/install/carla_msgs/include/carla_msgs/msg/detail/carla_bounding_box__functions.c
[1.479s] -- Up-to-date: /home/tofstudent/sa_zhao/install/carla_msgs/include/carla_msgs/msg/detail/carla_traffic_light_status__struct.h
[1.479s] -- Up-to-date: /home/tofstudent/sa_zhao/install/carla_msgs/include/carla_msgs/msg/detail/carla_actor_list__functions.c
[1.479s] -- Up-to-date: /home/tofstudent/sa_zhao/install/carla_msgs/include/carla_msgs/msg/detail/carla_control__struct.h
[1.479s] -- Up-to-date: /home/tofstudent/sa_zhao/install/carla_msgs/include/carla_msgs/msg/detail/carla_ego_vehicle_info__struct.h
[1.479s] -- Up-to-date: /home/tofstudent/sa_zhao/install/carla_msgs/include/carla_msgs/msg/detail/carla_ego_vehicle_info_wheel__struct.h
[1.479s] -- Up-to-date: /home/tofstudent/sa_zhao/install/carla_msgs/include/carla_msgs/msg/detail/carla_traffic_light_info_list__struct.h
[1.479s] -- Up-to-date: /home/tofstudent/sa_zhao/install/carla_msgs/include/carla_msgs/msg/detail/carla_collision_event__functions.h
[1.480s] -- Up-to-date: /home/tofstudent/sa_zhao/install/carla_msgs/include/carla_msgs/msg/detail/carla_bounding_box__struct.h
[1.480s] -- Up-to-date: /home/tofstudent/sa_zhao/install/carla_msgs/include/carla_msgs/msg/detail/carla_traffic_light_info__struct.h
[1.480s] -- Up-to-date: /home/tofstudent/sa_zhao/install/carla_msgs/include/carla_msgs/msg/detail/carla_control__type_support.h
[1.480s] -- Up-to-date: /home/tofstudent/sa_zhao/install/carla_msgs/include/carla_msgs/msg/detail/carla_lane_invasion_event__type_support.h
[1.480s] -- Up-to-date: /home/tofstudent/sa_zhao/install/carla_msgs/include/carla_msgs/msg/detail/carla_weather_parameters__functions.c
[1.480s] -- Up-to-date: /home/tofstudent/sa_zhao/install/carla_msgs/include/carla_msgs/msg/detail/carla_walker_control__type_support.h
[1.480s] -- Up-to-date: /home/tofstudent/sa_zhao/install/carla_msgs/include/carla_msgs/msg/detail/carla_traffic_light_status_list__functions.h
[1.480s] -- Up-to-date: /home/tofstudent/sa_zhao/install/carla_msgs/include/carla_msgs/msg/detail/carla_traffic_light_status_list__type_support.h
[1.480s] -- Up-to-date: /home/tofstudent/sa_zhao/install/carla_msgs/include/carla_msgs/msg/detail/carla_traffic_light_info__functions.c
[1.480s] -- Up-to-date: /home/tofstudent/sa_zhao/install/carla_msgs/include/carla_msgs/msg/detail/carla_collision_event__type_support.h
[1.480s] -- Up-to-date: /home/tofstudent/sa_zhao/install/carla_msgs/include/carla_msgs/msg/detail/carla_lane_invasion_event__functions.c
[1.481s] -- Up-to-date: /home/tofstudent/sa_zhao/install/carla_msgs/include/carla_msgs/msg/detail/carla_ego_vehicle_status__functions.h
[1.481s] -- Up-to-date: /home/tofstudent/sa_zhao/install/carla_msgs/include/carla_msgs/msg/detail/carla_ego_vehicle_info__functions.h
[1.481s] -- Up-to-date: /home/tofstudent/sa_zhao/install/carla_msgs/include/carla_msgs/msg/detail/carla_status__struct.h
[1.481s] -- Up-to-date: /home/tofstudent/sa_zhao/install/carla_msgs/include/carla_msgs/msg/detail/carla_weather_parameters__functions.h
[1.481s] -- Up-to-date: /home/tofstudent/sa_zhao/install/carla_msgs/include/carla_msgs/msg/detail/carla_traffic_light_info__type_support.h
[1.481s] -- Up-to-date: /home/tofstudent/sa_zhao/install/carla_msgs/include/carla_msgs/msg/detail/carla_traffic_light_status_list__struct.h
[1.481s] -- Up-to-date: /home/tofstudent/sa_zhao/install/carla_msgs/include/carla_msgs/msg/detail/carla_traffic_light_info__functions.h
[1.481s] -- Up-to-date: /home/tofstudent/sa_zhao/install/carla_msgs/include/carla_msgs/msg/detail/carla_world_info__functions.c
[1.482s] -- Up-to-date: /home/tofstudent/sa_zhao/install/carla_msgs/include/carla_msgs/msg/detail/carla_traffic_light_status_list__functions.c
[1.482s] -- Up-to-date: /home/tofstudent/sa_zhao/install/carla_msgs/include/carla_msgs/msg/detail/carla_actor_list__struct.h
[1.482s] -- Up-to-date: /home/tofstudent/sa_zhao/install/carla_msgs/include/carla_msgs/msg/detail/carla_actor_info__functions.h
[1.482s] -- Up-to-date: /home/tofstudent/sa_zhao/install/carla_msgs/include/carla_msgs/msg/detail/carla_status__type_support.h
[1.482s] -- Up-to-date: /home/tofstudent/sa_zhao/install/carla_msgs/include/carla_msgs/msg/carla_control.h
[1.482s] -- Up-to-date: /home/tofstudent/sa_zhao/install/carla_msgs/include/carla_msgs/msg/rosidl_generator_c__visibility_control.h
[1.482s] -- Up-to-date: /home/tofstudent/sa_zhao/install/carla_msgs/include/carla_msgs/msg/carla_lane_invasion_event.h
[1.482s] -- Up-to-date: /home/tofstudent/sa_zhao/install/carla_msgs/include/carla_msgs/msg/carla_traffic_light_status.h
[1.482s] -- Up-to-date: /home/tofstudent/sa_zhao/install/carla_msgs/include/carla_msgs/msg/carla_bounding_box.h
[1.483s] -- Up-to-date: /home/tofstudent/sa_zhao/install/carla_msgs/include/carla_msgs/msg/carla_ego_vehicle_info.h
[1.483s] -- Up-to-date: /home/tofstudent/sa_zhao/install/carla_msgs/include/carla_msgs/msg/carla_ego_vehicle_status.h
[1.483s] -- Up-to-date: /home/tofstudent/sa_zhao/install/carla_msgs/include/carla_msgs/msg/carla_actor_info.h
[1.483s] -- Up-to-date: /home/tofstudent/sa_zhao/install/carla_msgs/include/carla_msgs/msg/carla_traffic_light_info_list.h
[1.483s] -- Up-to-date: /home/tofstudent/sa_zhao/install/carla_msgs/share/carla_msgs/environment/library_path.sh
[1.483s] -- Up-to-date: /home/tofstudent/sa_zhao/install/carla_msgs/share/carla_msgs/environment/library_path.dsv
[1.483s] -- Up-to-date: /home/tofstudent/sa_zhao/install/carla_msgs/lib/libcarla_msgs__rosidl_generator_c.so
[1.483s] -- Up-to-date: /home/tofstudent/sa_zhao/install/carla_msgs/include/carla_msgs
[1.484s] -- Up-to-date: /home/tofstudent/sa_zhao/install/carla_msgs/include/carla_msgs/srv
[1.484s] -- Up-to-date: /home/tofstudent/sa_zhao/install/carla_msgs/include/carla_msgs/srv/detail
[1.484s] -- Up-to-date: /home/tofstudent/sa_zhao/install/carla_msgs/include/carla_msgs/srv/detail/spawn_object__rosidl_typesupport_fastrtps_c.h
[1.484s] -- Up-to-date: /home/tofstudent/sa_zhao/install/carla_msgs/include/carla_msgs/srv/detail/destroy_object__rosidl_typesupport_fastrtps_c.h
[1.484s] -- Up-to-date: /home/tofstudent/sa_zhao/install/carla_msgs/include/carla_msgs/srv/detail/get_blueprints__rosidl_typesupport_fastrtps_c.h
[1.484s] -- Up-to-date: /home/tofstudent/sa_zhao/install/carla_msgs/include/carla_msgs/msg
[1.484s] -- Up-to-date: /home/tofstudent/sa_zhao/install/carla_msgs/include/carla_msgs/msg/rosidl_typesupport_fastrtps_c__visibility_control.h
[1.484s] -- Up-to-date: /home/tofstudent/sa_zhao/install/carla_msgs/include/carla_msgs/msg/detail
[1.485s] -- Up-to-date: /home/tofstudent/sa_zhao/install/carla_msgs/include/carla_msgs/msg/detail/carla_traffic_light_info__rosidl_typesupport_fastrtps_c.h
[1.485s] -- Up-to-date: /home/tofstudent/sa_zhao/install/carla_msgs/include/carla_msgs/msg/detail/carla_walker_control__rosidl_typesupport_fastrtps_c.h
[1.485s] -- Up-to-date: /home/tofstudent/sa_zhao/install/carla_msgs/include/carla_msgs/msg/detail/carla_ego_vehicle_control__rosidl_typesupport_fastrtps_c.h
[1.487s] -- Up-to-date: /home/tofstudent/sa_zhao/install/carla_msgs/include/carla_msgs/msg/detail/carla_world_info__rosidl_typesupport_fastrtps_c.h
[1.491s] -- Up-to-date: /home/tofstudent/sa_zhao/install/carla_msgs/include/carla_msgs/msg/detail/carla_ego_vehicle_info__rosidl_typesupport_fastrtps_c.h
[1.491s] -- Up-to-date: /home/tofstudent/sa_zhao/install/carla_msgs/include/carla_msgs/msg/detail/carla_ego_vehicle_info_wheel__rosidl_typesupport_fastrtps_c.h
[1.491s] -- Up-to-date: /home/tofstudent/sa_zhao/install/carla_msgs/include/carla_msgs/msg/detail/carla_traffic_light_info_list__rosidl_typesupport_fastrtps_c.h
[1.491s] -- Up-to-date: /home/tofstudent/sa_zhao/install/carla_msgs/include/carla_msgs/msg/detail/carla_control__rosidl_typesupport_fastrtps_c.h
[1.491s] -- Up-to-date: /home/tofstudent/sa_zhao/install/carla_msgs/include/carla_msgs/msg/detail/carla_ego_vehicle_status__rosidl_typesupport_fastrtps_c.h
[1.491s] -- Up-to-date: /home/tofstudent/sa_zhao/install/carla_msgs/include/carla_msgs/msg/detail/carla_collision_event__rosidl_typesupport_fastrtps_c.h
[1.491s] -- Up-to-date: /home/tofstudent/sa_zhao/install/carla_msgs/include/carla_msgs/msg/detail/carla_traffic_light_status_list__rosidl_typesupport_fastrtps_c.h
[1.492s] -- Up-to-date: /home/tofstudent/sa_zhao/install/carla_msgs/include/carla_msgs/msg/detail/carla_status__rosidl_typesupport_fastrtps_c.h
[1.492s] -- Up-to-date: /home/tofstudent/sa_zhao/install/carla_msgs/include/carla_msgs/msg/detail/carla_weather_parameters__rosidl_typesupport_fastrtps_c.h
[1.492s] -- Up-to-date: /home/tofstudent/sa_zhao/install/carla_msgs/include/carla_msgs/msg/detail/carla_traffic_light_status__rosidl_typesupport_fastrtps_c.h
[1.492s] -- Up-to-date: /home/tofstudent/sa_zhao/install/carla_msgs/include/carla_msgs/msg/detail/carla_bounding_box__rosidl_typesupport_fastrtps_c.h
[1.492s] -- Up-to-date: /home/tofstudent/sa_zhao/install/carla_msgs/include/carla_msgs/msg/detail/carla_lane_invasion_event__rosidl_typesupport_fastrtps_c.h
[1.492s] -- Up-to-date: /home/tofstudent/sa_zhao/install/carla_msgs/include/carla_msgs/msg/detail/carla_actor_list__rosidl_typesupport_fastrtps_c.h
[1.492s] -- Up-to-date: /home/tofstudent/sa_zhao/install/carla_msgs/include/carla_msgs/msg/detail/carla_actor_info__rosidl_typesupport_fastrtps_c.h
[1.492s] -- Up-to-date: /home/tofstudent/sa_zhao/install/carla_msgs/lib/libcarla_msgs__rosidl_typesupport_fastrtps_c.so
[1.492s] -- Up-to-date: /home/tofstudent/sa_zhao/install/carla_msgs/include/carla_msgs
[1.493s] -- Up-to-date: /home/tofstudent/sa_zhao/install/carla_msgs/include/carla_msgs/srv
[1.493s] -- Up-to-date: /home/tofstudent/sa_zhao/install/carla_msgs/include/carla_msgs/srv/detail
[1.493s] -- Up-to-date: /home/tofstudent/sa_zhao/install/carla_msgs/include/carla_msgs/srv/detail/get_blueprints__rosidl_typesupport_fastrtps_cpp.hpp
[1.493s] -- Up-to-date: /home/tofstudent/sa_zhao/install/carla_msgs/include/carla_msgs/srv/detail/dds_fastrtps
[1.493s] -- Up-to-date: /home/tofstudent/sa_zhao/install/carla_msgs/include/carla_msgs/srv/detail/destroy_object__rosidl_typesupport_fastrtps_cpp.hpp
[1.493s] -- Up-to-date: /home/tofstudent/sa_zhao/install/carla_msgs/include/carla_msgs/srv/detail/spawn_object__rosidl_typesupport_fastrtps_cpp.hpp
[1.493s] -- Up-to-date: /home/tofstudent/sa_zhao/install/carla_msgs/include/carla_msgs/msg
[1.493s] -- Up-to-date: /home/tofstudent/sa_zhao/install/carla_msgs/include/carla_msgs/msg/rosidl_typesupport_fastrtps_cpp__visibility_control.h
[1.493s] -- Up-to-date: /home/tofstudent/sa_zhao/install/carla_msgs/include/carla_msgs/msg/detail
[1.493s] -- Up-to-date: /home/tofstudent/sa_zhao/install/carla_msgs/include/carla_msgs/msg/detail/carla_status__rosidl_typesupport_fastrtps_cpp.hpp
[1.493s] -- Up-to-date: /home/tofstudent/sa_zhao/install/carla_msgs/include/carla_msgs/msg/detail/carla_bounding_box__rosidl_typesupport_fastrtps_cpp.hpp
[1.493s] -- Up-to-date: /home/tofstudent/sa_zhao/install/carla_msgs/include/carla_msgs/msg/detail/carla_traffic_light_info__rosidl_typesupport_fastrtps_cpp.hpp
[1.493s] -- Up-to-date: /home/tofstudent/sa_zhao/install/carla_msgs/include/carla_msgs/msg/detail/carla_ego_vehicle_info__rosidl_typesupport_fastrtps_cpp.hpp
[1.494s] -- Up-to-date: /home/tofstudent/sa_zhao/install/carla_msgs/include/carla_msgs/msg/detail/carla_world_info__rosidl_typesupport_fastrtps_cpp.hpp
[1.494s] -- Up-to-date: /home/tofstudent/sa_zhao/install/carla_msgs/include/carla_msgs/msg/detail/carla_control__rosidl_typesupport_fastrtps_cpp.hpp
[1.494s] -- Up-to-date: /home/tofstudent/sa_zhao/install/carla_msgs/include/carla_msgs/msg/detail/carla_ego_vehicle_info_wheel__rosidl_typesupport_fastrtps_cpp.hpp
[1.494s] -- Up-to-date: /home/tofstudent/sa_zhao/install/carla_msgs/include/carla_msgs/msg/detail/carla_collision_event__rosidl_typesupport_fastrtps_cpp.hpp
[1.494s] -- Up-to-date: /home/tofstudent/sa_zhao/install/carla_msgs/include/carla_msgs/msg/detail/carla_traffic_light_status_list__rosidl_typesupport_fastrtps_cpp.hpp
[1.494s] -- Up-to-date: /home/tofstudent/sa_zhao/install/carla_msgs/include/carla_msgs/msg/detail/carla_actor_info__rosidl_typesupport_fastrtps_cpp.hpp
[1.494s] -- Up-to-date: /home/tofstudent/sa_zhao/install/carla_msgs/include/carla_msgs/msg/detail/carla_lane_invasion_event__rosidl_typesupport_fastrtps_cpp.hpp
[1.494s] -- Up-to-date: /home/tofstudent/sa_zhao/install/carla_msgs/include/carla_msgs/msg/detail/carla_ego_vehicle_status__rosidl_typesupport_fastrtps_cpp.hpp
[1.494s] -- Up-to-date: /home/tofstudent/sa_zhao/install/carla_msgs/include/carla_msgs/msg/detail/carla_ego_vehicle_control__rosidl_typesupport_fastrtps_cpp.hpp
[1.494s] -- Up-to-date: /home/tofstudent/sa_zhao/install/carla_msgs/include/carla_msgs/msg/detail/carla_actor_list__rosidl_typesupport_fastrtps_cpp.hpp
[1.494s] -- Up-to-date: /home/tofstudent/sa_zhao/install/carla_msgs/include/carla_msgs/msg/detail/dds_fastrtps
[1.494s] -- Up-to-date: /home/tofstudent/sa_zhao/install/carla_msgs/include/carla_msgs/msg/detail/carla_walker_control__rosidl_typesupport_fastrtps_cpp.hpp
[1.495s] -- Up-to-date: /home/tofstudent/sa_zhao/install/carla_msgs/include/carla_msgs/msg/detail/carla_traffic_light_info_list__rosidl_typesupport_fastrtps_cpp.hpp
[1.495s] -- Up-to-date: /home/tofstudent/sa_zhao/install/carla_msgs/include/carla_msgs/msg/detail/carla_traffic_light_status__rosidl_typesupport_fastrtps_cpp.hpp
[1.495s] -- Up-to-date: /home/tofstudent/sa_zhao/install/carla_msgs/include/carla_msgs/msg/detail/carla_weather_parameters__rosidl_typesupport_fastrtps_cpp.hpp
[1.495s] -- Up-to-date: /home/tofstudent/sa_zhao/install/carla_msgs/lib/libcarla_msgs__rosidl_typesupport_fastrtps_cpp.so
[1.495s] -- Up-to-date: /home/tofstudent/sa_zhao/install/carla_msgs/include/carla_msgs
[1.495s] -- Up-to-date: /home/tofstudent/sa_zhao/install/carla_msgs/include/carla_msgs/srv
[1.495s] -- Up-to-date: /home/tofstudent/sa_zhao/install/carla_msgs/include/carla_msgs/srv/detail
[1.495s] -- Up-to-date: /home/tofstudent/sa_zhao/install/carla_msgs/include/carla_msgs/srv/detail/get_blueprints__rosidl_typesupport_introspection_c.h
[1.495s] -- Up-to-date: /home/tofstudent/sa_zhao/install/carla_msgs/include/carla_msgs/srv/detail/spawn_object__type_support.c
[1.495s] -- Up-to-date: /home/tofstudent/sa_zhao/install/carla_msgs/include/carla_msgs/srv/detail/destroy_object__type_support.c
[1.495s] -- Up-to-date: /home/tofstudent/sa_zhao/install/carla_msgs/include/carla_msgs/srv/detail/spawn_object__rosidl_typesupport_introspection_c.h
[1.495s] -- Up-to-date: /home/tofstudent/sa_zhao/install/carla_msgs/include/carla_msgs/srv/detail/destroy_object__rosidl_typesupport_introspection_c.h
[1.496s] -- Up-to-date: /home/tofstudent/sa_zhao/install/carla_msgs/include/carla_msgs/srv/detail/get_blueprints__type_support.c
[1.496s] -- Up-to-date: /home/tofstudent/sa_zhao/install/carla_msgs/include/carla_msgs/msg
[1.496s] -- Up-to-date: /home/tofstudent/sa_zhao/install/carla_msgs/include/carla_msgs/msg/detail
[1.496s] -- Up-to-date: /home/tofstudent/sa_zhao/install/carla_msgs/include/carla_msgs/msg/detail/carla_ego_vehicle_control__type_support.c
[1.496s] -- Up-to-date: /home/tofstudent/sa_zhao/install/carla_msgs/include/carla_msgs/msg/detail/carla_traffic_light_info_list__rosidl_typesupport_introspection_c.h
[1.496s] -- Up-to-date: /home/tofstudent/sa_zhao/install/carla_msgs/include/carla_msgs/msg/detail/carla_traffic_light_status_list__rosidl_typesupport_introspection_c.h
[1.496s] -- Up-to-date: /home/tofstudent/sa_zhao/install/carla_msgs/include/carla_msgs/msg/detail/carla_collision_event__rosidl_typesupport_introspection_c.h
[1.496s] -- Up-to-date: /home/tofstudent/sa_zhao/install/carla_msgs/include/carla_msgs/msg/detail/carla_ego_vehicle_info_wheel__rosidl_typesupport_introspection_c.h
[1.496s] -- Up-to-date: /home/tofstudent/sa_zhao/install/carla_msgs/include/carla_msgs/msg/detail/carla_lane_invasion_event__type_support.c
[1.496s] -- Up-to-date: /home/tofstudent/sa_zhao/install/carla_msgs/include/carla_msgs/msg/detail/carla_traffic_light_info__rosidl_typesupport_introspection_c.h
[1.496s] -- Up-to-date: /home/tofstudent/sa_zhao/install/carla_msgs/include/carla_msgs/msg/detail/carla_world_info__type_support.c
[1.497s] -- Up-to-date: /home/tofstudent/sa_zhao/install/carla_msgs/include/carla_msgs/msg/detail/carla_traffic_light_info_list__type_support.c
[1.497s] -- Up-to-date: /home/tofstudent/sa_zhao/install/carla_msgs/include/carla_msgs/msg/detail/carla_actor_info__type_support.c
[1.497s] -- Up-to-date: /home/tofstudent/sa_zhao/install/carla_msgs/include/carla_msgs/msg/detail/carla_traffic_light_status__rosidl_typesupport_introspection_c.h
[1.497s] -- Up-to-date: /home/tofstudent/sa_zhao/install/carla_msgs/include/carla_msgs/msg/detail/carla_ego_vehicle_status__rosidl_typesupport_introspection_c.h
[1.497s] -- Up-to-date: /home/tofstudent/sa_zhao/install/carla_msgs/include/carla_msgs/msg/detail/carla_control__type_support.c
[1.497s] -- Up-to-date: /home/tofstudent/sa_zhao/install/carla_msgs/include/carla_msgs/msg/detail/carla_traffic_light_status__type_support.c
[1.497s] -- Up-to-date: /home/tofstudent/sa_zhao/install/carla_msgs/include/carla_msgs/msg/detail/carla_collision_event__type_support.c
[1.497s] -- Up-to-date: /home/tofstudent/sa_zhao/install/carla_msgs/include/carla_msgs/msg/detail/carla_ego_vehicle_info_wheel__type_support.c
[1.497s] -- Up-to-date: /home/tofstudent/sa_zhao/install/carla_msgs/include/carla_msgs/msg/detail/carla_traffic_light_status_list__type_support.c
[1.497s] -- Up-to-date: /home/tofstudent/sa_zhao/install/carla_msgs/include/carla_msgs/msg/detail/carla_traffic_light_info__type_support.c
[1.497s] -- Up-to-date: /home/tofstudent/sa_zhao/install/carla_msgs/include/carla_msgs/msg/detail/carla_bounding_box__rosidl_typesupport_introspection_c.h
[1.497s] -- Up-to-date: /home/tofstudent/sa_zhao/install/carla_msgs/include/carla_msgs/msg/detail/carla_actor_info__rosidl_typesupport_introspection_c.h
[1.498s] -- Up-to-date: /home/tofstudent/sa_zhao/install/carla_msgs/include/carla_msgs/msg/detail/carla_ego_vehicle_info__type_support.c
[1.498s] -- Up-to-date: /home/tofstudent/sa_zhao/install/carla_msgs/include/carla_msgs/msg/detail/carla_bounding_box__type_support.c
[1.498s] -- Up-to-date: /home/tofstudent/sa_zhao/install/carla_msgs/include/carla_msgs/msg/detail/carla_walker_control__type_support.c
[1.498s] -- Up-to-date: /home/tofstudent/sa_zhao/install/carla_msgs/include/carla_msgs/msg/detail/carla_status__type_support.c
[1.498s] -- Up-to-date: /home/tofstudent/sa_zhao/install/carla_msgs/include/carla_msgs/msg/detail/carla_ego_vehicle_control__rosidl_typesupport_introspection_c.h
[1.498s] -- Up-to-date: /home/tofstudent/sa_zhao/install/carla_msgs/include/carla_msgs/msg/detail/carla_status__rosidl_typesupport_introspection_c.h
[1.498s] -- Up-to-date: /home/tofstudent/sa_zhao/install/carla_msgs/include/carla_msgs/msg/detail/carla_weather_parameters__type_support.c
[1.498s] -- Up-to-date: /home/tofstudent/sa_zhao/install/carla_msgs/include/carla_msgs/msg/detail/carla_weather_parameters__rosidl_typesupport_introspection_c.h
[1.498s] -- Up-to-date: /home/tofstudent/sa_zhao/install/carla_msgs/include/carla_msgs/msg/detail/carla_ego_vehicle_status__type_support.c
[1.498s] -- Up-to-date: /home/tofstudent/sa_zhao/install/carla_msgs/include/carla_msgs/msg/detail/carla_lane_invasion_event__rosidl_typesupport_introspection_c.h
[1.498s] -- Up-to-date: /home/tofstudent/sa_zhao/install/carla_msgs/include/carla_msgs/msg/detail/carla_world_info__rosidl_typesupport_introspection_c.h
[1.498s] -- Up-to-date: /home/tofstudent/sa_zhao/install/carla_msgs/include/carla_msgs/msg/detail/carla_walker_control__rosidl_typesupport_introspection_c.h
[1.498s] -- Up-to-date: /home/tofstudent/sa_zhao/install/carla_msgs/include/carla_msgs/msg/detail/carla_actor_list__rosidl_typesupport_introspection_c.h
[1.499s] -- Up-to-date: /home/tofstudent/sa_zhao/install/carla_msgs/include/carla_msgs/msg/detail/carla_actor_list__type_support.c
[1.499s] -- Up-to-date: /home/tofstudent/sa_zhao/install/carla_msgs/include/carla_msgs/msg/detail/carla_ego_vehicle_info__rosidl_typesupport_introspection_c.h
[1.499s] -- Up-to-date: /home/tofstudent/sa_zhao/install/carla_msgs/include/carla_msgs/msg/detail/carla_control__rosidl_typesupport_introspection_c.h
[1.499s] -- Up-to-date: /home/tofstudent/sa_zhao/install/carla_msgs/include/carla_msgs/msg/rosidl_typesupport_introspection_c__visibility_control.h
[1.499s] -- Up-to-date: /home/tofstudent/sa_zhao/install/carla_msgs/lib/libcarla_msgs__rosidl_typesupport_introspection_c.so
[1.499s] -- Up-to-date: /home/tofstudent/sa_zhao/install/carla_msgs/lib/libcarla_msgs__rosidl_typesupport_c.so
[1.499s] -- Up-to-date: /home/tofstudent/sa_zhao/install/carla_msgs/include/carla_msgs
[1.499s] -- Up-to-date: /home/tofstudent/sa_zhao/install/carla_msgs/include/carla_msgs/srv
[1.499s] -- Up-to-date: /home/tofstudent/sa_zhao/install/carla_msgs/include/carla_msgs/srv/detail
[1.499s] -- Up-to-date: /home/tofstudent/sa_zhao/install/carla_msgs/include/carla_msgs/srv/detail/destroy_object__builder.hpp
[1.499s] -- Up-to-date: /home/tofstudent/sa_zhao/install/carla_msgs/include/carla_msgs/srv/detail/spawn_object__builder.hpp
[1.500s] -- Up-to-date: /home/tofstudent/sa_zhao/install/carla_msgs/include/carla_msgs/srv/detail/spawn_object__traits.hpp
[1.500s] -- Up-to-date: /home/tofstudent/sa_zhao/install/carla_msgs/include/carla_msgs/srv/detail/get_blueprints__builder.hpp
[1.500s] -- Up-to-date: /home/tofstudent/sa_zhao/install/carla_msgs/include/carla_msgs/srv/detail/spawn_object__struct.hpp
[1.500s] -- Up-to-date: /home/tofstudent/sa_zhao/install/carla_msgs/include/carla_msgs/srv/detail/destroy_object__traits.hpp
[1.500s] -- Up-to-date: /home/tofstudent/sa_zhao/install/carla_msgs/include/carla_msgs/srv/detail/destroy_object__struct.hpp
[1.500s] -- Up-to-date: /home/tofstudent/sa_zhao/install/carla_msgs/include/carla_msgs/srv/detail/get_blueprints__traits.hpp
[1.500s] -- Up-to-date: /home/tofstudent/sa_zhao/install/carla_msgs/include/carla_msgs/srv/detail/get_blueprints__struct.hpp
[1.500s] -- Up-to-date: /home/tofstudent/sa_zhao/install/carla_msgs/include/carla_msgs/srv/spawn_object.hpp
[1.500s] -- Up-to-date: /home/tofstudent/sa_zhao/install/carla_msgs/include/carla_msgs/srv/destroy_object.hpp
[1.500s] -- Up-to-date: /home/tofstudent/sa_zhao/install/carla_msgs/include/carla_msgs/srv/get_blueprints.hpp
[1.500s] -- Up-to-date: /home/tofstudent/sa_zhao/install/carla_msgs/include/carla_msgs/msg
[1.501s] -- Up-to-date: /home/tofstudent/sa_zhao/install/carla_msgs/include/carla_msgs/msg/carla_ego_vehicle_info_wheel.hpp
[1.501s] -- Up-to-date: /home/tofstudent/sa_zhao/install/carla_msgs/include/carla_msgs/msg/carla_ego_vehicle_info.hpp
[1.501s] -- Up-to-date: /home/tofstudent/sa_zhao/install/carla_msgs/include/carla_msgs/msg/carla_world_info.hpp
[1.501s] -- Up-to-date: /home/tofstudent/sa_zhao/install/carla_msgs/include/carla_msgs/msg/carla_traffic_light_info_list.hpp
[1.501s] -- Up-to-date: /home/tofstudent/sa_zhao/install/carla_msgs/include/carla_msgs/msg/carla_traffic_light_info.hpp
[1.501s] -- Up-to-date: /home/tofstudent/sa_zhao/install/carla_msgs/include/carla_msgs/msg/detail
[1.501s] -- Up-to-date: /home/tofstudent/sa_zhao/install/carla_msgs/include/carla_msgs/msg/detail/carla_traffic_light_info_list__traits.hpp
[1.501s] -- Up-to-date: /home/tofstudent/sa_zhao/install/carla_msgs/include/carla_msgs/msg/detail/carla_lane_invasion_event__struct.hpp
[1.501s] -- Up-to-date: /home/tofstudent/sa_zhao/install/carla_msgs/include/carla_msgs/msg/detail/carla_weather_parameters__builder.hpp
[1.501s] -- Up-to-date: /home/tofstudent/sa_zhao/install/carla_msgs/include/carla_msgs/msg/detail/carla_walker_control__builder.hpp
[1.501s] -- Up-to-date: /home/tofstudent/sa_zhao/install/carla_msgs/include/carla_msgs/msg/detail/carla_actor_info__builder.hpp
[1.502s] -- Up-to-date: /home/tofstudent/sa_zhao/install/carla_msgs/include/carla_msgs/msg/detail/carla_ego_vehicle_control__builder.hpp
[1.502s] -- Up-to-date: /home/tofstudent/sa_zhao/install/carla_msgs/include/carla_msgs/msg/detail/carla_actor_info__struct.hpp
[1.502s] -- Up-to-date: /home/tofstudent/sa_zhao/install/carla_msgs/include/carla_msgs/msg/detail/carla_world_info__traits.hpp
[1.502s] -- Up-to-date: /home/tofstudent/sa_zhao/install/carla_msgs/include/carla_msgs/msg/detail/carla_actor_list__traits.hpp
[1.502s] -- Up-to-date: /home/tofstudent/sa_zhao/install/carla_msgs/include/carla_msgs/msg/detail/carla_collision_event__struct.hpp
[1.502s] -- Up-to-date: /home/tofstudent/sa_zhao/install/carla_msgs/include/carla_msgs/msg/detail/carla_ego_vehicle_info__traits.hpp
[1.502s] -- Up-to-date: /home/tofstudent/sa_zhao/install/carla_msgs/include/carla_msgs/msg/detail/carla_ego_vehicle_status__builder.hpp
[1.502s] -- Up-to-date: /home/tofstudent/sa_zhao/install/carla_msgs/include/carla_msgs/msg/detail/carla_bounding_box__traits.hpp
[1.502s] -- Up-to-date: /home/tofstudent/sa_zhao/install/carla_msgs/include/carla_msgs/msg/detail/carla_weather_parameters__traits.hpp
[1.502s] -- Up-to-date: /home/tofstudent/sa_zhao/install/carla_msgs/include/carla_msgs/msg/detail/carla_ego_vehicle_status__traits.hpp
[1.502s] -- Up-to-date: /home/tofstudent/sa_zhao/install/carla_msgs/include/carla_msgs/msg/detail/carla_collision_event__builder.hpp
[1.502s] -- Up-to-date: /home/tofstudent/sa_zhao/install/carla_msgs/include/carla_msgs/msg/detail/carla_traffic_light_status__struct.hpp
[1.503s] -- Up-to-date: /home/tofstudent/sa_zhao/install/carla_msgs/include/carla_msgs/msg/detail/carla_bounding_box__struct.hpp
[1.503s] -- Up-to-date: /home/tofstudent/sa_zhao/install/carla_msgs/include/carla_msgs/msg/detail/carla_collision_event__traits.hpp
[1.503s] -- Up-to-date: /home/tofstudent/sa_zhao/install/carla_msgs/include/carla_msgs/msg/detail/carla_control__builder.hpp
[1.503s] -- Up-to-date: /home/tofstudent/sa_zhao/install/carla_msgs/include/carla_msgs/msg/detail/carla_walker_control__traits.hpp
[1.503s] -- Up-to-date: /home/tofstudent/sa_zhao/install/carla_msgs/include/carla_msgs/msg/detail/carla_world_info__struct.hpp
[1.503s] -- Up-to-date: /home/tofstudent/sa_zhao/install/carla_msgs/include/carla_msgs/msg/detail/carla_actor_list__struct.hpp
[1.503s] -- Up-to-date: /home/tofstudent/sa_zhao/install/carla_msgs/include/carla_msgs/msg/detail/carla_traffic_light_status_list__struct.hpp
[1.503s] -- Up-to-date: /home/tofstudent/sa_zhao/install/carla_msgs/include/carla_msgs/msg/detail/carla_weather_parameters__struct.hpp
[1.503s] -- Up-to-date: /home/tofstudent/sa_zhao/install/carla_msgs/include/carla_msgs/msg/detail/carla_traffic_light_status_list__traits.hpp
[1.503s] -- Up-to-date: /home/tofstudent/sa_zhao/install/carla_msgs/include/carla_msgs/msg/detail/carla_ego_vehicle_info__builder.hpp
[1.503s] -- Up-to-date: /home/tofstudent/sa_zhao/install/carla_msgs/include/carla_msgs/msg/detail/carla_walker_control__struct.hpp
[1.504s] -- Up-to-date: /home/tofstudent/sa_zhao/install/carla_msgs/include/carla_msgs/msg/detail/carla_traffic_light_status_list__builder.hpp
[1.504s] -- Up-to-date: /home/tofstudent/sa_zhao/install/carla_msgs/include/carla_msgs/msg/detail/carla_status__builder.hpp
[1.505s] -- Up-to-date: /home/tofstudent/sa_zhao/install/carla_msgs/include/carla_msgs/msg/detail/carla_status__traits.hpp
[1.516s] -- Up-to-date: /home/tofstudent/sa_zhao/install/carla_msgs/include/carla_msgs/msg/detail/carla_traffic_light_status__traits.hpp
[1.517s] -- Up-to-date: /home/tofstudent/sa_zhao/install/carla_msgs/include/carla_msgs/msg/detail/carla_ego_vehicle_status__struct.hpp
[1.517s] -- Up-to-date: /home/tofstudent/sa_zhao/install/carla_msgs/include/carla_msgs/msg/detail/carla_traffic_light_info_list__struct.hpp
[1.517s] -- Up-to-date: /home/tofstudent/sa_zhao/install/carla_msgs/include/carla_msgs/msg/detail/carla_traffic_light_status__builder.hpp
[1.517s] -- Up-to-date: /home/tofstudent/sa_zhao/install/carla_msgs/include/carla_msgs/msg/detail/carla_bounding_box__builder.hpp
[1.517s] -- Up-to-date: /home/tofstudent/sa_zhao/install/carla_msgs/include/carla_msgs/msg/detail/carla_traffic_light_info__struct.hpp
[1.517s] -- Up-to-date: /home/tofstudent/sa_zhao/install/carla_msgs/include/carla_msgs/msg/detail/carla_traffic_light_info_list__builder.hpp
[1.517s] -- Up-to-date: /home/tofstudent/sa_zhao/install/carla_msgs/include/carla_msgs/msg/detail/carla_actor_info__traits.hpp
[1.517s] -- Up-to-date: /home/tofstudent/sa_zhao/install/carla_msgs/include/carla_msgs/msg/detail/carla_control__traits.hpp
[1.517s] -- Up-to-date: /home/tofstudent/sa_zhao/install/carla_msgs/include/carla_msgs/msg/detail/carla_ego_vehicle_info_wheel__traits.hpp
[1.518s] -- Up-to-date: /home/tofstudent/sa_zhao/install/carla_msgs/include/carla_msgs/msg/detail/carla_lane_invasion_event__builder.hpp
[1.518s] -- Up-to-date: /home/tofstudent/sa_zhao/install/carla_msgs/include/carla_msgs/msg/detail/carla_ego_vehicle_control__struct.hpp
[1.518s] -- Up-to-date: /home/tofstudent/sa_zhao/install/carla_msgs/include/carla_msgs/msg/detail/carla_traffic_light_info__traits.hpp
[1.518s] -- Up-to-date: /home/tofstudent/sa_zhao/install/carla_msgs/include/carla_msgs/msg/detail/carla_ego_vehicle_control__traits.hpp
[1.518s] -- Up-to-date: /home/tofstudent/sa_zhao/install/carla_msgs/include/carla_msgs/msg/detail/carla_traffic_light_info__builder.hpp
[1.518s] -- Up-to-date: /home/tofstudent/sa_zhao/install/carla_msgs/include/carla_msgs/msg/detail/carla_world_info__builder.hpp
[1.518s] -- Up-to-date: /home/tofstudent/sa_zhao/install/carla_msgs/include/carla_msgs/msg/detail/carla_ego_vehicle_info__struct.hpp
[1.518s] -- Up-to-date: /home/tofstudent/sa_zhao/install/carla_msgs/include/carla_msgs/msg/detail/carla_control__struct.hpp
[1.518s] -- Up-to-date: /home/tofstudent/sa_zhao/install/carla_msgs/include/carla_msgs/msg/detail/carla_actor_list__builder.hpp
[1.518s] -- Up-to-date: /home/tofstudent/sa_zhao/install/carla_msgs/include/carla_msgs/msg/detail/carla_status__struct.hpp
[1.518s] -- Up-to-date: /home/tofstudent/sa_zhao/install/carla_msgs/include/carla_msgs/msg/detail/carla_ego_vehicle_info_wheel__struct.hpp
[1.519s] -- Up-to-date: /home/tofstudent/sa_zhao/install/carla_msgs/include/carla_msgs/msg/detail/carla_lane_invasion_event__traits.hpp
[1.519s] -- Up-to-date: /home/tofstudent/sa_zhao/install/carla_msgs/include/carla_msgs/msg/detail/carla_ego_vehicle_info_wheel__builder.hpp
[1.519s] -- Up-to-date: /home/tofstudent/sa_zhao/install/carla_msgs/include/carla_msgs/msg/carla_status.hpp
[1.519s] -- Up-to-date: /home/tofstudent/sa_zhao/install/carla_msgs/include/carla_msgs/msg/carla_weather_parameters.hpp
[1.519s] -- Up-to-date: /home/tofstudent/sa_zhao/install/carla_msgs/include/carla_msgs/msg/carla_traffic_light_status_list.hpp
[1.519s] -- Up-to-date: /home/tofstudent/sa_zhao/install/carla_msgs/include/carla_msgs/msg/carla_lane_invasion_event.hpp
[1.519s] -- Up-to-date: /home/tofstudent/sa_zhao/install/carla_msgs/include/carla_msgs/msg/carla_actor_info.hpp
[1.519s] -- Up-to-date: /home/tofstudent/sa_zhao/install/carla_msgs/include/carla_msgs/msg/carla_actor_list.hpp
[1.519s] -- Up-to-date: /home/tofstudent/sa_zhao/install/carla_msgs/include/carla_msgs/msg/carla_ego_vehicle_status.hpp
[1.519s] -- Up-to-date: /home/tofstudent/sa_zhao/install/carla_msgs/include/carla_msgs/msg/carla_traffic_light_status.hpp
[1.519s] -- Up-to-date: /home/tofstudent/sa_zhao/install/carla_msgs/include/carla_msgs/msg/carla_collision_event.hpp
[1.520s] -- Up-to-date: /home/tofstudent/sa_zhao/install/carla_msgs/include/carla_msgs/msg/carla_ego_vehicle_control.hpp
[1.520s] -- Up-to-date: /home/tofstudent/sa_zhao/install/carla_msgs/include/carla_msgs/msg/carla_control.hpp
[1.520s] -- Up-to-date: /home/tofstudent/sa_zhao/install/carla_msgs/include/carla_msgs/msg/carla_bounding_box.hpp
[1.520s] -- Up-to-date: /home/tofstudent/sa_zhao/install/carla_msgs/include/carla_msgs/msg/carla_walker_control.hpp
[1.520s] -- Up-to-date: /home/tofstudent/sa_zhao/install/carla_msgs/include/carla_msgs
[1.520s] -- Up-to-date: /home/tofstudent/sa_zhao/install/carla_msgs/include/carla_msgs/srv
[1.520s] -- Up-to-date: /home/tofstudent/sa_zhao/install/carla_msgs/include/carla_msgs/srv/detail
[1.520s] -- Up-to-date: /home/tofstudent/sa_zhao/install/carla_msgs/include/carla_msgs/srv/detail/destroy_object__type_support.cpp
[1.520s] -- Up-to-date: /home/tofstudent/sa_zhao/install/carla_msgs/include/carla_msgs/srv/detail/spawn_object__type_support.cpp
[1.520s] -- Up-to-date: /home/tofstudent/sa_zhao/install/carla_msgs/include/carla_msgs/srv/detail/destroy_object__rosidl_typesupport_introspection_cpp.hpp
[1.520s] -- Up-to-date: /home/tofstudent/sa_zhao/install/carla_msgs/include/carla_msgs/srv/detail/get_blueprints__type_support.cpp
[1.521s] -- Up-to-date: /home/tofstudent/sa_zhao/install/carla_msgs/include/carla_msgs/srv/detail/get_blueprints__rosidl_typesupport_introspection_cpp.hpp
[1.521s] -- Up-to-date: /home/tofstudent/sa_zhao/install/carla_msgs/include/carla_msgs/srv/detail/spawn_object__rosidl_typesupport_introspection_cpp.hpp
[1.521s] -- Up-to-date: /home/tofstudent/sa_zhao/install/carla_msgs/include/carla_msgs/msg
[1.521s] -- Up-to-date: /home/tofstudent/sa_zhao/install/carla_msgs/include/carla_msgs/msg/detail
[1.521s] -- Up-to-date: /home/tofstudent/sa_zhao/install/carla_msgs/include/carla_msgs/msg/detail/carla_traffic_light_status__type_support.cpp
[1.521s] -- Up-to-date: /home/tofstudent/sa_zhao/install/carla_msgs/include/carla_msgs/msg/detail/carla_status__rosidl_typesupport_introspection_cpp.hpp
[1.521s] -- Up-to-date: /home/tofstudent/sa_zhao/install/carla_msgs/include/carla_msgs/msg/detail/carla_ego_vehicle_control__rosidl_typesupport_introspection_cpp.hpp
[1.521s] -- Up-to-date: /home/tofstudent/sa_zhao/install/carla_msgs/include/carla_msgs/msg/detail/carla_control__rosidl_typesupport_introspection_cpp.hpp
[1.521s] -- Up-to-date: /home/tofstudent/sa_zhao/install/carla_msgs/include/carla_msgs/msg/detail/carla_control__type_support.cpp
[1.521s] -- Up-to-date: /home/tofstudent/sa_zhao/install/carla_msgs/include/carla_msgs/msg/detail/carla_ego_vehicle_status__rosidl_typesupport_introspection_cpp.hpp
[1.521s] -- Up-to-date: /home/tofstudent/sa_zhao/install/carla_msgs/include/carla_msgs/msg/detail/carla_actor_info__type_support.cpp
[1.522s] -- Up-to-date: /home/tofstudent/sa_zhao/install/carla_msgs/include/carla_msgs/msg/detail/carla_status__type_support.cpp
[1.522s] -- Up-to-date: /home/tofstudent/sa_zhao/install/carla_msgs/include/carla_msgs/msg/detail/carla_actor_info__rosidl_typesupport_introspection_cpp.hpp
[1.522s] -- Up-to-date: /home/tofstudent/sa_zhao/install/carla_msgs/include/carla_msgs/msg/detail/carla_actor_list__type_support.cpp
[1.522s] -- Up-to-date: /home/tofstudent/sa_zhao/install/carla_msgs/include/carla_msgs/msg/detail/carla_lane_invasion_event__rosidl_typesupport_introspection_cpp.hpp
[1.522s] -- Up-to-date: /home/tofstudent/sa_zhao/install/carla_msgs/include/carla_msgs/msg/detail/carla_weather_parameters__type_support.cpp
[1.522s] -- Up-to-date: /home/tofstudent/sa_zhao/install/carla_msgs/include/carla_msgs/msg/detail/carla_collision_event__type_support.cpp
[1.522s] -- Up-to-date: /home/tofstudent/sa_zhao/install/carla_msgs/include/carla_msgs/msg/detail/carla_ego_vehicle_info_wheel__type_support.cpp
[1.522s] -- Up-to-date: /home/tofstudent/sa_zhao/install/carla_msgs/include/carla_msgs/msg/detail/carla_traffic_light_info__type_support.cpp
[1.522s] -- Up-to-date: /home/tofstudent/sa_zhao/install/carla_msgs/include/carla_msgs/msg/detail/carla_bounding_box__rosidl_typesupport_introspection_cpp.hpp
[1.523s] -- Up-to-date: /home/tofstudent/sa_zhao/install/carla_msgs/include/carla_msgs/msg/detail/carla_traffic_light_info_list__rosidl_typesupport_introspection_cpp.hpp
[1.523s] -- Up-to-date: /home/tofstudent/sa_zhao/install/carla_msgs/include/carla_msgs/msg/detail/carla_ego_vehicle_info__type_support.cpp
[1.523s] -- Up-to-date: /home/tofstudent/sa_zhao/install/carla_msgs/include/carla_msgs/msg/detail/carla_weather_parameters__rosidl_typesupport_introspection_cpp.hpp
[1.523s] -- Up-to-date: /home/tofstudent/sa_zhao/install/carla_msgs/include/carla_msgs/msg/detail/carla_walker_control__type_support.cpp
[1.523s] -- Up-to-date: /home/tofstudent/sa_zhao/install/carla_msgs/include/carla_msgs/msg/detail/carla_traffic_light_info__rosidl_typesupport_introspection_cpp.hpp
[1.523s] -- Up-to-date: /home/tofstudent/sa_zhao/install/carla_msgs/include/carla_msgs/msg/detail/carla_ego_vehicle_info_wheel__rosidl_typesupport_introspection_cpp.hpp
[1.523s] -- Up-to-date: /home/tofstudent/sa_zhao/install/carla_msgs/include/carla_msgs/msg/detail/carla_world_info__rosidl_typesupport_introspection_cpp.hpp
[1.523s] -- Up-to-date: /home/tofstudent/sa_zhao/install/carla_msgs/include/carla_msgs/msg/detail/carla_collision_event__rosidl_typesupport_introspection_cpp.hpp
[1.524s] -- Up-to-date: /home/tofstudent/sa_zhao/install/carla_msgs/include/carla_msgs/msg/detail/carla_actor_list__rosidl_typesupport_introspection_cpp.hpp
[1.524s] -- Up-to-date: /home/tofstudent/sa_zhao/install/carla_msgs/include/carla_msgs/msg/detail/carla_walker_control__rosidl_typesupport_introspection_cpp.hpp
[1.524s] -- Up-to-date: /home/tofstudent/sa_zhao/install/carla_msgs/include/carla_msgs/msg/detail/carla_ego_vehicle_control__type_support.cpp
[1.524s] -- Up-to-date: /home/tofstudent/sa_zhao/install/carla_msgs/include/carla_msgs/msg/detail/carla_bounding_box__type_support.cpp
[1.524s] -- Up-to-date: /home/tofstudent/sa_zhao/install/carla_msgs/include/carla_msgs/msg/detail/carla_traffic_light_status_list__type_support.cpp
[1.524s] -- Up-to-date: /home/tofstudent/sa_zhao/install/carla_msgs/include/carla_msgs/msg/detail/carla_ego_vehicle_status__type_support.cpp
[1.524s] -- Up-to-date: /home/tofstudent/sa_zhao/install/carla_msgs/include/carla_msgs/msg/detail/carla_ego_vehicle_info__rosidl_typesupport_introspection_cpp.hpp
[1.524s] -- Up-to-date: /home/tofstudent/sa_zhao/install/carla_msgs/include/carla_msgs/msg/detail/carla_traffic_light_status_list__rosidl_typesupport_introspection_cpp.hpp
[1.524s] -- Up-to-date: /home/tofstudent/sa_zhao/install/carla_msgs/include/carla_msgs/msg/detail/carla_traffic_light_status__rosidl_typesupport_introspection_cpp.hpp
[1.524s] -- Up-to-date: /home/tofstudent/sa_zhao/install/carla_msgs/include/carla_msgs/msg/detail/carla_lane_invasion_event__type_support.cpp
[1.525s] -- Up-to-date: /home/tofstudent/sa_zhao/install/carla_msgs/include/carla_msgs/msg/detail/carla_traffic_light_info_list__type_support.cpp
[1.525s] -- Up-to-date: /home/tofstudent/sa_zhao/install/carla_msgs/include/carla_msgs/msg/detail/carla_world_info__type_support.cpp
[1.525s] -- Up-to-date: /home/tofstudent/sa_zhao/install/carla_msgs/lib/libcarla_msgs__rosidl_typesupport_introspection_cpp.so
[1.525s] -- Up-to-date: /home/tofstudent/sa_zhao/install/carla_msgs/lib/libcarla_msgs__rosidl_typesupport_cpp.so
[1.525s] -- Up-to-date: /home/tofstudent/sa_zhao/install/carla_msgs/share/carla_msgs/environment/pythonpath.sh
[1.525s] -- Up-to-date: /home/tofstudent/sa_zhao/install/carla_msgs/share/carla_msgs/environment/pythonpath.dsv
[1.526s] -- Up-to-date: /home/tofstudent/sa_zhao/install/carla_msgs/lib/python3.8/site-packages/carla_msgs/__init__.py
[1.543s] -- Up-to-date: /home/tofstudent/sa_zhao/install/carla_msgs/lib/python3.8/site-packages/carla_msgs/msg
[1.544s] -- Up-to-date: /home/tofstudent/sa_zhao/install/carla_msgs/lib/python3.8/site-packages/carla_msgs/msg/_carla_ego_vehicle_info_wheel.py
[1.544s] -- Up-to-date: /home/tofstudent/sa_zhao/install/carla_msgs/lib/python3.8/site-packages/carla_msgs/msg/_carla_status_s.c
[1.545s] -- Up-to-date: /home/tofstudent/sa_zhao/install/carla_msgs/lib/python3.8/site-packages/carla_msgs/msg/_carla_bounding_box_s.c
[1.546s] -- Up-to-date: /home/tofstudent/sa_zhao/install/carla_msgs/lib/python3.8/site-packages/carla_msgs/msg/_carla_traffic_light_status_s.c
[1.546s] -- Up-to-date: /home/tofstudent/sa_zhao/install/carla_msgs/lib/python3.8/site-packages/carla_msgs/msg/_carla_collision_event_s.c
[1.546s] -- Up-to-date: /home/tofstudent/sa_zhao/install/carla_msgs/lib/python3.8/site-packages/carla_msgs/msg/_carla_ego_vehicle_info.py
[1.546s] -- Up-to-date: /home/tofstudent/sa_zhao/install/carla_msgs/lib/python3.8/site-packages/carla_msgs/msg/_carla_traffic_light_status.py
[1.546s] -- Up-to-date: /home/tofstudent/sa_zhao/install/carla_msgs/lib/python3.8/site-packages/carla_msgs/msg/_carla_bounding_box.py
[1.547s] -- Up-to-date: /home/tofstudent/sa_zhao/install/carla_msgs/lib/python3.8/site-packages/carla_msgs/msg/_carla_traffic_light_status_list.py
[1.547s] -- Up-to-date: /home/tofstudent/sa_zhao/install/carla_msgs/lib/python3.8/site-packages/carla_msgs/msg/_carla_world_info_s.c
[1.550s] -- Up-to-date: /home/tofstudent/sa_zhao/install/carla_msgs/lib/python3.8/site-packages/carla_msgs/msg/_carla_ego_vehicle_info_s.c
[1.550s] -- Up-to-date: /home/tofstudent/sa_zhao/install/carla_msgs/lib/python3.8/site-packages/carla_msgs/msg/_carla_ego_vehicle_status_s.c
[1.551s] -- Up-to-date: /home/tofstudent/sa_zhao/install/carla_msgs/lib/python3.8/site-packages/carla_msgs/msg/_carla_traffic_light_info_list_s.c
[1.551s] -- Up-to-date: /home/tofstudent/sa_zhao/install/carla_msgs/lib/python3.8/site-packages/carla_msgs/msg/_carla_actor_list_s.c
[1.551s] -- Up-to-date: /home/tofstudent/sa_zhao/install/carla_msgs/lib/python3.8/site-packages/carla_msgs/msg/_carla_control_s.c
[1.551s] -- Up-to-date: /home/tofstudent/sa_zhao/install/carla_msgs/lib/python3.8/site-packages/carla_msgs/msg/_carla_ego_vehicle_status.py
[1.552s] -- Up-to-date: /home/tofstudent/sa_zhao/install/carla_msgs/lib/python3.8/site-packages/carla_msgs/msg/_carla_collision_event.py
[1.552s] -- Up-to-date: /home/tofstudent/sa_zhao/install/carla_msgs/lib/python3.8/site-packages/carla_msgs/msg/_carla_traffic_light_info.py
[1.552s] -- Up-to-date: /home/tofstudent/sa_zhao/install/carla_msgs/lib/python3.8/site-packages/carla_msgs/msg/_carla_lane_invasion_event.py
[1.552s] -- Up-to-date: /home/tofstudent/sa_zhao/install/carla_msgs/lib/python3.8/site-packages/carla_msgs/msg/_carla_weather_parameters_s.c
[1.552s] -- Up-to-date: /home/tofstudent/sa_zhao/install/carla_msgs/lib/python3.8/site-packages/carla_msgs/msg/_carla_actor_list.py
[1.552s] -- Up-to-date: /home/tofstudent/sa_zhao/install/carla_msgs/lib/python3.8/site-packages/carla_msgs/msg/_carla_weather_parameters.py
[1.552s] -- Up-to-date: /home/tofstudent/sa_zhao/install/carla_msgs/lib/python3.8/site-packages/carla_msgs/msg/_carla_traffic_light_info_s.c
[1.552s] -- Up-to-date: /home/tofstudent/sa_zhao/install/carla_msgs/lib/python3.8/site-packages/carla_msgs/msg/__init__.py
[1.552s] -- Up-to-date: /home/tofstudent/sa_zhao/install/carla_msgs/lib/python3.8/site-packages/carla_msgs/msg/_carla_control.py
[1.553s] -- Up-to-date: /home/tofstudent/sa_zhao/install/carla_msgs/lib/python3.8/site-packages/carla_msgs/msg/_carla_ego_vehicle_control.py
[1.553s] -- Up-to-date: /home/tofstudent/sa_zhao/install/carla_msgs/lib/python3.8/site-packages/carla_msgs/msg/_carla_ego_vehicle_info_wheel_s.c
[1.553s] -- Up-to-date: /home/tofstudent/sa_zhao/install/carla_msgs/lib/python3.8/site-packages/carla_msgs/msg/_carla_actor_info.py
[1.553s] -- Up-to-date: /home/tofstudent/sa_zhao/install/carla_msgs/lib/python3.8/site-packages/carla_msgs/msg/_carla_ego_vehicle_control_s.c
[1.553s] -- Up-to-date: /home/tofstudent/sa_zhao/install/carla_msgs/lib/python3.8/site-packages/carla_msgs/msg/_carla_traffic_light_info_list.py
[1.553s] -- Up-to-date: /home/tofstudent/sa_zhao/install/carla_msgs/lib/python3.8/site-packages/carla_msgs/msg/_carla_lane_invasion_event_s.c
[1.553s] -- Up-to-date: /home/tofstudent/sa_zhao/install/carla_msgs/lib/python3.8/site-packages/carla_msgs/msg/_carla_world_info.py
[1.553s] -- Up-to-date: /home/tofstudent/sa_zhao/install/carla_msgs/lib/python3.8/site-packages/carla_msgs/msg/_carla_walker_control_s.c
[1.553s] -- Up-to-date: /home/tofstudent/sa_zhao/install/carla_msgs/lib/python3.8/site-packages/carla_msgs/msg/_carla_status.py
[1.554s] -- Up-to-date: /home/tofstudent/sa_zhao/install/carla_msgs/lib/python3.8/site-packages/carla_msgs/msg/_carla_traffic_light_status_list_s.c
[1.554s] -- Up-to-date: /home/tofstudent/sa_zhao/install/carla_msgs/lib/python3.8/site-packages/carla_msgs/msg/_carla_walker_control.py
[1.554s] -- Up-to-date: /home/tofstudent/sa_zhao/install/carla_msgs/lib/python3.8/site-packages/carla_msgs/msg/_carla_actor_info_s.c
[1.554s] -- Up-to-date: /home/tofstudent/sa_zhao/install/carla_msgs/lib/python3.8/site-packages/carla_msgs/srv
[1.554s] -- Up-to-date: /home/tofstudent/sa_zhao/install/carla_msgs/lib/python3.8/site-packages/carla_msgs/srv/_get_blueprints_s.c
[1.554s] -- Up-to-date: /home/tofstudent/sa_zhao/install/carla_msgs/lib/python3.8/site-packages/carla_msgs/srv/_destroy_object_s.c
[1.554s] -- Up-to-date: /home/tofstudent/sa_zhao/install/carla_msgs/lib/python3.8/site-packages/carla_msgs/srv/_spawn_object.py
[1.554s] -- Up-to-date: /home/tofstudent/sa_zhao/install/carla_msgs/lib/python3.8/site-packages/carla_msgs/srv/__init__.py
[1.554s] -- Up-to-date: /home/tofstudent/sa_zhao/install/carla_msgs/lib/python3.8/site-packages/carla_msgs/srv/_get_blueprints.py
[1.555s] -- Up-to-date: /home/tofstudent/sa_zhao/install/carla_msgs/lib/python3.8/site-packages/carla_msgs/srv/_destroy_object.py
[1.555s] -- Up-to-date: /home/tofstudent/sa_zhao/install/carla_msgs/lib/python3.8/site-packages/carla_msgs/srv/_spawn_object_s.c
[1.555s] -- Up-to-date: /home/tofstudent/sa_zhao/install/carla_msgs/lib/python3.8/site-packages/carla_msgs/carla_msgs_s__rosidl_typesupport_fastrtps_c.cpython-38-x86_64-linux-gnu.so
[1.555s] -- Up-to-date: /home/tofstudent/sa_zhao/install/carla_msgs/lib/python3.8/site-packages/carla_msgs/carla_msgs_s__rosidl_typesupport_introspection_c.cpython-38-x86_64-linux-gnu.so
[1.555s] -- Up-to-date: /home/tofstudent/sa_zhao/install/carla_msgs/lib/python3.8/site-packages/carla_msgs/carla_msgs_s__rosidl_typesupport_c.cpython-38-x86_64-linux-gnu.so
[1.555s] -- Up-to-date: /home/tofstudent/sa_zhao/install/carla_msgs/lib/libcarla_msgs__python.so
[1.555s] -- Up-to-date: /home/tofstudent/sa_zhao/install/carla_msgs/share/carla_msgs/msg/CarlaBoundingBox.idl
[1.555s] -- Up-to-date: /home/tofstudent/sa_zhao/install/carla_msgs/share/carla_msgs/msg/CarlaEgoVehicleControl.idl
[1.556s] -- Up-to-date: /home/tofstudent/sa_zhao/install/carla_msgs/share/carla_msgs/msg/CarlaEgoVehicleStatus.idl
[1.556s] -- Up-to-date: /home/tofstudent/sa_zhao/install/carla_msgs/share/carla_msgs/msg/CarlaEgoVehicleInfoWheel.idl
[1.557s] -- Up-to-date: /home/tofstudent/sa_zhao/install/carla_msgs/share/carla_msgs/msg/CarlaEgoVehicleInfo.idl
[1.561s] -- Up-to-date: /home/tofstudent/sa_zhao/install/carla_msgs/share/carla_msgs/msg/CarlaCollisionEvent.idl
[1.561s] -- Up-to-date: /home/tofstudent/sa_zhao/install/carla_msgs/share/carla_msgs/msg/CarlaLaneInvasionEvent.idl
[1.561s] -- Up-to-date: /home/tofstudent/sa_zhao/install/carla_msgs/share/carla_msgs/msg/CarlaWorldInfo.idl
[1.562s] -- Up-to-date: /home/tofstudent/sa_zhao/install/carla_msgs/share/carla_msgs/msg/CarlaActorInfo.idl
[1.564s] -- Up-to-date: /home/tofstudent/sa_zhao/install/carla_msgs/share/carla_msgs/msg/CarlaActorList.idl
[1.570s] -- Up-to-date: /home/tofstudent/sa_zhao/install/carla_msgs/share/carla_msgs/msg/CarlaControl.idl
[1.571s] -- Up-to-date: /home/tofstudent/sa_zhao/install/carla_msgs/share/carla_msgs/msg/CarlaStatus.idl
[1.571s] -- Up-to-date: /home/tofstudent/sa_zhao/install/carla_msgs/share/carla_msgs/msg/CarlaTrafficLightInfo.idl
[1.571s] -- Up-to-date: /home/tofstudent/sa_zhao/install/carla_msgs/share/carla_msgs/msg/CarlaTrafficLightInfoList.idl
[1.571s] -- Up-to-date: /home/tofstudent/sa_zhao/install/carla_msgs/share/carla_msgs/msg/CarlaTrafficLightStatus.idl
[1.572s] -- Up-to-date: /home/tofstudent/sa_zhao/install/carla_msgs/share/carla_msgs/msg/CarlaTrafficLightStatusList.idl
[1.572s] -- Up-to-date: /home/tofstudent/sa_zhao/install/carla_msgs/share/carla_msgs/msg/CarlaWalkerControl.idl
[1.572s] -- Up-to-date: /home/tofstudent/sa_zhao/install/carla_msgs/share/carla_msgs/msg/CarlaWeatherParameters.idl
[1.573s] -- Up-to-date: /home/tofstudent/sa_zhao/install/carla_msgs/share/carla_msgs/srv/SpawnObject.idl
[1.573s] -- Up-to-date: /home/tofstudent/sa_zhao/install/carla_msgs/share/carla_msgs/srv/DestroyObject.idl
[1.573s] -- Up-to-date: /home/tofstudent/sa_zhao/install/carla_msgs/share/carla_msgs/srv/GetBlueprints.idl
[1.573s] -- Up-to-date: /home/tofstudent/sa_zhao/install/carla_msgs/share/carla_msgs/msg/CarlaBoundingBox.msg
[1.573s] -- Up-to-date: /home/tofstudent/sa_zhao/install/carla_msgs/share/carla_msgs/msg/CarlaEgoVehicleControl.msg
[1.574s] -- Up-to-date: /home/tofstudent/sa_zhao/install/carla_msgs/share/carla_msgs/msg/CarlaEgoVehicleStatus.msg
[1.574s] -- Up-to-date: /home/tofstudent/sa_zhao/install/carla_msgs/share/carla_msgs/msg/CarlaEgoVehicleInfoWheel.msg
[1.574s] -- Up-to-date: /home/tofstudent/sa_zhao/install/carla_msgs/share/carla_msgs/msg/CarlaEgoVehicleInfo.msg
[1.574s] -- Up-to-date: /home/tofstudent/sa_zhao/install/carla_msgs/share/carla_msgs/msg/CarlaCollisionEvent.msg
[1.575s] -- Up-to-date: /home/tofstudent/sa_zhao/install/carla_msgs/share/carla_msgs/msg/CarlaLaneInvasionEvent.msg
[1.575s] -- Up-to-date: /home/tofstudent/sa_zhao/install/carla_msgs/share/carla_msgs/msg/CarlaWorldInfo.msg
[1.575s] -- Up-to-date: /home/tofstudent/sa_zhao/install/carla_msgs/share/carla_msgs/msg/CarlaActorInfo.msg
[1.575s] -- Up-to-date: /home/tofstudent/sa_zhao/install/carla_msgs/share/carla_msgs/msg/CarlaActorList.msg
[1.575s] -- Up-to-date: /home/tofstudent/sa_zhao/install/carla_msgs/share/carla_msgs/msg/CarlaControl.msg
[1.575s] -- Up-to-date: /home/tofstudent/sa_zhao/install/carla_msgs/share/carla_msgs/msg/CarlaStatus.msg
[1.575s] -- Up-to-date: /home/tofstudent/sa_zhao/install/carla_msgs/share/carla_msgs/msg/CarlaTrafficLightInfo.msg
[1.576s] -- Up-to-date: /home/tofstudent/sa_zhao/install/carla_msgs/share/carla_msgs/msg/CarlaTrafficLightInfoList.msg
[1.576s] -- Up-to-date: /home/tofstudent/sa_zhao/install/carla_msgs/share/carla_msgs/msg/CarlaTrafficLightStatus.msg
[1.576s] -- Up-to-date: /home/tofstudent/sa_zhao/install/carla_msgs/share/carla_msgs/msg/CarlaTrafficLightStatusList.msg
[1.576s] -- Up-to-date: /home/tofstudent/sa_zhao/install/carla_msgs/share/carla_msgs/msg/CarlaWalkerControl.msg
[1.576s] -- Up-to-date: /home/tofstudent/sa_zhao/install/carla_msgs/share/carla_msgs/msg/CarlaWeatherParameters.msg
[1.576s] -- Up-to-date: /home/tofstudent/sa_zhao/install/carla_msgs/share/carla_msgs/srv/SpawnObject.srv
[1.576s] -- Up-to-date: /home/tofstudent/sa_zhao/install/carla_msgs/share/carla_msgs/srv/SpawnObject_Request.msg
[1.576s] -- Up-to-date: /home/tofstudent/sa_zhao/install/carla_msgs/share/carla_msgs/srv/SpawnObject_Response.msg
[1.577s] -- Up-to-date: /home/tofstudent/sa_zhao/install/carla_msgs/share/carla_msgs/srv/DestroyObject.srv
[1.577s] -- Up-to-date: /home/tofstudent/sa_zhao/install/carla_msgs/share/carla_msgs/srv/DestroyObject_Request.msg
[1.577s] -- Up-to-date: /home/tofstudent/sa_zhao/install/carla_msgs/share/carla_msgs/srv/DestroyObject_Response.msg
[1.577s] -- Up-to-date: /home/tofstudent/sa_zhao/install/carla_msgs/share/carla_msgs/srv/GetBlueprints.srv
[1.577s] -- Up-to-date: /home/tofstudent/sa_zhao/install/carla_msgs/share/carla_msgs/srv/GetBlueprints_Request.msg
[1.577s] -- Up-to-date: /home/tofstudent/sa_zhao/install/carla_msgs/share/carla_msgs/srv/GetBlueprints_Response.msg
[1.578s] -- Up-to-date: /home/tofstudent/sa_zhao/install/carla_msgs/share/ament_index/resource_index/package_run_dependencies/carla_msgs
[1.578s] -- Up-to-date: /home/tofstudent/sa_zhao/install/carla_msgs/share/ament_index/resource_index/parent_prefix_path/carla_msgs
[1.578s] -- Up-to-date: /home/tofstudent/sa_zhao/install/carla_msgs/share/carla_msgs/environment/ament_prefix_path.sh
[1.578s] -- Up-to-date: /home/tofstudent/sa_zhao/install/carla_msgs/share/carla_msgs/environment/ament_prefix_path.dsv
[1.579s] -- Up-to-date: /home/tofstudent/sa_zhao/install/carla_msgs/share/carla_msgs/environment/path.sh
[1.579s] -- Up-to-date: /home/tofstudent/sa_zhao/install/carla_msgs/share/carla_msgs/environment/path.dsv
[1.579s] -- Up-to-date: /home/tofstudent/sa_zhao/install/carla_msgs/share/carla_msgs/local_setup.bash
[1.579s] -- Up-to-date: /home/tofstudent/sa_zhao/install/carla_msgs/share/carla_msgs/local_setup.sh
[1.579s] -- Up-to-date: /home/tofstudent/sa_zhao/install/carla_msgs/share/carla_msgs/local_setup.zsh
[1.580s] -- Up-to-date: /home/tofstudent/sa_zhao/install/carla_msgs/share/carla_msgs/local_setup.dsv
[1.580s] -- Installing: /home/tofstudent/sa_zhao/install/carla_msgs/share/carla_msgs/package.dsv
[1.581s] -- Up-to-date: /home/tofstudent/sa_zhao/install/carla_msgs/share/ament_index/resource_index/packages/carla_msgs
[1.581s] -- Up-to-date: /home/tofstudent/sa_zhao/install/carla_msgs/share/carla_msgs/cmake/carla_msgs__rosidl_generator_cExport.cmake
[1.582s] -- Up-to-date: /home/tofstudent/sa_zhao/install/carla_msgs/share/carla_msgs/cmake/carla_msgs__rosidl_generator_cExport-noconfig.cmake
[1.582s] -- Up-to-date: /home/tofstudent/sa_zhao/install/carla_msgs/share/carla_msgs/cmake/carla_msgs__rosidl_typesupport_introspection_cExport.cmake
[1.582s] -- Up-to-date: /home/tofstudent/sa_zhao/install/carla_msgs/share/carla_msgs/cmake/carla_msgs__rosidl_typesupport_introspection_cExport-noconfig.cmake
[1.582s] -- Up-to-date: /home/tofstudent/sa_zhao/install/carla_msgs/share/carla_msgs/cmake/carla_msgs__rosidl_typesupport_cExport.cmake
[1.582s] -- Up-to-date: /home/tofstudent/sa_zhao/install/carla_msgs/share/carla_msgs/cmake/carla_msgs__rosidl_typesupport_cExport-noconfig.cmake
[1.583s] -- Up-to-date: /home/tofstudent/sa_zhao/install/carla_msgs/share/carla_msgs/cmake/carla_msgs__rosidl_generator_cppExport.cmake
[1.583s] -- Up-to-date: /home/tofstudent/sa_zhao/install/carla_msgs/share/carla_msgs/cmake/carla_msgs__rosidl_typesupport_introspection_cppExport.cmake
[1.583s] -- Up-to-date: /home/tofstudent/sa_zhao/install/carla_msgs/share/carla_msgs/cmake/carla_msgs__rosidl_typesupport_introspection_cppExport-noconfig.cmake
[1.583s] -- Up-to-date: /home/tofstudent/sa_zhao/install/carla_msgs/share/carla_msgs/cmake/carla_msgs__rosidl_typesupport_cppExport.cmake
[1.583s] -- Up-to-date: /home/tofstudent/sa_zhao/install/carla_msgs/share/carla_msgs/cmake/carla_msgs__rosidl_typesupport_cppExport-noconfig.cmake
[1.586s] -- Up-to-date: /home/tofstudent/sa_zhao/install/carla_msgs/share/carla_msgs/cmake/rosidl_cmake-extras.cmake
[1.587s] -- Up-to-date: /home/tofstudent/sa_zhao/install/carla_msgs/share/carla_msgs/cmake/ament_cmake_export_dependencies-extras.cmake
[1.587s] -- Up-to-date: /home/tofstudent/sa_zhao/install/carla_msgs/share/carla_msgs/cmake/ament_cmake_export_libraries-extras.cmake
[1.587s] -- Up-to-date: /home/tofstudent/sa_zhao/install/carla_msgs/share/carla_msgs/cmake/ament_cmake_export_targets-extras.cmake
[1.588s] -- Up-to-date: /home/tofstudent/sa_zhao/install/carla_msgs/share/carla_msgs/cmake/ament_cmake_export_include_directories-extras.cmake
[1.588s] -- Up-to-date: /home/tofstudent/sa_zhao/install/carla_msgs/share/carla_msgs/cmake/rosidl_cmake_export_typesupport_libraries-extras.cmake
[1.588s] -- Up-to-date: /home/tofstudent/sa_zhao/install/carla_msgs/share/carla_msgs/cmake/rosidl_cmake_export_typesupport_targets-extras.cmake
[1.588s] -- Up-to-date: /home/tofstudent/sa_zhao/install/carla_msgs/share/carla_msgs/cmake/carla_msgsConfig.cmake
[1.588s] -- Up-to-date: /home/tofstudent/sa_zhao/install/carla_msgs/share/carla_msgs/cmake/carla_msgsConfig-version.cmake
[1.589s] -- Up-to-date: /home/tofstudent/sa_zhao/install/carla_msgs/share/carla_msgs/package.xml
[1.594s] Invoked command in '/home/tofstudent/sa_zhao/build/carla_msgs' returned '0': CMAKE_PREFIX_PATH=/opt/ros/foxy /usr/bin/cmake --install /home/tofstudent/sa_zhao/build/carla_msgs
