-- Found ament_cmake: 0.9.11 (/opt/ros/foxy/share/ament_cmake/cmake)
-- Using PYTHON_EXECUTABLE: /usr/bin/python3
-- Found ament_index_cpp: 1.1.0 (/opt/ros/foxy/share/ament_index_cpp/cmake)
-- Found rclcpp: 2.4.2 (/opt/ros/foxy/share/rclcpp/cmake)
-- Using all available rosidl_typesupport_c: rosidl_typesupport_fastrtps_c;rosidl_typesupport_introspection_c
-- Found rosidl_adapter: 1.3.0 (/opt/ros/foxy/share/rosidl_adapter/cmake)
-- Using all available rosidl_typesupport_cpp: rosidl_typesupport_fastrtps_cpp;rosidl_typesupport_introspection_cpp
-- Found rmw_implementation_cmake: 1.0.3 (/opt/ros/foxy/share/rmw_implementation_cmake/cmake)
-- Using RMW implementation 'rmw_fastrtps_cpp' as default
-- Found tod_msgs: 1.0.0 (/home/tofstudent/sa_zhao/install/tod_msgs/share/tod_msgs/cmake)
skipping SENSO build in tod_input_devices
-- Configuring done
-- Generating done
-- Build files have been written to: /home/tofstudent/sa_zhao/build/tod_input_devices
[35m[1mScanning dependencies of target UsbInputDevice[0m
[ 12%] [32mBuilding CXX object src/UsbInputDevice/CMakeFiles/UsbInputDevice.dir/__/General/MyInputDevice.cpp.o[0m
[ 25%] [32mBuilding CXX object src/UsbInputDevice/CMakeFiles/UsbInputDevice.dir/UsbInputDevice.cpp.o[0m
In file included from [01m[K/home/tofstudent/sa_zhao/src/tod_input_devices/src/UsbInputDevice/UsbInputDevice.cpp:2[m[K:
[01m[K/home/tofstudent/sa_zhao/src/tod_input_devices/src/UsbInputDevice/UsbInputDevice.h:11:10:[m[K [01;31m[Kfatal error: [m[KInputDevice.h: No such file or directory
 #include [01;31m[K"InputDevice.h"[m[K
          [01;31m[K^~~~~~~~~~~~~~~[m[K
compilation terminated.
make[2]: *** [src/UsbInputDevice/CMakeFiles/UsbInputDevice.dir/build.make:63: src/UsbInputDevice/CMakeFiles/UsbInputDevice.dir/UsbInputDevice.cpp.o] Error 1
make[2]: *** Waiting for unfinished jobs....
make[1]: *** [CMakeFiles/Makefile2:197: src/UsbInputDevice/CMakeFiles/UsbInputDevice.dir/all] Error 2
make: *** [Makefile:141: all] Error 2
