[0.044s] Invoking command in '/home/tofstudent/sa_zhao/build/tod_input_devices': CMAKE_PREFIX_PATH=/home/tofstudent/sa_zhao/install/tod_msgs:/home/tofstudent/sa_zhao/install/pure_pursuit:/home/tofstudent/sa_zhao/install/vehicle_info_util:/home/tofstudent/sa_zhao/install/interactive_trajectory:/home/tofstudent/sa_zhao/install/tod_command_creation:/home/tofstudent/sa_zhao/install/random_trajectory:/home/tofstudent/sa_zhao/install/traj_interfaces:/home/tofstudent/sa_zhao/install/tod_input_devices:/home/tofstudent/sa_zhao/install/carla_ackermann_msgs:/home/tofstudent/sa_zhao/install/carla_msgs:/home/tofstudent/sa_zhao/install/autoware_cmake:/home/tofstudent/sa_zhao/install/autoware_auto_vehicle_msgs:/home/tofstudent/sa_zhao/install/autoware_auto_planning_msgs:/home/tofstudent/sa_zhao/install/autoware_auto_control_msgs:/home/tofstudent/sa_zhao/install/carla_ackermann_control:/home/tofstudent/sa_zhao/install/carla_ros_bridge:/home/tofstudent/sa_zhao/install/carla_spawn_objects:/home/tofstudent/sa_zhao/install/ros_compatibility:/home/tofstudent/sa_zhao/install/carla_common:/opt/ros/foxy LD_LIBRARY_PATH=/home/tofstudent/sa_zhao/install/tod_msgs/lib:/home/tofstudent/sa_zhao/install/pure_pursuit/lib:/home/tofstudent/sa_zhao/install/vehicle_info_util/lib:/home/tofstudent/sa_zhao/install/traj_interfaces/lib:/home/tofstudent/sa_zhao/install/carla_ackermann_msgs/lib:/home/tofstudent/sa_zhao/install/carla_msgs/lib:/home/tofstudent/sa_zhao/install/autoware_auto_vehicle_msgs/lib:/home/tofstudent/sa_zhao/install/autoware_auto_planning_msgs/lib:/home/tofstudent/sa_zhao/install/autoware_auto_control_msgs/lib:/opt/ros/foxy/opt/yaml_cpp_vendor/lib:/opt/ros/foxy/opt/rviz_ogre_vendor/lib:/opt/ros/foxy/lib/x86_64-linux-gnu:/opt/ros/foxy/lib PYTHONPATH=/home/tofstudent/sa_zhao/install/tod_msgs/lib/python3.8/site-packages:/home/tofstudent/sa_zhao/install/traj_interfaces/lib/python3.8/site-packages:/home/tofstudent/sa_zhao/install/carla_ackermann_control/lib/python3.8/site-packages:/home/tofstudent/sa_zhao/install/carla_ros_bridge/lib/python3.8/site-packages:/home/tofstudent/sa_zhao/install/carla_spawn_objects/lib/python3.8/site-packages:/home/tofstudent/sa_zhao/install/ros_compatibility/lib/python3.8/site-packages:/home/tofstudent/sa_zhao/install/carla_ackermann_msgs/lib/python3.8/site-packages:/home/tofstudent/sa_zhao/install/carla_msgs/lib/python3.8/site-packages:/home/tofstudent/sa_zhao/install/carla_common/lib/python3.8/site-packages:/home/tofstudent/sa_zhao/install/autoware_auto_vehicle_msgs/lib/python3.8/site-packages:/home/tofstudent/sa_zhao/install/autoware_auto_planning_msgs/lib/python3.8/site-packages:/home/tofstudent/sa_zhao/install/autoware_auto_control_msgs/lib/python3.8/site-packages:/opt/ros/foxy/lib/python3.8/site-packages /usr/bin/cmake --build /home/tofstudent/sa_zhao/build/tod_input_devices -- -j8 -l8
[0.109s] -- Found ament_cmake: 0.9.11 (/opt/ros/foxy/share/ament_cmake/cmake)
[0.152s] -- Using PYTHON_EXECUTABLE: /usr/bin/python3
[0.393s] -- Found ament_index_cpp: 1.1.0 (/opt/ros/foxy/share/ament_index_cpp/cmake)
[0.397s] -- Found rclcpp: 2.4.2 (/opt/ros/foxy/share/rclcpp/cmake)
[0.441s] -- Using all available rosidl_typesupport_c: rosidl_typesupport_fastrtps_c;rosidl_typesupport_introspection_c
[0.444s] -- Found rosidl_adapter: 1.3.0 (/opt/ros/foxy/share/rosidl_adapter/cmake)
[0.661s] -- Using all available rosidl_typesupport_cpp: rosidl_typesupport_fastrtps_cpp;rosidl_typesupport_introspection_cpp
[0.726s] -- Found rmw_implementation_cmake: 1.0.3 (/opt/ros/foxy/share/rmw_implementation_cmake/cmake)
[0.728s] -- Using RMW implementation 'rmw_fastrtps_cpp' as default
[0.896s] -- Found tod_msgs: 1.0.0 (/home/tofstudent/sa_zhao/install/tod_msgs/share/tod_msgs/cmake)
[1.243s] skipping SENSO build in tod_input_devices
[1.342s] -- Configuring done
[1.363s] -- Generating done
[1.366s] -- Build files have been written to: /home/tofstudent/sa_zhao/build/tod_input_devices
[1.429s] [35m[1mScanning dependencies of target UsbInputDevice[0m
[1.453s] [ 12%] [32mBuilding CXX object src/UsbInputDevice/CMakeFiles/UsbInputDevice.dir/__/General/MyInputDevice.cpp.o[0m
[1.460s] [ 25%] [32mBuilding CXX object src/UsbInputDevice/CMakeFiles/UsbInputDevice.dir/UsbInputDevice.cpp.o[0m
[1.548s] In file included from [01m[K/home/tofstudent/sa_zhao/src/tod_input_devices/src/UsbInputDevice/UsbInputDevice.cpp:2[m[K:
[1.548s] [01m[K/home/tofstudent/sa_zhao/src/tod_input_devices/src/UsbInputDevice/UsbInputDevice.h:11:10:[m[K [01;31m[Kfatal error: [m[KInputDevice.h: No such file or directory
[1.548s]  #include [01;31m[K"InputDevice.h"[m[K
[1.549s]           [01;31m[K^~~~~~~~~~~~~~~[m[K
[1.549s] compilation terminated.
[1.550s] make[2]: *** [src/UsbInputDevice/CMakeFiles/UsbInputDevice.dir/build.make:63: src/UsbInputDevice/CMakeFiles/UsbInputDevice.dir/UsbInputDevice.cpp.o] Error 1
[1.551s] make[2]: *** Waiting for unfinished jobs....
[1.673s] make[1]: *** [CMakeFiles/Makefile2:197: src/UsbInputDevice/CMakeFiles/UsbInputDevice.dir/all] Error 2
[1.673s] make: *** [Makefile:141: all] Error 2
[1.678s] Invoked command in '/home/tofstudent/sa_zhao/build/tod_input_devices' returned '2': CMAKE_PREFIX_PATH=/home/tofstudent/sa_zhao/install/tod_msgs:/home/tofstudent/sa_zhao/install/pure_pursuit:/home/tofstudent/sa_zhao/install/vehicle_info_util:/home/tofstudent/sa_zhao/install/interactive_trajectory:/home/tofstudent/sa_zhao/install/tod_command_creation:/home/tofstudent/sa_zhao/install/random_trajectory:/home/tofstudent/sa_zhao/install/traj_interfaces:/home/tofstudent/sa_zhao/install/tod_input_devices:/home/tofstudent/sa_zhao/install/carla_ackermann_msgs:/home/tofstudent/sa_zhao/install/carla_msgs:/home/tofstudent/sa_zhao/install/autoware_cmake:/home/tofstudent/sa_zhao/install/autoware_auto_vehicle_msgs:/home/tofstudent/sa_zhao/install/autoware_auto_planning_msgs:/home/tofstudent/sa_zhao/install/autoware_auto_control_msgs:/home/tofstudent/sa_zhao/install/carla_ackermann_control:/home/tofstudent/sa_zhao/install/carla_ros_bridge:/home/tofstudent/sa_zhao/install/carla_spawn_objects:/home/tofstudent/sa_zhao/install/ros_compatibility:/home/tofstudent/sa_zhao/install/carla_common:/opt/ros/foxy LD_LIBRARY_PATH=/home/tofstudent/sa_zhao/install/tod_msgs/lib:/home/tofstudent/sa_zhao/install/pure_pursuit/lib:/home/tofstudent/sa_zhao/install/vehicle_info_util/lib:/home/tofstudent/sa_zhao/install/traj_interfaces/lib:/home/tofstudent/sa_zhao/install/carla_ackermann_msgs/lib:/home/tofstudent/sa_zhao/install/carla_msgs/lib:/home/tofstudent/sa_zhao/install/autoware_auto_vehicle_msgs/lib:/home/tofstudent/sa_zhao/install/autoware_auto_planning_msgs/lib:/home/tofstudent/sa_zhao/install/autoware_auto_control_msgs/lib:/opt/ros/foxy/opt/yaml_cpp_vendor/lib:/opt/ros/foxy/opt/rviz_ogre_vendor/lib:/opt/ros/foxy/lib/x86_64-linux-gnu:/opt/ros/foxy/lib PYTHONPATH=/home/tofstudent/sa_zhao/install/tod_msgs/lib/python3.8/site-packages:/home/tofstudent/sa_zhao/install/traj_interfaces/lib/python3.8/site-packages:/home/tofstudent/sa_zhao/install/carla_ackermann_control/lib/python3.8/site-packages:/home/tofstudent/sa_zhao/install/carla_ros_bridge/lib/python3.8/site-packages:/home/tofstudent/sa_zhao/install/carla_spawn_objects/lib/python3.8/site-packages:/home/tofstudent/sa_zhao/install/ros_compatibility/lib/python3.8/site-packages:/home/tofstudent/sa_zhao/install/carla_ackermann_msgs/lib/python3.8/site-packages:/home/tofstudent/sa_zhao/install/carla_msgs/lib/python3.8/site-packages:/home/tofstudent/sa_zhao/install/carla_common/lib/python3.8/site-packages:/home/tofstudent/sa_zhao/install/autoware_auto_vehicle_msgs/lib/python3.8/site-packages:/home/tofstudent/sa_zhao/install/autoware_auto_planning_msgs/lib/python3.8/site-packages:/home/tofstudent/sa_zhao/install/autoware_auto_control_msgs/lib/python3.8/site-packages:/opt/ros/foxy/lib/python3.8/site-packages /usr/bin/cmake --build /home/tofstudent/sa_zhao/build/tod_input_devices -- -j8 -l8
