[0.041s] Invoking command in '/home/tofstudent/sa_zhao/build/autoware_auto_vehicle_msgs': CMAKE_PREFIX_PATH=/opt/ros/foxy /usr/bin/cmake --build /home/tofstudent/sa_zhao/build/autoware_auto_vehicle_msgs -- -j8 -l8
[0.127s] [  9%] Built target autoware_auto_vehicle_msgs__rosidl_generator_c
[0.133s] [ 12%] Built target autoware_auto_vehicle_msgs__cpp
[0.171s] [ 22%] Built target autoware_auto_vehicle_msgs__rosidl_typesupport_c
[0.172s] [ 32%] Built target autoware_auto_vehicle_msgs__rosidl_typesupport_fastrtps_cpp
[0.185s] [ 41%] Built target autoware_auto_vehicle_msgs__rosidl_typesupport_introspection_c
[0.189s] [ 51%] Built target autoware_auto_vehicle_msgs__rosidl_typesupport_cpp
[0.193s] [ 61%] Built target autoware_auto_vehicle_msgs__rosidl_typesupport_introspection_cpp
[0.218s] [ 70%] Built target autoware_auto_vehicle_msgs__rosidl_typesupport_fastrtps_c
[0.250s] [ 70%] Built target autoware_auto_vehicle_msgs
[0.290s] [ 74%] Built target autoware_auto_vehicle_msgs__py
[0.324s] [ 80%] Built target autoware_auto_vehicle_msgs__python
[0.381s] [ 87%] Built target autoware_auto_vehicle_msgs__rosidl_typesupport_c__pyext
[0.404s] [ 93%] Built target autoware_auto_vehicle_msgs__rosidl_typesupport_fastrtps_c__pyext
[0.404s] [100%] Built target autoware_auto_vehicle_msgs__rosidl_typesupport_introspection_c__pyext
[0.410s] Invoked command in '/home/tofstudent/sa_zhao/build/autoware_auto_vehicle_msgs' returned '0': CMAKE_PREFIX_PATH=/opt/ros/foxy /usr/bin/cmake --build /home/tofstudent/sa_zhao/build/autoware_auto_vehicle_msgs -- -j8 -l8
[0.562s] Invoking command in '/home/tofstudent/sa_zhao/build/autoware_auto_vehicle_msgs': CMAKE_PREFIX_PATH=/opt/ros/foxy /usr/bin/cmake --install /home/tofstudent/sa_zhao/build/autoware_auto_vehicle_msgs
[0.581s] -- Install configuration: ""
[0.581s] -- Up-to-date: /home/tofstudent/sa_zhao/install/autoware_auto_vehicle_msgs/share/ament_index/resource_index/rosidl_interfaces/autoware_auto_vehicle_msgs
[0.583s] -- Up-to-date: /home/tofstudent/sa_zhao/install/autoware_auto_vehicle_msgs/include/autoware_auto_vehicle_msgs
[0.587s] -- Up-to-date: /home/tofstudent/sa_zhao/install/autoware_auto_vehicle_msgs/include/autoware_auto_vehicle_msgs/msg
[0.587s] -- Up-to-date: /home/tofstudent/sa_zhao/install/autoware_auto_vehicle_msgs/include/autoware_auto_vehicle_msgs/msg/steering_report.h
[0.588s] -- Up-to-date: /home/tofstudent/sa_zhao/install/autoware_auto_vehicle_msgs/include/autoware_auto_vehicle_msgs/msg/detail
[0.588s] -- Up-to-date: /home/tofstudent/sa_zhao/install/autoware_auto_vehicle_msgs/include/autoware_auto_vehicle_msgs/msg/detail/steering_report__type_support.h
[0.588s] -- Up-to-date: /home/tofstudent/sa_zhao/install/autoware_auto_vehicle_msgs/include/autoware_auto_vehicle_msgs/msg/detail/steering_report__functions.c
[0.588s] -- Up-to-date: /home/tofstudent/sa_zhao/install/autoware_auto_vehicle_msgs/include/autoware_auto_vehicle_msgs/msg/detail/steering_report__struct.h
[0.588s] -- Up-to-date: /home/tofstudent/sa_zhao/install/autoware_auto_vehicle_msgs/include/autoware_auto_vehicle_msgs/msg/detail/steering_report__functions.h
[0.589s] -- Up-to-date: /home/tofstudent/sa_zhao/install/autoware_auto_vehicle_msgs/include/autoware_auto_vehicle_msgs/msg/rosidl_generator_c__visibility_control.h
[0.589s] -- Up-to-date: /home/tofstudent/sa_zhao/install/autoware_auto_vehicle_msgs/share/autoware_auto_vehicle_msgs/environment/library_path.sh
[0.589s] -- Up-to-date: /home/tofstudent/sa_zhao/install/autoware_auto_vehicle_msgs/share/autoware_auto_vehicle_msgs/environment/library_path.dsv
[0.589s] -- Up-to-date: /home/tofstudent/sa_zhao/install/autoware_auto_vehicle_msgs/lib/libautoware_auto_vehicle_msgs__rosidl_generator_c.so
[0.589s] -- Up-to-date: /home/tofstudent/sa_zhao/install/autoware_auto_vehicle_msgs/include/autoware_auto_vehicle_msgs
[0.589s] -- Up-to-date: /home/tofstudent/sa_zhao/install/autoware_auto_vehicle_msgs/include/autoware_auto_vehicle_msgs/msg
[0.589s] -- Up-to-date: /home/tofstudent/sa_zhao/install/autoware_auto_vehicle_msgs/include/autoware_auto_vehicle_msgs/msg/rosidl_typesupport_fastrtps_c__visibility_control.h
[0.589s] -- Up-to-date: /home/tofstudent/sa_zhao/install/autoware_auto_vehicle_msgs/include/autoware_auto_vehicle_msgs/msg/detail
[0.589s] -- Up-to-date: /home/tofstudent/sa_zhao/install/autoware_auto_vehicle_msgs/include/autoware_auto_vehicle_msgs/msg/detail/steering_report__rosidl_typesupport_fastrtps_c.h
[0.590s] -- Up-to-date: /home/tofstudent/sa_zhao/install/autoware_auto_vehicle_msgs/lib/libautoware_auto_vehicle_msgs__rosidl_typesupport_fastrtps_c.so
[0.590s] -- Up-to-date: /home/tofstudent/sa_zhao/install/autoware_auto_vehicle_msgs/include/autoware_auto_vehicle_msgs
[0.590s] -- Up-to-date: /home/tofstudent/sa_zhao/install/autoware_auto_vehicle_msgs/include/autoware_auto_vehicle_msgs/msg
[0.590s] -- Up-to-date: /home/tofstudent/sa_zhao/install/autoware_auto_vehicle_msgs/include/autoware_auto_vehicle_msgs/msg/rosidl_typesupport_fastrtps_cpp__visibility_control.h
[0.590s] -- Up-to-date: /home/tofstudent/sa_zhao/install/autoware_auto_vehicle_msgs/include/autoware_auto_vehicle_msgs/msg/detail
[0.590s] -- Up-to-date: /home/tofstudent/sa_zhao/install/autoware_auto_vehicle_msgs/include/autoware_auto_vehicle_msgs/msg/detail/steering_report__rosidl_typesupport_fastrtps_cpp.hpp
[0.590s] -- Up-to-date: /home/tofstudent/sa_zhao/install/autoware_auto_vehicle_msgs/include/autoware_auto_vehicle_msgs/msg/detail/dds_fastrtps
[0.590s] -- Up-to-date: /home/tofstudent/sa_zhao/install/autoware_auto_vehicle_msgs/lib/libautoware_auto_vehicle_msgs__rosidl_typesupport_fastrtps_cpp.so
[0.590s] -- Up-to-date: /home/tofstudent/sa_zhao/install/autoware_auto_vehicle_msgs/include/autoware_auto_vehicle_msgs
[0.591s] -- Up-to-date: /home/tofstudent/sa_zhao/install/autoware_auto_vehicle_msgs/include/autoware_auto_vehicle_msgs/msg
[0.591s] -- Up-to-date: /home/tofstudent/sa_zhao/install/autoware_auto_vehicle_msgs/include/autoware_auto_vehicle_msgs/msg/detail
[0.591s] -- Up-to-date: /home/tofstudent/sa_zhao/install/autoware_auto_vehicle_msgs/include/autoware_auto_vehicle_msgs/msg/detail/steering_report__rosidl_typesupport_introspection_c.h
[0.591s] -- Up-to-date: /home/tofstudent/sa_zhao/install/autoware_auto_vehicle_msgs/include/autoware_auto_vehicle_msgs/msg/detail/steering_report__type_support.c
[0.591s] -- Up-to-date: /home/tofstudent/sa_zhao/install/autoware_auto_vehicle_msgs/include/autoware_auto_vehicle_msgs/msg/rosidl_typesupport_introspection_c__visibility_control.h
[0.591s] -- Up-to-date: /home/tofstudent/sa_zhao/install/autoware_auto_vehicle_msgs/lib/libautoware_auto_vehicle_msgs__rosidl_typesupport_introspection_c.so
[0.591s] -- Up-to-date: /home/tofstudent/sa_zhao/install/autoware_auto_vehicle_msgs/lib/libautoware_auto_vehicle_msgs__rosidl_typesupport_c.so
[0.592s] -- Up-to-date: /home/tofstudent/sa_zhao/install/autoware_auto_vehicle_msgs/include/autoware_auto_vehicle_msgs
[0.592s] -- Up-to-date: /home/tofstudent/sa_zhao/install/autoware_auto_vehicle_msgs/include/autoware_auto_vehicle_msgs/msg
[0.594s] -- Up-to-date: /home/tofstudent/sa_zhao/install/autoware_auto_vehicle_msgs/include/autoware_auto_vehicle_msgs/msg/detail
[0.594s] -- Up-to-date: /home/tofstudent/sa_zhao/install/autoware_auto_vehicle_msgs/include/autoware_auto_vehicle_msgs/msg/detail/steering_report__builder.hpp
[0.594s] -- Up-to-date: /home/tofstudent/sa_zhao/install/autoware_auto_vehicle_msgs/include/autoware_auto_vehicle_msgs/msg/detail/steering_report__struct.hpp
[0.594s] -- Up-to-date: /home/tofstudent/sa_zhao/install/autoware_auto_vehicle_msgs/include/autoware_auto_vehicle_msgs/msg/detail/steering_report__traits.hpp
[0.595s] -- Up-to-date: /home/tofstudent/sa_zhao/install/autoware_auto_vehicle_msgs/include/autoware_auto_vehicle_msgs/msg/steering_report.hpp
[0.595s] -- Up-to-date: /home/tofstudent/sa_zhao/install/autoware_auto_vehicle_msgs/include/autoware_auto_vehicle_msgs
[0.595s] -- Up-to-date: /home/tofstudent/sa_zhao/install/autoware_auto_vehicle_msgs/include/autoware_auto_vehicle_msgs/msg
[0.595s] -- Up-to-date: /home/tofstudent/sa_zhao/install/autoware_auto_vehicle_msgs/include/autoware_auto_vehicle_msgs/msg/detail
[0.595s] -- Up-to-date: /home/tofstudent/sa_zhao/install/autoware_auto_vehicle_msgs/include/autoware_auto_vehicle_msgs/msg/detail/steering_report__type_support.cpp
[0.595s] -- Up-to-date: /home/tofstudent/sa_zhao/install/autoware_auto_vehicle_msgs/include/autoware_auto_vehicle_msgs/msg/detail/steering_report__rosidl_typesupport_introspection_cpp.hpp
[0.596s] -- Up-to-date: /home/tofstudent/sa_zhao/install/autoware_auto_vehicle_msgs/lib/libautoware_auto_vehicle_msgs__rosidl_typesupport_introspection_cpp.so
[0.596s] -- Up-to-date: /home/tofstudent/sa_zhao/install/autoware_auto_vehicle_msgs/lib/libautoware_auto_vehicle_msgs__rosidl_typesupport_cpp.so
[0.598s] -- Up-to-date: /home/tofstudent/sa_zhao/install/autoware_auto_vehicle_msgs/share/autoware_auto_vehicle_msgs/environment/pythonpath.sh
[0.598s] -- Up-to-date: /home/tofstudent/sa_zhao/install/autoware_auto_vehicle_msgs/share/autoware_auto_vehicle_msgs/environment/pythonpath.dsv
[0.598s] -- Up-to-date: /home/tofstudent/sa_zhao/install/autoware_auto_vehicle_msgs/lib/python3.8/site-packages/autoware_auto_vehicle_msgs/__init__.py
[0.633s] -- Up-to-date: /home/tofstudent/sa_zhao/install/autoware_auto_vehicle_msgs/lib/python3.8/site-packages/autoware_auto_vehicle_msgs/msg
[0.633s] -- Up-to-date: /home/tofstudent/sa_zhao/install/autoware_auto_vehicle_msgs/lib/python3.8/site-packages/autoware_auto_vehicle_msgs/msg/_steering_report.py
[0.633s] -- Up-to-date: /home/tofstudent/sa_zhao/install/autoware_auto_vehicle_msgs/lib/python3.8/site-packages/autoware_auto_vehicle_msgs/msg/_steering_report_s.c
[0.634s] -- Up-to-date: /home/tofstudent/sa_zhao/install/autoware_auto_vehicle_msgs/lib/python3.8/site-packages/autoware_auto_vehicle_msgs/msg/__init__.py
[0.634s] -- Up-to-date: /home/tofstudent/sa_zhao/install/autoware_auto_vehicle_msgs/lib/python3.8/site-packages/autoware_auto_vehicle_msgs/autoware_auto_vehicle_msgs_s__rosidl_typesupport_fastrtps_c.cpython-38-x86_64-linux-gnu.so
[0.634s] -- Up-to-date: /home/tofstudent/sa_zhao/install/autoware_auto_vehicle_msgs/lib/python3.8/site-packages/autoware_auto_vehicle_msgs/autoware_auto_vehicle_msgs_s__rosidl_typesupport_introspection_c.cpython-38-x86_64-linux-gnu.so
[0.635s] -- Up-to-date: /home/tofstudent/sa_zhao/install/autoware_auto_vehicle_msgs/lib/python3.8/site-packages/autoware_auto_vehicle_msgs/autoware_auto_vehicle_msgs_s__rosidl_typesupport_c.cpython-38-x86_64-linux-gnu.so
[0.637s] -- Up-to-date: /home/tofstudent/sa_zhao/install/autoware_auto_vehicle_msgs/lib/libautoware_auto_vehicle_msgs__python.so
[0.641s] -- Up-to-date: /home/tofstudent/sa_zhao/install/autoware_auto_vehicle_msgs/share/autoware_auto_vehicle_msgs/msg/SteeringReport.idl
[0.641s] -- Up-to-date: /home/tofstudent/sa_zhao/install/autoware_auto_vehicle_msgs/share/ament_index/resource_index/package_run_dependencies/autoware_auto_vehicle_msgs
[0.642s] -- Up-to-date: /home/tofstudent/sa_zhao/install/autoware_auto_vehicle_msgs/share/ament_index/resource_index/parent_prefix_path/autoware_auto_vehicle_msgs
[0.644s] -- Up-to-date: /home/tofstudent/sa_zhao/install/autoware_auto_vehicle_msgs/share/autoware_auto_vehicle_msgs/environment/ament_prefix_path.sh
[0.644s] -- Up-to-date: /home/tofstudent/sa_zhao/install/autoware_auto_vehicle_msgs/share/autoware_auto_vehicle_msgs/environment/ament_prefix_path.dsv
[0.645s] -- Up-to-date: /home/tofstudent/sa_zhao/install/autoware_auto_vehicle_msgs/share/autoware_auto_vehicle_msgs/environment/path.sh
[0.647s] -- Up-to-date: /home/tofstudent/sa_zhao/install/autoware_auto_vehicle_msgs/share/autoware_auto_vehicle_msgs/environment/path.dsv
[0.648s] -- Up-to-date: /home/tofstudent/sa_zhao/install/autoware_auto_vehicle_msgs/share/autoware_auto_vehicle_msgs/local_setup.bash
[0.648s] -- Up-to-date: /home/tofstudent/sa_zhao/install/autoware_auto_vehicle_msgs/share/autoware_auto_vehicle_msgs/local_setup.sh
[0.648s] -- Up-to-date: /home/tofstudent/sa_zhao/install/autoware_auto_vehicle_msgs/share/autoware_auto_vehicle_msgs/local_setup.zsh
[0.649s] -- Up-to-date: /home/tofstudent/sa_zhao/install/autoware_auto_vehicle_msgs/share/autoware_auto_vehicle_msgs/local_setup.dsv
[0.649s] -- Installing: /home/tofstudent/sa_zhao/install/autoware_auto_vehicle_msgs/share/autoware_auto_vehicle_msgs/package.dsv
[0.649s] -- Up-to-date: /home/tofstudent/sa_zhao/install/autoware_auto_vehicle_msgs/share/ament_index/resource_index/packages/autoware_auto_vehicle_msgs
[0.649s] -- Up-to-date: /home/tofstudent/sa_zhao/install/autoware_auto_vehicle_msgs/share/autoware_auto_vehicle_msgs/cmake/autoware_auto_vehicle_msgs__rosidl_generator_cExport.cmake
[0.650s] -- Up-to-date: /home/tofstudent/sa_zhao/install/autoware_auto_vehicle_msgs/share/autoware_auto_vehicle_msgs/cmake/autoware_auto_vehicle_msgs__rosidl_generator_cExport-noconfig.cmake
[0.652s] -- Up-to-date: /home/tofstudent/sa_zhao/install/autoware_auto_vehicle_msgs/share/autoware_auto_vehicle_msgs/cmake/autoware_auto_vehicle_msgs__rosidl_typesupport_introspection_cExport.cmake
[0.657s] -- Up-to-date: /home/tofstudent/sa_zhao/install/autoware_auto_vehicle_msgs/share/autoware_auto_vehicle_msgs/cmake/autoware_auto_vehicle_msgs__rosidl_typesupport_introspection_cExport-noconfig.cmake
[0.658s] -- Up-to-date: /home/tofstudent/sa_zhao/install/autoware_auto_vehicle_msgs/share/autoware_auto_vehicle_msgs/cmake/autoware_auto_vehicle_msgs__rosidl_typesupport_cExport.cmake
[0.658s] -- Up-to-date: /home/tofstudent/sa_zhao/install/autoware_auto_vehicle_msgs/share/autoware_auto_vehicle_msgs/cmake/autoware_auto_vehicle_msgs__rosidl_typesupport_cExport-noconfig.cmake
[0.658s] -- Up-to-date: /home/tofstudent/sa_zhao/install/autoware_auto_vehicle_msgs/share/autoware_auto_vehicle_msgs/cmake/autoware_auto_vehicle_msgs__rosidl_generator_cppExport.cmake
[0.658s] -- Up-to-date: /home/tofstudent/sa_zhao/install/autoware_auto_vehicle_msgs/share/autoware_auto_vehicle_msgs/cmake/autoware_auto_vehicle_msgs__rosidl_typesupport_introspection_cppExport.cmake
[0.658s] -- Up-to-date: /home/tofstudent/sa_zhao/install/autoware_auto_vehicle_msgs/share/autoware_auto_vehicle_msgs/cmake/autoware_auto_vehicle_msgs__rosidl_typesupport_introspection_cppExport-noconfig.cmake
[0.658s] -- Up-to-date: /home/tofstudent/sa_zhao/install/autoware_auto_vehicle_msgs/share/autoware_auto_vehicle_msgs/cmake/autoware_auto_vehicle_msgs__rosidl_typesupport_cppExport.cmake
[0.659s] -- Up-to-date: /home/tofstudent/sa_zhao/install/autoware_auto_vehicle_msgs/share/autoware_auto_vehicle_msgs/cmake/autoware_auto_vehicle_msgs__rosidl_typesupport_cppExport-noconfig.cmake
[0.659s] -- Up-to-date: /home/tofstudent/sa_zhao/install/autoware_auto_vehicle_msgs/share/autoware_auto_vehicle_msgs/cmake/rosidl_cmake-extras.cmake
[0.659s] -- Up-to-date: /home/tofstudent/sa_zhao/install/autoware_auto_vehicle_msgs/share/autoware_auto_vehicle_msgs/cmake/ament_cmake_export_dependencies-extras.cmake
[0.659s] -- Up-to-date: /home/tofstudent/sa_zhao/install/autoware_auto_vehicle_msgs/share/autoware_auto_vehicle_msgs/cmake/ament_cmake_export_libraries-extras.cmake
[0.659s] -- Up-to-date: /home/tofstudent/sa_zhao/install/autoware_auto_vehicle_msgs/share/autoware_auto_vehicle_msgs/cmake/ament_cmake_export_targets-extras.cmake
[0.659s] -- Up-to-date: /home/tofstudent/sa_zhao/install/autoware_auto_vehicle_msgs/share/autoware_auto_vehicle_msgs/cmake/ament_cmake_export_include_directories-extras.cmake
[0.659s] -- Up-to-date: /home/tofstudent/sa_zhao/install/autoware_auto_vehicle_msgs/share/autoware_auto_vehicle_msgs/cmake/rosidl_cmake_export_typesupport_libraries-extras.cmake
[0.659s] -- Up-to-date: /home/tofstudent/sa_zhao/install/autoware_auto_vehicle_msgs/share/autoware_auto_vehicle_msgs/cmake/rosidl_cmake_export_typesupport_targets-extras.cmake
[0.659s] -- Up-to-date: /home/tofstudent/sa_zhao/install/autoware_auto_vehicle_msgs/share/autoware_auto_vehicle_msgs/cmake/autoware_auto_vehicle_msgsConfig.cmake
[0.659s] -- Up-to-date: /home/tofstudent/sa_zhao/install/autoware_auto_vehicle_msgs/share/autoware_auto_vehicle_msgs/cmake/autoware_auto_vehicle_msgsConfig-version.cmake
[0.660s] -- Up-to-date: /home/tofstudent/sa_zhao/install/autoware_auto_vehicle_msgs/share/autoware_auto_vehicle_msgs/package.xml
[0.660s] Invoked command in '/home/tofstudent/sa_zhao/build/autoware_auto_vehicle_msgs' returned '0': CMAKE_PREFIX_PATH=/opt/ros/foxy /usr/bin/cmake --install /home/tofstudent/sa_zhao/build/autoware_auto_vehicle_msgs
