[0.694s] Invoking command in '/home/tofstudent/sa_zhao/src/carla_ros_bridge': AMENT_PREFIX_PATH=/home/tofstudent/sa_zhao/install/carla_spawn_objects:/home/tofstudent/sa_zhao/install/ros_compatibility:/home/tofstudent/sa_zhao/install/carla_msgs:/home/tofstudent/sa_zhao/install/carla_common:${AMENT_PREFIX_PATH} CMAKE_PREFIX_PATH=/home/tofstudent/sa_zhao/install/carla_msgs LD_LIBRARY_PATH=/home/tofstudent/sa_zhao/install/carla_msgs/lib:${LD_LIBRARY_PATH} PYTHONPATH=/home/tofstudent/sa_zhao/install/carla_ros_bridge/lib/python3.8/site-packages:/home/tofstudent/sa_zhao/install/carla_spawn_objects/lib/python3.8/site-packages:/home/tofstudent/sa_zhao/install/ros_compatibility/lib/python3.8/site-packages:/home/tofstudent/sa_zhao/install/carla_msgs/lib/python3.8/site-packages:/home/tofstudent/sa_zhao/install/carla_common/lib/python3.8/site-packages:${PYTHONPATH} /usr/bin/python3 setup.py egg_info --egg-base ../../build/carla_ros_bridge build --build-base /home/tofstudent/sa_zhao/build/carla_ros_bridge/build install --prefix /home/tofstudent/sa_zhao/install/carla_ros_bridge --record /home/tofstudent/sa_zhao/build/carla_ros_bridge/install.log --single-version-externally-managed
[0.903s] running egg_info
[0.903s] writing ../../build/carla_ros_bridge/carla_ros_bridge.egg-info/PKG-INFO
[0.904s] writing dependency_links to ../../build/carla_ros_bridge/carla_ros_bridge.egg-info/dependency_links.txt
[0.904s] writing entry points to ../../build/carla_ros_bridge/carla_ros_bridge.egg-info/entry_points.txt
[0.904s] writing requirements to ../../build/carla_ros_bridge/carla_ros_bridge.egg-info/requires.txt
[0.905s] writing top-level names to ../../build/carla_ros_bridge/carla_ros_bridge.egg-info/top_level.txt
[0.934s] reading manifest file '../../build/carla_ros_bridge/carla_ros_bridge.egg-info/SOURCES.txt'
[0.935s] writing manifest file '../../build/carla_ros_bridge/carla_ros_bridge.egg-info/SOURCES.txt'
[0.935s] running build
[0.935s] running build_py
[0.937s] running install
[0.937s] running install_lib
[0.940s] running install_data
[0.940s] running install_egg_info
[0.942s] removing '/home/tofstudent/sa_zhao/install/carla_ros_bridge/lib/python3.8/site-packages/carla_ros_bridge-0.0.0-py3.8.egg-info' (and everything under it)
[0.942s] Copying ../../build/carla_ros_bridge/carla_ros_bridge.egg-info to /home/tofstudent/sa_zhao/install/carla_ros_bridge/lib/python3.8/site-packages/carla_ros_bridge-0.0.0-py3.8.egg-info
[0.943s] running install_scripts
[0.958s] Installing bridge script to /home/tofstudent/sa_zhao/install/carla_ros_bridge/lib/carla_ros_bridge
[0.959s] writing list of installed files to '/home/tofstudent/sa_zhao/build/carla_ros_bridge/install.log'
[0.987s] Invoked command in '/home/tofstudent/sa_zhao/src/carla_ros_bridge' returned '0': AMENT_PREFIX_PATH=/home/tofstudent/sa_zhao/install/carla_spawn_objects:/home/tofstudent/sa_zhao/install/ros_compatibility:/home/tofstudent/sa_zhao/install/carla_msgs:/home/tofstudent/sa_zhao/install/carla_common:${AMENT_PREFIX_PATH} CMAKE_PREFIX_PATH=/home/tofstudent/sa_zhao/install/carla_msgs LD_LIBRARY_PATH=/home/tofstudent/sa_zhao/install/carla_msgs/lib:${LD_LIBRARY_PATH} PYTHONPATH=/home/tofstudent/sa_zhao/install/carla_ros_bridge/lib/python3.8/site-packages:/home/tofstudent/sa_zhao/install/carla_spawn_objects/lib/python3.8/site-packages:/home/tofstudent/sa_zhao/install/ros_compatibility/lib/python3.8/site-packages:/home/tofstudent/sa_zhao/install/carla_msgs/lib/python3.8/site-packages:/home/tofstudent/sa_zhao/install/carla_common/lib/python3.8/site-packages:${PYTHONPATH} /usr/bin/python3 setup.py egg_info --egg-base ../../build/carla_ros_bridge build --build-base /home/tofstudent/sa_zhao/build/carla_ros_bridge/build install --prefix /home/tofstudent/sa_zhao/install/carla_ros_bridge --record /home/tofstudent/sa_zhao/build/carla_ros_bridge/install.log --single-version-externally-managed
