[ 10%] Built target traj_interfaces__rosidl_generator_c
[ 23%] Built target traj_interfaces__rosidl_typesupport_introspection_c
[ 23%] Built target traj_interfaces__cpp
[ 33%] Built target traj_interfaces__rosidl_typesupport_introspection_cpp
[ 43%] Built target traj_interfaces__rosidl_typesupport_fastrtps_cpp
[ 53%] Built target traj_interfaces__rosidl_typesupport_c
[ 64%] Built target traj_interfaces__rosidl_typesupport_cpp
[ 74%] Built target traj_interfaces__rosidl_typesupport_fastrtps_c
[ 74%] Built target traj_interfaces
[ 76%] Built target traj_interfaces__py
[ 84%] Built target traj_interfaces__python
[ 89%] Built target traj_interfaces__rosidl_typesupport_c__pyext
[ 94%] Built target traj_interfaces__rosidl_typesupport_fastrtps_c__pyext
[100%] Built target traj_interfaces__rosidl_typesupport_introspection_c__pyext
-- Install configuration: ""
-- Up-to-date: /home/tofstudent/sa_zhao/install/traj_interfaces/share/ament_index/resource_index/rosidl_interfaces/traj_interfaces
-- Up-to-date: /home/tofstudent/sa_zhao/install/traj_interfaces/include/traj_interfaces
-- Up-to-date: /home/tofstudent/sa_zhao/install/traj_interfaces/include/traj_interfaces/msg
-- Up-to-date: /home/tofstudent/sa_zhao/install/traj_interfaces/include/traj_interfaces/msg/detail
-- Up-to-date: /home/tofstudent/sa_zhao/install/traj_interfaces/include/traj_interfaces/msg/detail/state_machine__struct.h
-- Up-to-date: /home/tofstudent/sa_zhao/install/traj_interfaces/include/traj_interfaces/msg/detail/state_machine__functions.h
-- Up-to-date: /home/tofstudent/sa_zhao/install/traj_interfaces/include/traj_interfaces/msg/detail/state_machine__type_support.h
-- Up-to-date: /home/tofstudent/sa_zhao/install/traj_interfaces/include/traj_interfaces/msg/detail/traj_param__functions.c
-- Up-to-date: /home/tofstudent/sa_zhao/install/traj_interfaces/include/traj_interfaces/msg/detail/traj_param__functions.h
-- Up-to-date: /home/tofstudent/sa_zhao/install/traj_interfaces/include/traj_interfaces/msg/detail/traj_param__struct.h
-- Up-to-date: /home/tofstudent/sa_zhao/install/traj_interfaces/include/traj_interfaces/msg/detail/state_machine__functions.c
-- Up-to-date: /home/tofstudent/sa_zhao/install/traj_interfaces/include/traj_interfaces/msg/detail/traj_param__type_support.h
-- Up-to-date: /home/tofstudent/sa_zhao/install/traj_interfaces/include/traj_interfaces/msg/rosidl_generator_c__visibility_control.h
-- Up-to-date: /home/tofstudent/sa_zhao/install/traj_interfaces/include/traj_interfaces/msg/traj_param.h
-- Up-to-date: /home/tofstudent/sa_zhao/install/traj_interfaces/include/traj_interfaces/msg/state_machine.h
-- Up-to-date: /home/tofstudent/sa_zhao/install/traj_interfaces/share/traj_interfaces/environment/library_path.sh
-- Up-to-date: /home/tofstudent/sa_zhao/install/traj_interfaces/share/traj_interfaces/environment/library_path.dsv
-- Up-to-date: /home/tofstudent/sa_zhao/install/traj_interfaces/lib/libtraj_interfaces__rosidl_generator_c.so
-- Up-to-date: /home/tofstudent/sa_zhao/install/traj_interfaces/include/traj_interfaces
-- Up-to-date: /home/tofstudent/sa_zhao/install/traj_interfaces/include/traj_interfaces/msg
-- Up-to-date: /home/tofstudent/sa_zhao/install/traj_interfaces/include/traj_interfaces/msg/rosidl_typesupport_fastrtps_c__visibility_control.h
-- Up-to-date: /home/tofstudent/sa_zhao/install/traj_interfaces/include/traj_interfaces/msg/detail
-- Up-to-date: /home/tofstudent/sa_zhao/install/traj_interfaces/include/traj_interfaces/msg/detail/traj_param__rosidl_typesupport_fastrtps_c.h
-- Up-to-date: /home/tofstudent/sa_zhao/install/traj_interfaces/include/traj_interfaces/msg/detail/state_machine__rosidl_typesupport_fastrtps_c.h
-- Up-to-date: /home/tofstudent/sa_zhao/install/traj_interfaces/lib/libtraj_interfaces__rosidl_typesupport_fastrtps_c.so
-- Up-to-date: /home/tofstudent/sa_zhao/install/traj_interfaces/include/traj_interfaces
-- Up-to-date: /home/tofstudent/sa_zhao/install/traj_interfaces/include/traj_interfaces/msg
-- Up-to-date: /home/tofstudent/sa_zhao/install/traj_interfaces/include/traj_interfaces/msg/rosidl_typesupport_fastrtps_cpp__visibility_control.h
-- Up-to-date: /home/tofstudent/sa_zhao/install/traj_interfaces/include/traj_interfaces/msg/detail
-- Up-to-date: /home/tofstudent/sa_zhao/install/traj_interfaces/include/traj_interfaces/msg/detail/traj_param__rosidl_typesupport_fastrtps_cpp.hpp
-- Up-to-date: /home/tofstudent/sa_zhao/install/traj_interfaces/include/traj_interfaces/msg/detail/dds_fastrtps
-- Up-to-date: /home/tofstudent/sa_zhao/install/traj_interfaces/include/traj_interfaces/msg/detail/state_machine__rosidl_typesupport_fastrtps_cpp.hpp
-- Up-to-date: /home/tofstudent/sa_zhao/install/traj_interfaces/lib/libtraj_interfaces__rosidl_typesupport_fastrtps_cpp.so
-- Up-to-date: /home/tofstudent/sa_zhao/install/traj_interfaces/include/traj_interfaces
-- Up-to-date: /home/tofstudent/sa_zhao/install/traj_interfaces/include/traj_interfaces/msg
-- Up-to-date: /home/tofstudent/sa_zhao/install/traj_interfaces/include/traj_interfaces/msg/detail
-- Up-to-date: /home/tofstudent/sa_zhao/install/traj_interfaces/include/traj_interfaces/msg/detail/traj_param__type_support.c
-- Up-to-date: /home/tofstudent/sa_zhao/install/traj_interfaces/include/traj_interfaces/msg/detail/state_machine__type_support.c
-- Up-to-date: /home/tofstudent/sa_zhao/install/traj_interfaces/include/traj_interfaces/msg/detail/state_machine__rosidl_typesupport_introspection_c.h
-- Up-to-date: /home/tofstudent/sa_zhao/install/traj_interfaces/include/traj_interfaces/msg/detail/traj_param__rosidl_typesupport_introspection_c.h
-- Up-to-date: /home/tofstudent/sa_zhao/install/traj_interfaces/include/traj_interfaces/msg/rosidl_typesupport_introspection_c__visibility_control.h
-- Up-to-date: /home/tofstudent/sa_zhao/install/traj_interfaces/lib/libtraj_interfaces__rosidl_typesupport_introspection_c.so
-- Up-to-date: /home/tofstudent/sa_zhao/install/traj_interfaces/lib/libtraj_interfaces__rosidl_typesupport_c.so
-- Up-to-date: /home/tofstudent/sa_zhao/install/traj_interfaces/include/traj_interfaces
-- Up-to-date: /home/tofstudent/sa_zhao/install/traj_interfaces/include/traj_interfaces/msg
-- Up-to-date: /home/tofstudent/sa_zhao/install/traj_interfaces/include/traj_interfaces/msg/traj_param.hpp
-- Up-to-date: /home/tofstudent/sa_zhao/install/traj_interfaces/include/traj_interfaces/msg/detail
-- Up-to-date: /home/tofstudent/sa_zhao/install/traj_interfaces/include/traj_interfaces/msg/detail/state_machine__traits.hpp
-- Up-to-date: /home/tofstudent/sa_zhao/install/traj_interfaces/include/traj_interfaces/msg/detail/state_machine__builder.hpp
-- Up-to-date: /home/tofstudent/sa_zhao/install/traj_interfaces/include/traj_interfaces/msg/detail/state_machine__struct.hpp
-- Up-to-date: /home/tofstudent/sa_zhao/install/traj_interfaces/include/traj_interfaces/msg/detail/traj_param__struct.hpp
-- Up-to-date: /home/tofstudent/sa_zhao/install/traj_interfaces/include/traj_interfaces/msg/detail/traj_param__traits.hpp
-- Up-to-date: /home/tofstudent/sa_zhao/install/traj_interfaces/include/traj_interfaces/msg/detail/traj_param__builder.hpp
-- Up-to-date: /home/tofstudent/sa_zhao/install/traj_interfaces/include/traj_interfaces/msg/state_machine.hpp
-- Up-to-date: /home/tofstudent/sa_zhao/install/traj_interfaces/include/traj_interfaces
-- Up-to-date: /home/tofstudent/sa_zhao/install/traj_interfaces/include/traj_interfaces/msg
-- Up-to-date: /home/tofstudent/sa_zhao/install/traj_interfaces/include/traj_interfaces/msg/detail
-- Up-to-date: /home/tofstudent/sa_zhao/install/traj_interfaces/include/traj_interfaces/msg/detail/traj_param__rosidl_typesupport_introspection_cpp.hpp
-- Up-to-date: /home/tofstudent/sa_zhao/install/traj_interfaces/include/traj_interfaces/msg/detail/traj_param__type_support.cpp
-- Up-to-date: /home/tofstudent/sa_zhao/install/traj_interfaces/include/traj_interfaces/msg/detail/state_machine__rosidl_typesupport_introspection_cpp.hpp
-- Up-to-date: /home/tofstudent/sa_zhao/install/traj_interfaces/include/traj_interfaces/msg/detail/state_machine__type_support.cpp
-- Up-to-date: /home/tofstudent/sa_zhao/install/traj_interfaces/lib/libtraj_interfaces__rosidl_typesupport_introspection_cpp.so
-- Up-to-date: /home/tofstudent/sa_zhao/install/traj_interfaces/lib/libtraj_interfaces__rosidl_typesupport_cpp.so
-- Up-to-date: /home/tofstudent/sa_zhao/install/traj_interfaces/share/traj_interfaces/environment/pythonpath.sh
-- Up-to-date: /home/tofstudent/sa_zhao/install/traj_interfaces/share/traj_interfaces/environment/pythonpath.dsv
-- Up-to-date: /home/tofstudent/sa_zhao/install/traj_interfaces/lib/python3.8/site-packages/traj_interfaces/__init__.py
-- Up-to-date: /home/tofstudent/sa_zhao/install/traj_interfaces/lib/python3.8/site-packages/traj_interfaces/msg
-- Up-to-date: /home/tofstudent/sa_zhao/install/traj_interfaces/lib/python3.8/site-packages/traj_interfaces/msg/_traj_param.py
-- Up-to-date: /home/tofstudent/sa_zhao/install/traj_interfaces/lib/python3.8/site-packages/traj_interfaces/msg/_state_machine.py
-- Up-to-date: /home/tofstudent/sa_zhao/install/traj_interfaces/lib/python3.8/site-packages/traj_interfaces/msg/_state_machine_s.c
-- Up-to-date: /home/tofstudent/sa_zhao/install/traj_interfaces/lib/python3.8/site-packages/traj_interfaces/msg/_traj_param_s.c
-- Up-to-date: /home/tofstudent/sa_zhao/install/traj_interfaces/lib/python3.8/site-packages/traj_interfaces/msg/__init__.py
-- Up-to-date: /home/tofstudent/sa_zhao/install/traj_interfaces/lib/python3.8/site-packages/traj_interfaces/traj_interfaces_s__rosidl_typesupport_fastrtps_c.cpython-38-x86_64-linux-gnu.so
-- Up-to-date: /home/tofstudent/sa_zhao/install/traj_interfaces/lib/python3.8/site-packages/traj_interfaces/traj_interfaces_s__rosidl_typesupport_introspection_c.cpython-38-x86_64-linux-gnu.so
-- Up-to-date: /home/tofstudent/sa_zhao/install/traj_interfaces/lib/python3.8/site-packages/traj_interfaces/traj_interfaces_s__rosidl_typesupport_c.cpython-38-x86_64-linux-gnu.so
-- Up-to-date: /home/tofstudent/sa_zhao/install/traj_interfaces/lib/libtraj_interfaces__python.so
-- Up-to-date: /home/tofstudent/sa_zhao/install/traj_interfaces/share/traj_interfaces/msg/TrajParam.idl
-- Up-to-date: /home/tofstudent/sa_zhao/install/traj_interfaces/share/traj_interfaces/msg/StateMachine.idl
-- Up-to-date: /home/tofstudent/sa_zhao/install/traj_interfaces/share/traj_interfaces/msg/TrajParam.msg
-- Up-to-date: /home/tofstudent/sa_zhao/install/traj_interfaces/share/traj_interfaces/msg/StateMachine.msg
-- Up-to-date: /home/tofstudent/sa_zhao/install/traj_interfaces/share/ament_index/resource_index/package_run_dependencies/traj_interfaces
-- Up-to-date: /home/tofstudent/sa_zhao/install/traj_interfaces/share/ament_index/resource_index/parent_prefix_path/traj_interfaces
-- Up-to-date: /home/tofstudent/sa_zhao/install/traj_interfaces/share/traj_interfaces/environment/ament_prefix_path.sh
-- Up-to-date: /home/tofstudent/sa_zhao/install/traj_interfaces/share/traj_interfaces/environment/ament_prefix_path.dsv
-- Up-to-date: /home/tofstudent/sa_zhao/install/traj_interfaces/share/traj_interfaces/environment/path.sh
-- Up-to-date: /home/tofstudent/sa_zhao/install/traj_interfaces/share/traj_interfaces/environment/path.dsv
-- Up-to-date: /home/tofstudent/sa_zhao/install/traj_interfaces/share/traj_interfaces/local_setup.bash
-- Up-to-date: /home/tofstudent/sa_zhao/install/traj_interfaces/share/traj_interfaces/local_setup.sh
-- Up-to-date: /home/tofstudent/sa_zhao/install/traj_interfaces/share/traj_interfaces/local_setup.zsh
-- Up-to-date: /home/tofstudent/sa_zhao/install/traj_interfaces/share/traj_interfaces/local_setup.dsv
-- Installing: /home/tofstudent/sa_zhao/install/traj_interfaces/share/traj_interfaces/package.dsv
-- Up-to-date: /home/tofstudent/sa_zhao/install/traj_interfaces/share/ament_index/resource_index/packages/traj_interfaces
-- Up-to-date: /home/tofstudent/sa_zhao/install/traj_interfaces/share/traj_interfaces/cmake/traj_interfaces__rosidl_generator_cExport.cmake
-- Up-to-date: /home/tofstudent/sa_zhao/install/traj_interfaces/share/traj_interfaces/cmake/traj_interfaces__rosidl_generator_cExport-noconfig.cmake
-- Up-to-date: /home/tofstudent/sa_zhao/install/traj_interfaces/share/traj_interfaces/cmake/traj_interfaces__rosidl_typesupport_introspection_cExport.cmake
-- Up-to-date: /home/tofstudent/sa_zhao/install/traj_interfaces/share/traj_interfaces/cmake/traj_interfaces__rosidl_typesupport_introspection_cExport-noconfig.cmake
-- Up-to-date: /home/tofstudent/sa_zhao/install/traj_interfaces/share/traj_interfaces/cmake/traj_interfaces__rosidl_typesupport_cExport.cmake
-- Up-to-date: /home/tofstudent/sa_zhao/install/traj_interfaces/share/traj_interfaces/cmake/traj_interfaces__rosidl_typesupport_cExport-noconfig.cmake
-- Up-to-date: /home/tofstudent/sa_zhao/install/traj_interfaces/share/traj_interfaces/cmake/traj_interfaces__rosidl_generator_cppExport.cmake
-- Up-to-date: /home/tofstudent/sa_zhao/install/traj_interfaces/share/traj_interfaces/cmake/traj_interfaces__rosidl_typesupport_introspection_cppExport.cmake
-- Up-to-date: /home/tofstudent/sa_zhao/install/traj_interfaces/share/traj_interfaces/cmake/traj_interfaces__rosidl_typesupport_introspection_cppExport-noconfig.cmake
-- Up-to-date: /home/tofstudent/sa_zhao/install/traj_interfaces/share/traj_interfaces/cmake/traj_interfaces__rosidl_typesupport_cppExport.cmake
-- Up-to-date: /home/tofstudent/sa_zhao/install/traj_interfaces/share/traj_interfaces/cmake/traj_interfaces__rosidl_typesupport_cppExport-noconfig.cmake
-- Up-to-date: /home/tofstudent/sa_zhao/install/traj_interfaces/share/traj_interfaces/cmake/rosidl_cmake-extras.cmake
-- Up-to-date: /home/tofstudent/sa_zhao/install/traj_interfaces/share/traj_interfaces/cmake/ament_cmake_export_dependencies-extras.cmake
-- Up-to-date: /home/tofstudent/sa_zhao/install/traj_interfaces/share/traj_interfaces/cmake/ament_cmake_export_libraries-extras.cmake
-- Up-to-date: /home/tofstudent/sa_zhao/install/traj_interfaces/share/traj_interfaces/cmake/ament_cmake_export_targets-extras.cmake
-- Up-to-date: /home/tofstudent/sa_zhao/install/traj_interfaces/share/traj_interfaces/cmake/ament_cmake_export_include_directories-extras.cmake
-- Up-to-date: /home/tofstudent/sa_zhao/install/traj_interfaces/share/traj_interfaces/cmake/rosidl_cmake_export_typesupport_libraries-extras.cmake
-- Up-to-date: /home/tofstudent/sa_zhao/install/traj_interfaces/share/traj_interfaces/cmake/rosidl_cmake_export_typesupport_targets-extras.cmake
-- Up-to-date: /home/tofstudent/sa_zhao/install/traj_interfaces/share/traj_interfaces/cmake/traj_interfacesConfig.cmake
-- Up-to-date: /home/tofstudent/sa_zhao/install/traj_interfaces/share/traj_interfaces/cmake/traj_interfacesConfig-version.cmake
-- Up-to-date: /home/tofstudent/sa_zhao/install/traj_interfaces/share/traj_interfaces/package.xml
