[0.284s] Invoking command in '/home/tofstudent/sa_zhao/build/carla_ackermann_msgs': AMENT_PREFIX_PATH=/home/tofstudent/sa_zhao/install/carla_msgs:${AMENT_PREFIX_PATH} CMAKE_PREFIX_PATH=/home/tofstudent/sa_zhao/install/carla_msgs:/opt/ros/foxy LD_LIBRARY_PATH=/home/tofstudent/sa_zhao/install/carla_msgs/lib:${LD_LIBRARY_PATH} PYTHONPATH=/home/tofstudent/sa_zhao/install/carla_msgs/lib/python3.8/site-packages:${PYTHONPATH} /usr/bin/cmake --build /home/tofstudent/sa_zhao/build/carla_ackermann_msgs -- -j8 -l8
[0.354s] [  1%] Built target carla_ackermann_msgs__cpp
[0.366s] [ 12%] Built target carla_ackermann_msgs__rosidl_generator_c
[0.398s] [ 23%] Built target carla_ackermann_msgs__rosidl_typesupport_cpp
[0.411s] [ 34%] Built target carla_ackermann_msgs__rosidl_typesupport_fastrtps_cpp
[0.411s] [ 46%] Built target carla_ackermann_msgs__rosidl_typesupport_introspection_c
[0.415s] [ 57%] Built target carla_ackermann_msgs__rosidl_typesupport_introspection_cpp
[0.418s] [ 68%] Built target carla_ackermann_msgs__rosidl_typesupport_c
[0.447s] [ 79%] Built target carla_ackermann_msgs__rosidl_typesupport_fastrtps_c
[0.469s] [ 79%] Built target carla_ackermann_msgs
[0.495s] [ 80%] Built target carla_ackermann_msgs__py
[0.529s] [ 90%] Built target carla_ackermann_msgs__python
[0.567s] [ 93%] Built target carla_ackermann_msgs__rosidl_typesupport_fastrtps_c__pyext
[0.568s] [ 98%] Built target carla_ackermann_msgs__rosidl_typesupport_c__pyext
[0.568s] [100%] Built target carla_ackermann_msgs__rosidl_typesupport_introspection_c__pyext
[0.583s] Invoked command in '/home/tofstudent/sa_zhao/build/carla_ackermann_msgs' returned '0': AMENT_PREFIX_PATH=/home/tofstudent/sa_zhao/install/carla_msgs:${AMENT_PREFIX_PATH} CMAKE_PREFIX_PATH=/home/tofstudent/sa_zhao/install/carla_msgs:/opt/ros/foxy LD_LIBRARY_PATH=/home/tofstudent/sa_zhao/install/carla_msgs/lib:${LD_LIBRARY_PATH} PYTHONPATH=/home/tofstudent/sa_zhao/install/carla_msgs/lib/python3.8/site-packages:${PYTHONPATH} /usr/bin/cmake --build /home/tofstudent/sa_zhao/build/carla_ackermann_msgs -- -j8 -l8
[0.704s] Invoking command in '/home/tofstudent/sa_zhao/build/carla_ackermann_msgs': AMENT_PREFIX_PATH=/home/tofstudent/sa_zhao/install/carla_msgs:${AMENT_PREFIX_PATH} CMAKE_PREFIX_PATH=/home/tofstudent/sa_zhao/install/carla_msgs:/opt/ros/foxy LD_LIBRARY_PATH=/home/tofstudent/sa_zhao/install/carla_msgs/lib:${LD_LIBRARY_PATH} PYTHONPATH=/home/tofstudent/sa_zhao/install/carla_msgs/lib/python3.8/site-packages:${PYTHONPATH} /usr/bin/cmake --install /home/tofstudent/sa_zhao/build/carla_ackermann_msgs
[0.715s] -- Install configuration: ""
[0.716s] -- Up-to-date: /home/tofstudent/sa_zhao/install/carla_ackermann_msgs/share/ament_index/resource_index/rosidl_interfaces/carla_ackermann_msgs
[0.716s] -- Up-to-date: /home/tofstudent/sa_zhao/install/carla_ackermann_msgs/include/carla_ackermann_msgs
[0.716s] -- Up-to-date: /home/tofstudent/sa_zhao/install/carla_ackermann_msgs/include/carla_ackermann_msgs/msg
[0.717s] -- Up-to-date: /home/tofstudent/sa_zhao/install/carla_ackermann_msgs/include/carla_ackermann_msgs/msg/ego_vehicle_control_target.h
[0.717s] -- Up-to-date: /home/tofstudent/sa_zhao/install/carla_ackermann_msgs/include/carla_ackermann_msgs/msg/ego_vehicle_control_maxima.h
[0.717s] -- Up-to-date: /home/tofstudent/sa_zhao/install/carla_ackermann_msgs/include/carla_ackermann_msgs/msg/ego_vehicle_control_status.h
[0.717s] -- Up-to-date: /home/tofstudent/sa_zhao/install/carla_ackermann_msgs/include/carla_ackermann_msgs/msg/detail
[0.717s] -- Up-to-date: /home/tofstudent/sa_zhao/install/carla_ackermann_msgs/include/carla_ackermann_msgs/msg/detail/ego_vehicle_control_status__type_support.h
[0.717s] -- Up-to-date: /home/tofstudent/sa_zhao/install/carla_ackermann_msgs/include/carla_ackermann_msgs/msg/detail/ego_vehicle_control_status__struct.h
[0.717s] -- Up-to-date: /home/tofstudent/sa_zhao/install/carla_ackermann_msgs/include/carla_ackermann_msgs/msg/detail/ego_vehicle_control_target__functions.h
[0.718s] -- Up-to-date: /home/tofstudent/sa_zhao/install/carla_ackermann_msgs/include/carla_ackermann_msgs/msg/detail/ego_vehicle_control_maxima__type_support.h
[0.718s] -- Up-to-date: /home/tofstudent/sa_zhao/install/carla_ackermann_msgs/include/carla_ackermann_msgs/msg/detail/ego_vehicle_control_current__type_support.h
[0.718s] -- Up-to-date: /home/tofstudent/sa_zhao/install/carla_ackermann_msgs/include/carla_ackermann_msgs/msg/detail/ego_vehicle_control_maxima__functions.c
[0.718s] -- Up-to-date: /home/tofstudent/sa_zhao/install/carla_ackermann_msgs/include/carla_ackermann_msgs/msg/detail/ego_vehicle_control_maxima__struct.h
[0.718s] -- Up-to-date: /home/tofstudent/sa_zhao/install/carla_ackermann_msgs/include/carla_ackermann_msgs/msg/detail/ego_vehicle_control_target__struct.h
[0.718s] -- Up-to-date: /home/tofstudent/sa_zhao/install/carla_ackermann_msgs/include/carla_ackermann_msgs/msg/detail/ego_vehicle_control_info__functions.c
[0.719s] -- Up-to-date: /home/tofstudent/sa_zhao/install/carla_ackermann_msgs/include/carla_ackermann_msgs/msg/detail/ego_vehicle_control_maxima__functions.h
[0.719s] -- Up-to-date: /home/tofstudent/sa_zhao/install/carla_ackermann_msgs/include/carla_ackermann_msgs/msg/detail/ego_vehicle_control_info__functions.h
[0.719s] -- Up-to-date: /home/tofstudent/sa_zhao/install/carla_ackermann_msgs/include/carla_ackermann_msgs/msg/detail/ego_vehicle_control_info__type_support.h
[0.719s] -- Up-to-date: /home/tofstudent/sa_zhao/install/carla_ackermann_msgs/include/carla_ackermann_msgs/msg/detail/ego_vehicle_control_status__functions.h
[0.719s] -- Up-to-date: /home/tofstudent/sa_zhao/install/carla_ackermann_msgs/include/carla_ackermann_msgs/msg/detail/ego_vehicle_control_status__functions.c
[0.719s] -- Up-to-date: /home/tofstudent/sa_zhao/install/carla_ackermann_msgs/include/carla_ackermann_msgs/msg/detail/ego_vehicle_control_current__functions.h
[0.719s] -- Up-to-date: /home/tofstudent/sa_zhao/install/carla_ackermann_msgs/include/carla_ackermann_msgs/msg/detail/ego_vehicle_control_current__struct.h
[0.720s] -- Up-to-date: /home/tofstudent/sa_zhao/install/carla_ackermann_msgs/include/carla_ackermann_msgs/msg/detail/ego_vehicle_control_target__functions.c
[0.720s] -- Up-to-date: /home/tofstudent/sa_zhao/install/carla_ackermann_msgs/include/carla_ackermann_msgs/msg/detail/ego_vehicle_control_info__struct.h
[0.720s] -- Up-to-date: /home/tofstudent/sa_zhao/install/carla_ackermann_msgs/include/carla_ackermann_msgs/msg/detail/ego_vehicle_control_target__type_support.h
[0.720s] -- Up-to-date: /home/tofstudent/sa_zhao/install/carla_ackermann_msgs/include/carla_ackermann_msgs/msg/detail/ego_vehicle_control_current__functions.c
[0.720s] -- Up-to-date: /home/tofstudent/sa_zhao/install/carla_ackermann_msgs/include/carla_ackermann_msgs/msg/rosidl_generator_c__visibility_control.h
[0.721s] -- Up-to-date: /home/tofstudent/sa_zhao/install/carla_ackermann_msgs/include/carla_ackermann_msgs/msg/ego_vehicle_control_current.h
[0.721s] -- Up-to-date: /home/tofstudent/sa_zhao/install/carla_ackermann_msgs/include/carla_ackermann_msgs/msg/ego_vehicle_control_info.h
[0.721s] -- Up-to-date: /home/tofstudent/sa_zhao/install/carla_ackermann_msgs/share/carla_ackermann_msgs/environment/library_path.sh
[0.721s] -- Up-to-date: /home/tofstudent/sa_zhao/install/carla_ackermann_msgs/share/carla_ackermann_msgs/environment/library_path.dsv
[0.721s] -- Up-to-date: /home/tofstudent/sa_zhao/install/carla_ackermann_msgs/lib/libcarla_ackermann_msgs__rosidl_generator_c.so
[0.721s] -- Up-to-date: /home/tofstudent/sa_zhao/install/carla_ackermann_msgs/include/carla_ackermann_msgs
[0.721s] -- Up-to-date: /home/tofstudent/sa_zhao/install/carla_ackermann_msgs/include/carla_ackermann_msgs/msg
[0.721s] -- Up-to-date: /home/tofstudent/sa_zhao/install/carla_ackermann_msgs/include/carla_ackermann_msgs/msg/rosidl_typesupport_fastrtps_c__visibility_control.h
[0.722s] -- Up-to-date: /home/tofstudent/sa_zhao/install/carla_ackermann_msgs/include/carla_ackermann_msgs/msg/detail
[0.722s] -- Up-to-date: /home/tofstudent/sa_zhao/install/carla_ackermann_msgs/include/carla_ackermann_msgs/msg/detail/ego_vehicle_control_target__rosidl_typesupport_fastrtps_c.h
[0.722s] -- Up-to-date: /home/tofstudent/sa_zhao/install/carla_ackermann_msgs/include/carla_ackermann_msgs/msg/detail/ego_vehicle_control_status__rosidl_typesupport_fastrtps_c.h
[0.722s] -- Up-to-date: /home/tofstudent/sa_zhao/install/carla_ackermann_msgs/include/carla_ackermann_msgs/msg/detail/ego_vehicle_control_info__rosidl_typesupport_fastrtps_c.h
[0.722s] -- Up-to-date: /home/tofstudent/sa_zhao/install/carla_ackermann_msgs/include/carla_ackermann_msgs/msg/detail/ego_vehicle_control_current__rosidl_typesupport_fastrtps_c.h
[0.723s] -- Up-to-date: /home/tofstudent/sa_zhao/install/carla_ackermann_msgs/include/carla_ackermann_msgs/msg/detail/ego_vehicle_control_maxima__rosidl_typesupport_fastrtps_c.h
[0.723s] -- Up-to-date: /home/tofstudent/sa_zhao/install/carla_ackermann_msgs/lib/libcarla_ackermann_msgs__rosidl_typesupport_fastrtps_c.so
[0.723s] -- Up-to-date: /home/tofstudent/sa_zhao/install/carla_ackermann_msgs/include/carla_ackermann_msgs
[0.723s] -- Up-to-date: /home/tofstudent/sa_zhao/install/carla_ackermann_msgs/include/carla_ackermann_msgs/msg
[0.723s] -- Up-to-date: /home/tofstudent/sa_zhao/install/carla_ackermann_msgs/include/carla_ackermann_msgs/msg/rosidl_typesupport_fastrtps_cpp__visibility_control.h
[0.723s] -- Up-to-date: /home/tofstudent/sa_zhao/install/carla_ackermann_msgs/include/carla_ackermann_msgs/msg/detail
[0.724s] -- Up-to-date: /home/tofstudent/sa_zhao/install/carla_ackermann_msgs/include/carla_ackermann_msgs/msg/detail/ego_vehicle_control_info__rosidl_typesupport_fastrtps_cpp.hpp
[0.724s] -- Up-to-date: /home/tofstudent/sa_zhao/install/carla_ackermann_msgs/include/carla_ackermann_msgs/msg/detail/ego_vehicle_control_maxima__rosidl_typesupport_fastrtps_cpp.hpp
[0.724s] -- Up-to-date: /home/tofstudent/sa_zhao/install/carla_ackermann_msgs/include/carla_ackermann_msgs/msg/detail/ego_vehicle_control_status__rosidl_typesupport_fastrtps_cpp.hpp
[0.724s] -- Up-to-date: /home/tofstudent/sa_zhao/install/carla_ackermann_msgs/include/carla_ackermann_msgs/msg/detail/ego_vehicle_control_current__rosidl_typesupport_fastrtps_cpp.hpp
[0.724s] -- Up-to-date: /home/tofstudent/sa_zhao/install/carla_ackermann_msgs/include/carla_ackermann_msgs/msg/detail/dds_fastrtps
[0.724s] -- Up-to-date: /home/tofstudent/sa_zhao/install/carla_ackermann_msgs/include/carla_ackermann_msgs/msg/detail/ego_vehicle_control_target__rosidl_typesupport_fastrtps_cpp.hpp
[0.724s] -- Up-to-date: /home/tofstudent/sa_zhao/install/carla_ackermann_msgs/lib/libcarla_ackermann_msgs__rosidl_typesupport_fastrtps_cpp.so
[0.725s] -- Up-to-date: /home/tofstudent/sa_zhao/install/carla_ackermann_msgs/include/carla_ackermann_msgs
[0.725s] -- Up-to-date: /home/tofstudent/sa_zhao/install/carla_ackermann_msgs/include/carla_ackermann_msgs/msg
[0.725s] -- Up-to-date: /home/tofstudent/sa_zhao/install/carla_ackermann_msgs/include/carla_ackermann_msgs/msg/detail
[0.725s] -- Up-to-date: /home/tofstudent/sa_zhao/install/carla_ackermann_msgs/include/carla_ackermann_msgs/msg/detail/ego_vehicle_control_current__type_support.c
[0.725s] -- Up-to-date: /home/tofstudent/sa_zhao/install/carla_ackermann_msgs/include/carla_ackermann_msgs/msg/detail/ego_vehicle_control_status__type_support.c
[0.725s] -- Up-to-date: /home/tofstudent/sa_zhao/install/carla_ackermann_msgs/include/carla_ackermann_msgs/msg/detail/ego_vehicle_control_info__rosidl_typesupport_introspection_c.h
[0.725s] -- Up-to-date: /home/tofstudent/sa_zhao/install/carla_ackermann_msgs/include/carla_ackermann_msgs/msg/detail/ego_vehicle_control_maxima__type_support.c
[0.725s] -- Up-to-date: /home/tofstudent/sa_zhao/install/carla_ackermann_msgs/include/carla_ackermann_msgs/msg/detail/ego_vehicle_control_target__type_support.c
[0.725s] -- Up-to-date: /home/tofstudent/sa_zhao/install/carla_ackermann_msgs/include/carla_ackermann_msgs/msg/detail/ego_vehicle_control_maxima__rosidl_typesupport_introspection_c.h
[0.726s] -- Up-to-date: /home/tofstudent/sa_zhao/install/carla_ackermann_msgs/include/carla_ackermann_msgs/msg/detail/ego_vehicle_control_target__rosidl_typesupport_introspection_c.h
[0.726s] -- Up-to-date: /home/tofstudent/sa_zhao/install/carla_ackermann_msgs/include/carla_ackermann_msgs/msg/detail/ego_vehicle_control_status__rosidl_typesupport_introspection_c.h
[0.726s] -- Up-to-date: /home/tofstudent/sa_zhao/install/carla_ackermann_msgs/include/carla_ackermann_msgs/msg/detail/ego_vehicle_control_current__rosidl_typesupport_introspection_c.h
[0.726s] -- Up-to-date: /home/tofstudent/sa_zhao/install/carla_ackermann_msgs/include/carla_ackermann_msgs/msg/detail/ego_vehicle_control_info__type_support.c
[0.726s] -- Up-to-date: /home/tofstudent/sa_zhao/install/carla_ackermann_msgs/include/carla_ackermann_msgs/msg/rosidl_typesupport_introspection_c__visibility_control.h
[0.726s] -- Up-to-date: /home/tofstudent/sa_zhao/install/carla_ackermann_msgs/lib/libcarla_ackermann_msgs__rosidl_typesupport_introspection_c.so
[0.726s] -- Up-to-date: /home/tofstudent/sa_zhao/install/carla_ackermann_msgs/lib/libcarla_ackermann_msgs__rosidl_typesupport_c.so
[0.726s] -- Up-to-date: /home/tofstudent/sa_zhao/install/carla_ackermann_msgs/include/carla_ackermann_msgs
[0.726s] -- Up-to-date: /home/tofstudent/sa_zhao/install/carla_ackermann_msgs/include/carla_ackermann_msgs/msg
[0.726s] -- Up-to-date: /home/tofstudent/sa_zhao/install/carla_ackermann_msgs/include/carla_ackermann_msgs/msg/ego_vehicle_control_status.hpp
[0.727s] -- Up-to-date: /home/tofstudent/sa_zhao/install/carla_ackermann_msgs/include/carla_ackermann_msgs/msg/ego_vehicle_control_target.hpp
[0.727s] -- Up-to-date: /home/tofstudent/sa_zhao/install/carla_ackermann_msgs/include/carla_ackermann_msgs/msg/detail
[0.727s] -- Up-to-date: /home/tofstudent/sa_zhao/install/carla_ackermann_msgs/include/carla_ackermann_msgs/msg/detail/ego_vehicle_control_status__traits.hpp
[0.727s] -- Up-to-date: /home/tofstudent/sa_zhao/install/carla_ackermann_msgs/include/carla_ackermann_msgs/msg/detail/ego_vehicle_control_current__traits.hpp
[0.727s] -- Up-to-date: /home/tofstudent/sa_zhao/install/carla_ackermann_msgs/include/carla_ackermann_msgs/msg/detail/ego_vehicle_control_current__builder.hpp
[0.727s] -- Up-to-date: /home/tofstudent/sa_zhao/install/carla_ackermann_msgs/include/carla_ackermann_msgs/msg/detail/ego_vehicle_control_maxima__builder.hpp
[0.727s] -- Up-to-date: /home/tofstudent/sa_zhao/install/carla_ackermann_msgs/include/carla_ackermann_msgs/msg/detail/ego_vehicle_control_target__struct.hpp
[0.727s] -- Up-to-date: /home/tofstudent/sa_zhao/install/carla_ackermann_msgs/include/carla_ackermann_msgs/msg/detail/ego_vehicle_control_info__traits.hpp
[0.727s] -- Up-to-date: /home/tofstudent/sa_zhao/install/carla_ackermann_msgs/include/carla_ackermann_msgs/msg/detail/ego_vehicle_control_maxima__traits.hpp
[0.728s] -- Up-to-date: /home/tofstudent/sa_zhao/install/carla_ackermann_msgs/include/carla_ackermann_msgs/msg/detail/ego_vehicle_control_info__builder.hpp
[0.728s] -- Up-to-date: /home/tofstudent/sa_zhao/install/carla_ackermann_msgs/include/carla_ackermann_msgs/msg/detail/ego_vehicle_control_current__struct.hpp
[0.728s] -- Up-to-date: /home/tofstudent/sa_zhao/install/carla_ackermann_msgs/include/carla_ackermann_msgs/msg/detail/ego_vehicle_control_maxima__struct.hpp
[0.728s] -- Up-to-date: /home/tofstudent/sa_zhao/install/carla_ackermann_msgs/include/carla_ackermann_msgs/msg/detail/ego_vehicle_control_status__builder.hpp
[0.728s] -- Up-to-date: /home/tofstudent/sa_zhao/install/carla_ackermann_msgs/include/carla_ackermann_msgs/msg/detail/ego_vehicle_control_target__builder.hpp
[0.728s] -- Up-to-date: /home/tofstudent/sa_zhao/install/carla_ackermann_msgs/include/carla_ackermann_msgs/msg/detail/ego_vehicle_control_status__struct.hpp
[0.728s] -- Up-to-date: /home/tofstudent/sa_zhao/install/carla_ackermann_msgs/include/carla_ackermann_msgs/msg/detail/ego_vehicle_control_target__traits.hpp
[0.728s] -- Up-to-date: /home/tofstudent/sa_zhao/install/carla_ackermann_msgs/include/carla_ackermann_msgs/msg/detail/ego_vehicle_control_info__struct.hpp
[0.728s] -- Up-to-date: /home/tofstudent/sa_zhao/install/carla_ackermann_msgs/include/carla_ackermann_msgs/msg/ego_vehicle_control_maxima.hpp
[0.728s] -- Up-to-date: /home/tofstudent/sa_zhao/install/carla_ackermann_msgs/include/carla_ackermann_msgs/msg/ego_vehicle_control_current.hpp
[0.729s] -- Up-to-date: /home/tofstudent/sa_zhao/install/carla_ackermann_msgs/include/carla_ackermann_msgs/msg/ego_vehicle_control_info.hpp
[0.729s] -- Up-to-date: /home/tofstudent/sa_zhao/install/carla_ackermann_msgs/include/carla_ackermann_msgs
[0.729s] -- Up-to-date: /home/tofstudent/sa_zhao/install/carla_ackermann_msgs/include/carla_ackermann_msgs/msg
[0.729s] -- Up-to-date: /home/tofstudent/sa_zhao/install/carla_ackermann_msgs/include/carla_ackermann_msgs/msg/detail
[0.729s] -- Up-to-date: /home/tofstudent/sa_zhao/install/carla_ackermann_msgs/include/carla_ackermann_msgs/msg/detail/ego_vehicle_control_target__type_support.cpp
[0.729s] -- Up-to-date: /home/tofstudent/sa_zhao/install/carla_ackermann_msgs/include/carla_ackermann_msgs/msg/detail/ego_vehicle_control_info__type_support.cpp
[0.729s] -- Up-to-date: /home/tofstudent/sa_zhao/install/carla_ackermann_msgs/include/carla_ackermann_msgs/msg/detail/ego_vehicle_control_status__rosidl_typesupport_introspection_cpp.hpp
[0.729s] -- Up-to-date: /home/tofstudent/sa_zhao/install/carla_ackermann_msgs/include/carla_ackermann_msgs/msg/detail/ego_vehicle_control_current__type_support.cpp
[0.729s] -- Up-to-date: /home/tofstudent/sa_zhao/install/carla_ackermann_msgs/include/carla_ackermann_msgs/msg/detail/ego_vehicle_control_status__type_support.cpp
[0.730s] -- Up-to-date: /home/tofstudent/sa_zhao/install/carla_ackermann_msgs/include/carla_ackermann_msgs/msg/detail/ego_vehicle_control_current__rosidl_typesupport_introspection_cpp.hpp
[0.730s] -- Up-to-date: /home/tofstudent/sa_zhao/install/carla_ackermann_msgs/include/carla_ackermann_msgs/msg/detail/ego_vehicle_control_maxima__rosidl_typesupport_introspection_cpp.hpp
[0.730s] -- Up-to-date: /home/tofstudent/sa_zhao/install/carla_ackermann_msgs/include/carla_ackermann_msgs/msg/detail/ego_vehicle_control_info__rosidl_typesupport_introspection_cpp.hpp
[0.730s] -- Up-to-date: /home/tofstudent/sa_zhao/install/carla_ackermann_msgs/include/carla_ackermann_msgs/msg/detail/ego_vehicle_control_target__rosidl_typesupport_introspection_cpp.hpp
[0.730s] -- Up-to-date: /home/tofstudent/sa_zhao/install/carla_ackermann_msgs/include/carla_ackermann_msgs/msg/detail/ego_vehicle_control_maxima__type_support.cpp
[0.730s] -- Up-to-date: /home/tofstudent/sa_zhao/install/carla_ackermann_msgs/lib/libcarla_ackermann_msgs__rosidl_typesupport_introspection_cpp.so
[0.730s] -- Up-to-date: /home/tofstudent/sa_zhao/install/carla_ackermann_msgs/lib/libcarla_ackermann_msgs__rosidl_typesupport_cpp.so
[0.730s] -- Up-to-date: /home/tofstudent/sa_zhao/install/carla_ackermann_msgs/share/carla_ackermann_msgs/environment/pythonpath.sh
[0.730s] -- Up-to-date: /home/tofstudent/sa_zhao/install/carla_ackermann_msgs/share/carla_ackermann_msgs/environment/pythonpath.dsv
[0.730s] -- Up-to-date: /home/tofstudent/sa_zhao/install/carla_ackermann_msgs/lib/python3.8/site-packages/carla_ackermann_msgs/__init__.py
[0.773s] -- Up-to-date: /home/tofstudent/sa_zhao/install/carla_ackermann_msgs/lib/python3.8/site-packages/carla_ackermann_msgs/msg
[0.773s] -- Up-to-date: /home/tofstudent/sa_zhao/install/carla_ackermann_msgs/lib/python3.8/site-packages/carla_ackermann_msgs/msg/_ego_vehicle_control_target.py
[0.773s] -- Up-to-date: /home/tofstudent/sa_zhao/install/carla_ackermann_msgs/lib/python3.8/site-packages/carla_ackermann_msgs/msg/_ego_vehicle_control_target_s.c
[0.773s] -- Up-to-date: /home/tofstudent/sa_zhao/install/carla_ackermann_msgs/lib/python3.8/site-packages/carla_ackermann_msgs/msg/_ego_vehicle_control_status_s.c
[0.773s] -- Up-to-date: /home/tofstudent/sa_zhao/install/carla_ackermann_msgs/lib/python3.8/site-packages/carla_ackermann_msgs/msg/_ego_vehicle_control_current.py
[0.773s] -- Up-to-date: /home/tofstudent/sa_zhao/install/carla_ackermann_msgs/lib/python3.8/site-packages/carla_ackermann_msgs/msg/_ego_vehicle_control_maxima.py
[0.773s] -- Up-to-date: /home/tofstudent/sa_zhao/install/carla_ackermann_msgs/lib/python3.8/site-packages/carla_ackermann_msgs/msg/_ego_vehicle_control_status.py
[0.774s] -- Up-to-date: /home/tofstudent/sa_zhao/install/carla_ackermann_msgs/lib/python3.8/site-packages/carla_ackermann_msgs/msg/_ego_vehicle_control_current_s.c
[0.774s] -- Up-to-date: /home/tofstudent/sa_zhao/install/carla_ackermann_msgs/lib/python3.8/site-packages/carla_ackermann_msgs/msg/_ego_vehicle_control_info.py
[0.774s] -- Up-to-date: /home/tofstudent/sa_zhao/install/carla_ackermann_msgs/lib/python3.8/site-packages/carla_ackermann_msgs/msg/__init__.py
[0.774s] -- Up-to-date: /home/tofstudent/sa_zhao/install/carla_ackermann_msgs/lib/python3.8/site-packages/carla_ackermann_msgs/msg/_ego_vehicle_control_maxima_s.c
[0.774s] -- Up-to-date: /home/tofstudent/sa_zhao/install/carla_ackermann_msgs/lib/python3.8/site-packages/carla_ackermann_msgs/msg/_ego_vehicle_control_info_s.c
[0.775s] -- Up-to-date: /home/tofstudent/sa_zhao/install/carla_ackermann_msgs/lib/python3.8/site-packages/carla_ackermann_msgs/carla_ackermann_msgs_s__rosidl_typesupport_fastrtps_c.cpython-38-x86_64-linux-gnu.so
[0.775s] -- Up-to-date: /home/tofstudent/sa_zhao/install/carla_ackermann_msgs/lib/python3.8/site-packages/carla_ackermann_msgs/carla_ackermann_msgs_s__rosidl_typesupport_introspection_c.cpython-38-x86_64-linux-gnu.so
[0.775s] -- Up-to-date: /home/tofstudent/sa_zhao/install/carla_ackermann_msgs/lib/python3.8/site-packages/carla_ackermann_msgs/carla_ackermann_msgs_s__rosidl_typesupport_c.cpython-38-x86_64-linux-gnu.so
[0.776s] -- Up-to-date: /home/tofstudent/sa_zhao/install/carla_ackermann_msgs/lib/libcarla_ackermann_msgs__python.so
[0.776s] -- Up-to-date: /home/tofstudent/sa_zhao/install/carla_ackermann_msgs/share/carla_ackermann_msgs/msg/EgoVehicleControlInfo.idl
[0.776s] -- Up-to-date: /home/tofstudent/sa_zhao/install/carla_ackermann_msgs/share/carla_ackermann_msgs/msg/EgoVehicleControlCurrent.idl
[0.777s] -- Up-to-date: /home/tofstudent/sa_zhao/install/carla_ackermann_msgs/share/carla_ackermann_msgs/msg/EgoVehicleControlMaxima.idl
[0.777s] -- Up-to-date: /home/tofstudent/sa_zhao/install/carla_ackermann_msgs/share/carla_ackermann_msgs/msg/EgoVehicleControlStatus.idl
[0.777s] -- Up-to-date: /home/tofstudent/sa_zhao/install/carla_ackermann_msgs/share/carla_ackermann_msgs/msg/EgoVehicleControlTarget.idl
[0.777s] -- Up-to-date: /home/tofstudent/sa_zhao/install/carla_ackermann_msgs/share/carla_ackermann_msgs/msg/EgoVehicleControlInfo.msg
[0.777s] -- Up-to-date: /home/tofstudent/sa_zhao/install/carla_ackermann_msgs/share/carla_ackermann_msgs/msg/EgoVehicleControlCurrent.msg
[0.777s] -- Up-to-date: /home/tofstudent/sa_zhao/install/carla_ackermann_msgs/share/carla_ackermann_msgs/msg/EgoVehicleControlMaxima.msg
[0.777s] -- Up-to-date: /home/tofstudent/sa_zhao/install/carla_ackermann_msgs/share/carla_ackermann_msgs/msg/EgoVehicleControlStatus.msg
[0.778s] -- Up-to-date: /home/tofstudent/sa_zhao/install/carla_ackermann_msgs/share/carla_ackermann_msgs/msg/EgoVehicleControlTarget.msg
[0.778s] -- Up-to-date: /home/tofstudent/sa_zhao/install/carla_ackermann_msgs/share/ament_index/resource_index/package_run_dependencies/carla_ackermann_msgs
[0.778s] -- Up-to-date: /home/tofstudent/sa_zhao/install/carla_ackermann_msgs/share/ament_index/resource_index/parent_prefix_path/carla_ackermann_msgs
[0.778s] -- Up-to-date: /home/tofstudent/sa_zhao/install/carla_ackermann_msgs/share/carla_ackermann_msgs/environment/ament_prefix_path.sh
[0.778s] -- Up-to-date: /home/tofstudent/sa_zhao/install/carla_ackermann_msgs/share/carla_ackermann_msgs/environment/ament_prefix_path.dsv
[0.778s] -- Up-to-date: /home/tofstudent/sa_zhao/install/carla_ackermann_msgs/share/carla_ackermann_msgs/environment/path.sh
[0.778s] -- Up-to-date: /home/tofstudent/sa_zhao/install/carla_ackermann_msgs/share/carla_ackermann_msgs/environment/path.dsv
[0.778s] -- Up-to-date: /home/tofstudent/sa_zhao/install/carla_ackermann_msgs/share/carla_ackermann_msgs/local_setup.bash
[0.779s] -- Up-to-date: /home/tofstudent/sa_zhao/install/carla_ackermann_msgs/share/carla_ackermann_msgs/local_setup.sh
[0.779s] -- Up-to-date: /home/tofstudent/sa_zhao/install/carla_ackermann_msgs/share/carla_ackermann_msgs/local_setup.zsh
[0.779s] -- Up-to-date: /home/tofstudent/sa_zhao/install/carla_ackermann_msgs/share/carla_ackermann_msgs/local_setup.dsv
[0.779s] -- Installing: /home/tofstudent/sa_zhao/install/carla_ackermann_msgs/share/carla_ackermann_msgs/package.dsv
[0.779s] -- Up-to-date: /home/tofstudent/sa_zhao/install/carla_ackermann_msgs/share/ament_index/resource_index/packages/carla_ackermann_msgs
[0.779s] -- Up-to-date: /home/tofstudent/sa_zhao/install/carla_ackermann_msgs/share/carla_ackermann_msgs/cmake/carla_ackermann_msgs__rosidl_generator_cExport.cmake
[0.779s] -- Up-to-date: /home/tofstudent/sa_zhao/install/carla_ackermann_msgs/share/carla_ackermann_msgs/cmake/carla_ackermann_msgs__rosidl_generator_cExport-noconfig.cmake
[0.780s] -- Up-to-date: /home/tofstudent/sa_zhao/install/carla_ackermann_msgs/share/carla_ackermann_msgs/cmake/carla_ackermann_msgs__rosidl_typesupport_introspection_cExport.cmake
[0.780s] -- Up-to-date: /home/tofstudent/sa_zhao/install/carla_ackermann_msgs/share/carla_ackermann_msgs/cmake/carla_ackermann_msgs__rosidl_typesupport_introspection_cExport-noconfig.cmake
[0.780s] -- Up-to-date: /home/tofstudent/sa_zhao/install/carla_ackermann_msgs/share/carla_ackermann_msgs/cmake/carla_ackermann_msgs__rosidl_typesupport_cExport.cmake
[0.780s] -- Up-to-date: /home/tofstudent/sa_zhao/install/carla_ackermann_msgs/share/carla_ackermann_msgs/cmake/carla_ackermann_msgs__rosidl_typesupport_cExport-noconfig.cmake
[0.780s] -- Up-to-date: /home/tofstudent/sa_zhao/install/carla_ackermann_msgs/share/carla_ackermann_msgs/cmake/carla_ackermann_msgs__rosidl_generator_cppExport.cmake
[0.780s] -- Up-to-date: /home/tofstudent/sa_zhao/install/carla_ackermann_msgs/share/carla_ackermann_msgs/cmake/carla_ackermann_msgs__rosidl_typesupport_introspection_cppExport.cmake
[0.780s] -- Up-to-date: /home/tofstudent/sa_zhao/install/carla_ackermann_msgs/share/carla_ackermann_msgs/cmake/carla_ackermann_msgs__rosidl_typesupport_introspection_cppExport-noconfig.cmake
[0.781s] -- Up-to-date: /home/tofstudent/sa_zhao/install/carla_ackermann_msgs/share/carla_ackermann_msgs/cmake/carla_ackermann_msgs__rosidl_typesupport_cppExport.cmake
[0.781s] -- Up-to-date: /home/tofstudent/sa_zhao/install/carla_ackermann_msgs/share/carla_ackermann_msgs/cmake/carla_ackermann_msgs__rosidl_typesupport_cppExport-noconfig.cmake
[0.781s] -- Up-to-date: /home/tofstudent/sa_zhao/install/carla_ackermann_msgs/share/carla_ackermann_msgs/cmake/rosidl_cmake-extras.cmake
[0.781s] -- Up-to-date: /home/tofstudent/sa_zhao/install/carla_ackermann_msgs/share/carla_ackermann_msgs/cmake/ament_cmake_export_dependencies-extras.cmake
[0.781s] -- Up-to-date: /home/tofstudent/sa_zhao/install/carla_ackermann_msgs/share/carla_ackermann_msgs/cmake/ament_cmake_export_libraries-extras.cmake
[0.781s] -- Up-to-date: /home/tofstudent/sa_zhao/install/carla_ackermann_msgs/share/carla_ackermann_msgs/cmake/ament_cmake_export_targets-extras.cmake
[0.781s] -- Up-to-date: /home/tofstudent/sa_zhao/install/carla_ackermann_msgs/share/carla_ackermann_msgs/cmake/ament_cmake_export_include_directories-extras.cmake
[0.781s] -- Up-to-date: /home/tofstudent/sa_zhao/install/carla_ackermann_msgs/share/carla_ackermann_msgs/cmake/rosidl_cmake_export_typesupport_libraries-extras.cmake
[0.781s] -- Up-to-date: /home/tofstudent/sa_zhao/install/carla_ackermann_msgs/share/carla_ackermann_msgs/cmake/rosidl_cmake_export_typesupport_targets-extras.cmake
[0.782s] -- Up-to-date: /home/tofstudent/sa_zhao/install/carla_ackermann_msgs/share/carla_ackermann_msgs/cmake/carla_ackermann_msgsConfig.cmake
[0.782s] -- Up-to-date: /home/tofstudent/sa_zhao/install/carla_ackermann_msgs/share/carla_ackermann_msgs/cmake/carla_ackermann_msgsConfig-version.cmake
[0.782s] -- Up-to-date: /home/tofstudent/sa_zhao/install/carla_ackermann_msgs/share/carla_ackermann_msgs/package.xml
[0.787s] Invoked command in '/home/tofstudent/sa_zhao/build/carla_ackermann_msgs' returned '0': AMENT_PREFIX_PATH=/home/tofstudent/sa_zhao/install/carla_msgs:${AMENT_PREFIX_PATH} CMAKE_PREFIX_PATH=/home/tofstudent/sa_zhao/install/carla_msgs:/opt/ros/foxy LD_LIBRARY_PATH=/home/tofstudent/sa_zhao/install/carla_msgs/lib:${LD_LIBRARY_PATH} PYTHONPATH=/home/tofstudent/sa_zhao/install/carla_msgs/lib/python3.8/site-packages:${PYTHONPATH} /usr/bin/cmake --install /home/tofstudent/sa_zhao/build/carla_ackermann_msgs
