[0.741s] Invoking command in '/home/tofstudent/sa_zhao/src/carla_ackermann_control': AMENT_PREFIX_PATH=/home/tofstudent/sa_zhao/install/carla_ros_bridge:/home/tofstudent/sa_zhao/install/carla_spawn_objects:/home/tofstudent/sa_zhao/install/carla_ackermann_msgs:/home/tofstudent/sa_zhao/install/ros_compatibility:/home/tofstudent/sa_zhao/install/carla_msgs:/home/tofstudent/sa_zhao/install/carla_common:${AMENT_PREFIX_PATH} CMAKE_PREFIX_PATH=/home/tofstudent/sa_zhao/install/carla_ackermann_msgs:/home/tofstudent/sa_zhao/install/carla_msgs LD_LIBRARY_PATH=/home/tofstudent/sa_zhao/install/carla_ackermann_msgs/lib:/home/tofstudent/sa_zhao/install/carla_msgs/lib:${LD_LIBRARY_PATH} PYTHONPATH=/home/tofstudent/sa_zhao/install/carla_ackermann_control/lib/python3.8/site-packages:/home/tofstudent/sa_zhao/install/carla_ros_bridge/lib/python3.8/site-packages:/home/tofstudent/sa_zhao/install/carla_spawn_objects/lib/python3.8/site-packages:/home/tofstudent/sa_zhao/install/carla_ackermann_msgs/lib/python3.8/site-packages:/home/tofstudent/sa_zhao/install/ros_compatibility/lib/python3.8/site-packages:/home/tofstudent/sa_zhao/install/carla_msgs/lib/python3.8/site-packages:/home/tofstudent/sa_zhao/install/carla_common/lib/python3.8/site-packages:${PYTHONPATH} /usr/bin/python3 setup.py egg_info --egg-base ../../build/carla_ackermann_control build --build-base /home/tofstudent/sa_zhao/build/carla_ackermann_control/build install --prefix /home/tofstudent/sa_zhao/install/carla_ackermann_control --record /home/tofstudent/sa_zhao/build/carla_ackermann_control/install.log --single-version-externally-managed
[0.933s] running egg_info
[0.934s] writing ../../build/carla_ackermann_control/carla_ackermann_control.egg-info/PKG-INFO
[0.934s] writing dependency_links to ../../build/carla_ackermann_control/carla_ackermann_control.egg-info/dependency_links.txt
[0.934s] writing entry points to ../../build/carla_ackermann_control/carla_ackermann_control.egg-info/entry_points.txt
[0.935s] writing requirements to ../../build/carla_ackermann_control/carla_ackermann_control.egg-info/requires.txt
[0.935s] writing top-level names to ../../build/carla_ackermann_control/carla_ackermann_control.egg-info/top_level.txt
[0.967s] reading manifest file '../../build/carla_ackermann_control/carla_ackermann_control.egg-info/SOURCES.txt'
[0.968s] writing manifest file '../../build/carla_ackermann_control/carla_ackermann_control.egg-info/SOURCES.txt'
[0.968s] running build
[0.968s] running build_py
[0.969s] running install
[0.969s] running install_lib
[0.970s] running install_data
[0.970s] running install_egg_info
[0.972s] removing '/home/tofstudent/sa_zhao/install/carla_ackermann_control/lib/python3.8/site-packages/carla_ackermann_control-0.0.0-py3.8.egg-info' (and everything under it)
[0.972s] Copying ../../build/carla_ackermann_control/carla_ackermann_control.egg-info to /home/tofstudent/sa_zhao/install/carla_ackermann_control/lib/python3.8/site-packages/carla_ackermann_control-0.0.0-py3.8.egg-info
[0.973s] running install_scripts
[0.988s] Installing carla_ackermann_control_node script to /home/tofstudent/sa_zhao/install/carla_ackermann_control/lib/carla_ackermann_control
[0.989s] writing list of installed files to '/home/tofstudent/sa_zhao/build/carla_ackermann_control/install.log'
[1.015s] Invoked command in '/home/tofstudent/sa_zhao/src/carla_ackermann_control' returned '0': AMENT_PREFIX_PATH=/home/tofstudent/sa_zhao/install/carla_ros_bridge:/home/tofstudent/sa_zhao/install/carla_spawn_objects:/home/tofstudent/sa_zhao/install/carla_ackermann_msgs:/home/tofstudent/sa_zhao/install/ros_compatibility:/home/tofstudent/sa_zhao/install/carla_msgs:/home/tofstudent/sa_zhao/install/carla_common:${AMENT_PREFIX_PATH} CMAKE_PREFIX_PATH=/home/tofstudent/sa_zhao/install/carla_ackermann_msgs:/home/tofstudent/sa_zhao/install/carla_msgs LD_LIBRARY_PATH=/home/tofstudent/sa_zhao/install/carla_ackermann_msgs/lib:/home/tofstudent/sa_zhao/install/carla_msgs/lib:${LD_LIBRARY_PATH} PYTHONPATH=/home/tofstudent/sa_zhao/install/carla_ackermann_control/lib/python3.8/site-packages:/home/tofstudent/sa_zhao/install/carla_ros_bridge/lib/python3.8/site-packages:/home/tofstudent/sa_zhao/install/carla_spawn_objects/lib/python3.8/site-packages:/home/tofstudent/sa_zhao/install/carla_ackermann_msgs/lib/python3.8/site-packages:/home/tofstudent/sa_zhao/install/ros_compatibility/lib/python3.8/site-packages:/home/tofstudent/sa_zhao/install/carla_msgs/lib/python3.8/site-packages:/home/tofstudent/sa_zhao/install/carla_common/lib/python3.8/site-packages:${PYTHONPATH} /usr/bin/python3 setup.py egg_info --egg-base ../../build/carla_ackermann_control build --build-base /home/tofstudent/sa_zhao/build/carla_ackermann_control/build install --prefix /home/tofstudent/sa_zhao/install/carla_ackermann_control --record /home/tofstudent/sa_zhao/build/carla_ackermann_control/install.log --single-version-externally-managed
