[0.133s] Invoking command in '/home/tofstudent/sa_zhao/build/carla_msgs': CMAKE_PREFIX_PATH=/opt/ros/foxy /usr/bin/cmake --build /home/tofstudent/sa_zhao/build/carla_msgs -- -j8 -l8
[0.902s] [ 12%] Built target carla_msgs__rosidl_generator_c
[0.904s] [ 12%] Built target carla_msgs__cpp
[0.905s] [ 35%] Built target carla_msgs__rosidl_typesupport_cpp
[0.905s] [ 36%] Built target carla_msgs__rosidl_typesupport_c
[0.906s] [ 49%] Built target carla_msgs__rosidl_typesupport_introspection_cpp
[0.906s] [ 61%] Built target carla_msgs__rosidl_typesupport_introspection_c
[0.906s] [ 73%] Built target carla_msgs__rosidl_typesupport_fastrtps_cpp
[0.907s] [ 85%] Built target carla_msgs__rosidl_typesupport_fastrtps_c
[0.907s] [ 85%] Built target carla_msgs
[0.908s] [ 86%] Built target carla_msgs__py
[0.908s] [ 97%] Built target carla_msgs__python
[0.909s] [ 98%] Built target carla_msgs__rosidl_typesupport_c__pyext
[0.910s] [ 99%] Built target carla_msgs__rosidl_typesupport_fastrtps_c__pyext
[0.911s] [100%] Built target carla_msgs__rosidl_typesupport_introspection_c__pyext
[0.931s] Invoked command in '/home/tofstudent/sa_zhao/build/carla_msgs' returned '0': CMAKE_PREFIX_PATH=/opt/ros/foxy /usr/bin/cmake --build /home/tofstudent/sa_zhao/build/carla_msgs -- -j8 -l8
[1.914s] Invoking command in '/home/tofstudent/sa_zhao/build/carla_msgs': CMAKE_PREFIX_PATH=/opt/ros/foxy /usr/bin/cmake --install /home/tofstudent/sa_zhao/build/carla_msgs
[1.931s] -- Install configuration: ""
[1.933s] -- Up-to-date: /home/tofstudent/sa_zhao/install/carla_msgs/share/ament_index/resource_index/rosidl_interfaces/carla_msgs
[1.933s] -- Up-to-date: /home/tofstudent/sa_zhao/install/carla_msgs/include/carla_msgs
[1.934s] -- Up-to-date: /home/tofstudent/sa_zhao/install/carla_msgs/include/carla_msgs/srv
[1.934s] -- Up-to-date: /home/tofstudent/sa_zhao/install/carla_msgs/include/carla_msgs/srv/destroy_object.h
[1.934s] -- Up-to-date: /home/tofstudent/sa_zhao/install/carla_msgs/include/carla_msgs/srv/detail
[1.934s] -- Up-to-date: /home/tofstudent/sa_zhao/install/carla_msgs/include/carla_msgs/srv/detail/spawn_object__functions.h
[1.935s] -- Up-to-date: /home/tofstudent/sa_zhao/install/carla_msgs/include/carla_msgs/srv/detail/destroy_object__type_support.h
[1.935s] -- Up-to-date: /home/tofstudent/sa_zhao/install/carla_msgs/include/carla_msgs/srv/detail/get_blueprints__type_support.h
[1.935s] -- Up-to-date: /home/tofstudent/sa_zhao/install/carla_msgs/include/carla_msgs/srv/detail/get_blueprints__struct.h
[1.936s] -- Up-to-date: /home/tofstudent/sa_zhao/install/carla_msgs/include/carla_msgs/srv/detail/destroy_object__functions.h
[1.936s] -- Up-to-date: /home/tofstudent/sa_zhao/install/carla_msgs/include/carla_msgs/srv/detail/destroy_object__functions.c
[1.936s] -- Up-to-date: /home/tofstudent/sa_zhao/install/carla_msgs/include/carla_msgs/srv/detail/destroy_object__struct.h
[1.936s] -- Up-to-date: /home/tofstudent/sa_zhao/install/carla_msgs/include/carla_msgs/srv/detail/get_blueprints__functions.c
[1.937s] -- Up-to-date: /home/tofstudent/sa_zhao/install/carla_msgs/include/carla_msgs/srv/detail/spawn_object__struct.h
[1.938s] -- Up-to-date: /home/tofstudent/sa_zhao/install/carla_msgs/include/carla_msgs/srv/detail/spawn_object__functions.c
[1.938s] -- Up-to-date: /home/tofstudent/sa_zhao/install/carla_msgs/include/carla_msgs/srv/detail/get_blueprints__functions.h
[1.938s] -- Up-to-date: /home/tofstudent/sa_zhao/install/carla_msgs/include/carla_msgs/srv/detail/spawn_object__type_support.h
[1.939s] -- Up-to-date: /home/tofstudent/sa_zhao/install/carla_msgs/include/carla_msgs/srv/spawn_object.h
[1.939s] -- Up-to-date: /home/tofstudent/sa_zhao/install/carla_msgs/include/carla_msgs/srv/get_blueprints.h
[1.939s] -- Up-to-date: /home/tofstudent/sa_zhao/install/carla_msgs/include/carla_msgs/msg
[1.939s] -- Up-to-date: /home/tofstudent/sa_zhao/install/carla_msgs/include/carla_msgs/msg/carla_traffic_light_status_list.h
[1.939s] -- Up-to-date: /home/tofstudent/sa_zhao/install/carla_msgs/include/carla_msgs/msg/carla_traffic_light_info.h
[1.940s] -- Up-to-date: /home/tofstudent/sa_zhao/install/carla_msgs/include/carla_msgs/msg/carla_collision_event.h
[1.940s] -- Up-to-date: /home/tofstudent/sa_zhao/install/carla_msgs/include/carla_msgs/msg/carla_walker_control.h
[1.940s] -- Up-to-date: /home/tofstudent/sa_zhao/install/carla_msgs/include/carla_msgs/msg/carla_actor_list.h
[1.940s] -- Up-to-date: /home/tofstudent/sa_zhao/install/carla_msgs/include/carla_msgs/msg/carla_weather_parameters.h
[1.940s] -- Up-to-date: /home/tofstudent/sa_zhao/install/carla_msgs/include/carla_msgs/msg/carla_world_info.h
[1.940s] -- Up-to-date: /home/tofstudent/sa_zhao/install/carla_msgs/include/carla_msgs/msg/carla_ego_vehicle_info_wheel.h
[1.940s] -- Up-to-date: /home/tofstudent/sa_zhao/install/carla_msgs/include/carla_msgs/msg/carla_status.h
[1.941s] -- Up-to-date: /home/tofstudent/sa_zhao/install/carla_msgs/include/carla_msgs/msg/carla_ego_vehicle_control.h
[1.941s] -- Up-to-date: /home/tofstudent/sa_zhao/install/carla_msgs/include/carla_msgs/msg/detail
[1.941s] -- Up-to-date: /home/tofstudent/sa_zhao/install/carla_msgs/include/carla_msgs/msg/detail/carla_status__functions.h
[1.941s] -- Up-to-date: /home/tofstudent/sa_zhao/install/carla_msgs/include/carla_msgs/msg/detail/carla_ego_vehicle_info_wheel__functions.c
[1.941s] -- Up-to-date: /home/tofstudent/sa_zhao/install/carla_msgs/include/carla_msgs/msg/detail/carla_ego_vehicle_control__functions.h
[1.942s] -- Up-to-date: /home/tofstudent/sa_zhao/install/carla_msgs/include/carla_msgs/msg/detail/carla_lane_invasion_event__struct.h
[1.942s] -- Up-to-date: /home/tofstudent/sa_zhao/install/carla_msgs/include/carla_msgs/msg/detail/carla_world_info__struct.h
[1.942s] -- Up-to-date: /home/tofstudent/sa_zhao/install/carla_msgs/include/carla_msgs/msg/detail/carla_walker_control__functions.h
[1.942s] -- Up-to-date: /home/tofstudent/sa_zhao/install/carla_msgs/include/carla_msgs/msg/detail/carla_ego_vehicle_info_wheel__type_support.h
[1.942s] -- Up-to-date: /home/tofstudent/sa_zhao/install/carla_msgs/include/carla_msgs/msg/detail/carla_control__functions.h
[1.942s] -- Up-to-date: /home/tofstudent/sa_zhao/install/carla_msgs/include/carla_msgs/msg/detail/carla_traffic_light_status__functions.h
[1.942s] -- Up-to-date: /home/tofstudent/sa_zhao/install/carla_msgs/include/carla_msgs/msg/detail/carla_actor_info__type_support.h
[1.943s] -- Up-to-date: /home/tofstudent/sa_zhao/install/carla_msgs/include/carla_msgs/msg/detail/carla_ego_vehicle_info__type_support.h
[1.943s] -- Up-to-date: /home/tofstudent/sa_zhao/install/carla_msgs/include/carla_msgs/msg/detail/carla_world_info__type_support.h
[1.943s] -- Up-to-date: /home/tofstudent/sa_zhao/install/carla_msgs/include/carla_msgs/msg/detail/carla_lane_invasion_event__functions.h
[1.944s] -- Up-to-date: /home/tofstudent/sa_zhao/install/carla_msgs/include/carla_msgs/msg/detail/carla_bounding_box__functions.h
[1.949s] -- Up-to-date: /home/tofstudent/sa_zhao/install/carla_msgs/include/carla_msgs/msg/detail/carla_actor_info__struct.h
[1.949s] -- Up-to-date: /home/tofstudent/sa_zhao/install/carla_msgs/include/carla_msgs/msg/detail/carla_weather_parameters__type_support.h
[1.949s] -- Up-to-date: /home/tofstudent/sa_zhao/install/carla_msgs/include/carla_msgs/msg/detail/carla_ego_vehicle_control__functions.c
[1.950s] -- Up-to-date: /home/tofstudent/sa_zhao/install/carla_msgs/include/carla_msgs/msg/detail/carla_actor_list__functions.h
[1.951s] -- Up-to-date: /home/tofstudent/sa_zhao/install/carla_msgs/include/carla_msgs/msg/detail/carla_ego_vehicle_status__functions.c
[1.951s] -- Up-to-date: /home/tofstudent/sa_zhao/install/carla_msgs/include/carla_msgs/msg/detail/carla_ego_vehicle_status__type_support.h
[1.952s] -- Up-to-date: /home/tofstudent/sa_zhao/install/carla_msgs/include/carla_msgs/msg/detail/carla_collision_event__struct.h
[1.958s] -- Up-to-date: /home/tofstudent/sa_zhao/install/carla_msgs/include/carla_msgs/msg/detail/carla_traffic_light_info_list__functions.c
[1.958s] -- Up-to-date: /home/tofstudent/sa_zhao/install/carla_msgs/include/carla_msgs/msg/detail/carla_actor_list__type_support.h
[1.959s] -- Up-to-date: /home/tofstudent/sa_zhao/install/carla_msgs/include/carla_msgs/msg/detail/carla_ego_vehicle_info_wheel__functions.h
[1.959s] -- Up-to-date: /home/tofstudent/sa_zhao/install/carla_msgs/include/carla_msgs/msg/detail/carla_actor_info__functions.c
[1.959s] -- Up-to-date: /home/tofstudent/sa_zhao/install/carla_msgs/include/carla_msgs/msg/detail/carla_bounding_box__type_support.h
[1.959s] -- Up-to-date: /home/tofstudent/sa_zhao/install/carla_msgs/include/carla_msgs/msg/detail/carla_traffic_light_info_list__type_support.h
[1.960s] -- Up-to-date: /home/tofstudent/sa_zhao/install/carla_msgs/include/carla_msgs/msg/detail/carla_walker_control__struct.h
[1.960s] -- Up-to-date: /home/tofstudent/sa_zhao/install/carla_msgs/include/carla_msgs/msg/detail/carla_collision_event__functions.c
[1.961s] -- Up-to-date: /home/tofstudent/sa_zhao/install/carla_msgs/include/carla_msgs/msg/detail/carla_weather_parameters__struct.h
[1.961s] -- Up-to-date: /home/tofstudent/sa_zhao/install/carla_msgs/include/carla_msgs/msg/detail/carla_ego_vehicle_status__struct.h
[1.961s] -- Up-to-date: /home/tofstudent/sa_zhao/install/carla_msgs/include/carla_msgs/msg/detail/carla_control__functions.c
[1.962s] -- Up-to-date: /home/tofstudent/sa_zhao/install/carla_msgs/include/carla_msgs/msg/detail/carla_traffic_light_info_list__functions.h
[1.962s] -- Up-to-date: /home/tofstudent/sa_zhao/install/carla_msgs/include/carla_msgs/msg/detail/carla_traffic_light_status__functions.c
[1.962s] -- Up-to-date: /home/tofstudent/sa_zhao/install/carla_msgs/include/carla_msgs/msg/detail/carla_ego_vehicle_control__type_support.h
[1.962s] -- Up-to-date: /home/tofstudent/sa_zhao/install/carla_msgs/include/carla_msgs/msg/detail/carla_status__functions.c
[1.962s] -- Up-to-date: /home/tofstudent/sa_zhao/install/carla_msgs/include/carla_msgs/msg/detail/carla_world_info__functions.h
[1.962s] -- Up-to-date: /home/tofstudent/sa_zhao/install/carla_msgs/include/carla_msgs/msg/detail/carla_ego_vehicle_control__struct.h
[1.962s] -- Up-to-date: /home/tofstudent/sa_zhao/install/carla_msgs/include/carla_msgs/msg/detail/carla_walker_control__functions.c
[1.963s] -- Up-to-date: /home/tofstudent/sa_zhao/install/carla_msgs/include/carla_msgs/msg/detail/carla_ego_vehicle_info__functions.c
[1.963s] -- Up-to-date: /home/tofstudent/sa_zhao/install/carla_msgs/include/carla_msgs/msg/detail/carla_traffic_light_status__type_support.h
[1.963s] -- Up-to-date: /home/tofstudent/sa_zhao/install/carla_msgs/include/carla_msgs/msg/detail/carla_bounding_box__functions.c
[1.963s] -- Up-to-date: /home/tofstudent/sa_zhao/install/carla_msgs/include/carla_msgs/msg/detail/carla_traffic_light_status__struct.h
[1.963s] -- Up-to-date: /home/tofstudent/sa_zhao/install/carla_msgs/include/carla_msgs/msg/detail/carla_actor_list__functions.c
[1.963s] -- Up-to-date: /home/tofstudent/sa_zhao/install/carla_msgs/include/carla_msgs/msg/detail/carla_control__struct.h
[1.963s] -- Up-to-date: /home/tofstudent/sa_zhao/install/carla_msgs/include/carla_msgs/msg/detail/carla_ego_vehicle_info__struct.h
[1.963s] -- Up-to-date: /home/tofstudent/sa_zhao/install/carla_msgs/include/carla_msgs/msg/detail/carla_ego_vehicle_info_wheel__struct.h
[1.963s] -- Up-to-date: /home/tofstudent/sa_zhao/install/carla_msgs/include/carla_msgs/msg/detail/carla_traffic_light_info_list__struct.h
[1.963s] -- Up-to-date: /home/tofstudent/sa_zhao/install/carla_msgs/include/carla_msgs/msg/detail/carla_collision_event__functions.h
[1.963s] -- Up-to-date: /home/tofstudent/sa_zhao/install/carla_msgs/include/carla_msgs/msg/detail/carla_bounding_box__struct.h
[1.963s] -- Up-to-date: /home/tofstudent/sa_zhao/install/carla_msgs/include/carla_msgs/msg/detail/carla_traffic_light_info__struct.h
[1.963s] -- Up-to-date: /home/tofstudent/sa_zhao/install/carla_msgs/include/carla_msgs/msg/detail/carla_control__type_support.h
[1.964s] -- Up-to-date: /home/tofstudent/sa_zhao/install/carla_msgs/include/carla_msgs/msg/detail/carla_lane_invasion_event__type_support.h
[1.964s] -- Up-to-date: /home/tofstudent/sa_zhao/install/carla_msgs/include/carla_msgs/msg/detail/carla_weather_parameters__functions.c
[1.964s] -- Up-to-date: /home/tofstudent/sa_zhao/install/carla_msgs/include/carla_msgs/msg/detail/carla_walker_control__type_support.h
[1.964s] -- Up-to-date: /home/tofstudent/sa_zhao/install/carla_msgs/include/carla_msgs/msg/detail/carla_traffic_light_status_list__functions.h
[1.964s] -- Up-to-date: /home/tofstudent/sa_zhao/install/carla_msgs/include/carla_msgs/msg/detail/carla_traffic_light_status_list__type_support.h
[1.964s] -- Up-to-date: /home/tofstudent/sa_zhao/install/carla_msgs/include/carla_msgs/msg/detail/carla_traffic_light_info__functions.c
[1.964s] -- Up-to-date: /home/tofstudent/sa_zhao/install/carla_msgs/include/carla_msgs/msg/detail/carla_collision_event__type_support.h
[1.964s] -- Up-to-date: /home/tofstudent/sa_zhao/install/carla_msgs/include/carla_msgs/msg/detail/carla_lane_invasion_event__functions.c
[1.964s] -- Up-to-date: /home/tofstudent/sa_zhao/install/carla_msgs/include/carla_msgs/msg/detail/carla_ego_vehicle_status__functions.h
[1.964s] -- Up-to-date: /home/tofstudent/sa_zhao/install/carla_msgs/include/carla_msgs/msg/detail/carla_ego_vehicle_info__functions.h
[1.964s] -- Up-to-date: /home/tofstudent/sa_zhao/install/carla_msgs/include/carla_msgs/msg/detail/carla_status__struct.h
[1.965s] -- Up-to-date: /home/tofstudent/sa_zhao/install/carla_msgs/include/carla_msgs/msg/detail/carla_weather_parameters__functions.h
[1.965s] -- Up-to-date: /home/tofstudent/sa_zhao/install/carla_msgs/include/carla_msgs/msg/detail/carla_traffic_light_info__type_support.h
[1.965s] -- Up-to-date: /home/tofstudent/sa_zhao/install/carla_msgs/include/carla_msgs/msg/detail/carla_traffic_light_status_list__struct.h
[1.965s] -- Up-to-date: /home/tofstudent/sa_zhao/install/carla_msgs/include/carla_msgs/msg/detail/carla_traffic_light_info__functions.h
[1.965s] -- Up-to-date: /home/tofstudent/sa_zhao/install/carla_msgs/include/carla_msgs/msg/detail/carla_world_info__functions.c
[1.965s] -- Up-to-date: /home/tofstudent/sa_zhao/install/carla_msgs/include/carla_msgs/msg/detail/carla_traffic_light_status_list__functions.c
[1.965s] -- Up-to-date: /home/tofstudent/sa_zhao/install/carla_msgs/include/carla_msgs/msg/detail/carla_actor_list__struct.h
[1.966s] -- Up-to-date: /home/tofstudent/sa_zhao/install/carla_msgs/include/carla_msgs/msg/detail/carla_actor_info__functions.h
[1.966s] -- Up-to-date: /home/tofstudent/sa_zhao/install/carla_msgs/include/carla_msgs/msg/detail/carla_status__type_support.h
[1.966s] -- Up-to-date: /home/tofstudent/sa_zhao/install/carla_msgs/include/carla_msgs/msg/carla_control.h
[1.966s] -- Up-to-date: /home/tofstudent/sa_zhao/install/carla_msgs/include/carla_msgs/msg/rosidl_generator_c__visibility_control.h
[1.966s] -- Up-to-date: /home/tofstudent/sa_zhao/install/carla_msgs/include/carla_msgs/msg/carla_lane_invasion_event.h
[1.966s] -- Up-to-date: /home/tofstudent/sa_zhao/install/carla_msgs/include/carla_msgs/msg/carla_traffic_light_status.h
[1.967s] -- Up-to-date: /home/tofstudent/sa_zhao/install/carla_msgs/include/carla_msgs/msg/carla_bounding_box.h
[1.967s] -- Up-to-date: /home/tofstudent/sa_zhao/install/carla_msgs/include/carla_msgs/msg/carla_ego_vehicle_info.h
[1.967s] -- Up-to-date: /home/tofstudent/sa_zhao/install/carla_msgs/include/carla_msgs/msg/carla_ego_vehicle_status.h
[1.967s] -- Up-to-date: /home/tofstudent/sa_zhao/install/carla_msgs/include/carla_msgs/msg/carla_actor_info.h
[1.967s] -- Up-to-date: /home/tofstudent/sa_zhao/install/carla_msgs/include/carla_msgs/msg/carla_traffic_light_info_list.h
[1.968s] -- Up-to-date: /home/tofstudent/sa_zhao/install/carla_msgs/share/carla_msgs/environment/library_path.sh
[1.968s] -- Up-to-date: /home/tofstudent/sa_zhao/install/carla_msgs/share/carla_msgs/environment/library_path.dsv
[1.968s] -- Up-to-date: /home/tofstudent/sa_zhao/install/carla_msgs/lib/libcarla_msgs__rosidl_generator_c.so
[1.968s] -- Up-to-date: /home/tofstudent/sa_zhao/install/carla_msgs/include/carla_msgs
[1.968s] -- Up-to-date: /home/tofstudent/sa_zhao/install/carla_msgs/include/carla_msgs/srv
[1.968s] -- Up-to-date: /home/tofstudent/sa_zhao/install/carla_msgs/include/carla_msgs/srv/detail
[1.969s] -- Up-to-date: /home/tofstudent/sa_zhao/install/carla_msgs/include/carla_msgs/srv/detail/spawn_object__rosidl_typesupport_fastrtps_c.h
[1.969s] -- Up-to-date: /home/tofstudent/sa_zhao/install/carla_msgs/include/carla_msgs/srv/detail/destroy_object__rosidl_typesupport_fastrtps_c.h
[1.969s] -- Up-to-date: /home/tofstudent/sa_zhao/install/carla_msgs/include/carla_msgs/srv/detail/get_blueprints__rosidl_typesupport_fastrtps_c.h
[1.969s] -- Up-to-date: /home/tofstudent/sa_zhao/install/carla_msgs/include/carla_msgs/msg
[1.969s] -- Up-to-date: /home/tofstudent/sa_zhao/install/carla_msgs/include/carla_msgs/msg/rosidl_typesupport_fastrtps_c__visibility_control.h
[1.969s] -- Up-to-date: /home/tofstudent/sa_zhao/install/carla_msgs/include/carla_msgs/msg/detail
[1.969s] -- Up-to-date: /home/tofstudent/sa_zhao/install/carla_msgs/include/carla_msgs/msg/detail/carla_traffic_light_info__rosidl_typesupport_fastrtps_c.h
[1.969s] -- Up-to-date: /home/tofstudent/sa_zhao/install/carla_msgs/include/carla_msgs/msg/detail/carla_walker_control__rosidl_typesupport_fastrtps_c.h
[1.969s] -- Up-to-date: /home/tofstudent/sa_zhao/install/carla_msgs/include/carla_msgs/msg/detail/carla_ego_vehicle_control__rosidl_typesupport_fastrtps_c.h
[1.969s] -- Up-to-date: /home/tofstudent/sa_zhao/install/carla_msgs/include/carla_msgs/msg/detail/carla_world_info__rosidl_typesupport_fastrtps_c.h
[1.970s] -- Up-to-date: /home/tofstudent/sa_zhao/install/carla_msgs/include/carla_msgs/msg/detail/carla_ego_vehicle_info__rosidl_typesupport_fastrtps_c.h
[1.970s] -- Up-to-date: /home/tofstudent/sa_zhao/install/carla_msgs/include/carla_msgs/msg/detail/carla_ego_vehicle_info_wheel__rosidl_typesupport_fastrtps_c.h
[1.970s] -- Up-to-date: /home/tofstudent/sa_zhao/install/carla_msgs/include/carla_msgs/msg/detail/carla_traffic_light_info_list__rosidl_typesupport_fastrtps_c.h
[1.970s] -- Up-to-date: /home/tofstudent/sa_zhao/install/carla_msgs/include/carla_msgs/msg/detail/carla_control__rosidl_typesupport_fastrtps_c.h
[1.970s] -- Up-to-date: /home/tofstudent/sa_zhao/install/carla_msgs/include/carla_msgs/msg/detail/carla_ego_vehicle_status__rosidl_typesupport_fastrtps_c.h
[1.970s] -- Up-to-date: /home/tofstudent/sa_zhao/install/carla_msgs/include/carla_msgs/msg/detail/carla_collision_event__rosidl_typesupport_fastrtps_c.h
[1.970s] -- Up-to-date: /home/tofstudent/sa_zhao/install/carla_msgs/include/carla_msgs/msg/detail/carla_traffic_light_status_list__rosidl_typesupport_fastrtps_c.h
[1.970s] -- Up-to-date: /home/tofstudent/sa_zhao/install/carla_msgs/include/carla_msgs/msg/detail/carla_status__rosidl_typesupport_fastrtps_c.h
[1.970s] -- Up-to-date: /home/tofstudent/sa_zhao/install/carla_msgs/include/carla_msgs/msg/detail/carla_weather_parameters__rosidl_typesupport_fastrtps_c.h
[1.970s] -- Up-to-date: /home/tofstudent/sa_zhao/install/carla_msgs/include/carla_msgs/msg/detail/carla_traffic_light_status__rosidl_typesupport_fastrtps_c.h
[1.971s] -- Up-to-date: /home/tofstudent/sa_zhao/install/carla_msgs/include/carla_msgs/msg/detail/carla_bounding_box__rosidl_typesupport_fastrtps_c.h
[1.971s] -- Up-to-date: /home/tofstudent/sa_zhao/install/carla_msgs/include/carla_msgs/msg/detail/carla_lane_invasion_event__rosidl_typesupport_fastrtps_c.h
[1.971s] -- Up-to-date: /home/tofstudent/sa_zhao/install/carla_msgs/include/carla_msgs/msg/detail/carla_actor_list__rosidl_typesupport_fastrtps_c.h
[1.971s] -- Up-to-date: /home/tofstudent/sa_zhao/install/carla_msgs/include/carla_msgs/msg/detail/carla_actor_info__rosidl_typesupport_fastrtps_c.h
[1.971s] -- Up-to-date: /home/tofstudent/sa_zhao/install/carla_msgs/lib/libcarla_msgs__rosidl_typesupport_fastrtps_c.so
[1.971s] -- Up-to-date: /home/tofstudent/sa_zhao/install/carla_msgs/include/carla_msgs
[1.971s] -- Up-to-date: /home/tofstudent/sa_zhao/install/carla_msgs/include/carla_msgs/srv
[1.971s] -- Up-to-date: /home/tofstudent/sa_zhao/install/carla_msgs/include/carla_msgs/srv/detail
[1.971s] -- Up-to-date: /home/tofstudent/sa_zhao/install/carla_msgs/include/carla_msgs/srv/detail/get_blueprints__rosidl_typesupport_fastrtps_cpp.hpp
[1.971s] -- Up-to-date: /home/tofstudent/sa_zhao/install/carla_msgs/include/carla_msgs/srv/detail/dds_fastrtps
[1.971s] -- Up-to-date: /home/tofstudent/sa_zhao/install/carla_msgs/include/carla_msgs/srv/detail/destroy_object__rosidl_typesupport_fastrtps_cpp.hpp
[1.972s] -- Up-to-date: /home/tofstudent/sa_zhao/install/carla_msgs/include/carla_msgs/srv/detail/spawn_object__rosidl_typesupport_fastrtps_cpp.hpp
[1.975s] -- Up-to-date: /home/tofstudent/sa_zhao/install/carla_msgs/include/carla_msgs/msg
[1.975s] -- Up-to-date: /home/tofstudent/sa_zhao/install/carla_msgs/include/carla_msgs/msg/rosidl_typesupport_fastrtps_cpp__visibility_control.h
[1.976s] -- Up-to-date: /home/tofstudent/sa_zhao/install/carla_msgs/include/carla_msgs/msg/detail
[1.976s] -- Up-to-date: /home/tofstudent/sa_zhao/install/carla_msgs/include/carla_msgs/msg/detail/carla_status__rosidl_typesupport_fastrtps_cpp.hpp
[1.976s] -- Up-to-date: /home/tofstudent/sa_zhao/install/carla_msgs/include/carla_msgs/msg/detail/carla_bounding_box__rosidl_typesupport_fastrtps_cpp.hpp
[1.977s] -- Up-to-date: /home/tofstudent/sa_zhao/install/carla_msgs/include/carla_msgs/msg/detail/carla_traffic_light_info__rosidl_typesupport_fastrtps_cpp.hpp
[1.977s] -- Up-to-date: /home/tofstudent/sa_zhao/install/carla_msgs/include/carla_msgs/msg/detail/carla_ego_vehicle_info__rosidl_typesupport_fastrtps_cpp.hpp
[1.977s] -- Up-to-date: /home/tofstudent/sa_zhao/install/carla_msgs/include/carla_msgs/msg/detail/carla_world_info__rosidl_typesupport_fastrtps_cpp.hpp
[1.977s] -- Up-to-date: /home/tofstudent/sa_zhao/install/carla_msgs/include/carla_msgs/msg/detail/carla_control__rosidl_typesupport_fastrtps_cpp.hpp
[1.978s] -- Up-to-date: /home/tofstudent/sa_zhao/install/carla_msgs/include/carla_msgs/msg/detail/carla_ego_vehicle_info_wheel__rosidl_typesupport_fastrtps_cpp.hpp
[1.978s] -- Up-to-date: /home/tofstudent/sa_zhao/install/carla_msgs/include/carla_msgs/msg/detail/carla_collision_event__rosidl_typesupport_fastrtps_cpp.hpp
[1.978s] -- Up-to-date: /home/tofstudent/sa_zhao/install/carla_msgs/include/carla_msgs/msg/detail/carla_traffic_light_status_list__rosidl_typesupport_fastrtps_cpp.hpp
[1.979s] -- Up-to-date: /home/tofstudent/sa_zhao/install/carla_msgs/include/carla_msgs/msg/detail/carla_actor_info__rosidl_typesupport_fastrtps_cpp.hpp
[1.979s] -- Up-to-date: /home/tofstudent/sa_zhao/install/carla_msgs/include/carla_msgs/msg/detail/carla_lane_invasion_event__rosidl_typesupport_fastrtps_cpp.hpp
[1.979s] -- Up-to-date: /home/tofstudent/sa_zhao/install/carla_msgs/include/carla_msgs/msg/detail/carla_ego_vehicle_status__rosidl_typesupport_fastrtps_cpp.hpp
[1.979s] -- Up-to-date: /home/tofstudent/sa_zhao/install/carla_msgs/include/carla_msgs/msg/detail/carla_ego_vehicle_control__rosidl_typesupport_fastrtps_cpp.hpp
[1.979s] -- Up-to-date: /home/tofstudent/sa_zhao/install/carla_msgs/include/carla_msgs/msg/detail/carla_actor_list__rosidl_typesupport_fastrtps_cpp.hpp
[1.979s] -- Up-to-date: /home/tofstudent/sa_zhao/install/carla_msgs/include/carla_msgs/msg/detail/dds_fastrtps
[1.979s] -- Up-to-date: /home/tofstudent/sa_zhao/install/carla_msgs/include/carla_msgs/msg/detail/carla_walker_control__rosidl_typesupport_fastrtps_cpp.hpp
[1.979s] -- Up-to-date: /home/tofstudent/sa_zhao/install/carla_msgs/include/carla_msgs/msg/detail/carla_traffic_light_info_list__rosidl_typesupport_fastrtps_cpp.hpp
[1.980s] -- Up-to-date: /home/tofstudent/sa_zhao/install/carla_msgs/include/carla_msgs/msg/detail/carla_traffic_light_status__rosidl_typesupport_fastrtps_cpp.hpp
[1.980s] -- Up-to-date: /home/tofstudent/sa_zhao/install/carla_msgs/include/carla_msgs/msg/detail/carla_weather_parameters__rosidl_typesupport_fastrtps_cpp.hpp
[1.980s] -- Up-to-date: /home/tofstudent/sa_zhao/install/carla_msgs/lib/libcarla_msgs__rosidl_typesupport_fastrtps_cpp.so
[1.980s] -- Up-to-date: /home/tofstudent/sa_zhao/install/carla_msgs/include/carla_msgs
[1.980s] -- Up-to-date: /home/tofstudent/sa_zhao/install/carla_msgs/include/carla_msgs/srv
[1.980s] -- Up-to-date: /home/tofstudent/sa_zhao/install/carla_msgs/include/carla_msgs/srv/detail
[1.981s] -- Up-to-date: /home/tofstudent/sa_zhao/install/carla_msgs/include/carla_msgs/srv/detail/get_blueprints__rosidl_typesupport_introspection_c.h
[1.981s] -- Up-to-date: /home/tofstudent/sa_zhao/install/carla_msgs/include/carla_msgs/srv/detail/spawn_object__type_support.c
[1.981s] -- Up-to-date: /home/tofstudent/sa_zhao/install/carla_msgs/include/carla_msgs/srv/detail/destroy_object__type_support.c
[1.981s] -- Up-to-date: /home/tofstudent/sa_zhao/install/carla_msgs/include/carla_msgs/srv/detail/spawn_object__rosidl_typesupport_introspection_c.h
[1.981s] -- Up-to-date: /home/tofstudent/sa_zhao/install/carla_msgs/include/carla_msgs/srv/detail/destroy_object__rosidl_typesupport_introspection_c.h
[1.981s] -- Up-to-date: /home/tofstudent/sa_zhao/install/carla_msgs/include/carla_msgs/srv/detail/get_blueprints__type_support.c
[1.984s] -- Up-to-date: /home/tofstudent/sa_zhao/install/carla_msgs/include/carla_msgs/msg
[1.984s] -- Up-to-date: /home/tofstudent/sa_zhao/install/carla_msgs/include/carla_msgs/msg/detail
[1.984s] -- Up-to-date: /home/tofstudent/sa_zhao/install/carla_msgs/include/carla_msgs/msg/detail/carla_ego_vehicle_control__type_support.c
[1.985s] -- Up-to-date: /home/tofstudent/sa_zhao/install/carla_msgs/include/carla_msgs/msg/detail/carla_traffic_light_info_list__rosidl_typesupport_introspection_c.h
[1.985s] -- Up-to-date: /home/tofstudent/sa_zhao/install/carla_msgs/include/carla_msgs/msg/detail/carla_traffic_light_status_list__rosidl_typesupport_introspection_c.h
[1.985s] -- Up-to-date: /home/tofstudent/sa_zhao/install/carla_msgs/include/carla_msgs/msg/detail/carla_collision_event__rosidl_typesupport_introspection_c.h
[1.985s] -- Up-to-date: /home/tofstudent/sa_zhao/install/carla_msgs/include/carla_msgs/msg/detail/carla_ego_vehicle_info_wheel__rosidl_typesupport_introspection_c.h
[1.986s] -- Up-to-date: /home/tofstudent/sa_zhao/install/carla_msgs/include/carla_msgs/msg/detail/carla_lane_invasion_event__type_support.c
[1.986s] -- Up-to-date: /home/tofstudent/sa_zhao/install/carla_msgs/include/carla_msgs/msg/detail/carla_traffic_light_info__rosidl_typesupport_introspection_c.h
[1.986s] -- Up-to-date: /home/tofstudent/sa_zhao/install/carla_msgs/include/carla_msgs/msg/detail/carla_world_info__type_support.c
[1.987s] -- Up-to-date: /home/tofstudent/sa_zhao/install/carla_msgs/include/carla_msgs/msg/detail/carla_traffic_light_info_list__type_support.c
[1.987s] -- Up-to-date: /home/tofstudent/sa_zhao/install/carla_msgs/include/carla_msgs/msg/detail/carla_actor_info__type_support.c
[1.990s] -- Up-to-date: /home/tofstudent/sa_zhao/install/carla_msgs/include/carla_msgs/msg/detail/carla_traffic_light_status__rosidl_typesupport_introspection_c.h
[1.991s] -- Up-to-date: /home/tofstudent/sa_zhao/install/carla_msgs/include/carla_msgs/msg/detail/carla_ego_vehicle_status__rosidl_typesupport_introspection_c.h
[1.991s] -- Up-to-date: /home/tofstudent/sa_zhao/install/carla_msgs/include/carla_msgs/msg/detail/carla_control__type_support.c
[1.991s] -- Up-to-date: /home/tofstudent/sa_zhao/install/carla_msgs/include/carla_msgs/msg/detail/carla_traffic_light_status__type_support.c
[1.992s] -- Up-to-date: /home/tofstudent/sa_zhao/install/carla_msgs/include/carla_msgs/msg/detail/carla_collision_event__type_support.c
[1.992s] -- Up-to-date: /home/tofstudent/sa_zhao/install/carla_msgs/include/carla_msgs/msg/detail/carla_ego_vehicle_info_wheel__type_support.c
[1.992s] -- Up-to-date: /home/tofstudent/sa_zhao/install/carla_msgs/include/carla_msgs/msg/detail/carla_traffic_light_status_list__type_support.c
[1.993s] -- Up-to-date: /home/tofstudent/sa_zhao/install/carla_msgs/include/carla_msgs/msg/detail/carla_traffic_light_info__type_support.c
[1.993s] -- Up-to-date: /home/tofstudent/sa_zhao/install/carla_msgs/include/carla_msgs/msg/detail/carla_bounding_box__rosidl_typesupport_introspection_c.h
[1.997s] -- Up-to-date: /home/tofstudent/sa_zhao/install/carla_msgs/include/carla_msgs/msg/detail/carla_actor_info__rosidl_typesupport_introspection_c.h
[1.997s] -- Up-to-date: /home/tofstudent/sa_zhao/install/carla_msgs/include/carla_msgs/msg/detail/carla_ego_vehicle_info__type_support.c
[1.997s] -- Up-to-date: /home/tofstudent/sa_zhao/install/carla_msgs/include/carla_msgs/msg/detail/carla_bounding_box__type_support.c
[1.998s] -- Up-to-date: /home/tofstudent/sa_zhao/install/carla_msgs/include/carla_msgs/msg/detail/carla_walker_control__type_support.c
[1.999s] -- Up-to-date: /home/tofstudent/sa_zhao/install/carla_msgs/include/carla_msgs/msg/detail/carla_status__type_support.c
[1.999s] -- Up-to-date: /home/tofstudent/sa_zhao/install/carla_msgs/include/carla_msgs/msg/detail/carla_ego_vehicle_control__rosidl_typesupport_introspection_c.h
[2.000s] -- Up-to-date: /home/tofstudent/sa_zhao/install/carla_msgs/include/carla_msgs/msg/detail/carla_status__rosidl_typesupport_introspection_c.h
[2.000s] -- Up-to-date: /home/tofstudent/sa_zhao/install/carla_msgs/include/carla_msgs/msg/detail/carla_weather_parameters__type_support.c
[2.001s] -- Up-to-date: /home/tofstudent/sa_zhao/install/carla_msgs/include/carla_msgs/msg/detail/carla_weather_parameters__rosidl_typesupport_introspection_c.h
[2.001s] -- Up-to-date: /home/tofstudent/sa_zhao/install/carla_msgs/include/carla_msgs/msg/detail/carla_ego_vehicle_status__type_support.c
[2.002s] -- Up-to-date: /home/tofstudent/sa_zhao/install/carla_msgs/include/carla_msgs/msg/detail/carla_lane_invasion_event__rosidl_typesupport_introspection_c.h
[2.002s] -- Up-to-date: /home/tofstudent/sa_zhao/install/carla_msgs/include/carla_msgs/msg/detail/carla_world_info__rosidl_typesupport_introspection_c.h
[2.002s] -- Up-to-date: /home/tofstudent/sa_zhao/install/carla_msgs/include/carla_msgs/msg/detail/carla_walker_control__rosidl_typesupport_introspection_c.h
[2.002s] -- Up-to-date: /home/tofstudent/sa_zhao/install/carla_msgs/include/carla_msgs/msg/detail/carla_actor_list__rosidl_typesupport_introspection_c.h
[2.003s] -- Up-to-date: /home/tofstudent/sa_zhao/install/carla_msgs/include/carla_msgs/msg/detail/carla_actor_list__type_support.c
[2.003s] -- Up-to-date: /home/tofstudent/sa_zhao/install/carla_msgs/include/carla_msgs/msg/detail/carla_ego_vehicle_info__rosidl_typesupport_introspection_c.h
[2.004s] -- Up-to-date: /home/tofstudent/sa_zhao/install/carla_msgs/include/carla_msgs/msg/detail/carla_control__rosidl_typesupport_introspection_c.h
[2.006s] -- Up-to-date: /home/tofstudent/sa_zhao/install/carla_msgs/include/carla_msgs/msg/rosidl_typesupport_introspection_c__visibility_control.h
[2.006s] -- Up-to-date: /home/tofstudent/sa_zhao/install/carla_msgs/lib/libcarla_msgs__rosidl_typesupport_introspection_c.so
[2.009s] -- Up-to-date: /home/tofstudent/sa_zhao/install/carla_msgs/lib/libcarla_msgs__rosidl_typesupport_c.so
[2.010s] -- Up-to-date: /home/tofstudent/sa_zhao/install/carla_msgs/include/carla_msgs
[2.015s] -- Up-to-date: /home/tofstudent/sa_zhao/install/carla_msgs/include/carla_msgs/srv
[2.016s] -- Up-to-date: /home/tofstudent/sa_zhao/install/carla_msgs/include/carla_msgs/srv/detail
[2.016s] -- Up-to-date: /home/tofstudent/sa_zhao/install/carla_msgs/include/carla_msgs/srv/detail/destroy_object__builder.hpp
[2.016s] -- Up-to-date: /home/tofstudent/sa_zhao/install/carla_msgs/include/carla_msgs/srv/detail/spawn_object__builder.hpp
[2.017s] -- Up-to-date: /home/tofstudent/sa_zhao/install/carla_msgs/include/carla_msgs/srv/detail/spawn_object__traits.hpp
[2.017s] -- Up-to-date: /home/tofstudent/sa_zhao/install/carla_msgs/include/carla_msgs/srv/detail/get_blueprints__builder.hpp
[2.017s] -- Up-to-date: /home/tofstudent/sa_zhao/install/carla_msgs/include/carla_msgs/srv/detail/spawn_object__struct.hpp
[2.018s] -- Up-to-date: /home/tofstudent/sa_zhao/install/carla_msgs/include/carla_msgs/srv/detail/destroy_object__traits.hpp
[2.018s] -- Up-to-date: /home/tofstudent/sa_zhao/install/carla_msgs/include/carla_msgs/srv/detail/destroy_object__struct.hpp
[2.018s] -- Up-to-date: /home/tofstudent/sa_zhao/install/carla_msgs/include/carla_msgs/srv/detail/get_blueprints__traits.hpp
[2.018s] -- Up-to-date: /home/tofstudent/sa_zhao/install/carla_msgs/include/carla_msgs/srv/detail/get_blueprints__struct.hpp
[2.018s] -- Up-to-date: /home/tofstudent/sa_zhao/install/carla_msgs/include/carla_msgs/srv/spawn_object.hpp
[2.019s] -- Up-to-date: /home/tofstudent/sa_zhao/install/carla_msgs/include/carla_msgs/srv/destroy_object.hpp
[2.019s] -- Up-to-date: /home/tofstudent/sa_zhao/install/carla_msgs/include/carla_msgs/srv/get_blueprints.hpp
[2.019s] -- Up-to-date: /home/tofstudent/sa_zhao/install/carla_msgs/include/carla_msgs/msg
[2.023s] -- Up-to-date: /home/tofstudent/sa_zhao/install/carla_msgs/include/carla_msgs/msg/carla_ego_vehicle_info_wheel.hpp
[2.024s] -- Up-to-date: /home/tofstudent/sa_zhao/install/carla_msgs/include/carla_msgs/msg/carla_ego_vehicle_info.hpp
[2.025s] -- Up-to-date: /home/tofstudent/sa_zhao/install/carla_msgs/include/carla_msgs/msg/carla_world_info.hpp
[2.025s] -- Up-to-date: /home/tofstudent/sa_zhao/install/carla_msgs/include/carla_msgs/msg/carla_traffic_light_info_list.hpp
[2.025s] -- Up-to-date: /home/tofstudent/sa_zhao/install/carla_msgs/include/carla_msgs/msg/carla_traffic_light_info.hpp
[2.026s] -- Up-to-date: /home/tofstudent/sa_zhao/install/carla_msgs/include/carla_msgs/msg/detail
[2.028s] -- Up-to-date: /home/tofstudent/sa_zhao/install/carla_msgs/include/carla_msgs/msg/detail/carla_traffic_light_info_list__traits.hpp
[2.028s] -- Up-to-date: /home/tofstudent/sa_zhao/install/carla_msgs/include/carla_msgs/msg/detail/carla_lane_invasion_event__struct.hpp
[2.028s] -- Up-to-date: /home/tofstudent/sa_zhao/install/carla_msgs/include/carla_msgs/msg/detail/carla_weather_parameters__builder.hpp
[2.029s] -- Up-to-date: /home/tofstudent/sa_zhao/install/carla_msgs/include/carla_msgs/msg/detail/carla_walker_control__builder.hpp
[2.033s] -- Up-to-date: /home/tofstudent/sa_zhao/install/carla_msgs/include/carla_msgs/msg/detail/carla_actor_info__builder.hpp
[2.034s] -- Up-to-date: /home/tofstudent/sa_zhao/install/carla_msgs/include/carla_msgs/msg/detail/carla_ego_vehicle_control__builder.hpp
[2.034s] -- Up-to-date: /home/tofstudent/sa_zhao/install/carla_msgs/include/carla_msgs/msg/detail/carla_actor_info__struct.hpp
[2.034s] -- Up-to-date: /home/tofstudent/sa_zhao/install/carla_msgs/include/carla_msgs/msg/detail/carla_world_info__traits.hpp
[2.035s] -- Up-to-date: /home/tofstudent/sa_zhao/install/carla_msgs/include/carla_msgs/msg/detail/carla_actor_list__traits.hpp
[2.035s] -- Up-to-date: /home/tofstudent/sa_zhao/install/carla_msgs/include/carla_msgs/msg/detail/carla_collision_event__struct.hpp
[2.036s] -- Up-to-date: /home/tofstudent/sa_zhao/install/carla_msgs/include/carla_msgs/msg/detail/carla_ego_vehicle_info__traits.hpp
[2.036s] -- Up-to-date: /home/tofstudent/sa_zhao/install/carla_msgs/include/carla_msgs/msg/detail/carla_ego_vehicle_status__builder.hpp
[2.036s] -- Up-to-date: /home/tofstudent/sa_zhao/install/carla_msgs/include/carla_msgs/msg/detail/carla_bounding_box__traits.hpp
[2.036s] -- Up-to-date: /home/tofstudent/sa_zhao/install/carla_msgs/include/carla_msgs/msg/detail/carla_weather_parameters__traits.hpp
[2.037s] -- Up-to-date: /home/tofstudent/sa_zhao/install/carla_msgs/include/carla_msgs/msg/detail/carla_ego_vehicle_status__traits.hpp
[2.037s] -- Up-to-date: /home/tofstudent/sa_zhao/install/carla_msgs/include/carla_msgs/msg/detail/carla_collision_event__builder.hpp
[2.037s] -- Up-to-date: /home/tofstudent/sa_zhao/install/carla_msgs/include/carla_msgs/msg/detail/carla_traffic_light_status__struct.hpp
[2.037s] -- Up-to-date: /home/tofstudent/sa_zhao/install/carla_msgs/include/carla_msgs/msg/detail/carla_bounding_box__struct.hpp
[2.037s] -- Up-to-date: /home/tofstudent/sa_zhao/install/carla_msgs/include/carla_msgs/msg/detail/carla_collision_event__traits.hpp
[2.038s] -- Up-to-date: /home/tofstudent/sa_zhao/install/carla_msgs/include/carla_msgs/msg/detail/carla_control__builder.hpp
[2.038s] -- Up-to-date: /home/tofstudent/sa_zhao/install/carla_msgs/include/carla_msgs/msg/detail/carla_walker_control__traits.hpp
[2.038s] -- Up-to-date: /home/tofstudent/sa_zhao/install/carla_msgs/include/carla_msgs/msg/detail/carla_world_info__struct.hpp
[2.038s] -- Up-to-date: /home/tofstudent/sa_zhao/install/carla_msgs/include/carla_msgs/msg/detail/carla_actor_list__struct.hpp
[2.038s] -- Up-to-date: /home/tofstudent/sa_zhao/install/carla_msgs/include/carla_msgs/msg/detail/carla_traffic_light_status_list__struct.hpp
[2.038s] -- Up-to-date: /home/tofstudent/sa_zhao/install/carla_msgs/include/carla_msgs/msg/detail/carla_weather_parameters__struct.hpp
[2.039s] -- Up-to-date: /home/tofstudent/sa_zhao/install/carla_msgs/include/carla_msgs/msg/detail/carla_traffic_light_status_list__traits.hpp
[2.039s] -- Up-to-date: /home/tofstudent/sa_zhao/install/carla_msgs/include/carla_msgs/msg/detail/carla_ego_vehicle_info__builder.hpp
[2.039s] -- Up-to-date: /home/tofstudent/sa_zhao/install/carla_msgs/include/carla_msgs/msg/detail/carla_walker_control__struct.hpp
[2.039s] -- Up-to-date: /home/tofstudent/sa_zhao/install/carla_msgs/include/carla_msgs/msg/detail/carla_traffic_light_status_list__builder.hpp
[2.039s] -- Up-to-date: /home/tofstudent/sa_zhao/install/carla_msgs/include/carla_msgs/msg/detail/carla_status__builder.hpp
[2.039s] -- Up-to-date: /home/tofstudent/sa_zhao/install/carla_msgs/include/carla_msgs/msg/detail/carla_status__traits.hpp
[2.039s] -- Up-to-date: /home/tofstudent/sa_zhao/install/carla_msgs/include/carla_msgs/msg/detail/carla_traffic_light_status__traits.hpp
[2.039s] -- Up-to-date: /home/tofstudent/sa_zhao/install/carla_msgs/include/carla_msgs/msg/detail/carla_ego_vehicle_status__struct.hpp
[2.039s] -- Up-to-date: /home/tofstudent/sa_zhao/install/carla_msgs/include/carla_msgs/msg/detail/carla_traffic_light_info_list__struct.hpp
[2.039s] -- Up-to-date: /home/tofstudent/sa_zhao/install/carla_msgs/include/carla_msgs/msg/detail/carla_traffic_light_status__builder.hpp
[2.040s] -- Up-to-date: /home/tofstudent/sa_zhao/install/carla_msgs/include/carla_msgs/msg/detail/carla_bounding_box__builder.hpp
[2.040s] -- Up-to-date: /home/tofstudent/sa_zhao/install/carla_msgs/include/carla_msgs/msg/detail/carla_traffic_light_info__struct.hpp
[2.040s] -- Up-to-date: /home/tofstudent/sa_zhao/install/carla_msgs/include/carla_msgs/msg/detail/carla_traffic_light_info_list__builder.hpp
[2.040s] -- Up-to-date: /home/tofstudent/sa_zhao/install/carla_msgs/include/carla_msgs/msg/detail/carla_actor_info__traits.hpp
[2.040s] -- Up-to-date: /home/tofstudent/sa_zhao/install/carla_msgs/include/carla_msgs/msg/detail/carla_control__traits.hpp
[2.040s] -- Up-to-date: /home/tofstudent/sa_zhao/install/carla_msgs/include/carla_msgs/msg/detail/carla_ego_vehicle_info_wheel__traits.hpp
[2.040s] -- Up-to-date: /home/tofstudent/sa_zhao/install/carla_msgs/include/carla_msgs/msg/detail/carla_lane_invasion_event__builder.hpp
[2.040s] -- Up-to-date: /home/tofstudent/sa_zhao/install/carla_msgs/include/carla_msgs/msg/detail/carla_ego_vehicle_control__struct.hpp
[2.041s] -- Up-to-date: /home/tofstudent/sa_zhao/install/carla_msgs/include/carla_msgs/msg/detail/carla_traffic_light_info__traits.hpp
[2.041s] -- Up-to-date: /home/tofstudent/sa_zhao/install/carla_msgs/include/carla_msgs/msg/detail/carla_ego_vehicle_control__traits.hpp
[2.041s] -- Up-to-date: /home/tofstudent/sa_zhao/install/carla_msgs/include/carla_msgs/msg/detail/carla_traffic_light_info__builder.hpp
[2.041s] -- Up-to-date: /home/tofstudent/sa_zhao/install/carla_msgs/include/carla_msgs/msg/detail/carla_world_info__builder.hpp
[2.041s] -- Up-to-date: /home/tofstudent/sa_zhao/install/carla_msgs/include/carla_msgs/msg/detail/carla_ego_vehicle_info__struct.hpp
[2.041s] -- Up-to-date: /home/tofstudent/sa_zhao/install/carla_msgs/include/carla_msgs/msg/detail/carla_control__struct.hpp
[2.041s] -- Up-to-date: /home/tofstudent/sa_zhao/install/carla_msgs/include/carla_msgs/msg/detail/carla_actor_list__builder.hpp
[2.041s] -- Up-to-date: /home/tofstudent/sa_zhao/install/carla_msgs/include/carla_msgs/msg/detail/carla_status__struct.hpp
[2.042s] -- Up-to-date: /home/tofstudent/sa_zhao/install/carla_msgs/include/carla_msgs/msg/detail/carla_ego_vehicle_info_wheel__struct.hpp
[2.042s] -- Up-to-date: /home/tofstudent/sa_zhao/install/carla_msgs/include/carla_msgs/msg/detail/carla_lane_invasion_event__traits.hpp
[2.042s] -- Up-to-date: /home/tofstudent/sa_zhao/install/carla_msgs/include/carla_msgs/msg/detail/carla_ego_vehicle_info_wheel__builder.hpp
[2.042s] -- Up-to-date: /home/tofstudent/sa_zhao/install/carla_msgs/include/carla_msgs/msg/carla_status.hpp
[2.042s] -- Up-to-date: /home/tofstudent/sa_zhao/install/carla_msgs/include/carla_msgs/msg/carla_weather_parameters.hpp
[2.042s] -- Up-to-date: /home/tofstudent/sa_zhao/install/carla_msgs/include/carla_msgs/msg/carla_traffic_light_status_list.hpp
[2.042s] -- Up-to-date: /home/tofstudent/sa_zhao/install/carla_msgs/include/carla_msgs/msg/carla_lane_invasion_event.hpp
[2.043s] -- Up-to-date: /home/tofstudent/sa_zhao/install/carla_msgs/include/carla_msgs/msg/carla_actor_info.hpp
[2.043s] -- Up-to-date: /home/tofstudent/sa_zhao/install/carla_msgs/include/carla_msgs/msg/carla_actor_list.hpp
[2.043s] -- Up-to-date: /home/tofstudent/sa_zhao/install/carla_msgs/include/carla_msgs/msg/carla_ego_vehicle_status.hpp
[2.043s] -- Up-to-date: /home/tofstudent/sa_zhao/install/carla_msgs/include/carla_msgs/msg/carla_traffic_light_status.hpp
[2.043s] -- Up-to-date: /home/tofstudent/sa_zhao/install/carla_msgs/include/carla_msgs/msg/carla_collision_event.hpp
[2.043s] -- Up-to-date: /home/tofstudent/sa_zhao/install/carla_msgs/include/carla_msgs/msg/carla_ego_vehicle_control.hpp
[2.043s] -- Up-to-date: /home/tofstudent/sa_zhao/install/carla_msgs/include/carla_msgs/msg/carla_control.hpp
[2.043s] -- Up-to-date: /home/tofstudent/sa_zhao/install/carla_msgs/include/carla_msgs/msg/carla_bounding_box.hpp
[2.043s] -- Up-to-date: /home/tofstudent/sa_zhao/install/carla_msgs/include/carla_msgs/msg/carla_walker_control.hpp
[2.043s] -- Up-to-date: /home/tofstudent/sa_zhao/install/carla_msgs/include/carla_msgs
[2.044s] -- Up-to-date: /home/tofstudent/sa_zhao/install/carla_msgs/include/carla_msgs/srv
[2.044s] -- Up-to-date: /home/tofstudent/sa_zhao/install/carla_msgs/include/carla_msgs/srv/detail
[2.044s] -- Up-to-date: /home/tofstudent/sa_zhao/install/carla_msgs/include/carla_msgs/srv/detail/destroy_object__type_support.cpp
[2.044s] -- Up-to-date: /home/tofstudent/sa_zhao/install/carla_msgs/include/carla_msgs/srv/detail/spawn_object__type_support.cpp
[2.044s] -- Up-to-date: /home/tofstudent/sa_zhao/install/carla_msgs/include/carla_msgs/srv/detail/destroy_object__rosidl_typesupport_introspection_cpp.hpp
[2.044s] -- Up-to-date: /home/tofstudent/sa_zhao/install/carla_msgs/include/carla_msgs/srv/detail/get_blueprints__type_support.cpp
[2.044s] -- Up-to-date: /home/tofstudent/sa_zhao/install/carla_msgs/include/carla_msgs/srv/detail/get_blueprints__rosidl_typesupport_introspection_cpp.hpp
[2.044s] -- Up-to-date: /home/tofstudent/sa_zhao/install/carla_msgs/include/carla_msgs/srv/detail/spawn_object__rosidl_typesupport_introspection_cpp.hpp
[2.044s] -- Up-to-date: /home/tofstudent/sa_zhao/install/carla_msgs/include/carla_msgs/msg
[2.045s] -- Up-to-date: /home/tofstudent/sa_zhao/install/carla_msgs/include/carla_msgs/msg/detail
[2.045s] -- Up-to-date: /home/tofstudent/sa_zhao/install/carla_msgs/include/carla_msgs/msg/detail/carla_traffic_light_status__type_support.cpp
[2.045s] -- Up-to-date: /home/tofstudent/sa_zhao/install/carla_msgs/include/carla_msgs/msg/detail/carla_status__rosidl_typesupport_introspection_cpp.hpp
[2.045s] -- Up-to-date: /home/tofstudent/sa_zhao/install/carla_msgs/include/carla_msgs/msg/detail/carla_ego_vehicle_control__rosidl_typesupport_introspection_cpp.hpp
[2.045s] -- Up-to-date: /home/tofstudent/sa_zhao/install/carla_msgs/include/carla_msgs/msg/detail/carla_control__rosidl_typesupport_introspection_cpp.hpp
[2.045s] -- Up-to-date: /home/tofstudent/sa_zhao/install/carla_msgs/include/carla_msgs/msg/detail/carla_control__type_support.cpp
[2.045s] -- Up-to-date: /home/tofstudent/sa_zhao/install/carla_msgs/include/carla_msgs/msg/detail/carla_ego_vehicle_status__rosidl_typesupport_introspection_cpp.hpp
[2.045s] -- Up-to-date: /home/tofstudent/sa_zhao/install/carla_msgs/include/carla_msgs/msg/detail/carla_actor_info__type_support.cpp
[2.046s] -- Up-to-date: /home/tofstudent/sa_zhao/install/carla_msgs/include/carla_msgs/msg/detail/carla_status__type_support.cpp
[2.046s] -- Up-to-date: /home/tofstudent/sa_zhao/install/carla_msgs/include/carla_msgs/msg/detail/carla_actor_info__rosidl_typesupport_introspection_cpp.hpp
[2.046s] -- Up-to-date: /home/tofstudent/sa_zhao/install/carla_msgs/include/carla_msgs/msg/detail/carla_actor_list__type_support.cpp
[2.046s] -- Up-to-date: /home/tofstudent/sa_zhao/install/carla_msgs/include/carla_msgs/msg/detail/carla_lane_invasion_event__rosidl_typesupport_introspection_cpp.hpp
[2.046s] -- Up-to-date: /home/tofstudent/sa_zhao/install/carla_msgs/include/carla_msgs/msg/detail/carla_weather_parameters__type_support.cpp
[2.046s] -- Up-to-date: /home/tofstudent/sa_zhao/install/carla_msgs/include/carla_msgs/msg/detail/carla_collision_event__type_support.cpp
[2.046s] -- Up-to-date: /home/tofstudent/sa_zhao/install/carla_msgs/include/carla_msgs/msg/detail/carla_ego_vehicle_info_wheel__type_support.cpp
[2.046s] -- Up-to-date: /home/tofstudent/sa_zhao/install/carla_msgs/include/carla_msgs/msg/detail/carla_traffic_light_info__type_support.cpp
[2.046s] -- Up-to-date: /home/tofstudent/sa_zhao/install/carla_msgs/include/carla_msgs/msg/detail/carla_bounding_box__rosidl_typesupport_introspection_cpp.hpp
[2.047s] -- Up-to-date: /home/tofstudent/sa_zhao/install/carla_msgs/include/carla_msgs/msg/detail/carla_traffic_light_info_list__rosidl_typesupport_introspection_cpp.hpp
[2.047s] -- Up-to-date: /home/tofstudent/sa_zhao/install/carla_msgs/include/carla_msgs/msg/detail/carla_ego_vehicle_info__type_support.cpp
[2.047s] -- Up-to-date: /home/tofstudent/sa_zhao/install/carla_msgs/include/carla_msgs/msg/detail/carla_weather_parameters__rosidl_typesupport_introspection_cpp.hpp
[2.047s] -- Up-to-date: /home/tofstudent/sa_zhao/install/carla_msgs/include/carla_msgs/msg/detail/carla_walker_control__type_support.cpp
[2.047s] -- Up-to-date: /home/tofstudent/sa_zhao/install/carla_msgs/include/carla_msgs/msg/detail/carla_traffic_light_info__rosidl_typesupport_introspection_cpp.hpp
[2.047s] -- Up-to-date: /home/tofstudent/sa_zhao/install/carla_msgs/include/carla_msgs/msg/detail/carla_ego_vehicle_info_wheel__rosidl_typesupport_introspection_cpp.hpp
[2.047s] -- Up-to-date: /home/tofstudent/sa_zhao/install/carla_msgs/include/carla_msgs/msg/detail/carla_world_info__rosidl_typesupport_introspection_cpp.hpp
[2.047s] -- Up-to-date: /home/tofstudent/sa_zhao/install/carla_msgs/include/carla_msgs/msg/detail/carla_collision_event__rosidl_typesupport_introspection_cpp.hpp
[2.048s] -- Up-to-date: /home/tofstudent/sa_zhao/install/carla_msgs/include/carla_msgs/msg/detail/carla_actor_list__rosidl_typesupport_introspection_cpp.hpp
[2.048s] -- Up-to-date: /home/tofstudent/sa_zhao/install/carla_msgs/include/carla_msgs/msg/detail/carla_walker_control__rosidl_typesupport_introspection_cpp.hpp
[2.048s] -- Up-to-date: /home/tofstudent/sa_zhao/install/carla_msgs/include/carla_msgs/msg/detail/carla_ego_vehicle_control__type_support.cpp
[2.048s] -- Up-to-date: /home/tofstudent/sa_zhao/install/carla_msgs/include/carla_msgs/msg/detail/carla_bounding_box__type_support.cpp
[2.048s] -- Up-to-date: /home/tofstudent/sa_zhao/install/carla_msgs/include/carla_msgs/msg/detail/carla_traffic_light_status_list__type_support.cpp
[2.048s] -- Up-to-date: /home/tofstudent/sa_zhao/install/carla_msgs/include/carla_msgs/msg/detail/carla_ego_vehicle_status__type_support.cpp
[2.048s] -- Up-to-date: /home/tofstudent/sa_zhao/install/carla_msgs/include/carla_msgs/msg/detail/carla_ego_vehicle_info__rosidl_typesupport_introspection_cpp.hpp
[2.048s] -- Up-to-date: /home/tofstudent/sa_zhao/install/carla_msgs/include/carla_msgs/msg/detail/carla_traffic_light_status_list__rosidl_typesupport_introspection_cpp.hpp
[2.049s] -- Up-to-date: /home/tofstudent/sa_zhao/install/carla_msgs/include/carla_msgs/msg/detail/carla_traffic_light_status__rosidl_typesupport_introspection_cpp.hpp
[2.049s] -- Up-to-date: /home/tofstudent/sa_zhao/install/carla_msgs/include/carla_msgs/msg/detail/carla_lane_invasion_event__type_support.cpp
[2.049s] -- Up-to-date: /home/tofstudent/sa_zhao/install/carla_msgs/include/carla_msgs/msg/detail/carla_traffic_light_info_list__type_support.cpp
[2.049s] -- Up-to-date: /home/tofstudent/sa_zhao/install/carla_msgs/include/carla_msgs/msg/detail/carla_world_info__type_support.cpp
[2.051s] -- Up-to-date: /home/tofstudent/sa_zhao/install/carla_msgs/lib/libcarla_msgs__rosidl_typesupport_introspection_cpp.so
[2.051s] -- Up-to-date: /home/tofstudent/sa_zhao/install/carla_msgs/lib/libcarla_msgs__rosidl_typesupport_cpp.so
[2.051s] -- Up-to-date: /home/tofstudent/sa_zhao/install/carla_msgs/share/carla_msgs/environment/pythonpath.sh
[2.051s] -- Up-to-date: /home/tofstudent/sa_zhao/install/carla_msgs/share/carla_msgs/environment/pythonpath.dsv
[2.051s] -- Up-to-date: /home/tofstudent/sa_zhao/install/carla_msgs/lib/python3.8/site-packages/carla_msgs/__init__.py
[2.055s] -- Up-to-date: /home/tofstudent/sa_zhao/install/carla_msgs/lib/python3.8/site-packages/carla_msgs/msg
[2.055s] -- Up-to-date: /home/tofstudent/sa_zhao/install/carla_msgs/lib/python3.8/site-packages/carla_msgs/msg/_carla_ego_vehicle_info_wheel.py
[2.055s] -- Up-to-date: /home/tofstudent/sa_zhao/install/carla_msgs/lib/python3.8/site-packages/carla_msgs/msg/_carla_status_s.c
[2.055s] -- Up-to-date: /home/tofstudent/sa_zhao/install/carla_msgs/lib/python3.8/site-packages/carla_msgs/msg/_carla_bounding_box_s.c
[2.055s] -- Up-to-date: /home/tofstudent/sa_zhao/install/carla_msgs/lib/python3.8/site-packages/carla_msgs/msg/_carla_traffic_light_status_s.c
[2.055s] -- Up-to-date: /home/tofstudent/sa_zhao/install/carla_msgs/lib/python3.8/site-packages/carla_msgs/msg/_carla_collision_event_s.c
[2.055s] -- Up-to-date: /home/tofstudent/sa_zhao/install/carla_msgs/lib/python3.8/site-packages/carla_msgs/msg/_carla_ego_vehicle_info.py
[2.056s] -- Up-to-date: /home/tofstudent/sa_zhao/install/carla_msgs/lib/python3.8/site-packages/carla_msgs/msg/_carla_traffic_light_status.py
[2.056s] -- Up-to-date: /home/tofstudent/sa_zhao/install/carla_msgs/lib/python3.8/site-packages/carla_msgs/msg/_carla_bounding_box.py
[2.056s] -- Up-to-date: /home/tofstudent/sa_zhao/install/carla_msgs/lib/python3.8/site-packages/carla_msgs/msg/_carla_traffic_light_status_list.py
[2.056s] -- Up-to-date: /home/tofstudent/sa_zhao/install/carla_msgs/lib/python3.8/site-packages/carla_msgs/msg/_carla_world_info_s.c
[2.056s] -- Up-to-date: /home/tofstudent/sa_zhao/install/carla_msgs/lib/python3.8/site-packages/carla_msgs/msg/_carla_ego_vehicle_info_s.c
[2.056s] -- Up-to-date: /home/tofstudent/sa_zhao/install/carla_msgs/lib/python3.8/site-packages/carla_msgs/msg/_carla_ego_vehicle_status_s.c
[2.056s] -- Up-to-date: /home/tofstudent/sa_zhao/install/carla_msgs/lib/python3.8/site-packages/carla_msgs/msg/_carla_traffic_light_info_list_s.c
[2.056s] -- Up-to-date: /home/tofstudent/sa_zhao/install/carla_msgs/lib/python3.8/site-packages/carla_msgs/msg/_carla_actor_list_s.c
[2.056s] -- Up-to-date: /home/tofstudent/sa_zhao/install/carla_msgs/lib/python3.8/site-packages/carla_msgs/msg/_carla_control_s.c
[2.057s] -- Up-to-date: /home/tofstudent/sa_zhao/install/carla_msgs/lib/python3.8/site-packages/carla_msgs/msg/_carla_ego_vehicle_status.py
[2.057s] -- Up-to-date: /home/tofstudent/sa_zhao/install/carla_msgs/lib/python3.8/site-packages/carla_msgs/msg/_carla_collision_event.py
[2.057s] -- Up-to-date: /home/tofstudent/sa_zhao/install/carla_msgs/lib/python3.8/site-packages/carla_msgs/msg/_carla_traffic_light_info.py
[2.057s] -- Up-to-date: /home/tofstudent/sa_zhao/install/carla_msgs/lib/python3.8/site-packages/carla_msgs/msg/_carla_lane_invasion_event.py
[2.057s] -- Up-to-date: /home/tofstudent/sa_zhao/install/carla_msgs/lib/python3.8/site-packages/carla_msgs/msg/_carla_weather_parameters_s.c
[2.060s] -- Up-to-date: /home/tofstudent/sa_zhao/install/carla_msgs/lib/python3.8/site-packages/carla_msgs/msg/_carla_actor_list.py
[2.061s] -- Up-to-date: /home/tofstudent/sa_zhao/install/carla_msgs/lib/python3.8/site-packages/carla_msgs/msg/_carla_weather_parameters.py
[2.061s] -- Up-to-date: /home/tofstudent/sa_zhao/install/carla_msgs/lib/python3.8/site-packages/carla_msgs/msg/_carla_traffic_light_info_s.c
[2.062s] -- Up-to-date: /home/tofstudent/sa_zhao/install/carla_msgs/lib/python3.8/site-packages/carla_msgs/msg/__init__.py
[2.062s] -- Up-to-date: /home/tofstudent/sa_zhao/install/carla_msgs/lib/python3.8/site-packages/carla_msgs/msg/_carla_control.py
[2.063s] -- Up-to-date: /home/tofstudent/sa_zhao/install/carla_msgs/lib/python3.8/site-packages/carla_msgs/msg/_carla_ego_vehicle_control.py
[2.064s] -- Up-to-date: /home/tofstudent/sa_zhao/install/carla_msgs/lib/python3.8/site-packages/carla_msgs/msg/_carla_ego_vehicle_info_wheel_s.c
[2.068s] -- Up-to-date: /home/tofstudent/sa_zhao/install/carla_msgs/lib/python3.8/site-packages/carla_msgs/msg/_carla_actor_info.py
[2.069s] -- Up-to-date: /home/tofstudent/sa_zhao/install/carla_msgs/lib/python3.8/site-packages/carla_msgs/msg/_carla_ego_vehicle_control_s.c
[2.069s] -- Up-to-date: /home/tofstudent/sa_zhao/install/carla_msgs/lib/python3.8/site-packages/carla_msgs/msg/_carla_traffic_light_info_list.py
[2.070s] -- Up-to-date: /home/tofstudent/sa_zhao/install/carla_msgs/lib/python3.8/site-packages/carla_msgs/msg/_carla_lane_invasion_event_s.c
[2.070s] -- Up-to-date: /home/tofstudent/sa_zhao/install/carla_msgs/lib/python3.8/site-packages/carla_msgs/msg/_carla_world_info.py
[2.070s] -- Up-to-date: /home/tofstudent/sa_zhao/install/carla_msgs/lib/python3.8/site-packages/carla_msgs/msg/_carla_walker_control_s.c
[2.070s] -- Up-to-date: /home/tofstudent/sa_zhao/install/carla_msgs/lib/python3.8/site-packages/carla_msgs/msg/_carla_status.py
[2.071s] -- Up-to-date: /home/tofstudent/sa_zhao/install/carla_msgs/lib/python3.8/site-packages/carla_msgs/msg/_carla_traffic_light_status_list_s.c
[2.071s] -- Up-to-date: /home/tofstudent/sa_zhao/install/carla_msgs/lib/python3.8/site-packages/carla_msgs/msg/_carla_walker_control.py
[2.071s] -- Up-to-date: /home/tofstudent/sa_zhao/install/carla_msgs/lib/python3.8/site-packages/carla_msgs/msg/_carla_actor_info_s.c
[2.072s] -- Up-to-date: /home/tofstudent/sa_zhao/install/carla_msgs/lib/python3.8/site-packages/carla_msgs/srv
[2.072s] -- Up-to-date: /home/tofstudent/sa_zhao/install/carla_msgs/lib/python3.8/site-packages/carla_msgs/srv/_get_blueprints_s.c
[2.072s] -- Up-to-date: /home/tofstudent/sa_zhao/install/carla_msgs/lib/python3.8/site-packages/carla_msgs/srv/_destroy_object_s.c
[2.072s] -- Up-to-date: /home/tofstudent/sa_zhao/install/carla_msgs/lib/python3.8/site-packages/carla_msgs/srv/_spawn_object.py
[2.072s] -- Up-to-date: /home/tofstudent/sa_zhao/install/carla_msgs/lib/python3.8/site-packages/carla_msgs/srv/__init__.py
[2.072s] -- Up-to-date: /home/tofstudent/sa_zhao/install/carla_msgs/lib/python3.8/site-packages/carla_msgs/srv/_get_blueprints.py
[2.073s] -- Up-to-date: /home/tofstudent/sa_zhao/install/carla_msgs/lib/python3.8/site-packages/carla_msgs/srv/_destroy_object.py
[2.073s] -- Up-to-date: /home/tofstudent/sa_zhao/install/carla_msgs/lib/python3.8/site-packages/carla_msgs/srv/_spawn_object_s.c
[2.073s] -- Up-to-date: /home/tofstudent/sa_zhao/install/carla_msgs/lib/python3.8/site-packages/carla_msgs/carla_msgs_s__rosidl_typesupport_fastrtps_c.cpython-38-x86_64-linux-gnu.so
[2.073s] -- Up-to-date: /home/tofstudent/sa_zhao/install/carla_msgs/lib/python3.8/site-packages/carla_msgs/carla_msgs_s__rosidl_typesupport_introspection_c.cpython-38-x86_64-linux-gnu.so
[2.073s] -- Up-to-date: /home/tofstudent/sa_zhao/install/carla_msgs/lib/python3.8/site-packages/carla_msgs/carla_msgs_s__rosidl_typesupport_c.cpython-38-x86_64-linux-gnu.so
[2.073s] -- Up-to-date: /home/tofstudent/sa_zhao/install/carla_msgs/lib/libcarla_msgs__python.so
[2.073s] -- Up-to-date: /home/tofstudent/sa_zhao/install/carla_msgs/share/carla_msgs/msg/CarlaBoundingBox.idl
[2.073s] -- Up-to-date: /home/tofstudent/sa_zhao/install/carla_msgs/share/carla_msgs/msg/CarlaEgoVehicleControl.idl
[2.074s] -- Up-to-date: /home/tofstudent/sa_zhao/install/carla_msgs/share/carla_msgs/msg/CarlaEgoVehicleStatus.idl
[2.074s] -- Up-to-date: /home/tofstudent/sa_zhao/install/carla_msgs/share/carla_msgs/msg/CarlaEgoVehicleInfoWheel.idl
[2.074s] -- Up-to-date: /home/tofstudent/sa_zhao/install/carla_msgs/share/carla_msgs/msg/CarlaEgoVehicleInfo.idl
[2.074s] -- Up-to-date: /home/tofstudent/sa_zhao/install/carla_msgs/share/carla_msgs/msg/CarlaCollisionEvent.idl
[2.074s] -- Up-to-date: /home/tofstudent/sa_zhao/install/carla_msgs/share/carla_msgs/msg/CarlaLaneInvasionEvent.idl
[2.074s] -- Up-to-date: /home/tofstudent/sa_zhao/install/carla_msgs/share/carla_msgs/msg/CarlaWorldInfo.idl
[2.074s] -- Up-to-date: /home/tofstudent/sa_zhao/install/carla_msgs/share/carla_msgs/msg/CarlaActorInfo.idl
[2.075s] -- Up-to-date: /home/tofstudent/sa_zhao/install/carla_msgs/share/carla_msgs/msg/CarlaActorList.idl
[2.075s] -- Up-to-date: /home/tofstudent/sa_zhao/install/carla_msgs/share/carla_msgs/msg/CarlaControl.idl
[2.075s] -- Up-to-date: /home/tofstudent/sa_zhao/install/carla_msgs/share/carla_msgs/msg/CarlaStatus.idl
[2.075s] -- Up-to-date: /home/tofstudent/sa_zhao/install/carla_msgs/share/carla_msgs/msg/CarlaTrafficLightInfo.idl
[2.075s] -- Up-to-date: /home/tofstudent/sa_zhao/install/carla_msgs/share/carla_msgs/msg/CarlaTrafficLightInfoList.idl
[2.075s] -- Up-to-date: /home/tofstudent/sa_zhao/install/carla_msgs/share/carla_msgs/msg/CarlaTrafficLightStatus.idl
[2.075s] -- Up-to-date: /home/tofstudent/sa_zhao/install/carla_msgs/share/carla_msgs/msg/CarlaTrafficLightStatusList.idl
[2.076s] -- Up-to-date: /home/tofstudent/sa_zhao/install/carla_msgs/share/carla_msgs/msg/CarlaWalkerControl.idl
[2.076s] -- Up-to-date: /home/tofstudent/sa_zhao/install/carla_msgs/share/carla_msgs/msg/CarlaWeatherParameters.idl
[2.076s] -- Up-to-date: /home/tofstudent/sa_zhao/install/carla_msgs/share/carla_msgs/srv/SpawnObject.idl
[2.076s] -- Up-to-date: /home/tofstudent/sa_zhao/install/carla_msgs/share/carla_msgs/srv/DestroyObject.idl
[2.076s] -- Up-to-date: /home/tofstudent/sa_zhao/install/carla_msgs/share/carla_msgs/srv/GetBlueprints.idl
[2.077s] -- Up-to-date: /home/tofstudent/sa_zhao/install/carla_msgs/share/carla_msgs/msg/CarlaBoundingBox.msg
[2.077s] -- Up-to-date: /home/tofstudent/sa_zhao/install/carla_msgs/share/carla_msgs/msg/CarlaEgoVehicleControl.msg
[2.077s] -- Up-to-date: /home/tofstudent/sa_zhao/install/carla_msgs/share/carla_msgs/msg/CarlaEgoVehicleStatus.msg
[2.078s] -- Up-to-date: /home/tofstudent/sa_zhao/install/carla_msgs/share/carla_msgs/msg/CarlaEgoVehicleInfoWheel.msg
[2.078s] -- Up-to-date: /home/tofstudent/sa_zhao/install/carla_msgs/share/carla_msgs/msg/CarlaEgoVehicleInfo.msg
[2.078s] -- Up-to-date: /home/tofstudent/sa_zhao/install/carla_msgs/share/carla_msgs/msg/CarlaCollisionEvent.msg
[2.078s] -- Up-to-date: /home/tofstudent/sa_zhao/install/carla_msgs/share/carla_msgs/msg/CarlaLaneInvasionEvent.msg
[2.079s] -- Up-to-date: /home/tofstudent/sa_zhao/install/carla_msgs/share/carla_msgs/msg/CarlaWorldInfo.msg
[2.079s] -- Up-to-date: /home/tofstudent/sa_zhao/install/carla_msgs/share/carla_msgs/msg/CarlaActorInfo.msg
[2.079s] -- Up-to-date: /home/tofstudent/sa_zhao/install/carla_msgs/share/carla_msgs/msg/CarlaActorList.msg
[2.079s] -- Up-to-date: /home/tofstudent/sa_zhao/install/carla_msgs/share/carla_msgs/msg/CarlaControl.msg
[2.079s] -- Up-to-date: /home/tofstudent/sa_zhao/install/carla_msgs/share/carla_msgs/msg/CarlaStatus.msg
[2.079s] -- Up-to-date: /home/tofstudent/sa_zhao/install/carla_msgs/share/carla_msgs/msg/CarlaTrafficLightInfo.msg
[2.080s] -- Up-to-date: /home/tofstudent/sa_zhao/install/carla_msgs/share/carla_msgs/msg/CarlaTrafficLightInfoList.msg
[2.080s] -- Up-to-date: /home/tofstudent/sa_zhao/install/carla_msgs/share/carla_msgs/msg/CarlaTrafficLightStatus.msg
[2.080s] -- Up-to-date: /home/tofstudent/sa_zhao/install/carla_msgs/share/carla_msgs/msg/CarlaTrafficLightStatusList.msg
[2.080s] -- Up-to-date: /home/tofstudent/sa_zhao/install/carla_msgs/share/carla_msgs/msg/CarlaWalkerControl.msg
[2.080s] -- Up-to-date: /home/tofstudent/sa_zhao/install/carla_msgs/share/carla_msgs/msg/CarlaWeatherParameters.msg
[2.080s] -- Up-to-date: /home/tofstudent/sa_zhao/install/carla_msgs/share/carla_msgs/srv/SpawnObject.srv
[2.081s] -- Up-to-date: /home/tofstudent/sa_zhao/install/carla_msgs/share/carla_msgs/srv/SpawnObject_Request.msg
[2.081s] -- Up-to-date: /home/tofstudent/sa_zhao/install/carla_msgs/share/carla_msgs/srv/SpawnObject_Response.msg
[2.081s] -- Up-to-date: /home/tofstudent/sa_zhao/install/carla_msgs/share/carla_msgs/srv/DestroyObject.srv
[2.081s] -- Up-to-date: /home/tofstudent/sa_zhao/install/carla_msgs/share/carla_msgs/srv/DestroyObject_Request.msg
[2.081s] -- Up-to-date: /home/tofstudent/sa_zhao/install/carla_msgs/share/carla_msgs/srv/DestroyObject_Response.msg
[2.082s] -- Up-to-date: /home/tofstudent/sa_zhao/install/carla_msgs/share/carla_msgs/srv/GetBlueprints.srv
[2.082s] -- Up-to-date: /home/tofstudent/sa_zhao/install/carla_msgs/share/carla_msgs/srv/GetBlueprints_Request.msg
[2.082s] -- Up-to-date: /home/tofstudent/sa_zhao/install/carla_msgs/share/carla_msgs/srv/GetBlueprints_Response.msg
[2.082s] -- Up-to-date: /home/tofstudent/sa_zhao/install/carla_msgs/share/ament_index/resource_index/package_run_dependencies/carla_msgs
[2.085s] -- Up-to-date: /home/tofstudent/sa_zhao/install/carla_msgs/share/ament_index/resource_index/parent_prefix_path/carla_msgs
[2.085s] -- Up-to-date: /home/tofstudent/sa_zhao/install/carla_msgs/share/carla_msgs/environment/ament_prefix_path.sh
[2.086s] -- Up-to-date: /home/tofstudent/sa_zhao/install/carla_msgs/share/carla_msgs/environment/ament_prefix_path.dsv
[2.086s] -- Up-to-date: /home/tofstudent/sa_zhao/install/carla_msgs/share/carla_msgs/environment/path.sh
[2.086s] -- Up-to-date: /home/tofstudent/sa_zhao/install/carla_msgs/share/carla_msgs/environment/path.dsv
[2.087s] -- Up-to-date: /home/tofstudent/sa_zhao/install/carla_msgs/share/carla_msgs/local_setup.bash
[2.087s] -- Up-to-date: /home/tofstudent/sa_zhao/install/carla_msgs/share/carla_msgs/local_setup.sh
[2.087s] -- Up-to-date: /home/tofstudent/sa_zhao/install/carla_msgs/share/carla_msgs/local_setup.zsh
[2.088s] -- Up-to-date: /home/tofstudent/sa_zhao/install/carla_msgs/share/carla_msgs/local_setup.dsv
[2.088s] -- Installing: /home/tofstudent/sa_zhao/install/carla_msgs/share/carla_msgs/package.dsv
[2.091s] -- Up-to-date: /home/tofstudent/sa_zhao/install/carla_msgs/share/ament_index/resource_index/packages/carla_msgs
[2.091s] -- Up-to-date: /home/tofstudent/sa_zhao/install/carla_msgs/share/carla_msgs/cmake/carla_msgs__rosidl_generator_cExport.cmake
[2.091s] -- Up-to-date: /home/tofstudent/sa_zhao/install/carla_msgs/share/carla_msgs/cmake/carla_msgs__rosidl_generator_cExport-noconfig.cmake
[2.091s] -- Up-to-date: /home/tofstudent/sa_zhao/install/carla_msgs/share/carla_msgs/cmake/carla_msgs__rosidl_typesupport_introspection_cExport.cmake
[2.092s] -- Up-to-date: /home/tofstudent/sa_zhao/install/carla_msgs/share/carla_msgs/cmake/carla_msgs__rosidl_typesupport_introspection_cExport-noconfig.cmake
[2.092s] -- Up-to-date: /home/tofstudent/sa_zhao/install/carla_msgs/share/carla_msgs/cmake/carla_msgs__rosidl_typesupport_cExport.cmake
[2.092s] -- Up-to-date: /home/tofstudent/sa_zhao/install/carla_msgs/share/carla_msgs/cmake/carla_msgs__rosidl_typesupport_cExport-noconfig.cmake
[2.093s] -- Up-to-date: /home/tofstudent/sa_zhao/install/carla_msgs/share/carla_msgs/cmake/carla_msgs__rosidl_generator_cppExport.cmake
[2.093s] -- Up-to-date: /home/tofstudent/sa_zhao/install/carla_msgs/share/carla_msgs/cmake/carla_msgs__rosidl_typesupport_introspection_cppExport.cmake
[2.093s] -- Up-to-date: /home/tofstudent/sa_zhao/install/carla_msgs/share/carla_msgs/cmake/carla_msgs__rosidl_typesupport_introspection_cppExport-noconfig.cmake
[2.093s] -- Up-to-date: /home/tofstudent/sa_zhao/install/carla_msgs/share/carla_msgs/cmake/carla_msgs__rosidl_typesupport_cppExport.cmake
[2.094s] -- Up-to-date: /home/tofstudent/sa_zhao/install/carla_msgs/share/carla_msgs/cmake/carla_msgs__rosidl_typesupport_cppExport-noconfig.cmake
[2.096s] -- Up-to-date: /home/tofstudent/sa_zhao/install/carla_msgs/share/carla_msgs/cmake/rosidl_cmake-extras.cmake
[2.097s] -- Up-to-date: /home/tofstudent/sa_zhao/install/carla_msgs/share/carla_msgs/cmake/ament_cmake_export_dependencies-extras.cmake
[2.097s] -- Up-to-date: /home/tofstudent/sa_zhao/install/carla_msgs/share/carla_msgs/cmake/ament_cmake_export_libraries-extras.cmake
[2.098s] -- Up-to-date: /home/tofstudent/sa_zhao/install/carla_msgs/share/carla_msgs/cmake/ament_cmake_export_targets-extras.cmake
[2.098s] -- Up-to-date: /home/tofstudent/sa_zhao/install/carla_msgs/share/carla_msgs/cmake/ament_cmake_export_include_directories-extras.cmake
[2.098s] -- Up-to-date: /home/tofstudent/sa_zhao/install/carla_msgs/share/carla_msgs/cmake/rosidl_cmake_export_typesupport_libraries-extras.cmake
[2.098s] -- Up-to-date: /home/tofstudent/sa_zhao/install/carla_msgs/share/carla_msgs/cmake/rosidl_cmake_export_typesupport_targets-extras.cmake
[2.099s] -- Up-to-date: /home/tofstudent/sa_zhao/install/carla_msgs/share/carla_msgs/cmake/carla_msgsConfig.cmake
[2.099s] -- Up-to-date: /home/tofstudent/sa_zhao/install/carla_msgs/share/carla_msgs/cmake/carla_msgsConfig-version.cmake
[2.099s] -- Up-to-date: /home/tofstudent/sa_zhao/install/carla_msgs/share/carla_msgs/package.xml
[2.102s] Invoked command in '/home/tofstudent/sa_zhao/build/carla_msgs' returned '0': CMAKE_PREFIX_PATH=/opt/ros/foxy /usr/bin/cmake --install /home/tofstudent/sa_zhao/build/carla_msgs
