[0.036s] Invoking command in '/home/tofstudent/sa_zhao/build/pure_pursuit': AMENT_PREFIX_PATH=/home/tofstudent/sa_zhao/install/vehicle_info_util:/home/tofstudent/sa_zhao/install/autoware_cmake:/home/tofstudent/sa_zhao/install/autoware_auto_vehicle_msgs:/home/tofstudent/sa_zhao/install/autoware_auto_planning_msgs:/home/tofstudent/sa_zhao/install/autoware_auto_control_msgs:${AMENT_PREFIX_PATH} CMAKE_PREFIX_PATH=/home/tofstudent/sa_zhao/install/vehicle_info_util:/home/tofstudent/sa_zhao/install/autoware_cmake:/home/tofstudent/sa_zhao/install/autoware_auto_vehicle_msgs:/home/tofstudent/sa_zhao/install/autoware_auto_planning_msgs:/home/tofstudent/sa_zhao/install/autoware_auto_control_msgs:/opt/ros/foxy LD_LIBRARY_PATH=/home/tofstudent/sa_zhao/install/vehicle_info_util/lib:/home/tofstudent/sa_zhao/install/autoware_auto_vehicle_msgs/lib:/home/tofstudent/sa_zhao/install/autoware_auto_planning_msgs/lib:/home/tofstudent/sa_zhao/install/autoware_auto_control_msgs/lib:${LD_LIBRARY_PATH} PYTHONPATH=/home/tofstudent/sa_zhao/install/autoware_auto_vehicle_msgs/lib/python3.8/site-packages:/home/tofstudent/sa_zhao/install/autoware_auto_planning_msgs/lib/python3.8/site-packages:/home/tofstudent/sa_zhao/install/autoware_auto_control_msgs/lib/python3.8/site-packages:${PYTHONPATH} /usr/bin/cmake --build /home/tofstudent/sa_zhao/build/pure_pursuit -- -j8 -l8
[0.124s] [ 22%] Built target pure_pursuit_node_exe
[0.139s] [ 66%] Built target pure_pursuit_core
[0.201s] [100%] Built target pure_pursuit_node
[0.225s] Invoked command in '/home/tofstudent/sa_zhao/build/pure_pursuit' returned '0': AMENT_PREFIX_PATH=/home/tofstudent/sa_zhao/install/vehicle_info_util:/home/tofstudent/sa_zhao/install/autoware_cmake:/home/tofstudent/sa_zhao/install/autoware_auto_vehicle_msgs:/home/tofstudent/sa_zhao/install/autoware_auto_planning_msgs:/home/tofstudent/sa_zhao/install/autoware_auto_control_msgs:${AMENT_PREFIX_PATH} CMAKE_PREFIX_PATH=/home/tofstudent/sa_zhao/install/vehicle_info_util:/home/tofstudent/sa_zhao/install/autoware_cmake:/home/tofstudent/sa_zhao/install/autoware_auto_vehicle_msgs:/home/tofstudent/sa_zhao/install/autoware_auto_planning_msgs:/home/tofstudent/sa_zhao/install/autoware_auto_control_msgs:/opt/ros/foxy LD_LIBRARY_PATH=/home/tofstudent/sa_zhao/install/vehicle_info_util/lib:/home/tofstudent/sa_zhao/install/autoware_auto_vehicle_msgs/lib:/home/tofstudent/sa_zhao/install/autoware_auto_planning_msgs/lib:/home/tofstudent/sa_zhao/install/autoware_auto_control_msgs/lib:${LD_LIBRARY_PATH} PYTHONPATH=/home/tofstudent/sa_zhao/install/autoware_auto_vehicle_msgs/lib/python3.8/site-packages:/home/tofstudent/sa_zhao/install/autoware_auto_planning_msgs/lib/python3.8/site-packages:/home/tofstudent/sa_zhao/install/autoware_auto_control_msgs/lib/python3.8/site-packages:${PYTHONPATH} /usr/bin/cmake --build /home/tofstudent/sa_zhao/build/pure_pursuit -- -j8 -l8
[0.292s] Invoking command in '/home/tofstudent/sa_zhao/build/pure_pursuit': AMENT_PREFIX_PATH=/home/tofstudent/sa_zhao/install/vehicle_info_util:/home/tofstudent/sa_zhao/install/autoware_cmake:/home/tofstudent/sa_zhao/install/autoware_auto_vehicle_msgs:/home/tofstudent/sa_zhao/install/autoware_auto_planning_msgs:/home/tofstudent/sa_zhao/install/autoware_auto_control_msgs:${AMENT_PREFIX_PATH} CMAKE_PREFIX_PATH=/home/tofstudent/sa_zhao/install/vehicle_info_util:/home/tofstudent/sa_zhao/install/autoware_cmake:/home/tofstudent/sa_zhao/install/autoware_auto_vehicle_msgs:/home/tofstudent/sa_zhao/install/autoware_auto_planning_msgs:/home/tofstudent/sa_zhao/install/autoware_auto_control_msgs:/opt/ros/foxy LD_LIBRARY_PATH=/home/tofstudent/sa_zhao/install/vehicle_info_util/lib:/home/tofstudent/sa_zhao/install/autoware_auto_vehicle_msgs/lib:/home/tofstudent/sa_zhao/install/autoware_auto_planning_msgs/lib:/home/tofstudent/sa_zhao/install/autoware_auto_control_msgs/lib:${LD_LIBRARY_PATH} PYTHONPATH=/home/tofstudent/sa_zhao/install/autoware_auto_vehicle_msgs/lib/python3.8/site-packages:/home/tofstudent/sa_zhao/install/autoware_auto_planning_msgs/lib/python3.8/site-packages:/home/tofstudent/sa_zhao/install/autoware_auto_control_msgs/lib/python3.8/site-packages:${PYTHONPATH} /usr/bin/cmake --install /home/tofstudent/sa_zhao/build/pure_pursuit
[0.618s] -- Install configuration: ""
[0.620s] -- Installing: /home/tofstudent/sa_zhao/install/pure_pursuit/lib/pure_pursuit/pure_pursuit_node_exe
[0.621s] -- Set runtime path of "/home/tofstudent/sa_zhao/install/pure_pursuit/lib/pure_pursuit/pure_pursuit_node_exe" to ""
[0.621s] -- Installing: /home/tofstudent/sa_zhao/install/pure_pursuit/include
[0.624s] -- Installing: /home/tofstudent/sa_zhao/install/pure_pursuit/include/trajectory_follower
[0.624s] -- Installing: /home/tofstudent/sa_zhao/install/pure_pursuit/include/trajectory_follower/sync_data.hpp
[0.625s] -- Installing: /home/tofstudent/sa_zhao/install/pure_pursuit/include/trajectory_follower/lateral_controller_base.hpp
[0.625s] -- Installing: /home/tofstudent/sa_zhao/install/pure_pursuit/include/trajectory_follower/input_data.hpp
[0.631s] -- Installing: /home/tofstudent/sa_zhao/install/pure_pursuit/include/pure_pursuit
[0.631s] -- Installing: /home/tofstudent/sa_zhao/install/pure_pursuit/include/pure_pursuit/pure_pursuit.hpp
[0.631s] -- Installing: /home/tofstudent/sa_zhao/install/pure_pursuit/include/pure_pursuit/pure_pursuit_lateral_controller.hpp
[0.632s] -- Installing: /home/tofstudent/sa_zhao/install/pure_pursuit/include/pure_pursuit/pure_pursuit_node.hpp
[0.632s] -- Installing: /home/tofstudent/sa_zhao/install/pure_pursuit/include/pure_pursuit/pure_pursuit_viz.hpp
[0.632s] -- Installing: /home/tofstudent/sa_zhao/install/pure_pursuit/include/pure_pursuit/util
[0.632s] -- Installing: /home/tofstudent/sa_zhao/install/pure_pursuit/include/pure_pursuit/util/marker_helper.hpp
[0.632s] -- Installing: /home/tofstudent/sa_zhao/install/pure_pursuit/include/pure_pursuit/util/planning_utils.hpp
[0.633s] -- Installing: /home/tofstudent/sa_zhao/install/pure_pursuit/include/pure_pursuit/util/interpolate.hpp
[0.633s] -- Installing: /home/tofstudent/sa_zhao/install/pure_pursuit/include/pure_pursuit/util/tf_utils.hpp
[0.633s] -- Installing: /home/tofstudent/sa_zhao/install/pure_pursuit/include/tier4_autoware_utils
[0.633s] -- Installing: /home/tofstudent/sa_zhao/install/pure_pursuit/include/tier4_autoware_utils/ros
[0.634s] -- Installing: /home/tofstudent/sa_zhao/install/pure_pursuit/include/tier4_autoware_utils/ros/self_pose_listener.hpp
[0.634s] -- Installing: /home/tofstudent/sa_zhao/install/pure_pursuit/include/tier4_autoware_utils/ros/transform_listener.hpp
[0.634s] -- Installing: /home/tofstudent/sa_zhao/install/pure_pursuit/include/tier4_autoware_utils/geometry
[0.634s] -- Installing: /home/tofstudent/sa_zhao/install/pure_pursuit/include/tier4_autoware_utils/geometry/geometry.hpp
[0.634s] -- Installing: /home/tofstudent/sa_zhao/install/pure_pursuit/include/tier4_autoware_utils/geometry/boost_geometry.hpp
[0.634s] -- Installing: /home/tofstudent/sa_zhao/install/pure_pursuit/share/pure_pursuit/environment/library_path.sh
[0.635s] -- Installing: /home/tofstudent/sa_zhao/install/pure_pursuit/share/pure_pursuit/environment/library_path.dsv
[0.635s] -- Installing: /home/tofstudent/sa_zhao/install/pure_pursuit/lib/libpure_pursuit_core.so
[0.635s] -- Set runtime path of "/home/tofstudent/sa_zhao/install/pure_pursuit/lib/libpure_pursuit_core.so" to ""
[0.635s] -- Installing: /home/tofstudent/sa_zhao/install/pure_pursuit/lib/libpure_pursuit_node.so
[0.635s] -- Set runtime path of "/home/tofstudent/sa_zhao/install/pure_pursuit/lib/libpure_pursuit_node.so" to ""
[0.635s] -- Installing: /home/tofstudent/sa_zhao/install/pure_pursuit/share/pure_pursuit/launch
[0.636s] -- Installing: /home/tofstudent/sa_zhao/install/pure_pursuit/share/pure_pursuit/launch/pure_pursuit.launch.xml
[0.636s] -- Installing: /home/tofstudent/sa_zhao/install/pure_pursuit/share/pure_pursuit/config
[0.636s] -- Installing: /home/tofstudent/sa_zhao/install/pure_pursuit/share/pure_pursuit/config/pure_pursuit.param.yaml
[0.636s] -- Installing: /home/tofstudent/sa_zhao/install/pure_pursuit/share/ament_index/resource_index/package_run_dependencies/pure_pursuit
[0.636s] -- Installing: /home/tofstudent/sa_zhao/install/pure_pursuit/share/ament_index/resource_index/parent_prefix_path/pure_pursuit
[0.636s] -- Installing: /home/tofstudent/sa_zhao/install/pure_pursuit/share/pure_pursuit/environment/ament_prefix_path.sh
[0.637s] -- Installing: /home/tofstudent/sa_zhao/install/pure_pursuit/share/pure_pursuit/environment/ament_prefix_path.dsv
[0.637s] -- Installing: /home/tofstudent/sa_zhao/install/pure_pursuit/share/pure_pursuit/environment/path.sh
[0.637s] -- Installing: /home/tofstudent/sa_zhao/install/pure_pursuit/share/pure_pursuit/environment/path.dsv
[0.637s] -- Installing: /home/tofstudent/sa_zhao/install/pure_pursuit/share/pure_pursuit/local_setup.bash
[0.637s] -- Installing: /home/tofstudent/sa_zhao/install/pure_pursuit/share/pure_pursuit/local_setup.sh
[0.640s] -- Installing: /home/tofstudent/sa_zhao/install/pure_pursuit/share/pure_pursuit/local_setup.zsh
[0.641s] -- Installing: /home/tofstudent/sa_zhao/install/pure_pursuit/share/pure_pursuit/local_setup.dsv
[0.641s] -- Installing: /home/tofstudent/sa_zhao/install/pure_pursuit/share/pure_pursuit/package.dsv
[0.641s] -- Installing: /home/tofstudent/sa_zhao/install/pure_pursuit/share/ament_index/resource_index/packages/pure_pursuit
[0.642s] -- Installing: /home/tofstudent/sa_zhao/install/pure_pursuit/share/ament_index/resource_index/rclcpp_components/pure_pursuit
[0.642s] -- Installing: /home/tofstudent/sa_zhao/install/pure_pursuit/share/pure_pursuit/cmake/ament_cmake_export_dependencies-extras.cmake
[0.642s] -- Installing: /home/tofstudent/sa_zhao/install/pure_pursuit/share/pure_pursuit/cmake/ament_cmake_export_include_directories-extras.cmake
[0.643s] -- Installing: /home/tofstudent/sa_zhao/install/pure_pursuit/share/pure_pursuit/cmake/ament_cmake_export_libraries-extras.cmake
[0.643s] -- Installing: /home/tofstudent/sa_zhao/install/pure_pursuit/share/pure_pursuit/cmake/pure_pursuitConfig.cmake
[0.644s] -- Installing: /home/tofstudent/sa_zhao/install/pure_pursuit/share/pure_pursuit/cmake/pure_pursuitConfig-version.cmake
[0.644s] -- Installing: /home/tofstudent/sa_zhao/install/pure_pursuit/share/pure_pursuit/package.xml
[0.648s] Invoked command in '/home/tofstudent/sa_zhao/build/pure_pursuit' returned '0': AMENT_PREFIX_PATH=/home/tofstudent/sa_zhao/install/vehicle_info_util:/home/tofstudent/sa_zhao/install/autoware_cmake:/home/tofstudent/sa_zhao/install/autoware_auto_vehicle_msgs:/home/tofstudent/sa_zhao/install/autoware_auto_planning_msgs:/home/tofstudent/sa_zhao/install/autoware_auto_control_msgs:${AMENT_PREFIX_PATH} CMAKE_PREFIX_PATH=/home/tofstudent/sa_zhao/install/vehicle_info_util:/home/tofstudent/sa_zhao/install/autoware_cmake:/home/tofstudent/sa_zhao/install/autoware_auto_vehicle_msgs:/home/tofstudent/sa_zhao/install/autoware_auto_planning_msgs:/home/tofstudent/sa_zhao/install/autoware_auto_control_msgs:/opt/ros/foxy LD_LIBRARY_PATH=/home/tofstudent/sa_zhao/install/vehicle_info_util/lib:/home/tofstudent/sa_zhao/install/autoware_auto_vehicle_msgs/lib:/home/tofstudent/sa_zhao/install/autoware_auto_planning_msgs/lib:/home/tofstudent/sa_zhao/install/autoware_auto_control_msgs/lib:${LD_LIBRARY_PATH} PYTHONPATH=/home/tofstudent/sa_zhao/install/autoware_auto_vehicle_msgs/lib/python3.8/site-packages:/home/tofstudent/sa_zhao/install/autoware_auto_planning_msgs/lib/python3.8/site-packages:/home/tofstudent/sa_zhao/install/autoware_auto_control_msgs/lib/python3.8/site-packages:${PYTHONPATH} /usr/bin/cmake --install /home/tofstudent/sa_zhao/build/pure_pursuit
