[0.308s] Invoking command in '/home/tofstudent/sa_zhao/build/tod_msgs': CMAKE_PREFIX_PATH=/opt/ros/foxy /usr/bin/cmake --build /home/tofstudent/sa_zhao/build/tod_msgs -- -j8 -l8
[0.407s] [  0%] Built target tod_msgs__cpp
[0.416s] [ 12%] Built target tod_msgs__rosidl_generator_c
[0.482s] [ 24%] Built target tod_msgs__rosidl_typesupport_introspection_cpp
[0.534s] [ 36%] Built target tod_msgs__rosidl_typesupport_fastrtps_cpp
[0.547s] [ 48%] Built target tod_msgs__rosidl_typesupport_c
[0.551s] [ 60%] Built target tod_msgs__rosidl_typesupport_cpp
[0.566s] [ 72%] Built target tod_msgs__rosidl_typesupport_introspection_c
[0.598s] [ 84%] Built target tod_msgs__rosidl_typesupport_fastrtps_c
[0.623s] [ 84%] Built target tod_msgs
[0.649s] [ 85%] Built target tod_msgs__py
[0.701s] [ 96%] Built target tod_msgs__python
[0.741s] [ 98%] Built target tod_msgs__rosidl_typesupport_introspection_c__pyext
[0.748s] [ 99%] Built target tod_msgs__rosidl_typesupport_c__pyext
[0.757s] [100%] Built target tod_msgs__rosidl_typesupport_fastrtps_c__pyext
[0.782s] Invoked command in '/home/tofstudent/sa_zhao/build/tod_msgs' returned '0': CMAKE_PREFIX_PATH=/opt/ros/foxy /usr/bin/cmake --build /home/tofstudent/sa_zhao/build/tod_msgs -- -j8 -l8
[1.215s] Invoking command in '/home/tofstudent/sa_zhao/build/tod_msgs': CMAKE_PREFIX_PATH=/opt/ros/foxy /usr/bin/cmake --install /home/tofstudent/sa_zhao/build/tod_msgs
[1.249s] -- Install configuration: ""
[1.249s] -- Up-to-date: /home/tofstudent/sa_zhao/install/tod_msgs/share/ament_index/resource_index/rosidl_interfaces/tod_msgs
[1.249s] -- Up-to-date: /home/tofstudent/sa_zhao/install/tod_msgs/include/tod_msgs
[1.249s] -- Up-to-date: /home/tofstudent/sa_zhao/install/tod_msgs/include/tod_msgs/srv
[1.249s] -- Up-to-date: /home/tofstudent/sa_zhao/install/tod_msgs/include/tod_msgs/srv/input_device.h
[1.249s] -- Up-to-date: /home/tofstudent/sa_zhao/install/tod_msgs/include/tod_msgs/srv/detail
[1.249s] -- Up-to-date: /home/tofstudent/sa_zhao/install/tod_msgs/include/tod_msgs/srv/detail/input_device__functions.h
[1.249s] -- Up-to-date: /home/tofstudent/sa_zhao/install/tod_msgs/include/tod_msgs/srv/detail/input_device__struct.h
[1.250s] -- Up-to-date: /home/tofstudent/sa_zhao/install/tod_msgs/include/tod_msgs/srv/detail/input_device__functions.c
[1.250s] -- Up-to-date: /home/tofstudent/sa_zhao/install/tod_msgs/include/tod_msgs/srv/detail/input_device__type_support.h
[1.250s] -- Up-to-date: /home/tofstudent/sa_zhao/install/tod_msgs/include/tod_msgs/msg
[1.250s] -- Up-to-date: /home/tofstudent/sa_zhao/install/tod_msgs/include/tod_msgs/msg/object_list.h
[1.250s] -- Up-to-date: /home/tofstudent/sa_zhao/install/tod_msgs/include/tod_msgs/msg/vehicle_data.h
[1.250s] -- Up-to-date: /home/tofstudent/sa_zhao/install/tod_msgs/include/tod_msgs/msg/detail
[1.250s] -- Up-to-date: /home/tofstudent/sa_zhao/install/tod_msgs/include/tod_msgs/msg/detail/key_press__functions.c
[1.250s] -- Up-to-date: /home/tofstudent/sa_zhao/install/tod_msgs/include/tod_msgs/msg/detail/primary_control_cmd__struct.h
[1.250s] -- Up-to-date: /home/tofstudent/sa_zhao/install/tod_msgs/include/tod_msgs/msg/detail/colored_polygon__struct.h
[1.250s] -- Up-to-date: /home/tofstudent/sa_zhao/install/tod_msgs/include/tod_msgs/msg/detail/vehicle_data__functions.c
[1.250s] -- Up-to-date: /home/tofstudent/sa_zhao/install/tod_msgs/include/tod_msgs/msg/detail/secondary_control_cmd__type_support.h
[1.250s] -- Up-to-date: /home/tofstudent/sa_zhao/install/tod_msgs/include/tod_msgs/msg/detail/colored_point__functions.c
[1.251s] -- Up-to-date: /home/tofstudent/sa_zhao/install/tod_msgs/include/tod_msgs/msg/detail/status__functions.h
[1.251s] -- Up-to-date: /home/tofstudent/sa_zhao/install/tod_msgs/include/tod_msgs/msg/detail/safety_driver_status__functions.h
[1.251s] -- Up-to-date: /home/tofstudent/sa_zhao/install/tod_msgs/include/tod_msgs/msg/detail/colored_polygon__type_support.h
[1.251s] -- Up-to-date: /home/tofstudent/sa_zhao/install/tod_msgs/include/tod_msgs/msg/detail/safety_driver_status__functions.c
[1.251s] -- Up-to-date: /home/tofstudent/sa_zhao/install/tod_msgs/include/tod_msgs/msg/detail/colored_point__type_support.h
[1.251s] -- Up-to-date: /home/tofstudent/sa_zhao/install/tod_msgs/include/tod_msgs/msg/detail/video_info__functions.c
[1.251s] -- Up-to-date: /home/tofstudent/sa_zhao/install/tod_msgs/include/tod_msgs/msg/detail/object_data__functions.h
[1.251s] -- Up-to-date: /home/tofstudent/sa_zhao/install/tod_msgs/include/tod_msgs/msg/detail/colored_point__functions.h
[1.251s] -- Up-to-date: /home/tofstudent/sa_zhao/install/tod_msgs/include/tod_msgs/msg/detail/key_press__functions.h
[1.251s] -- Up-to-date: /home/tofstudent/sa_zhao/install/tod_msgs/include/tod_msgs/msg/detail/colored_polygon__functions.h
[1.251s] -- Up-to-date: /home/tofstudent/sa_zhao/install/tod_msgs/include/tod_msgs/msg/detail/key_press__type_support.h
[1.251s] -- Up-to-date: /home/tofstudent/sa_zhao/install/tod_msgs/include/tod_msgs/msg/detail/colored_polygon__functions.c
[1.251s] -- Up-to-date: /home/tofstudent/sa_zhao/install/tod_msgs/include/tod_msgs/msg/detail/status__functions.c
[1.252s] -- Up-to-date: /home/tofstudent/sa_zhao/install/tod_msgs/include/tod_msgs/msg/detail/video_info__functions.h
[1.252s] -- Up-to-date: /home/tofstudent/sa_zhao/install/tod_msgs/include/tod_msgs/msg/detail/object_list__functions.c
[1.252s] -- Up-to-date: /home/tofstudent/sa_zhao/install/tod_msgs/include/tod_msgs/msg/detail/safety_driver_status__struct.h
[1.252s] -- Up-to-date: /home/tofstudent/sa_zhao/install/tod_msgs/include/tod_msgs/msg/detail/vehicle_data__functions.h
[1.252s] -- Up-to-date: /home/tofstudent/sa_zhao/install/tod_msgs/include/tod_msgs/msg/detail/object_data__struct.h
[1.252s] -- Up-to-date: /home/tofstudent/sa_zhao/install/tod_msgs/include/tod_msgs/msg/detail/vehicle_data__struct.h
[1.252s] -- Up-to-date: /home/tofstudent/sa_zhao/install/tod_msgs/include/tod_msgs/msg/detail/safety_driver_status__type_support.h
[1.252s] -- Up-to-date: /home/tofstudent/sa_zhao/install/tod_msgs/include/tod_msgs/msg/detail/object_list__functions.h
[1.252s] -- Up-to-date: /home/tofstudent/sa_zhao/install/tod_msgs/include/tod_msgs/msg/detail/object_data__type_support.h
[1.252s] -- Up-to-date: /home/tofstudent/sa_zhao/install/tod_msgs/include/tod_msgs/msg/detail/key_press__struct.h
[1.252s] -- Up-to-date: /home/tofstudent/sa_zhao/install/tod_msgs/include/tod_msgs/msg/detail/colored_point__struct.h
[1.253s] -- Up-to-date: /home/tofstudent/sa_zhao/install/tod_msgs/include/tod_msgs/msg/detail/object_list__type_support.h
[1.253s] -- Up-to-date: /home/tofstudent/sa_zhao/install/tod_msgs/include/tod_msgs/msg/detail/video_info__type_support.h
[1.253s] -- Up-to-date: /home/tofstudent/sa_zhao/install/tod_msgs/include/tod_msgs/msg/detail/status__struct.h
[1.253s] -- Up-to-date: /home/tofstudent/sa_zhao/install/tod_msgs/include/tod_msgs/msg/detail/vehicle_data__type_support.h
[1.253s] -- Up-to-date: /home/tofstudent/sa_zhao/install/tod_msgs/include/tod_msgs/msg/detail/paket_info__functions.h
[1.253s] -- Up-to-date: /home/tofstudent/sa_zhao/install/tod_msgs/include/tod_msgs/msg/detail/primary_control_cmd__functions.c
[1.253s] -- Up-to-date: /home/tofstudent/sa_zhao/install/tod_msgs/include/tod_msgs/msg/detail/primary_control_cmd__functions.h
[1.253s] -- Up-to-date: /home/tofstudent/sa_zhao/install/tod_msgs/include/tod_msgs/msg/detail/paket_info__type_support.h
[1.253s] -- Up-to-date: /home/tofstudent/sa_zhao/install/tod_msgs/include/tod_msgs/msg/detail/object_list__struct.h
[1.253s] -- Up-to-date: /home/tofstudent/sa_zhao/install/tod_msgs/include/tod_msgs/msg/detail/paket_info__struct.h
[1.253s] -- Up-to-date: /home/tofstudent/sa_zhao/install/tod_msgs/include/tod_msgs/msg/detail/secondary_control_cmd__functions.c
[1.254s] -- Up-to-date: /home/tofstudent/sa_zhao/install/tod_msgs/include/tod_msgs/msg/detail/paket_info__functions.c
[1.254s] -- Up-to-date: /home/tofstudent/sa_zhao/install/tod_msgs/include/tod_msgs/msg/detail/video_info__struct.h
[1.254s] -- Up-to-date: /home/tofstudent/sa_zhao/install/tod_msgs/include/tod_msgs/msg/detail/primary_control_cmd__type_support.h
[1.254s] -- Up-to-date: /home/tofstudent/sa_zhao/install/tod_msgs/include/tod_msgs/msg/detail/status__type_support.h
[1.254s] -- Up-to-date: /home/tofstudent/sa_zhao/install/tod_msgs/include/tod_msgs/msg/detail/secondary_control_cmd__struct.h
[1.254s] -- Up-to-date: /home/tofstudent/sa_zhao/install/tod_msgs/include/tod_msgs/msg/detail/secondary_control_cmd__functions.h
[1.254s] -- Up-to-date: /home/tofstudent/sa_zhao/install/tod_msgs/include/tod_msgs/msg/detail/object_data__functions.c
[1.254s] -- Up-to-date: /home/tofstudent/sa_zhao/install/tod_msgs/include/tod_msgs/msg/rosidl_generator_c__visibility_control.h
[1.254s] -- Up-to-date: /home/tofstudent/sa_zhao/install/tod_msgs/include/tod_msgs/msg/primary_control_cmd.h
[1.254s] -- Up-to-date: /home/tofstudent/sa_zhao/install/tod_msgs/include/tod_msgs/msg/safety_driver_status.h
[1.254s] -- Up-to-date: /home/tofstudent/sa_zhao/install/tod_msgs/include/tod_msgs/msg/secondary_control_cmd.h
[1.254s] -- Up-to-date: /home/tofstudent/sa_zhao/install/tod_msgs/include/tod_msgs/msg/colored_point.h
[1.255s] -- Up-to-date: /home/tofstudent/sa_zhao/install/tod_msgs/include/tod_msgs/msg/paket_info.h
[1.255s] -- Up-to-date: /home/tofstudent/sa_zhao/install/tod_msgs/include/tod_msgs/msg/status.h
[1.255s] -- Up-to-date: /home/tofstudent/sa_zhao/install/tod_msgs/include/tod_msgs/msg/colored_polygon.h
[1.255s] -- Up-to-date: /home/tofstudent/sa_zhao/install/tod_msgs/include/tod_msgs/msg/key_press.h
[1.255s] -- Up-to-date: /home/tofstudent/sa_zhao/install/tod_msgs/include/tod_msgs/msg/video_info.h
[1.255s] -- Up-to-date: /home/tofstudent/sa_zhao/install/tod_msgs/include/tod_msgs/msg/object_data.h
[1.255s] -- Up-to-date: /home/tofstudent/sa_zhao/install/tod_msgs/share/tod_msgs/environment/library_path.sh
[1.255s] -- Up-to-date: /home/tofstudent/sa_zhao/install/tod_msgs/share/tod_msgs/environment/library_path.dsv
[1.255s] -- Up-to-date: /home/tofstudent/sa_zhao/install/tod_msgs/lib/libtod_msgs__rosidl_generator_c.so
[1.255s] -- Up-to-date: /home/tofstudent/sa_zhao/install/tod_msgs/include/tod_msgs
[1.255s] -- Up-to-date: /home/tofstudent/sa_zhao/install/tod_msgs/include/tod_msgs/srv
[1.255s] -- Up-to-date: /home/tofstudent/sa_zhao/install/tod_msgs/include/tod_msgs/srv/detail
[1.256s] -- Up-to-date: /home/tofstudent/sa_zhao/install/tod_msgs/include/tod_msgs/srv/detail/input_device__rosidl_typesupport_fastrtps_c.h
[1.256s] -- Up-to-date: /home/tofstudent/sa_zhao/install/tod_msgs/include/tod_msgs/msg
[1.256s] -- Up-to-date: /home/tofstudent/sa_zhao/install/tod_msgs/include/tod_msgs/msg/rosidl_typesupport_fastrtps_c__visibility_control.h
[1.256s] -- Up-to-date: /home/tofstudent/sa_zhao/install/tod_msgs/include/tod_msgs/msg/detail
[1.262s] -- Up-to-date: /home/tofstudent/sa_zhao/install/tod_msgs/include/tod_msgs/msg/detail/paket_info__rosidl_typesupport_fastrtps_c.h
[1.263s] -- Up-to-date: /home/tofstudent/sa_zhao/install/tod_msgs/include/tod_msgs/msg/detail/primary_control_cmd__rosidl_typesupport_fastrtps_c.h
[1.264s] -- Up-to-date: /home/tofstudent/sa_zhao/install/tod_msgs/include/tod_msgs/msg/detail/status__rosidl_typesupport_fastrtps_c.h
[1.268s] -- Up-to-date: /home/tofstudent/sa_zhao/install/tod_msgs/include/tod_msgs/msg/detail/safety_driver_status__rosidl_typesupport_fastrtps_c.h
[1.269s] -- Up-to-date: /home/tofstudent/sa_zhao/install/tod_msgs/include/tod_msgs/msg/detail/secondary_control_cmd__rosidl_typesupport_fastrtps_c.h
[1.269s] -- Up-to-date: /home/tofstudent/sa_zhao/install/tod_msgs/include/tod_msgs/msg/detail/video_info__rosidl_typesupport_fastrtps_c.h
[1.269s] -- Up-to-date: /home/tofstudent/sa_zhao/install/tod_msgs/include/tod_msgs/msg/detail/colored_point__rosidl_typesupport_fastrtps_c.h
[1.269s] -- Up-to-date: /home/tofstudent/sa_zhao/install/tod_msgs/include/tod_msgs/msg/detail/colored_polygon__rosidl_typesupport_fastrtps_c.h
[1.269s] -- Up-to-date: /home/tofstudent/sa_zhao/install/tod_msgs/include/tod_msgs/msg/detail/object_data__rosidl_typesupport_fastrtps_c.h
[1.270s] -- Up-to-date: /home/tofstudent/sa_zhao/install/tod_msgs/include/tod_msgs/msg/detail/object_list__rosidl_typesupport_fastrtps_c.h
[1.270s] -- Up-to-date: /home/tofstudent/sa_zhao/install/tod_msgs/include/tod_msgs/msg/detail/vehicle_data__rosidl_typesupport_fastrtps_c.h
[1.270s] -- Up-to-date: /home/tofstudent/sa_zhao/install/tod_msgs/include/tod_msgs/msg/detail/key_press__rosidl_typesupport_fastrtps_c.h
[1.271s] -- Up-to-date: /home/tofstudent/sa_zhao/install/tod_msgs/lib/libtod_msgs__rosidl_typesupport_fastrtps_c.so
[1.271s] -- Up-to-date: /home/tofstudent/sa_zhao/install/tod_msgs/include/tod_msgs
[1.271s] -- Up-to-date: /home/tofstudent/sa_zhao/install/tod_msgs/include/tod_msgs/srv
[1.272s] -- Up-to-date: /home/tofstudent/sa_zhao/install/tod_msgs/include/tod_msgs/srv/detail
[1.272s] -- Up-to-date: /home/tofstudent/sa_zhao/install/tod_msgs/include/tod_msgs/srv/detail/dds_fastrtps
[1.275s] -- Up-to-date: /home/tofstudent/sa_zhao/install/tod_msgs/include/tod_msgs/srv/detail/input_device__rosidl_typesupport_fastrtps_cpp.hpp
[1.275s] -- Up-to-date: /home/tofstudent/sa_zhao/install/tod_msgs/include/tod_msgs/msg
[1.276s] -- Up-to-date: /home/tofstudent/sa_zhao/install/tod_msgs/include/tod_msgs/msg/rosidl_typesupport_fastrtps_cpp__visibility_control.h
[1.276s] -- Up-to-date: /home/tofstudent/sa_zhao/install/tod_msgs/include/tod_msgs/msg/detail
[1.277s] -- Up-to-date: /home/tofstudent/sa_zhao/install/tod_msgs/include/tod_msgs/msg/detail/object_list__rosidl_typesupport_fastrtps_cpp.hpp
[1.280s] -- Up-to-date: /home/tofstudent/sa_zhao/install/tod_msgs/include/tod_msgs/msg/detail/vehicle_data__rosidl_typesupport_fastrtps_cpp.hpp
[1.281s] -- Up-to-date: /home/tofstudent/sa_zhao/install/tod_msgs/include/tod_msgs/msg/detail/video_info__rosidl_typesupport_fastrtps_cpp.hpp
[1.282s] -- Up-to-date: /home/tofstudent/sa_zhao/install/tod_msgs/include/tod_msgs/msg/detail/status__rosidl_typesupport_fastrtps_cpp.hpp
[1.282s] -- Up-to-date: /home/tofstudent/sa_zhao/install/tod_msgs/include/tod_msgs/msg/detail/colored_polygon__rosidl_typesupport_fastrtps_cpp.hpp
[1.282s] -- Up-to-date: /home/tofstudent/sa_zhao/install/tod_msgs/include/tod_msgs/msg/detail/paket_info__rosidl_typesupport_fastrtps_cpp.hpp
[1.283s] -- Up-to-date: /home/tofstudent/sa_zhao/install/tod_msgs/include/tod_msgs/msg/detail/primary_control_cmd__rosidl_typesupport_fastrtps_cpp.hpp
[1.286s] -- Up-to-date: /home/tofstudent/sa_zhao/install/tod_msgs/include/tod_msgs/msg/detail/colored_point__rosidl_typesupport_fastrtps_cpp.hpp
[1.287s] -- Up-to-date: /home/tofstudent/sa_zhao/install/tod_msgs/include/tod_msgs/msg/detail/secondary_control_cmd__rosidl_typesupport_fastrtps_cpp.hpp
[1.287s] -- Up-to-date: /home/tofstudent/sa_zhao/install/tod_msgs/include/tod_msgs/msg/detail/key_press__rosidl_typesupport_fastrtps_cpp.hpp
[1.287s] -- Up-to-date: /home/tofstudent/sa_zhao/install/tod_msgs/include/tod_msgs/msg/detail/object_data__rosidl_typesupport_fastrtps_cpp.hpp
[1.288s] -- Up-to-date: /home/tofstudent/sa_zhao/install/tod_msgs/include/tod_msgs/msg/detail/dds_fastrtps
[1.288s] -- Up-to-date: /home/tofstudent/sa_zhao/install/tod_msgs/include/tod_msgs/msg/detail/safety_driver_status__rosidl_typesupport_fastrtps_cpp.hpp
[1.288s] -- Up-to-date: /home/tofstudent/sa_zhao/install/tod_msgs/lib/libtod_msgs__rosidl_typesupport_fastrtps_cpp.so
[1.288s] -- Up-to-date: /home/tofstudent/sa_zhao/install/tod_msgs/include/tod_msgs
[1.288s] -- Up-to-date: /home/tofstudent/sa_zhao/install/tod_msgs/include/tod_msgs/srv
[1.288s] -- Up-to-date: /home/tofstudent/sa_zhao/install/tod_msgs/include/tod_msgs/srv/detail
[1.288s] -- Up-to-date: /home/tofstudent/sa_zhao/install/tod_msgs/include/tod_msgs/srv/detail/input_device__type_support.c
[1.288s] -- Up-to-date: /home/tofstudent/sa_zhao/install/tod_msgs/include/tod_msgs/srv/detail/input_device__rosidl_typesupport_introspection_c.h
[1.289s] -- Up-to-date: /home/tofstudent/sa_zhao/install/tod_msgs/include/tod_msgs/msg
[1.289s] -- Up-to-date: /home/tofstudent/sa_zhao/install/tod_msgs/include/tod_msgs/msg/detail
[1.289s] -- Up-to-date: /home/tofstudent/sa_zhao/install/tod_msgs/include/tod_msgs/msg/detail/safety_driver_status__type_support.c
[1.289s] -- Up-to-date: /home/tofstudent/sa_zhao/install/tod_msgs/include/tod_msgs/msg/detail/key_press__type_support.c
[1.289s] -- Up-to-date: /home/tofstudent/sa_zhao/install/tod_msgs/include/tod_msgs/msg/detail/object_data__type_support.c
[1.289s] -- Up-to-date: /home/tofstudent/sa_zhao/install/tod_msgs/include/tod_msgs/msg/detail/status__type_support.c
[1.289s] -- Up-to-date: /home/tofstudent/sa_zhao/install/tod_msgs/include/tod_msgs/msg/detail/object_list__rosidl_typesupport_introspection_c.h
[1.289s] -- Up-to-date: /home/tofstudent/sa_zhao/install/tod_msgs/include/tod_msgs/msg/detail/key_press__rosidl_typesupport_introspection_c.h
[1.289s] -- Up-to-date: /home/tofstudent/sa_zhao/install/tod_msgs/include/tod_msgs/msg/detail/video_info__rosidl_typesupport_introspection_c.h
[1.290s] -- Up-to-date: /home/tofstudent/sa_zhao/install/tod_msgs/include/tod_msgs/msg/detail/video_info__type_support.c
[1.290s] -- Up-to-date: /home/tofstudent/sa_zhao/install/tod_msgs/include/tod_msgs/msg/detail/colored_point__type_support.c
[1.290s] -- Up-to-date: /home/tofstudent/sa_zhao/install/tod_msgs/include/tod_msgs/msg/detail/status__rosidl_typesupport_introspection_c.h
[1.291s] -- Up-to-date: /home/tofstudent/sa_zhao/install/tod_msgs/include/tod_msgs/msg/detail/colored_point__rosidl_typesupport_introspection_c.h
[1.291s] -- Up-to-date: /home/tofstudent/sa_zhao/install/tod_msgs/include/tod_msgs/msg/detail/object_list__type_support.c
[1.291s] -- Up-to-date: /home/tofstudent/sa_zhao/install/tod_msgs/include/tod_msgs/msg/detail/paket_info__type_support.c
[1.292s] -- Up-to-date: /home/tofstudent/sa_zhao/install/tod_msgs/include/tod_msgs/msg/detail/safety_driver_status__rosidl_typesupport_introspection_c.h
[1.292s] -- Up-to-date: /home/tofstudent/sa_zhao/install/tod_msgs/include/tod_msgs/msg/detail/vehicle_data__type_support.c
[1.293s] -- Up-to-date: /home/tofstudent/sa_zhao/install/tod_msgs/include/tod_msgs/msg/detail/colored_polygon__rosidl_typesupport_introspection_c.h
[1.293s] -- Up-to-date: /home/tofstudent/sa_zhao/install/tod_msgs/include/tod_msgs/msg/detail/primary_control_cmd__type_support.c
[1.293s] -- Up-to-date: /home/tofstudent/sa_zhao/install/tod_msgs/include/tod_msgs/msg/detail/vehicle_data__rosidl_typesupport_introspection_c.h
[1.293s] -- Up-to-date: /home/tofstudent/sa_zhao/install/tod_msgs/include/tod_msgs/msg/detail/object_data__rosidl_typesupport_introspection_c.h
[1.294s] -- Up-to-date: /home/tofstudent/sa_zhao/install/tod_msgs/include/tod_msgs/msg/detail/paket_info__rosidl_typesupport_introspection_c.h
[1.294s] -- Up-to-date: /home/tofstudent/sa_zhao/install/tod_msgs/include/tod_msgs/msg/detail/colored_polygon__type_support.c
[1.294s] -- Up-to-date: /home/tofstudent/sa_zhao/install/tod_msgs/include/tod_msgs/msg/detail/primary_control_cmd__rosidl_typesupport_introspection_c.h
[1.295s] -- Up-to-date: /home/tofstudent/sa_zhao/install/tod_msgs/include/tod_msgs/msg/detail/secondary_control_cmd__type_support.c
[1.295s] -- Up-to-date: /home/tofstudent/sa_zhao/install/tod_msgs/include/tod_msgs/msg/detail/secondary_control_cmd__rosidl_typesupport_introspection_c.h
[1.297s] -- Up-to-date: /home/tofstudent/sa_zhao/install/tod_msgs/include/tod_msgs/msg/rosidl_typesupport_introspection_c__visibility_control.h
[1.297s] -- Up-to-date: /home/tofstudent/sa_zhao/install/tod_msgs/lib/libtod_msgs__rosidl_typesupport_introspection_c.so
[1.298s] -- Up-to-date: /home/tofstudent/sa_zhao/install/tod_msgs/lib/libtod_msgs__rosidl_typesupport_c.so
[1.298s] -- Up-to-date: /home/tofstudent/sa_zhao/install/tod_msgs/include/tod_msgs
[1.299s] -- Up-to-date: /home/tofstudent/sa_zhao/install/tod_msgs/include/tod_msgs/srv
[1.299s] -- Up-to-date: /home/tofstudent/sa_zhao/install/tod_msgs/include/tod_msgs/srv/detail
[1.302s] -- Up-to-date: /home/tofstudent/sa_zhao/install/tod_msgs/include/tod_msgs/srv/detail/input_device__struct.hpp
[1.303s] -- Up-to-date: /home/tofstudent/sa_zhao/install/tod_msgs/include/tod_msgs/srv/detail/input_device__traits.hpp
[1.303s] -- Up-to-date: /home/tofstudent/sa_zhao/install/tod_msgs/include/tod_msgs/srv/detail/input_device__builder.hpp
[1.304s] -- Up-to-date: /home/tofstudent/sa_zhao/install/tod_msgs/include/tod_msgs/srv/input_device.hpp
[1.309s] -- Up-to-date: /home/tofstudent/sa_zhao/install/tod_msgs/include/tod_msgs/msg
[1.309s] -- Up-to-date: /home/tofstudent/sa_zhao/install/tod_msgs/include/tod_msgs/msg/video_info.hpp
[1.313s] -- Up-to-date: /home/tofstudent/sa_zhao/install/tod_msgs/include/tod_msgs/msg/object_data.hpp
[1.313s] -- Up-to-date: /home/tofstudent/sa_zhao/install/tod_msgs/include/tod_msgs/msg/safety_driver_status.hpp
[1.314s] -- Up-to-date: /home/tofstudent/sa_zhao/install/tod_msgs/include/tod_msgs/msg/vehicle_data.hpp
[1.315s] -- Up-to-date: /home/tofstudent/sa_zhao/install/tod_msgs/include/tod_msgs/msg/object_list.hpp
[1.320s] -- Up-to-date: /home/tofstudent/sa_zhao/install/tod_msgs/include/tod_msgs/msg/detail
[1.321s] -- Up-to-date: /home/tofstudent/sa_zhao/install/tod_msgs/include/tod_msgs/msg/detail/safety_driver_status__traits.hpp
[1.321s] -- Up-to-date: /home/tofstudent/sa_zhao/install/tod_msgs/include/tod_msgs/msg/detail/colored_polygon__struct.hpp
[1.321s] -- Up-to-date: /home/tofstudent/sa_zhao/install/tod_msgs/include/tod_msgs/msg/detail/secondary_control_cmd__builder.hpp
[1.322s] -- Up-to-date: /home/tofstudent/sa_zhao/install/tod_msgs/include/tod_msgs/msg/detail/paket_info__builder.hpp
[1.322s] -- Up-to-date: /home/tofstudent/sa_zhao/install/tod_msgs/include/tod_msgs/msg/detail/key_press__struct.hpp
[1.322s] -- Up-to-date: /home/tofstudent/sa_zhao/install/tod_msgs/include/tod_msgs/msg/detail/primary_control_cmd__struct.hpp
[1.323s] -- Up-to-date: /home/tofstudent/sa_zhao/install/tod_msgs/include/tod_msgs/msg/detail/video_info__builder.hpp
[1.323s] -- Up-to-date: /home/tofstudent/sa_zhao/install/tod_msgs/include/tod_msgs/msg/detail/colored_polygon__builder.hpp
[1.323s] -- Up-to-date: /home/tofstudent/sa_zhao/install/tod_msgs/include/tod_msgs/msg/detail/video_info__struct.hpp
[1.324s] -- Up-to-date: /home/tofstudent/sa_zhao/install/tod_msgs/include/tod_msgs/msg/detail/primary_control_cmd__traits.hpp
[1.324s] -- Up-to-date: /home/tofstudent/sa_zhao/install/tod_msgs/include/tod_msgs/msg/detail/key_press__traits.hpp
[1.324s] -- Up-to-date: /home/tofstudent/sa_zhao/install/tod_msgs/include/tod_msgs/msg/detail/vehicle_data__traits.hpp
[1.324s] -- Up-to-date: /home/tofstudent/sa_zhao/install/tod_msgs/include/tod_msgs/msg/detail/video_info__traits.hpp
[1.324s] -- Up-to-date: /home/tofstudent/sa_zhao/install/tod_msgs/include/tod_msgs/msg/detail/status__traits.hpp
[1.325s] -- Up-to-date: /home/tofstudent/sa_zhao/install/tod_msgs/include/tod_msgs/msg/detail/object_data__builder.hpp
[1.325s] -- Up-to-date: /home/tofstudent/sa_zhao/install/tod_msgs/include/tod_msgs/msg/detail/object_data__traits.hpp
[1.325s] -- Up-to-date: /home/tofstudent/sa_zhao/install/tod_msgs/include/tod_msgs/msg/detail/object_list__traits.hpp
[1.325s] -- Up-to-date: /home/tofstudent/sa_zhao/install/tod_msgs/include/tod_msgs/msg/detail/colored_point__builder.hpp
[1.325s] -- Up-to-date: /home/tofstudent/sa_zhao/install/tod_msgs/include/tod_msgs/msg/detail/colored_point__traits.hpp
[1.325s] -- Up-to-date: /home/tofstudent/sa_zhao/install/tod_msgs/include/tod_msgs/msg/detail/object_list__struct.hpp
[1.326s] -- Up-to-date: /home/tofstudent/sa_zhao/install/tod_msgs/include/tod_msgs/msg/detail/paket_info__struct.hpp
[1.326s] -- Up-to-date: /home/tofstudent/sa_zhao/install/tod_msgs/include/tod_msgs/msg/detail/secondary_control_cmd__traits.hpp
[1.326s] -- Up-to-date: /home/tofstudent/sa_zhao/install/tod_msgs/include/tod_msgs/msg/detail/colored_point__struct.hpp
[1.326s] -- Up-to-date: /home/tofstudent/sa_zhao/install/tod_msgs/include/tod_msgs/msg/detail/colored_polygon__traits.hpp
[1.326s] -- Up-to-date: /home/tofstudent/sa_zhao/install/tod_msgs/include/tod_msgs/msg/detail/safety_driver_status__struct.hpp
[1.326s] -- Up-to-date: /home/tofstudent/sa_zhao/install/tod_msgs/include/tod_msgs/msg/detail/object_list__builder.hpp
[1.326s] -- Up-to-date: /home/tofstudent/sa_zhao/install/tod_msgs/include/tod_msgs/msg/detail/vehicle_data__struct.hpp
[1.326s] -- Up-to-date: /home/tofstudent/sa_zhao/install/tod_msgs/include/tod_msgs/msg/detail/paket_info__traits.hpp
[1.326s] -- Up-to-date: /home/tofstudent/sa_zhao/install/tod_msgs/include/tod_msgs/msg/detail/status__builder.hpp
[1.327s] -- Up-to-date: /home/tofstudent/sa_zhao/install/tod_msgs/include/tod_msgs/msg/detail/vehicle_data__builder.hpp
[1.327s] -- Up-to-date: /home/tofstudent/sa_zhao/install/tod_msgs/include/tod_msgs/msg/detail/primary_control_cmd__builder.hpp
[1.327s] -- Up-to-date: /home/tofstudent/sa_zhao/install/tod_msgs/include/tod_msgs/msg/detail/secondary_control_cmd__struct.hpp
[1.327s] -- Up-to-date: /home/tofstudent/sa_zhao/install/tod_msgs/include/tod_msgs/msg/detail/object_data__struct.hpp
[1.327s] -- Up-to-date: /home/tofstudent/sa_zhao/install/tod_msgs/include/tod_msgs/msg/detail/safety_driver_status__builder.hpp
[1.327s] -- Up-to-date: /home/tofstudent/sa_zhao/install/tod_msgs/include/tod_msgs/msg/detail/status__struct.hpp
[1.327s] -- Up-to-date: /home/tofstudent/sa_zhao/install/tod_msgs/include/tod_msgs/msg/detail/key_press__builder.hpp
[1.327s] -- Up-to-date: /home/tofstudent/sa_zhao/install/tod_msgs/include/tod_msgs/msg/secondary_control_cmd.hpp
[1.327s] -- Up-to-date: /home/tofstudent/sa_zhao/install/tod_msgs/include/tod_msgs/msg/colored_polygon.hpp
[1.328s] -- Up-to-date: /home/tofstudent/sa_zhao/install/tod_msgs/include/tod_msgs/msg/status.hpp
[1.328s] -- Up-to-date: /home/tofstudent/sa_zhao/install/tod_msgs/include/tod_msgs/msg/colored_point.hpp
[1.328s] -- Up-to-date: /home/tofstudent/sa_zhao/install/tod_msgs/include/tod_msgs/msg/key_press.hpp
[1.328s] -- Up-to-date: /home/tofstudent/sa_zhao/install/tod_msgs/include/tod_msgs/msg/paket_info.hpp
[1.328s] -- Up-to-date: /home/tofstudent/sa_zhao/install/tod_msgs/include/tod_msgs/msg/primary_control_cmd.hpp
[1.329s] -- Up-to-date: /home/tofstudent/sa_zhao/install/tod_msgs/include/tod_msgs
[1.329s] -- Up-to-date: /home/tofstudent/sa_zhao/install/tod_msgs/include/tod_msgs/srv
[1.329s] -- Up-to-date: /home/tofstudent/sa_zhao/install/tod_msgs/include/tod_msgs/srv/detail
[1.330s] -- Up-to-date: /home/tofstudent/sa_zhao/install/tod_msgs/include/tod_msgs/srv/detail/input_device__rosidl_typesupport_introspection_cpp.hpp
[1.330s] -- Up-to-date: /home/tofstudent/sa_zhao/install/tod_msgs/include/tod_msgs/srv/detail/input_device__type_support.cpp
[1.330s] -- Up-to-date: /home/tofstudent/sa_zhao/install/tod_msgs/include/tod_msgs/msg
[1.330s] -- Up-to-date: /home/tofstudent/sa_zhao/install/tod_msgs/include/tod_msgs/msg/detail
[1.330s] -- Up-to-date: /home/tofstudent/sa_zhao/install/tod_msgs/include/tod_msgs/msg/detail/safety_driver_status__rosidl_typesupport_introspection_cpp.hpp
[1.331s] -- Up-to-date: /home/tofstudent/sa_zhao/install/tod_msgs/include/tod_msgs/msg/detail/primary_control_cmd__type_support.cpp
[1.331s] -- Up-to-date: /home/tofstudent/sa_zhao/install/tod_msgs/include/tod_msgs/msg/detail/object_data__rosidl_typesupport_introspection_cpp.hpp
[1.331s] -- Up-to-date: /home/tofstudent/sa_zhao/install/tod_msgs/include/tod_msgs/msg/detail/status__rosidl_typesupport_introspection_cpp.hpp
[1.331s] -- Up-to-date: /home/tofstudent/sa_zhao/install/tod_msgs/include/tod_msgs/msg/detail/object_list__type_support.cpp
[1.331s] -- Up-to-date: /home/tofstudent/sa_zhao/install/tod_msgs/include/tod_msgs/msg/detail/colored_polygon__type_support.cpp
[1.331s] -- Up-to-date: /home/tofstudent/sa_zhao/install/tod_msgs/include/tod_msgs/msg/detail/video_info__type_support.cpp
[1.332s] -- Up-to-date: /home/tofstudent/sa_zhao/install/tod_msgs/include/tod_msgs/msg/detail/status__type_support.cpp
[1.332s] -- Up-to-date: /home/tofstudent/sa_zhao/install/tod_msgs/include/tod_msgs/msg/detail/paket_info__rosidl_typesupport_introspection_cpp.hpp
[1.332s] -- Up-to-date: /home/tofstudent/sa_zhao/install/tod_msgs/include/tod_msgs/msg/detail/object_data__type_support.cpp
[1.332s] -- Up-to-date: /home/tofstudent/sa_zhao/install/tod_msgs/include/tod_msgs/msg/detail/colored_point__rosidl_typesupport_introspection_cpp.hpp
[1.332s] -- Up-to-date: /home/tofstudent/sa_zhao/install/tod_msgs/include/tod_msgs/msg/detail/colored_polygon__rosidl_typesupport_introspection_cpp.hpp
[1.332s] -- Up-to-date: /home/tofstudent/sa_zhao/install/tod_msgs/include/tod_msgs/msg/detail/secondary_control_cmd__rosidl_typesupport_introspection_cpp.hpp
[1.333s] -- Up-to-date: /home/tofstudent/sa_zhao/install/tod_msgs/include/tod_msgs/msg/detail/safety_driver_status__type_support.cpp
[1.333s] -- Up-to-date: /home/tofstudent/sa_zhao/install/tod_msgs/include/tod_msgs/msg/detail/key_press__rosidl_typesupport_introspection_cpp.hpp
[1.333s] -- Up-to-date: /home/tofstudent/sa_zhao/install/tod_msgs/include/tod_msgs/msg/detail/key_press__type_support.cpp
[1.333s] -- Up-to-date: /home/tofstudent/sa_zhao/install/tod_msgs/include/tod_msgs/msg/detail/primary_control_cmd__rosidl_typesupport_introspection_cpp.hpp
[1.333s] -- Up-to-date: /home/tofstudent/sa_zhao/install/tod_msgs/include/tod_msgs/msg/detail/video_info__rosidl_typesupport_introspection_cpp.hpp
[1.333s] -- Up-to-date: /home/tofstudent/sa_zhao/install/tod_msgs/include/tod_msgs/msg/detail/vehicle_data__type_support.cpp
[1.334s] -- Up-to-date: /home/tofstudent/sa_zhao/install/tod_msgs/include/tod_msgs/msg/detail/paket_info__type_support.cpp
[1.334s] -- Up-to-date: /home/tofstudent/sa_zhao/install/tod_msgs/include/tod_msgs/msg/detail/vehicle_data__rosidl_typesupport_introspection_cpp.hpp
[1.334s] -- Up-to-date: /home/tofstudent/sa_zhao/install/tod_msgs/include/tod_msgs/msg/detail/secondary_control_cmd__type_support.cpp
[1.337s] -- Up-to-date: /home/tofstudent/sa_zhao/install/tod_msgs/include/tod_msgs/msg/detail/object_list__rosidl_typesupport_introspection_cpp.hpp
[1.338s] -- Up-to-date: /home/tofstudent/sa_zhao/install/tod_msgs/include/tod_msgs/msg/detail/colored_point__type_support.cpp
[1.338s] -- Up-to-date: /home/tofstudent/sa_zhao/install/tod_msgs/lib/libtod_msgs__rosidl_typesupport_introspection_cpp.so
[1.338s] -- Up-to-date: /home/tofstudent/sa_zhao/install/tod_msgs/lib/libtod_msgs__rosidl_typesupport_cpp.so
[1.339s] -- Up-to-date: /home/tofstudent/sa_zhao/install/tod_msgs/share/tod_msgs/environment/pythonpath.sh
[1.339s] -- Up-to-date: /home/tofstudent/sa_zhao/install/tod_msgs/share/tod_msgs/environment/pythonpath.dsv
[1.339s] -- Up-to-date: /home/tofstudent/sa_zhao/install/tod_msgs/lib/python3.8/site-packages/tod_msgs/__init__.py
[1.345s] -- Up-to-date: /home/tofstudent/sa_zhao/install/tod_msgs/lib/python3.8/site-packages/tod_msgs/msg
[1.345s] -- Up-to-date: /home/tofstudent/sa_zhao/install/tod_msgs/lib/python3.8/site-packages/tod_msgs/msg/_vehicle_data_s.c
[1.345s] -- Up-to-date: /home/tofstudent/sa_zhao/install/tod_msgs/lib/python3.8/site-packages/tod_msgs/msg/_key_press_s.c
[1.346s] -- Up-to-date: /home/tofstudent/sa_zhao/install/tod_msgs/lib/python3.8/site-packages/tod_msgs/msg/_safety_driver_status.py
[1.346s] -- Up-to-date: /home/tofstudent/sa_zhao/install/tod_msgs/lib/python3.8/site-packages/tod_msgs/msg/_object_list.py
[1.346s] -- Up-to-date: /home/tofstudent/sa_zhao/install/tod_msgs/lib/python3.8/site-packages/tod_msgs/msg/_video_info.py
[1.346s] -- Up-to-date: /home/tofstudent/sa_zhao/install/tod_msgs/lib/python3.8/site-packages/tod_msgs/msg/_colored_point.py
[1.347s] -- Up-to-date: /home/tofstudent/sa_zhao/install/tod_msgs/lib/python3.8/site-packages/tod_msgs/msg/_secondary_control_cmd.py
[1.350s] -- Up-to-date: /home/tofstudent/sa_zhao/install/tod_msgs/lib/python3.8/site-packages/tod_msgs/msg/_colored_polygon_s.c
[1.350s] -- Up-to-date: /home/tofstudent/sa_zhao/install/tod_msgs/lib/python3.8/site-packages/tod_msgs/msg/_primary_control_cmd_s.c
[1.350s] -- Up-to-date: /home/tofstudent/sa_zhao/install/tod_msgs/lib/python3.8/site-packages/tod_msgs/msg/_object_data.py
[1.350s] -- Up-to-date: /home/tofstudent/sa_zhao/install/tod_msgs/lib/python3.8/site-packages/tod_msgs/msg/_colored_point_s.c
[1.350s] -- Up-to-date: /home/tofstudent/sa_zhao/install/tod_msgs/lib/python3.8/site-packages/tod_msgs/msg/_paket_info.py
[1.351s] -- Up-to-date: /home/tofstudent/sa_zhao/install/tod_msgs/lib/python3.8/site-packages/tod_msgs/msg/_status.py
[1.351s] -- Up-to-date: /home/tofstudent/sa_zhao/install/tod_msgs/lib/python3.8/site-packages/tod_msgs/msg/_primary_control_cmd.py
[1.351s] -- Up-to-date: /home/tofstudent/sa_zhao/install/tod_msgs/lib/python3.8/site-packages/tod_msgs/msg/_vehicle_data.py
[1.351s] -- Up-to-date: /home/tofstudent/sa_zhao/install/tod_msgs/lib/python3.8/site-packages/tod_msgs/msg/_status_s.c
[1.351s] -- Up-to-date: /home/tofstudent/sa_zhao/install/tod_msgs/lib/python3.8/site-packages/tod_msgs/msg/_safety_driver_status_s.c
[1.352s] -- Up-to-date: /home/tofstudent/sa_zhao/install/tod_msgs/lib/python3.8/site-packages/tod_msgs/msg/_colored_polygon.py
[1.352s] -- Up-to-date: /home/tofstudent/sa_zhao/install/tod_msgs/lib/python3.8/site-packages/tod_msgs/msg/__init__.py
[1.352s] -- Up-to-date: /home/tofstudent/sa_zhao/install/tod_msgs/lib/python3.8/site-packages/tod_msgs/msg/_paket_info_s.c
[1.352s] -- Up-to-date: /home/tofstudent/sa_zhao/install/tod_msgs/lib/python3.8/site-packages/tod_msgs/msg/_object_data_s.c
[1.353s] -- Up-to-date: /home/tofstudent/sa_zhao/install/tod_msgs/lib/python3.8/site-packages/tod_msgs/msg/_secondary_control_cmd_s.c
[1.353s] -- Up-to-date: /home/tofstudent/sa_zhao/install/tod_msgs/lib/python3.8/site-packages/tod_msgs/msg/_video_info_s.c
[1.353s] -- Up-to-date: /home/tofstudent/sa_zhao/install/tod_msgs/lib/python3.8/site-packages/tod_msgs/msg/_object_list_s.c
[1.353s] -- Up-to-date: /home/tofstudent/sa_zhao/install/tod_msgs/lib/python3.8/site-packages/tod_msgs/msg/_key_press.py
[1.353s] -- Up-to-date: /home/tofstudent/sa_zhao/install/tod_msgs/lib/python3.8/site-packages/tod_msgs/srv
[1.353s] -- Up-to-date: /home/tofstudent/sa_zhao/install/tod_msgs/lib/python3.8/site-packages/tod_msgs/srv/_input_device.py
[1.353s] -- Up-to-date: /home/tofstudent/sa_zhao/install/tod_msgs/lib/python3.8/site-packages/tod_msgs/srv/_input_device_s.c
[1.353s] -- Up-to-date: /home/tofstudent/sa_zhao/install/tod_msgs/lib/python3.8/site-packages/tod_msgs/srv/__init__.py
[1.354s] -- Up-to-date: /home/tofstudent/sa_zhao/install/tod_msgs/lib/python3.8/site-packages/tod_msgs/tod_msgs_s__rosidl_typesupport_fastrtps_c.cpython-38-x86_64-linux-gnu.so
[1.355s] -- Up-to-date: /home/tofstudent/sa_zhao/install/tod_msgs/lib/python3.8/site-packages/tod_msgs/tod_msgs_s__rosidl_typesupport_introspection_c.cpython-38-x86_64-linux-gnu.so
[1.355s] -- Up-to-date: /home/tofstudent/sa_zhao/install/tod_msgs/lib/python3.8/site-packages/tod_msgs/tod_msgs_s__rosidl_typesupport_c.cpython-38-x86_64-linux-gnu.so
[1.355s] -- Up-to-date: /home/tofstudent/sa_zhao/install/tod_msgs/lib/libtod_msgs__python.so
[1.355s] -- Up-to-date: /home/tofstudent/sa_zhao/install/tod_msgs/share/tod_msgs/msg/ColoredPoint.idl
[1.355s] -- Up-to-date: /home/tofstudent/sa_zhao/install/tod_msgs/share/tod_msgs/msg/ColoredPolygon.idl
[1.355s] -- Up-to-date: /home/tofstudent/sa_zhao/install/tod_msgs/share/tod_msgs/msg/KeyPress.idl
[1.355s] -- Up-to-date: /home/tofstudent/sa_zhao/install/tod_msgs/share/tod_msgs/msg/ObjectData.idl
[1.355s] -- Up-to-date: /home/tofstudent/sa_zhao/install/tod_msgs/share/tod_msgs/msg/ObjectList.idl
[1.355s] -- Up-to-date: /home/tofstudent/sa_zhao/install/tod_msgs/share/tod_msgs/msg/PaketInfo.idl
[1.356s] -- Up-to-date: /home/tofstudent/sa_zhao/install/tod_msgs/share/tod_msgs/msg/PrimaryControlCmd.idl
[1.356s] -- Up-to-date: /home/tofstudent/sa_zhao/install/tod_msgs/share/tod_msgs/msg/SafetyDriverStatus.idl
[1.356s] -- Up-to-date: /home/tofstudent/sa_zhao/install/tod_msgs/share/tod_msgs/msg/SecondaryControlCmd.idl
[1.356s] -- Up-to-date: /home/tofstudent/sa_zhao/install/tod_msgs/share/tod_msgs/msg/Status.idl
[1.356s] -- Up-to-date: /home/tofstudent/sa_zhao/install/tod_msgs/share/tod_msgs/msg/VehicleData.idl
[1.356s] -- Up-to-date: /home/tofstudent/sa_zhao/install/tod_msgs/share/tod_msgs/msg/VideoInfo.idl
[1.356s] -- Up-to-date: /home/tofstudent/sa_zhao/install/tod_msgs/share/tod_msgs/srv/InputDevice.idl
[1.356s] -- Up-to-date: /home/tofstudent/sa_zhao/install/tod_msgs/share/tod_msgs/msg/ColoredPoint.msg
[1.356s] -- Up-to-date: /home/tofstudent/sa_zhao/install/tod_msgs/share/tod_msgs/msg/ColoredPolygon.msg
[1.357s] -- Up-to-date: /home/tofstudent/sa_zhao/install/tod_msgs/share/tod_msgs/msg/KeyPress.msg
[1.357s] -- Up-to-date: /home/tofstudent/sa_zhao/install/tod_msgs/share/tod_msgs/msg/ObjectData.msg
[1.357s] -- Up-to-date: /home/tofstudent/sa_zhao/install/tod_msgs/share/tod_msgs/msg/ObjectList.msg
[1.357s] -- Up-to-date: /home/tofstudent/sa_zhao/install/tod_msgs/share/tod_msgs/msg/PaketInfo.msg
[1.357s] -- Up-to-date: /home/tofstudent/sa_zhao/install/tod_msgs/share/tod_msgs/msg/PrimaryControlCmd.msg
[1.357s] -- Up-to-date: /home/tofstudent/sa_zhao/install/tod_msgs/share/tod_msgs/msg/SafetyDriverStatus.msg
[1.357s] -- Up-to-date: /home/tofstudent/sa_zhao/install/tod_msgs/share/tod_msgs/msg/SecondaryControlCmd.msg
[1.358s] -- Up-to-date: /home/tofstudent/sa_zhao/install/tod_msgs/share/tod_msgs/msg/Status.msg
[1.358s] -- Up-to-date: /home/tofstudent/sa_zhao/install/tod_msgs/share/tod_msgs/msg/VehicleData.msg
[1.358s] -- Up-to-date: /home/tofstudent/sa_zhao/install/tod_msgs/share/tod_msgs/msg/VideoInfo.msg
[1.358s] -- Up-to-date: /home/tofstudent/sa_zhao/install/tod_msgs/share/tod_msgs/srv/InputDevice.srv
[1.358s] -- Up-to-date: /home/tofstudent/sa_zhao/install/tod_msgs/share/tod_msgs/srv/InputDevice_Request.msg
[1.358s] -- Up-to-date: /home/tofstudent/sa_zhao/install/tod_msgs/share/tod_msgs/srv/InputDevice_Response.msg
[1.359s] -- Up-to-date: /home/tofstudent/sa_zhao/install/tod_msgs/include
[1.359s] -- Up-to-date: /home/tofstudent/sa_zhao/install/tod_msgs/include/tod_msgs
[1.359s] -- Up-to-date: /home/tofstudent/sa_zhao/install/tod_msgs/include/tod_msgs/VehicleEnums.h
[1.359s] -- Up-to-date: /home/tofstudent/sa_zhao/install/tod_msgs/include/tod_msgs/inputDevice.h
[1.359s] -- Up-to-date: /home/tofstudent/sa_zhao/install/tod_msgs/include/tod_msgs/joystickConfig.h
[1.359s] -- Up-to-date: /home/tofstudent/sa_zhao/install/tod_msgs/share/ament_index/resource_index/package_run_dependencies/tod_msgs
[1.359s] -- Up-to-date: /home/tofstudent/sa_zhao/install/tod_msgs/share/ament_index/resource_index/parent_prefix_path/tod_msgs
[1.359s] -- Up-to-date: /home/tofstudent/sa_zhao/install/tod_msgs/share/tod_msgs/environment/ament_prefix_path.sh
[1.359s] -- Up-to-date: /home/tofstudent/sa_zhao/install/tod_msgs/share/tod_msgs/environment/ament_prefix_path.dsv
[1.360s] -- Up-to-date: /home/tofstudent/sa_zhao/install/tod_msgs/share/tod_msgs/environment/path.sh
[1.360s] -- Up-to-date: /home/tofstudent/sa_zhao/install/tod_msgs/share/tod_msgs/environment/path.dsv
[1.360s] -- Up-to-date: /home/tofstudent/sa_zhao/install/tod_msgs/share/tod_msgs/local_setup.bash
[1.360s] -- Up-to-date: /home/tofstudent/sa_zhao/install/tod_msgs/share/tod_msgs/local_setup.sh
[1.360s] -- Up-to-date: /home/tofstudent/sa_zhao/install/tod_msgs/share/tod_msgs/local_setup.zsh
[1.360s] -- Up-to-date: /home/tofstudent/sa_zhao/install/tod_msgs/share/tod_msgs/local_setup.dsv
[1.360s] -- Installing: /home/tofstudent/sa_zhao/install/tod_msgs/share/tod_msgs/package.dsv
[1.361s] -- Up-to-date: /home/tofstudent/sa_zhao/install/tod_msgs/share/ament_index/resource_index/packages/tod_msgs
[1.361s] -- Up-to-date: /home/tofstudent/sa_zhao/install/tod_msgs/share/tod_msgs/cmake/tod_msgs__rosidl_generator_cExport.cmake
[1.361s] -- Up-to-date: /home/tofstudent/sa_zhao/install/tod_msgs/share/tod_msgs/cmake/tod_msgs__rosidl_generator_cExport-noconfig.cmake
[1.361s] -- Up-to-date: /home/tofstudent/sa_zhao/install/tod_msgs/share/tod_msgs/cmake/tod_msgs__rosidl_typesupport_introspection_cExport.cmake
[1.361s] -- Up-to-date: /home/tofstudent/sa_zhao/install/tod_msgs/share/tod_msgs/cmake/tod_msgs__rosidl_typesupport_introspection_cExport-noconfig.cmake
[1.361s] -- Up-to-date: /home/tofstudent/sa_zhao/install/tod_msgs/share/tod_msgs/cmake/tod_msgs__rosidl_typesupport_cExport.cmake
[1.361s] -- Up-to-date: /home/tofstudent/sa_zhao/install/tod_msgs/share/tod_msgs/cmake/tod_msgs__rosidl_typesupport_cExport-noconfig.cmake
[1.362s] -- Up-to-date: /home/tofstudent/sa_zhao/install/tod_msgs/share/tod_msgs/cmake/tod_msgs__rosidl_generator_cppExport.cmake
[1.362s] -- Up-to-date: /home/tofstudent/sa_zhao/install/tod_msgs/share/tod_msgs/cmake/tod_msgs__rosidl_typesupport_introspection_cppExport.cmake
[1.362s] -- Up-to-date: /home/tofstudent/sa_zhao/install/tod_msgs/share/tod_msgs/cmake/tod_msgs__rosidl_typesupport_introspection_cppExport-noconfig.cmake
[1.362s] -- Up-to-date: /home/tofstudent/sa_zhao/install/tod_msgs/share/tod_msgs/cmake/tod_msgs__rosidl_typesupport_cppExport.cmake
[1.362s] -- Up-to-date: /home/tofstudent/sa_zhao/install/tod_msgs/share/tod_msgs/cmake/tod_msgs__rosidl_typesupport_cppExport-noconfig.cmake
[1.362s] -- Up-to-date: /home/tofstudent/sa_zhao/install/tod_msgs/share/tod_msgs/cmake/rosidl_cmake-extras.cmake
[1.362s] -- Up-to-date: /home/tofstudent/sa_zhao/install/tod_msgs/share/tod_msgs/cmake/ament_cmake_export_dependencies-extras.cmake
[1.362s] -- Up-to-date: /home/tofstudent/sa_zhao/install/tod_msgs/share/tod_msgs/cmake/ament_cmake_export_libraries-extras.cmake
[1.363s] -- Up-to-date: /home/tofstudent/sa_zhao/install/tod_msgs/share/tod_msgs/cmake/ament_cmake_export_targets-extras.cmake
[1.363s] -- Up-to-date: /home/tofstudent/sa_zhao/install/tod_msgs/share/tod_msgs/cmake/ament_cmake_export_include_directories-extras.cmake
[1.363s] -- Up-to-date: /home/tofstudent/sa_zhao/install/tod_msgs/share/tod_msgs/cmake/rosidl_cmake_export_typesupport_libraries-extras.cmake
[1.363s] -- Up-to-date: /home/tofstudent/sa_zhao/install/tod_msgs/share/tod_msgs/cmake/rosidl_cmake_export_typesupport_targets-extras.cmake
[1.363s] -- Up-to-date: /home/tofstudent/sa_zhao/install/tod_msgs/share/tod_msgs/cmake/tod_msgsConfig.cmake
[1.363s] -- Up-to-date: /home/tofstudent/sa_zhao/install/tod_msgs/share/tod_msgs/cmake/tod_msgsConfig-version.cmake
[1.363s] -- Up-to-date: /home/tofstudent/sa_zhao/install/tod_msgs/share/tod_msgs/package.xml
[1.375s] Invoked command in '/home/tofstudent/sa_zhao/build/tod_msgs' returned '0': CMAKE_PREFIX_PATH=/opt/ros/foxy /usr/bin/cmake --install /home/tofstudent/sa_zhao/build/tod_msgs
