[0.084s] Invoking command in '/home/tofstudent/sa_zhao/build/vehicle_info_util': AMENT_PREFIX_PATH=/home/tofstudent/sa_zhao/install/autoware_cmake:${AMENT_PREFIX_PATH} CMAKE_PREFIX_PATH=/home/tofstudent/sa_zhao/install/autoware_cmake:/opt/ros/foxy /usr/bin/cmake --build /home/tofstudent/sa_zhao/build/vehicle_info_util -- -j8 -l8
[0.317s] [100%] Built target vehicle_info_util
[0.334s] Invoked command in '/home/tofstudent/sa_zhao/build/vehicle_info_util' returned '0': AMENT_PREFIX_PATH=/home/tofstudent/sa_zhao/install/autoware_cmake:${AMENT_PREFIX_PATH} CMAKE_PREFIX_PATH=/home/tofstudent/sa_zhao/install/autoware_cmake:/opt/ros/foxy /usr/bin/cmake --build /home/tofstudent/sa_zhao/build/vehicle_info_util -- -j8 -l8
[0.388s] Invoking command in '/home/tofstudent/sa_zhao/build/vehicle_info_util': AMENT_PREFIX_PATH=/home/tofstudent/sa_zhao/install/autoware_cmake:${AMENT_PREFIX_PATH} CMAKE_PREFIX_PATH=/home/tofstudent/sa_zhao/install/autoware_cmake:/opt/ros/foxy /usr/bin/cmake --install /home/tofstudent/sa_zhao/build/vehicle_info_util
[0.411s] -- Install configuration: ""
[0.411s] -- Up-to-date: /home/tofstudent/sa_zhao/install/vehicle_info_util/include
[0.411s] -- Up-to-date: /home/tofstudent/sa_zhao/install/vehicle_info_util/include/vehicle_info_util
[0.412s] -- Up-to-date: /home/tofstudent/sa_zhao/install/vehicle_info_util/include/vehicle_info_util/vehicle_info_util.hpp
[0.412s] -- Up-to-date: /home/tofstudent/sa_zhao/install/vehicle_info_util/include/vehicle_info_util/vehicle_info.hpp
[0.412s] -- Up-to-date: /home/tofstudent/sa_zhao/install/vehicle_info_util/share/vehicle_info_util/environment/library_path.sh
[0.413s] -- Up-to-date: /home/tofstudent/sa_zhao/install/vehicle_info_util/share/vehicle_info_util/environment/library_path.dsv
[0.413s] -- Up-to-date: /home/tofstudent/sa_zhao/install/vehicle_info_util/lib/libvehicle_info_util.so
[0.414s] -- Up-to-date: /home/tofstudent/sa_zhao/install/vehicle_info_util/share/vehicle_info_util/config
[0.415s] -- Up-to-date: /home/tofstudent/sa_zhao/install/vehicle_info_util/share/vehicle_info_util/config/vehicle_mirror.param.yaml
[0.415s] -- Up-to-date: /home/tofstudent/sa_zhao/install/vehicle_info_util/share/vehicle_info_util/config/vehicle_info.param.yaml
[0.415s] -- Up-to-date: /home/tofstudent/sa_zhao/install/vehicle_info_util/share/vehicle_info_util/config/polygon_remover.yaml
[0.415s] -- Up-to-date: /home/tofstudent/sa_zhao/install/vehicle_info_util/share/vehicle_info_util/launch
[0.416s] -- Up-to-date: /home/tofstudent/sa_zhao/install/vehicle_info_util/share/vehicle_info_util/launch/vehicle_info.launch.py
[0.416s] -- Up-to-date: /home/tofstudent/sa_zhao/install/vehicle_info_util/share/vehicle_info_util/launch/sample.launch.py
[0.416s] -- Up-to-date: /home/tofstudent/sa_zhao/install/vehicle_info_util/share/ament_index/resource_index/package_run_dependencies/vehicle_info_util
[0.417s] -- Up-to-date: /home/tofstudent/sa_zhao/install/vehicle_info_util/share/ament_index/resource_index/parent_prefix_path/vehicle_info_util
[0.417s] -- Up-to-date: /home/tofstudent/sa_zhao/install/vehicle_info_util/share/vehicle_info_util/environment/ament_prefix_path.sh
[0.417s] -- Up-to-date: /home/tofstudent/sa_zhao/install/vehicle_info_util/share/vehicle_info_util/environment/ament_prefix_path.dsv
[0.418s] -- Up-to-date: /home/tofstudent/sa_zhao/install/vehicle_info_util/share/vehicle_info_util/environment/path.sh
[0.418s] -- Up-to-date: /home/tofstudent/sa_zhao/install/vehicle_info_util/share/vehicle_info_util/environment/path.dsv
[0.420s] -- Up-to-date: /home/tofstudent/sa_zhao/install/vehicle_info_util/share/vehicle_info_util/local_setup.bash
[0.420s] -- Up-to-date: /home/tofstudent/sa_zhao/install/vehicle_info_util/share/vehicle_info_util/local_setup.sh
[0.420s] -- Up-to-date: /home/tofstudent/sa_zhao/install/vehicle_info_util/share/vehicle_info_util/local_setup.zsh
[0.420s] -- Up-to-date: /home/tofstudent/sa_zhao/install/vehicle_info_util/share/vehicle_info_util/local_setup.dsv
[0.421s] -- Installing: /home/tofstudent/sa_zhao/install/vehicle_info_util/share/vehicle_info_util/package.dsv
[0.421s] -- Up-to-date: /home/tofstudent/sa_zhao/install/vehicle_info_util/share/ament_index/resource_index/packages/vehicle_info_util
[0.421s] -- Up-to-date: /home/tofstudent/sa_zhao/install/vehicle_info_util/share/vehicle_info_util/cmake/ament_cmake_export_dependencies-extras.cmake
[0.423s] -- Up-to-date: /home/tofstudent/sa_zhao/install/vehicle_info_util/share/vehicle_info_util/cmake/ament_cmake_export_include_directories-extras.cmake
[0.426s] -- Up-to-date: /home/tofstudent/sa_zhao/install/vehicle_info_util/share/vehicle_info_util/cmake/ament_cmake_export_libraries-extras.cmake
[0.426s] -- Up-to-date: /home/tofstudent/sa_zhao/install/vehicle_info_util/share/vehicle_info_util/cmake/vehicle_info_utilConfig.cmake
[0.426s] -- Up-to-date: /home/tofstudent/sa_zhao/install/vehicle_info_util/share/vehicle_info_util/cmake/vehicle_info_utilConfig-version.cmake
[0.427s] -- Up-to-date: /home/tofstudent/sa_zhao/install/vehicle_info_util/share/vehicle_info_util/package.xml
[0.436s] Invoked command in '/home/tofstudent/sa_zhao/build/vehicle_info_util' returned '0': AMENT_PREFIX_PATH=/home/tofstudent/sa_zhao/install/autoware_cmake:${AMENT_PREFIX_PATH} CMAKE_PREFIX_PATH=/home/tofstudent/sa_zhao/install/autoware_cmake:/opt/ros/foxy /usr/bin/cmake --install /home/tofstudent/sa_zhao/build/vehicle_info_util
