[0.098s] Invoking command in '/home/tofstudent/sa_zhao/build/carla_msgs': CMAKE_PREFIX_PATH=/opt/ros/foxy /usr/bin/cmake --build /home/tofstudent/sa_zhao/build/carla_msgs -- -j8 -l8
[0.387s] [ 12%] Built target carla_msgs__rosidl_generator_c
[0.387s] [ 12%] Built target carla_msgs__cpp
[0.387s] [ 24%] Built target carla_msgs__rosidl_typesupport_c
[0.387s] [ 36%] Built target carla_msgs__rosidl_typesupport_introspection_c
[0.387s] [ 48%] Built target carla_msgs__rosidl_typesupport_cpp
[0.387s] [ 61%] Built target carla_msgs__rosidl_typesupport_introspection_cpp
[0.387s] [ 73%] Built target carla_msgs__rosidl_typesupport_fastrtps_cpp
[0.387s] [ 85%] Built target carla_msgs__rosidl_typesupport_fastrtps_c
[0.387s] [ 85%] Built target carla_msgs
[0.387s] [ 86%] Built target carla_msgs__py
[0.413s] [ 97%] Built target carla_msgs__python
[0.538s] [ 99%] Built target carla_msgs__rosidl_typesupport_c__pyext
[0.539s] [ 99%] Built target carla_msgs__rosidl_typesupport_fastrtps_c__pyext
[0.540s] [100%] Built target carla_msgs__rosidl_typesupport_introspection_c__pyext
[0.851s] Invoked command in '/home/tofstudent/sa_zhao/build/carla_msgs' returned '0': CMAKE_PREFIX_PATH=/opt/ros/foxy /usr/bin/cmake --build /home/tofstudent/sa_zhao/build/carla_msgs -- -j8 -l8
[1.782s] Invoking command in '/home/tofstudent/sa_zhao/build/carla_msgs': CMAKE_PREFIX_PATH=/opt/ros/foxy /usr/bin/cmake --install /home/tofstudent/sa_zhao/build/carla_msgs
[1.798s] -- Install configuration: ""
[1.799s] -- Up-to-date: /home/tofstudent/sa_zhao/install/carla_msgs/share/ament_index/resource_index/rosidl_interfaces/carla_msgs
[1.799s] -- Up-to-date: /home/tofstudent/sa_zhao/install/carla_msgs/include/carla_msgs
[1.800s] -- Up-to-date: /home/tofstudent/sa_zhao/install/carla_msgs/include/carla_msgs/srv
[1.801s] -- Up-to-date: /home/tofstudent/sa_zhao/install/carla_msgs/include/carla_msgs/srv/destroy_object.h
[1.801s] -- Up-to-date: /home/tofstudent/sa_zhao/install/carla_msgs/include/carla_msgs/srv/detail
[1.802s] -- Up-to-date: /home/tofstudent/sa_zhao/install/carla_msgs/include/carla_msgs/srv/detail/spawn_object__functions.h
[1.802s] -- Up-to-date: /home/tofstudent/sa_zhao/install/carla_msgs/include/carla_msgs/srv/detail/destroy_object__type_support.h
[1.802s] -- Up-to-date: /home/tofstudent/sa_zhao/install/carla_msgs/include/carla_msgs/srv/detail/get_blueprints__type_support.h
[1.802s] -- Up-to-date: /home/tofstudent/sa_zhao/install/carla_msgs/include/carla_msgs/srv/detail/get_blueprints__struct.h
[1.802s] -- Up-to-date: /home/tofstudent/sa_zhao/install/carla_msgs/include/carla_msgs/srv/detail/destroy_object__functions.h
[1.802s] -- Up-to-date: /home/tofstudent/sa_zhao/install/carla_msgs/include/carla_msgs/srv/detail/destroy_object__functions.c
[1.803s] -- Up-to-date: /home/tofstudent/sa_zhao/install/carla_msgs/include/carla_msgs/srv/detail/destroy_object__struct.h
[1.803s] -- Up-to-date: /home/tofstudent/sa_zhao/install/carla_msgs/include/carla_msgs/srv/detail/get_blueprints__functions.c
[1.804s] -- Up-to-date: /home/tofstudent/sa_zhao/install/carla_msgs/include/carla_msgs/srv/detail/spawn_object__struct.h
[1.804s] -- Up-to-date: /home/tofstudent/sa_zhao/install/carla_msgs/include/carla_msgs/srv/detail/spawn_object__functions.c
[1.805s] -- Up-to-date: /home/tofstudent/sa_zhao/install/carla_msgs/include/carla_msgs/srv/detail/get_blueprints__functions.h
[1.805s] -- Up-to-date: /home/tofstudent/sa_zhao/install/carla_msgs/include/carla_msgs/srv/detail/spawn_object__type_support.h
[1.805s] -- Up-to-date: /home/tofstudent/sa_zhao/install/carla_msgs/include/carla_msgs/srv/spawn_object.h
[1.805s] -- Up-to-date: /home/tofstudent/sa_zhao/install/carla_msgs/include/carla_msgs/srv/get_blueprints.h
[1.805s] -- Up-to-date: /home/tofstudent/sa_zhao/install/carla_msgs/include/carla_msgs/msg
[1.805s] -- Up-to-date: /home/tofstudent/sa_zhao/install/carla_msgs/include/carla_msgs/msg/carla_traffic_light_status_list.h
[1.806s] -- Up-to-date: /home/tofstudent/sa_zhao/install/carla_msgs/include/carla_msgs/msg/carla_traffic_light_info.h
[1.806s] -- Up-to-date: /home/tofstudent/sa_zhao/install/carla_msgs/include/carla_msgs/msg/carla_collision_event.h
[1.806s] -- Up-to-date: /home/tofstudent/sa_zhao/install/carla_msgs/include/carla_msgs/msg/carla_walker_control.h
[1.806s] -- Up-to-date: /home/tofstudent/sa_zhao/install/carla_msgs/include/carla_msgs/msg/carla_actor_list.h
[1.806s] -- Up-to-date: /home/tofstudent/sa_zhao/install/carla_msgs/include/carla_msgs/msg/carla_weather_parameters.h
[1.806s] -- Up-to-date: /home/tofstudent/sa_zhao/install/carla_msgs/include/carla_msgs/msg/carla_world_info.h
[1.806s] -- Up-to-date: /home/tofstudent/sa_zhao/install/carla_msgs/include/carla_msgs/msg/carla_ego_vehicle_info_wheel.h
[1.806s] -- Up-to-date: /home/tofstudent/sa_zhao/install/carla_msgs/include/carla_msgs/msg/carla_status.h
[1.807s] -- Up-to-date: /home/tofstudent/sa_zhao/install/carla_msgs/include/carla_msgs/msg/carla_ego_vehicle_control.h
[1.807s] -- Up-to-date: /home/tofstudent/sa_zhao/install/carla_msgs/include/carla_msgs/msg/detail
[1.807s] -- Up-to-date: /home/tofstudent/sa_zhao/install/carla_msgs/include/carla_msgs/msg/detail/carla_status__functions.h
[1.807s] -- Up-to-date: /home/tofstudent/sa_zhao/install/carla_msgs/include/carla_msgs/msg/detail/carla_ego_vehicle_info_wheel__functions.c
[1.807s] -- Up-to-date: /home/tofstudent/sa_zhao/install/carla_msgs/include/carla_msgs/msg/detail/carla_ego_vehicle_control__functions.h
[1.807s] -- Up-to-date: /home/tofstudent/sa_zhao/install/carla_msgs/include/carla_msgs/msg/detail/carla_lane_invasion_event__struct.h
[1.807s] -- Up-to-date: /home/tofstudent/sa_zhao/install/carla_msgs/include/carla_msgs/msg/detail/carla_world_info__struct.h
[1.807s] -- Up-to-date: /home/tofstudent/sa_zhao/install/carla_msgs/include/carla_msgs/msg/detail/carla_walker_control__functions.h
[1.808s] -- Up-to-date: /home/tofstudent/sa_zhao/install/carla_msgs/include/carla_msgs/msg/detail/carla_ego_vehicle_info_wheel__type_support.h
[1.808s] -- Up-to-date: /home/tofstudent/sa_zhao/install/carla_msgs/include/carla_msgs/msg/detail/carla_control__functions.h
[1.808s] -- Up-to-date: /home/tofstudent/sa_zhao/install/carla_msgs/include/carla_msgs/msg/detail/carla_traffic_light_status__functions.h
[1.808s] -- Up-to-date: /home/tofstudent/sa_zhao/install/carla_msgs/include/carla_msgs/msg/detail/carla_actor_info__type_support.h
[1.808s] -- Up-to-date: /home/tofstudent/sa_zhao/install/carla_msgs/include/carla_msgs/msg/detail/carla_ego_vehicle_info__type_support.h
[1.808s] -- Up-to-date: /home/tofstudent/sa_zhao/install/carla_msgs/include/carla_msgs/msg/detail/carla_world_info__type_support.h
[1.808s] -- Up-to-date: /home/tofstudent/sa_zhao/install/carla_msgs/include/carla_msgs/msg/detail/carla_lane_invasion_event__functions.h
[1.808s] -- Up-to-date: /home/tofstudent/sa_zhao/install/carla_msgs/include/carla_msgs/msg/detail/carla_bounding_box__functions.h
[1.808s] -- Up-to-date: /home/tofstudent/sa_zhao/install/carla_msgs/include/carla_msgs/msg/detail/carla_actor_info__struct.h
[1.809s] -- Up-to-date: /home/tofstudent/sa_zhao/install/carla_msgs/include/carla_msgs/msg/detail/carla_weather_parameters__type_support.h
[1.810s] -- Up-to-date: /home/tofstudent/sa_zhao/install/carla_msgs/include/carla_msgs/msg/detail/carla_ego_vehicle_control__functions.c
[1.810s] -- Up-to-date: /home/tofstudent/sa_zhao/install/carla_msgs/include/carla_msgs/msg/detail/carla_actor_list__functions.h
[1.811s] -- Up-to-date: /home/tofstudent/sa_zhao/install/carla_msgs/include/carla_msgs/msg/detail/carla_ego_vehicle_status__functions.c
[1.811s] -- Up-to-date: /home/tofstudent/sa_zhao/install/carla_msgs/include/carla_msgs/msg/detail/carla_ego_vehicle_status__type_support.h
[1.811s] -- Up-to-date: /home/tofstudent/sa_zhao/install/carla_msgs/include/carla_msgs/msg/detail/carla_collision_event__struct.h
[1.812s] -- Up-to-date: /home/tofstudent/sa_zhao/install/carla_msgs/include/carla_msgs/msg/detail/carla_traffic_light_info_list__functions.c
[1.812s] -- Up-to-date: /home/tofstudent/sa_zhao/install/carla_msgs/include/carla_msgs/msg/detail/carla_actor_list__type_support.h
[1.813s] -- Up-to-date: /home/tofstudent/sa_zhao/install/carla_msgs/include/carla_msgs/msg/detail/carla_ego_vehicle_info_wheel__functions.h
[1.814s] -- Up-to-date: /home/tofstudent/sa_zhao/install/carla_msgs/include/carla_msgs/msg/detail/carla_actor_info__functions.c
[1.815s] -- Up-to-date: /home/tofstudent/sa_zhao/install/carla_msgs/include/carla_msgs/msg/detail/carla_bounding_box__type_support.h
[1.815s] -- Up-to-date: /home/tofstudent/sa_zhao/install/carla_msgs/include/carla_msgs/msg/detail/carla_traffic_light_info_list__type_support.h
[1.816s] -- Up-to-date: /home/tofstudent/sa_zhao/install/carla_msgs/include/carla_msgs/msg/detail/carla_walker_control__struct.h
[1.818s] -- Up-to-date: /home/tofstudent/sa_zhao/install/carla_msgs/include/carla_msgs/msg/detail/carla_collision_event__functions.c
[1.819s] -- Up-to-date: /home/tofstudent/sa_zhao/install/carla_msgs/include/carla_msgs/msg/detail/carla_weather_parameters__struct.h
[1.819s] -- Up-to-date: /home/tofstudent/sa_zhao/install/carla_msgs/include/carla_msgs/msg/detail/carla_ego_vehicle_status__struct.h
[1.820s] -- Up-to-date: /home/tofstudent/sa_zhao/install/carla_msgs/include/carla_msgs/msg/detail/carla_control__functions.c
[1.820s] -- Up-to-date: /home/tofstudent/sa_zhao/install/carla_msgs/include/carla_msgs/msg/detail/carla_traffic_light_info_list__functions.h
[1.821s] -- Up-to-date: /home/tofstudent/sa_zhao/install/carla_msgs/include/carla_msgs/msg/detail/carla_traffic_light_status__functions.c
[1.821s] -- Up-to-date: /home/tofstudent/sa_zhao/install/carla_msgs/include/carla_msgs/msg/detail/carla_ego_vehicle_control__type_support.h
[1.821s] -- Up-to-date: /home/tofstudent/sa_zhao/install/carla_msgs/include/carla_msgs/msg/detail/carla_status__functions.c
[1.822s] -- Up-to-date: /home/tofstudent/sa_zhao/install/carla_msgs/include/carla_msgs/msg/detail/carla_world_info__functions.h
[1.822s] -- Up-to-date: /home/tofstudent/sa_zhao/install/carla_msgs/include/carla_msgs/msg/detail/carla_ego_vehicle_control__struct.h
[1.825s] -- Up-to-date: /home/tofstudent/sa_zhao/install/carla_msgs/include/carla_msgs/msg/detail/carla_walker_control__functions.c
[1.826s] -- Up-to-date: /home/tofstudent/sa_zhao/install/carla_msgs/include/carla_msgs/msg/detail/carla_ego_vehicle_info__functions.c
[1.826s] -- Up-to-date: /home/tofstudent/sa_zhao/install/carla_msgs/include/carla_msgs/msg/detail/carla_traffic_light_status__type_support.h
[1.826s] -- Up-to-date: /home/tofstudent/sa_zhao/install/carla_msgs/include/carla_msgs/msg/detail/carla_bounding_box__functions.c
[1.826s] -- Up-to-date: /home/tofstudent/sa_zhao/install/carla_msgs/include/carla_msgs/msg/detail/carla_traffic_light_status__struct.h
[1.827s] -- Up-to-date: /home/tofstudent/sa_zhao/install/carla_msgs/include/carla_msgs/msg/detail/carla_actor_list__functions.c
[1.827s] -- Up-to-date: /home/tofstudent/sa_zhao/install/carla_msgs/include/carla_msgs/msg/detail/carla_control__struct.h
[1.827s] -- Up-to-date: /home/tofstudent/sa_zhao/install/carla_msgs/include/carla_msgs/msg/detail/carla_ego_vehicle_info__struct.h
[1.828s] -- Up-to-date: /home/tofstudent/sa_zhao/install/carla_msgs/include/carla_msgs/msg/detail/carla_ego_vehicle_info_wheel__struct.h
[1.828s] -- Up-to-date: /home/tofstudent/sa_zhao/install/carla_msgs/include/carla_msgs/msg/detail/carla_traffic_light_info_list__struct.h
[1.828s] -- Up-to-date: /home/tofstudent/sa_zhao/install/carla_msgs/include/carla_msgs/msg/detail/carla_collision_event__functions.h
[1.831s] -- Up-to-date: /home/tofstudent/sa_zhao/install/carla_msgs/include/carla_msgs/msg/detail/carla_bounding_box__struct.h
[1.832s] -- Up-to-date: /home/tofstudent/sa_zhao/install/carla_msgs/include/carla_msgs/msg/detail/carla_traffic_light_info__struct.h
[1.832s] -- Up-to-date: /home/tofstudent/sa_zhao/install/carla_msgs/include/carla_msgs/msg/detail/carla_control__type_support.h
[1.832s] -- Up-to-date: /home/tofstudent/sa_zhao/install/carla_msgs/include/carla_msgs/msg/detail/carla_lane_invasion_event__type_support.h
[1.833s] -- Up-to-date: /home/tofstudent/sa_zhao/install/carla_msgs/include/carla_msgs/msg/detail/carla_weather_parameters__functions.c
[1.833s] -- Up-to-date: /home/tofstudent/sa_zhao/install/carla_msgs/include/carla_msgs/msg/detail/carla_walker_control__type_support.h
[1.834s] -- Up-to-date: /home/tofstudent/sa_zhao/install/carla_msgs/include/carla_msgs/msg/detail/carla_traffic_light_status_list__functions.h
[1.835s] -- Up-to-date: /home/tofstudent/sa_zhao/install/carla_msgs/include/carla_msgs/msg/detail/carla_traffic_light_status_list__type_support.h
[1.835s] -- Up-to-date: /home/tofstudent/sa_zhao/install/carla_msgs/include/carla_msgs/msg/detail/carla_traffic_light_info__functions.c
[1.836s] -- Up-to-date: /home/tofstudent/sa_zhao/install/carla_msgs/include/carla_msgs/msg/detail/carla_collision_event__type_support.h
[1.836s] -- Up-to-date: /home/tofstudent/sa_zhao/install/carla_msgs/include/carla_msgs/msg/detail/carla_lane_invasion_event__functions.c
[1.836s] -- Up-to-date: /home/tofstudent/sa_zhao/install/carla_msgs/include/carla_msgs/msg/detail/carla_ego_vehicle_status__functions.h
[1.837s] -- Up-to-date: /home/tofstudent/sa_zhao/install/carla_msgs/include/carla_msgs/msg/detail/carla_ego_vehicle_info__functions.h
[1.839s] -- Up-to-date: /home/tofstudent/sa_zhao/install/carla_msgs/include/carla_msgs/msg/detail/carla_status__struct.h
[1.840s] -- Up-to-date: /home/tofstudent/sa_zhao/install/carla_msgs/include/carla_msgs/msg/detail/carla_weather_parameters__functions.h
[1.840s] -- Up-to-date: /home/tofstudent/sa_zhao/install/carla_msgs/include/carla_msgs/msg/detail/carla_traffic_light_info__type_support.h
[1.840s] -- Up-to-date: /home/tofstudent/sa_zhao/install/carla_msgs/include/carla_msgs/msg/detail/carla_traffic_light_status_list__struct.h
[1.840s] -- Up-to-date: /home/tofstudent/sa_zhao/install/carla_msgs/include/carla_msgs/msg/detail/carla_traffic_light_info__functions.h
[1.840s] -- Up-to-date: /home/tofstudent/sa_zhao/install/carla_msgs/include/carla_msgs/msg/detail/carla_world_info__functions.c
[1.840s] -- Up-to-date: /home/tofstudent/sa_zhao/install/carla_msgs/include/carla_msgs/msg/detail/carla_traffic_light_status_list__functions.c
[1.840s] -- Up-to-date: /home/tofstudent/sa_zhao/install/carla_msgs/include/carla_msgs/msg/detail/carla_actor_list__struct.h
[1.840s] -- Up-to-date: /home/tofstudent/sa_zhao/install/carla_msgs/include/carla_msgs/msg/detail/carla_actor_info__functions.h
[1.840s] -- Up-to-date: /home/tofstudent/sa_zhao/install/carla_msgs/include/carla_msgs/msg/detail/carla_status__type_support.h
[1.841s] -- Up-to-date: /home/tofstudent/sa_zhao/install/carla_msgs/include/carla_msgs/msg/carla_control.h
[1.841s] -- Up-to-date: /home/tofstudent/sa_zhao/install/carla_msgs/include/carla_msgs/msg/rosidl_generator_c__visibility_control.h
[1.841s] -- Up-to-date: /home/tofstudent/sa_zhao/install/carla_msgs/include/carla_msgs/msg/carla_lane_invasion_event.h
[1.841s] -- Up-to-date: /home/tofstudent/sa_zhao/install/carla_msgs/include/carla_msgs/msg/carla_traffic_light_status.h
[1.841s] -- Up-to-date: /home/tofstudent/sa_zhao/install/carla_msgs/include/carla_msgs/msg/carla_bounding_box.h
[1.841s] -- Up-to-date: /home/tofstudent/sa_zhao/install/carla_msgs/include/carla_msgs/msg/carla_ego_vehicle_info.h
[1.841s] -- Up-to-date: /home/tofstudent/sa_zhao/install/carla_msgs/include/carla_msgs/msg/carla_ego_vehicle_status.h
[1.841s] -- Up-to-date: /home/tofstudent/sa_zhao/install/carla_msgs/include/carla_msgs/msg/carla_actor_info.h
[1.841s] -- Up-to-date: /home/tofstudent/sa_zhao/install/carla_msgs/include/carla_msgs/msg/carla_traffic_light_info_list.h
[1.841s] -- Up-to-date: /home/tofstudent/sa_zhao/install/carla_msgs/share/carla_msgs/environment/library_path.sh
[1.842s] -- Up-to-date: /home/tofstudent/sa_zhao/install/carla_msgs/share/carla_msgs/environment/library_path.dsv
[1.842s] -- Up-to-date: /home/tofstudent/sa_zhao/install/carla_msgs/lib/libcarla_msgs__rosidl_generator_c.so
[1.842s] -- Up-to-date: /home/tofstudent/sa_zhao/install/carla_msgs/include/carla_msgs
[1.842s] -- Up-to-date: /home/tofstudent/sa_zhao/install/carla_msgs/include/carla_msgs/srv
[1.842s] -- Up-to-date: /home/tofstudent/sa_zhao/install/carla_msgs/include/carla_msgs/srv/detail
[1.842s] -- Up-to-date: /home/tofstudent/sa_zhao/install/carla_msgs/include/carla_msgs/srv/detail/spawn_object__rosidl_typesupport_fastrtps_c.h
[1.842s] -- Up-to-date: /home/tofstudent/sa_zhao/install/carla_msgs/include/carla_msgs/srv/detail/destroy_object__rosidl_typesupport_fastrtps_c.h
[1.843s] -- Up-to-date: /home/tofstudent/sa_zhao/install/carla_msgs/include/carla_msgs/srv/detail/get_blueprints__rosidl_typesupport_fastrtps_c.h
[1.843s] -- Up-to-date: /home/tofstudent/sa_zhao/install/carla_msgs/include/carla_msgs/msg
[1.843s] -- Up-to-date: /home/tofstudent/sa_zhao/install/carla_msgs/include/carla_msgs/msg/rosidl_typesupport_fastrtps_c__visibility_control.h
[1.843s] -- Up-to-date: /home/tofstudent/sa_zhao/install/carla_msgs/include/carla_msgs/msg/detail
[1.843s] -- Up-to-date: /home/tofstudent/sa_zhao/install/carla_msgs/include/carla_msgs/msg/detail/carla_traffic_light_info__rosidl_typesupport_fastrtps_c.h
[1.843s] -- Up-to-date: /home/tofstudent/sa_zhao/install/carla_msgs/include/carla_msgs/msg/detail/carla_walker_control__rosidl_typesupport_fastrtps_c.h
[1.843s] -- Up-to-date: /home/tofstudent/sa_zhao/install/carla_msgs/include/carla_msgs/msg/detail/carla_ego_vehicle_control__rosidl_typesupport_fastrtps_c.h
[1.843s] -- Up-to-date: /home/tofstudent/sa_zhao/install/carla_msgs/include/carla_msgs/msg/detail/carla_world_info__rosidl_typesupport_fastrtps_c.h
[1.843s] -- Up-to-date: /home/tofstudent/sa_zhao/install/carla_msgs/include/carla_msgs/msg/detail/carla_ego_vehicle_info__rosidl_typesupport_fastrtps_c.h
[1.844s] -- Up-to-date: /home/tofstudent/sa_zhao/install/carla_msgs/include/carla_msgs/msg/detail/carla_ego_vehicle_info_wheel__rosidl_typesupport_fastrtps_c.h
[1.844s] -- Up-to-date: /home/tofstudent/sa_zhao/install/carla_msgs/include/carla_msgs/msg/detail/carla_traffic_light_info_list__rosidl_typesupport_fastrtps_c.h
[1.844s] -- Up-to-date: /home/tofstudent/sa_zhao/install/carla_msgs/include/carla_msgs/msg/detail/carla_control__rosidl_typesupport_fastrtps_c.h
[1.844s] -- Up-to-date: /home/tofstudent/sa_zhao/install/carla_msgs/include/carla_msgs/msg/detail/carla_ego_vehicle_status__rosidl_typesupport_fastrtps_c.h
[1.844s] -- Up-to-date: /home/tofstudent/sa_zhao/install/carla_msgs/include/carla_msgs/msg/detail/carla_collision_event__rosidl_typesupport_fastrtps_c.h
[1.844s] -- Up-to-date: /home/tofstudent/sa_zhao/install/carla_msgs/include/carla_msgs/msg/detail/carla_traffic_light_status_list__rosidl_typesupport_fastrtps_c.h
[1.844s] -- Up-to-date: /home/tofstudent/sa_zhao/install/carla_msgs/include/carla_msgs/msg/detail/carla_status__rosidl_typesupport_fastrtps_c.h
[1.844s] -- Up-to-date: /home/tofstudent/sa_zhao/install/carla_msgs/include/carla_msgs/msg/detail/carla_weather_parameters__rosidl_typesupport_fastrtps_c.h
[1.844s] -- Up-to-date: /home/tofstudent/sa_zhao/install/carla_msgs/include/carla_msgs/msg/detail/carla_traffic_light_status__rosidl_typesupport_fastrtps_c.h
[1.844s] -- Up-to-date: /home/tofstudent/sa_zhao/install/carla_msgs/include/carla_msgs/msg/detail/carla_bounding_box__rosidl_typesupport_fastrtps_c.h
[1.845s] -- Up-to-date: /home/tofstudent/sa_zhao/install/carla_msgs/include/carla_msgs/msg/detail/carla_lane_invasion_event__rosidl_typesupport_fastrtps_c.h
[1.845s] -- Up-to-date: /home/tofstudent/sa_zhao/install/carla_msgs/include/carla_msgs/msg/detail/carla_actor_list__rosidl_typesupport_fastrtps_c.h
[1.845s] -- Up-to-date: /home/tofstudent/sa_zhao/install/carla_msgs/include/carla_msgs/msg/detail/carla_actor_info__rosidl_typesupport_fastrtps_c.h
[1.845s] -- Up-to-date: /home/tofstudent/sa_zhao/install/carla_msgs/lib/libcarla_msgs__rosidl_typesupport_fastrtps_c.so
[1.845s] -- Up-to-date: /home/tofstudent/sa_zhao/install/carla_msgs/include/carla_msgs
[1.845s] -- Up-to-date: /home/tofstudent/sa_zhao/install/carla_msgs/include/carla_msgs/srv
[1.845s] -- Up-to-date: /home/tofstudent/sa_zhao/install/carla_msgs/include/carla_msgs/srv/detail
[1.845s] -- Up-to-date: /home/tofstudent/sa_zhao/install/carla_msgs/include/carla_msgs/srv/detail/get_blueprints__rosidl_typesupport_fastrtps_cpp.hpp
[1.845s] -- Up-to-date: /home/tofstudent/sa_zhao/install/carla_msgs/include/carla_msgs/srv/detail/dds_fastrtps
[1.846s] -- Up-to-date: /home/tofstudent/sa_zhao/install/carla_msgs/include/carla_msgs/srv/detail/destroy_object__rosidl_typesupport_fastrtps_cpp.hpp
[1.846s] -- Up-to-date: /home/tofstudent/sa_zhao/install/carla_msgs/include/carla_msgs/srv/detail/spawn_object__rosidl_typesupport_fastrtps_cpp.hpp
[1.846s] -- Up-to-date: /home/tofstudent/sa_zhao/install/carla_msgs/include/carla_msgs/msg
[1.846s] -- Up-to-date: /home/tofstudent/sa_zhao/install/carla_msgs/include/carla_msgs/msg/rosidl_typesupport_fastrtps_cpp__visibility_control.h
[1.846s] -- Up-to-date: /home/tofstudent/sa_zhao/install/carla_msgs/include/carla_msgs/msg/detail
[1.846s] -- Up-to-date: /home/tofstudent/sa_zhao/install/carla_msgs/include/carla_msgs/msg/detail/carla_status__rosidl_typesupport_fastrtps_cpp.hpp
[1.846s] -- Up-to-date: /home/tofstudent/sa_zhao/install/carla_msgs/include/carla_msgs/msg/detail/carla_bounding_box__rosidl_typesupport_fastrtps_cpp.hpp
[1.846s] -- Up-to-date: /home/tofstudent/sa_zhao/install/carla_msgs/include/carla_msgs/msg/detail/carla_traffic_light_info__rosidl_typesupport_fastrtps_cpp.hpp
[1.846s] -- Up-to-date: /home/tofstudent/sa_zhao/install/carla_msgs/include/carla_msgs/msg/detail/carla_ego_vehicle_info__rosidl_typesupport_fastrtps_cpp.hpp
[1.846s] -- Up-to-date: /home/tofstudent/sa_zhao/install/carla_msgs/include/carla_msgs/msg/detail/carla_world_info__rosidl_typesupport_fastrtps_cpp.hpp
[1.847s] -- Up-to-date: /home/tofstudent/sa_zhao/install/carla_msgs/include/carla_msgs/msg/detail/carla_control__rosidl_typesupport_fastrtps_cpp.hpp
[1.847s] -- Up-to-date: /home/tofstudent/sa_zhao/install/carla_msgs/include/carla_msgs/msg/detail/carla_ego_vehicle_info_wheel__rosidl_typesupport_fastrtps_cpp.hpp
[1.847s] -- Up-to-date: /home/tofstudent/sa_zhao/install/carla_msgs/include/carla_msgs/msg/detail/carla_collision_event__rosidl_typesupport_fastrtps_cpp.hpp
[1.847s] -- Up-to-date: /home/tofstudent/sa_zhao/install/carla_msgs/include/carla_msgs/msg/detail/carla_traffic_light_status_list__rosidl_typesupport_fastrtps_cpp.hpp
[1.847s] -- Up-to-date: /home/tofstudent/sa_zhao/install/carla_msgs/include/carla_msgs/msg/detail/carla_actor_info__rosidl_typesupport_fastrtps_cpp.hpp
[1.847s] -- Up-to-date: /home/tofstudent/sa_zhao/install/carla_msgs/include/carla_msgs/msg/detail/carla_lane_invasion_event__rosidl_typesupport_fastrtps_cpp.hpp
[1.847s] -- Up-to-date: /home/tofstudent/sa_zhao/install/carla_msgs/include/carla_msgs/msg/detail/carla_ego_vehicle_status__rosidl_typesupport_fastrtps_cpp.hpp
[1.847s] -- Up-to-date: /home/tofstudent/sa_zhao/install/carla_msgs/include/carla_msgs/msg/detail/carla_ego_vehicle_control__rosidl_typesupport_fastrtps_cpp.hpp
[1.847s] -- Up-to-date: /home/tofstudent/sa_zhao/install/carla_msgs/include/carla_msgs/msg/detail/carla_actor_list__rosidl_typesupport_fastrtps_cpp.hpp
[1.848s] -- Up-to-date: /home/tofstudent/sa_zhao/install/carla_msgs/include/carla_msgs/msg/detail/dds_fastrtps
[1.848s] -- Up-to-date: /home/tofstudent/sa_zhao/install/carla_msgs/include/carla_msgs/msg/detail/carla_walker_control__rosidl_typesupport_fastrtps_cpp.hpp
[1.848s] -- Up-to-date: /home/tofstudent/sa_zhao/install/carla_msgs/include/carla_msgs/msg/detail/carla_traffic_light_info_list__rosidl_typesupport_fastrtps_cpp.hpp
[1.848s] -- Up-to-date: /home/tofstudent/sa_zhao/install/carla_msgs/include/carla_msgs/msg/detail/carla_traffic_light_status__rosidl_typesupport_fastrtps_cpp.hpp
[1.848s] -- Up-to-date: /home/tofstudent/sa_zhao/install/carla_msgs/include/carla_msgs/msg/detail/carla_weather_parameters__rosidl_typesupport_fastrtps_cpp.hpp
[1.848s] -- Up-to-date: /home/tofstudent/sa_zhao/install/carla_msgs/lib/libcarla_msgs__rosidl_typesupport_fastrtps_cpp.so
[1.848s] -- Up-to-date: /home/tofstudent/sa_zhao/install/carla_msgs/include/carla_msgs
[1.848s] -- Up-to-date: /home/tofstudent/sa_zhao/install/carla_msgs/include/carla_msgs/srv
[1.848s] -- Up-to-date: /home/tofstudent/sa_zhao/install/carla_msgs/include/carla_msgs/srv/detail
[1.848s] -- Up-to-date: /home/tofstudent/sa_zhao/install/carla_msgs/include/carla_msgs/srv/detail/get_blueprints__rosidl_typesupport_introspection_c.h
[1.849s] -- Up-to-date: /home/tofstudent/sa_zhao/install/carla_msgs/include/carla_msgs/srv/detail/spawn_object__type_support.c
[1.849s] -- Up-to-date: /home/tofstudent/sa_zhao/install/carla_msgs/include/carla_msgs/srv/detail/destroy_object__type_support.c
[1.849s] -- Up-to-date: /home/tofstudent/sa_zhao/install/carla_msgs/include/carla_msgs/srv/detail/spawn_object__rosidl_typesupport_introspection_c.h
[1.849s] -- Up-to-date: /home/tofstudent/sa_zhao/install/carla_msgs/include/carla_msgs/srv/detail/destroy_object__rosidl_typesupport_introspection_c.h
[1.849s] -- Up-to-date: /home/tofstudent/sa_zhao/install/carla_msgs/include/carla_msgs/srv/detail/get_blueprints__type_support.c
[1.849s] -- Up-to-date: /home/tofstudent/sa_zhao/install/carla_msgs/include/carla_msgs/msg
[1.849s] -- Up-to-date: /home/tofstudent/sa_zhao/install/carla_msgs/include/carla_msgs/msg/detail
[1.849s] -- Up-to-date: /home/tofstudent/sa_zhao/install/carla_msgs/include/carla_msgs/msg/detail/carla_ego_vehicle_control__type_support.c
[1.849s] -- Up-to-date: /home/tofstudent/sa_zhao/install/carla_msgs/include/carla_msgs/msg/detail/carla_traffic_light_info_list__rosidl_typesupport_introspection_c.h
[1.849s] -- Up-to-date: /home/tofstudent/sa_zhao/install/carla_msgs/include/carla_msgs/msg/detail/carla_traffic_light_status_list__rosidl_typesupport_introspection_c.h
[1.850s] -- Up-to-date: /home/tofstudent/sa_zhao/install/carla_msgs/include/carla_msgs/msg/detail/carla_collision_event__rosidl_typesupport_introspection_c.h
[1.850s] -- Up-to-date: /home/tofstudent/sa_zhao/install/carla_msgs/include/carla_msgs/msg/detail/carla_ego_vehicle_info_wheel__rosidl_typesupport_introspection_c.h
[1.850s] -- Up-to-date: /home/tofstudent/sa_zhao/install/carla_msgs/include/carla_msgs/msg/detail/carla_lane_invasion_event__type_support.c
[1.850s] -- Up-to-date: /home/tofstudent/sa_zhao/install/carla_msgs/include/carla_msgs/msg/detail/carla_traffic_light_info__rosidl_typesupport_introspection_c.h
[1.850s] -- Up-to-date: /home/tofstudent/sa_zhao/install/carla_msgs/include/carla_msgs/msg/detail/carla_world_info__type_support.c
[1.850s] -- Up-to-date: /home/tofstudent/sa_zhao/install/carla_msgs/include/carla_msgs/msg/detail/carla_traffic_light_info_list__type_support.c
[1.850s] -- Up-to-date: /home/tofstudent/sa_zhao/install/carla_msgs/include/carla_msgs/msg/detail/carla_actor_info__type_support.c
[1.850s] -- Up-to-date: /home/tofstudent/sa_zhao/install/carla_msgs/include/carla_msgs/msg/detail/carla_traffic_light_status__rosidl_typesupport_introspection_c.h
[1.850s] -- Up-to-date: /home/tofstudent/sa_zhao/install/carla_msgs/include/carla_msgs/msg/detail/carla_ego_vehicle_status__rosidl_typesupport_introspection_c.h
[1.851s] -- Up-to-date: /home/tofstudent/sa_zhao/install/carla_msgs/include/carla_msgs/msg/detail/carla_control__type_support.c
[1.851s] -- Up-to-date: /home/tofstudent/sa_zhao/install/carla_msgs/include/carla_msgs/msg/detail/carla_traffic_light_status__type_support.c
[1.851s] -- Up-to-date: /home/tofstudent/sa_zhao/install/carla_msgs/include/carla_msgs/msg/detail/carla_collision_event__type_support.c
[1.851s] -- Up-to-date: /home/tofstudent/sa_zhao/install/carla_msgs/include/carla_msgs/msg/detail/carla_ego_vehicle_info_wheel__type_support.c
[1.851s] -- Up-to-date: /home/tofstudent/sa_zhao/install/carla_msgs/include/carla_msgs/msg/detail/carla_traffic_light_status_list__type_support.c
[1.851s] -- Up-to-date: /home/tofstudent/sa_zhao/install/carla_msgs/include/carla_msgs/msg/detail/carla_traffic_light_info__type_support.c
[1.851s] -- Up-to-date: /home/tofstudent/sa_zhao/install/carla_msgs/include/carla_msgs/msg/detail/carla_bounding_box__rosidl_typesupport_introspection_c.h
[1.851s] -- Up-to-date: /home/tofstudent/sa_zhao/install/carla_msgs/include/carla_msgs/msg/detail/carla_actor_info__rosidl_typesupport_introspection_c.h
[1.851s] -- Up-to-date: /home/tofstudent/sa_zhao/install/carla_msgs/include/carla_msgs/msg/detail/carla_ego_vehicle_info__type_support.c
[1.851s] -- Up-to-date: /home/tofstudent/sa_zhao/install/carla_msgs/include/carla_msgs/msg/detail/carla_bounding_box__type_support.c
[1.852s] -- Up-to-date: /home/tofstudent/sa_zhao/install/carla_msgs/include/carla_msgs/msg/detail/carla_walker_control__type_support.c
[1.852s] -- Up-to-date: /home/tofstudent/sa_zhao/install/carla_msgs/include/carla_msgs/msg/detail/carla_status__type_support.c
[1.852s] -- Up-to-date: /home/tofstudent/sa_zhao/install/carla_msgs/include/carla_msgs/msg/detail/carla_ego_vehicle_control__rosidl_typesupport_introspection_c.h
[1.852s] -- Up-to-date: /home/tofstudent/sa_zhao/install/carla_msgs/include/carla_msgs/msg/detail/carla_status__rosidl_typesupport_introspection_c.h
[1.852s] -- Up-to-date: /home/tofstudent/sa_zhao/install/carla_msgs/include/carla_msgs/msg/detail/carla_weather_parameters__type_support.c
[1.852s] -- Up-to-date: /home/tofstudent/sa_zhao/install/carla_msgs/include/carla_msgs/msg/detail/carla_weather_parameters__rosidl_typesupport_introspection_c.h
[1.852s] -- Up-to-date: /home/tofstudent/sa_zhao/install/carla_msgs/include/carla_msgs/msg/detail/carla_ego_vehicle_status__type_support.c
[1.852s] -- Up-to-date: /home/tofstudent/sa_zhao/install/carla_msgs/include/carla_msgs/msg/detail/carla_lane_invasion_event__rosidl_typesupport_introspection_c.h
[1.852s] -- Up-to-date: /home/tofstudent/sa_zhao/install/carla_msgs/include/carla_msgs/msg/detail/carla_world_info__rosidl_typesupport_introspection_c.h
[1.852s] -- Up-to-date: /home/tofstudent/sa_zhao/install/carla_msgs/include/carla_msgs/msg/detail/carla_walker_control__rosidl_typesupport_introspection_c.h
[1.853s] -- Up-to-date: /home/tofstudent/sa_zhao/install/carla_msgs/include/carla_msgs/msg/detail/carla_actor_list__rosidl_typesupport_introspection_c.h
[1.853s] -- Up-to-date: /home/tofstudent/sa_zhao/install/carla_msgs/include/carla_msgs/msg/detail/carla_actor_list__type_support.c
[1.853s] -- Up-to-date: /home/tofstudent/sa_zhao/install/carla_msgs/include/carla_msgs/msg/detail/carla_ego_vehicle_info__rosidl_typesupport_introspection_c.h
[1.853s] -- Up-to-date: /home/tofstudent/sa_zhao/install/carla_msgs/include/carla_msgs/msg/detail/carla_control__rosidl_typesupport_introspection_c.h
[1.853s] -- Up-to-date: /home/tofstudent/sa_zhao/install/carla_msgs/include/carla_msgs/msg/rosidl_typesupport_introspection_c__visibility_control.h
[1.853s] -- Up-to-date: /home/tofstudent/sa_zhao/install/carla_msgs/lib/libcarla_msgs__rosidl_typesupport_introspection_c.so
[1.853s] -- Up-to-date: /home/tofstudent/sa_zhao/install/carla_msgs/lib/libcarla_msgs__rosidl_typesupport_c.so
[1.853s] -- Up-to-date: /home/tofstudent/sa_zhao/install/carla_msgs/include/carla_msgs
[1.853s] -- Up-to-date: /home/tofstudent/sa_zhao/install/carla_msgs/include/carla_msgs/srv
[1.854s] -- Up-to-date: /home/tofstudent/sa_zhao/install/carla_msgs/include/carla_msgs/srv/detail
[1.854s] -- Up-to-date: /home/tofstudent/sa_zhao/install/carla_msgs/include/carla_msgs/srv/detail/destroy_object__builder.hpp
[1.854s] -- Up-to-date: /home/tofstudent/sa_zhao/install/carla_msgs/include/carla_msgs/srv/detail/spawn_object__builder.hpp
[1.854s] -- Up-to-date: /home/tofstudent/sa_zhao/install/carla_msgs/include/carla_msgs/srv/detail/spawn_object__traits.hpp
[1.854s] -- Up-to-date: /home/tofstudent/sa_zhao/install/carla_msgs/include/carla_msgs/srv/detail/get_blueprints__builder.hpp
[1.854s] -- Up-to-date: /home/tofstudent/sa_zhao/install/carla_msgs/include/carla_msgs/srv/detail/spawn_object__struct.hpp
[1.854s] -- Up-to-date: /home/tofstudent/sa_zhao/install/carla_msgs/include/carla_msgs/srv/detail/destroy_object__traits.hpp
[1.854s] -- Up-to-date: /home/tofstudent/sa_zhao/install/carla_msgs/include/carla_msgs/srv/detail/destroy_object__struct.hpp
[1.854s] -- Up-to-date: /home/tofstudent/sa_zhao/install/carla_msgs/include/carla_msgs/srv/detail/get_blueprints__traits.hpp
[1.854s] -- Up-to-date: /home/tofstudent/sa_zhao/install/carla_msgs/include/carla_msgs/srv/detail/get_blueprints__struct.hpp
[1.855s] -- Up-to-date: /home/tofstudent/sa_zhao/install/carla_msgs/include/carla_msgs/srv/spawn_object.hpp
[1.855s] -- Up-to-date: /home/tofstudent/sa_zhao/install/carla_msgs/include/carla_msgs/srv/destroy_object.hpp
[1.855s] -- Up-to-date: /home/tofstudent/sa_zhao/install/carla_msgs/include/carla_msgs/srv/get_blueprints.hpp
[1.855s] -- Up-to-date: /home/tofstudent/sa_zhao/install/carla_msgs/include/carla_msgs/msg
[1.855s] -- Up-to-date: /home/tofstudent/sa_zhao/install/carla_msgs/include/carla_msgs/msg/carla_ego_vehicle_info_wheel.hpp
[1.855s] -- Up-to-date: /home/tofstudent/sa_zhao/install/carla_msgs/include/carla_msgs/msg/carla_ego_vehicle_info.hpp
[1.855s] -- Up-to-date: /home/tofstudent/sa_zhao/install/carla_msgs/include/carla_msgs/msg/carla_world_info.hpp
[1.855s] -- Up-to-date: /home/tofstudent/sa_zhao/install/carla_msgs/include/carla_msgs/msg/carla_traffic_light_info_list.hpp
[1.855s] -- Up-to-date: /home/tofstudent/sa_zhao/install/carla_msgs/include/carla_msgs/msg/carla_traffic_light_info.hpp
[1.855s] -- Up-to-date: /home/tofstudent/sa_zhao/install/carla_msgs/include/carla_msgs/msg/detail
[1.856s] -- Up-to-date: /home/tofstudent/sa_zhao/install/carla_msgs/include/carla_msgs/msg/detail/carla_traffic_light_info_list__traits.hpp
[1.856s] -- Up-to-date: /home/tofstudent/sa_zhao/install/carla_msgs/include/carla_msgs/msg/detail/carla_lane_invasion_event__struct.hpp
[1.856s] -- Up-to-date: /home/tofstudent/sa_zhao/install/carla_msgs/include/carla_msgs/msg/detail/carla_weather_parameters__builder.hpp
[1.856s] -- Up-to-date: /home/tofstudent/sa_zhao/install/carla_msgs/include/carla_msgs/msg/detail/carla_walker_control__builder.hpp
[1.856s] -- Up-to-date: /home/tofstudent/sa_zhao/install/carla_msgs/include/carla_msgs/msg/detail/carla_actor_info__builder.hpp
[1.856s] -- Up-to-date: /home/tofstudent/sa_zhao/install/carla_msgs/include/carla_msgs/msg/detail/carla_ego_vehicle_control__builder.hpp
[1.856s] -- Up-to-date: /home/tofstudent/sa_zhao/install/carla_msgs/include/carla_msgs/msg/detail/carla_actor_info__struct.hpp
[1.856s] -- Up-to-date: /home/tofstudent/sa_zhao/install/carla_msgs/include/carla_msgs/msg/detail/carla_world_info__traits.hpp
[1.856s] -- Up-to-date: /home/tofstudent/sa_zhao/install/carla_msgs/include/carla_msgs/msg/detail/carla_actor_list__traits.hpp
[1.857s] -- Up-to-date: /home/tofstudent/sa_zhao/install/carla_msgs/include/carla_msgs/msg/detail/carla_collision_event__struct.hpp
[1.857s] -- Up-to-date: /home/tofstudent/sa_zhao/install/carla_msgs/include/carla_msgs/msg/detail/carla_ego_vehicle_info__traits.hpp
[1.857s] -- Up-to-date: /home/tofstudent/sa_zhao/install/carla_msgs/include/carla_msgs/msg/detail/carla_ego_vehicle_status__builder.hpp
[1.857s] -- Up-to-date: /home/tofstudent/sa_zhao/install/carla_msgs/include/carla_msgs/msg/detail/carla_bounding_box__traits.hpp
[1.857s] -- Up-to-date: /home/tofstudent/sa_zhao/install/carla_msgs/include/carla_msgs/msg/detail/carla_weather_parameters__traits.hpp
[1.857s] -- Up-to-date: /home/tofstudent/sa_zhao/install/carla_msgs/include/carla_msgs/msg/detail/carla_ego_vehicle_status__traits.hpp
[1.857s] -- Up-to-date: /home/tofstudent/sa_zhao/install/carla_msgs/include/carla_msgs/msg/detail/carla_collision_event__builder.hpp
[1.857s] -- Up-to-date: /home/tofstudent/sa_zhao/install/carla_msgs/include/carla_msgs/msg/detail/carla_traffic_light_status__struct.hpp
[1.857s] -- Up-to-date: /home/tofstudent/sa_zhao/install/carla_msgs/include/carla_msgs/msg/detail/carla_bounding_box__struct.hpp
[1.857s] -- Up-to-date: /home/tofstudent/sa_zhao/install/carla_msgs/include/carla_msgs/msg/detail/carla_collision_event__traits.hpp
[1.858s] -- Up-to-date: /home/tofstudent/sa_zhao/install/carla_msgs/include/carla_msgs/msg/detail/carla_control__builder.hpp
[1.858s] -- Up-to-date: /home/tofstudent/sa_zhao/install/carla_msgs/include/carla_msgs/msg/detail/carla_walker_control__traits.hpp
[1.859s] -- Up-to-date: /home/tofstudent/sa_zhao/install/carla_msgs/include/carla_msgs/msg/detail/carla_world_info__struct.hpp
[1.859s] -- Up-to-date: /home/tofstudent/sa_zhao/install/carla_msgs/include/carla_msgs/msg/detail/carla_actor_list__struct.hpp
[1.860s] -- Up-to-date: /home/tofstudent/sa_zhao/install/carla_msgs/include/carla_msgs/msg/detail/carla_traffic_light_status_list__struct.hpp
[1.871s] -- Up-to-date: /home/tofstudent/sa_zhao/install/carla_msgs/include/carla_msgs/msg/detail/carla_weather_parameters__struct.hpp
[1.871s] -- Up-to-date: /home/tofstudent/sa_zhao/install/carla_msgs/include/carla_msgs/msg/detail/carla_traffic_light_status_list__traits.hpp
[1.872s] -- Up-to-date: /home/tofstudent/sa_zhao/install/carla_msgs/include/carla_msgs/msg/detail/carla_ego_vehicle_info__builder.hpp
[1.872s] -- Up-to-date: /home/tofstudent/sa_zhao/install/carla_msgs/include/carla_msgs/msg/detail/carla_walker_control__struct.hpp
[1.872s] -- Up-to-date: /home/tofstudent/sa_zhao/install/carla_msgs/include/carla_msgs/msg/detail/carla_traffic_light_status_list__builder.hpp
[1.873s] -- Up-to-date: /home/tofstudent/sa_zhao/install/carla_msgs/include/carla_msgs/msg/detail/carla_status__builder.hpp
[1.873s] -- Up-to-date: /home/tofstudent/sa_zhao/install/carla_msgs/include/carla_msgs/msg/detail/carla_status__traits.hpp
[1.873s] -- Up-to-date: /home/tofstudent/sa_zhao/install/carla_msgs/include/carla_msgs/msg/detail/carla_traffic_light_status__traits.hpp
[1.874s] -- Up-to-date: /home/tofstudent/sa_zhao/install/carla_msgs/include/carla_msgs/msg/detail/carla_ego_vehicle_status__struct.hpp
[1.874s] -- Up-to-date: /home/tofstudent/sa_zhao/install/carla_msgs/include/carla_msgs/msg/detail/carla_traffic_light_info_list__struct.hpp
[1.874s] -- Up-to-date: /home/tofstudent/sa_zhao/install/carla_msgs/include/carla_msgs/msg/detail/carla_traffic_light_status__builder.hpp
[1.875s] -- Up-to-date: /home/tofstudent/sa_zhao/install/carla_msgs/include/carla_msgs/msg/detail/carla_bounding_box__builder.hpp
[1.875s] -- Up-to-date: /home/tofstudent/sa_zhao/install/carla_msgs/include/carla_msgs/msg/detail/carla_traffic_light_info__struct.hpp
[1.875s] -- Up-to-date: /home/tofstudent/sa_zhao/install/carla_msgs/include/carla_msgs/msg/detail/carla_traffic_light_info_list__builder.hpp
[1.875s] -- Up-to-date: /home/tofstudent/sa_zhao/install/carla_msgs/include/carla_msgs/msg/detail/carla_actor_info__traits.hpp
[1.876s] -- Up-to-date: /home/tofstudent/sa_zhao/install/carla_msgs/include/carla_msgs/msg/detail/carla_control__traits.hpp
[1.876s] -- Up-to-date: /home/tofstudent/sa_zhao/install/carla_msgs/include/carla_msgs/msg/detail/carla_ego_vehicle_info_wheel__traits.hpp
[1.876s] -- Up-to-date: /home/tofstudent/sa_zhao/install/carla_msgs/include/carla_msgs/msg/detail/carla_lane_invasion_event__builder.hpp
[1.877s] -- Up-to-date: /home/tofstudent/sa_zhao/install/carla_msgs/include/carla_msgs/msg/detail/carla_ego_vehicle_control__struct.hpp
[1.877s] -- Up-to-date: /home/tofstudent/sa_zhao/install/carla_msgs/include/carla_msgs/msg/detail/carla_traffic_light_info__traits.hpp
[1.877s] -- Up-to-date: /home/tofstudent/sa_zhao/install/carla_msgs/include/carla_msgs/msg/detail/carla_ego_vehicle_control__traits.hpp
[1.878s] -- Up-to-date: /home/tofstudent/sa_zhao/install/carla_msgs/include/carla_msgs/msg/detail/carla_traffic_light_info__builder.hpp
[1.878s] -- Up-to-date: /home/tofstudent/sa_zhao/install/carla_msgs/include/carla_msgs/msg/detail/carla_world_info__builder.hpp
[1.878s] -- Up-to-date: /home/tofstudent/sa_zhao/install/carla_msgs/include/carla_msgs/msg/detail/carla_ego_vehicle_info__struct.hpp
[1.881s] -- Up-to-date: /home/tofstudent/sa_zhao/install/carla_msgs/include/carla_msgs/msg/detail/carla_control__struct.hpp
[1.882s] -- Up-to-date: /home/tofstudent/sa_zhao/install/carla_msgs/include/carla_msgs/msg/detail/carla_actor_list__builder.hpp
[1.882s] -- Up-to-date: /home/tofstudent/sa_zhao/install/carla_msgs/include/carla_msgs/msg/detail/carla_status__struct.hpp
[1.882s] -- Up-to-date: /home/tofstudent/sa_zhao/install/carla_msgs/include/carla_msgs/msg/detail/carla_ego_vehicle_info_wheel__struct.hpp
[1.883s] -- Up-to-date: /home/tofstudent/sa_zhao/install/carla_msgs/include/carla_msgs/msg/detail/carla_lane_invasion_event__traits.hpp
[1.883s] -- Up-to-date: /home/tofstudent/sa_zhao/install/carla_msgs/include/carla_msgs/msg/detail/carla_ego_vehicle_info_wheel__builder.hpp
[1.883s] -- Up-to-date: /home/tofstudent/sa_zhao/install/carla_msgs/include/carla_msgs/msg/carla_status.hpp
[1.883s] -- Up-to-date: /home/tofstudent/sa_zhao/install/carla_msgs/include/carla_msgs/msg/carla_weather_parameters.hpp
[1.883s] -- Up-to-date: /home/tofstudent/sa_zhao/install/carla_msgs/include/carla_msgs/msg/carla_traffic_light_status_list.hpp
[1.883s] -- Up-to-date: /home/tofstudent/sa_zhao/install/carla_msgs/include/carla_msgs/msg/carla_lane_invasion_event.hpp
[1.883s] -- Up-to-date: /home/tofstudent/sa_zhao/install/carla_msgs/include/carla_msgs/msg/carla_actor_info.hpp
[1.883s] -- Up-to-date: /home/tofstudent/sa_zhao/install/carla_msgs/include/carla_msgs/msg/carla_actor_list.hpp
[1.883s] -- Up-to-date: /home/tofstudent/sa_zhao/install/carla_msgs/include/carla_msgs/msg/carla_ego_vehicle_status.hpp
[1.884s] -- Up-to-date: /home/tofstudent/sa_zhao/install/carla_msgs/include/carla_msgs/msg/carla_traffic_light_status.hpp
[1.884s] -- Up-to-date: /home/tofstudent/sa_zhao/install/carla_msgs/include/carla_msgs/msg/carla_collision_event.hpp
[1.884s] -- Up-to-date: /home/tofstudent/sa_zhao/install/carla_msgs/include/carla_msgs/msg/carla_ego_vehicle_control.hpp
[1.884s] -- Up-to-date: /home/tofstudent/sa_zhao/install/carla_msgs/include/carla_msgs/msg/carla_control.hpp
[1.884s] -- Up-to-date: /home/tofstudent/sa_zhao/install/carla_msgs/include/carla_msgs/msg/carla_bounding_box.hpp
[1.884s] -- Up-to-date: /home/tofstudent/sa_zhao/install/carla_msgs/include/carla_msgs/msg/carla_walker_control.hpp
[1.884s] -- Up-to-date: /home/tofstudent/sa_zhao/install/carla_msgs/include/carla_msgs
[1.885s] -- Up-to-date: /home/tofstudent/sa_zhao/install/carla_msgs/include/carla_msgs/srv
[1.885s] -- Up-to-date: /home/tofstudent/sa_zhao/install/carla_msgs/include/carla_msgs/srv/detail
[1.886s] -- Up-to-date: /home/tofstudent/sa_zhao/install/carla_msgs/include/carla_msgs/srv/detail/destroy_object__type_support.cpp
[1.886s] -- Up-to-date: /home/tofstudent/sa_zhao/install/carla_msgs/include/carla_msgs/srv/detail/spawn_object__type_support.cpp
[1.887s] -- Up-to-date: /home/tofstudent/sa_zhao/install/carla_msgs/include/carla_msgs/srv/detail/destroy_object__rosidl_typesupport_introspection_cpp.hpp
[1.887s] -- Up-to-date: /home/tofstudent/sa_zhao/install/carla_msgs/include/carla_msgs/srv/detail/get_blueprints__type_support.cpp
[1.887s] -- Up-to-date: /home/tofstudent/sa_zhao/install/carla_msgs/include/carla_msgs/srv/detail/get_blueprints__rosidl_typesupport_introspection_cpp.hpp
[1.888s] -- Up-to-date: /home/tofstudent/sa_zhao/install/carla_msgs/include/carla_msgs/srv/detail/spawn_object__rosidl_typesupport_introspection_cpp.hpp
[1.888s] -- Up-to-date: /home/tofstudent/sa_zhao/install/carla_msgs/include/carla_msgs/msg
[1.888s] -- Up-to-date: /home/tofstudent/sa_zhao/install/carla_msgs/include/carla_msgs/msg/detail
[1.892s] -- Up-to-date: /home/tofstudent/sa_zhao/install/carla_msgs/include/carla_msgs/msg/detail/carla_traffic_light_status__type_support.cpp
[1.892s] -- Up-to-date: /home/tofstudent/sa_zhao/install/carla_msgs/include/carla_msgs/msg/detail/carla_status__rosidl_typesupport_introspection_cpp.hpp
[1.892s] -- Up-to-date: /home/tofstudent/sa_zhao/install/carla_msgs/include/carla_msgs/msg/detail/carla_ego_vehicle_control__rosidl_typesupport_introspection_cpp.hpp
[1.893s] -- Up-to-date: /home/tofstudent/sa_zhao/install/carla_msgs/include/carla_msgs/msg/detail/carla_control__rosidl_typesupport_introspection_cpp.hpp
[1.893s] -- Up-to-date: /home/tofstudent/sa_zhao/install/carla_msgs/include/carla_msgs/msg/detail/carla_control__type_support.cpp
[1.893s] -- Up-to-date: /home/tofstudent/sa_zhao/install/carla_msgs/include/carla_msgs/msg/detail/carla_ego_vehicle_status__rosidl_typesupport_introspection_cpp.hpp
[1.894s] -- Up-to-date: /home/tofstudent/sa_zhao/install/carla_msgs/include/carla_msgs/msg/detail/carla_actor_info__type_support.cpp
[1.894s] -- Up-to-date: /home/tofstudent/sa_zhao/install/carla_msgs/include/carla_msgs/msg/detail/carla_status__type_support.cpp
[1.894s] -- Up-to-date: /home/tofstudent/sa_zhao/install/carla_msgs/include/carla_msgs/msg/detail/carla_actor_info__rosidl_typesupport_introspection_cpp.hpp
[1.895s] -- Up-to-date: /home/tofstudent/sa_zhao/install/carla_msgs/include/carla_msgs/msg/detail/carla_actor_list__type_support.cpp
[1.896s] -- Up-to-date: /home/tofstudent/sa_zhao/install/carla_msgs/include/carla_msgs/msg/detail/carla_lane_invasion_event__rosidl_typesupport_introspection_cpp.hpp
[1.899s] -- Up-to-date: /home/tofstudent/sa_zhao/install/carla_msgs/include/carla_msgs/msg/detail/carla_weather_parameters__type_support.cpp
[1.899s] -- Up-to-date: /home/tofstudent/sa_zhao/install/carla_msgs/include/carla_msgs/msg/detail/carla_collision_event__type_support.cpp
[1.900s] -- Up-to-date: /home/tofstudent/sa_zhao/install/carla_msgs/include/carla_msgs/msg/detail/carla_ego_vehicle_info_wheel__type_support.cpp
[1.900s] -- Up-to-date: /home/tofstudent/sa_zhao/install/carla_msgs/include/carla_msgs/msg/detail/carla_traffic_light_info__type_support.cpp
[1.900s] -- Up-to-date: /home/tofstudent/sa_zhao/install/carla_msgs/include/carla_msgs/msg/detail/carla_bounding_box__rosidl_typesupport_introspection_cpp.hpp
[1.901s] -- Up-to-date: /home/tofstudent/sa_zhao/install/carla_msgs/include/carla_msgs/msg/detail/carla_traffic_light_info_list__rosidl_typesupport_introspection_cpp.hpp
[1.901s] -- Up-to-date: /home/tofstudent/sa_zhao/install/carla_msgs/include/carla_msgs/msg/detail/carla_ego_vehicle_info__type_support.cpp
[1.901s] -- Up-to-date: /home/tofstudent/sa_zhao/install/carla_msgs/include/carla_msgs/msg/detail/carla_weather_parameters__rosidl_typesupport_introspection_cpp.hpp
[1.902s] -- Up-to-date: /home/tofstudent/sa_zhao/install/carla_msgs/include/carla_msgs/msg/detail/carla_walker_control__type_support.cpp
[1.902s] -- Up-to-date: /home/tofstudent/sa_zhao/install/carla_msgs/include/carla_msgs/msg/detail/carla_traffic_light_info__rosidl_typesupport_introspection_cpp.hpp
[1.902s] -- Up-to-date: /home/tofstudent/sa_zhao/install/carla_msgs/include/carla_msgs/msg/detail/carla_ego_vehicle_info_wheel__rosidl_typesupport_introspection_cpp.hpp
[1.903s] -- Up-to-date: /home/tofstudent/sa_zhao/install/carla_msgs/include/carla_msgs/msg/detail/carla_world_info__rosidl_typesupport_introspection_cpp.hpp
[1.903s] -- Up-to-date: /home/tofstudent/sa_zhao/install/carla_msgs/include/carla_msgs/msg/detail/carla_collision_event__rosidl_typesupport_introspection_cpp.hpp
[1.903s] -- Up-to-date: /home/tofstudent/sa_zhao/install/carla_msgs/include/carla_msgs/msg/detail/carla_actor_list__rosidl_typesupport_introspection_cpp.hpp
[1.904s] -- Up-to-date: /home/tofstudent/sa_zhao/install/carla_msgs/include/carla_msgs/msg/detail/carla_walker_control__rosidl_typesupport_introspection_cpp.hpp
[1.904s] -- Up-to-date: /home/tofstudent/sa_zhao/install/carla_msgs/include/carla_msgs/msg/detail/carla_ego_vehicle_control__type_support.cpp
[1.904s] -- Up-to-date: /home/tofstudent/sa_zhao/install/carla_msgs/include/carla_msgs/msg/detail/carla_bounding_box__type_support.cpp
[1.904s] -- Up-to-date: /home/tofstudent/sa_zhao/install/carla_msgs/include/carla_msgs/msg/detail/carla_traffic_light_status_list__type_support.cpp
[1.904s] -- Up-to-date: /home/tofstudent/sa_zhao/install/carla_msgs/include/carla_msgs/msg/detail/carla_ego_vehicle_status__type_support.cpp
[1.905s] -- Up-to-date: /home/tofstudent/sa_zhao/install/carla_msgs/include/carla_msgs/msg/detail/carla_ego_vehicle_info__rosidl_typesupport_introspection_cpp.hpp
[1.905s] -- Up-to-date: /home/tofstudent/sa_zhao/install/carla_msgs/include/carla_msgs/msg/detail/carla_traffic_light_status_list__rosidl_typesupport_introspection_cpp.hpp
[1.908s] -- Up-to-date: /home/tofstudent/sa_zhao/install/carla_msgs/include/carla_msgs/msg/detail/carla_traffic_light_status__rosidl_typesupport_introspection_cpp.hpp
[1.908s] -- Up-to-date: /home/tofstudent/sa_zhao/install/carla_msgs/include/carla_msgs/msg/detail/carla_lane_invasion_event__type_support.cpp
[1.909s] -- Up-to-date: /home/tofstudent/sa_zhao/install/carla_msgs/include/carla_msgs/msg/detail/carla_traffic_light_info_list__type_support.cpp
[1.910s] -- Up-to-date: /home/tofstudent/sa_zhao/install/carla_msgs/include/carla_msgs/msg/detail/carla_world_info__type_support.cpp
[1.911s] -- Up-to-date: /home/tofstudent/sa_zhao/install/carla_msgs/lib/libcarla_msgs__rosidl_typesupport_introspection_cpp.so
[1.912s] -- Up-to-date: /home/tofstudent/sa_zhao/install/carla_msgs/lib/libcarla_msgs__rosidl_typesupport_cpp.so
[1.917s] -- Up-to-date: /home/tofstudent/sa_zhao/install/carla_msgs/share/carla_msgs/environment/pythonpath.sh
[1.917s] -- Up-to-date: /home/tofstudent/sa_zhao/install/carla_msgs/share/carla_msgs/environment/pythonpath.dsv
[1.917s] -- Up-to-date: /home/tofstudent/sa_zhao/install/carla_msgs/lib/python3.8/site-packages/carla_msgs/__init__.py
[1.917s] -- Up-to-date: /home/tofstudent/sa_zhao/install/carla_msgs/lib/python3.8/site-packages/carla_msgs/msg
[1.918s] -- Up-to-date: /home/tofstudent/sa_zhao/install/carla_msgs/lib/python3.8/site-packages/carla_msgs/msg/_carla_ego_vehicle_info_wheel.py
[1.918s] -- Up-to-date: /home/tofstudent/sa_zhao/install/carla_msgs/lib/python3.8/site-packages/carla_msgs/msg/_carla_status_s.c
[1.918s] -- Up-to-date: /home/tofstudent/sa_zhao/install/carla_msgs/lib/python3.8/site-packages/carla_msgs/msg/_carla_bounding_box_s.c
[1.918s] -- Up-to-date: /home/tofstudent/sa_zhao/install/carla_msgs/lib/python3.8/site-packages/carla_msgs/msg/_carla_traffic_light_status_s.c
[1.918s] -- Up-to-date: /home/tofstudent/sa_zhao/install/carla_msgs/lib/python3.8/site-packages/carla_msgs/msg/_carla_collision_event_s.c
[1.919s] -- Up-to-date: /home/tofstudent/sa_zhao/install/carla_msgs/lib/python3.8/site-packages/carla_msgs/msg/_carla_ego_vehicle_info.py
[1.919s] -- Up-to-date: /home/tofstudent/sa_zhao/install/carla_msgs/lib/python3.8/site-packages/carla_msgs/msg/_carla_traffic_light_status.py
[1.919s] -- Up-to-date: /home/tofstudent/sa_zhao/install/carla_msgs/lib/python3.8/site-packages/carla_msgs/msg/_carla_bounding_box.py
[1.920s] -- Up-to-date: /home/tofstudent/sa_zhao/install/carla_msgs/lib/python3.8/site-packages/carla_msgs/msg/_carla_traffic_light_status_list.py
[1.920s] -- Up-to-date: /home/tofstudent/sa_zhao/install/carla_msgs/lib/python3.8/site-packages/carla_msgs/msg/_carla_world_info_s.c
[1.920s] -- Up-to-date: /home/tofstudent/sa_zhao/install/carla_msgs/lib/python3.8/site-packages/carla_msgs/msg/_carla_ego_vehicle_info_s.c
[1.920s] -- Up-to-date: /home/tofstudent/sa_zhao/install/carla_msgs/lib/python3.8/site-packages/carla_msgs/msg/_carla_ego_vehicle_status_s.c
[1.920s] -- Up-to-date: /home/tofstudent/sa_zhao/install/carla_msgs/lib/python3.8/site-packages/carla_msgs/msg/_carla_traffic_light_info_list_s.c
[1.921s] -- Up-to-date: /home/tofstudent/sa_zhao/install/carla_msgs/lib/python3.8/site-packages/carla_msgs/msg/_carla_actor_list_s.c
[1.921s] -- Up-to-date: /home/tofstudent/sa_zhao/install/carla_msgs/lib/python3.8/site-packages/carla_msgs/msg/_carla_control_s.c
[1.921s] -- Up-to-date: /home/tofstudent/sa_zhao/install/carla_msgs/lib/python3.8/site-packages/carla_msgs/msg/_carla_ego_vehicle_status.py
[1.921s] -- Up-to-date: /home/tofstudent/sa_zhao/install/carla_msgs/lib/python3.8/site-packages/carla_msgs/msg/_carla_collision_event.py
[1.922s] -- Up-to-date: /home/tofstudent/sa_zhao/install/carla_msgs/lib/python3.8/site-packages/carla_msgs/msg/_carla_traffic_light_info.py
[1.922s] -- Up-to-date: /home/tofstudent/sa_zhao/install/carla_msgs/lib/python3.8/site-packages/carla_msgs/msg/_carla_lane_invasion_event.py
[1.922s] -- Up-to-date: /home/tofstudent/sa_zhao/install/carla_msgs/lib/python3.8/site-packages/carla_msgs/msg/_carla_weather_parameters_s.c
[1.922s] -- Up-to-date: /home/tofstudent/sa_zhao/install/carla_msgs/lib/python3.8/site-packages/carla_msgs/msg/_carla_actor_list.py
[1.923s] -- Up-to-date: /home/tofstudent/sa_zhao/install/carla_msgs/lib/python3.8/site-packages/carla_msgs/msg/_carla_weather_parameters.py
[1.923s] -- Up-to-date: /home/tofstudent/sa_zhao/install/carla_msgs/lib/python3.8/site-packages/carla_msgs/msg/_carla_traffic_light_info_s.c
[1.923s] -- Up-to-date: /home/tofstudent/sa_zhao/install/carla_msgs/lib/python3.8/site-packages/carla_msgs/msg/__init__.py
[1.923s] -- Up-to-date: /home/tofstudent/sa_zhao/install/carla_msgs/lib/python3.8/site-packages/carla_msgs/msg/_carla_control.py
[1.924s] -- Up-to-date: /home/tofstudent/sa_zhao/install/carla_msgs/lib/python3.8/site-packages/carla_msgs/msg/_carla_ego_vehicle_control.py
[1.924s] -- Up-to-date: /home/tofstudent/sa_zhao/install/carla_msgs/lib/python3.8/site-packages/carla_msgs/msg/_carla_ego_vehicle_info_wheel_s.c
[1.924s] -- Up-to-date: /home/tofstudent/sa_zhao/install/carla_msgs/lib/python3.8/site-packages/carla_msgs/msg/_carla_actor_info.py
[1.924s] -- Up-to-date: /home/tofstudent/sa_zhao/install/carla_msgs/lib/python3.8/site-packages/carla_msgs/msg/_carla_ego_vehicle_control_s.c
[1.924s] -- Up-to-date: /home/tofstudent/sa_zhao/install/carla_msgs/lib/python3.8/site-packages/carla_msgs/msg/_carla_traffic_light_info_list.py
[1.925s] -- Up-to-date: /home/tofstudent/sa_zhao/install/carla_msgs/lib/python3.8/site-packages/carla_msgs/msg/_carla_lane_invasion_event_s.c
[1.925s] -- Up-to-date: /home/tofstudent/sa_zhao/install/carla_msgs/lib/python3.8/site-packages/carla_msgs/msg/_carla_world_info.py
[1.925s] -- Up-to-date: /home/tofstudent/sa_zhao/install/carla_msgs/lib/python3.8/site-packages/carla_msgs/msg/_carla_walker_control_s.c
[1.925s] -- Up-to-date: /home/tofstudent/sa_zhao/install/carla_msgs/lib/python3.8/site-packages/carla_msgs/msg/_carla_status.py
[1.926s] -- Up-to-date: /home/tofstudent/sa_zhao/install/carla_msgs/lib/python3.8/site-packages/carla_msgs/msg/_carla_traffic_light_status_list_s.c
[1.926s] -- Up-to-date: /home/tofstudent/sa_zhao/install/carla_msgs/lib/python3.8/site-packages/carla_msgs/msg/_carla_walker_control.py
[1.926s] -- Up-to-date: /home/tofstudent/sa_zhao/install/carla_msgs/lib/python3.8/site-packages/carla_msgs/msg/_carla_actor_info_s.c
[1.926s] -- Up-to-date: /home/tofstudent/sa_zhao/install/carla_msgs/lib/python3.8/site-packages/carla_msgs/srv
[1.927s] -- Up-to-date: /home/tofstudent/sa_zhao/install/carla_msgs/lib/python3.8/site-packages/carla_msgs/srv/_get_blueprints_s.c
[1.927s] -- Up-to-date: /home/tofstudent/sa_zhao/install/carla_msgs/lib/python3.8/site-packages/carla_msgs/srv/_destroy_object_s.c
[1.927s] -- Up-to-date: /home/tofstudent/sa_zhao/install/carla_msgs/lib/python3.8/site-packages/carla_msgs/srv/_spawn_object.py
[1.928s] -- Up-to-date: /home/tofstudent/sa_zhao/install/carla_msgs/lib/python3.8/site-packages/carla_msgs/srv/__init__.py
[1.928s] -- Up-to-date: /home/tofstudent/sa_zhao/install/carla_msgs/lib/python3.8/site-packages/carla_msgs/srv/_get_blueprints.py
[1.928s] -- Up-to-date: /home/tofstudent/sa_zhao/install/carla_msgs/lib/python3.8/site-packages/carla_msgs/srv/_destroy_object.py
[1.928s] -- Up-to-date: /home/tofstudent/sa_zhao/install/carla_msgs/lib/python3.8/site-packages/carla_msgs/srv/_spawn_object_s.c
[1.929s] -- Up-to-date: /home/tofstudent/sa_zhao/install/carla_msgs/lib/python3.8/site-packages/carla_msgs/carla_msgs_s__rosidl_typesupport_fastrtps_c.cpython-38-x86_64-linux-gnu.so
[1.929s] -- Up-to-date: /home/tofstudent/sa_zhao/install/carla_msgs/lib/python3.8/site-packages/carla_msgs/carla_msgs_s__rosidl_typesupport_introspection_c.cpython-38-x86_64-linux-gnu.so
[1.929s] -- Up-to-date: /home/tofstudent/sa_zhao/install/carla_msgs/lib/python3.8/site-packages/carla_msgs/carla_msgs_s__rosidl_typesupport_c.cpython-38-x86_64-linux-gnu.so
[1.929s] -- Up-to-date: /home/tofstudent/sa_zhao/install/carla_msgs/lib/libcarla_msgs__python.so
[1.929s] -- Up-to-date: /home/tofstudent/sa_zhao/install/carla_msgs/share/carla_msgs/msg/CarlaBoundingBox.idl
[1.932s] -- Up-to-date: /home/tofstudent/sa_zhao/install/carla_msgs/share/carla_msgs/msg/CarlaEgoVehicleControl.idl
[1.933s] -- Up-to-date: /home/tofstudent/sa_zhao/install/carla_msgs/share/carla_msgs/msg/CarlaEgoVehicleStatus.idl
[1.933s] -- Up-to-date: /home/tofstudent/sa_zhao/install/carla_msgs/share/carla_msgs/msg/CarlaEgoVehicleInfoWheel.idl
[1.933s] -- Up-to-date: /home/tofstudent/sa_zhao/install/carla_msgs/share/carla_msgs/msg/CarlaEgoVehicleInfo.idl
[1.934s] -- Up-to-date: /home/tofstudent/sa_zhao/install/carla_msgs/share/carla_msgs/msg/CarlaCollisionEvent.idl
[1.934s] -- Up-to-date: /home/tofstudent/sa_zhao/install/carla_msgs/share/carla_msgs/msg/CarlaLaneInvasionEvent.idl
[1.936s] -- Up-to-date: /home/tofstudent/sa_zhao/install/carla_msgs/share/carla_msgs/msg/CarlaWorldInfo.idl
[1.936s] -- Up-to-date: /home/tofstudent/sa_zhao/install/carla_msgs/share/carla_msgs/msg/CarlaActorInfo.idl
[1.937s] -- Up-to-date: /home/tofstudent/sa_zhao/install/carla_msgs/share/carla_msgs/msg/CarlaActorList.idl
[1.937s] -- Up-to-date: /home/tofstudent/sa_zhao/install/carla_msgs/share/carla_msgs/msg/CarlaControl.idl
[1.937s] -- Up-to-date: /home/tofstudent/sa_zhao/install/carla_msgs/share/carla_msgs/msg/CarlaStatus.idl
[1.940s] -- Up-to-date: /home/tofstudent/sa_zhao/install/carla_msgs/share/carla_msgs/msg/CarlaTrafficLightInfo.idl
[1.940s] -- Up-to-date: /home/tofstudent/sa_zhao/install/carla_msgs/share/carla_msgs/msg/CarlaTrafficLightInfoList.idl
[1.941s] -- Up-to-date: /home/tofstudent/sa_zhao/install/carla_msgs/share/carla_msgs/msg/CarlaTrafficLightStatus.idl
[1.941s] -- Up-to-date: /home/tofstudent/sa_zhao/install/carla_msgs/share/carla_msgs/msg/CarlaTrafficLightStatusList.idl
[1.941s] -- Up-to-date: /home/tofstudent/sa_zhao/install/carla_msgs/share/carla_msgs/msg/CarlaWalkerControl.idl
[1.941s] -- Up-to-date: /home/tofstudent/sa_zhao/install/carla_msgs/share/carla_msgs/msg/CarlaWeatherParameters.idl
[1.942s] -- Up-to-date: /home/tofstudent/sa_zhao/install/carla_msgs/share/carla_msgs/srv/SpawnObject.idl
[1.942s] -- Up-to-date: /home/tofstudent/sa_zhao/install/carla_msgs/share/carla_msgs/srv/DestroyObject.idl
[1.942s] -- Up-to-date: /home/tofstudent/sa_zhao/install/carla_msgs/share/carla_msgs/srv/GetBlueprints.idl
[1.943s] -- Up-to-date: /home/tofstudent/sa_zhao/install/carla_msgs/share/carla_msgs/msg/CarlaBoundingBox.msg
[1.943s] -- Up-to-date: /home/tofstudent/sa_zhao/install/carla_msgs/share/carla_msgs/msg/CarlaEgoVehicleControl.msg
[1.943s] -- Up-to-date: /home/tofstudent/sa_zhao/install/carla_msgs/share/carla_msgs/msg/CarlaEgoVehicleStatus.msg
[1.943s] -- Up-to-date: /home/tofstudent/sa_zhao/install/carla_msgs/share/carla_msgs/msg/CarlaEgoVehicleInfoWheel.msg
[1.944s] -- Up-to-date: /home/tofstudent/sa_zhao/install/carla_msgs/share/carla_msgs/msg/CarlaEgoVehicleInfo.msg
[1.947s] -- Up-to-date: /home/tofstudent/sa_zhao/install/carla_msgs/share/carla_msgs/msg/CarlaCollisionEvent.msg
[1.947s] -- Up-to-date: /home/tofstudent/sa_zhao/install/carla_msgs/share/carla_msgs/msg/CarlaLaneInvasionEvent.msg
[1.948s] -- Up-to-date: /home/tofstudent/sa_zhao/install/carla_msgs/share/carla_msgs/msg/CarlaWorldInfo.msg
[1.948s] -- Up-to-date: /home/tofstudent/sa_zhao/install/carla_msgs/share/carla_msgs/msg/CarlaActorInfo.msg
[1.948s] -- Up-to-date: /home/tofstudent/sa_zhao/install/carla_msgs/share/carla_msgs/msg/CarlaActorList.msg
[1.949s] -- Up-to-date: /home/tofstudent/sa_zhao/install/carla_msgs/share/carla_msgs/msg/CarlaControl.msg
[1.949s] -- Up-to-date: /home/tofstudent/sa_zhao/install/carla_msgs/share/carla_msgs/msg/CarlaStatus.msg
[1.953s] -- Up-to-date: /home/tofstudent/sa_zhao/install/carla_msgs/share/carla_msgs/msg/CarlaTrafficLightInfo.msg
[1.953s] -- Up-to-date: /home/tofstudent/sa_zhao/install/carla_msgs/share/carla_msgs/msg/CarlaTrafficLightInfoList.msg
[1.953s] -- Up-to-date: /home/tofstudent/sa_zhao/install/carla_msgs/share/carla_msgs/msg/CarlaTrafficLightStatus.msg
[1.954s] -- Up-to-date: /home/tofstudent/sa_zhao/install/carla_msgs/share/carla_msgs/msg/CarlaTrafficLightStatusList.msg
[1.954s] -- Up-to-date: /home/tofstudent/sa_zhao/install/carla_msgs/share/carla_msgs/msg/CarlaWalkerControl.msg
[1.955s] -- Up-to-date: /home/tofstudent/sa_zhao/install/carla_msgs/share/carla_msgs/msg/CarlaWeatherParameters.msg
[1.955s] -- Up-to-date: /home/tofstudent/sa_zhao/install/carla_msgs/share/carla_msgs/srv/SpawnObject.srv
[1.955s] -- Up-to-date: /home/tofstudent/sa_zhao/install/carla_msgs/share/carla_msgs/srv/SpawnObject_Request.msg
[1.956s] -- Up-to-date: /home/tofstudent/sa_zhao/install/carla_msgs/share/carla_msgs/srv/SpawnObject_Response.msg
[1.956s] -- Up-to-date: /home/tofstudent/sa_zhao/install/carla_msgs/share/carla_msgs/srv/DestroyObject.srv
[1.957s] -- Up-to-date: /home/tofstudent/sa_zhao/install/carla_msgs/share/carla_msgs/srv/DestroyObject_Request.msg
[1.957s] -- Up-to-date: /home/tofstudent/sa_zhao/install/carla_msgs/share/carla_msgs/srv/DestroyObject_Response.msg
[1.957s] -- Up-to-date: /home/tofstudent/sa_zhao/install/carla_msgs/share/carla_msgs/srv/GetBlueprints.srv
[1.957s] -- Up-to-date: /home/tofstudent/sa_zhao/install/carla_msgs/share/carla_msgs/srv/GetBlueprints_Request.msg
[1.958s] -- Up-to-date: /home/tofstudent/sa_zhao/install/carla_msgs/share/carla_msgs/srv/GetBlueprints_Response.msg
[1.958s] -- Up-to-date: /home/tofstudent/sa_zhao/install/carla_msgs/share/ament_index/resource_index/package_run_dependencies/carla_msgs
[1.958s] -- Up-to-date: /home/tofstudent/sa_zhao/install/carla_msgs/share/ament_index/resource_index/parent_prefix_path/carla_msgs
[1.960s] -- Up-to-date: /home/tofstudent/sa_zhao/install/carla_msgs/share/carla_msgs/environment/ament_prefix_path.sh
[1.961s] -- Up-to-date: /home/tofstudent/sa_zhao/install/carla_msgs/share/carla_msgs/environment/ament_prefix_path.dsv
[1.961s] -- Up-to-date: /home/tofstudent/sa_zhao/install/carla_msgs/share/carla_msgs/environment/path.sh
[1.962s] -- Up-to-date: /home/tofstudent/sa_zhao/install/carla_msgs/share/carla_msgs/environment/path.dsv
[1.963s] -- Up-to-date: /home/tofstudent/sa_zhao/install/carla_msgs/share/carla_msgs/local_setup.bash
[1.963s] -- Up-to-date: /home/tofstudent/sa_zhao/install/carla_msgs/share/carla_msgs/local_setup.sh
[1.963s] -- Up-to-date: /home/tofstudent/sa_zhao/install/carla_msgs/share/carla_msgs/local_setup.zsh
[1.964s] -- Up-to-date: /home/tofstudent/sa_zhao/install/carla_msgs/share/carla_msgs/local_setup.dsv
[1.965s] -- Installing: /home/tofstudent/sa_zhao/install/carla_msgs/share/carla_msgs/package.dsv
[1.970s] -- Up-to-date: /home/tofstudent/sa_zhao/install/carla_msgs/share/ament_index/resource_index/packages/carla_msgs
[1.970s] -- Up-to-date: /home/tofstudent/sa_zhao/install/carla_msgs/share/carla_msgs/cmake/carla_msgs__rosidl_generator_cExport.cmake
[1.971s] -- Up-to-date: /home/tofstudent/sa_zhao/install/carla_msgs/share/carla_msgs/cmake/carla_msgs__rosidl_generator_cExport-noconfig.cmake
[1.971s] -- Up-to-date: /home/tofstudent/sa_zhao/install/carla_msgs/share/carla_msgs/cmake/carla_msgs__rosidl_typesupport_introspection_cExport.cmake
[1.971s] -- Up-to-date: /home/tofstudent/sa_zhao/install/carla_msgs/share/carla_msgs/cmake/carla_msgs__rosidl_typesupport_introspection_cExport-noconfig.cmake
[1.972s] -- Up-to-date: /home/tofstudent/sa_zhao/install/carla_msgs/share/carla_msgs/cmake/carla_msgs__rosidl_typesupport_cExport.cmake
[1.972s] -- Up-to-date: /home/tofstudent/sa_zhao/install/carla_msgs/share/carla_msgs/cmake/carla_msgs__rosidl_typesupport_cExport-noconfig.cmake
[1.972s] -- Up-to-date: /home/tofstudent/sa_zhao/install/carla_msgs/share/carla_msgs/cmake/carla_msgs__rosidl_generator_cppExport.cmake
[1.972s] -- Up-to-date: /home/tofstudent/sa_zhao/install/carla_msgs/share/carla_msgs/cmake/carla_msgs__rosidl_typesupport_introspection_cppExport.cmake
[1.973s] -- Up-to-date: /home/tofstudent/sa_zhao/install/carla_msgs/share/carla_msgs/cmake/carla_msgs__rosidl_typesupport_introspection_cppExport-noconfig.cmake
[1.973s] -- Up-to-date: /home/tofstudent/sa_zhao/install/carla_msgs/share/carla_msgs/cmake/carla_msgs__rosidl_typesupport_cppExport.cmake
[1.973s] -- Up-to-date: /home/tofstudent/sa_zhao/install/carla_msgs/share/carla_msgs/cmake/carla_msgs__rosidl_typesupport_cppExport-noconfig.cmake
[1.973s] -- Up-to-date: /home/tofstudent/sa_zhao/install/carla_msgs/share/carla_msgs/cmake/rosidl_cmake-extras.cmake
[1.974s] -- Up-to-date: /home/tofstudent/sa_zhao/install/carla_msgs/share/carla_msgs/cmake/ament_cmake_export_dependencies-extras.cmake
[1.974s] -- Up-to-date: /home/tofstudent/sa_zhao/install/carla_msgs/share/carla_msgs/cmake/ament_cmake_export_libraries-extras.cmake
[1.975s] -- Up-to-date: /home/tofstudent/sa_zhao/install/carla_msgs/share/carla_msgs/cmake/ament_cmake_export_targets-extras.cmake
[1.975s] -- Up-to-date: /home/tofstudent/sa_zhao/install/carla_msgs/share/carla_msgs/cmake/ament_cmake_export_include_directories-extras.cmake
[1.975s] -- Up-to-date: /home/tofstudent/sa_zhao/install/carla_msgs/share/carla_msgs/cmake/rosidl_cmake_export_typesupport_libraries-extras.cmake
[1.976s] -- Up-to-date: /home/tofstudent/sa_zhao/install/carla_msgs/share/carla_msgs/cmake/rosidl_cmake_export_typesupport_targets-extras.cmake
[1.976s] -- Up-to-date: /home/tofstudent/sa_zhao/install/carla_msgs/share/carla_msgs/cmake/carla_msgsConfig.cmake
[1.979s] -- Up-to-date: /home/tofstudent/sa_zhao/install/carla_msgs/share/carla_msgs/cmake/carla_msgsConfig-version.cmake
[1.979s] -- Up-to-date: /home/tofstudent/sa_zhao/install/carla_msgs/share/carla_msgs/package.xml
[1.984s] Invoked command in '/home/tofstudent/sa_zhao/build/carla_msgs' returned '0': CMAKE_PREFIX_PATH=/opt/ros/foxy /usr/bin/cmake --install /home/tofstudent/sa_zhao/build/carla_msgs
