[0.348s] Invoking command in '/home/tofstudent/sa_zhao/build/autoware_auto_control_msgs': CMAKE_PREFIX_PATH=/opt/ros/foxy /usr/bin/cmake --build /home/tofstudent/sa_zhao/build/autoware_auto_control_msgs -- -j8 -l8
[0.437s] [  3%] Built target autoware_auto_control_msgs__cpp
[0.445s] [ 12%] Built target autoware_auto_control_msgs__rosidl_generator_c
[0.523s] [ 22%] Built target autoware_auto_control_msgs__rosidl_typesupport_introspection_cpp
[0.524s] [ 32%] Built target autoware_auto_control_msgs__rosidl_typesupport_fastrtps_cpp
[0.534s] [ 41%] Built target autoware_auto_control_msgs__rosidl_typesupport_cpp
[0.537s] [ 51%] Built target autoware_auto_control_msgs__rosidl_typesupport_introspection_c
[0.549s] [ 61%] Built target autoware_auto_control_msgs__rosidl_typesupport_c
[0.608s] [ 70%] Built target autoware_auto_control_msgs__rosidl_typesupport_fastrtps_c
[0.628s] [ 70%] Built target autoware_auto_control_msgs
[0.656s] [ 74%] Built target autoware_auto_control_msgs__py
[0.688s] [ 80%] Built target autoware_auto_control_msgs__python
[0.727s] [ 87%] Built target autoware_auto_control_msgs__rosidl_typesupport_fastrtps_c__pyext
[0.730s] [ 93%] Built target autoware_auto_control_msgs__rosidl_typesupport_c__pyext
[0.739s] [100%] Built target autoware_auto_control_msgs__rosidl_typesupport_introspection_c__pyext
[0.792s] Invoked command in '/home/tofstudent/sa_zhao/build/autoware_auto_control_msgs' returned '0': CMAKE_PREFIX_PATH=/opt/ros/foxy /usr/bin/cmake --build /home/tofstudent/sa_zhao/build/autoware_auto_control_msgs -- -j8 -l8
[0.890s] Invoking command in '/home/tofstudent/sa_zhao/build/autoware_auto_control_msgs': CMAKE_PREFIX_PATH=/opt/ros/foxy /usr/bin/cmake --install /home/tofstudent/sa_zhao/build/autoware_auto_control_msgs
[0.906s] -- Install configuration: ""
[0.907s] -- Up-to-date: /home/tofstudent/sa_zhao/install/autoware_auto_control_msgs/share/ament_index/resource_index/rosidl_interfaces/autoware_auto_control_msgs
[0.907s] -- Up-to-date: /home/tofstudent/sa_zhao/install/autoware_auto_control_msgs/include/autoware_auto_control_msgs
[0.907s] -- Up-to-date: /home/tofstudent/sa_zhao/install/autoware_auto_control_msgs/include/autoware_auto_control_msgs/msg
[0.908s] -- Up-to-date: /home/tofstudent/sa_zhao/install/autoware_auto_control_msgs/include/autoware_auto_control_msgs/msg/ackermann_lateral_command.h
[0.908s] -- Up-to-date: /home/tofstudent/sa_zhao/install/autoware_auto_control_msgs/include/autoware_auto_control_msgs/msg/detail
[0.908s] -- Up-to-date: /home/tofstudent/sa_zhao/install/autoware_auto_control_msgs/include/autoware_auto_control_msgs/msg/detail/ackermann_lateral_command__functions.c
[0.908s] -- Up-to-date: /home/tofstudent/sa_zhao/install/autoware_auto_control_msgs/include/autoware_auto_control_msgs/msg/detail/ackermann_lateral_command__functions.h
[0.909s] -- Up-to-date: /home/tofstudent/sa_zhao/install/autoware_auto_control_msgs/include/autoware_auto_control_msgs/msg/detail/ackermann_lateral_command__struct.h
[0.909s] -- Up-to-date: /home/tofstudent/sa_zhao/install/autoware_auto_control_msgs/include/autoware_auto_control_msgs/msg/detail/ackermann_lateral_command__type_support.h
[0.909s] -- Up-to-date: /home/tofstudent/sa_zhao/install/autoware_auto_control_msgs/include/autoware_auto_control_msgs/msg/rosidl_generator_c__visibility_control.h
[0.909s] -- Up-to-date: /home/tofstudent/sa_zhao/install/autoware_auto_control_msgs/share/autoware_auto_control_msgs/environment/library_path.sh
[0.909s] -- Up-to-date: /home/tofstudent/sa_zhao/install/autoware_auto_control_msgs/share/autoware_auto_control_msgs/environment/library_path.dsv
[0.909s] -- Up-to-date: /home/tofstudent/sa_zhao/install/autoware_auto_control_msgs/lib/libautoware_auto_control_msgs__rosidl_generator_c.so
[0.909s] -- Up-to-date: /home/tofstudent/sa_zhao/install/autoware_auto_control_msgs/include/autoware_auto_control_msgs
[0.909s] -- Up-to-date: /home/tofstudent/sa_zhao/install/autoware_auto_control_msgs/include/autoware_auto_control_msgs/msg
[0.910s] -- Up-to-date: /home/tofstudent/sa_zhao/install/autoware_auto_control_msgs/include/autoware_auto_control_msgs/msg/rosidl_typesupport_fastrtps_c__visibility_control.h
[0.913s] -- Up-to-date: /home/tofstudent/sa_zhao/install/autoware_auto_control_msgs/include/autoware_auto_control_msgs/msg/detail
[0.913s] -- Up-to-date: /home/tofstudent/sa_zhao/install/autoware_auto_control_msgs/include/autoware_auto_control_msgs/msg/detail/ackermann_lateral_command__rosidl_typesupport_fastrtps_c.h
[0.913s] -- Up-to-date: /home/tofstudent/sa_zhao/install/autoware_auto_control_msgs/lib/libautoware_auto_control_msgs__rosidl_typesupport_fastrtps_c.so
[0.917s] -- Up-to-date: /home/tofstudent/sa_zhao/install/autoware_auto_control_msgs/include/autoware_auto_control_msgs
[0.918s] -- Up-to-date: /home/tofstudent/sa_zhao/install/autoware_auto_control_msgs/include/autoware_auto_control_msgs/msg
[0.918s] -- Up-to-date: /home/tofstudent/sa_zhao/install/autoware_auto_control_msgs/include/autoware_auto_control_msgs/msg/rosidl_typesupport_fastrtps_cpp__visibility_control.h
[0.918s] -- Up-to-date: /home/tofstudent/sa_zhao/install/autoware_auto_control_msgs/include/autoware_auto_control_msgs/msg/detail
[0.918s] -- Up-to-date: /home/tofstudent/sa_zhao/install/autoware_auto_control_msgs/include/autoware_auto_control_msgs/msg/detail/ackermann_lateral_command__rosidl_typesupport_fastrtps_cpp.hpp
[0.918s] -- Up-to-date: /home/tofstudent/sa_zhao/install/autoware_auto_control_msgs/include/autoware_auto_control_msgs/msg/detail/dds_fastrtps
[0.918s] -- Up-to-date: /home/tofstudent/sa_zhao/install/autoware_auto_control_msgs/lib/libautoware_auto_control_msgs__rosidl_typesupport_fastrtps_cpp.so
[0.918s] -- Up-to-date: /home/tofstudent/sa_zhao/install/autoware_auto_control_msgs/include/autoware_auto_control_msgs
[0.918s] -- Up-to-date: /home/tofstudent/sa_zhao/install/autoware_auto_control_msgs/include/autoware_auto_control_msgs/msg
[0.918s] -- Up-to-date: /home/tofstudent/sa_zhao/install/autoware_auto_control_msgs/include/autoware_auto_control_msgs/msg/detail
[0.919s] -- Up-to-date: /home/tofstudent/sa_zhao/install/autoware_auto_control_msgs/include/autoware_auto_control_msgs/msg/detail/ackermann_lateral_command__type_support.c
[0.919s] -- Up-to-date: /home/tofstudent/sa_zhao/install/autoware_auto_control_msgs/include/autoware_auto_control_msgs/msg/detail/ackermann_lateral_command__rosidl_typesupport_introspection_c.h
[0.919s] -- Up-to-date: /home/tofstudent/sa_zhao/install/autoware_auto_control_msgs/include/autoware_auto_control_msgs/msg/rosidl_typesupport_introspection_c__visibility_control.h
[0.919s] -- Up-to-date: /home/tofstudent/sa_zhao/install/autoware_auto_control_msgs/lib/libautoware_auto_control_msgs__rosidl_typesupport_introspection_c.so
[0.919s] -- Up-to-date: /home/tofstudent/sa_zhao/install/autoware_auto_control_msgs/lib/libautoware_auto_control_msgs__rosidl_typesupport_c.so
[0.919s] -- Up-to-date: /home/tofstudent/sa_zhao/install/autoware_auto_control_msgs/include/autoware_auto_control_msgs
[0.919s] -- Up-to-date: /home/tofstudent/sa_zhao/install/autoware_auto_control_msgs/include/autoware_auto_control_msgs/msg
[0.919s] -- Up-to-date: /home/tofstudent/sa_zhao/install/autoware_auto_control_msgs/include/autoware_auto_control_msgs/msg/detail
[0.919s] -- Up-to-date: /home/tofstudent/sa_zhao/install/autoware_auto_control_msgs/include/autoware_auto_control_msgs/msg/detail/ackermann_lateral_command__traits.hpp
[0.919s] -- Up-to-date: /home/tofstudent/sa_zhao/install/autoware_auto_control_msgs/include/autoware_auto_control_msgs/msg/detail/ackermann_lateral_command__builder.hpp
[0.920s] -- Up-to-date: /home/tofstudent/sa_zhao/install/autoware_auto_control_msgs/include/autoware_auto_control_msgs/msg/detail/ackermann_lateral_command__struct.hpp
[0.920s] -- Up-to-date: /home/tofstudent/sa_zhao/install/autoware_auto_control_msgs/include/autoware_auto_control_msgs/msg/ackermann_lateral_command.hpp
[0.920s] -- Up-to-date: /home/tofstudent/sa_zhao/install/autoware_auto_control_msgs/include/autoware_auto_control_msgs
[0.920s] -- Up-to-date: /home/tofstudent/sa_zhao/install/autoware_auto_control_msgs/include/autoware_auto_control_msgs/msg
[0.920s] -- Up-to-date: /home/tofstudent/sa_zhao/install/autoware_auto_control_msgs/include/autoware_auto_control_msgs/msg/detail
[0.920s] -- Up-to-date: /home/tofstudent/sa_zhao/install/autoware_auto_control_msgs/include/autoware_auto_control_msgs/msg/detail/ackermann_lateral_command__rosidl_typesupport_introspection_cpp.hpp
[0.920s] -- Up-to-date: /home/tofstudent/sa_zhao/install/autoware_auto_control_msgs/include/autoware_auto_control_msgs/msg/detail/ackermann_lateral_command__type_support.cpp
[0.921s] -- Up-to-date: /home/tofstudent/sa_zhao/install/autoware_auto_control_msgs/lib/libautoware_auto_control_msgs__rosidl_typesupport_introspection_cpp.so
[0.921s] -- Up-to-date: /home/tofstudent/sa_zhao/install/autoware_auto_control_msgs/lib/libautoware_auto_control_msgs__rosidl_typesupport_cpp.so
[0.922s] -- Up-to-date: /home/tofstudent/sa_zhao/install/autoware_auto_control_msgs/share/autoware_auto_control_msgs/environment/pythonpath.sh
[0.922s] -- Up-to-date: /home/tofstudent/sa_zhao/install/autoware_auto_control_msgs/share/autoware_auto_control_msgs/environment/pythonpath.dsv
[0.922s] -- Up-to-date: /home/tofstudent/sa_zhao/install/autoware_auto_control_msgs/lib/python3.8/site-packages/autoware_auto_control_msgs/__init__.py
[0.978s] -- Up-to-date: /home/tofstudent/sa_zhao/install/autoware_auto_control_msgs/lib/python3.8/site-packages/autoware_auto_control_msgs/msg
[0.979s] -- Up-to-date: /home/tofstudent/sa_zhao/install/autoware_auto_control_msgs/lib/python3.8/site-packages/autoware_auto_control_msgs/msg/_ackermann_lateral_command.py
[0.979s] -- Up-to-date: /home/tofstudent/sa_zhao/install/autoware_auto_control_msgs/lib/python3.8/site-packages/autoware_auto_control_msgs/msg/_ackermann_lateral_command_s.c
[0.982s] -- Up-to-date: /home/tofstudent/sa_zhao/install/autoware_auto_control_msgs/lib/python3.8/site-packages/autoware_auto_control_msgs/msg/__init__.py
[0.983s] -- Up-to-date: /home/tofstudent/sa_zhao/install/autoware_auto_control_msgs/lib/python3.8/site-packages/autoware_auto_control_msgs/autoware_auto_control_msgs_s__rosidl_typesupport_fastrtps_c.cpython-38-x86_64-linux-gnu.so
[0.983s] -- Up-to-date: /home/tofstudent/sa_zhao/install/autoware_auto_control_msgs/lib/python3.8/site-packages/autoware_auto_control_msgs/autoware_auto_control_msgs_s__rosidl_typesupport_introspection_c.cpython-38-x86_64-linux-gnu.so
[0.984s] -- Up-to-date: /home/tofstudent/sa_zhao/install/autoware_auto_control_msgs/lib/python3.8/site-packages/autoware_auto_control_msgs/autoware_auto_control_msgs_s__rosidl_typesupport_c.cpython-38-x86_64-linux-gnu.so
[0.984s] -- Up-to-date: /home/tofstudent/sa_zhao/install/autoware_auto_control_msgs/lib/libautoware_auto_control_msgs__python.so
[0.984s] -- Up-to-date: /home/tofstudent/sa_zhao/install/autoware_auto_control_msgs/share/autoware_auto_control_msgs/msg/AckermannLateralCommand.idl
[0.984s] -- Up-to-date: /home/tofstudent/sa_zhao/install/autoware_auto_control_msgs/share/ament_index/resource_index/package_run_dependencies/autoware_auto_control_msgs
[0.984s] -- Up-to-date: /home/tofstudent/sa_zhao/install/autoware_auto_control_msgs/share/ament_index/resource_index/parent_prefix_path/autoware_auto_control_msgs
[0.984s] -- Up-to-date: /home/tofstudent/sa_zhao/install/autoware_auto_control_msgs/share/autoware_auto_control_msgs/environment/ament_prefix_path.sh
[0.984s] -- Up-to-date: /home/tofstudent/sa_zhao/install/autoware_auto_control_msgs/share/autoware_auto_control_msgs/environment/ament_prefix_path.dsv
[0.984s] -- Up-to-date: /home/tofstudent/sa_zhao/install/autoware_auto_control_msgs/share/autoware_auto_control_msgs/environment/path.sh
[0.984s] -- Up-to-date: /home/tofstudent/sa_zhao/install/autoware_auto_control_msgs/share/autoware_auto_control_msgs/environment/path.dsv
[0.985s] -- Up-to-date: /home/tofstudent/sa_zhao/install/autoware_auto_control_msgs/share/autoware_auto_control_msgs/local_setup.bash
[0.985s] -- Up-to-date: /home/tofstudent/sa_zhao/install/autoware_auto_control_msgs/share/autoware_auto_control_msgs/local_setup.sh
[0.987s] -- Up-to-date: /home/tofstudent/sa_zhao/install/autoware_auto_control_msgs/share/autoware_auto_control_msgs/local_setup.zsh
[0.987s] -- Up-to-date: /home/tofstudent/sa_zhao/install/autoware_auto_control_msgs/share/autoware_auto_control_msgs/local_setup.dsv
[0.987s] -- Installing: /home/tofstudent/sa_zhao/install/autoware_auto_control_msgs/share/autoware_auto_control_msgs/package.dsv
[0.987s] -- Up-to-date: /home/tofstudent/sa_zhao/install/autoware_auto_control_msgs/share/ament_index/resource_index/packages/autoware_auto_control_msgs
[0.987s] -- Up-to-date: /home/tofstudent/sa_zhao/install/autoware_auto_control_msgs/share/autoware_auto_control_msgs/cmake/autoware_auto_control_msgs__rosidl_generator_cExport.cmake
[0.987s] -- Up-to-date: /home/tofstudent/sa_zhao/install/autoware_auto_control_msgs/share/autoware_auto_control_msgs/cmake/autoware_auto_control_msgs__rosidl_generator_cExport-noconfig.cmake
[0.988s] -- Up-to-date: /home/tofstudent/sa_zhao/install/autoware_auto_control_msgs/share/autoware_auto_control_msgs/cmake/autoware_auto_control_msgs__rosidl_typesupport_introspection_cExport.cmake
[0.988s] -- Up-to-date: /home/tofstudent/sa_zhao/install/autoware_auto_control_msgs/share/autoware_auto_control_msgs/cmake/autoware_auto_control_msgs__rosidl_typesupport_introspection_cExport-noconfig.cmake
[0.989s] -- Up-to-date: /home/tofstudent/sa_zhao/install/autoware_auto_control_msgs/share/autoware_auto_control_msgs/cmake/autoware_auto_control_msgs__rosidl_typesupport_cExport.cmake
[0.989s] -- Up-to-date: /home/tofstudent/sa_zhao/install/autoware_auto_control_msgs/share/autoware_auto_control_msgs/cmake/autoware_auto_control_msgs__rosidl_typesupport_cExport-noconfig.cmake
[0.990s] -- Up-to-date: /home/tofstudent/sa_zhao/install/autoware_auto_control_msgs/share/autoware_auto_control_msgs/cmake/autoware_auto_control_msgs__rosidl_generator_cppExport.cmake
[0.990s] -- Up-to-date: /home/tofstudent/sa_zhao/install/autoware_auto_control_msgs/share/autoware_auto_control_msgs/cmake/autoware_auto_control_msgs__rosidl_typesupport_introspection_cppExport.cmake
[0.990s] -- Up-to-date: /home/tofstudent/sa_zhao/install/autoware_auto_control_msgs/share/autoware_auto_control_msgs/cmake/autoware_auto_control_msgs__rosidl_typesupport_introspection_cppExport-noconfig.cmake
[0.990s] -- Up-to-date: /home/tofstudent/sa_zhao/install/autoware_auto_control_msgs/share/autoware_auto_control_msgs/cmake/autoware_auto_control_msgs__rosidl_typesupport_cppExport.cmake
[0.990s] -- Up-to-date: /home/tofstudent/sa_zhao/install/autoware_auto_control_msgs/share/autoware_auto_control_msgs/cmake/autoware_auto_control_msgs__rosidl_typesupport_cppExport-noconfig.cmake
[0.990s] -- Up-to-date: /home/tofstudent/sa_zhao/install/autoware_auto_control_msgs/share/autoware_auto_control_msgs/cmake/rosidl_cmake-extras.cmake
[0.990s] -- Up-to-date: /home/tofstudent/sa_zhao/install/autoware_auto_control_msgs/share/autoware_auto_control_msgs/cmake/ament_cmake_export_dependencies-extras.cmake
[0.990s] -- Up-to-date: /home/tofstudent/sa_zhao/install/autoware_auto_control_msgs/share/autoware_auto_control_msgs/cmake/ament_cmake_export_libraries-extras.cmake
[0.991s] -- Up-to-date: /home/tofstudent/sa_zhao/install/autoware_auto_control_msgs/share/autoware_auto_control_msgs/cmake/ament_cmake_export_targets-extras.cmake
[0.991s] -- Up-to-date: /home/tofstudent/sa_zhao/install/autoware_auto_control_msgs/share/autoware_auto_control_msgs/cmake/ament_cmake_export_include_directories-extras.cmake
[0.991s] -- Up-to-date: /home/tofstudent/sa_zhao/install/autoware_auto_control_msgs/share/autoware_auto_control_msgs/cmake/rosidl_cmake_export_typesupport_libraries-extras.cmake
[0.991s] -- Up-to-date: /home/tofstudent/sa_zhao/install/autoware_auto_control_msgs/share/autoware_auto_control_msgs/cmake/rosidl_cmake_export_typesupport_targets-extras.cmake
[0.991s] -- Up-to-date: /home/tofstudent/sa_zhao/install/autoware_auto_control_msgs/share/autoware_auto_control_msgs/cmake/autoware_auto_control_msgsConfig.cmake
[0.991s] -- Up-to-date: /home/tofstudent/sa_zhao/install/autoware_auto_control_msgs/share/autoware_auto_control_msgs/cmake/autoware_auto_control_msgsConfig-version.cmake
[0.991s] -- Up-to-date: /home/tofstudent/sa_zhao/install/autoware_auto_control_msgs/share/autoware_auto_control_msgs/package.xml
[0.997s] Invoked command in '/home/tofstudent/sa_zhao/build/autoware_auto_control_msgs' returned '0': CMAKE_PREFIX_PATH=/opt/ros/foxy /usr/bin/cmake --install /home/tofstudent/sa_zhao/build/autoware_auto_control_msgs
