-- The C compiler identification is GNU 8.4.0
-- The CXX compiler identification is GNU 8.4.0
-- Check for working C compiler: /usr/bin/cc
-- Check for working C compiler: /usr/bin/cc -- works
-- Detecting C compiler ABI info
-- Detecting C compiler ABI info - done
-- Detecting C compile features
-- Detecting C compile features - done
-- Check for working CXX compiler: /usr/bin/c++
-- Check for working CXX compiler: /usr/bin/c++ -- works
-- Detecting CXX compiler ABI info
-- Detecting CXX compiler ABI info - done
-- Detecting CXX compile features
-- Detecting CXX compile features - done
-- Found ament_cmake: 0.9.11 (/opt/ros/foxy/share/ament_cmake/cmake)
-- Found PythonInterp: /usr/bin/python3 (found suitable version "3.8.10", minimum required is "3") 
-- Using PYTHON_EXECUTABLE: /usr/bin/python3
-- Found std_msgs: 2.0.5 (/opt/ros/foxy/share/std_msgs/cmake)
-- Using all available rosidl_typesupport_c: rosidl_typesupport_fastrtps_c;rosidl_typesupport_introspection_c
-- Found rosidl_adapter: 1.3.0 (/opt/ros/foxy/share/rosidl_adapter/cmake)
-- Found OpenSSL: /usr/lib/x86_64-linux-gnu/libcrypto.so (found version "1.1.1f")  
-- Found FastRTPS: /opt/ros/foxy/include  
-- Using all available rosidl_typesupport_cpp: rosidl_typesupport_fastrtps_cpp;rosidl_typesupport_introspection_cpp
-- Found geometry_msgs: 2.0.5 (/opt/ros/foxy/share/geometry_msgs/cmake)
-- Found sensor_msgs: 2.0.5 (/opt/ros/foxy/share/sensor_msgs/cmake)
-- Found rosidl_default_generators: 1.0.1 (/opt/ros/foxy/share/rosidl_default_generators/cmake)
-- Found PythonInterp: /usr/bin/python3 (found version "3.8.10") 
-- Found ament_cmake_ros: 0.9.2 (/opt/ros/foxy/share/ament_cmake_ros/cmake)
-- Using all available rosidl_typesupport_c: rosidl_typesupport_fastrtps_c;rosidl_typesupport_introspection_c
-- Using all available rosidl_typesupport_cpp: rosidl_typesupport_fastrtps_cpp;rosidl_typesupport_introspection_cpp
-- Found PythonInterp: /usr/bin/python3 (found suitable version "3.8.10", minimum required is "3.5") 
-- Found python_cmake_module: 0.8.1 (/opt/ros/foxy/share/python_cmake_module/cmake)
-- Found PythonLibs: /usr/lib/x86_64-linux-gnu/libpython3.8.so (found suitable version "3.8.10", minimum required is "3.5") 
-- Using PYTHON_EXECUTABLE: /usr/bin/python3
-- Using PYTHON_INCLUDE_DIRS: /usr/include/python3.8
-- Using PYTHON_LIBRARIES: /usr/lib/x86_64-linux-gnu/libpython3.8.so
-- Found PythonExtra: .so  
-- Configuring done
-- Generating done
-- Build files have been written to: /home/tofstudent/sa_zhao/build/tod_msgs
[  1%] [34m[1mGenerating C code for ROS interfaces[0m
[35m[1mScanning dependencies of target tod_msgs__cpp[0m
[  1%] [34m[1mGenerating C++ code for ROS interfaces[0m
[  1%] Built target tod_msgs__cpp
[  1%] [34m[1mGenerating C++ introspection for ROS interfaces[0m
[  2%] [34m[1mGenerating C++ type support dispatch for ROS interfaces[0m
[  3%] [34m[1mGenerating C++ type support for eProsima Fast-RTPS[0m
[35m[1mScanning dependencies of target tod_msgs__rosidl_generator_c[0m
[  4%] [32mBuilding C object CMakeFiles/tod_msgs__rosidl_generator_c.dir/rosidl_generator_c/tod_msgs/msg/detail/colored_point__functions.c.o[0m
[  4%] [32mBuilding C object CMakeFiles/tod_msgs__rosidl_generator_c.dir/rosidl_generator_c/tod_msgs/msg/detail/colored_polygon__functions.c.o[0m
[  5%] [32mBuilding C object CMakeFiles/tod_msgs__rosidl_generator_c.dir/rosidl_generator_c/tod_msgs/msg/detail/key_press__functions.c.o[0m
[  6%] [32mBuilding C object CMakeFiles/tod_msgs__rosidl_generator_c.dir/rosidl_generator_c/tod_msgs/msg/detail/object_data__functions.c.o[0m
[  7%] [32mBuilding C object CMakeFiles/tod_msgs__rosidl_generator_c.dir/rosidl_generator_c/tod_msgs/msg/detail/object_list__functions.c.o[0m
[  7%] [32mBuilding C object CMakeFiles/tod_msgs__rosidl_generator_c.dir/rosidl_generator_c/tod_msgs/msg/detail/primary_control_cmd__functions.c.o[0m
[  8%] [32mBuilding C object CMakeFiles/tod_msgs__rosidl_generator_c.dir/rosidl_generator_c/tod_msgs/msg/detail/paket_info__functions.c.o[0m
[  9%] [32mBuilding C object CMakeFiles/tod_msgs__rosidl_generator_c.dir/rosidl_generator_c/tod_msgs/msg/detail/safety_driver_status__functions.c.o[0m
[ 10%] [32mBuilding C object CMakeFiles/tod_msgs__rosidl_generator_c.dir/rosidl_generator_c/tod_msgs/msg/detail/secondary_control_cmd__functions.c.o[0m
[ 11%] [32mBuilding C object CMakeFiles/tod_msgs__rosidl_generator_c.dir/rosidl_generator_c/tod_msgs/msg/detail/status__functions.c.o[0m
[ 12%] [32mBuilding C object CMakeFiles/tod_msgs__rosidl_generator_c.dir/rosidl_generator_c/tod_msgs/msg/detail/vehicle_data__functions.c.o[0m
[ 12%] [32mBuilding C object CMakeFiles/tod_msgs__rosidl_generator_c.dir/rosidl_generator_c/tod_msgs/msg/detail/video_info__functions.c.o[0m
[ 13%] [32mBuilding C object CMakeFiles/tod_msgs__rosidl_generator_c.dir/rosidl_generator_c/tod_msgs/srv/detail/input_device__functions.c.o[0m
[ 14%] [32m[1mLinking C shared library libtod_msgs__rosidl_generator_c.so[0m
[ 14%] Built target tod_msgs__rosidl_generator_c
[ 15%] [34m[1mGenerating C type support dispatch for ROS interfaces[0m
[ 16%] [34m[1mGenerating C introspection for ROS interfaces[0m
[35m[1mScanning dependencies of target tod_msgs__rosidl_typesupport_cpp[0m
[ 17%] [32mBuilding CXX object CMakeFiles/tod_msgs__rosidl_typesupport_cpp.dir/rosidl_typesupport_cpp/tod_msgs/msg/colored_point__type_support.cpp.o[0m
[ 17%] [32mBuilding CXX object CMakeFiles/tod_msgs__rosidl_typesupport_cpp.dir/rosidl_typesupport_cpp/tod_msgs/msg/key_press__type_support.cpp.o[0m
[ 18%] [32mBuilding CXX object CMakeFiles/tod_msgs__rosidl_typesupport_cpp.dir/rosidl_typesupport_cpp/tod_msgs/msg/colored_polygon__type_support.cpp.o[0m
[ 19%] [32mBuilding CXX object CMakeFiles/tod_msgs__rosidl_typesupport_cpp.dir/rosidl_typesupport_cpp/tod_msgs/msg/object_data__type_support.cpp.o[0m
[35m[1mScanning dependencies of target tod_msgs__rosidl_typesupport_introspection_cpp[0m
[ 20%] [32mBuilding CXX object CMakeFiles/tod_msgs__rosidl_typesupport_introspection_cpp.dir/rosidl_typesupport_introspection_cpp/tod_msgs/msg/detail/colored_point__type_support.cpp.o[0m
[ 21%] [32mBuilding CXX object CMakeFiles/tod_msgs__rosidl_typesupport_cpp.dir/rosidl_typesupport_cpp/tod_msgs/msg/object_list__type_support.cpp.o[0m
[ 22%] [32mBuilding CXX object CMakeFiles/tod_msgs__rosidl_typesupport_cpp.dir/rosidl_typesupport_cpp/tod_msgs/msg/paket_info__type_support.cpp.o[0m
[ 23%] [32mBuilding CXX object CMakeFiles/tod_msgs__rosidl_typesupport_introspection_cpp.dir/rosidl_typesupport_introspection_cpp/tod_msgs/msg/detail/colored_polygon__type_support.cpp.o[0m
[ 24%] [32mBuilding CXX object CMakeFiles/tod_msgs__rosidl_typesupport_cpp.dir/rosidl_typesupport_cpp/tod_msgs/msg/primary_control_cmd__type_support.cpp.o[0m
[35m[1mScanning dependencies of target tod_msgs__rosidl_typesupport_fastrtps_cpp[0m
[ 25%] [32mBuilding CXX object CMakeFiles/tod_msgs__rosidl_typesupport_fastrtps_cpp.dir/rosidl_typesupport_fastrtps_cpp/tod_msgs/msg/detail/dds_fastrtps/colored_point__type_support.cpp.o[0m
[ 25%] [32mBuilding CXX object CMakeFiles/tod_msgs__rosidl_typesupport_cpp.dir/rosidl_typesupport_cpp/tod_msgs/msg/safety_driver_status__type_support.cpp.o[0m
[ 26%] [32mBuilding CXX object CMakeFiles/tod_msgs__rosidl_typesupport_cpp.dir/rosidl_typesupport_cpp/tod_msgs/msg/secondary_control_cmd__type_support.cpp.o[0m
[ 27%] [32mBuilding CXX object CMakeFiles/tod_msgs__rosidl_typesupport_cpp.dir/rosidl_typesupport_cpp/tod_msgs/msg/status__type_support.cpp.o[0m
[ 28%] [32mBuilding CXX object CMakeFiles/tod_msgs__rosidl_typesupport_cpp.dir/rosidl_typesupport_cpp/tod_msgs/msg/vehicle_data__type_support.cpp.o[0m
[ 30%] [32mBuilding CXX object CMakeFiles/tod_msgs__rosidl_typesupport_cpp.dir/rosidl_typesupport_cpp/tod_msgs/msg/video_info__type_support.cpp.o[0m
[ 30%] [32mBuilding CXX object CMakeFiles/tod_msgs__rosidl_typesupport_introspection_cpp.dir/rosidl_typesupport_introspection_cpp/tod_msgs/msg/detail/key_press__type_support.cpp.o[0m
[ 31%] [32mBuilding CXX object CMakeFiles/tod_msgs__rosidl_typesupport_fastrtps_cpp.dir/rosidl_typesupport_fastrtps_cpp/tod_msgs/msg/detail/dds_fastrtps/colored_polygon__type_support.cpp.o[0m
[ 31%] [32mBuilding CXX object CMakeFiles/tod_msgs__rosidl_typesupport_cpp.dir/rosidl_typesupport_cpp/tod_msgs/srv/input_device__type_support.cpp.o[0m
[ 32%] [32mBuilding CXX object CMakeFiles/tod_msgs__rosidl_typesupport_fastrtps_cpp.dir/rosidl_typesupport_fastrtps_cpp/tod_msgs/msg/detail/dds_fastrtps/key_press__type_support.cpp.o[0m
[35m[1mScanning dependencies of target tod_msgs__rosidl_typesupport_c[0m
[ 33%] [32mBuilding CXX object CMakeFiles/tod_msgs__rosidl_typesupport_fastrtps_cpp.dir/rosidl_typesupport_fastrtps_cpp/tod_msgs/msg/detail/dds_fastrtps/object_list__type_support.cpp.o[0m
[ 33%] [32mBuilding CXX object CMakeFiles/tod_msgs__rosidl_typesupport_fastrtps_cpp.dir/rosidl_typesupport_fastrtps_cpp/tod_msgs/msg/detail/dds_fastrtps/object_data__type_support.cpp.o[0m
[ 33%] [32mBuilding CXX object CMakeFiles/tod_msgs__rosidl_typesupport_c.dir/rosidl_typesupport_c/tod_msgs/msg/colored_point__type_support.cpp.o[0m
[ 34%] [32mBuilding CXX object CMakeFiles/tod_msgs__rosidl_typesupport_c.dir/rosidl_typesupport_c/tod_msgs/msg/colored_polygon__type_support.cpp.o[0m
[ 35%] [32mBuilding CXX object CMakeFiles/tod_msgs__rosidl_typesupport_introspection_cpp.dir/rosidl_typesupport_introspection_cpp/tod_msgs/msg/detail/object_data__type_support.cpp.o[0m
[ 37%] [32mBuilding CXX object CMakeFiles/tod_msgs__rosidl_typesupport_c.dir/rosidl_typesupport_c/tod_msgs/msg/key_press__type_support.cpp.o[0m
[ 37%] [32m[1mLinking CXX shared library libtod_msgs__rosidl_typesupport_cpp.so[0m
[ 38%] [32mBuilding CXX object CMakeFiles/tod_msgs__rosidl_typesupport_c.dir/rosidl_typesupport_c/tod_msgs/msg/object_data__type_support.cpp.o[0m
[ 39%] [32mBuilding CXX object CMakeFiles/tod_msgs__rosidl_typesupport_c.dir/rosidl_typesupport_c/tod_msgs/msg/object_list__type_support.cpp.o[0m
[ 39%] [32mBuilding CXX object CMakeFiles/tod_msgs__rosidl_typesupport_c.dir/rosidl_typesupport_c/tod_msgs/msg/paket_info__type_support.cpp.o[0m
[ 39%] Built target tod_msgs__rosidl_typesupport_cpp
[ 40%] [32mBuilding CXX object CMakeFiles/tod_msgs__rosidl_typesupport_fastrtps_cpp.dir/rosidl_typesupport_fastrtps_cpp/tod_msgs/msg/detail/dds_fastrtps/paket_info__type_support.cpp.o[0m
[ 41%] [32mBuilding CXX object CMakeFiles/tod_msgs__rosidl_typesupport_c.dir/rosidl_typesupport_c/tod_msgs/msg/primary_control_cmd__type_support.cpp.o[0m
[ 42%] [32mBuilding CXX object CMakeFiles/tod_msgs__rosidl_typesupport_c.dir/rosidl_typesupport_c/tod_msgs/msg/safety_driver_status__type_support.cpp.o[0m
[ 44%] [32mBuilding CXX object CMakeFiles/tod_msgs__rosidl_typesupport_c.dir/rosidl_typesupport_c/tod_msgs/msg/status__type_support.cpp.o[0m
[ 44%] [32mBuilding CXX object CMakeFiles/tod_msgs__rosidl_typesupport_c.dir/rosidl_typesupport_c/tod_msgs/msg/secondary_control_cmd__type_support.cpp.o[0m
[ 45%] [32mBuilding CXX object CMakeFiles/tod_msgs__rosidl_typesupport_fastrtps_cpp.dir/rosidl_typesupport_fastrtps_cpp/tod_msgs/msg/detail/dds_fastrtps/primary_control_cmd__type_support.cpp.o[0m
[ 46%] [32mBuilding CXX object CMakeFiles/tod_msgs__rosidl_typesupport_fastrtps_cpp.dir/rosidl_typesupport_fastrtps_cpp/tod_msgs/msg/detail/dds_fastrtps/safety_driver_status__type_support.cpp.o[0m
[ 46%] [32mBuilding CXX object CMakeFiles/tod_msgs__rosidl_typesupport_c.dir/rosidl_typesupport_c/tod_msgs/msg/vehicle_data__type_support.cpp.o[0m
[35m[1mScanning dependencies of target tod_msgs__rosidl_typesupport_introspection_c[0m
[ 46%] [32mBuilding CXX object CMakeFiles/tod_msgs__rosidl_typesupport_fastrtps_cpp.dir/rosidl_typesupport_fastrtps_cpp/tod_msgs/msg/detail/dds_fastrtps/secondary_control_cmd__type_support.cpp.o[0m
[ 46%] [32mBuilding CXX object CMakeFiles/tod_msgs__rosidl_typesupport_introspection_cpp.dir/rosidl_typesupport_introspection_cpp/tod_msgs/msg/detail/object_list__type_support.cpp.o[0m
[ 47%] [32mBuilding CXX object CMakeFiles/tod_msgs__rosidl_typesupport_fastrtps_cpp.dir/rosidl_typesupport_fastrtps_cpp/tod_msgs/msg/detail/dds_fastrtps/status__type_support.cpp.o[0m
[ 48%] [32mBuilding C object CMakeFiles/tod_msgs__rosidl_typesupport_introspection_c.dir/rosidl_typesupport_introspection_c/tod_msgs/msg/detail/colored_point__type_support.c.o[0m
[ 49%] [32mBuilding CXX object CMakeFiles/tod_msgs__rosidl_typesupport_c.dir/rosidl_typesupport_c/tod_msgs/msg/video_info__type_support.cpp.o[0m
[ 50%] [32mBuilding C object CMakeFiles/tod_msgs__rosidl_typesupport_introspection_c.dir/rosidl_typesupport_introspection_c/tod_msgs/msg/detail/colored_polygon__type_support.c.o[0m
[ 51%] [32mBuilding CXX object CMakeFiles/tod_msgs__rosidl_typesupport_c.dir/rosidl_typesupport_c/tod_msgs/srv/input_device__type_support.cpp.o[0m
[ 51%] [32mBuilding C object CMakeFiles/tod_msgs__rosidl_typesupport_introspection_c.dir/rosidl_typesupport_introspection_c/tod_msgs/msg/detail/key_press__type_support.c.o[0m
[ 52%] [32mBuilding CXX object CMakeFiles/tod_msgs__rosidl_typesupport_fastrtps_cpp.dir/rosidl_typesupport_fastrtps_cpp/tod_msgs/msg/detail/dds_fastrtps/vehicle_data__type_support.cpp.o[0m
[ 53%] [32m[1mLinking CXX shared library libtod_msgs__rosidl_typesupport_c.so[0m
[ 54%] [32mBuilding C object CMakeFiles/tod_msgs__rosidl_typesupport_introspection_c.dir/rosidl_typesupport_introspection_c/tod_msgs/msg/detail/object_data__type_support.c.o[0m
[ 55%] [32mBuilding C object CMakeFiles/tod_msgs__rosidl_typesupport_introspection_c.dir/rosidl_typesupport_introspection_c/tod_msgs/msg/detail/object_list__type_support.c.o[0m
[ 55%] Built target tod_msgs__rosidl_typesupport_c
[ 56%] [32mBuilding CXX object CMakeFiles/tod_msgs__rosidl_typesupport_introspection_cpp.dir/rosidl_typesupport_introspection_cpp/tod_msgs/msg/detail/paket_info__type_support.cpp.o[0m
[ 57%] [32mBuilding CXX object CMakeFiles/tod_msgs__rosidl_typesupport_fastrtps_cpp.dir/rosidl_typesupport_fastrtps_cpp/tod_msgs/msg/detail/dds_fastrtps/video_info__type_support.cpp.o[0m
[ 58%] [32mBuilding CXX object CMakeFiles/tod_msgs__rosidl_typesupport_introspection_cpp.dir/rosidl_typesupport_introspection_cpp/tod_msgs/msg/detail/primary_control_cmd__type_support.cpp.o[0m
[ 59%] [32mBuilding C object CMakeFiles/tod_msgs__rosidl_typesupport_introspection_c.dir/rosidl_typesupport_introspection_c/tod_msgs/msg/detail/paket_info__type_support.c.o[0m
[ 60%] [32mBuilding C object CMakeFiles/tod_msgs__rosidl_typesupport_introspection_c.dir/rosidl_typesupport_introspection_c/tod_msgs/msg/detail/primary_control_cmd__type_support.c.o[0m
[ 61%] [32mBuilding CXX object CMakeFiles/tod_msgs__rosidl_typesupport_fastrtps_cpp.dir/rosidl_typesupport_fastrtps_cpp/tod_msgs/srv/detail/dds_fastrtps/input_device__type_support.cpp.o[0m
[ 61%] [32mBuilding C object CMakeFiles/tod_msgs__rosidl_typesupport_introspection_c.dir/rosidl_typesupport_introspection_c/tod_msgs/msg/detail/safety_driver_status__type_support.c.o[0m
[ 62%] [32mBuilding C object CMakeFiles/tod_msgs__rosidl_typesupport_introspection_c.dir/rosidl_typesupport_introspection_c/tod_msgs/msg/detail/secondary_control_cmd__type_support.c.o[0m
[ 63%] [32mBuilding CXX object CMakeFiles/tod_msgs__rosidl_typesupport_introspection_cpp.dir/rosidl_typesupport_introspection_cpp/tod_msgs/msg/detail/safety_driver_status__type_support.cpp.o[0m
[ 64%] [32mBuilding C object CMakeFiles/tod_msgs__rosidl_typesupport_introspection_c.dir/rosidl_typesupport_introspection_c/tod_msgs/msg/detail/status__type_support.c.o[0m
[ 65%] [32mBuilding C object CMakeFiles/tod_msgs__rosidl_typesupport_introspection_c.dir/rosidl_typesupport_introspection_c/tod_msgs/msg/detail/vehicle_data__type_support.c.o[0m
[ 66%] [32mBuilding C object CMakeFiles/tod_msgs__rosidl_typesupport_introspection_c.dir/rosidl_typesupport_introspection_c/tod_msgs/msg/detail/video_info__type_support.c.o[0m
[ 66%] [32mBuilding C object CMakeFiles/tod_msgs__rosidl_typesupport_introspection_c.dir/rosidl_typesupport_introspection_c/tod_msgs/srv/detail/input_device__type_support.c.o[0m
[ 67%] [32mBuilding CXX object CMakeFiles/tod_msgs__rosidl_typesupport_introspection_cpp.dir/rosidl_typesupport_introspection_cpp/tod_msgs/msg/detail/secondary_control_cmd__type_support.cpp.o[0m
[ 68%] [32m[1mLinking C shared library libtod_msgs__rosidl_typesupport_introspection_c.so[0m
[ 68%] [32mBuilding CXX object CMakeFiles/tod_msgs__rosidl_typesupport_introspection_cpp.dir/rosidl_typesupport_introspection_cpp/tod_msgs/msg/detail/status__type_support.cpp.o[0m
[ 69%] [32mBuilding CXX object CMakeFiles/tod_msgs__rosidl_typesupport_introspection_cpp.dir/rosidl_typesupport_introspection_cpp/tod_msgs/msg/detail/vehicle_data__type_support.cpp.o[0m
[ 70%] [32mBuilding CXX object CMakeFiles/tod_msgs__rosidl_typesupport_introspection_cpp.dir/rosidl_typesupport_introspection_cpp/tod_msgs/msg/detail/video_info__type_support.cpp.o[0m
[ 70%] Built target tod_msgs__rosidl_typesupport_introspection_c
[ 71%] [32mBuilding CXX object CMakeFiles/tod_msgs__rosidl_typesupport_introspection_cpp.dir/rosidl_typesupport_introspection_cpp/tod_msgs/srv/detail/input_device__type_support.cpp.o[0m
[ 71%] [32m[1mLinking CXX shared library libtod_msgs__rosidl_typesupport_fastrtps_cpp.so[0m
[ 71%] Built target tod_msgs__rosidl_typesupport_fastrtps_cpp
[ 72%] [34m[1mGenerating C type support for eProsima Fast-RTPS[0m
[ 73%] [32m[1mLinking CXX shared library libtod_msgs__rosidl_typesupport_introspection_cpp.so[0m
[ 73%] Built target tod_msgs__rosidl_typesupport_introspection_cpp
[35m[1mScanning dependencies of target tod_msgs__rosidl_typesupport_fastrtps_c[0m
[ 74%] [32mBuilding CXX object CMakeFiles/tod_msgs__rosidl_typesupport_fastrtps_c.dir/rosidl_typesupport_fastrtps_c/tod_msgs/msg/detail/colored_point__type_support_c.cpp.o[0m
[ 74%] [32mBuilding CXX object CMakeFiles/tod_msgs__rosidl_typesupport_fastrtps_c.dir/rosidl_typesupport_fastrtps_c/tod_msgs/msg/detail/colored_polygon__type_support_c.cpp.o[0m
[ 75%] [32mBuilding CXX object CMakeFiles/tod_msgs__rosidl_typesupport_fastrtps_c.dir/rosidl_typesupport_fastrtps_c/tod_msgs/msg/detail/key_press__type_support_c.cpp.o[0m
[ 76%] [32mBuilding CXX object CMakeFiles/tod_msgs__rosidl_typesupport_fastrtps_c.dir/rosidl_typesupport_fastrtps_c/tod_msgs/msg/detail/object_data__type_support_c.cpp.o[0m
[ 77%] [32mBuilding CXX object CMakeFiles/tod_msgs__rosidl_typesupport_fastrtps_c.dir/rosidl_typesupport_fastrtps_c/tod_msgs/msg/detail/object_list__type_support_c.cpp.o[0m
[ 78%] [32mBuilding CXX object CMakeFiles/tod_msgs__rosidl_typesupport_fastrtps_c.dir/rosidl_typesupport_fastrtps_c/tod_msgs/msg/detail/paket_info__type_support_c.cpp.o[0m
[ 78%] [32mBuilding CXX object CMakeFiles/tod_msgs__rosidl_typesupport_fastrtps_c.dir/rosidl_typesupport_fastrtps_c/tod_msgs/msg/detail/primary_control_cmd__type_support_c.cpp.o[0m
[ 79%] [32mBuilding CXX object CMakeFiles/tod_msgs__rosidl_typesupport_fastrtps_c.dir/rosidl_typesupport_fastrtps_c/tod_msgs/msg/detail/safety_driver_status__type_support_c.cpp.o[0m
[ 80%] [32mBuilding CXX object CMakeFiles/tod_msgs__rosidl_typesupport_fastrtps_c.dir/rosidl_typesupport_fastrtps_c/tod_msgs/msg/detail/secondary_control_cmd__type_support_c.cpp.o[0m
[ 81%] [32mBuilding CXX object CMakeFiles/tod_msgs__rosidl_typesupport_fastrtps_c.dir/rosidl_typesupport_fastrtps_c/tod_msgs/msg/detail/status__type_support_c.cpp.o[0m
[ 82%] [32mBuilding CXX object CMakeFiles/tod_msgs__rosidl_typesupport_fastrtps_c.dir/rosidl_typesupport_fastrtps_c/tod_msgs/msg/detail/vehicle_data__type_support_c.cpp.o[0m
[ 82%] [32mBuilding CXX object CMakeFiles/tod_msgs__rosidl_typesupport_fastrtps_c.dir/rosidl_typesupport_fastrtps_c/tod_msgs/msg/detail/video_info__type_support_c.cpp.o[0m
[ 83%] [32mBuilding CXX object CMakeFiles/tod_msgs__rosidl_typesupport_fastrtps_c.dir/rosidl_typesupport_fastrtps_c/tod_msgs/srv/detail/input_device__type_support_c.cpp.o[0m
[ 84%] [32m[1mLinking CXX shared library libtod_msgs__rosidl_typesupport_fastrtps_c.so[0m
[ 84%] Built target tod_msgs__rosidl_typesupport_fastrtps_c
[35m[1mScanning dependencies of target tod_msgs[0m
[ 84%] Built target tod_msgs
[35m[1mScanning dependencies of target tod_msgs__py[0m
[ 85%] [34m[1mGenerating Python code for ROS interfaces[0m
[ 85%] Built target tod_msgs__py
[35m[1mScanning dependencies of target tod_msgs__python[0m
[ 86%] [32mBuilding C object CMakeFiles/tod_msgs__python.dir/rosidl_generator_py/tod_msgs/msg/_colored_point_s.c.o[0m
[ 87%] [32mBuilding C object CMakeFiles/tod_msgs__python.dir/rosidl_generator_py/tod_msgs/msg/_colored_polygon_s.c.o[0m
[ 87%] [32mBuilding C object CMakeFiles/tod_msgs__python.dir/rosidl_generator_py/tod_msgs/msg/_key_press_s.c.o[0m
[ 88%] [32mBuilding C object CMakeFiles/tod_msgs__python.dir/rosidl_generator_py/tod_msgs/msg/_object_data_s.c.o[0m
[ 89%] [32mBuilding C object CMakeFiles/tod_msgs__python.dir/rosidl_generator_py/tod_msgs/msg/_object_list_s.c.o[0m
[ 90%] [32mBuilding C object CMakeFiles/tod_msgs__python.dir/rosidl_generator_py/tod_msgs/msg/_paket_info_s.c.o[0m
[ 90%] [32mBuilding C object CMakeFiles/tod_msgs__python.dir/rosidl_generator_py/tod_msgs/msg/_safety_driver_status_s.c.o[0m
[ 91%] [32mBuilding C object CMakeFiles/tod_msgs__python.dir/rosidl_generator_py/tod_msgs/msg/_secondary_control_cmd_s.c.o[0m
[ 92%] [32mBuilding C object CMakeFiles/tod_msgs__python.dir/rosidl_generator_py/tod_msgs/msg/_status_s.c.o[0m
[ 93%] [32mBuilding C object CMakeFiles/tod_msgs__python.dir/rosidl_generator_py/tod_msgs/msg/_vehicle_data_s.c.o[0m
[ 94%] [32mBuilding C object CMakeFiles/tod_msgs__python.dir/rosidl_generator_py/tod_msgs/msg/_primary_control_cmd_s.c.o[0m
[ 94%] [32mBuilding C object CMakeFiles/tod_msgs__python.dir/rosidl_generator_py/tod_msgs/srv/_input_device_s.c.o[0m
[ 95%] [32mBuilding C object CMakeFiles/tod_msgs__python.dir/rosidl_generator_py/tod_msgs/msg/_video_info_s.c.o[0m
[ 96%] [32m[1mLinking C shared library rosidl_generator_py/tod_msgs/libtod_msgs__python.so[0m
[ 96%] Built target tod_msgs__python
[35m[1mScanning dependencies of target tod_msgs__rosidl_typesupport_c__pyext[0m
[35m[1mScanning dependencies of target tod_msgs__rosidl_typesupport_introspection_c__pyext[0m
[35m[1mScanning dependencies of target tod_msgs__rosidl_typesupport_fastrtps_c__pyext[0m
[ 97%] [32mBuilding C object CMakeFiles/tod_msgs__rosidl_typesupport_c__pyext.dir/rosidl_generator_py/tod_msgs/_tod_msgs_s.ep.rosidl_typesupport_c.c.o[0m
[ 98%] [32mBuilding C object CMakeFiles/tod_msgs__rosidl_typesupport_introspection_c__pyext.dir/rosidl_generator_py/tod_msgs/_tod_msgs_s.ep.rosidl_typesupport_introspection_c.c.o[0m
[ 99%] [32mBuilding C object CMakeFiles/tod_msgs__rosidl_typesupport_fastrtps_c__pyext.dir/rosidl_generator_py/tod_msgs/_tod_msgs_s.ep.rosidl_typesupport_fastrtps_c.c.o[0m
[100%] [32m[1mLinking C shared library rosidl_generator_py/tod_msgs/tod_msgs_s__rosidl_typesupport_introspection_c.cpython-38-x86_64-linux-gnu.so[0m
[100%] [32m[1mLinking C shared library rosidl_generator_py/tod_msgs/tod_msgs_s__rosidl_typesupport_c.cpython-38-x86_64-linux-gnu.so[0m
[100%] [32m[1mLinking CXX shared library rosidl_generator_py/tod_msgs/tod_msgs_s__rosidl_typesupport_fastrtps_c.cpython-38-x86_64-linux-gnu.so[0m
[100%] Built target tod_msgs__rosidl_typesupport_introspection_c__pyext
[100%] Built target tod_msgs__rosidl_typesupport_c__pyext
[100%] Built target tod_msgs__rosidl_typesupport_fastrtps_c__pyext
-- Install configuration: ""
-- Installing: /home/tofstudent/sa_zhao/install/tod_msgs/share/ament_index/resource_index/rosidl_interfaces/tod_msgs
-- Installing: /home/tofstudent/sa_zhao/install/tod_msgs/include/tod_msgs
-- Installing: /home/tofstudent/sa_zhao/install/tod_msgs/include/tod_msgs/srv
-- Installing: /home/tofstudent/sa_zhao/install/tod_msgs/include/tod_msgs/srv/input_device.h
-- Installing: /home/tofstudent/sa_zhao/install/tod_msgs/include/tod_msgs/srv/detail
-- Installing: /home/tofstudent/sa_zhao/install/tod_msgs/include/tod_msgs/srv/detail/input_device__functions.h
-- Installing: /home/tofstudent/sa_zhao/install/tod_msgs/include/tod_msgs/srv/detail/input_device__struct.h
-- Installing: /home/tofstudent/sa_zhao/install/tod_msgs/include/tod_msgs/srv/detail/input_device__functions.c
-- Installing: /home/tofstudent/sa_zhao/install/tod_msgs/include/tod_msgs/srv/detail/input_device__type_support.h
-- Installing: /home/tofstudent/sa_zhao/install/tod_msgs/include/tod_msgs/msg
-- Installing: /home/tofstudent/sa_zhao/install/tod_msgs/include/tod_msgs/msg/object_list.h
-- Installing: /home/tofstudent/sa_zhao/install/tod_msgs/include/tod_msgs/msg/vehicle_data.h
-- Installing: /home/tofstudent/sa_zhao/install/tod_msgs/include/tod_msgs/msg/detail
-- Installing: /home/tofstudent/sa_zhao/install/tod_msgs/include/tod_msgs/msg/detail/key_press__functions.c
-- Installing: /home/tofstudent/sa_zhao/install/tod_msgs/include/tod_msgs/msg/detail/primary_control_cmd__struct.h
-- Installing: /home/tofstudent/sa_zhao/install/tod_msgs/include/tod_msgs/msg/detail/colored_polygon__struct.h
-- Installing: /home/tofstudent/sa_zhao/install/tod_msgs/include/tod_msgs/msg/detail/vehicle_data__functions.c
-- Installing: /home/tofstudent/sa_zhao/install/tod_msgs/include/tod_msgs/msg/detail/secondary_control_cmd__type_support.h
-- Installing: /home/tofstudent/sa_zhao/install/tod_msgs/include/tod_msgs/msg/detail/colored_point__functions.c
-- Installing: /home/tofstudent/sa_zhao/install/tod_msgs/include/tod_msgs/msg/detail/status__functions.h
-- Installing: /home/tofstudent/sa_zhao/install/tod_msgs/include/tod_msgs/msg/detail/safety_driver_status__functions.h
-- Installing: /home/tofstudent/sa_zhao/install/tod_msgs/include/tod_msgs/msg/detail/colored_polygon__type_support.h
-- Installing: /home/tofstudent/sa_zhao/install/tod_msgs/include/tod_msgs/msg/detail/safety_driver_status__functions.c
-- Installing: /home/tofstudent/sa_zhao/install/tod_msgs/include/tod_msgs/msg/detail/colored_point__type_support.h
-- Installing: /home/tofstudent/sa_zhao/install/tod_msgs/include/tod_msgs/msg/detail/video_info__functions.c
-- Installing: /home/tofstudent/sa_zhao/install/tod_msgs/include/tod_msgs/msg/detail/object_data__functions.h
-- Installing: /home/tofstudent/sa_zhao/install/tod_msgs/include/tod_msgs/msg/detail/colored_point__functions.h
-- Installing: /home/tofstudent/sa_zhao/install/tod_msgs/include/tod_msgs/msg/detail/key_press__functions.h
-- Installing: /home/tofstudent/sa_zhao/install/tod_msgs/include/tod_msgs/msg/detail/colored_polygon__functions.h
-- Installing: /home/tofstudent/sa_zhao/install/tod_msgs/include/tod_msgs/msg/detail/key_press__type_support.h
-- Installing: /home/tofstudent/sa_zhao/install/tod_msgs/include/tod_msgs/msg/detail/colored_polygon__functions.c
-- Installing: /home/tofstudent/sa_zhao/install/tod_msgs/include/tod_msgs/msg/detail/status__functions.c
-- Installing: /home/tofstudent/sa_zhao/install/tod_msgs/include/tod_msgs/msg/detail/video_info__functions.h
-- Installing: /home/tofstudent/sa_zhao/install/tod_msgs/include/tod_msgs/msg/detail/object_list__functions.c
-- Installing: /home/tofstudent/sa_zhao/install/tod_msgs/include/tod_msgs/msg/detail/safety_driver_status__struct.h
-- Installing: /home/tofstudent/sa_zhao/install/tod_msgs/include/tod_msgs/msg/detail/vehicle_data__functions.h
-- Installing: /home/tofstudent/sa_zhao/install/tod_msgs/include/tod_msgs/msg/detail/object_data__struct.h
-- Installing: /home/tofstudent/sa_zhao/install/tod_msgs/include/tod_msgs/msg/detail/vehicle_data__struct.h
-- Installing: /home/tofstudent/sa_zhao/install/tod_msgs/include/tod_msgs/msg/detail/safety_driver_status__type_support.h
-- Installing: /home/tofstudent/sa_zhao/install/tod_msgs/include/tod_msgs/msg/detail/object_list__functions.h
-- Installing: /home/tofstudent/sa_zhao/install/tod_msgs/include/tod_msgs/msg/detail/object_data__type_support.h
-- Installing: /home/tofstudent/sa_zhao/install/tod_msgs/include/tod_msgs/msg/detail/key_press__struct.h
-- Installing: /home/tofstudent/sa_zhao/install/tod_msgs/include/tod_msgs/msg/detail/colored_point__struct.h
-- Installing: /home/tofstudent/sa_zhao/install/tod_msgs/include/tod_msgs/msg/detail/object_list__type_support.h
-- Installing: /home/tofstudent/sa_zhao/install/tod_msgs/include/tod_msgs/msg/detail/video_info__type_support.h
-- Installing: /home/tofstudent/sa_zhao/install/tod_msgs/include/tod_msgs/msg/detail/status__struct.h
-- Installing: /home/tofstudent/sa_zhao/install/tod_msgs/include/tod_msgs/msg/detail/vehicle_data__type_support.h
-- Installing: /home/tofstudent/sa_zhao/install/tod_msgs/include/tod_msgs/msg/detail/paket_info__functions.h
-- Installing: /home/tofstudent/sa_zhao/install/tod_msgs/include/tod_msgs/msg/detail/primary_control_cmd__functions.c
-- Installing: /home/tofstudent/sa_zhao/install/tod_msgs/include/tod_msgs/msg/detail/primary_control_cmd__functions.h
-- Installing: /home/tofstudent/sa_zhao/install/tod_msgs/include/tod_msgs/msg/detail/paket_info__type_support.h
-- Installing: /home/tofstudent/sa_zhao/install/tod_msgs/include/tod_msgs/msg/detail/object_list__struct.h
-- Installing: /home/tofstudent/sa_zhao/install/tod_msgs/include/tod_msgs/msg/detail/paket_info__struct.h
-- Installing: /home/tofstudent/sa_zhao/install/tod_msgs/include/tod_msgs/msg/detail/secondary_control_cmd__functions.c
-- Installing: /home/tofstudent/sa_zhao/install/tod_msgs/include/tod_msgs/msg/detail/paket_info__functions.c
-- Installing: /home/tofstudent/sa_zhao/install/tod_msgs/include/tod_msgs/msg/detail/video_info__struct.h
-- Installing: /home/tofstudent/sa_zhao/install/tod_msgs/include/tod_msgs/msg/detail/primary_control_cmd__type_support.h
-- Installing: /home/tofstudent/sa_zhao/install/tod_msgs/include/tod_msgs/msg/detail/status__type_support.h
-- Installing: /home/tofstudent/sa_zhao/install/tod_msgs/include/tod_msgs/msg/detail/secondary_control_cmd__struct.h
-- Installing: /home/tofstudent/sa_zhao/install/tod_msgs/include/tod_msgs/msg/detail/secondary_control_cmd__functions.h
-- Installing: /home/tofstudent/sa_zhao/install/tod_msgs/include/tod_msgs/msg/detail/object_data__functions.c
-- Installing: /home/tofstudent/sa_zhao/install/tod_msgs/include/tod_msgs/msg/rosidl_generator_c__visibility_control.h
-- Installing: /home/tofstudent/sa_zhao/install/tod_msgs/include/tod_msgs/msg/primary_control_cmd.h
-- Installing: /home/tofstudent/sa_zhao/install/tod_msgs/include/tod_msgs/msg/safety_driver_status.h
-- Installing: /home/tofstudent/sa_zhao/install/tod_msgs/include/tod_msgs/msg/secondary_control_cmd.h
-- Installing: /home/tofstudent/sa_zhao/install/tod_msgs/include/tod_msgs/msg/colored_point.h
-- Installing: /home/tofstudent/sa_zhao/install/tod_msgs/include/tod_msgs/msg/paket_info.h
-- Installing: /home/tofstudent/sa_zhao/install/tod_msgs/include/tod_msgs/msg/status.h
-- Installing: /home/tofstudent/sa_zhao/install/tod_msgs/include/tod_msgs/msg/colored_polygon.h
-- Installing: /home/tofstudent/sa_zhao/install/tod_msgs/include/tod_msgs/msg/key_press.h
-- Installing: /home/tofstudent/sa_zhao/install/tod_msgs/include/tod_msgs/msg/video_info.h
-- Installing: /home/tofstudent/sa_zhao/install/tod_msgs/include/tod_msgs/msg/object_data.h
-- Installing: /home/tofstudent/sa_zhao/install/tod_msgs/share/tod_msgs/environment/library_path.sh
-- Installing: /home/tofstudent/sa_zhao/install/tod_msgs/share/tod_msgs/environment/library_path.dsv
-- Installing: /home/tofstudent/sa_zhao/install/tod_msgs/lib/libtod_msgs__rosidl_generator_c.so
-- Set runtime path of "/home/tofstudent/sa_zhao/install/tod_msgs/lib/libtod_msgs__rosidl_generator_c.so" to ""
-- Up-to-date: /home/tofstudent/sa_zhao/install/tod_msgs/include/tod_msgs
-- Up-to-date: /home/tofstudent/sa_zhao/install/tod_msgs/include/tod_msgs/srv
-- Up-to-date: /home/tofstudent/sa_zhao/install/tod_msgs/include/tod_msgs/srv/detail
-- Installing: /home/tofstudent/sa_zhao/install/tod_msgs/include/tod_msgs/srv/detail/input_device__rosidl_typesupport_fastrtps_c.h
-- Up-to-date: /home/tofstudent/sa_zhao/install/tod_msgs/include/tod_msgs/msg
-- Installing: /home/tofstudent/sa_zhao/install/tod_msgs/include/tod_msgs/msg/rosidl_typesupport_fastrtps_c__visibility_control.h
-- Up-to-date: /home/tofstudent/sa_zhao/install/tod_msgs/include/tod_msgs/msg/detail
-- Installing: /home/tofstudent/sa_zhao/install/tod_msgs/include/tod_msgs/msg/detail/paket_info__rosidl_typesupport_fastrtps_c.h
-- Installing: /home/tofstudent/sa_zhao/install/tod_msgs/include/tod_msgs/msg/detail/primary_control_cmd__rosidl_typesupport_fastrtps_c.h
-- Installing: /home/tofstudent/sa_zhao/install/tod_msgs/include/tod_msgs/msg/detail/status__rosidl_typesupport_fastrtps_c.h
-- Installing: /home/tofstudent/sa_zhao/install/tod_msgs/include/tod_msgs/msg/detail/safety_driver_status__rosidl_typesupport_fastrtps_c.h
-- Installing: /home/tofstudent/sa_zhao/install/tod_msgs/include/tod_msgs/msg/detail/secondary_control_cmd__rosidl_typesupport_fastrtps_c.h
-- Installing: /home/tofstudent/sa_zhao/install/tod_msgs/include/tod_msgs/msg/detail/video_info__rosidl_typesupport_fastrtps_c.h
-- Installing: /home/tofstudent/sa_zhao/install/tod_msgs/include/tod_msgs/msg/detail/colored_point__rosidl_typesupport_fastrtps_c.h
-- Installing: /home/tofstudent/sa_zhao/install/tod_msgs/include/tod_msgs/msg/detail/colored_polygon__rosidl_typesupport_fastrtps_c.h
-- Installing: /home/tofstudent/sa_zhao/install/tod_msgs/include/tod_msgs/msg/detail/object_data__rosidl_typesupport_fastrtps_c.h
-- Installing: /home/tofstudent/sa_zhao/install/tod_msgs/include/tod_msgs/msg/detail/object_list__rosidl_typesupport_fastrtps_c.h
-- Installing: /home/tofstudent/sa_zhao/install/tod_msgs/include/tod_msgs/msg/detail/vehicle_data__rosidl_typesupport_fastrtps_c.h
-- Installing: /home/tofstudent/sa_zhao/install/tod_msgs/include/tod_msgs/msg/detail/key_press__rosidl_typesupport_fastrtps_c.h
-- Installing: /home/tofstudent/sa_zhao/install/tod_msgs/lib/libtod_msgs__rosidl_typesupport_fastrtps_c.so
-- Set runtime path of "/home/tofstudent/sa_zhao/install/tod_msgs/lib/libtod_msgs__rosidl_typesupport_fastrtps_c.so" to ""
-- Up-to-date: /home/tofstudent/sa_zhao/install/tod_msgs/include/tod_msgs
-- Up-to-date: /home/tofstudent/sa_zhao/install/tod_msgs/include/tod_msgs/srv
-- Up-to-date: /home/tofstudent/sa_zhao/install/tod_msgs/include/tod_msgs/srv/detail
-- Installing: /home/tofstudent/sa_zhao/install/tod_msgs/include/tod_msgs/srv/detail/dds_fastrtps
-- Installing: /home/tofstudent/sa_zhao/install/tod_msgs/include/tod_msgs/srv/detail/input_device__rosidl_typesupport_fastrtps_cpp.hpp
-- Up-to-date: /home/tofstudent/sa_zhao/install/tod_msgs/include/tod_msgs/msg
-- Installing: /home/tofstudent/sa_zhao/install/tod_msgs/include/tod_msgs/msg/rosidl_typesupport_fastrtps_cpp__visibility_control.h
-- Up-to-date: /home/tofstudent/sa_zhao/install/tod_msgs/include/tod_msgs/msg/detail
-- Installing: /home/tofstudent/sa_zhao/install/tod_msgs/include/tod_msgs/msg/detail/object_list__rosidl_typesupport_fastrtps_cpp.hpp
-- Installing: /home/tofstudent/sa_zhao/install/tod_msgs/include/tod_msgs/msg/detail/vehicle_data__rosidl_typesupport_fastrtps_cpp.hpp
-- Installing: /home/tofstudent/sa_zhao/install/tod_msgs/include/tod_msgs/msg/detail/video_info__rosidl_typesupport_fastrtps_cpp.hpp
-- Installing: /home/tofstudent/sa_zhao/install/tod_msgs/include/tod_msgs/msg/detail/status__rosidl_typesupport_fastrtps_cpp.hpp
-- Installing: /home/tofstudent/sa_zhao/install/tod_msgs/include/tod_msgs/msg/detail/colored_polygon__rosidl_typesupport_fastrtps_cpp.hpp
-- Installing: /home/tofstudent/sa_zhao/install/tod_msgs/include/tod_msgs/msg/detail/paket_info__rosidl_typesupport_fastrtps_cpp.hpp
-- Installing: /home/tofstudent/sa_zhao/install/tod_msgs/include/tod_msgs/msg/detail/primary_control_cmd__rosidl_typesupport_fastrtps_cpp.hpp
-- Installing: /home/tofstudent/sa_zhao/install/tod_msgs/include/tod_msgs/msg/detail/colored_point__rosidl_typesupport_fastrtps_cpp.hpp
-- Installing: /home/tofstudent/sa_zhao/install/tod_msgs/include/tod_msgs/msg/detail/secondary_control_cmd__rosidl_typesupport_fastrtps_cpp.hpp
-- Installing: /home/tofstudent/sa_zhao/install/tod_msgs/include/tod_msgs/msg/detail/key_press__rosidl_typesupport_fastrtps_cpp.hpp
-- Installing: /home/tofstudent/sa_zhao/install/tod_msgs/include/tod_msgs/msg/detail/object_data__rosidl_typesupport_fastrtps_cpp.hpp
-- Installing: /home/tofstudent/sa_zhao/install/tod_msgs/include/tod_msgs/msg/detail/dds_fastrtps
-- Installing: /home/tofstudent/sa_zhao/install/tod_msgs/include/tod_msgs/msg/detail/safety_driver_status__rosidl_typesupport_fastrtps_cpp.hpp
-- Installing: /home/tofstudent/sa_zhao/install/tod_msgs/lib/libtod_msgs__rosidl_typesupport_fastrtps_cpp.so
-- Set runtime path of "/home/tofstudent/sa_zhao/install/tod_msgs/lib/libtod_msgs__rosidl_typesupport_fastrtps_cpp.so" to ""
-- Up-to-date: /home/tofstudent/sa_zhao/install/tod_msgs/include/tod_msgs
-- Up-to-date: /home/tofstudent/sa_zhao/install/tod_msgs/include/tod_msgs/srv
-- Up-to-date: /home/tofstudent/sa_zhao/install/tod_msgs/include/tod_msgs/srv/detail
-- Installing: /home/tofstudent/sa_zhao/install/tod_msgs/include/tod_msgs/srv/detail/input_device__type_support.c
-- Installing: /home/tofstudent/sa_zhao/install/tod_msgs/include/tod_msgs/srv/detail/input_device__rosidl_typesupport_introspection_c.h
-- Up-to-date: /home/tofstudent/sa_zhao/install/tod_msgs/include/tod_msgs/msg
-- Up-to-date: /home/tofstudent/sa_zhao/install/tod_msgs/include/tod_msgs/msg/detail
-- Installing: /home/tofstudent/sa_zhao/install/tod_msgs/include/tod_msgs/msg/detail/safety_driver_status__type_support.c
-- Installing: /home/tofstudent/sa_zhao/install/tod_msgs/include/tod_msgs/msg/detail/key_press__type_support.c
-- Installing: /home/tofstudent/sa_zhao/install/tod_msgs/include/tod_msgs/msg/detail/object_data__type_support.c
-- Installing: /home/tofstudent/sa_zhao/install/tod_msgs/include/tod_msgs/msg/detail/status__type_support.c
-- Installing: /home/tofstudent/sa_zhao/install/tod_msgs/include/tod_msgs/msg/detail/object_list__rosidl_typesupport_introspection_c.h
-- Installing: /home/tofstudent/sa_zhao/install/tod_msgs/include/tod_msgs/msg/detail/key_press__rosidl_typesupport_introspection_c.h
-- Installing: /home/tofstudent/sa_zhao/install/tod_msgs/include/tod_msgs/msg/detail/video_info__rosidl_typesupport_introspection_c.h
-- Installing: /home/tofstudent/sa_zhao/install/tod_msgs/include/tod_msgs/msg/detail/video_info__type_support.c
-- Installing: /home/tofstudent/sa_zhao/install/tod_msgs/include/tod_msgs/msg/detail/colored_point__type_support.c
-- Installing: /home/tofstudent/sa_zhao/install/tod_msgs/include/tod_msgs/msg/detail/status__rosidl_typesupport_introspection_c.h
-- Installing: /home/tofstudent/sa_zhao/install/tod_msgs/include/tod_msgs/msg/detail/colored_point__rosidl_typesupport_introspection_c.h
-- Installing: /home/tofstudent/sa_zhao/install/tod_msgs/include/tod_msgs/msg/detail/object_list__type_support.c
-- Installing: /home/tofstudent/sa_zhao/install/tod_msgs/include/tod_msgs/msg/detail/paket_info__type_support.c
-- Installing: /home/tofstudent/sa_zhao/install/tod_msgs/include/tod_msgs/msg/detail/safety_driver_status__rosidl_typesupport_introspection_c.h
-- Installing: /home/tofstudent/sa_zhao/install/tod_msgs/include/tod_msgs/msg/detail/vehicle_data__type_support.c
-- Installing: /home/tofstudent/sa_zhao/install/tod_msgs/include/tod_msgs/msg/detail/colored_polygon__rosidl_typesupport_introspection_c.h
-- Installing: /home/tofstudent/sa_zhao/install/tod_msgs/include/tod_msgs/msg/detail/primary_control_cmd__type_support.c
-- Installing: /home/tofstudent/sa_zhao/install/tod_msgs/include/tod_msgs/msg/detail/vehicle_data__rosidl_typesupport_introspection_c.h
-- Installing: /home/tofstudent/sa_zhao/install/tod_msgs/include/tod_msgs/msg/detail/object_data__rosidl_typesupport_introspection_c.h
-- Installing: /home/tofstudent/sa_zhao/install/tod_msgs/include/tod_msgs/msg/detail/paket_info__rosidl_typesupport_introspection_c.h
-- Installing: /home/tofstudent/sa_zhao/install/tod_msgs/include/tod_msgs/msg/detail/colored_polygon__type_support.c
-- Installing: /home/tofstudent/sa_zhao/install/tod_msgs/include/tod_msgs/msg/detail/primary_control_cmd__rosidl_typesupport_introspection_c.h
-- Installing: /home/tofstudent/sa_zhao/install/tod_msgs/include/tod_msgs/msg/detail/secondary_control_cmd__type_support.c
-- Installing: /home/tofstudent/sa_zhao/install/tod_msgs/include/tod_msgs/msg/detail/secondary_control_cmd__rosidl_typesupport_introspection_c.h
-- Installing: /home/tofstudent/sa_zhao/install/tod_msgs/include/tod_msgs/msg/rosidl_typesupport_introspection_c__visibility_control.h
-- Installing: /home/tofstudent/sa_zhao/install/tod_msgs/lib/libtod_msgs__rosidl_typesupport_introspection_c.so
-- Set runtime path of "/home/tofstudent/sa_zhao/install/tod_msgs/lib/libtod_msgs__rosidl_typesupport_introspection_c.so" to ""
-- Installing: /home/tofstudent/sa_zhao/install/tod_msgs/lib/libtod_msgs__rosidl_typesupport_c.so
-- Set runtime path of "/home/tofstudent/sa_zhao/install/tod_msgs/lib/libtod_msgs__rosidl_typesupport_c.so" to ""
-- Up-to-date: /home/tofstudent/sa_zhao/install/tod_msgs/include/tod_msgs
-- Up-to-date: /home/tofstudent/sa_zhao/install/tod_msgs/include/tod_msgs/srv
-- Up-to-date: /home/tofstudent/sa_zhao/install/tod_msgs/include/tod_msgs/srv/detail
-- Installing: /home/tofstudent/sa_zhao/install/tod_msgs/include/tod_msgs/srv/detail/input_device__struct.hpp
-- Installing: /home/tofstudent/sa_zhao/install/tod_msgs/include/tod_msgs/srv/detail/input_device__traits.hpp
-- Installing: /home/tofstudent/sa_zhao/install/tod_msgs/include/tod_msgs/srv/detail/input_device__builder.hpp
-- Installing: /home/tofstudent/sa_zhao/install/tod_msgs/include/tod_msgs/srv/input_device.hpp
-- Up-to-date: /home/tofstudent/sa_zhao/install/tod_msgs/include/tod_msgs/msg
-- Installing: /home/tofstudent/sa_zhao/install/tod_msgs/include/tod_msgs/msg/video_info.hpp
-- Installing: /home/tofstudent/sa_zhao/install/tod_msgs/include/tod_msgs/msg/object_data.hpp
-- Installing: /home/tofstudent/sa_zhao/install/tod_msgs/include/tod_msgs/msg/safety_driver_status.hpp
-- Installing: /home/tofstudent/sa_zhao/install/tod_msgs/include/tod_msgs/msg/vehicle_data.hpp
-- Installing: /home/tofstudent/sa_zhao/install/tod_msgs/include/tod_msgs/msg/object_list.hpp
-- Up-to-date: /home/tofstudent/sa_zhao/install/tod_msgs/include/tod_msgs/msg/detail
-- Installing: /home/tofstudent/sa_zhao/install/tod_msgs/include/tod_msgs/msg/detail/safety_driver_status__traits.hpp
-- Installing: /home/tofstudent/sa_zhao/install/tod_msgs/include/tod_msgs/msg/detail/colored_polygon__struct.hpp
-- Installing: /home/tofstudent/sa_zhao/install/tod_msgs/include/tod_msgs/msg/detail/secondary_control_cmd__builder.hpp
-- Installing: /home/tofstudent/sa_zhao/install/tod_msgs/include/tod_msgs/msg/detail/paket_info__builder.hpp
-- Installing: /home/tofstudent/sa_zhao/install/tod_msgs/include/tod_msgs/msg/detail/key_press__struct.hpp
-- Installing: /home/tofstudent/sa_zhao/install/tod_msgs/include/tod_msgs/msg/detail/primary_control_cmd__struct.hpp
-- Installing: /home/tofstudent/sa_zhao/install/tod_msgs/include/tod_msgs/msg/detail/video_info__builder.hpp
-- Installing: /home/tofstudent/sa_zhao/install/tod_msgs/include/tod_msgs/msg/detail/colored_polygon__builder.hpp
-- Installing: /home/tofstudent/sa_zhao/install/tod_msgs/include/tod_msgs/msg/detail/video_info__struct.hpp
-- Installing: /home/tofstudent/sa_zhao/install/tod_msgs/include/tod_msgs/msg/detail/primary_control_cmd__traits.hpp
-- Installing: /home/tofstudent/sa_zhao/install/tod_msgs/include/tod_msgs/msg/detail/key_press__traits.hpp
-- Installing: /home/tofstudent/sa_zhao/install/tod_msgs/include/tod_msgs/msg/detail/vehicle_data__traits.hpp
-- Installing: /home/tofstudent/sa_zhao/install/tod_msgs/include/tod_msgs/msg/detail/video_info__traits.hpp
-- Installing: /home/tofstudent/sa_zhao/install/tod_msgs/include/tod_msgs/msg/detail/status__traits.hpp
-- Installing: /home/tofstudent/sa_zhao/install/tod_msgs/include/tod_msgs/msg/detail/object_data__builder.hpp
-- Installing: /home/tofstudent/sa_zhao/install/tod_msgs/include/tod_msgs/msg/detail/object_data__traits.hpp
-- Installing: /home/tofstudent/sa_zhao/install/tod_msgs/include/tod_msgs/msg/detail/object_list__traits.hpp
-- Installing: /home/tofstudent/sa_zhao/install/tod_msgs/include/tod_msgs/msg/detail/colored_point__builder.hpp
-- Installing: /home/tofstudent/sa_zhao/install/tod_msgs/include/tod_msgs/msg/detail/colored_point__traits.hpp
-- Installing: /home/tofstudent/sa_zhao/install/tod_msgs/include/tod_msgs/msg/detail/object_list__struct.hpp
-- Installing: /home/tofstudent/sa_zhao/install/tod_msgs/include/tod_msgs/msg/detail/paket_info__struct.hpp
-- Installing: /home/tofstudent/sa_zhao/install/tod_msgs/include/tod_msgs/msg/detail/secondary_control_cmd__traits.hpp
-- Installing: /home/tofstudent/sa_zhao/install/tod_msgs/include/tod_msgs/msg/detail/colored_point__struct.hpp
-- Installing: /home/tofstudent/sa_zhao/install/tod_msgs/include/tod_msgs/msg/detail/colored_polygon__traits.hpp
-- Installing: /home/tofstudent/sa_zhao/install/tod_msgs/include/tod_msgs/msg/detail/safety_driver_status__struct.hpp
-- Installing: /home/tofstudent/sa_zhao/install/tod_msgs/include/tod_msgs/msg/detail/object_list__builder.hpp
-- Installing: /home/tofstudent/sa_zhao/install/tod_msgs/include/tod_msgs/msg/detail/vehicle_data__struct.hpp
-- Installing: /home/tofstudent/sa_zhao/install/tod_msgs/include/tod_msgs/msg/detail/paket_info__traits.hpp
-- Installing: /home/tofstudent/sa_zhao/install/tod_msgs/include/tod_msgs/msg/detail/status__builder.hpp
-- Installing: /home/tofstudent/sa_zhao/install/tod_msgs/include/tod_msgs/msg/detail/vehicle_data__builder.hpp
-- Installing: /home/tofstudent/sa_zhao/install/tod_msgs/include/tod_msgs/msg/detail/primary_control_cmd__builder.hpp
-- Installing: /home/tofstudent/sa_zhao/install/tod_msgs/include/tod_msgs/msg/detail/secondary_control_cmd__struct.hpp
-- Installing: /home/tofstudent/sa_zhao/install/tod_msgs/include/tod_msgs/msg/detail/object_data__struct.hpp
-- Installing: /home/tofstudent/sa_zhao/install/tod_msgs/include/tod_msgs/msg/detail/safety_driver_status__builder.hpp
-- Installing: /home/tofstudent/sa_zhao/install/tod_msgs/include/tod_msgs/msg/detail/status__struct.hpp
-- Installing: /home/tofstudent/sa_zhao/install/tod_msgs/include/tod_msgs/msg/detail/key_press__builder.hpp
-- Installing: /home/tofstudent/sa_zhao/install/tod_msgs/include/tod_msgs/msg/secondary_control_cmd.hpp
-- Installing: /home/tofstudent/sa_zhao/install/tod_msgs/include/tod_msgs/msg/colored_polygon.hpp
-- Installing: /home/tofstudent/sa_zhao/install/tod_msgs/include/tod_msgs/msg/status.hpp
-- Installing: /home/tofstudent/sa_zhao/install/tod_msgs/include/tod_msgs/msg/colored_point.hpp
-- Installing: /home/tofstudent/sa_zhao/install/tod_msgs/include/tod_msgs/msg/key_press.hpp
-- Installing: /home/tofstudent/sa_zhao/install/tod_msgs/include/tod_msgs/msg/paket_info.hpp
-- Installing: /home/tofstudent/sa_zhao/install/tod_msgs/include/tod_msgs/msg/primary_control_cmd.hpp
-- Up-to-date: /home/tofstudent/sa_zhao/install/tod_msgs/include/tod_msgs
-- Up-to-date: /home/tofstudent/sa_zhao/install/tod_msgs/include/tod_msgs/srv
-- Up-to-date: /home/tofstudent/sa_zhao/install/tod_msgs/include/tod_msgs/srv/detail
-- Installing: /home/tofstudent/sa_zhao/install/tod_msgs/include/tod_msgs/srv/detail/input_device__rosidl_typesupport_introspection_cpp.hpp
-- Installing: /home/tofstudent/sa_zhao/install/tod_msgs/include/tod_msgs/srv/detail/input_device__type_support.cpp
-- Up-to-date: /home/tofstudent/sa_zhao/install/tod_msgs/include/tod_msgs/msg
-- Up-to-date: /home/tofstudent/sa_zhao/install/tod_msgs/include/tod_msgs/msg/detail
-- Installing: /home/tofstudent/sa_zhao/install/tod_msgs/include/tod_msgs/msg/detail/safety_driver_status__rosidl_typesupport_introspection_cpp.hpp
-- Installing: /home/tofstudent/sa_zhao/install/tod_msgs/include/tod_msgs/msg/detail/primary_control_cmd__type_support.cpp
-- Installing: /home/tofstudent/sa_zhao/install/tod_msgs/include/tod_msgs/msg/detail/object_data__rosidl_typesupport_introspection_cpp.hpp
-- Installing: /home/tofstudent/sa_zhao/install/tod_msgs/include/tod_msgs/msg/detail/status__rosidl_typesupport_introspection_cpp.hpp
-- Installing: /home/tofstudent/sa_zhao/install/tod_msgs/include/tod_msgs/msg/detail/object_list__type_support.cpp
-- Installing: /home/tofstudent/sa_zhao/install/tod_msgs/include/tod_msgs/msg/detail/colored_polygon__type_support.cpp
-- Installing: /home/tofstudent/sa_zhao/install/tod_msgs/include/tod_msgs/msg/detail/video_info__type_support.cpp
-- Installing: /home/tofstudent/sa_zhao/install/tod_msgs/include/tod_msgs/msg/detail/status__type_support.cpp
-- Installing: /home/tofstudent/sa_zhao/install/tod_msgs/include/tod_msgs/msg/detail/paket_info__rosidl_typesupport_introspection_cpp.hpp
-- Installing: /home/tofstudent/sa_zhao/install/tod_msgs/include/tod_msgs/msg/detail/object_data__type_support.cpp
-- Installing: /home/tofstudent/sa_zhao/install/tod_msgs/include/tod_msgs/msg/detail/colored_point__rosidl_typesupport_introspection_cpp.hpp
-- Installing: /home/tofstudent/sa_zhao/install/tod_msgs/include/tod_msgs/msg/detail/colored_polygon__rosidl_typesupport_introspection_cpp.hpp
-- Installing: /home/tofstudent/sa_zhao/install/tod_msgs/include/tod_msgs/msg/detail/secondary_control_cmd__rosidl_typesupport_introspection_cpp.hpp
-- Installing: /home/tofstudent/sa_zhao/install/tod_msgs/include/tod_msgs/msg/detail/safety_driver_status__type_support.cpp
-- Installing: /home/tofstudent/sa_zhao/install/tod_msgs/include/tod_msgs/msg/detail/key_press__rosidl_typesupport_introspection_cpp.hpp
-- Installing: /home/tofstudent/sa_zhao/install/tod_msgs/include/tod_msgs/msg/detail/key_press__type_support.cpp
-- Installing: /home/tofstudent/sa_zhao/install/tod_msgs/include/tod_msgs/msg/detail/primary_control_cmd__rosidl_typesupport_introspection_cpp.hpp
-- Installing: /home/tofstudent/sa_zhao/install/tod_msgs/include/tod_msgs/msg/detail/video_info__rosidl_typesupport_introspection_cpp.hpp
-- Installing: /home/tofstudent/sa_zhao/install/tod_msgs/include/tod_msgs/msg/detail/vehicle_data__type_support.cpp
-- Installing: /home/tofstudent/sa_zhao/install/tod_msgs/include/tod_msgs/msg/detail/paket_info__type_support.cpp
-- Installing: /home/tofstudent/sa_zhao/install/tod_msgs/include/tod_msgs/msg/detail/vehicle_data__rosidl_typesupport_introspection_cpp.hpp
-- Installing: /home/tofstudent/sa_zhao/install/tod_msgs/include/tod_msgs/msg/detail/secondary_control_cmd__type_support.cpp
-- Installing: /home/tofstudent/sa_zhao/install/tod_msgs/include/tod_msgs/msg/detail/object_list__rosidl_typesupport_introspection_cpp.hpp
-- Installing: /home/tofstudent/sa_zhao/install/tod_msgs/include/tod_msgs/msg/detail/colored_point__type_support.cpp
-- Installing: /home/tofstudent/sa_zhao/install/tod_msgs/lib/libtod_msgs__rosidl_typesupport_introspection_cpp.so
-- Set runtime path of "/home/tofstudent/sa_zhao/install/tod_msgs/lib/libtod_msgs__rosidl_typesupport_introspection_cpp.so" to ""
-- Installing: /home/tofstudent/sa_zhao/install/tod_msgs/lib/libtod_msgs__rosidl_typesupport_cpp.so
-- Set runtime path of "/home/tofstudent/sa_zhao/install/tod_msgs/lib/libtod_msgs__rosidl_typesupport_cpp.so" to ""
-- Installing: /home/tofstudent/sa_zhao/install/tod_msgs/share/tod_msgs/environment/pythonpath.sh
-- Installing: /home/tofstudent/sa_zhao/install/tod_msgs/share/tod_msgs/environment/pythonpath.dsv
-- Installing: /home/tofstudent/sa_zhao/install/tod_msgs/lib/python3.8/site-packages/tod_msgs/__init__.py
Compiling '/home/tofstudent/sa_zhao/install/tod_msgs/lib/python3.8/site-packages/tod_msgs/__init__.py'...
-- Installing: /home/tofstudent/sa_zhao/install/tod_msgs/lib/python3.8/site-packages/tod_msgs/msg
-- Installing: /home/tofstudent/sa_zhao/install/tod_msgs/lib/python3.8/site-packages/tod_msgs/msg/_vehicle_data_s.c
-- Installing: /home/tofstudent/sa_zhao/install/tod_msgs/lib/python3.8/site-packages/tod_msgs/msg/_key_press_s.c
-- Installing: /home/tofstudent/sa_zhao/install/tod_msgs/lib/python3.8/site-packages/tod_msgs/msg/_safety_driver_status.py
-- Installing: /home/tofstudent/sa_zhao/install/tod_msgs/lib/python3.8/site-packages/tod_msgs/msg/_object_list.py
-- Installing: /home/tofstudent/sa_zhao/install/tod_msgs/lib/python3.8/site-packages/tod_msgs/msg/_video_info.py
-- Installing: /home/tofstudent/sa_zhao/install/tod_msgs/lib/python3.8/site-packages/tod_msgs/msg/_colored_point.py
-- Installing: /home/tofstudent/sa_zhao/install/tod_msgs/lib/python3.8/site-packages/tod_msgs/msg/_secondary_control_cmd.py
-- Installing: /home/tofstudent/sa_zhao/install/tod_msgs/lib/python3.8/site-packages/tod_msgs/msg/_colored_polygon_s.c
-- Installing: /home/tofstudent/sa_zhao/install/tod_msgs/lib/python3.8/site-packages/tod_msgs/msg/_primary_control_cmd_s.c
-- Installing: /home/tofstudent/sa_zhao/install/tod_msgs/lib/python3.8/site-packages/tod_msgs/msg/_object_data.py
-- Installing: /home/tofstudent/sa_zhao/install/tod_msgs/lib/python3.8/site-packages/tod_msgs/msg/_colored_point_s.c
-- Installing: /home/tofstudent/sa_zhao/install/tod_msgs/lib/python3.8/site-packages/tod_msgs/msg/_paket_info.py
-- Installing: /home/tofstudent/sa_zhao/install/tod_msgs/lib/python3.8/site-packages/tod_msgs/msg/_status.py
-- Installing: /home/tofstudent/sa_zhao/install/tod_msgs/lib/python3.8/site-packages/tod_msgs/msg/_primary_control_cmd.py
-- Installing: /home/tofstudent/sa_zhao/install/tod_msgs/lib/python3.8/site-packages/tod_msgs/msg/_vehicle_data.py
-- Installing: /home/tofstudent/sa_zhao/install/tod_msgs/lib/python3.8/site-packages/tod_msgs/msg/_status_s.c
-- Installing: /home/tofstudent/sa_zhao/install/tod_msgs/lib/python3.8/site-packages/tod_msgs/msg/_safety_driver_status_s.c
-- Installing: /home/tofstudent/sa_zhao/install/tod_msgs/lib/python3.8/site-packages/tod_msgs/msg/_colored_polygon.py
-- Installing: /home/tofstudent/sa_zhao/install/tod_msgs/lib/python3.8/site-packages/tod_msgs/msg/__init__.py
-- Installing: /home/tofstudent/sa_zhao/install/tod_msgs/lib/python3.8/site-packages/tod_msgs/msg/_paket_info_s.c
-- Installing: /home/tofstudent/sa_zhao/install/tod_msgs/lib/python3.8/site-packages/tod_msgs/msg/_object_data_s.c
-- Installing: /home/tofstudent/sa_zhao/install/tod_msgs/lib/python3.8/site-packages/tod_msgs/msg/_secondary_control_cmd_s.c
-- Installing: /home/tofstudent/sa_zhao/install/tod_msgs/lib/python3.8/site-packages/tod_msgs/msg/_video_info_s.c
-- Installing: /home/tofstudent/sa_zhao/install/tod_msgs/lib/python3.8/site-packages/tod_msgs/msg/_object_list_s.c
-- Installing: /home/tofstudent/sa_zhao/install/tod_msgs/lib/python3.8/site-packages/tod_msgs/msg/_key_press.py
-- Installing: /home/tofstudent/sa_zhao/install/tod_msgs/lib/python3.8/site-packages/tod_msgs/srv
-- Installing: /home/tofstudent/sa_zhao/install/tod_msgs/lib/python3.8/site-packages/tod_msgs/srv/_input_device.py
-- Installing: /home/tofstudent/sa_zhao/install/tod_msgs/lib/python3.8/site-packages/tod_msgs/srv/_input_device_s.c
-- Installing: /home/tofstudent/sa_zhao/install/tod_msgs/lib/python3.8/site-packages/tod_msgs/srv/__init__.py
-- Installing: /home/tofstudent/sa_zhao/install/tod_msgs/lib/python3.8/site-packages/tod_msgs/tod_msgs_s__rosidl_typesupport_fastrtps_c.cpython-38-x86_64-linux-gnu.so
-- Set runtime path of "/home/tofstudent/sa_zhao/install/tod_msgs/lib/python3.8/site-packages/tod_msgs/tod_msgs_s__rosidl_typesupport_fastrtps_c.cpython-38-x86_64-linux-gnu.so" to ""
-- Installing: /home/tofstudent/sa_zhao/install/tod_msgs/lib/python3.8/site-packages/tod_msgs/tod_msgs_s__rosidl_typesupport_introspection_c.cpython-38-x86_64-linux-gnu.so
-- Set runtime path of "/home/tofstudent/sa_zhao/install/tod_msgs/lib/python3.8/site-packages/tod_msgs/tod_msgs_s__rosidl_typesupport_introspection_c.cpython-38-x86_64-linux-gnu.so" to ""
-- Installing: /home/tofstudent/sa_zhao/install/tod_msgs/lib/python3.8/site-packages/tod_msgs/tod_msgs_s__rosidl_typesupport_c.cpython-38-x86_64-linux-gnu.so
-- Set runtime path of "/home/tofstudent/sa_zhao/install/tod_msgs/lib/python3.8/site-packages/tod_msgs/tod_msgs_s__rosidl_typesupport_c.cpython-38-x86_64-linux-gnu.so" to ""
-- Installing: /home/tofstudent/sa_zhao/install/tod_msgs/lib/libtod_msgs__python.so
-- Set runtime path of "/home/tofstudent/sa_zhao/install/tod_msgs/lib/libtod_msgs__python.so" to ""
-- Installing: /home/tofstudent/sa_zhao/install/tod_msgs/share/tod_msgs/msg/ColoredPoint.idl
-- Installing: /home/tofstudent/sa_zhao/install/tod_msgs/share/tod_msgs/msg/ColoredPolygon.idl
-- Installing: /home/tofstudent/sa_zhao/install/tod_msgs/share/tod_msgs/msg/KeyPress.idl
-- Installing: /home/tofstudent/sa_zhao/install/tod_msgs/share/tod_msgs/msg/ObjectData.idl
-- Installing: /home/tofstudent/sa_zhao/install/tod_msgs/share/tod_msgs/msg/ObjectList.idl
-- Installing: /home/tofstudent/sa_zhao/install/tod_msgs/share/tod_msgs/msg/PaketInfo.idl
-- Installing: /home/tofstudent/sa_zhao/install/tod_msgs/share/tod_msgs/msg/PrimaryControlCmd.idl
-- Installing: /home/tofstudent/sa_zhao/install/tod_msgs/share/tod_msgs/msg/SafetyDriverStatus.idl
-- Installing: /home/tofstudent/sa_zhao/install/tod_msgs/share/tod_msgs/msg/SecondaryControlCmd.idl
-- Installing: /home/tofstudent/sa_zhao/install/tod_msgs/share/tod_msgs/msg/Status.idl
-- Installing: /home/tofstudent/sa_zhao/install/tod_msgs/share/tod_msgs/msg/VehicleData.idl
-- Installing: /home/tofstudent/sa_zhao/install/tod_msgs/share/tod_msgs/msg/VideoInfo.idl
-- Installing: /home/tofstudent/sa_zhao/install/tod_msgs/share/tod_msgs/srv/InputDevice.idl
-- Installing: /home/tofstudent/sa_zhao/install/tod_msgs/share/tod_msgs/msg/ColoredPoint.msg
-- Installing: /home/tofstudent/sa_zhao/install/tod_msgs/share/tod_msgs/msg/ColoredPolygon.msg
-- Installing: /home/tofstudent/sa_zhao/install/tod_msgs/share/tod_msgs/msg/KeyPress.msg
-- Installing: /home/tofstudent/sa_zhao/install/tod_msgs/share/tod_msgs/msg/ObjectData.msg
-- Installing: /home/tofstudent/sa_zhao/install/tod_msgs/share/tod_msgs/msg/ObjectList.msg
-- Installing: /home/tofstudent/sa_zhao/install/tod_msgs/share/tod_msgs/msg/PaketInfo.msg
-- Installing: /home/tofstudent/sa_zhao/install/tod_msgs/share/tod_msgs/msg/PrimaryControlCmd.msg
-- Installing: /home/tofstudent/sa_zhao/install/tod_msgs/share/tod_msgs/msg/SafetyDriverStatus.msg
-- Installing: /home/tofstudent/sa_zhao/install/tod_msgs/share/tod_msgs/msg/SecondaryControlCmd.msg
-- Installing: /home/tofstudent/sa_zhao/install/tod_msgs/share/tod_msgs/msg/Status.msg
-- Installing: /home/tofstudent/sa_zhao/install/tod_msgs/share/tod_msgs/msg/VehicleData.msg
-- Installing: /home/tofstudent/sa_zhao/install/tod_msgs/share/tod_msgs/msg/VideoInfo.msg
-- Installing: /home/tofstudent/sa_zhao/install/tod_msgs/share/tod_msgs/srv/InputDevice.srv
-- Installing: /home/tofstudent/sa_zhao/install/tod_msgs/share/tod_msgs/srv/InputDevice_Request.msg
-- Installing: /home/tofstudent/sa_zhao/install/tod_msgs/share/tod_msgs/srv/InputDevice_Response.msg
-- Up-to-date: /home/tofstudent/sa_zhao/install/tod_msgs/include
-- Up-to-date: /home/tofstudent/sa_zhao/install/tod_msgs/include/tod_msgs
-- Installing: /home/tofstudent/sa_zhao/install/tod_msgs/include/tod_msgs/VehicleEnums.h
-- Installing: /home/tofstudent/sa_zhao/install/tod_msgs/include/tod_msgs/inputDevice.h
-- Installing: /home/tofstudent/sa_zhao/install/tod_msgs/include/tod_msgs/joystickConfig.h
-- Installing: /home/tofstudent/sa_zhao/install/tod_msgs/share/ament_index/resource_index/package_run_dependencies/tod_msgs
-- Installing: /home/tofstudent/sa_zhao/install/tod_msgs/share/ament_index/resource_index/parent_prefix_path/tod_msgs
-- Installing: /home/tofstudent/sa_zhao/install/tod_msgs/share/tod_msgs/environment/ament_prefix_path.sh
-- Installing: /home/tofstudent/sa_zhao/install/tod_msgs/share/tod_msgs/environment/ament_prefix_path.dsv
-- Installing: /home/tofstudent/sa_zhao/install/tod_msgs/share/tod_msgs/environment/path.sh
-- Installing: /home/tofstudent/sa_zhao/install/tod_msgs/share/tod_msgs/environment/path.dsv
-- Installing: /home/tofstudent/sa_zhao/install/tod_msgs/share/tod_msgs/local_setup.bash
-- Installing: /home/tofstudent/sa_zhao/install/tod_msgs/share/tod_msgs/local_setup.sh
-- Installing: /home/tofstudent/sa_zhao/install/tod_msgs/share/tod_msgs/local_setup.zsh
-- Installing: /home/tofstudent/sa_zhao/install/tod_msgs/share/tod_msgs/local_setup.dsv
-- Installing: /home/tofstudent/sa_zhao/install/tod_msgs/share/tod_msgs/package.dsv
-- Installing: /home/tofstudent/sa_zhao/install/tod_msgs/share/ament_index/resource_index/packages/tod_msgs
-- Installing: /home/tofstudent/sa_zhao/install/tod_msgs/share/tod_msgs/cmake/tod_msgs__rosidl_generator_cExport.cmake
-- Installing: /home/tofstudent/sa_zhao/install/tod_msgs/share/tod_msgs/cmake/tod_msgs__rosidl_generator_cExport-noconfig.cmake
-- Installing: /home/tofstudent/sa_zhao/install/tod_msgs/share/tod_msgs/cmake/tod_msgs__rosidl_typesupport_introspection_cExport.cmake
-- Installing: /home/tofstudent/sa_zhao/install/tod_msgs/share/tod_msgs/cmake/tod_msgs__rosidl_typesupport_introspection_cExport-noconfig.cmake
-- Installing: /home/tofstudent/sa_zhao/install/tod_msgs/share/tod_msgs/cmake/tod_msgs__rosidl_typesupport_cExport.cmake
-- Installing: /home/tofstudent/sa_zhao/install/tod_msgs/share/tod_msgs/cmake/tod_msgs__rosidl_typesupport_cExport-noconfig.cmake
-- Installing: /home/tofstudent/sa_zhao/install/tod_msgs/share/tod_msgs/cmake/tod_msgs__rosidl_generator_cppExport.cmake
-- Installing: /home/tofstudent/sa_zhao/install/tod_msgs/share/tod_msgs/cmake/tod_msgs__rosidl_typesupport_introspection_cppExport.cmake
-- Installing: /home/tofstudent/sa_zhao/install/tod_msgs/share/tod_msgs/cmake/tod_msgs__rosidl_typesupport_introspection_cppExport-noconfig.cmake
-- Installing: /home/tofstudent/sa_zhao/install/tod_msgs/share/tod_msgs/cmake/tod_msgs__rosidl_typesupport_cppExport.cmake
-- Installing: /home/tofstudent/sa_zhao/install/tod_msgs/share/tod_msgs/cmake/tod_msgs__rosidl_typesupport_cppExport-noconfig.cmake
-- Installing: /home/tofstudent/sa_zhao/install/tod_msgs/share/tod_msgs/cmake/rosidl_cmake-extras.cmake
-- Installing: /home/tofstudent/sa_zhao/install/tod_msgs/share/tod_msgs/cmake/ament_cmake_export_dependencies-extras.cmake
-- Installing: /home/tofstudent/sa_zhao/install/tod_msgs/share/tod_msgs/cmake/ament_cmake_export_libraries-extras.cmake
-- Installing: /home/tofstudent/sa_zhao/install/tod_msgs/share/tod_msgs/cmake/ament_cmake_export_targets-extras.cmake
-- Installing: /home/tofstudent/sa_zhao/install/tod_msgs/share/tod_msgs/cmake/ament_cmake_export_include_directories-extras.cmake
-- Installing: /home/tofstudent/sa_zhao/install/tod_msgs/share/tod_msgs/cmake/rosidl_cmake_export_typesupport_libraries-extras.cmake
-- Installing: /home/tofstudent/sa_zhao/install/tod_msgs/share/tod_msgs/cmake/rosidl_cmake_export_typesupport_targets-extras.cmake
-- Installing: /home/tofstudent/sa_zhao/install/tod_msgs/share/tod_msgs/cmake/tod_msgsConfig.cmake
-- Installing: /home/tofstudent/sa_zhao/install/tod_msgs/share/tod_msgs/cmake/tod_msgsConfig-version.cmake
-- Installing: /home/tofstudent/sa_zhao/install/tod_msgs/share/tod_msgs/package.xml
