[0.298s] Invoking command in '/home/tofstudent/sa_zhao/build/tod_msgs': CMAKE_PREFIX_PATH=/opt/ros/foxy /usr/bin/cmake /home/tofstudent/sa_zhao/src/tod_msgs -DCMAKE_INSTALL_PREFIX=/home/tofstudent/sa_zhao/install/tod_msgs
[0.382s] -- The C compiler identification is GNU 8.4.0
[0.470s] -- The CXX compiler identification is GNU 8.4.0
[0.479s] -- Check for working C compiler: /usr/bin/cc
[0.582s] -- Check for working C compiler: /usr/bin/cc -- works
[0.584s] -- Detecting C compiler ABI info
[0.692s] -- Detecting C compiler ABI info - done
[0.713s] -- Detecting C compile features
[0.714s] -- Detecting C compile features - done
[0.720s] -- Check for working CXX compiler: /usr/bin/c++
[0.887s] -- Check for working CXX compiler: /usr/bin/c++ -- works
[0.889s] -- Detecting CXX compiler ABI info
[1.024s] -- Detecting CXX compiler ABI info - done
[1.052s] -- Detecting CXX compile features
[1.052s] -- Detecting CXX compile features - done
[1.055s] -- Found ament_cmake: 0.9.11 (/opt/ros/foxy/share/ament_cmake/cmake)
[1.091s] -- Found PythonInterp: /usr/bin/python3 (found suitable version "3.8.10", minimum required is "3") 
[1.091s] -- Using PYTHON_EXECUTABLE: /usr/bin/python3
[1.387s] -- Found std_msgs: 2.0.5 (/opt/ros/foxy/share/std_msgs/cmake)
[1.435s] -- Using all available rosidl_typesupport_c: rosidl_typesupport_fastrtps_c;rosidl_typesupport_introspection_c
[1.444s] -- Found rosidl_adapter: 1.3.0 (/opt/ros/foxy/share/rosidl_adapter/cmake)
[1.592s] -- Found OpenSSL: /usr/lib/x86_64-linux-gnu/libcrypto.so (found version "1.1.1f")  
[1.642s] -- Found FastRTPS: /opt/ros/foxy/include  
[1.787s] -- Using all available rosidl_typesupport_cpp: rosidl_typesupport_fastrtps_cpp;rosidl_typesupport_introspection_cpp
[1.886s] -- Found geometry_msgs: 2.0.5 (/opt/ros/foxy/share/geometry_msgs/cmake)
[1.952s] -- Found sensor_msgs: 2.0.5 (/opt/ros/foxy/share/sensor_msgs/cmake)
[2.087s] -- Found rosidl_default_generators: 1.0.1 (/opt/ros/foxy/share/rosidl_default_generators/cmake)
[2.136s] -- Found PythonInterp: /usr/bin/python3 (found version "3.8.10") 
[2.611s] -- Found ament_cmake_ros: 0.9.2 (/opt/ros/foxy/share/ament_cmake_ros/cmake)
[3.241s] -- Using all available rosidl_typesupport_c: rosidl_typesupport_fastrtps_c;rosidl_typesupport_introspection_c
[3.615s] -- Using all available rosidl_typesupport_cpp: rosidl_typesupport_fastrtps_cpp;rosidl_typesupport_introspection_cpp
[3.682s] -- Found PythonInterp: /usr/bin/python3 (found suitable version "3.8.10", minimum required is "3.5") 
[3.682s] -- Found python_cmake_module: 0.8.1 (/opt/ros/foxy/share/python_cmake_module/cmake)
[3.776s] -- Found PythonLibs: /usr/lib/x86_64-linux-gnu/libpython3.8.so (found suitable version "3.8.10", minimum required is "3.5") 
[3.777s] -- Using PYTHON_EXECUTABLE: /usr/bin/python3
[3.777s] -- Using PYTHON_INCLUDE_DIRS: /usr/include/python3.8
[3.777s] -- Using PYTHON_LIBRARIES: /usr/lib/x86_64-linux-gnu/libpython3.8.so
[3.824s] -- Found PythonExtra: .so  
[4.190s] -- Configuring done
[4.681s] -- Generating done
[4.703s] -- Build files have been written to: /home/tofstudent/sa_zhao/build/tod_msgs
[4.733s] Invoked command in '/home/tofstudent/sa_zhao/build/tod_msgs' returned '0': CMAKE_PREFIX_PATH=/opt/ros/foxy /usr/bin/cmake /home/tofstudent/sa_zhao/src/tod_msgs -DCMAKE_INSTALL_PREFIX=/home/tofstudent/sa_zhao/install/tod_msgs
[4.734s] Invoking command in '/home/tofstudent/sa_zhao/build/tod_msgs': CMAKE_PREFIX_PATH=/opt/ros/foxy /usr/bin/cmake --build /home/tofstudent/sa_zhao/build/tod_msgs -- -j8 -l8
[8.698s] [  1%] [34m[1mGenerating C code for ROS interfaces[0m
[8.698s] [35m[1mScanning dependencies of target tod_msgs__cpp[0m
[8.698s] [  1%] [34m[1mGenerating C++ code for ROS interfaces[0m
[8.699s] [  1%] Built target tod_msgs__cpp
[8.699s] [  1%] [34m[1mGenerating C++ introspection for ROS interfaces[0m
[8.699s] [  2%] [34m[1mGenerating C++ type support dispatch for ROS interfaces[0m
[8.699s] [  3%] [34m[1mGenerating C++ type support for eProsima Fast-RTPS[0m
[9.238s] [35m[1mScanning dependencies of target tod_msgs__rosidl_generator_c[0m
[9.323s] [  4%] [32mBuilding C object CMakeFiles/tod_msgs__rosidl_generator_c.dir/rosidl_generator_c/tod_msgs/msg/detail/colored_point__functions.c.o[0m
[9.337s] [  4%] [32mBuilding C object CMakeFiles/tod_msgs__rosidl_generator_c.dir/rosidl_generator_c/tod_msgs/msg/detail/colored_polygon__functions.c.o[0m
[9.346s] [  5%] [32mBuilding C object CMakeFiles/tod_msgs__rosidl_generator_c.dir/rosidl_generator_c/tod_msgs/msg/detail/key_press__functions.c.o[0m
[9.357s] [  6%] [32mBuilding C object CMakeFiles/tod_msgs__rosidl_generator_c.dir/rosidl_generator_c/tod_msgs/msg/detail/object_data__functions.c.o[0m
[9.377s] [  7%] [32mBuilding C object CMakeFiles/tod_msgs__rosidl_generator_c.dir/rosidl_generator_c/tod_msgs/msg/detail/object_list__functions.c.o[0m
[9.523s] [  7%] [32mBuilding C object CMakeFiles/tod_msgs__rosidl_generator_c.dir/rosidl_generator_c/tod_msgs/msg/detail/primary_control_cmd__functions.c.o[0m
[9.533s] [  8%] [32mBuilding C object CMakeFiles/tod_msgs__rosidl_generator_c.dir/rosidl_generator_c/tod_msgs/msg/detail/paket_info__functions.c.o[0m
[9.550s] [  9%] [32mBuilding C object CMakeFiles/tod_msgs__rosidl_generator_c.dir/rosidl_generator_c/tod_msgs/msg/detail/safety_driver_status__functions.c.o[0m
[9.579s] [ 10%] [32mBuilding C object CMakeFiles/tod_msgs__rosidl_generator_c.dir/rosidl_generator_c/tod_msgs/msg/detail/secondary_control_cmd__functions.c.o[0m
[9.602s] [ 11%] [32mBuilding C object CMakeFiles/tod_msgs__rosidl_generator_c.dir/rosidl_generator_c/tod_msgs/msg/detail/status__functions.c.o[0m
[9.711s] [ 12%] [32mBuilding C object CMakeFiles/tod_msgs__rosidl_generator_c.dir/rosidl_generator_c/tod_msgs/msg/detail/vehicle_data__functions.c.o[0m
[9.717s] [ 12%] [32mBuilding C object CMakeFiles/tod_msgs__rosidl_generator_c.dir/rosidl_generator_c/tod_msgs/msg/detail/video_info__functions.c.o[0m
[9.763s] [ 13%] [32mBuilding C object CMakeFiles/tod_msgs__rosidl_generator_c.dir/rosidl_generator_c/tod_msgs/srv/detail/input_device__functions.c.o[0m
[9.960s] [ 14%] [32m[1mLinking C shared library libtod_msgs__rosidl_generator_c.so[0m
[10.193s] [ 14%] Built target tod_msgs__rosidl_generator_c
[10.270s] [ 15%] [34m[1mGenerating C type support dispatch for ROS interfaces[0m
[10.276s] [ 16%] [34m[1mGenerating C introspection for ROS interfaces[0m
[10.416s] [35m[1mScanning dependencies of target tod_msgs__rosidl_typesupport_cpp[0m
[10.499s] [ 17%] [32mBuilding CXX object CMakeFiles/tod_msgs__rosidl_typesupport_cpp.dir/rosidl_typesupport_cpp/tod_msgs/msg/colored_point__type_support.cpp.o[0m
[10.540s] [ 17%] [32mBuilding CXX object CMakeFiles/tod_msgs__rosidl_typesupport_cpp.dir/rosidl_typesupport_cpp/tod_msgs/msg/key_press__type_support.cpp.o[0m
[10.542s] [ 18%] [32mBuilding CXX object CMakeFiles/tod_msgs__rosidl_typesupport_cpp.dir/rosidl_typesupport_cpp/tod_msgs/msg/colored_polygon__type_support.cpp.o[0m
[10.783s] [ 19%] [32mBuilding CXX object CMakeFiles/tod_msgs__rosidl_typesupport_cpp.dir/rosidl_typesupport_cpp/tod_msgs/msg/object_data__type_support.cpp.o[0m
[10.859s] [35m[1mScanning dependencies of target tod_msgs__rosidl_typesupport_introspection_cpp[0m
[10.972s] [ 20%] [32mBuilding CXX object CMakeFiles/tod_msgs__rosidl_typesupport_introspection_cpp.dir/rosidl_typesupport_introspection_cpp/tod_msgs/msg/detail/colored_point__type_support.cpp.o[0m
[11.367s] [ 21%] [32mBuilding CXX object CMakeFiles/tod_msgs__rosidl_typesupport_cpp.dir/rosidl_typesupport_cpp/tod_msgs/msg/object_list__type_support.cpp.o[0m
[11.483s] [ 22%] [32mBuilding CXX object CMakeFiles/tod_msgs__rosidl_typesupport_cpp.dir/rosidl_typesupport_cpp/tod_msgs/msg/paket_info__type_support.cpp.o[0m
[11.540s] [ 23%] [32mBuilding CXX object CMakeFiles/tod_msgs__rosidl_typesupport_introspection_cpp.dir/rosidl_typesupport_introspection_cpp/tod_msgs/msg/detail/colored_polygon__type_support.cpp.o[0m
[11.569s] [ 24%] [32mBuilding CXX object CMakeFiles/tod_msgs__rosidl_typesupport_cpp.dir/rosidl_typesupport_cpp/tod_msgs/msg/primary_control_cmd__type_support.cpp.o[0m
[11.659s] [35m[1mScanning dependencies of target tod_msgs__rosidl_typesupport_fastrtps_cpp[0m
[11.781s] [ 25%] [32mBuilding CXX object CMakeFiles/tod_msgs__rosidl_typesupport_fastrtps_cpp.dir/rosidl_typesupport_fastrtps_cpp/tod_msgs/msg/detail/dds_fastrtps/colored_point__type_support.cpp.o[0m
[11.875s] [ 25%] [32mBuilding CXX object CMakeFiles/tod_msgs__rosidl_typesupport_cpp.dir/rosidl_typesupport_cpp/tod_msgs/msg/safety_driver_status__type_support.cpp.o[0m
[12.206s] [ 26%] [32mBuilding CXX object CMakeFiles/tod_msgs__rosidl_typesupport_cpp.dir/rosidl_typesupport_cpp/tod_msgs/msg/secondary_control_cmd__type_support.cpp.o[0m
[12.494s] [ 27%] [32mBuilding CXX object CMakeFiles/tod_msgs__rosidl_typesupport_cpp.dir/rosidl_typesupport_cpp/tod_msgs/msg/status__type_support.cpp.o[0m
[12.516s] [ 28%] [32mBuilding CXX object CMakeFiles/tod_msgs__rosidl_typesupport_cpp.dir/rosidl_typesupport_cpp/tod_msgs/msg/vehicle_data__type_support.cpp.o[0m
[12.783s] [ 30%] [32mBuilding CXX object CMakeFiles/tod_msgs__rosidl_typesupport_cpp.dir/rosidl_typesupport_cpp/tod_msgs/msg/video_info__type_support.cpp.o[0m
[12.787s] [ 30%] [32mBuilding CXX object CMakeFiles/tod_msgs__rosidl_typesupport_introspection_cpp.dir/rosidl_typesupport_introspection_cpp/tod_msgs/msg/detail/key_press__type_support.cpp.o[0m
[12.825s] [ 31%] [32mBuilding CXX object CMakeFiles/tod_msgs__rosidl_typesupport_fastrtps_cpp.dir/rosidl_typesupport_fastrtps_cpp/tod_msgs/msg/detail/dds_fastrtps/colored_polygon__type_support.cpp.o[0m
[13.093s] [ 31%] [32mBuilding CXX object CMakeFiles/tod_msgs__rosidl_typesupport_cpp.dir/rosidl_typesupport_cpp/tod_msgs/srv/input_device__type_support.cpp.o[0m
[13.206s] [ 32%] [32mBuilding CXX object CMakeFiles/tod_msgs__rosidl_typesupport_fastrtps_cpp.dir/rosidl_typesupport_fastrtps_cpp/tod_msgs/msg/detail/dds_fastrtps/key_press__type_support.cpp.o[0m
[13.268s] [35m[1mScanning dependencies of target tod_msgs__rosidl_typesupport_c[0m
[13.276s] [ 33%] [32mBuilding CXX object CMakeFiles/tod_msgs__rosidl_typesupport_fastrtps_cpp.dir/rosidl_typesupport_fastrtps_cpp/tod_msgs/msg/detail/dds_fastrtps/object_list__type_support.cpp.o[0m
[13.287s] [ 33%] [32mBuilding CXX object CMakeFiles/tod_msgs__rosidl_typesupport_fastrtps_cpp.dir/rosidl_typesupport_fastrtps_cpp/tod_msgs/msg/detail/dds_fastrtps/object_data__type_support.cpp.o[0m
[13.382s] [ 33%] [32mBuilding CXX object CMakeFiles/tod_msgs__rosidl_typesupport_c.dir/rosidl_typesupport_c/tod_msgs/msg/colored_point__type_support.cpp.o[0m
[13.567s] [ 34%] [32mBuilding CXX object CMakeFiles/tod_msgs__rosidl_typesupport_c.dir/rosidl_typesupport_c/tod_msgs/msg/colored_polygon__type_support.cpp.o[0m
[13.685s] [ 35%] [32mBuilding CXX object CMakeFiles/tod_msgs__rosidl_typesupport_introspection_cpp.dir/rosidl_typesupport_introspection_cpp/tod_msgs/msg/detail/object_data__type_support.cpp.o[0m
[13.698s] [ 37%] [32mBuilding CXX object CMakeFiles/tod_msgs__rosidl_typesupport_c.dir/rosidl_typesupport_c/tod_msgs/msg/key_press__type_support.cpp.o[0m
[13.707s] [ 37%] [32m[1mLinking CXX shared library libtod_msgs__rosidl_typesupport_cpp.so[0m
[13.760s] [ 38%] [32mBuilding CXX object CMakeFiles/tod_msgs__rosidl_typesupport_c.dir/rosidl_typesupport_c/tod_msgs/msg/object_data__type_support.cpp.o[0m
[13.814s] [ 39%] [32mBuilding CXX object CMakeFiles/tod_msgs__rosidl_typesupport_c.dir/rosidl_typesupport_c/tod_msgs/msg/object_list__type_support.cpp.o[0m
[13.885s] [ 39%] [32mBuilding CXX object CMakeFiles/tod_msgs__rosidl_typesupport_c.dir/rosidl_typesupport_c/tod_msgs/msg/paket_info__type_support.cpp.o[0m
[13.885s] [ 39%] Built target tod_msgs__rosidl_typesupport_cpp
[13.921s] [ 40%] [32mBuilding CXX object CMakeFiles/tod_msgs__rosidl_typesupport_fastrtps_cpp.dir/rosidl_typesupport_fastrtps_cpp/tod_msgs/msg/detail/dds_fastrtps/paket_info__type_support.cpp.o[0m
[13.951s] [ 41%] [32mBuilding CXX object CMakeFiles/tod_msgs__rosidl_typesupport_c.dir/rosidl_typesupport_c/tod_msgs/msg/primary_control_cmd__type_support.cpp.o[0m
[13.952s] [ 42%] [32mBuilding CXX object CMakeFiles/tod_msgs__rosidl_typesupport_c.dir/rosidl_typesupport_c/tod_msgs/msg/safety_driver_status__type_support.cpp.o[0m
[14.127s] [ 44%] [32mBuilding CXX object CMakeFiles/tod_msgs__rosidl_typesupport_c.dir/rosidl_typesupport_c/tod_msgs/msg/status__type_support.cpp.o[0m
[14.127s] [ 44%] [32mBuilding CXX object CMakeFiles/tod_msgs__rosidl_typesupport_c.dir/rosidl_typesupport_c/tod_msgs/msg/secondary_control_cmd__type_support.cpp.o[0m
[14.127s] [ 45%] [32mBuilding CXX object CMakeFiles/tod_msgs__rosidl_typesupport_fastrtps_cpp.dir/rosidl_typesupport_fastrtps_cpp/tod_msgs/msg/detail/dds_fastrtps/primary_control_cmd__type_support.cpp.o[0m
[14.287s] [ 46%] [32mBuilding CXX object CMakeFiles/tod_msgs__rosidl_typesupport_fastrtps_cpp.dir/rosidl_typesupport_fastrtps_cpp/tod_msgs/msg/detail/dds_fastrtps/safety_driver_status__type_support.cpp.o[0m
[14.302s] [ 46%] [32mBuilding CXX object CMakeFiles/tod_msgs__rosidl_typesupport_c.dir/rosidl_typesupport_c/tod_msgs/msg/vehicle_data__type_support.cpp.o[0m
[14.357s] [35m[1mScanning dependencies of target tod_msgs__rosidl_typesupport_introspection_c[0m
[14.369s] [ 46%] [32mBuilding CXX object CMakeFiles/tod_msgs__rosidl_typesupport_fastrtps_cpp.dir/rosidl_typesupport_fastrtps_cpp/tod_msgs/msg/detail/dds_fastrtps/secondary_control_cmd__type_support.cpp.o[0m
[14.369s] [ 46%] [32mBuilding CXX object CMakeFiles/tod_msgs__rosidl_typesupport_introspection_cpp.dir/rosidl_typesupport_introspection_cpp/tod_msgs/msg/detail/object_list__type_support.cpp.o[0m
[14.412s] [ 47%] [32mBuilding CXX object CMakeFiles/tod_msgs__rosidl_typesupport_fastrtps_cpp.dir/rosidl_typesupport_fastrtps_cpp/tod_msgs/msg/detail/dds_fastrtps/status__type_support.cpp.o[0m
[14.435s] [ 48%] [32mBuilding C object CMakeFiles/tod_msgs__rosidl_typesupport_introspection_c.dir/rosidl_typesupport_introspection_c/tod_msgs/msg/detail/colored_point__type_support.c.o[0m
[14.446s] [ 49%] [32mBuilding CXX object CMakeFiles/tod_msgs__rosidl_typesupport_c.dir/rosidl_typesupport_c/tod_msgs/msg/video_info__type_support.cpp.o[0m
[14.606s] [ 50%] [32mBuilding C object CMakeFiles/tod_msgs__rosidl_typesupport_introspection_c.dir/rosidl_typesupport_introspection_c/tod_msgs/msg/detail/colored_polygon__type_support.c.o[0m
[14.659s] [ 51%] [32mBuilding CXX object CMakeFiles/tod_msgs__rosidl_typesupport_c.dir/rosidl_typesupport_c/tod_msgs/srv/input_device__type_support.cpp.o[0m
[14.729s] [ 51%] [32mBuilding C object CMakeFiles/tod_msgs__rosidl_typesupport_introspection_c.dir/rosidl_typesupport_introspection_c/tod_msgs/msg/detail/key_press__type_support.c.o[0m
[14.776s] [ 52%] [32mBuilding CXX object CMakeFiles/tod_msgs__rosidl_typesupport_fastrtps_cpp.dir/rosidl_typesupport_fastrtps_cpp/tod_msgs/msg/detail/dds_fastrtps/vehicle_data__type_support.cpp.o[0m
[14.793s] [ 53%] [32m[1mLinking CXX shared library libtod_msgs__rosidl_typesupport_c.so[0m
[14.867s] [ 54%] [32mBuilding C object CMakeFiles/tod_msgs__rosidl_typesupport_introspection_c.dir/rosidl_typesupport_introspection_c/tod_msgs/msg/detail/object_data__type_support.c.o[0m
[15.018s] [ 55%] [32mBuilding C object CMakeFiles/tod_msgs__rosidl_typesupport_introspection_c.dir/rosidl_typesupport_introspection_c/tod_msgs/msg/detail/object_list__type_support.c.o[0m
[15.041s] [ 55%] Built target tod_msgs__rosidl_typesupport_c
[15.094s] [ 56%] [32mBuilding CXX object CMakeFiles/tod_msgs__rosidl_typesupport_introspection_cpp.dir/rosidl_typesupport_introspection_cpp/tod_msgs/msg/detail/paket_info__type_support.cpp.o[0m
[15.137s] [ 57%] [32mBuilding CXX object CMakeFiles/tod_msgs__rosidl_typesupport_fastrtps_cpp.dir/rosidl_typesupport_fastrtps_cpp/tod_msgs/msg/detail/dds_fastrtps/video_info__type_support.cpp.o[0m
[15.137s] [ 58%] [32mBuilding CXX object CMakeFiles/tod_msgs__rosidl_typesupport_introspection_cpp.dir/rosidl_typesupport_introspection_cpp/tod_msgs/msg/detail/primary_control_cmd__type_support.cpp.o[0m
[15.169s] [ 59%] [32mBuilding C object CMakeFiles/tod_msgs__rosidl_typesupport_introspection_c.dir/rosidl_typesupport_introspection_c/tod_msgs/msg/detail/paket_info__type_support.c.o[0m
[15.189s] [ 60%] [32mBuilding C object CMakeFiles/tod_msgs__rosidl_typesupport_introspection_c.dir/rosidl_typesupport_introspection_c/tod_msgs/msg/detail/primary_control_cmd__type_support.c.o[0m
[15.262s] [ 61%] [32mBuilding CXX object CMakeFiles/tod_msgs__rosidl_typesupport_fastrtps_cpp.dir/rosidl_typesupport_fastrtps_cpp/tod_msgs/srv/detail/dds_fastrtps/input_device__type_support.cpp.o[0m
[15.375s] [ 61%] [32mBuilding C object CMakeFiles/tod_msgs__rosidl_typesupport_introspection_c.dir/rosidl_typesupport_introspection_c/tod_msgs/msg/detail/safety_driver_status__type_support.c.o[0m
[15.381s] [ 62%] [32mBuilding C object CMakeFiles/tod_msgs__rosidl_typesupport_introspection_c.dir/rosidl_typesupport_introspection_c/tod_msgs/msg/detail/secondary_control_cmd__type_support.c.o[0m
[15.474s] [ 63%] [32mBuilding CXX object CMakeFiles/tod_msgs__rosidl_typesupport_introspection_cpp.dir/rosidl_typesupport_introspection_cpp/tod_msgs/msg/detail/safety_driver_status__type_support.cpp.o[0m
[15.578s] [ 64%] [32mBuilding C object CMakeFiles/tod_msgs__rosidl_typesupport_introspection_c.dir/rosidl_typesupport_introspection_c/tod_msgs/msg/detail/status__type_support.c.o[0m
[15.639s] [ 65%] [32mBuilding C object CMakeFiles/tod_msgs__rosidl_typesupport_introspection_c.dir/rosidl_typesupport_introspection_c/tod_msgs/msg/detail/vehicle_data__type_support.c.o[0m
[15.753s] [ 66%] [32mBuilding C object CMakeFiles/tod_msgs__rosidl_typesupport_introspection_c.dir/rosidl_typesupport_introspection_c/tod_msgs/msg/detail/video_info__type_support.c.o[0m
[15.761s] [ 66%] [32mBuilding C object CMakeFiles/tod_msgs__rosidl_typesupport_introspection_c.dir/rosidl_typesupport_introspection_c/tod_msgs/srv/detail/input_device__type_support.c.o[0m
[15.815s] [ 67%] [32mBuilding CXX object CMakeFiles/tod_msgs__rosidl_typesupport_introspection_cpp.dir/rosidl_typesupport_introspection_cpp/tod_msgs/msg/detail/secondary_control_cmd__type_support.cpp.o[0m
[15.906s] [ 68%] [32m[1mLinking C shared library libtod_msgs__rosidl_typesupport_introspection_c.so[0m
[15.907s] [ 68%] [32mBuilding CXX object CMakeFiles/tod_msgs__rosidl_typesupport_introspection_cpp.dir/rosidl_typesupport_introspection_cpp/tod_msgs/msg/detail/status__type_support.cpp.o[0m
[15.962s] [ 69%] [32mBuilding CXX object CMakeFiles/tod_msgs__rosidl_typesupport_introspection_cpp.dir/rosidl_typesupport_introspection_cpp/tod_msgs/msg/detail/vehicle_data__type_support.cpp.o[0m
[16.040s] [ 70%] [32mBuilding CXX object CMakeFiles/tod_msgs__rosidl_typesupport_introspection_cpp.dir/rosidl_typesupport_introspection_cpp/tod_msgs/msg/detail/video_info__type_support.cpp.o[0m
[16.078s] [ 70%] Built target tod_msgs__rosidl_typesupport_introspection_c
[16.122s] [ 71%] [32mBuilding CXX object CMakeFiles/tod_msgs__rosidl_typesupport_introspection_cpp.dir/rosidl_typesupport_introspection_cpp/tod_msgs/srv/detail/input_device__type_support.cpp.o[0m
[16.332s] [ 71%] [32m[1mLinking CXX shared library libtod_msgs__rosidl_typesupport_fastrtps_cpp.so[0m
[16.697s] [ 71%] Built target tod_msgs__rosidl_typesupport_fastrtps_cpp
[16.751s] [ 72%] [34m[1mGenerating C type support for eProsima Fast-RTPS[0m
[16.921s] [ 73%] [32m[1mLinking CXX shared library libtod_msgs__rosidl_typesupport_introspection_cpp.so[0m
[17.145s] [ 73%] Built target tod_msgs__rosidl_typesupport_introspection_cpp
[18.899s] [35m[1mScanning dependencies of target tod_msgs__rosidl_typesupport_fastrtps_c[0m
[18.982s] [ 74%] [32mBuilding CXX object CMakeFiles/tod_msgs__rosidl_typesupport_fastrtps_c.dir/rosidl_typesupport_fastrtps_c/tod_msgs/msg/detail/colored_point__type_support_c.cpp.o[0m
[18.988s] [ 74%] [32mBuilding CXX object CMakeFiles/tod_msgs__rosidl_typesupport_fastrtps_c.dir/rosidl_typesupport_fastrtps_c/tod_msgs/msg/detail/colored_polygon__type_support_c.cpp.o[0m
[19.043s] [ 75%] [32mBuilding CXX object CMakeFiles/tod_msgs__rosidl_typesupport_fastrtps_c.dir/rosidl_typesupport_fastrtps_c/tod_msgs/msg/detail/key_press__type_support_c.cpp.o[0m
[19.091s] [ 76%] [32mBuilding CXX object CMakeFiles/tod_msgs__rosidl_typesupport_fastrtps_c.dir/rosidl_typesupport_fastrtps_c/tod_msgs/msg/detail/object_data__type_support_c.cpp.o[0m
[19.111s] [ 77%] [32mBuilding CXX object CMakeFiles/tod_msgs__rosidl_typesupport_fastrtps_c.dir/rosidl_typesupport_fastrtps_c/tod_msgs/msg/detail/object_list__type_support_c.cpp.o[0m
[19.111s] [ 78%] [32mBuilding CXX object CMakeFiles/tod_msgs__rosidl_typesupport_fastrtps_c.dir/rosidl_typesupport_fastrtps_c/tod_msgs/msg/detail/paket_info__type_support_c.cpp.o[0m
[19.119s] [ 78%] [32mBuilding CXX object CMakeFiles/tod_msgs__rosidl_typesupport_fastrtps_c.dir/rosidl_typesupport_fastrtps_c/tod_msgs/msg/detail/primary_control_cmd__type_support_c.cpp.o[0m
[19.129s] [ 79%] [32mBuilding CXX object CMakeFiles/tod_msgs__rosidl_typesupport_fastrtps_c.dir/rosidl_typesupport_fastrtps_c/tod_msgs/msg/detail/safety_driver_status__type_support_c.cpp.o[0m
[19.701s] [ 80%] [32mBuilding CXX object CMakeFiles/tod_msgs__rosidl_typesupport_fastrtps_c.dir/rosidl_typesupport_fastrtps_c/tod_msgs/msg/detail/secondary_control_cmd__type_support_c.cpp.o[0m
[19.830s] [ 81%] [32mBuilding CXX object CMakeFiles/tod_msgs__rosidl_typesupport_fastrtps_c.dir/rosidl_typesupport_fastrtps_c/tod_msgs/msg/detail/status__type_support_c.cpp.o[0m
[20.043s] [ 82%] [32mBuilding CXX object CMakeFiles/tod_msgs__rosidl_typesupport_fastrtps_c.dir/rosidl_typesupport_fastrtps_c/tod_msgs/msg/detail/vehicle_data__type_support_c.cpp.o[0m
[20.124s] [ 82%] [32mBuilding CXX object CMakeFiles/tod_msgs__rosidl_typesupport_fastrtps_c.dir/rosidl_typesupport_fastrtps_c/tod_msgs/msg/detail/video_info__type_support_c.cpp.o[0m
[20.151s] [ 83%] [32mBuilding CXX object CMakeFiles/tod_msgs__rosidl_typesupport_fastrtps_c.dir/rosidl_typesupport_fastrtps_c/tod_msgs/srv/detail/input_device__type_support_c.cpp.o[0m
[20.865s] [ 84%] [32m[1mLinking CXX shared library libtod_msgs__rosidl_typesupport_fastrtps_c.so[0m
[21.117s] [ 84%] Built target tod_msgs__rosidl_typesupport_fastrtps_c
[21.182s] [35m[1mScanning dependencies of target tod_msgs[0m
[21.257s] [ 84%] Built target tod_msgs
[21.310s] [35m[1mScanning dependencies of target tod_msgs__py[0m
[21.378s] [ 85%] [34m[1mGenerating Python code for ROS interfaces[0m
[26.822s] [ 85%] Built target tod_msgs__py
[26.921s] [35m[1mScanning dependencies of target tod_msgs__python[0m
[27.040s] [ 86%] [32mBuilding C object CMakeFiles/tod_msgs__python.dir/rosidl_generator_py/tod_msgs/msg/_colored_point_s.c.o[0m
[27.055s] [ 87%] [32mBuilding C object CMakeFiles/tod_msgs__python.dir/rosidl_generator_py/tod_msgs/msg/_colored_polygon_s.c.o[0m
[27.086s] [ 87%] [32mBuilding C object CMakeFiles/tod_msgs__python.dir/rosidl_generator_py/tod_msgs/msg/_key_press_s.c.o[0m
[27.112s] [ 88%] [32mBuilding C object CMakeFiles/tod_msgs__python.dir/rosidl_generator_py/tod_msgs/msg/_object_data_s.c.o[0m
[27.114s] [ 89%] [32mBuilding C object CMakeFiles/tod_msgs__python.dir/rosidl_generator_py/tod_msgs/msg/_object_list_s.c.o[0m
[27.157s] [ 90%] [32mBuilding C object CMakeFiles/tod_msgs__python.dir/rosidl_generator_py/tod_msgs/msg/_paket_info_s.c.o[0m
[27.230s] [ 90%] [32mBuilding C object CMakeFiles/tod_msgs__python.dir/rosidl_generator_py/tod_msgs/msg/_safety_driver_status_s.c.o[0m
[27.393s] [ 91%] [32mBuilding C object CMakeFiles/tod_msgs__python.dir/rosidl_generator_py/tod_msgs/msg/_secondary_control_cmd_s.c.o[0m
[27.463s] [ 92%] [32mBuilding C object CMakeFiles/tod_msgs__python.dir/rosidl_generator_py/tod_msgs/msg/_status_s.c.o[0m
[27.502s] [ 93%] [32mBuilding C object CMakeFiles/tod_msgs__python.dir/rosidl_generator_py/tod_msgs/msg/_vehicle_data_s.c.o[0m
[27.507s] [ 94%] [32mBuilding C object CMakeFiles/tod_msgs__python.dir/rosidl_generator_py/tod_msgs/msg/_primary_control_cmd_s.c.o[0m
[27.562s] [ 94%] [32mBuilding C object CMakeFiles/tod_msgs__python.dir/rosidl_generator_py/tod_msgs/srv/_input_device_s.c.o[0m
[27.658s] [ 95%] [32mBuilding C object CMakeFiles/tod_msgs__python.dir/rosidl_generator_py/tod_msgs/msg/_video_info_s.c.o[0m
[28.113s] [ 96%] [32m[1mLinking C shared library rosidl_generator_py/tod_msgs/libtod_msgs__python.so[0m
[28.301s] [ 96%] Built target tod_msgs__python
[28.323s] [35m[1mScanning dependencies of target tod_msgs__rosidl_typesupport_c__pyext[0m
[28.383s] [35m[1mScanning dependencies of target tod_msgs__rosidl_typesupport_introspection_c__pyext[0m
[28.403s] [35m[1mScanning dependencies of target tod_msgs__rosidl_typesupport_fastrtps_c__pyext[0m
[28.434s] [ 97%] [32mBuilding C object CMakeFiles/tod_msgs__rosidl_typesupport_c__pyext.dir/rosidl_generator_py/tod_msgs/_tod_msgs_s.ep.rosidl_typesupport_c.c.o[0m
[28.497s] [ 98%] [32mBuilding C object CMakeFiles/tod_msgs__rosidl_typesupport_introspection_c__pyext.dir/rosidl_generator_py/tod_msgs/_tod_msgs_s.ep.rosidl_typesupport_introspection_c.c.o[0m
[28.573s] [ 99%] [32mBuilding C object CMakeFiles/tod_msgs__rosidl_typesupport_fastrtps_c__pyext.dir/rosidl_generator_py/tod_msgs/_tod_msgs_s.ep.rosidl_typesupport_fastrtps_c.c.o[0m
[28.882s] [100%] [32m[1mLinking C shared library rosidl_generator_py/tod_msgs/tod_msgs_s__rosidl_typesupport_introspection_c.cpython-38-x86_64-linux-gnu.so[0m
[28.899s] [100%] [32m[1mLinking C shared library rosidl_generator_py/tod_msgs/tod_msgs_s__rosidl_typesupport_c.cpython-38-x86_64-linux-gnu.so[0m
[29.029s] [100%] [32m[1mLinking CXX shared library rosidl_generator_py/tod_msgs/tod_msgs_s__rosidl_typesupport_fastrtps_c.cpython-38-x86_64-linux-gnu.so[0m
[29.062s] [100%] Built target tod_msgs__rosidl_typesupport_introspection_c__pyext
[29.154s] [100%] Built target tod_msgs__rosidl_typesupport_c__pyext
[29.383s] [100%] Built target tod_msgs__rosidl_typesupport_fastrtps_c__pyext
[29.448s] Invoked command in '/home/tofstudent/sa_zhao/build/tod_msgs' returned '0': CMAKE_PREFIX_PATH=/opt/ros/foxy /usr/bin/cmake --build /home/tofstudent/sa_zhao/build/tod_msgs -- -j8 -l8
[30.812s] Invoking command in '/home/tofstudent/sa_zhao/build/tod_msgs': CMAKE_PREFIX_PATH=/opt/ros/foxy /usr/bin/cmake --install /home/tofstudent/sa_zhao/build/tod_msgs
[30.849s] -- Install configuration: ""
[30.850s] -- Installing: /home/tofstudent/sa_zhao/install/tod_msgs/share/ament_index/resource_index/rosidl_interfaces/tod_msgs
[30.851s] -- Installing: /home/tofstudent/sa_zhao/install/tod_msgs/include/tod_msgs
[30.851s] -- Installing: /home/tofstudent/sa_zhao/install/tod_msgs/include/tod_msgs/srv
[30.851s] -- Installing: /home/tofstudent/sa_zhao/install/tod_msgs/include/tod_msgs/srv/input_device.h
[30.851s] -- Installing: /home/tofstudent/sa_zhao/install/tod_msgs/include/tod_msgs/srv/detail
[30.859s] -- Installing: /home/tofstudent/sa_zhao/install/tod_msgs/include/tod_msgs/srv/detail/input_device__functions.h
[30.859s] -- Installing: /home/tofstudent/sa_zhao/install/tod_msgs/include/tod_msgs/srv/detail/input_device__struct.h
[30.859s] -- Installing: /home/tofstudent/sa_zhao/install/tod_msgs/include/tod_msgs/srv/detail/input_device__functions.c
[30.859s] -- Installing: /home/tofstudent/sa_zhao/install/tod_msgs/include/tod_msgs/srv/detail/input_device__type_support.h
[30.859s] -- Installing: /home/tofstudent/sa_zhao/install/tod_msgs/include/tod_msgs/msg
[30.859s] -- Installing: /home/tofstudent/sa_zhao/install/tod_msgs/include/tod_msgs/msg/object_list.h
[30.860s] -- Installing: /home/tofstudent/sa_zhao/install/tod_msgs/include/tod_msgs/msg/vehicle_data.h
[30.860s] -- Installing: /home/tofstudent/sa_zhao/install/tod_msgs/include/tod_msgs/msg/detail
[30.860s] -- Installing: /home/tofstudent/sa_zhao/install/tod_msgs/include/tod_msgs/msg/detail/key_press__functions.c
[30.860s] -- Installing: /home/tofstudent/sa_zhao/install/tod_msgs/include/tod_msgs/msg/detail/primary_control_cmd__struct.h
[30.860s] -- Installing: /home/tofstudent/sa_zhao/install/tod_msgs/include/tod_msgs/msg/detail/colored_polygon__struct.h
[30.860s] -- Installing: /home/tofstudent/sa_zhao/install/tod_msgs/include/tod_msgs/msg/detail/vehicle_data__functions.c
[30.860s] -- Installing: /home/tofstudent/sa_zhao/install/tod_msgs/include/tod_msgs/msg/detail/secondary_control_cmd__type_support.h
[30.860s] -- Installing: /home/tofstudent/sa_zhao/install/tod_msgs/include/tod_msgs/msg/detail/colored_point__functions.c
[30.861s] -- Installing: /home/tofstudent/sa_zhao/install/tod_msgs/include/tod_msgs/msg/detail/status__functions.h
[30.861s] -- Installing: /home/tofstudent/sa_zhao/install/tod_msgs/include/tod_msgs/msg/detail/safety_driver_status__functions.h
[30.861s] -- Installing: /home/tofstudent/sa_zhao/install/tod_msgs/include/tod_msgs/msg/detail/colored_polygon__type_support.h
[30.861s] -- Installing: /home/tofstudent/sa_zhao/install/tod_msgs/include/tod_msgs/msg/detail/safety_driver_status__functions.c
[30.861s] -- Installing: /home/tofstudent/sa_zhao/install/tod_msgs/include/tod_msgs/msg/detail/colored_point__type_support.h
[30.861s] -- Installing: /home/tofstudent/sa_zhao/install/tod_msgs/include/tod_msgs/msg/detail/video_info__functions.c
[30.862s] -- Installing: /home/tofstudent/sa_zhao/install/tod_msgs/include/tod_msgs/msg/detail/object_data__functions.h
[30.862s] -- Installing: /home/tofstudent/sa_zhao/install/tod_msgs/include/tod_msgs/msg/detail/colored_point__functions.h
[30.862s] -- Installing: /home/tofstudent/sa_zhao/install/tod_msgs/include/tod_msgs/msg/detail/key_press__functions.h
[30.862s] -- Installing: /home/tofstudent/sa_zhao/install/tod_msgs/include/tod_msgs/msg/detail/colored_polygon__functions.h
[30.862s] -- Installing: /home/tofstudent/sa_zhao/install/tod_msgs/include/tod_msgs/msg/detail/key_press__type_support.h
[30.862s] -- Installing: /home/tofstudent/sa_zhao/install/tod_msgs/include/tod_msgs/msg/detail/colored_polygon__functions.c
[30.862s] -- Installing: /home/tofstudent/sa_zhao/install/tod_msgs/include/tod_msgs/msg/detail/status__functions.c
[30.863s] -- Installing: /home/tofstudent/sa_zhao/install/tod_msgs/include/tod_msgs/msg/detail/video_info__functions.h
[30.863s] -- Installing: /home/tofstudent/sa_zhao/install/tod_msgs/include/tod_msgs/msg/detail/object_list__functions.c
[30.863s] -- Installing: /home/tofstudent/sa_zhao/install/tod_msgs/include/tod_msgs/msg/detail/safety_driver_status__struct.h
[30.863s] -- Installing: /home/tofstudent/sa_zhao/install/tod_msgs/include/tod_msgs/msg/detail/vehicle_data__functions.h
[30.863s] -- Installing: /home/tofstudent/sa_zhao/install/tod_msgs/include/tod_msgs/msg/detail/object_data__struct.h
[30.864s] -- Installing: /home/tofstudent/sa_zhao/install/tod_msgs/include/tod_msgs/msg/detail/vehicle_data__struct.h
[30.864s] -- Installing: /home/tofstudent/sa_zhao/install/tod_msgs/include/tod_msgs/msg/detail/safety_driver_status__type_support.h
[30.864s] -- Installing: /home/tofstudent/sa_zhao/install/tod_msgs/include/tod_msgs/msg/detail/object_list__functions.h
[30.864s] -- Installing: /home/tofstudent/sa_zhao/install/tod_msgs/include/tod_msgs/msg/detail/object_data__type_support.h
[30.864s] -- Installing: /home/tofstudent/sa_zhao/install/tod_msgs/include/tod_msgs/msg/detail/key_press__struct.h
[30.864s] -- Installing: /home/tofstudent/sa_zhao/install/tod_msgs/include/tod_msgs/msg/detail/colored_point__struct.h
[30.865s] -- Installing: /home/tofstudent/sa_zhao/install/tod_msgs/include/tod_msgs/msg/detail/object_list__type_support.h
[30.865s] -- Installing: /home/tofstudent/sa_zhao/install/tod_msgs/include/tod_msgs/msg/detail/video_info__type_support.h
[30.865s] -- Installing: /home/tofstudent/sa_zhao/install/tod_msgs/include/tod_msgs/msg/detail/status__struct.h
[30.865s] -- Installing: /home/tofstudent/sa_zhao/install/tod_msgs/include/tod_msgs/msg/detail/vehicle_data__type_support.h
[30.865s] -- Installing: /home/tofstudent/sa_zhao/install/tod_msgs/include/tod_msgs/msg/detail/paket_info__functions.h
[30.866s] -- Installing: /home/tofstudent/sa_zhao/install/tod_msgs/include/tod_msgs/msg/detail/primary_control_cmd__functions.c
[30.866s] -- Installing: /home/tofstudent/sa_zhao/install/tod_msgs/include/tod_msgs/msg/detail/primary_control_cmd__functions.h
[30.866s] -- Installing: /home/tofstudent/sa_zhao/install/tod_msgs/include/tod_msgs/msg/detail/paket_info__type_support.h
[30.866s] -- Installing: /home/tofstudent/sa_zhao/install/tod_msgs/include/tod_msgs/msg/detail/object_list__struct.h
[30.867s] -- Installing: /home/tofstudent/sa_zhao/install/tod_msgs/include/tod_msgs/msg/detail/paket_info__struct.h
[30.875s] -- Installing: /home/tofstudent/sa_zhao/install/tod_msgs/include/tod_msgs/msg/detail/secondary_control_cmd__functions.c
[30.875s] -- Installing: /home/tofstudent/sa_zhao/install/tod_msgs/include/tod_msgs/msg/detail/paket_info__functions.c
[30.875s] -- Installing: /home/tofstudent/sa_zhao/install/tod_msgs/include/tod_msgs/msg/detail/video_info__struct.h
[30.875s] -- Installing: /home/tofstudent/sa_zhao/install/tod_msgs/include/tod_msgs/msg/detail/primary_control_cmd__type_support.h
[30.875s] -- Installing: /home/tofstudent/sa_zhao/install/tod_msgs/include/tod_msgs/msg/detail/status__type_support.h
[30.875s] -- Installing: /home/tofstudent/sa_zhao/install/tod_msgs/include/tod_msgs/msg/detail/secondary_control_cmd__struct.h
[30.876s] -- Installing: /home/tofstudent/sa_zhao/install/tod_msgs/include/tod_msgs/msg/detail/secondary_control_cmd__functions.h
[30.876s] -- Installing: /home/tofstudent/sa_zhao/install/tod_msgs/include/tod_msgs/msg/detail/object_data__functions.c
[30.876s] -- Installing: /home/tofstudent/sa_zhao/install/tod_msgs/include/tod_msgs/msg/rosidl_generator_c__visibility_control.h
[30.876s] -- Installing: /home/tofstudent/sa_zhao/install/tod_msgs/include/tod_msgs/msg/primary_control_cmd.h
[30.876s] -- Installing: /home/tofstudent/sa_zhao/install/tod_msgs/include/tod_msgs/msg/safety_driver_status.h
[30.876s] -- Installing: /home/tofstudent/sa_zhao/install/tod_msgs/include/tod_msgs/msg/secondary_control_cmd.h
[30.876s] -- Installing: /home/tofstudent/sa_zhao/install/tod_msgs/include/tod_msgs/msg/colored_point.h
[30.876s] -- Installing: /home/tofstudent/sa_zhao/install/tod_msgs/include/tod_msgs/msg/paket_info.h
[30.877s] -- Installing: /home/tofstudent/sa_zhao/install/tod_msgs/include/tod_msgs/msg/status.h
[30.877s] -- Installing: /home/tofstudent/sa_zhao/install/tod_msgs/include/tod_msgs/msg/colored_polygon.h
[30.877s] -- Installing: /home/tofstudent/sa_zhao/install/tod_msgs/include/tod_msgs/msg/key_press.h
[30.877s] -- Installing: /home/tofstudent/sa_zhao/install/tod_msgs/include/tod_msgs/msg/video_info.h
[30.877s] -- Installing: /home/tofstudent/sa_zhao/install/tod_msgs/include/tod_msgs/msg/object_data.h
[30.877s] -- Installing: /home/tofstudent/sa_zhao/install/tod_msgs/share/tod_msgs/environment/library_path.sh
[30.878s] -- Installing: /home/tofstudent/sa_zhao/install/tod_msgs/share/tod_msgs/environment/library_path.dsv
[30.878s] -- Installing: /home/tofstudent/sa_zhao/install/tod_msgs/lib/libtod_msgs__rosidl_generator_c.so
[30.879s] -- Set runtime path of "/home/tofstudent/sa_zhao/install/tod_msgs/lib/libtod_msgs__rosidl_generator_c.so" to ""
[30.879s] -- Up-to-date: /home/tofstudent/sa_zhao/install/tod_msgs/include/tod_msgs
[30.880s] -- Up-to-date: /home/tofstudent/sa_zhao/install/tod_msgs/include/tod_msgs/srv
[30.880s] -- Up-to-date: /home/tofstudent/sa_zhao/install/tod_msgs/include/tod_msgs/srv/detail
[30.880s] -- Installing: /home/tofstudent/sa_zhao/install/tod_msgs/include/tod_msgs/srv/detail/input_device__rosidl_typesupport_fastrtps_c.h
[30.880s] -- Up-to-date: /home/tofstudent/sa_zhao/install/tod_msgs/include/tod_msgs/msg
[30.880s] -- Installing: /home/tofstudent/sa_zhao/install/tod_msgs/include/tod_msgs/msg/rosidl_typesupport_fastrtps_c__visibility_control.h
[30.880s] -- Up-to-date: /home/tofstudent/sa_zhao/install/tod_msgs/include/tod_msgs/msg/detail
[30.880s] -- Installing: /home/tofstudent/sa_zhao/install/tod_msgs/include/tod_msgs/msg/detail/paket_info__rosidl_typesupport_fastrtps_c.h
[30.881s] -- Installing: /home/tofstudent/sa_zhao/install/tod_msgs/include/tod_msgs/msg/detail/primary_control_cmd__rosidl_typesupport_fastrtps_c.h
[30.881s] -- Installing: /home/tofstudent/sa_zhao/install/tod_msgs/include/tod_msgs/msg/detail/status__rosidl_typesupport_fastrtps_c.h
[30.881s] -- Installing: /home/tofstudent/sa_zhao/install/tod_msgs/include/tod_msgs/msg/detail/safety_driver_status__rosidl_typesupport_fastrtps_c.h
[30.881s] -- Installing: /home/tofstudent/sa_zhao/install/tod_msgs/include/tod_msgs/msg/detail/secondary_control_cmd__rosidl_typesupport_fastrtps_c.h
[30.881s] -- Installing: /home/tofstudent/sa_zhao/install/tod_msgs/include/tod_msgs/msg/detail/video_info__rosidl_typesupport_fastrtps_c.h
[30.881s] -- Installing: /home/tofstudent/sa_zhao/install/tod_msgs/include/tod_msgs/msg/detail/colored_point__rosidl_typesupport_fastrtps_c.h
[30.881s] -- Installing: /home/tofstudent/sa_zhao/install/tod_msgs/include/tod_msgs/msg/detail/colored_polygon__rosidl_typesupport_fastrtps_c.h
[30.881s] -- Installing: /home/tofstudent/sa_zhao/install/tod_msgs/include/tod_msgs/msg/detail/object_data__rosidl_typesupport_fastrtps_c.h
[30.882s] -- Installing: /home/tofstudent/sa_zhao/install/tod_msgs/include/tod_msgs/msg/detail/object_list__rosidl_typesupport_fastrtps_c.h
[30.882s] -- Installing: /home/tofstudent/sa_zhao/install/tod_msgs/include/tod_msgs/msg/detail/vehicle_data__rosidl_typesupport_fastrtps_c.h
[30.882s] -- Installing: /home/tofstudent/sa_zhao/install/tod_msgs/include/tod_msgs/msg/detail/key_press__rosidl_typesupport_fastrtps_c.h
[30.882s] -- Installing: /home/tofstudent/sa_zhao/install/tod_msgs/lib/libtod_msgs__rosidl_typesupport_fastrtps_c.so
[30.883s] -- Set runtime path of "/home/tofstudent/sa_zhao/install/tod_msgs/lib/libtod_msgs__rosidl_typesupport_fastrtps_c.so" to ""
[30.883s] -- Up-to-date: /home/tofstudent/sa_zhao/install/tod_msgs/include/tod_msgs
[30.884s] -- Up-to-date: /home/tofstudent/sa_zhao/install/tod_msgs/include/tod_msgs/srv
[30.884s] -- Up-to-date: /home/tofstudent/sa_zhao/install/tod_msgs/include/tod_msgs/srv/detail
[30.885s] -- Installing: /home/tofstudent/sa_zhao/install/tod_msgs/include/tod_msgs/srv/detail/dds_fastrtps
[30.885s] -- Installing: /home/tofstudent/sa_zhao/install/tod_msgs/include/tod_msgs/srv/detail/input_device__rosidl_typesupport_fastrtps_cpp.hpp
[30.886s] -- Up-to-date: /home/tofstudent/sa_zhao/install/tod_msgs/include/tod_msgs/msg
[30.886s] -- Installing: /home/tofstudent/sa_zhao/install/tod_msgs/include/tod_msgs/msg/rosidl_typesupport_fastrtps_cpp__visibility_control.h
[30.886s] -- Up-to-date: /home/tofstudent/sa_zhao/install/tod_msgs/include/tod_msgs/msg/detail
[30.886s] -- Installing: /home/tofstudent/sa_zhao/install/tod_msgs/include/tod_msgs/msg/detail/object_list__rosidl_typesupport_fastrtps_cpp.hpp
[30.886s] -- Installing: /home/tofstudent/sa_zhao/install/tod_msgs/include/tod_msgs/msg/detail/vehicle_data__rosidl_typesupport_fastrtps_cpp.hpp
[30.887s] -- Installing: /home/tofstudent/sa_zhao/install/tod_msgs/include/tod_msgs/msg/detail/video_info__rosidl_typesupport_fastrtps_cpp.hpp
[30.887s] -- Installing: /home/tofstudent/sa_zhao/install/tod_msgs/include/tod_msgs/msg/detail/status__rosidl_typesupport_fastrtps_cpp.hpp
[30.889s] -- Installing: /home/tofstudent/sa_zhao/install/tod_msgs/include/tod_msgs/msg/detail/colored_polygon__rosidl_typesupport_fastrtps_cpp.hpp
[30.889s] -- Installing: /home/tofstudent/sa_zhao/install/tod_msgs/include/tod_msgs/msg/detail/paket_info__rosidl_typesupport_fastrtps_cpp.hpp
[30.889s] -- Installing: /home/tofstudent/sa_zhao/install/tod_msgs/include/tod_msgs/msg/detail/primary_control_cmd__rosidl_typesupport_fastrtps_cpp.hpp
[30.889s] -- Installing: /home/tofstudent/sa_zhao/install/tod_msgs/include/tod_msgs/msg/detail/colored_point__rosidl_typesupport_fastrtps_cpp.hpp
[30.891s] -- Installing: /home/tofstudent/sa_zhao/install/tod_msgs/include/tod_msgs/msg/detail/secondary_control_cmd__rosidl_typesupport_fastrtps_cpp.hpp
[30.891s] -- Installing: /home/tofstudent/sa_zhao/install/tod_msgs/include/tod_msgs/msg/detail/key_press__rosidl_typesupport_fastrtps_cpp.hpp
[30.891s] -- Installing: /home/tofstudent/sa_zhao/install/tod_msgs/include/tod_msgs/msg/detail/object_data__rosidl_typesupport_fastrtps_cpp.hpp
[30.891s] -- Installing: /home/tofstudent/sa_zhao/install/tod_msgs/include/tod_msgs/msg/detail/dds_fastrtps
[30.891s] -- Installing: /home/tofstudent/sa_zhao/install/tod_msgs/include/tod_msgs/msg/detail/safety_driver_status__rosidl_typesupport_fastrtps_cpp.hpp
[30.892s] -- Installing: /home/tofstudent/sa_zhao/install/tod_msgs/lib/libtod_msgs__rosidl_typesupport_fastrtps_cpp.so
[30.893s] -- Set runtime path of "/home/tofstudent/sa_zhao/install/tod_msgs/lib/libtod_msgs__rosidl_typesupport_fastrtps_cpp.so" to ""
[30.894s] -- Up-to-date: /home/tofstudent/sa_zhao/install/tod_msgs/include/tod_msgs
[30.894s] -- Up-to-date: /home/tofstudent/sa_zhao/install/tod_msgs/include/tod_msgs/srv
[30.894s] -- Up-to-date: /home/tofstudent/sa_zhao/install/tod_msgs/include/tod_msgs/srv/detail
[30.894s] -- Installing: /home/tofstudent/sa_zhao/install/tod_msgs/include/tod_msgs/srv/detail/input_device__type_support.c
[30.894s] -- Installing: /home/tofstudent/sa_zhao/install/tod_msgs/include/tod_msgs/srv/detail/input_device__rosidl_typesupport_introspection_c.h
[30.894s] -- Up-to-date: /home/tofstudent/sa_zhao/install/tod_msgs/include/tod_msgs/msg
[30.895s] -- Up-to-date: /home/tofstudent/sa_zhao/install/tod_msgs/include/tod_msgs/msg/detail
[30.895s] -- Installing: /home/tofstudent/sa_zhao/install/tod_msgs/include/tod_msgs/msg/detail/safety_driver_status__type_support.c
[30.895s] -- Installing: /home/tofstudent/sa_zhao/install/tod_msgs/include/tod_msgs/msg/detail/key_press__type_support.c
[30.902s] -- Installing: /home/tofstudent/sa_zhao/install/tod_msgs/include/tod_msgs/msg/detail/object_data__type_support.c
[30.902s] -- Installing: /home/tofstudent/sa_zhao/install/tod_msgs/include/tod_msgs/msg/detail/status__type_support.c
[30.902s] -- Installing: /home/tofstudent/sa_zhao/install/tod_msgs/include/tod_msgs/msg/detail/object_list__rosidl_typesupport_introspection_c.h
[30.902s] -- Installing: /home/tofstudent/sa_zhao/install/tod_msgs/include/tod_msgs/msg/detail/key_press__rosidl_typesupport_introspection_c.h
[30.902s] -- Installing: /home/tofstudent/sa_zhao/install/tod_msgs/include/tod_msgs/msg/detail/video_info__rosidl_typesupport_introspection_c.h
[30.903s] -- Installing: /home/tofstudent/sa_zhao/install/tod_msgs/include/tod_msgs/msg/detail/video_info__type_support.c
[30.903s] -- Installing: /home/tofstudent/sa_zhao/install/tod_msgs/include/tod_msgs/msg/detail/colored_point__type_support.c
[30.903s] -- Installing: /home/tofstudent/sa_zhao/install/tod_msgs/include/tod_msgs/msg/detail/status__rosidl_typesupport_introspection_c.h
[30.903s] -- Installing: /home/tofstudent/sa_zhao/install/tod_msgs/include/tod_msgs/msg/detail/colored_point__rosidl_typesupport_introspection_c.h
[30.903s] -- Installing: /home/tofstudent/sa_zhao/install/tod_msgs/include/tod_msgs/msg/detail/object_list__type_support.c
[30.903s] -- Installing: /home/tofstudent/sa_zhao/install/tod_msgs/include/tod_msgs/msg/detail/paket_info__type_support.c
[30.903s] -- Installing: /home/tofstudent/sa_zhao/install/tod_msgs/include/tod_msgs/msg/detail/safety_driver_status__rosidl_typesupport_introspection_c.h
[30.903s] -- Installing: /home/tofstudent/sa_zhao/install/tod_msgs/include/tod_msgs/msg/detail/vehicle_data__type_support.c
[30.904s] -- Installing: /home/tofstudent/sa_zhao/install/tod_msgs/include/tod_msgs/msg/detail/colored_polygon__rosidl_typesupport_introspection_c.h
[30.904s] -- Installing: /home/tofstudent/sa_zhao/install/tod_msgs/include/tod_msgs/msg/detail/primary_control_cmd__type_support.c
[30.904s] -- Installing: /home/tofstudent/sa_zhao/install/tod_msgs/include/tod_msgs/msg/detail/vehicle_data__rosidl_typesupport_introspection_c.h
[30.904s] -- Installing: /home/tofstudent/sa_zhao/install/tod_msgs/include/tod_msgs/msg/detail/object_data__rosidl_typesupport_introspection_c.h
[30.904s] -- Installing: /home/tofstudent/sa_zhao/install/tod_msgs/include/tod_msgs/msg/detail/paket_info__rosidl_typesupport_introspection_c.h
[30.904s] -- Installing: /home/tofstudent/sa_zhao/install/tod_msgs/include/tod_msgs/msg/detail/colored_polygon__type_support.c
[30.904s] -- Installing: /home/tofstudent/sa_zhao/install/tod_msgs/include/tod_msgs/msg/detail/primary_control_cmd__rosidl_typesupport_introspection_c.h
[30.905s] -- Installing: /home/tofstudent/sa_zhao/install/tod_msgs/include/tod_msgs/msg/detail/secondary_control_cmd__type_support.c
[30.905s] -- Installing: /home/tofstudent/sa_zhao/install/tod_msgs/include/tod_msgs/msg/detail/secondary_control_cmd__rosidl_typesupport_introspection_c.h
[30.905s] -- Installing: /home/tofstudent/sa_zhao/install/tod_msgs/include/tod_msgs/msg/rosidl_typesupport_introspection_c__visibility_control.h
[30.905s] -- Installing: /home/tofstudent/sa_zhao/install/tod_msgs/lib/libtod_msgs__rosidl_typesupport_introspection_c.so
[30.906s] -- Set runtime path of "/home/tofstudent/sa_zhao/install/tod_msgs/lib/libtod_msgs__rosidl_typesupport_introspection_c.so" to ""
[30.907s] -- Installing: /home/tofstudent/sa_zhao/install/tod_msgs/lib/libtod_msgs__rosidl_typesupport_c.so
[30.908s] -- Set runtime path of "/home/tofstudent/sa_zhao/install/tod_msgs/lib/libtod_msgs__rosidl_typesupport_c.so" to ""
[30.908s] -- Up-to-date: /home/tofstudent/sa_zhao/install/tod_msgs/include/tod_msgs
[30.908s] -- Up-to-date: /home/tofstudent/sa_zhao/install/tod_msgs/include/tod_msgs/srv
[30.908s] -- Up-to-date: /home/tofstudent/sa_zhao/install/tod_msgs/include/tod_msgs/srv/detail
[30.908s] -- Installing: /home/tofstudent/sa_zhao/install/tod_msgs/include/tod_msgs/srv/detail/input_device__struct.hpp
[30.908s] -- Installing: /home/tofstudent/sa_zhao/install/tod_msgs/include/tod_msgs/srv/detail/input_device__traits.hpp
[30.908s] -- Installing: /home/tofstudent/sa_zhao/install/tod_msgs/include/tod_msgs/srv/detail/input_device__builder.hpp
[30.910s] -- Installing: /home/tofstudent/sa_zhao/install/tod_msgs/include/tod_msgs/srv/input_device.hpp
[30.910s] -- Up-to-date: /home/tofstudent/sa_zhao/install/tod_msgs/include/tod_msgs/msg
[30.910s] -- Installing: /home/tofstudent/sa_zhao/install/tod_msgs/include/tod_msgs/msg/video_info.hpp
[30.911s] -- Installing: /home/tofstudent/sa_zhao/install/tod_msgs/include/tod_msgs/msg/object_data.hpp
[30.911s] -- Installing: /home/tofstudent/sa_zhao/install/tod_msgs/include/tod_msgs/msg/safety_driver_status.hpp
[30.911s] -- Installing: /home/tofstudent/sa_zhao/install/tod_msgs/include/tod_msgs/msg/vehicle_data.hpp
[30.915s] -- Installing: /home/tofstudent/sa_zhao/install/tod_msgs/include/tod_msgs/msg/object_list.hpp
[30.916s] -- Up-to-date: /home/tofstudent/sa_zhao/install/tod_msgs/include/tod_msgs/msg/detail
[30.916s] -- Installing: /home/tofstudent/sa_zhao/install/tod_msgs/include/tod_msgs/msg/detail/safety_driver_status__traits.hpp
[30.916s] -- Installing: /home/tofstudent/sa_zhao/install/tod_msgs/include/tod_msgs/msg/detail/colored_polygon__struct.hpp
[30.916s] -- Installing: /home/tofstudent/sa_zhao/install/tod_msgs/include/tod_msgs/msg/detail/secondary_control_cmd__builder.hpp
[30.916s] -- Installing: /home/tofstudent/sa_zhao/install/tod_msgs/include/tod_msgs/msg/detail/paket_info__builder.hpp
[30.916s] -- Installing: /home/tofstudent/sa_zhao/install/tod_msgs/include/tod_msgs/msg/detail/key_press__struct.hpp
[30.916s] -- Installing: /home/tofstudent/sa_zhao/install/tod_msgs/include/tod_msgs/msg/detail/primary_control_cmd__struct.hpp
[30.916s] -- Installing: /home/tofstudent/sa_zhao/install/tod_msgs/include/tod_msgs/msg/detail/video_info__builder.hpp
[30.917s] -- Installing: /home/tofstudent/sa_zhao/install/tod_msgs/include/tod_msgs/msg/detail/colored_polygon__builder.hpp
[30.917s] -- Installing: /home/tofstudent/sa_zhao/install/tod_msgs/include/tod_msgs/msg/detail/video_info__struct.hpp
[30.917s] -- Installing: /home/tofstudent/sa_zhao/install/tod_msgs/include/tod_msgs/msg/detail/primary_control_cmd__traits.hpp
[30.917s] -- Installing: /home/tofstudent/sa_zhao/install/tod_msgs/include/tod_msgs/msg/detail/key_press__traits.hpp
[30.917s] -- Installing: /home/tofstudent/sa_zhao/install/tod_msgs/include/tod_msgs/msg/detail/vehicle_data__traits.hpp
[30.917s] -- Installing: /home/tofstudent/sa_zhao/install/tod_msgs/include/tod_msgs/msg/detail/video_info__traits.hpp
[30.917s] -- Installing: /home/tofstudent/sa_zhao/install/tod_msgs/include/tod_msgs/msg/detail/status__traits.hpp
[30.918s] -- Installing: /home/tofstudent/sa_zhao/install/tod_msgs/include/tod_msgs/msg/detail/object_data__builder.hpp
[30.918s] -- Installing: /home/tofstudent/sa_zhao/install/tod_msgs/include/tod_msgs/msg/detail/object_data__traits.hpp
[30.918s] -- Installing: /home/tofstudent/sa_zhao/install/tod_msgs/include/tod_msgs/msg/detail/object_list__traits.hpp
[30.918s] -- Installing: /home/tofstudent/sa_zhao/install/tod_msgs/include/tod_msgs/msg/detail/colored_point__builder.hpp
[30.918s] -- Installing: /home/tofstudent/sa_zhao/install/tod_msgs/include/tod_msgs/msg/detail/colored_point__traits.hpp
[30.918s] -- Installing: /home/tofstudent/sa_zhao/install/tod_msgs/include/tod_msgs/msg/detail/object_list__struct.hpp
[30.918s] -- Installing: /home/tofstudent/sa_zhao/install/tod_msgs/include/tod_msgs/msg/detail/paket_info__struct.hpp
[30.919s] -- Installing: /home/tofstudent/sa_zhao/install/tod_msgs/include/tod_msgs/msg/detail/secondary_control_cmd__traits.hpp
[30.919s] -- Installing: /home/tofstudent/sa_zhao/install/tod_msgs/include/tod_msgs/msg/detail/colored_point__struct.hpp
[30.919s] -- Installing: /home/tofstudent/sa_zhao/install/tod_msgs/include/tod_msgs/msg/detail/colored_polygon__traits.hpp
[30.919s] -- Installing: /home/tofstudent/sa_zhao/install/tod_msgs/include/tod_msgs/msg/detail/safety_driver_status__struct.hpp
[30.919s] -- Installing: /home/tofstudent/sa_zhao/install/tod_msgs/include/tod_msgs/msg/detail/object_list__builder.hpp
[30.920s] -- Installing: /home/tofstudent/sa_zhao/install/tod_msgs/include/tod_msgs/msg/detail/vehicle_data__struct.hpp
[30.922s] -- Installing: /home/tofstudent/sa_zhao/install/tod_msgs/include/tod_msgs/msg/detail/paket_info__traits.hpp
[30.922s] -- Installing: /home/tofstudent/sa_zhao/install/tod_msgs/include/tod_msgs/msg/detail/status__builder.hpp
[30.922s] -- Installing: /home/tofstudent/sa_zhao/install/tod_msgs/include/tod_msgs/msg/detail/vehicle_data__builder.hpp
[30.923s] -- Installing: /home/tofstudent/sa_zhao/install/tod_msgs/include/tod_msgs/msg/detail/primary_control_cmd__builder.hpp
[30.923s] -- Installing: /home/tofstudent/sa_zhao/install/tod_msgs/include/tod_msgs/msg/detail/secondary_control_cmd__struct.hpp
[30.923s] -- Installing: /home/tofstudent/sa_zhao/install/tod_msgs/include/tod_msgs/msg/detail/object_data__struct.hpp
[30.923s] -- Installing: /home/tofstudent/sa_zhao/install/tod_msgs/include/tod_msgs/msg/detail/safety_driver_status__builder.hpp
[30.923s] -- Installing: /home/tofstudent/sa_zhao/install/tod_msgs/include/tod_msgs/msg/detail/status__struct.hpp
[30.923s] -- Installing: /home/tofstudent/sa_zhao/install/tod_msgs/include/tod_msgs/msg/detail/key_press__builder.hpp
[30.923s] -- Installing: /home/tofstudent/sa_zhao/install/tod_msgs/include/tod_msgs/msg/secondary_control_cmd.hpp
[30.924s] -- Installing: /home/tofstudent/sa_zhao/install/tod_msgs/include/tod_msgs/msg/colored_polygon.hpp
[30.924s] -- Installing: /home/tofstudent/sa_zhao/install/tod_msgs/include/tod_msgs/msg/status.hpp
[30.924s] -- Installing: /home/tofstudent/sa_zhao/install/tod_msgs/include/tod_msgs/msg/colored_point.hpp
[30.924s] -- Installing: /home/tofstudent/sa_zhao/install/tod_msgs/include/tod_msgs/msg/key_press.hpp
[30.924s] -- Installing: /home/tofstudent/sa_zhao/install/tod_msgs/include/tod_msgs/msg/paket_info.hpp
[30.924s] -- Installing: /home/tofstudent/sa_zhao/install/tod_msgs/include/tod_msgs/msg/primary_control_cmd.hpp
[30.924s] -- Up-to-date: /home/tofstudent/sa_zhao/install/tod_msgs/include/tod_msgs
[30.925s] -- Up-to-date: /home/tofstudent/sa_zhao/install/tod_msgs/include/tod_msgs/srv
[30.925s] -- Up-to-date: /home/tofstudent/sa_zhao/install/tod_msgs/include/tod_msgs/srv/detail
[30.925s] -- Installing: /home/tofstudent/sa_zhao/install/tod_msgs/include/tod_msgs/srv/detail/input_device__rosidl_typesupport_introspection_cpp.hpp
[30.926s] -- Installing: /home/tofstudent/sa_zhao/install/tod_msgs/include/tod_msgs/srv/detail/input_device__type_support.cpp
[30.926s] -- Up-to-date: /home/tofstudent/sa_zhao/install/tod_msgs/include/tod_msgs/msg
[30.927s] -- Up-to-date: /home/tofstudent/sa_zhao/install/tod_msgs/include/tod_msgs/msg/detail
[30.927s] -- Installing: /home/tofstudent/sa_zhao/install/tod_msgs/include/tod_msgs/msg/detail/safety_driver_status__rosidl_typesupport_introspection_cpp.hpp
[30.927s] -- Installing: /home/tofstudent/sa_zhao/install/tod_msgs/include/tod_msgs/msg/detail/primary_control_cmd__type_support.cpp
[30.927s] -- Installing: /home/tofstudent/sa_zhao/install/tod_msgs/include/tod_msgs/msg/detail/object_data__rosidl_typesupport_introspection_cpp.hpp
[30.927s] -- Installing: /home/tofstudent/sa_zhao/install/tod_msgs/include/tod_msgs/msg/detail/status__rosidl_typesupport_introspection_cpp.hpp
[30.927s] -- Installing: /home/tofstudent/sa_zhao/install/tod_msgs/include/tod_msgs/msg/detail/object_list__type_support.cpp
[30.927s] -- Installing: /home/tofstudent/sa_zhao/install/tod_msgs/include/tod_msgs/msg/detail/colored_polygon__type_support.cpp
[30.927s] -- Installing: /home/tofstudent/sa_zhao/install/tod_msgs/include/tod_msgs/msg/detail/video_info__type_support.cpp
[30.928s] -- Installing: /home/tofstudent/sa_zhao/install/tod_msgs/include/tod_msgs/msg/detail/status__type_support.cpp
[30.928s] -- Installing: /home/tofstudent/sa_zhao/install/tod_msgs/include/tod_msgs/msg/detail/paket_info__rosidl_typesupport_introspection_cpp.hpp
[30.928s] -- Installing: /home/tofstudent/sa_zhao/install/tod_msgs/include/tod_msgs/msg/detail/object_data__type_support.cpp
[30.932s] -- Installing: /home/tofstudent/sa_zhao/install/tod_msgs/include/tod_msgs/msg/detail/colored_point__rosidl_typesupport_introspection_cpp.hpp
[30.933s] -- Installing: /home/tofstudent/sa_zhao/install/tod_msgs/include/tod_msgs/msg/detail/colored_polygon__rosidl_typesupport_introspection_cpp.hpp
[30.933s] -- Installing: /home/tofstudent/sa_zhao/install/tod_msgs/include/tod_msgs/msg/detail/secondary_control_cmd__rosidl_typesupport_introspection_cpp.hpp
[30.933s] -- Installing: /home/tofstudent/sa_zhao/install/tod_msgs/include/tod_msgs/msg/detail/safety_driver_status__type_support.cpp
[30.933s] -- Installing: /home/tofstudent/sa_zhao/install/tod_msgs/include/tod_msgs/msg/detail/key_press__rosidl_typesupport_introspection_cpp.hpp
[30.933s] -- Installing: /home/tofstudent/sa_zhao/install/tod_msgs/include/tod_msgs/msg/detail/key_press__type_support.cpp
[30.933s] -- Installing: /home/tofstudent/sa_zhao/install/tod_msgs/include/tod_msgs/msg/detail/primary_control_cmd__rosidl_typesupport_introspection_cpp.hpp
[30.933s] -- Installing: /home/tofstudent/sa_zhao/install/tod_msgs/include/tod_msgs/msg/detail/video_info__rosidl_typesupport_introspection_cpp.hpp
[30.934s] -- Installing: /home/tofstudent/sa_zhao/install/tod_msgs/include/tod_msgs/msg/detail/vehicle_data__type_support.cpp
[30.934s] -- Installing: /home/tofstudent/sa_zhao/install/tod_msgs/include/tod_msgs/msg/detail/paket_info__type_support.cpp
[30.934s] -- Installing: /home/tofstudent/sa_zhao/install/tod_msgs/include/tod_msgs/msg/detail/vehicle_data__rosidl_typesupport_introspection_cpp.hpp
[30.934s] -- Installing: /home/tofstudent/sa_zhao/install/tod_msgs/include/tod_msgs/msg/detail/secondary_control_cmd__type_support.cpp
[30.934s] -- Installing: /home/tofstudent/sa_zhao/install/tod_msgs/include/tod_msgs/msg/detail/object_list__rosidl_typesupport_introspection_cpp.hpp
[30.934s] -- Installing: /home/tofstudent/sa_zhao/install/tod_msgs/include/tod_msgs/msg/detail/colored_point__type_support.cpp
[30.934s] -- Installing: /home/tofstudent/sa_zhao/install/tod_msgs/lib/libtod_msgs__rosidl_typesupport_introspection_cpp.so
[30.934s] -- Set runtime path of "/home/tofstudent/sa_zhao/install/tod_msgs/lib/libtod_msgs__rosidl_typesupport_introspection_cpp.so" to ""
[30.934s] -- Installing: /home/tofstudent/sa_zhao/install/tod_msgs/lib/libtod_msgs__rosidl_typesupport_cpp.so
[30.935s] -- Set runtime path of "/home/tofstudent/sa_zhao/install/tod_msgs/lib/libtod_msgs__rosidl_typesupport_cpp.so" to ""
[30.935s] -- Installing: /home/tofstudent/sa_zhao/install/tod_msgs/share/tod_msgs/environment/pythonpath.sh
[30.935s] -- Installing: /home/tofstudent/sa_zhao/install/tod_msgs/share/tod_msgs/environment/pythonpath.dsv
[30.935s] -- Installing: /home/tofstudent/sa_zhao/install/tod_msgs/lib/python3.8/site-packages/tod_msgs/__init__.py
[31.042s] Compiling '/home/tofstudent/sa_zhao/install/tod_msgs/lib/python3.8/site-packages/tod_msgs/__init__.py'...
[31.050s] -- Installing: /home/tofstudent/sa_zhao/install/tod_msgs/lib/python3.8/site-packages/tod_msgs/msg
[31.050s] -- Installing: /home/tofstudent/sa_zhao/install/tod_msgs/lib/python3.8/site-packages/tod_msgs/msg/_vehicle_data_s.c
[31.050s] -- Installing: /home/tofstudent/sa_zhao/install/tod_msgs/lib/python3.8/site-packages/tod_msgs/msg/_key_press_s.c
[31.050s] -- Installing: /home/tofstudent/sa_zhao/install/tod_msgs/lib/python3.8/site-packages/tod_msgs/msg/_safety_driver_status.py
[31.050s] -- Installing: /home/tofstudent/sa_zhao/install/tod_msgs/lib/python3.8/site-packages/tod_msgs/msg/_object_list.py
[31.050s] -- Installing: /home/tofstudent/sa_zhao/install/tod_msgs/lib/python3.8/site-packages/tod_msgs/msg/_video_info.py
[31.050s] -- Installing: /home/tofstudent/sa_zhao/install/tod_msgs/lib/python3.8/site-packages/tod_msgs/msg/_colored_point.py
[31.051s] -- Installing: /home/tofstudent/sa_zhao/install/tod_msgs/lib/python3.8/site-packages/tod_msgs/msg/_secondary_control_cmd.py
[31.051s] -- Installing: /home/tofstudent/sa_zhao/install/tod_msgs/lib/python3.8/site-packages/tod_msgs/msg/_colored_polygon_s.c
[31.051s] -- Installing: /home/tofstudent/sa_zhao/install/tod_msgs/lib/python3.8/site-packages/tod_msgs/msg/_primary_control_cmd_s.c
[31.051s] -- Installing: /home/tofstudent/sa_zhao/install/tod_msgs/lib/python3.8/site-packages/tod_msgs/msg/_object_data.py
[31.051s] -- Installing: /home/tofstudent/sa_zhao/install/tod_msgs/lib/python3.8/site-packages/tod_msgs/msg/_colored_point_s.c
[31.051s] -- Installing: /home/tofstudent/sa_zhao/install/tod_msgs/lib/python3.8/site-packages/tod_msgs/msg/_paket_info.py
[31.052s] -- Installing: /home/tofstudent/sa_zhao/install/tod_msgs/lib/python3.8/site-packages/tod_msgs/msg/_status.py
[31.052s] -- Installing: /home/tofstudent/sa_zhao/install/tod_msgs/lib/python3.8/site-packages/tod_msgs/msg/_primary_control_cmd.py
[31.052s] -- Installing: /home/tofstudent/sa_zhao/install/tod_msgs/lib/python3.8/site-packages/tod_msgs/msg/_vehicle_data.py
[31.052s] -- Installing: /home/tofstudent/sa_zhao/install/tod_msgs/lib/python3.8/site-packages/tod_msgs/msg/_status_s.c
[31.052s] -- Installing: /home/tofstudent/sa_zhao/install/tod_msgs/lib/python3.8/site-packages/tod_msgs/msg/_safety_driver_status_s.c
[31.052s] -- Installing: /home/tofstudent/sa_zhao/install/tod_msgs/lib/python3.8/site-packages/tod_msgs/msg/_colored_polygon.py
[31.053s] -- Installing: /home/tofstudent/sa_zhao/install/tod_msgs/lib/python3.8/site-packages/tod_msgs/msg/__init__.py
[31.053s] -- Installing: /home/tofstudent/sa_zhao/install/tod_msgs/lib/python3.8/site-packages/tod_msgs/msg/_paket_info_s.c
[31.053s] -- Installing: /home/tofstudent/sa_zhao/install/tod_msgs/lib/python3.8/site-packages/tod_msgs/msg/_object_data_s.c
[31.053s] -- Installing: /home/tofstudent/sa_zhao/install/tod_msgs/lib/python3.8/site-packages/tod_msgs/msg/_secondary_control_cmd_s.c
[31.053s] -- Installing: /home/tofstudent/sa_zhao/install/tod_msgs/lib/python3.8/site-packages/tod_msgs/msg/_video_info_s.c
[31.053s] -- Installing: /home/tofstudent/sa_zhao/install/tod_msgs/lib/python3.8/site-packages/tod_msgs/msg/_object_list_s.c
[31.054s] -- Installing: /home/tofstudent/sa_zhao/install/tod_msgs/lib/python3.8/site-packages/tod_msgs/msg/_key_press.py
[31.054s] -- Installing: /home/tofstudent/sa_zhao/install/tod_msgs/lib/python3.8/site-packages/tod_msgs/srv
[31.054s] -- Installing: /home/tofstudent/sa_zhao/install/tod_msgs/lib/python3.8/site-packages/tod_msgs/srv/_input_device.py
[31.054s] -- Installing: /home/tofstudent/sa_zhao/install/tod_msgs/lib/python3.8/site-packages/tod_msgs/srv/_input_device_s.c
[31.054s] -- Installing: /home/tofstudent/sa_zhao/install/tod_msgs/lib/python3.8/site-packages/tod_msgs/srv/__init__.py
[31.055s] -- Installing: /home/tofstudent/sa_zhao/install/tod_msgs/lib/python3.8/site-packages/tod_msgs/tod_msgs_s__rosidl_typesupport_fastrtps_c.cpython-38-x86_64-linux-gnu.so
[31.056s] -- Set runtime path of "/home/tofstudent/sa_zhao/install/tod_msgs/lib/python3.8/site-packages/tod_msgs/tod_msgs_s__rosidl_typesupport_fastrtps_c.cpython-38-x86_64-linux-gnu.so" to ""
[31.056s] -- Installing: /home/tofstudent/sa_zhao/install/tod_msgs/lib/python3.8/site-packages/tod_msgs/tod_msgs_s__rosidl_typesupport_introspection_c.cpython-38-x86_64-linux-gnu.so
[31.057s] -- Set runtime path of "/home/tofstudent/sa_zhao/install/tod_msgs/lib/python3.8/site-packages/tod_msgs/tod_msgs_s__rosidl_typesupport_introspection_c.cpython-38-x86_64-linux-gnu.so" to ""
[31.057s] -- Installing: /home/tofstudent/sa_zhao/install/tod_msgs/lib/python3.8/site-packages/tod_msgs/tod_msgs_s__rosidl_typesupport_c.cpython-38-x86_64-linux-gnu.so
[31.058s] -- Set runtime path of "/home/tofstudent/sa_zhao/install/tod_msgs/lib/python3.8/site-packages/tod_msgs/tod_msgs_s__rosidl_typesupport_c.cpython-38-x86_64-linux-gnu.so" to ""
[31.058s] -- Installing: /home/tofstudent/sa_zhao/install/tod_msgs/lib/libtod_msgs__python.so
[31.059s] -- Set runtime path of "/home/tofstudent/sa_zhao/install/tod_msgs/lib/libtod_msgs__python.so" to ""
[31.060s] -- Installing: /home/tofstudent/sa_zhao/install/tod_msgs/share/tod_msgs/msg/ColoredPoint.idl
[31.060s] -- Installing: /home/tofstudent/sa_zhao/install/tod_msgs/share/tod_msgs/msg/ColoredPolygon.idl
[31.060s] -- Installing: /home/tofstudent/sa_zhao/install/tod_msgs/share/tod_msgs/msg/KeyPress.idl
[31.060s] -- Installing: /home/tofstudent/sa_zhao/install/tod_msgs/share/tod_msgs/msg/ObjectData.idl
[31.060s] -- Installing: /home/tofstudent/sa_zhao/install/tod_msgs/share/tod_msgs/msg/ObjectList.idl
[31.061s] -- Installing: /home/tofstudent/sa_zhao/install/tod_msgs/share/tod_msgs/msg/PaketInfo.idl
[31.061s] -- Installing: /home/tofstudent/sa_zhao/install/tod_msgs/share/tod_msgs/msg/PrimaryControlCmd.idl
[31.061s] -- Installing: /home/tofstudent/sa_zhao/install/tod_msgs/share/tod_msgs/msg/SafetyDriverStatus.idl
[31.061s] -- Installing: /home/tofstudent/sa_zhao/install/tod_msgs/share/tod_msgs/msg/SecondaryControlCmd.idl
[31.061s] -- Installing: /home/tofstudent/sa_zhao/install/tod_msgs/share/tod_msgs/msg/Status.idl
[31.062s] -- Installing: /home/tofstudent/sa_zhao/install/tod_msgs/share/tod_msgs/msg/VehicleData.idl
[31.062s] -- Installing: /home/tofstudent/sa_zhao/install/tod_msgs/share/tod_msgs/msg/VideoInfo.idl
[31.075s] -- Installing: /home/tofstudent/sa_zhao/install/tod_msgs/share/tod_msgs/srv/InputDevice.idl
[31.075s] -- Installing: /home/tofstudent/sa_zhao/install/tod_msgs/share/tod_msgs/msg/ColoredPoint.msg
[31.075s] -- Installing: /home/tofstudent/sa_zhao/install/tod_msgs/share/tod_msgs/msg/ColoredPolygon.msg
[31.075s] -- Installing: /home/tofstudent/sa_zhao/install/tod_msgs/share/tod_msgs/msg/KeyPress.msg
[31.076s] -- Installing: /home/tofstudent/sa_zhao/install/tod_msgs/share/tod_msgs/msg/ObjectData.msg
[31.076s] -- Installing: /home/tofstudent/sa_zhao/install/tod_msgs/share/tod_msgs/msg/ObjectList.msg
[31.076s] -- Installing: /home/tofstudent/sa_zhao/install/tod_msgs/share/tod_msgs/msg/PaketInfo.msg
[31.077s] -- Installing: /home/tofstudent/sa_zhao/install/tod_msgs/share/tod_msgs/msg/PrimaryControlCmd.msg
[31.077s] -- Installing: /home/tofstudent/sa_zhao/install/tod_msgs/share/tod_msgs/msg/SafetyDriverStatus.msg
[31.077s] -- Installing: /home/tofstudent/sa_zhao/install/tod_msgs/share/tod_msgs/msg/SecondaryControlCmd.msg
[31.078s] -- Installing: /home/tofstudent/sa_zhao/install/tod_msgs/share/tod_msgs/msg/Status.msg
[31.078s] -- Installing: /home/tofstudent/sa_zhao/install/tod_msgs/share/tod_msgs/msg/VehicleData.msg
[31.078s] -- Installing: /home/tofstudent/sa_zhao/install/tod_msgs/share/tod_msgs/msg/VideoInfo.msg
[31.078s] -- Installing: /home/tofstudent/sa_zhao/install/tod_msgs/share/tod_msgs/srv/InputDevice.srv
[31.078s] -- Installing: /home/tofstudent/sa_zhao/install/tod_msgs/share/tod_msgs/srv/InputDevice_Request.msg
[31.079s] -- Installing: /home/tofstudent/sa_zhao/install/tod_msgs/share/tod_msgs/srv/InputDevice_Response.msg
[31.079s] -- Up-to-date: /home/tofstudent/sa_zhao/install/tod_msgs/include
[31.079s] -- Up-to-date: /home/tofstudent/sa_zhao/install/tod_msgs/include/tod_msgs
[31.079s] -- Installing: /home/tofstudent/sa_zhao/install/tod_msgs/include/tod_msgs/VehicleEnums.h
[31.079s] -- Installing: /home/tofstudent/sa_zhao/install/tod_msgs/include/tod_msgs/inputDevice.h
[31.079s] -- Installing: /home/tofstudent/sa_zhao/install/tod_msgs/include/tod_msgs/joystickConfig.h
[31.079s] -- Installing: /home/tofstudent/sa_zhao/install/tod_msgs/share/ament_index/resource_index/package_run_dependencies/tod_msgs
[31.080s] -- Installing: /home/tofstudent/sa_zhao/install/tod_msgs/share/ament_index/resource_index/parent_prefix_path/tod_msgs
[31.080s] -- Installing: /home/tofstudent/sa_zhao/install/tod_msgs/share/tod_msgs/environment/ament_prefix_path.sh
[31.080s] -- Installing: /home/tofstudent/sa_zhao/install/tod_msgs/share/tod_msgs/environment/ament_prefix_path.dsv
[31.080s] -- Installing: /home/tofstudent/sa_zhao/install/tod_msgs/share/tod_msgs/environment/path.sh
[31.081s] -- Installing: /home/tofstudent/sa_zhao/install/tod_msgs/share/tod_msgs/environment/path.dsv
[31.081s] -- Installing: /home/tofstudent/sa_zhao/install/tod_msgs/share/tod_msgs/local_setup.bash
[31.081s] -- Installing: /home/tofstudent/sa_zhao/install/tod_msgs/share/tod_msgs/local_setup.sh
[31.081s] -- Installing: /home/tofstudent/sa_zhao/install/tod_msgs/share/tod_msgs/local_setup.zsh
[31.082s] -- Installing: /home/tofstudent/sa_zhao/install/tod_msgs/share/tod_msgs/local_setup.dsv
[31.082s] -- Installing: /home/tofstudent/sa_zhao/install/tod_msgs/share/tod_msgs/package.dsv
[31.082s] -- Installing: /home/tofstudent/sa_zhao/install/tod_msgs/share/ament_index/resource_index/packages/tod_msgs
[31.082s] -- Installing: /home/tofstudent/sa_zhao/install/tod_msgs/share/tod_msgs/cmake/tod_msgs__rosidl_generator_cExport.cmake
[31.082s] -- Installing: /home/tofstudent/sa_zhao/install/tod_msgs/share/tod_msgs/cmake/tod_msgs__rosidl_generator_cExport-noconfig.cmake
[31.083s] -- Installing: /home/tofstudent/sa_zhao/install/tod_msgs/share/tod_msgs/cmake/tod_msgs__rosidl_typesupport_introspection_cExport.cmake
[31.083s] -- Installing: /home/tofstudent/sa_zhao/install/tod_msgs/share/tod_msgs/cmake/tod_msgs__rosidl_typesupport_introspection_cExport-noconfig.cmake
[31.083s] -- Installing: /home/tofstudent/sa_zhao/install/tod_msgs/share/tod_msgs/cmake/tod_msgs__rosidl_typesupport_cExport.cmake
[31.083s] -- Installing: /home/tofstudent/sa_zhao/install/tod_msgs/share/tod_msgs/cmake/tod_msgs__rosidl_typesupport_cExport-noconfig.cmake
[31.084s] -- Installing: /home/tofstudent/sa_zhao/install/tod_msgs/share/tod_msgs/cmake/tod_msgs__rosidl_generator_cppExport.cmake
[31.084s] -- Installing: /home/tofstudent/sa_zhao/install/tod_msgs/share/tod_msgs/cmake/tod_msgs__rosidl_typesupport_introspection_cppExport.cmake
[31.084s] -- Installing: /home/tofstudent/sa_zhao/install/tod_msgs/share/tod_msgs/cmake/tod_msgs__rosidl_typesupport_introspection_cppExport-noconfig.cmake
[31.094s] -- Installing: /home/tofstudent/sa_zhao/install/tod_msgs/share/tod_msgs/cmake/tod_msgs__rosidl_typesupport_cppExport.cmake
[31.094s] -- Installing: /home/tofstudent/sa_zhao/install/tod_msgs/share/tod_msgs/cmake/tod_msgs__rosidl_typesupport_cppExport-noconfig.cmake
[31.095s] -- Installing: /home/tofstudent/sa_zhao/install/tod_msgs/share/tod_msgs/cmake/rosidl_cmake-extras.cmake
[31.096s] -- Installing: /home/tofstudent/sa_zhao/install/tod_msgs/share/tod_msgs/cmake/ament_cmake_export_dependencies-extras.cmake
[31.096s] -- Installing: /home/tofstudent/sa_zhao/install/tod_msgs/share/tod_msgs/cmake/ament_cmake_export_libraries-extras.cmake
[31.096s] -- Installing: /home/tofstudent/sa_zhao/install/tod_msgs/share/tod_msgs/cmake/ament_cmake_export_targets-extras.cmake
[31.096s] -- Installing: /home/tofstudent/sa_zhao/install/tod_msgs/share/tod_msgs/cmake/ament_cmake_export_include_directories-extras.cmake
[31.097s] -- Installing: /home/tofstudent/sa_zhao/install/tod_msgs/share/tod_msgs/cmake/rosidl_cmake_export_typesupport_libraries-extras.cmake
[31.097s] -- Installing: /home/tofstudent/sa_zhao/install/tod_msgs/share/tod_msgs/cmake/rosidl_cmake_export_typesupport_targets-extras.cmake
[31.098s] -- Installing: /home/tofstudent/sa_zhao/install/tod_msgs/share/tod_msgs/cmake/tod_msgsConfig.cmake
[31.098s] -- Installing: /home/tofstudent/sa_zhao/install/tod_msgs/share/tod_msgs/cmake/tod_msgsConfig-version.cmake
[31.098s] -- Installing: /home/tofstudent/sa_zhao/install/tod_msgs/share/tod_msgs/package.xml
[31.105s] Invoked command in '/home/tofstudent/sa_zhao/build/tod_msgs' returned '0': CMAKE_PREFIX_PATH=/opt/ros/foxy /usr/bin/cmake --install /home/tofstudent/sa_zhao/build/tod_msgs
