[0.357s] Invoking command in '/home/tofstudent/sa_zhao/build/traj_interfaces': CMAKE_PREFIX_PATH=/opt/ros/foxy /usr/bin/cmake --build /home/tofstudent/sa_zhao/build/traj_interfaces -- -j8 -l8
[0.446s] [  2%] Built target traj_interfaces__cpp
[0.455s] [ 12%] Built target traj_interfaces__rosidl_generator_c
[0.532s] [ 23%] Built target traj_interfaces__rosidl_typesupport_introspection_cpp
[0.545s] [ 33%] Built target traj_interfaces__rosidl_typesupport_cpp
[0.557s] [ 43%] Built target traj_interfaces__rosidl_typesupport_introspection_c
[0.566s] [ 53%] Built target traj_interfaces__rosidl_typesupport_fastrtps_cpp
[0.603s] [ 64%] Built target traj_interfaces__rosidl_typesupport_c
[0.629s] [ 74%] Built target traj_interfaces__rosidl_typesupport_fastrtps_c
[0.654s] [ 74%] Built target traj_interfaces
[0.681s] [ 76%] Built target traj_interfaces__py
[0.720s] [ 84%] Built target traj_interfaces__python
[0.758s] [ 89%] Built target traj_interfaces__rosidl_typesupport_fastrtps_c__pyext
[0.760s] [ 94%] Built target traj_interfaces__rosidl_typesupport_introspection_c__pyext
[0.767s] [100%] Built target traj_interfaces__rosidl_typesupport_c__pyext
[0.817s] Invoked command in '/home/tofstudent/sa_zhao/build/traj_interfaces' returned '0': CMAKE_PREFIX_PATH=/opt/ros/foxy /usr/bin/cmake --build /home/tofstudent/sa_zhao/build/traj_interfaces -- -j8 -l8
[0.935s] Invoking command in '/home/tofstudent/sa_zhao/build/traj_interfaces': CMAKE_PREFIX_PATH=/opt/ros/foxy /usr/bin/cmake --install /home/tofstudent/sa_zhao/build/traj_interfaces
[0.960s] -- Install configuration: ""
[0.961s] -- Up-to-date: /home/tofstudent/sa_zhao/install/traj_interfaces/share/ament_index/resource_index/rosidl_interfaces/traj_interfaces
[0.961s] -- Up-to-date: /home/tofstudent/sa_zhao/install/traj_interfaces/include/traj_interfaces
[0.961s] -- Up-to-date: /home/tofstudent/sa_zhao/install/traj_interfaces/include/traj_interfaces/msg
[0.961s] -- Up-to-date: /home/tofstudent/sa_zhao/install/traj_interfaces/include/traj_interfaces/msg/detail
[0.961s] -- Up-to-date: /home/tofstudent/sa_zhao/install/traj_interfaces/include/traj_interfaces/msg/detail/state_machine__struct.h
[0.961s] -- Up-to-date: /home/tofstudent/sa_zhao/install/traj_interfaces/include/traj_interfaces/msg/detail/state_machine__functions.h
[0.961s] -- Up-to-date: /home/tofstudent/sa_zhao/install/traj_interfaces/include/traj_interfaces/msg/detail/state_machine__type_support.h
[0.961s] -- Up-to-date: /home/tofstudent/sa_zhao/install/traj_interfaces/include/traj_interfaces/msg/detail/traj_param__functions.c
[0.961s] -- Up-to-date: /home/tofstudent/sa_zhao/install/traj_interfaces/include/traj_interfaces/msg/detail/traj_param__functions.h
[0.962s] -- Up-to-date: /home/tofstudent/sa_zhao/install/traj_interfaces/include/traj_interfaces/msg/detail/traj_param__struct.h
[0.962s] -- Up-to-date: /home/tofstudent/sa_zhao/install/traj_interfaces/include/traj_interfaces/msg/detail/state_machine__functions.c
[0.962s] -- Up-to-date: /home/tofstudent/sa_zhao/install/traj_interfaces/include/traj_interfaces/msg/detail/traj_param__type_support.h
[0.962s] -- Up-to-date: /home/tofstudent/sa_zhao/install/traj_interfaces/include/traj_interfaces/msg/rosidl_generator_c__visibility_control.h
[0.962s] -- Up-to-date: /home/tofstudent/sa_zhao/install/traj_interfaces/include/traj_interfaces/msg/traj_param.h
[0.962s] -- Up-to-date: /home/tofstudent/sa_zhao/install/traj_interfaces/include/traj_interfaces/msg/state_machine.h
[0.965s] -- Up-to-date: /home/tofstudent/sa_zhao/install/traj_interfaces/share/traj_interfaces/environment/library_path.sh
[0.966s] -- Up-to-date: /home/tofstudent/sa_zhao/install/traj_interfaces/share/traj_interfaces/environment/library_path.dsv
[0.966s] -- Up-to-date: /home/tofstudent/sa_zhao/install/traj_interfaces/lib/libtraj_interfaces__rosidl_generator_c.so
[0.967s] -- Up-to-date: /home/tofstudent/sa_zhao/install/traj_interfaces/include/traj_interfaces
[0.967s] -- Up-to-date: /home/tofstudent/sa_zhao/install/traj_interfaces/include/traj_interfaces/msg
[0.967s] -- Up-to-date: /home/tofstudent/sa_zhao/install/traj_interfaces/include/traj_interfaces/msg/rosidl_typesupport_fastrtps_c__visibility_control.h
[0.967s] -- Up-to-date: /home/tofstudent/sa_zhao/install/traj_interfaces/include/traj_interfaces/msg/detail
[0.967s] -- Up-to-date: /home/tofstudent/sa_zhao/install/traj_interfaces/include/traj_interfaces/msg/detail/traj_param__rosidl_typesupport_fastrtps_c.h
[0.967s] -- Up-to-date: /home/tofstudent/sa_zhao/install/traj_interfaces/include/traj_interfaces/msg/detail/state_machine__rosidl_typesupport_fastrtps_c.h
[0.967s] -- Up-to-date: /home/tofstudent/sa_zhao/install/traj_interfaces/lib/libtraj_interfaces__rosidl_typesupport_fastrtps_c.so
[0.968s] -- Up-to-date: /home/tofstudent/sa_zhao/install/traj_interfaces/include/traj_interfaces
[0.969s] -- Up-to-date: /home/tofstudent/sa_zhao/install/traj_interfaces/include/traj_interfaces/msg
[0.969s] -- Up-to-date: /home/tofstudent/sa_zhao/install/traj_interfaces/include/traj_interfaces/msg/rosidl_typesupport_fastrtps_cpp__visibility_control.h
[0.969s] -- Up-to-date: /home/tofstudent/sa_zhao/install/traj_interfaces/include/traj_interfaces/msg/detail
[0.969s] -- Up-to-date: /home/tofstudent/sa_zhao/install/traj_interfaces/include/traj_interfaces/msg/detail/traj_param__rosidl_typesupport_fastrtps_cpp.hpp
[0.969s] -- Up-to-date: /home/tofstudent/sa_zhao/install/traj_interfaces/include/traj_interfaces/msg/detail/dds_fastrtps
[0.969s] -- Up-to-date: /home/tofstudent/sa_zhao/install/traj_interfaces/include/traj_interfaces/msg/detail/state_machine__rosidl_typesupport_fastrtps_cpp.hpp
[0.969s] -- Up-to-date: /home/tofstudent/sa_zhao/install/traj_interfaces/lib/libtraj_interfaces__rosidl_typesupport_fastrtps_cpp.so
[0.969s] -- Up-to-date: /home/tofstudent/sa_zhao/install/traj_interfaces/include/traj_interfaces
[0.969s] -- Up-to-date: /home/tofstudent/sa_zhao/install/traj_interfaces/include/traj_interfaces/msg
[0.970s] -- Up-to-date: /home/tofstudent/sa_zhao/install/traj_interfaces/include/traj_interfaces/msg/detail
[0.970s] -- Up-to-date: /home/tofstudent/sa_zhao/install/traj_interfaces/include/traj_interfaces/msg/detail/traj_param__type_support.c
[0.970s] -- Up-to-date: /home/tofstudent/sa_zhao/install/traj_interfaces/include/traj_interfaces/msg/detail/state_machine__type_support.c
[0.970s] -- Up-to-date: /home/tofstudent/sa_zhao/install/traj_interfaces/include/traj_interfaces/msg/detail/state_machine__rosidl_typesupport_introspection_c.h
[0.970s] -- Up-to-date: /home/tofstudent/sa_zhao/install/traj_interfaces/include/traj_interfaces/msg/detail/traj_param__rosidl_typesupport_introspection_c.h
[0.970s] -- Up-to-date: /home/tofstudent/sa_zhao/install/traj_interfaces/include/traj_interfaces/msg/rosidl_typesupport_introspection_c__visibility_control.h
[0.970s] -- Up-to-date: /home/tofstudent/sa_zhao/install/traj_interfaces/lib/libtraj_interfaces__rosidl_typesupport_introspection_c.so
[0.970s] -- Up-to-date: /home/tofstudent/sa_zhao/install/traj_interfaces/lib/libtraj_interfaces__rosidl_typesupport_c.so
[0.970s] -- Up-to-date: /home/tofstudent/sa_zhao/install/traj_interfaces/include/traj_interfaces
[0.971s] -- Up-to-date: /home/tofstudent/sa_zhao/install/traj_interfaces/include/traj_interfaces/msg
[0.971s] -- Up-to-date: /home/tofstudent/sa_zhao/install/traj_interfaces/include/traj_interfaces/msg/traj_param.hpp
[0.971s] -- Up-to-date: /home/tofstudent/sa_zhao/install/traj_interfaces/include/traj_interfaces/msg/detail
[0.971s] -- Up-to-date: /home/tofstudent/sa_zhao/install/traj_interfaces/include/traj_interfaces/msg/detail/state_machine__traits.hpp
[0.971s] -- Up-to-date: /home/tofstudent/sa_zhao/install/traj_interfaces/include/traj_interfaces/msg/detail/state_machine__builder.hpp
[0.971s] -- Up-to-date: /home/tofstudent/sa_zhao/install/traj_interfaces/include/traj_interfaces/msg/detail/state_machine__struct.hpp
[0.971s] -- Up-to-date: /home/tofstudent/sa_zhao/install/traj_interfaces/include/traj_interfaces/msg/detail/traj_param__struct.hpp
[0.971s] -- Up-to-date: /home/tofstudent/sa_zhao/install/traj_interfaces/include/traj_interfaces/msg/detail/traj_param__traits.hpp
[0.971s] -- Up-to-date: /home/tofstudent/sa_zhao/install/traj_interfaces/include/traj_interfaces/msg/detail/traj_param__builder.hpp
[0.972s] -- Up-to-date: /home/tofstudent/sa_zhao/install/traj_interfaces/include/traj_interfaces/msg/state_machine.hpp
[0.972s] -- Up-to-date: /home/tofstudent/sa_zhao/install/traj_interfaces/include/traj_interfaces
[0.972s] -- Up-to-date: /home/tofstudent/sa_zhao/install/traj_interfaces/include/traj_interfaces/msg
[0.972s] -- Up-to-date: /home/tofstudent/sa_zhao/install/traj_interfaces/include/traj_interfaces/msg/detail
[0.972s] -- Up-to-date: /home/tofstudent/sa_zhao/install/traj_interfaces/include/traj_interfaces/msg/detail/traj_param__rosidl_typesupport_introspection_cpp.hpp
[0.972s] -- Up-to-date: /home/tofstudent/sa_zhao/install/traj_interfaces/include/traj_interfaces/msg/detail/traj_param__type_support.cpp
[0.972s] -- Up-to-date: /home/tofstudent/sa_zhao/install/traj_interfaces/include/traj_interfaces/msg/detail/state_machine__rosidl_typesupport_introspection_cpp.hpp
[0.972s] -- Up-to-date: /home/tofstudent/sa_zhao/install/traj_interfaces/include/traj_interfaces/msg/detail/state_machine__type_support.cpp
[0.972s] -- Up-to-date: /home/tofstudent/sa_zhao/install/traj_interfaces/lib/libtraj_interfaces__rosidl_typesupport_introspection_cpp.so
[0.973s] -- Up-to-date: /home/tofstudent/sa_zhao/install/traj_interfaces/lib/libtraj_interfaces__rosidl_typesupport_cpp.so
[0.973s] -- Up-to-date: /home/tofstudent/sa_zhao/install/traj_interfaces/share/traj_interfaces/environment/pythonpath.sh
[0.973s] -- Up-to-date: /home/tofstudent/sa_zhao/install/traj_interfaces/share/traj_interfaces/environment/pythonpath.dsv
[0.973s] -- Up-to-date: /home/tofstudent/sa_zhao/install/traj_interfaces/lib/python3.8/site-packages/traj_interfaces/__init__.py
[1.013s] -- Up-to-date: /home/tofstudent/sa_zhao/install/traj_interfaces/lib/python3.8/site-packages/traj_interfaces/msg
[1.013s] -- Up-to-date: /home/tofstudent/sa_zhao/install/traj_interfaces/lib/python3.8/site-packages/traj_interfaces/msg/_traj_param.py
[1.013s] -- Up-to-date: /home/tofstudent/sa_zhao/install/traj_interfaces/lib/python3.8/site-packages/traj_interfaces/msg/_state_machine.py
[1.013s] -- Up-to-date: /home/tofstudent/sa_zhao/install/traj_interfaces/lib/python3.8/site-packages/traj_interfaces/msg/_state_machine_s.c
[1.013s] -- Up-to-date: /home/tofstudent/sa_zhao/install/traj_interfaces/lib/python3.8/site-packages/traj_interfaces/msg/_traj_param_s.c
[1.014s] -- Up-to-date: /home/tofstudent/sa_zhao/install/traj_interfaces/lib/python3.8/site-packages/traj_interfaces/msg/__init__.py
[1.014s] -- Up-to-date: /home/tofstudent/sa_zhao/install/traj_interfaces/lib/python3.8/site-packages/traj_interfaces/traj_interfaces_s__rosidl_typesupport_fastrtps_c.cpython-38-x86_64-linux-gnu.so
[1.014s] -- Up-to-date: /home/tofstudent/sa_zhao/install/traj_interfaces/lib/python3.8/site-packages/traj_interfaces/traj_interfaces_s__rosidl_typesupport_introspection_c.cpython-38-x86_64-linux-gnu.so
[1.014s] -- Up-to-date: /home/tofstudent/sa_zhao/install/traj_interfaces/lib/python3.8/site-packages/traj_interfaces/traj_interfaces_s__rosidl_typesupport_c.cpython-38-x86_64-linux-gnu.so
[1.014s] -- Up-to-date: /home/tofstudent/sa_zhao/install/traj_interfaces/lib/libtraj_interfaces__python.so
[1.014s] -- Up-to-date: /home/tofstudent/sa_zhao/install/traj_interfaces/share/traj_interfaces/msg/TrajParam.idl
[1.014s] -- Up-to-date: /home/tofstudent/sa_zhao/install/traj_interfaces/share/traj_interfaces/msg/StateMachine.idl
[1.015s] -- Up-to-date: /home/tofstudent/sa_zhao/install/traj_interfaces/share/traj_interfaces/msg/TrajParam.msg
[1.020s] -- Up-to-date: /home/tofstudent/sa_zhao/install/traj_interfaces/share/traj_interfaces/msg/StateMachine.msg
[1.020s] -- Up-to-date: /home/tofstudent/sa_zhao/install/traj_interfaces/share/ament_index/resource_index/package_run_dependencies/traj_interfaces
[1.020s] -- Up-to-date: /home/tofstudent/sa_zhao/install/traj_interfaces/share/ament_index/resource_index/parent_prefix_path/traj_interfaces
[1.020s] -- Up-to-date: /home/tofstudent/sa_zhao/install/traj_interfaces/share/traj_interfaces/environment/ament_prefix_path.sh
[1.020s] -- Up-to-date: /home/tofstudent/sa_zhao/install/traj_interfaces/share/traj_interfaces/environment/ament_prefix_path.dsv
[1.021s] -- Up-to-date: /home/tofstudent/sa_zhao/install/traj_interfaces/share/traj_interfaces/environment/path.sh
[1.021s] -- Up-to-date: /home/tofstudent/sa_zhao/install/traj_interfaces/share/traj_interfaces/environment/path.dsv
[1.021s] -- Up-to-date: /home/tofstudent/sa_zhao/install/traj_interfaces/share/traj_interfaces/local_setup.bash
[1.021s] -- Up-to-date: /home/tofstudent/sa_zhao/install/traj_interfaces/share/traj_interfaces/local_setup.sh
[1.021s] -- Up-to-date: /home/tofstudent/sa_zhao/install/traj_interfaces/share/traj_interfaces/local_setup.zsh
[1.021s] -- Up-to-date: /home/tofstudent/sa_zhao/install/traj_interfaces/share/traj_interfaces/local_setup.dsv
[1.021s] -- Installing: /home/tofstudent/sa_zhao/install/traj_interfaces/share/traj_interfaces/package.dsv
[1.022s] -- Up-to-date: /home/tofstudent/sa_zhao/install/traj_interfaces/share/ament_index/resource_index/packages/traj_interfaces
[1.022s] -- Up-to-date: /home/tofstudent/sa_zhao/install/traj_interfaces/share/traj_interfaces/cmake/traj_interfaces__rosidl_generator_cExport.cmake
[1.022s] -- Up-to-date: /home/tofstudent/sa_zhao/install/traj_interfaces/share/traj_interfaces/cmake/traj_interfaces__rosidl_generator_cExport-noconfig.cmake
[1.022s] -- Up-to-date: /home/tofstudent/sa_zhao/install/traj_interfaces/share/traj_interfaces/cmake/traj_interfaces__rosidl_typesupport_introspection_cExport.cmake
[1.022s] -- Up-to-date: /home/tofstudent/sa_zhao/install/traj_interfaces/share/traj_interfaces/cmake/traj_interfaces__rosidl_typesupport_introspection_cExport-noconfig.cmake
[1.022s] -- Up-to-date: /home/tofstudent/sa_zhao/install/traj_interfaces/share/traj_interfaces/cmake/traj_interfaces__rosidl_typesupport_cExport.cmake
[1.022s] -- Up-to-date: /home/tofstudent/sa_zhao/install/traj_interfaces/share/traj_interfaces/cmake/traj_interfaces__rosidl_typesupport_cExport-noconfig.cmake
[1.022s] -- Up-to-date: /home/tofstudent/sa_zhao/install/traj_interfaces/share/traj_interfaces/cmake/traj_interfaces__rosidl_generator_cppExport.cmake
[1.023s] -- Up-to-date: /home/tofstudent/sa_zhao/install/traj_interfaces/share/traj_interfaces/cmake/traj_interfaces__rosidl_typesupport_introspection_cppExport.cmake
[1.023s] -- Up-to-date: /home/tofstudent/sa_zhao/install/traj_interfaces/share/traj_interfaces/cmake/traj_interfaces__rosidl_typesupport_introspection_cppExport-noconfig.cmake
[1.023s] -- Up-to-date: /home/tofstudent/sa_zhao/install/traj_interfaces/share/traj_interfaces/cmake/traj_interfaces__rosidl_typesupport_cppExport.cmake
[1.023s] -- Up-to-date: /home/tofstudent/sa_zhao/install/traj_interfaces/share/traj_interfaces/cmake/traj_interfaces__rosidl_typesupport_cppExport-noconfig.cmake
[1.023s] -- Up-to-date: /home/tofstudent/sa_zhao/install/traj_interfaces/share/traj_interfaces/cmake/rosidl_cmake-extras.cmake
[1.023s] -- Up-to-date: /home/tofstudent/sa_zhao/install/traj_interfaces/share/traj_interfaces/cmake/ament_cmake_export_dependencies-extras.cmake
[1.023s] -- Up-to-date: /home/tofstudent/sa_zhao/install/traj_interfaces/share/traj_interfaces/cmake/ament_cmake_export_libraries-extras.cmake
[1.023s] -- Up-to-date: /home/tofstudent/sa_zhao/install/traj_interfaces/share/traj_interfaces/cmake/ament_cmake_export_targets-extras.cmake
[1.024s] -- Up-to-date: /home/tofstudent/sa_zhao/install/traj_interfaces/share/traj_interfaces/cmake/ament_cmake_export_include_directories-extras.cmake
[1.024s] -- Up-to-date: /home/tofstudent/sa_zhao/install/traj_interfaces/share/traj_interfaces/cmake/rosidl_cmake_export_typesupport_libraries-extras.cmake
[1.024s] -- Up-to-date: /home/tofstudent/sa_zhao/install/traj_interfaces/share/traj_interfaces/cmake/rosidl_cmake_export_typesupport_targets-extras.cmake
[1.024s] -- Up-to-date: /home/tofstudent/sa_zhao/install/traj_interfaces/share/traj_interfaces/cmake/traj_interfacesConfig.cmake
[1.024s] -- Up-to-date: /home/tofstudent/sa_zhao/install/traj_interfaces/share/traj_interfaces/cmake/traj_interfacesConfig-version.cmake
[1.024s] -- Up-to-date: /home/tofstudent/sa_zhao/install/traj_interfaces/share/traj_interfaces/package.xml
[1.059s] Invoked command in '/home/tofstudent/sa_zhao/build/traj_interfaces' returned '0': CMAKE_PREFIX_PATH=/opt/ros/foxy /usr/bin/cmake --install /home/tofstudent/sa_zhao/build/traj_interfaces
