[0.364s] Invoking command in '/home/tofstudent/sa_zhao/build/autoware_auto_control_msgs': CMAKE_PREFIX_PATH=/opt/ros/foxy /usr/bin/cmake --build /home/tofstudent/sa_zhao/build/autoware_auto_control_msgs -- -j8 -l8
[0.869s] [  3%] Built target autoware_auto_control_msgs__cpp
[0.869s] [ 19%] Built target autoware_auto_control_msgs__rosidl_typesupport_cpp
[0.869s] [ 22%] Built target autoware_auto_control_msgs__rosidl_generator_c
[0.869s] [ 32%] Built target autoware_auto_control_msgs__rosidl_typesupport_introspection_cpp
[0.869s] [ 41%] Built target autoware_auto_control_msgs__rosidl_typesupport_fastrtps_cpp
[0.869s] [ 51%] Built target autoware_auto_control_msgs__rosidl_typesupport_c
[0.870s] [ 61%] Built target autoware_auto_control_msgs__rosidl_typesupport_introspection_c
[0.870s] [ 70%] Built target autoware_auto_control_msgs__rosidl_typesupport_fastrtps_c
[0.870s] [ 70%] Built target autoware_auto_control_msgs
[0.870s] [ 74%] Built target autoware_auto_control_msgs__py
[0.870s] [ 80%] Built target autoware_auto_control_msgs__python
[0.870s] [ 87%] Built target autoware_auto_control_msgs__rosidl_typesupport_introspection_c__pyext
[0.870s] [ 93%] Built target autoware_auto_control_msgs__rosidl_typesupport_c__pyext
[0.870s] [100%] Built target autoware_auto_control_msgs__rosidl_typesupport_fastrtps_c__pyext
[0.873s] Invoked command in '/home/tofstudent/sa_zhao/build/autoware_auto_control_msgs' returned '0': CMAKE_PREFIX_PATH=/opt/ros/foxy /usr/bin/cmake --build /home/tofstudent/sa_zhao/build/autoware_auto_control_msgs -- -j8 -l8
[1.006s] Invoking command in '/home/tofstudent/sa_zhao/build/autoware_auto_control_msgs': CMAKE_PREFIX_PATH=/opt/ros/foxy /usr/bin/cmake --install /home/tofstudent/sa_zhao/build/autoware_auto_control_msgs
[1.022s] -- Install configuration: ""
[1.022s] -- Up-to-date: /home/tofstudent/sa_zhao/install/autoware_auto_control_msgs/share/ament_index/resource_index/rosidl_interfaces/autoware_auto_control_msgs
[1.022s] -- Up-to-date: /home/tofstudent/sa_zhao/install/autoware_auto_control_msgs/include/autoware_auto_control_msgs
[1.022s] -- Up-to-date: /home/tofstudent/sa_zhao/install/autoware_auto_control_msgs/include/autoware_auto_control_msgs/msg
[1.022s] -- Up-to-date: /home/tofstudent/sa_zhao/install/autoware_auto_control_msgs/include/autoware_auto_control_msgs/msg/ackermann_lateral_command.h
[1.023s] -- Up-to-date: /home/tofstudent/sa_zhao/install/autoware_auto_control_msgs/include/autoware_auto_control_msgs/msg/detail
[1.023s] -- Up-to-date: /home/tofstudent/sa_zhao/install/autoware_auto_control_msgs/include/autoware_auto_control_msgs/msg/detail/ackermann_lateral_command__functions.c
[1.023s] -- Up-to-date: /home/tofstudent/sa_zhao/install/autoware_auto_control_msgs/include/autoware_auto_control_msgs/msg/detail/ackermann_lateral_command__functions.h
[1.023s] -- Up-to-date: /home/tofstudent/sa_zhao/install/autoware_auto_control_msgs/include/autoware_auto_control_msgs/msg/detail/ackermann_lateral_command__struct.h
[1.023s] -- Up-to-date: /home/tofstudent/sa_zhao/install/autoware_auto_control_msgs/include/autoware_auto_control_msgs/msg/detail/ackermann_lateral_command__type_support.h
[1.023s] -- Up-to-date: /home/tofstudent/sa_zhao/install/autoware_auto_control_msgs/include/autoware_auto_control_msgs/msg/rosidl_generator_c__visibility_control.h
[1.023s] -- Up-to-date: /home/tofstudent/sa_zhao/install/autoware_auto_control_msgs/share/autoware_auto_control_msgs/environment/library_path.sh
[1.023s] -- Up-to-date: /home/tofstudent/sa_zhao/install/autoware_auto_control_msgs/share/autoware_auto_control_msgs/environment/library_path.dsv
[1.024s] -- Up-to-date: /home/tofstudent/sa_zhao/install/autoware_auto_control_msgs/lib/libautoware_auto_control_msgs__rosidl_generator_c.so
[1.024s] -- Up-to-date: /home/tofstudent/sa_zhao/install/autoware_auto_control_msgs/include/autoware_auto_control_msgs
[1.024s] -- Up-to-date: /home/tofstudent/sa_zhao/install/autoware_auto_control_msgs/include/autoware_auto_control_msgs/msg
[1.024s] -- Up-to-date: /home/tofstudent/sa_zhao/install/autoware_auto_control_msgs/include/autoware_auto_control_msgs/msg/rosidl_typesupport_fastrtps_c__visibility_control.h
[1.024s] -- Up-to-date: /home/tofstudent/sa_zhao/install/autoware_auto_control_msgs/include/autoware_auto_control_msgs/msg/detail
[1.024s] -- Up-to-date: /home/tofstudent/sa_zhao/install/autoware_auto_control_msgs/include/autoware_auto_control_msgs/msg/detail/ackermann_lateral_command__rosidl_typesupport_fastrtps_c.h
[1.024s] -- Up-to-date: /home/tofstudent/sa_zhao/install/autoware_auto_control_msgs/lib/libautoware_auto_control_msgs__rosidl_typesupport_fastrtps_c.so
[1.025s] -- Up-to-date: /home/tofstudent/sa_zhao/install/autoware_auto_control_msgs/include/autoware_auto_control_msgs
[1.025s] -- Up-to-date: /home/tofstudent/sa_zhao/install/autoware_auto_control_msgs/include/autoware_auto_control_msgs/msg
[1.025s] -- Up-to-date: /home/tofstudent/sa_zhao/install/autoware_auto_control_msgs/include/autoware_auto_control_msgs/msg/rosidl_typesupport_fastrtps_cpp__visibility_control.h
[1.025s] -- Up-to-date: /home/tofstudent/sa_zhao/install/autoware_auto_control_msgs/include/autoware_auto_control_msgs/msg/detail
[1.026s] -- Up-to-date: /home/tofstudent/sa_zhao/install/autoware_auto_control_msgs/include/autoware_auto_control_msgs/msg/detail/ackermann_lateral_command__rosidl_typesupport_fastrtps_cpp.hpp
[1.026s] -- Up-to-date: /home/tofstudent/sa_zhao/install/autoware_auto_control_msgs/include/autoware_auto_control_msgs/msg/detail/dds_fastrtps
[1.026s] -- Up-to-date: /home/tofstudent/sa_zhao/install/autoware_auto_control_msgs/lib/libautoware_auto_control_msgs__rosidl_typesupport_fastrtps_cpp.so
[1.027s] -- Up-to-date: /home/tofstudent/sa_zhao/install/autoware_auto_control_msgs/include/autoware_auto_control_msgs
[1.027s] -- Up-to-date: /home/tofstudent/sa_zhao/install/autoware_auto_control_msgs/include/autoware_auto_control_msgs/msg
[1.027s] -- Up-to-date: /home/tofstudent/sa_zhao/install/autoware_auto_control_msgs/include/autoware_auto_control_msgs/msg/detail
[1.027s] -- Up-to-date: /home/tofstudent/sa_zhao/install/autoware_auto_control_msgs/include/autoware_auto_control_msgs/msg/detail/ackermann_lateral_command__type_support.c
[1.027s] -- Up-to-date: /home/tofstudent/sa_zhao/install/autoware_auto_control_msgs/include/autoware_auto_control_msgs/msg/detail/ackermann_lateral_command__rosidl_typesupport_introspection_c.h
[1.028s] -- Up-to-date: /home/tofstudent/sa_zhao/install/autoware_auto_control_msgs/include/autoware_auto_control_msgs/msg/rosidl_typesupport_introspection_c__visibility_control.h
[1.028s] -- Up-to-date: /home/tofstudent/sa_zhao/install/autoware_auto_control_msgs/lib/libautoware_auto_control_msgs__rosidl_typesupport_introspection_c.so
[1.028s] -- Up-to-date: /home/tofstudent/sa_zhao/install/autoware_auto_control_msgs/lib/libautoware_auto_control_msgs__rosidl_typesupport_c.so
[1.029s] -- Up-to-date: /home/tofstudent/sa_zhao/install/autoware_auto_control_msgs/include/autoware_auto_control_msgs
[1.029s] -- Up-to-date: /home/tofstudent/sa_zhao/install/autoware_auto_control_msgs/include/autoware_auto_control_msgs/msg
[1.029s] -- Up-to-date: /home/tofstudent/sa_zhao/install/autoware_auto_control_msgs/include/autoware_auto_control_msgs/msg/detail
[1.029s] -- Up-to-date: /home/tofstudent/sa_zhao/install/autoware_auto_control_msgs/include/autoware_auto_control_msgs/msg/detail/ackermann_lateral_command__traits.hpp
[1.030s] -- Up-to-date: /home/tofstudent/sa_zhao/install/autoware_auto_control_msgs/include/autoware_auto_control_msgs/msg/detail/ackermann_lateral_command__builder.hpp
[1.030s] -- Up-to-date: /home/tofstudent/sa_zhao/install/autoware_auto_control_msgs/include/autoware_auto_control_msgs/msg/detail/ackermann_lateral_command__struct.hpp
[1.030s] -- Up-to-date: /home/tofstudent/sa_zhao/install/autoware_auto_control_msgs/include/autoware_auto_control_msgs/msg/ackermann_lateral_command.hpp
[1.030s] -- Up-to-date: /home/tofstudent/sa_zhao/install/autoware_auto_control_msgs/include/autoware_auto_control_msgs
[1.030s] -- Up-to-date: /home/tofstudent/sa_zhao/install/autoware_auto_control_msgs/include/autoware_auto_control_msgs/msg
[1.030s] -- Up-to-date: /home/tofstudent/sa_zhao/install/autoware_auto_control_msgs/include/autoware_auto_control_msgs/msg/detail
[1.030s] -- Up-to-date: /home/tofstudent/sa_zhao/install/autoware_auto_control_msgs/include/autoware_auto_control_msgs/msg/detail/ackermann_lateral_command__rosidl_typesupport_introspection_cpp.hpp
[1.031s] -- Up-to-date: /home/tofstudent/sa_zhao/install/autoware_auto_control_msgs/include/autoware_auto_control_msgs/msg/detail/ackermann_lateral_command__type_support.cpp
[1.031s] -- Up-to-date: /home/tofstudent/sa_zhao/install/autoware_auto_control_msgs/lib/libautoware_auto_control_msgs__rosidl_typesupport_introspection_cpp.so
[1.031s] -- Up-to-date: /home/tofstudent/sa_zhao/install/autoware_auto_control_msgs/lib/libautoware_auto_control_msgs__rosidl_typesupport_cpp.so
[1.031s] -- Up-to-date: /home/tofstudent/sa_zhao/install/autoware_auto_control_msgs/share/autoware_auto_control_msgs/environment/pythonpath.sh
[1.032s] -- Up-to-date: /home/tofstudent/sa_zhao/install/autoware_auto_control_msgs/share/autoware_auto_control_msgs/environment/pythonpath.dsv
[1.032s] -- Up-to-date: /home/tofstudent/sa_zhao/install/autoware_auto_control_msgs/lib/python3.8/site-packages/autoware_auto_control_msgs/__init__.py
[1.097s] -- Up-to-date: /home/tofstudent/sa_zhao/install/autoware_auto_control_msgs/lib/python3.8/site-packages/autoware_auto_control_msgs/msg
[1.097s] -- Up-to-date: /home/tofstudent/sa_zhao/install/autoware_auto_control_msgs/lib/python3.8/site-packages/autoware_auto_control_msgs/msg/_ackermann_lateral_command.py
[1.097s] -- Up-to-date: /home/tofstudent/sa_zhao/install/autoware_auto_control_msgs/lib/python3.8/site-packages/autoware_auto_control_msgs/msg/_ackermann_lateral_command_s.c
[1.098s] -- Up-to-date: /home/tofstudent/sa_zhao/install/autoware_auto_control_msgs/lib/python3.8/site-packages/autoware_auto_control_msgs/msg/__init__.py
[1.098s] -- Up-to-date: /home/tofstudent/sa_zhao/install/autoware_auto_control_msgs/lib/python3.8/site-packages/autoware_auto_control_msgs/autoware_auto_control_msgs_s__rosidl_typesupport_fastrtps_c.cpython-38-x86_64-linux-gnu.so
[1.098s] -- Up-to-date: /home/tofstudent/sa_zhao/install/autoware_auto_control_msgs/lib/python3.8/site-packages/autoware_auto_control_msgs/autoware_auto_control_msgs_s__rosidl_typesupport_introspection_c.cpython-38-x86_64-linux-gnu.so
[1.098s] -- Up-to-date: /home/tofstudent/sa_zhao/install/autoware_auto_control_msgs/lib/python3.8/site-packages/autoware_auto_control_msgs/autoware_auto_control_msgs_s__rosidl_typesupport_c.cpython-38-x86_64-linux-gnu.so
[1.098s] -- Up-to-date: /home/tofstudent/sa_zhao/install/autoware_auto_control_msgs/lib/libautoware_auto_control_msgs__python.so
[1.098s] -- Up-to-date: /home/tofstudent/sa_zhao/install/autoware_auto_control_msgs/share/autoware_auto_control_msgs/msg/AckermannLateralCommand.idl
[1.098s] -- Up-to-date: /home/tofstudent/sa_zhao/install/autoware_auto_control_msgs/share/ament_index/resource_index/package_run_dependencies/autoware_auto_control_msgs
[1.099s] -- Up-to-date: /home/tofstudent/sa_zhao/install/autoware_auto_control_msgs/share/ament_index/resource_index/parent_prefix_path/autoware_auto_control_msgs
[1.099s] -- Up-to-date: /home/tofstudent/sa_zhao/install/autoware_auto_control_msgs/share/autoware_auto_control_msgs/environment/ament_prefix_path.sh
[1.099s] -- Up-to-date: /home/tofstudent/sa_zhao/install/autoware_auto_control_msgs/share/autoware_auto_control_msgs/environment/ament_prefix_path.dsv
[1.099s] -- Up-to-date: /home/tofstudent/sa_zhao/install/autoware_auto_control_msgs/share/autoware_auto_control_msgs/environment/path.sh
[1.099s] -- Up-to-date: /home/tofstudent/sa_zhao/install/autoware_auto_control_msgs/share/autoware_auto_control_msgs/environment/path.dsv
[1.099s] -- Up-to-date: /home/tofstudent/sa_zhao/install/autoware_auto_control_msgs/share/autoware_auto_control_msgs/local_setup.bash
[1.099s] -- Up-to-date: /home/tofstudent/sa_zhao/install/autoware_auto_control_msgs/share/autoware_auto_control_msgs/local_setup.sh
[1.100s] -- Up-to-date: /home/tofstudent/sa_zhao/install/autoware_auto_control_msgs/share/autoware_auto_control_msgs/local_setup.zsh
[1.100s] -- Up-to-date: /home/tofstudent/sa_zhao/install/autoware_auto_control_msgs/share/autoware_auto_control_msgs/local_setup.dsv
[1.100s] -- Installing: /home/tofstudent/sa_zhao/install/autoware_auto_control_msgs/share/autoware_auto_control_msgs/package.dsv
[1.100s] -- Up-to-date: /home/tofstudent/sa_zhao/install/autoware_auto_control_msgs/share/ament_index/resource_index/packages/autoware_auto_control_msgs
[1.100s] -- Up-to-date: /home/tofstudent/sa_zhao/install/autoware_auto_control_msgs/share/autoware_auto_control_msgs/cmake/autoware_auto_control_msgs__rosidl_generator_cExport.cmake
[1.100s] -- Up-to-date: /home/tofstudent/sa_zhao/install/autoware_auto_control_msgs/share/autoware_auto_control_msgs/cmake/autoware_auto_control_msgs__rosidl_generator_cExport-noconfig.cmake
[1.100s] -- Up-to-date: /home/tofstudent/sa_zhao/install/autoware_auto_control_msgs/share/autoware_auto_control_msgs/cmake/autoware_auto_control_msgs__rosidl_typesupport_introspection_cExport.cmake
[1.101s] -- Up-to-date: /home/tofstudent/sa_zhao/install/autoware_auto_control_msgs/share/autoware_auto_control_msgs/cmake/autoware_auto_control_msgs__rosidl_typesupport_introspection_cExport-noconfig.cmake
[1.101s] -- Up-to-date: /home/tofstudent/sa_zhao/install/autoware_auto_control_msgs/share/autoware_auto_control_msgs/cmake/autoware_auto_control_msgs__rosidl_typesupport_cExport.cmake
[1.101s] -- Up-to-date: /home/tofstudent/sa_zhao/install/autoware_auto_control_msgs/share/autoware_auto_control_msgs/cmake/autoware_auto_control_msgs__rosidl_typesupport_cExport-noconfig.cmake
[1.101s] -- Up-to-date: /home/tofstudent/sa_zhao/install/autoware_auto_control_msgs/share/autoware_auto_control_msgs/cmake/autoware_auto_control_msgs__rosidl_generator_cppExport.cmake
[1.101s] -- Up-to-date: /home/tofstudent/sa_zhao/install/autoware_auto_control_msgs/share/autoware_auto_control_msgs/cmake/autoware_auto_control_msgs__rosidl_typesupport_introspection_cppExport.cmake
[1.101s] -- Up-to-date: /home/tofstudent/sa_zhao/install/autoware_auto_control_msgs/share/autoware_auto_control_msgs/cmake/autoware_auto_control_msgs__rosidl_typesupport_introspection_cppExport-noconfig.cmake
[1.101s] -- Up-to-date: /home/tofstudent/sa_zhao/install/autoware_auto_control_msgs/share/autoware_auto_control_msgs/cmake/autoware_auto_control_msgs__rosidl_typesupport_cppExport.cmake
[1.102s] -- Up-to-date: /home/tofstudent/sa_zhao/install/autoware_auto_control_msgs/share/autoware_auto_control_msgs/cmake/autoware_auto_control_msgs__rosidl_typesupport_cppExport-noconfig.cmake
[1.102s] -- Up-to-date: /home/tofstudent/sa_zhao/install/autoware_auto_control_msgs/share/autoware_auto_control_msgs/cmake/rosidl_cmake-extras.cmake
[1.102s] -- Up-to-date: /home/tofstudent/sa_zhao/install/autoware_auto_control_msgs/share/autoware_auto_control_msgs/cmake/ament_cmake_export_dependencies-extras.cmake
[1.102s] -- Up-to-date: /home/tofstudent/sa_zhao/install/autoware_auto_control_msgs/share/autoware_auto_control_msgs/cmake/ament_cmake_export_libraries-extras.cmake
[1.102s] -- Up-to-date: /home/tofstudent/sa_zhao/install/autoware_auto_control_msgs/share/autoware_auto_control_msgs/cmake/ament_cmake_export_targets-extras.cmake
[1.102s] -- Up-to-date: /home/tofstudent/sa_zhao/install/autoware_auto_control_msgs/share/autoware_auto_control_msgs/cmake/ament_cmake_export_include_directories-extras.cmake
[1.102s] -- Up-to-date: /home/tofstudent/sa_zhao/install/autoware_auto_control_msgs/share/autoware_auto_control_msgs/cmake/rosidl_cmake_export_typesupport_libraries-extras.cmake
[1.103s] -- Up-to-date: /home/tofstudent/sa_zhao/install/autoware_auto_control_msgs/share/autoware_auto_control_msgs/cmake/rosidl_cmake_export_typesupport_targets-extras.cmake
[1.103s] -- Up-to-date: /home/tofstudent/sa_zhao/install/autoware_auto_control_msgs/share/autoware_auto_control_msgs/cmake/autoware_auto_control_msgsConfig.cmake
[1.103s] -- Up-to-date: /home/tofstudent/sa_zhao/install/autoware_auto_control_msgs/share/autoware_auto_control_msgs/cmake/autoware_auto_control_msgsConfig-version.cmake
[1.103s] -- Up-to-date: /home/tofstudent/sa_zhao/install/autoware_auto_control_msgs/share/autoware_auto_control_msgs/package.xml
[1.118s] Invoked command in '/home/tofstudent/sa_zhao/build/autoware_auto_control_msgs' returned '0': CMAKE_PREFIX_PATH=/opt/ros/foxy /usr/bin/cmake --install /home/tofstudent/sa_zhao/build/autoware_auto_control_msgs
