[0.130s] Invoking command in '/home/tofstudent/sa_zhao/build/carla_msgs': CMAKE_PREFIX_PATH=/opt/ros/foxy /usr/bin/cmake --build /home/tofstudent/sa_zhao/build/carla_msgs -- -j8 -l8
[0.423s] [  0%] Built target carla_msgs__cpp
[0.423s] [ 12%] Built target carla_msgs__rosidl_generator_c
[0.423s] [ 24%] Built target carla_msgs__rosidl_typesupport_cpp
[0.423s] [ 36%] Built target carla_msgs__rosidl_typesupport_c
[0.423s] [ 49%] Built target carla_msgs__rosidl_typesupport_introspection_cpp
[0.423s] [ 61%] Built target carla_msgs__rosidl_typesupport_introspection_c
[0.423s] [ 73%] Built target carla_msgs__rosidl_typesupport_fastrtps_cpp
[0.424s] [ 85%] Built target carla_msgs__rosidl_typesupport_fastrtps_c
[0.424s] [ 85%] Built target carla_msgs
[0.431s] [ 86%] Built target carla_msgs__py
[0.515s] [ 97%] Built target carla_msgs__python
[0.619s] [ 98%] Built target carla_msgs__rosidl_typesupport_fastrtps_c__pyext
[0.627s] [ 99%] Built target carla_msgs__rosidl_typesupport_c__pyext
[0.641s] [100%] Built target carla_msgs__rosidl_typesupport_introspection_c__pyext
[0.838s] Invoked command in '/home/tofstudent/sa_zhao/build/carla_msgs' returned '0': CMAKE_PREFIX_PATH=/opt/ros/foxy /usr/bin/cmake --build /home/tofstudent/sa_zhao/build/carla_msgs -- -j8 -l8
[1.649s] Invoking command in '/home/tofstudent/sa_zhao/build/carla_msgs': CMAKE_PREFIX_PATH=/opt/ros/foxy /usr/bin/cmake --install /home/tofstudent/sa_zhao/build/carla_msgs
[1.660s] -- Install configuration: ""
[1.660s] -- Up-to-date: /home/tofstudent/sa_zhao/install/carla_msgs/share/ament_index/resource_index/rosidl_interfaces/carla_msgs
[1.660s] -- Up-to-date: /home/tofstudent/sa_zhao/install/carla_msgs/include/carla_msgs
[1.660s] -- Up-to-date: /home/tofstudent/sa_zhao/install/carla_msgs/include/carla_msgs/srv
[1.660s] -- Up-to-date: /home/tofstudent/sa_zhao/install/carla_msgs/include/carla_msgs/srv/destroy_object.h
[1.661s] -- Up-to-date: /home/tofstudent/sa_zhao/install/carla_msgs/include/carla_msgs/srv/detail
[1.663s] -- Up-to-date: /home/tofstudent/sa_zhao/install/carla_msgs/include/carla_msgs/srv/detail/spawn_object__functions.h
[1.663s] -- Up-to-date: /home/tofstudent/sa_zhao/install/carla_msgs/include/carla_msgs/srv/detail/destroy_object__type_support.h
[1.663s] -- Up-to-date: /home/tofstudent/sa_zhao/install/carla_msgs/include/carla_msgs/srv/detail/get_blueprints__type_support.h
[1.664s] -- Up-to-date: /home/tofstudent/sa_zhao/install/carla_msgs/include/carla_msgs/srv/detail/get_blueprints__struct.h
[1.664s] -- Up-to-date: /home/tofstudent/sa_zhao/install/carla_msgs/include/carla_msgs/srv/detail/destroy_object__functions.h
[1.665s] -- Up-to-date: /home/tofstudent/sa_zhao/install/carla_msgs/include/carla_msgs/srv/detail/destroy_object__functions.c
[1.666s] -- Up-to-date: /home/tofstudent/sa_zhao/install/carla_msgs/include/carla_msgs/srv/detail/destroy_object__struct.h
[1.666s] -- Up-to-date: /home/tofstudent/sa_zhao/install/carla_msgs/include/carla_msgs/srv/detail/get_blueprints__functions.c
[1.667s] -- Up-to-date: /home/tofstudent/sa_zhao/install/carla_msgs/include/carla_msgs/srv/detail/spawn_object__struct.h
[1.667s] -- Up-to-date: /home/tofstudent/sa_zhao/install/carla_msgs/include/carla_msgs/srv/detail/spawn_object__functions.c
[1.667s] -- Up-to-date: /home/tofstudent/sa_zhao/install/carla_msgs/include/carla_msgs/srv/detail/get_blueprints__functions.h
[1.667s] -- Up-to-date: /home/tofstudent/sa_zhao/install/carla_msgs/include/carla_msgs/srv/detail/spawn_object__type_support.h
[1.667s] -- Up-to-date: /home/tofstudent/sa_zhao/install/carla_msgs/include/carla_msgs/srv/spawn_object.h
[1.668s] -- Up-to-date: /home/tofstudent/sa_zhao/install/carla_msgs/include/carla_msgs/srv/get_blueprints.h
[1.668s] -- Up-to-date: /home/tofstudent/sa_zhao/install/carla_msgs/include/carla_msgs/msg
[1.669s] -- Up-to-date: /home/tofstudent/sa_zhao/install/carla_msgs/include/carla_msgs/msg/carla_traffic_light_status_list.h
[1.669s] -- Up-to-date: /home/tofstudent/sa_zhao/install/carla_msgs/include/carla_msgs/msg/carla_traffic_light_info.h
[1.670s] -- Up-to-date: /home/tofstudent/sa_zhao/install/carla_msgs/include/carla_msgs/msg/carla_collision_event.h
[1.670s] -- Up-to-date: /home/tofstudent/sa_zhao/install/carla_msgs/include/carla_msgs/msg/carla_walker_control.h
[1.671s] -- Up-to-date: /home/tofstudent/sa_zhao/install/carla_msgs/include/carla_msgs/msg/carla_actor_list.h
[1.671s] -- Up-to-date: /home/tofstudent/sa_zhao/install/carla_msgs/include/carla_msgs/msg/carla_weather_parameters.h
[1.671s] -- Up-to-date: /home/tofstudent/sa_zhao/install/carla_msgs/include/carla_msgs/msg/carla_world_info.h
[1.672s] -- Up-to-date: /home/tofstudent/sa_zhao/install/carla_msgs/include/carla_msgs/msg/carla_ego_vehicle_info_wheel.h
[1.672s] -- Up-to-date: /home/tofstudent/sa_zhao/install/carla_msgs/include/carla_msgs/msg/carla_status.h
[1.672s] -- Up-to-date: /home/tofstudent/sa_zhao/install/carla_msgs/include/carla_msgs/msg/carla_ego_vehicle_control.h
[1.673s] -- Up-to-date: /home/tofstudent/sa_zhao/install/carla_msgs/include/carla_msgs/msg/detail
[1.673s] -- Up-to-date: /home/tofstudent/sa_zhao/install/carla_msgs/include/carla_msgs/msg/detail/carla_status__functions.h
[1.673s] -- Up-to-date: /home/tofstudent/sa_zhao/install/carla_msgs/include/carla_msgs/msg/detail/carla_ego_vehicle_info_wheel__functions.c
[1.673s] -- Up-to-date: /home/tofstudent/sa_zhao/install/carla_msgs/include/carla_msgs/msg/detail/carla_ego_vehicle_control__functions.h
[1.673s] -- Up-to-date: /home/tofstudent/sa_zhao/install/carla_msgs/include/carla_msgs/msg/detail/carla_lane_invasion_event__struct.h
[1.674s] -- Up-to-date: /home/tofstudent/sa_zhao/install/carla_msgs/include/carla_msgs/msg/detail/carla_world_info__struct.h
[1.674s] -- Up-to-date: /home/tofstudent/sa_zhao/install/carla_msgs/include/carla_msgs/msg/detail/carla_walker_control__functions.h
[1.674s] -- Up-to-date: /home/tofstudent/sa_zhao/install/carla_msgs/include/carla_msgs/msg/detail/carla_ego_vehicle_info_wheel__type_support.h
[1.674s] -- Up-to-date: /home/tofstudent/sa_zhao/install/carla_msgs/include/carla_msgs/msg/detail/carla_control__functions.h
[1.674s] -- Up-to-date: /home/tofstudent/sa_zhao/install/carla_msgs/include/carla_msgs/msg/detail/carla_traffic_light_status__functions.h
[1.675s] -- Up-to-date: /home/tofstudent/sa_zhao/install/carla_msgs/include/carla_msgs/msg/detail/carla_actor_info__type_support.h
[1.675s] -- Up-to-date: /home/tofstudent/sa_zhao/install/carla_msgs/include/carla_msgs/msg/detail/carla_ego_vehicle_info__type_support.h
[1.675s] -- Up-to-date: /home/tofstudent/sa_zhao/install/carla_msgs/include/carla_msgs/msg/detail/carla_world_info__type_support.h
[1.675s] -- Up-to-date: /home/tofstudent/sa_zhao/install/carla_msgs/include/carla_msgs/msg/detail/carla_lane_invasion_event__functions.h
[1.675s] -- Up-to-date: /home/tofstudent/sa_zhao/install/carla_msgs/include/carla_msgs/msg/detail/carla_bounding_box__functions.h
[1.675s] -- Up-to-date: /home/tofstudent/sa_zhao/install/carla_msgs/include/carla_msgs/msg/detail/carla_actor_info__struct.h
[1.675s] -- Up-to-date: /home/tofstudent/sa_zhao/install/carla_msgs/include/carla_msgs/msg/detail/carla_weather_parameters__type_support.h
[1.676s] -- Up-to-date: /home/tofstudent/sa_zhao/install/carla_msgs/include/carla_msgs/msg/detail/carla_ego_vehicle_control__functions.c
[1.676s] -- Up-to-date: /home/tofstudent/sa_zhao/install/carla_msgs/include/carla_msgs/msg/detail/carla_actor_list__functions.h
[1.676s] -- Up-to-date: /home/tofstudent/sa_zhao/install/carla_msgs/include/carla_msgs/msg/detail/carla_ego_vehicle_status__functions.c
[1.676s] -- Up-to-date: /home/tofstudent/sa_zhao/install/carla_msgs/include/carla_msgs/msg/detail/carla_ego_vehicle_status__type_support.h
[1.676s] -- Up-to-date: /home/tofstudent/sa_zhao/install/carla_msgs/include/carla_msgs/msg/detail/carla_collision_event__struct.h
[1.676s] -- Up-to-date: /home/tofstudent/sa_zhao/install/carla_msgs/include/carla_msgs/msg/detail/carla_traffic_light_info_list__functions.c
[1.676s] -- Up-to-date: /home/tofstudent/sa_zhao/install/carla_msgs/include/carla_msgs/msg/detail/carla_actor_list__type_support.h
[1.676s] -- Up-to-date: /home/tofstudent/sa_zhao/install/carla_msgs/include/carla_msgs/msg/detail/carla_ego_vehicle_info_wheel__functions.h
[1.677s] -- Up-to-date: /home/tofstudent/sa_zhao/install/carla_msgs/include/carla_msgs/msg/detail/carla_actor_info__functions.c
[1.677s] -- Up-to-date: /home/tofstudent/sa_zhao/install/carla_msgs/include/carla_msgs/msg/detail/carla_bounding_box__type_support.h
[1.677s] -- Up-to-date: /home/tofstudent/sa_zhao/install/carla_msgs/include/carla_msgs/msg/detail/carla_traffic_light_info_list__type_support.h
[1.681s] -- Up-to-date: /home/tofstudent/sa_zhao/install/carla_msgs/include/carla_msgs/msg/detail/carla_walker_control__struct.h
[1.681s] -- Up-to-date: /home/tofstudent/sa_zhao/install/carla_msgs/include/carla_msgs/msg/detail/carla_collision_event__functions.c
[1.681s] -- Up-to-date: /home/tofstudent/sa_zhao/install/carla_msgs/include/carla_msgs/msg/detail/carla_weather_parameters__struct.h
[1.682s] -- Up-to-date: /home/tofstudent/sa_zhao/install/carla_msgs/include/carla_msgs/msg/detail/carla_ego_vehicle_status__struct.h
[1.682s] -- Up-to-date: /home/tofstudent/sa_zhao/install/carla_msgs/include/carla_msgs/msg/detail/carla_control__functions.c
[1.683s] -- Up-to-date: /home/tofstudent/sa_zhao/install/carla_msgs/include/carla_msgs/msg/detail/carla_traffic_light_info_list__functions.h
[1.683s] -- Up-to-date: /home/tofstudent/sa_zhao/install/carla_msgs/include/carla_msgs/msg/detail/carla_traffic_light_status__functions.c
[1.683s] -- Up-to-date: /home/tofstudent/sa_zhao/install/carla_msgs/include/carla_msgs/msg/detail/carla_ego_vehicle_control__type_support.h
[1.683s] -- Up-to-date: /home/tofstudent/sa_zhao/install/carla_msgs/include/carla_msgs/msg/detail/carla_status__functions.c
[1.683s] -- Up-to-date: /home/tofstudent/sa_zhao/install/carla_msgs/include/carla_msgs/msg/detail/carla_world_info__functions.h
[1.684s] -- Up-to-date: /home/tofstudent/sa_zhao/install/carla_msgs/include/carla_msgs/msg/detail/carla_ego_vehicle_control__struct.h
[1.684s] -- Up-to-date: /home/tofstudent/sa_zhao/install/carla_msgs/include/carla_msgs/msg/detail/carla_walker_control__functions.c
[1.684s] -- Up-to-date: /home/tofstudent/sa_zhao/install/carla_msgs/include/carla_msgs/msg/detail/carla_ego_vehicle_info__functions.c
[1.684s] -- Up-to-date: /home/tofstudent/sa_zhao/install/carla_msgs/include/carla_msgs/msg/detail/carla_traffic_light_status__type_support.h
[1.684s] -- Up-to-date: /home/tofstudent/sa_zhao/install/carla_msgs/include/carla_msgs/msg/detail/carla_bounding_box__functions.c
[1.684s] -- Up-to-date: /home/tofstudent/sa_zhao/install/carla_msgs/include/carla_msgs/msg/detail/carla_traffic_light_status__struct.h
[1.684s] -- Up-to-date: /home/tofstudent/sa_zhao/install/carla_msgs/include/carla_msgs/msg/detail/carla_actor_list__functions.c
[1.684s] -- Up-to-date: /home/tofstudent/sa_zhao/install/carla_msgs/include/carla_msgs/msg/detail/carla_control__struct.h
[1.684s] -- Up-to-date: /home/tofstudent/sa_zhao/install/carla_msgs/include/carla_msgs/msg/detail/carla_ego_vehicle_info__struct.h
[1.685s] -- Up-to-date: /home/tofstudent/sa_zhao/install/carla_msgs/include/carla_msgs/msg/detail/carla_ego_vehicle_info_wheel__struct.h
[1.685s] -- Up-to-date: /home/tofstudent/sa_zhao/install/carla_msgs/include/carla_msgs/msg/detail/carla_traffic_light_info_list__struct.h
[1.685s] -- Up-to-date: /home/tofstudent/sa_zhao/install/carla_msgs/include/carla_msgs/msg/detail/carla_collision_event__functions.h
[1.685s] -- Up-to-date: /home/tofstudent/sa_zhao/install/carla_msgs/include/carla_msgs/msg/detail/carla_bounding_box__struct.h
[1.685s] -- Up-to-date: /home/tofstudent/sa_zhao/install/carla_msgs/include/carla_msgs/msg/detail/carla_traffic_light_info__struct.h
[1.685s] -- Up-to-date: /home/tofstudent/sa_zhao/install/carla_msgs/include/carla_msgs/msg/detail/carla_control__type_support.h
[1.685s] -- Up-to-date: /home/tofstudent/sa_zhao/install/carla_msgs/include/carla_msgs/msg/detail/carla_lane_invasion_event__type_support.h
[1.685s] -- Up-to-date: /home/tofstudent/sa_zhao/install/carla_msgs/include/carla_msgs/msg/detail/carla_weather_parameters__functions.c
[1.686s] -- Up-to-date: /home/tofstudent/sa_zhao/install/carla_msgs/include/carla_msgs/msg/detail/carla_walker_control__type_support.h
[1.686s] -- Up-to-date: /home/tofstudent/sa_zhao/install/carla_msgs/include/carla_msgs/msg/detail/carla_traffic_light_status_list__functions.h
[1.686s] -- Up-to-date: /home/tofstudent/sa_zhao/install/carla_msgs/include/carla_msgs/msg/detail/carla_traffic_light_status_list__type_support.h
[1.686s] -- Up-to-date: /home/tofstudent/sa_zhao/install/carla_msgs/include/carla_msgs/msg/detail/carla_traffic_light_info__functions.c
[1.686s] -- Up-to-date: /home/tofstudent/sa_zhao/install/carla_msgs/include/carla_msgs/msg/detail/carla_collision_event__type_support.h
[1.686s] -- Up-to-date: /home/tofstudent/sa_zhao/install/carla_msgs/include/carla_msgs/msg/detail/carla_lane_invasion_event__functions.c
[1.686s] -- Up-to-date: /home/tofstudent/sa_zhao/install/carla_msgs/include/carla_msgs/msg/detail/carla_ego_vehicle_status__functions.h
[1.686s] -- Up-to-date: /home/tofstudent/sa_zhao/install/carla_msgs/include/carla_msgs/msg/detail/carla_ego_vehicle_info__functions.h
[1.687s] -- Up-to-date: /home/tofstudent/sa_zhao/install/carla_msgs/include/carla_msgs/msg/detail/carla_status__struct.h
[1.687s] -- Up-to-date: /home/tofstudent/sa_zhao/install/carla_msgs/include/carla_msgs/msg/detail/carla_weather_parameters__functions.h
[1.687s] -- Up-to-date: /home/tofstudent/sa_zhao/install/carla_msgs/include/carla_msgs/msg/detail/carla_traffic_light_info__type_support.h
[1.687s] -- Up-to-date: /home/tofstudent/sa_zhao/install/carla_msgs/include/carla_msgs/msg/detail/carla_traffic_light_status_list__struct.h
[1.687s] -- Up-to-date: /home/tofstudent/sa_zhao/install/carla_msgs/include/carla_msgs/msg/detail/carla_traffic_light_info__functions.h
[1.687s] -- Up-to-date: /home/tofstudent/sa_zhao/install/carla_msgs/include/carla_msgs/msg/detail/carla_world_info__functions.c
[1.687s] -- Up-to-date: /home/tofstudent/sa_zhao/install/carla_msgs/include/carla_msgs/msg/detail/carla_traffic_light_status_list__functions.c
[1.687s] -- Up-to-date: /home/tofstudent/sa_zhao/install/carla_msgs/include/carla_msgs/msg/detail/carla_actor_list__struct.h
[1.688s] -- Up-to-date: /home/tofstudent/sa_zhao/install/carla_msgs/include/carla_msgs/msg/detail/carla_actor_info__functions.h
[1.688s] -- Up-to-date: /home/tofstudent/sa_zhao/install/carla_msgs/include/carla_msgs/msg/detail/carla_status__type_support.h
[1.688s] -- Up-to-date: /home/tofstudent/sa_zhao/install/carla_msgs/include/carla_msgs/msg/carla_control.h
[1.688s] -- Up-to-date: /home/tofstudent/sa_zhao/install/carla_msgs/include/carla_msgs/msg/rosidl_generator_c__visibility_control.h
[1.688s] -- Up-to-date: /home/tofstudent/sa_zhao/install/carla_msgs/include/carla_msgs/msg/carla_lane_invasion_event.h
[1.688s] -- Up-to-date: /home/tofstudent/sa_zhao/install/carla_msgs/include/carla_msgs/msg/carla_traffic_light_status.h
[1.688s] -- Up-to-date: /home/tofstudent/sa_zhao/install/carla_msgs/include/carla_msgs/msg/carla_bounding_box.h
[1.688s] -- Up-to-date: /home/tofstudent/sa_zhao/install/carla_msgs/include/carla_msgs/msg/carla_ego_vehicle_info.h
[1.689s] -- Up-to-date: /home/tofstudent/sa_zhao/install/carla_msgs/include/carla_msgs/msg/carla_ego_vehicle_status.h
[1.689s] -- Up-to-date: /home/tofstudent/sa_zhao/install/carla_msgs/include/carla_msgs/msg/carla_actor_info.h
[1.689s] -- Up-to-date: /home/tofstudent/sa_zhao/install/carla_msgs/include/carla_msgs/msg/carla_traffic_light_info_list.h
[1.689s] -- Up-to-date: /home/tofstudent/sa_zhao/install/carla_msgs/share/carla_msgs/environment/library_path.sh
[1.689s] -- Up-to-date: /home/tofstudent/sa_zhao/install/carla_msgs/share/carla_msgs/environment/library_path.dsv
[1.689s] -- Up-to-date: /home/tofstudent/sa_zhao/install/carla_msgs/lib/libcarla_msgs__rosidl_generator_c.so
[1.689s] -- Up-to-date: /home/tofstudent/sa_zhao/install/carla_msgs/include/carla_msgs
[1.690s] -- Up-to-date: /home/tofstudent/sa_zhao/install/carla_msgs/include/carla_msgs/srv
[1.690s] -- Up-to-date: /home/tofstudent/sa_zhao/install/carla_msgs/include/carla_msgs/srv/detail
[1.690s] -- Up-to-date: /home/tofstudent/sa_zhao/install/carla_msgs/include/carla_msgs/srv/detail/spawn_object__rosidl_typesupport_fastrtps_c.h
[1.690s] -- Up-to-date: /home/tofstudent/sa_zhao/install/carla_msgs/include/carla_msgs/srv/detail/destroy_object__rosidl_typesupport_fastrtps_c.h
[1.691s] -- Up-to-date: /home/tofstudent/sa_zhao/install/carla_msgs/include/carla_msgs/srv/detail/get_blueprints__rosidl_typesupport_fastrtps_c.h
[1.691s] -- Up-to-date: /home/tofstudent/sa_zhao/install/carla_msgs/include/carla_msgs/msg
[1.691s] -- Up-to-date: /home/tofstudent/sa_zhao/install/carla_msgs/include/carla_msgs/msg/rosidl_typesupport_fastrtps_c__visibility_control.h
[1.691s] -- Up-to-date: /home/tofstudent/sa_zhao/install/carla_msgs/include/carla_msgs/msg/detail
[1.691s] -- Up-to-date: /home/tofstudent/sa_zhao/install/carla_msgs/include/carla_msgs/msg/detail/carla_traffic_light_info__rosidl_typesupport_fastrtps_c.h
[1.691s] -- Up-to-date: /home/tofstudent/sa_zhao/install/carla_msgs/include/carla_msgs/msg/detail/carla_walker_control__rosidl_typesupport_fastrtps_c.h
[1.691s] -- Up-to-date: /home/tofstudent/sa_zhao/install/carla_msgs/include/carla_msgs/msg/detail/carla_ego_vehicle_control__rosidl_typesupport_fastrtps_c.h
[1.691s] -- Up-to-date: /home/tofstudent/sa_zhao/install/carla_msgs/include/carla_msgs/msg/detail/carla_world_info__rosidl_typesupport_fastrtps_c.h
[1.691s] -- Up-to-date: /home/tofstudent/sa_zhao/install/carla_msgs/include/carla_msgs/msg/detail/carla_ego_vehicle_info__rosidl_typesupport_fastrtps_c.h
[1.692s] -- Up-to-date: /home/tofstudent/sa_zhao/install/carla_msgs/include/carla_msgs/msg/detail/carla_ego_vehicle_info_wheel__rosidl_typesupport_fastrtps_c.h
[1.692s] -- Up-to-date: /home/tofstudent/sa_zhao/install/carla_msgs/include/carla_msgs/msg/detail/carla_traffic_light_info_list__rosidl_typesupport_fastrtps_c.h
[1.692s] -- Up-to-date: /home/tofstudent/sa_zhao/install/carla_msgs/include/carla_msgs/msg/detail/carla_control__rosidl_typesupport_fastrtps_c.h
[1.692s] -- Up-to-date: /home/tofstudent/sa_zhao/install/carla_msgs/include/carla_msgs/msg/detail/carla_ego_vehicle_status__rosidl_typesupport_fastrtps_c.h
[1.692s] -- Up-to-date: /home/tofstudent/sa_zhao/install/carla_msgs/include/carla_msgs/msg/detail/carla_collision_event__rosidl_typesupport_fastrtps_c.h
[1.692s] -- Up-to-date: /home/tofstudent/sa_zhao/install/carla_msgs/include/carla_msgs/msg/detail/carla_traffic_light_status_list__rosidl_typesupport_fastrtps_c.h
[1.692s] -- Up-to-date: /home/tofstudent/sa_zhao/install/carla_msgs/include/carla_msgs/msg/detail/carla_status__rosidl_typesupport_fastrtps_c.h
[1.692s] -- Up-to-date: /home/tofstudent/sa_zhao/install/carla_msgs/include/carla_msgs/msg/detail/carla_weather_parameters__rosidl_typesupport_fastrtps_c.h
[1.693s] -- Up-to-date: /home/tofstudent/sa_zhao/install/carla_msgs/include/carla_msgs/msg/detail/carla_traffic_light_status__rosidl_typesupport_fastrtps_c.h
[1.693s] -- Up-to-date: /home/tofstudent/sa_zhao/install/carla_msgs/include/carla_msgs/msg/detail/carla_bounding_box__rosidl_typesupport_fastrtps_c.h
[1.693s] -- Up-to-date: /home/tofstudent/sa_zhao/install/carla_msgs/include/carla_msgs/msg/detail/carla_lane_invasion_event__rosidl_typesupport_fastrtps_c.h
[1.693s] -- Up-to-date: /home/tofstudent/sa_zhao/install/carla_msgs/include/carla_msgs/msg/detail/carla_actor_list__rosidl_typesupport_fastrtps_c.h
[1.693s] -- Up-to-date: /home/tofstudent/sa_zhao/install/carla_msgs/include/carla_msgs/msg/detail/carla_actor_info__rosidl_typesupport_fastrtps_c.h
[1.693s] -- Up-to-date: /home/tofstudent/sa_zhao/install/carla_msgs/lib/libcarla_msgs__rosidl_typesupport_fastrtps_c.so
[1.693s] -- Up-to-date: /home/tofstudent/sa_zhao/install/carla_msgs/include/carla_msgs
[1.694s] -- Up-to-date: /home/tofstudent/sa_zhao/install/carla_msgs/include/carla_msgs/srv
[1.694s] -- Up-to-date: /home/tofstudent/sa_zhao/install/carla_msgs/include/carla_msgs/srv/detail
[1.694s] -- Up-to-date: /home/tofstudent/sa_zhao/install/carla_msgs/include/carla_msgs/srv/detail/get_blueprints__rosidl_typesupport_fastrtps_cpp.hpp
[1.695s] -- Up-to-date: /home/tofstudent/sa_zhao/install/carla_msgs/include/carla_msgs/srv/detail/dds_fastrtps
[1.695s] -- Up-to-date: /home/tofstudent/sa_zhao/install/carla_msgs/include/carla_msgs/srv/detail/destroy_object__rosidl_typesupport_fastrtps_cpp.hpp
[1.697s] -- Up-to-date: /home/tofstudent/sa_zhao/install/carla_msgs/include/carla_msgs/srv/detail/spawn_object__rosidl_typesupport_fastrtps_cpp.hpp
[1.698s] -- Up-to-date: /home/tofstudent/sa_zhao/install/carla_msgs/include/carla_msgs/msg
[1.698s] -- Up-to-date: /home/tofstudent/sa_zhao/install/carla_msgs/include/carla_msgs/msg/rosidl_typesupport_fastrtps_cpp__visibility_control.h
[1.698s] -- Up-to-date: /home/tofstudent/sa_zhao/install/carla_msgs/include/carla_msgs/msg/detail
[1.699s] -- Up-to-date: /home/tofstudent/sa_zhao/install/carla_msgs/include/carla_msgs/msg/detail/carla_status__rosidl_typesupport_fastrtps_cpp.hpp
[1.699s] -- Up-to-date: /home/tofstudent/sa_zhao/install/carla_msgs/include/carla_msgs/msg/detail/carla_bounding_box__rosidl_typesupport_fastrtps_cpp.hpp
[1.699s] -- Up-to-date: /home/tofstudent/sa_zhao/install/carla_msgs/include/carla_msgs/msg/detail/carla_traffic_light_info__rosidl_typesupport_fastrtps_cpp.hpp
[1.700s] -- Up-to-date: /home/tofstudent/sa_zhao/install/carla_msgs/include/carla_msgs/msg/detail/carla_ego_vehicle_info__rosidl_typesupport_fastrtps_cpp.hpp
[1.700s] -- Up-to-date: /home/tofstudent/sa_zhao/install/carla_msgs/include/carla_msgs/msg/detail/carla_world_info__rosidl_typesupport_fastrtps_cpp.hpp
[1.700s] -- Up-to-date: /home/tofstudent/sa_zhao/install/carla_msgs/include/carla_msgs/msg/detail/carla_control__rosidl_typesupport_fastrtps_cpp.hpp
[1.701s] -- Up-to-date: /home/tofstudent/sa_zhao/install/carla_msgs/include/carla_msgs/msg/detail/carla_ego_vehicle_info_wheel__rosidl_typesupport_fastrtps_cpp.hpp
[1.701s] -- Up-to-date: /home/tofstudent/sa_zhao/install/carla_msgs/include/carla_msgs/msg/detail/carla_collision_event__rosidl_typesupport_fastrtps_cpp.hpp
[1.702s] -- Up-to-date: /home/tofstudent/sa_zhao/install/carla_msgs/include/carla_msgs/msg/detail/carla_traffic_light_status_list__rosidl_typesupport_fastrtps_cpp.hpp
[1.704s] -- Up-to-date: /home/tofstudent/sa_zhao/install/carla_msgs/include/carla_msgs/msg/detail/carla_actor_info__rosidl_typesupport_fastrtps_cpp.hpp
[1.704s] -- Up-to-date: /home/tofstudent/sa_zhao/install/carla_msgs/include/carla_msgs/msg/detail/carla_lane_invasion_event__rosidl_typesupport_fastrtps_cpp.hpp
[1.705s] -- Up-to-date: /home/tofstudent/sa_zhao/install/carla_msgs/include/carla_msgs/msg/detail/carla_ego_vehicle_status__rosidl_typesupport_fastrtps_cpp.hpp
[1.705s] -- Up-to-date: /home/tofstudent/sa_zhao/install/carla_msgs/include/carla_msgs/msg/detail/carla_ego_vehicle_control__rosidl_typesupport_fastrtps_cpp.hpp
[1.705s] -- Up-to-date: /home/tofstudent/sa_zhao/install/carla_msgs/include/carla_msgs/msg/detail/carla_actor_list__rosidl_typesupport_fastrtps_cpp.hpp
[1.705s] -- Up-to-date: /home/tofstudent/sa_zhao/install/carla_msgs/include/carla_msgs/msg/detail/dds_fastrtps
[1.706s] -- Up-to-date: /home/tofstudent/sa_zhao/install/carla_msgs/include/carla_msgs/msg/detail/carla_walker_control__rosidl_typesupport_fastrtps_cpp.hpp
[1.706s] -- Up-to-date: /home/tofstudent/sa_zhao/install/carla_msgs/include/carla_msgs/msg/detail/carla_traffic_light_info_list__rosidl_typesupport_fastrtps_cpp.hpp
[1.706s] -- Up-to-date: /home/tofstudent/sa_zhao/install/carla_msgs/include/carla_msgs/msg/detail/carla_traffic_light_status__rosidl_typesupport_fastrtps_cpp.hpp
[1.706s] -- Up-to-date: /home/tofstudent/sa_zhao/install/carla_msgs/include/carla_msgs/msg/detail/carla_weather_parameters__rosidl_typesupport_fastrtps_cpp.hpp
[1.707s] -- Up-to-date: /home/tofstudent/sa_zhao/install/carla_msgs/lib/libcarla_msgs__rosidl_typesupport_fastrtps_cpp.so
[1.707s] -- Up-to-date: /home/tofstudent/sa_zhao/install/carla_msgs/include/carla_msgs
[1.710s] -- Up-to-date: /home/tofstudent/sa_zhao/install/carla_msgs/include/carla_msgs/srv
[1.710s] -- Up-to-date: /home/tofstudent/sa_zhao/install/carla_msgs/include/carla_msgs/srv/detail
[1.711s] -- Up-to-date: /home/tofstudent/sa_zhao/install/carla_msgs/include/carla_msgs/srv/detail/get_blueprints__rosidl_typesupport_introspection_c.h
[1.711s] -- Up-to-date: /home/tofstudent/sa_zhao/install/carla_msgs/include/carla_msgs/srv/detail/spawn_object__type_support.c
[1.711s] -- Up-to-date: /home/tofstudent/sa_zhao/install/carla_msgs/include/carla_msgs/srv/detail/destroy_object__type_support.c
[1.712s] -- Up-to-date: /home/tofstudent/sa_zhao/install/carla_msgs/include/carla_msgs/srv/detail/spawn_object__rosidl_typesupport_introspection_c.h
[1.712s] -- Up-to-date: /home/tofstudent/sa_zhao/install/carla_msgs/include/carla_msgs/srv/detail/destroy_object__rosidl_typesupport_introspection_c.h
[1.713s] -- Up-to-date: /home/tofstudent/sa_zhao/install/carla_msgs/include/carla_msgs/srv/detail/get_blueprints__type_support.c
[1.713s] -- Up-to-date: /home/tofstudent/sa_zhao/install/carla_msgs/include/carla_msgs/msg
[1.713s] -- Up-to-date: /home/tofstudent/sa_zhao/install/carla_msgs/include/carla_msgs/msg/detail
[1.714s] -- Up-to-date: /home/tofstudent/sa_zhao/install/carla_msgs/include/carla_msgs/msg/detail/carla_ego_vehicle_control__type_support.c
[1.714s] -- Up-to-date: /home/tofstudent/sa_zhao/install/carla_msgs/include/carla_msgs/msg/detail/carla_traffic_light_info_list__rosidl_typesupport_introspection_c.h
[1.714s] -- Up-to-date: /home/tofstudent/sa_zhao/install/carla_msgs/include/carla_msgs/msg/detail/carla_traffic_light_status_list__rosidl_typesupport_introspection_c.h
[1.715s] -- Up-to-date: /home/tofstudent/sa_zhao/install/carla_msgs/include/carla_msgs/msg/detail/carla_collision_event__rosidl_typesupport_introspection_c.h
[1.715s] -- Up-to-date: /home/tofstudent/sa_zhao/install/carla_msgs/include/carla_msgs/msg/detail/carla_ego_vehicle_info_wheel__rosidl_typesupport_introspection_c.h
[1.715s] -- Up-to-date: /home/tofstudent/sa_zhao/install/carla_msgs/include/carla_msgs/msg/detail/carla_lane_invasion_event__type_support.c
[1.716s] -- Up-to-date: /home/tofstudent/sa_zhao/install/carla_msgs/include/carla_msgs/msg/detail/carla_traffic_light_info__rosidl_typesupport_introspection_c.h
[1.716s] -- Up-to-date: /home/tofstudent/sa_zhao/install/carla_msgs/include/carla_msgs/msg/detail/carla_world_info__type_support.c
[1.716s] -- Up-to-date: /home/tofstudent/sa_zhao/install/carla_msgs/include/carla_msgs/msg/detail/carla_traffic_light_info_list__type_support.c
[1.719s] -- Up-to-date: /home/tofstudent/sa_zhao/install/carla_msgs/include/carla_msgs/msg/detail/carla_actor_info__type_support.c
[1.719s] -- Up-to-date: /home/tofstudent/sa_zhao/install/carla_msgs/include/carla_msgs/msg/detail/carla_traffic_light_status__rosidl_typesupport_introspection_c.h
[1.719s] -- Up-to-date: /home/tofstudent/sa_zhao/install/carla_msgs/include/carla_msgs/msg/detail/carla_ego_vehicle_status__rosidl_typesupport_introspection_c.h
[1.719s] -- Up-to-date: /home/tofstudent/sa_zhao/install/carla_msgs/include/carla_msgs/msg/detail/carla_control__type_support.c
[1.720s] -- Up-to-date: /home/tofstudent/sa_zhao/install/carla_msgs/include/carla_msgs/msg/detail/carla_traffic_light_status__type_support.c
[1.720s] -- Up-to-date: /home/tofstudent/sa_zhao/install/carla_msgs/include/carla_msgs/msg/detail/carla_collision_event__type_support.c
[1.720s] -- Up-to-date: /home/tofstudent/sa_zhao/install/carla_msgs/include/carla_msgs/msg/detail/carla_ego_vehicle_info_wheel__type_support.c
[1.721s] -- Up-to-date: /home/tofstudent/sa_zhao/install/carla_msgs/include/carla_msgs/msg/detail/carla_traffic_light_status_list__type_support.c
[1.721s] -- Up-to-date: /home/tofstudent/sa_zhao/install/carla_msgs/include/carla_msgs/msg/detail/carla_traffic_light_info__type_support.c
[1.722s] -- Up-to-date: /home/tofstudent/sa_zhao/install/carla_msgs/include/carla_msgs/msg/detail/carla_bounding_box__rosidl_typesupport_introspection_c.h
[1.729s] -- Up-to-date: /home/tofstudent/sa_zhao/install/carla_msgs/include/carla_msgs/msg/detail/carla_actor_info__rosidl_typesupport_introspection_c.h
[1.731s] -- Up-to-date: /home/tofstudent/sa_zhao/install/carla_msgs/include/carla_msgs/msg/detail/carla_ego_vehicle_info__type_support.c
[1.731s] -- Up-to-date: /home/tofstudent/sa_zhao/install/carla_msgs/include/carla_msgs/msg/detail/carla_bounding_box__type_support.c
[1.731s] -- Up-to-date: /home/tofstudent/sa_zhao/install/carla_msgs/include/carla_msgs/msg/detail/carla_walker_control__type_support.c
[1.732s] -- Up-to-date: /home/tofstudent/sa_zhao/install/carla_msgs/include/carla_msgs/msg/detail/carla_status__type_support.c
[1.732s] -- Up-to-date: /home/tofstudent/sa_zhao/install/carla_msgs/include/carla_msgs/msg/detail/carla_ego_vehicle_control__rosidl_typesupport_introspection_c.h
[1.732s] -- Up-to-date: /home/tofstudent/sa_zhao/install/carla_msgs/include/carla_msgs/msg/detail/carla_status__rosidl_typesupport_introspection_c.h
[1.733s] -- Up-to-date: /home/tofstudent/sa_zhao/install/carla_msgs/include/carla_msgs/msg/detail/carla_weather_parameters__type_support.c
[1.733s] -- Up-to-date: /home/tofstudent/sa_zhao/install/carla_msgs/include/carla_msgs/msg/detail/carla_weather_parameters__rosidl_typesupport_introspection_c.h
[1.733s] -- Up-to-date: /home/tofstudent/sa_zhao/install/carla_msgs/include/carla_msgs/msg/detail/carla_ego_vehicle_status__type_support.c
[1.734s] -- Up-to-date: /home/tofstudent/sa_zhao/install/carla_msgs/include/carla_msgs/msg/detail/carla_lane_invasion_event__rosidl_typesupport_introspection_c.h
[1.734s] -- Up-to-date: /home/tofstudent/sa_zhao/install/carla_msgs/include/carla_msgs/msg/detail/carla_world_info__rosidl_typesupport_introspection_c.h
[1.734s] -- Up-to-date: /home/tofstudent/sa_zhao/install/carla_msgs/include/carla_msgs/msg/detail/carla_walker_control__rosidl_typesupport_introspection_c.h
[1.734s] -- Up-to-date: /home/tofstudent/sa_zhao/install/carla_msgs/include/carla_msgs/msg/detail/carla_actor_list__rosidl_typesupport_introspection_c.h
[1.734s] -- Up-to-date: /home/tofstudent/sa_zhao/install/carla_msgs/include/carla_msgs/msg/detail/carla_actor_list__type_support.c
[1.734s] -- Up-to-date: /home/tofstudent/sa_zhao/install/carla_msgs/include/carla_msgs/msg/detail/carla_ego_vehicle_info__rosidl_typesupport_introspection_c.h
[1.734s] -- Up-to-date: /home/tofstudent/sa_zhao/install/carla_msgs/include/carla_msgs/msg/detail/carla_control__rosidl_typesupport_introspection_c.h
[1.734s] -- Up-to-date: /home/tofstudent/sa_zhao/install/carla_msgs/include/carla_msgs/msg/rosidl_typesupport_introspection_c__visibility_control.h
[1.734s] -- Up-to-date: /home/tofstudent/sa_zhao/install/carla_msgs/lib/libcarla_msgs__rosidl_typesupport_introspection_c.so
[1.735s] -- Up-to-date: /home/tofstudent/sa_zhao/install/carla_msgs/lib/libcarla_msgs__rosidl_typesupport_c.so
[1.735s] -- Up-to-date: /home/tofstudent/sa_zhao/install/carla_msgs/include/carla_msgs
[1.735s] -- Up-to-date: /home/tofstudent/sa_zhao/install/carla_msgs/include/carla_msgs/srv
[1.735s] -- Up-to-date: /home/tofstudent/sa_zhao/install/carla_msgs/include/carla_msgs/srv/detail
[1.735s] -- Up-to-date: /home/tofstudent/sa_zhao/install/carla_msgs/include/carla_msgs/srv/detail/destroy_object__builder.hpp
[1.735s] -- Up-to-date: /home/tofstudent/sa_zhao/install/carla_msgs/include/carla_msgs/srv/detail/spawn_object__builder.hpp
[1.735s] -- Up-to-date: /home/tofstudent/sa_zhao/install/carla_msgs/include/carla_msgs/srv/detail/spawn_object__traits.hpp
[1.735s] -- Up-to-date: /home/tofstudent/sa_zhao/install/carla_msgs/include/carla_msgs/srv/detail/get_blueprints__builder.hpp
[1.736s] -- Up-to-date: /home/tofstudent/sa_zhao/install/carla_msgs/include/carla_msgs/srv/detail/spawn_object__struct.hpp
[1.736s] -- Up-to-date: /home/tofstudent/sa_zhao/install/carla_msgs/include/carla_msgs/srv/detail/destroy_object__traits.hpp
[1.739s] -- Up-to-date: /home/tofstudent/sa_zhao/install/carla_msgs/include/carla_msgs/srv/detail/destroy_object__struct.hpp
[1.741s] -- Up-to-date: /home/tofstudent/sa_zhao/install/carla_msgs/include/carla_msgs/srv/detail/get_blueprints__traits.hpp
[1.742s] -- Up-to-date: /home/tofstudent/sa_zhao/install/carla_msgs/include/carla_msgs/srv/detail/get_blueprints__struct.hpp
[1.742s] -- Up-to-date: /home/tofstudent/sa_zhao/install/carla_msgs/include/carla_msgs/srv/spawn_object.hpp
[1.742s] -- Up-to-date: /home/tofstudent/sa_zhao/install/carla_msgs/include/carla_msgs/srv/destroy_object.hpp
[1.742s] -- Up-to-date: /home/tofstudent/sa_zhao/install/carla_msgs/include/carla_msgs/srv/get_blueprints.hpp
[1.742s] -- Up-to-date: /home/tofstudent/sa_zhao/install/carla_msgs/include/carla_msgs/msg
[1.742s] -- Up-to-date: /home/tofstudent/sa_zhao/install/carla_msgs/include/carla_msgs/msg/carla_ego_vehicle_info_wheel.hpp
[1.742s] -- Up-to-date: /home/tofstudent/sa_zhao/install/carla_msgs/include/carla_msgs/msg/carla_ego_vehicle_info.hpp
[1.742s] -- Up-to-date: /home/tofstudent/sa_zhao/install/carla_msgs/include/carla_msgs/msg/carla_world_info.hpp
[1.743s] -- Up-to-date: /home/tofstudent/sa_zhao/install/carla_msgs/include/carla_msgs/msg/carla_traffic_light_info_list.hpp
[1.743s] -- Up-to-date: /home/tofstudent/sa_zhao/install/carla_msgs/include/carla_msgs/msg/carla_traffic_light_info.hpp
[1.743s] -- Up-to-date: /home/tofstudent/sa_zhao/install/carla_msgs/include/carla_msgs/msg/detail
[1.743s] -- Up-to-date: /home/tofstudent/sa_zhao/install/carla_msgs/include/carla_msgs/msg/detail/carla_traffic_light_info_list__traits.hpp
[1.743s] -- Up-to-date: /home/tofstudent/sa_zhao/install/carla_msgs/include/carla_msgs/msg/detail/carla_lane_invasion_event__struct.hpp
[1.743s] -- Up-to-date: /home/tofstudent/sa_zhao/install/carla_msgs/include/carla_msgs/msg/detail/carla_weather_parameters__builder.hpp
[1.743s] -- Up-to-date: /home/tofstudent/sa_zhao/install/carla_msgs/include/carla_msgs/msg/detail/carla_walker_control__builder.hpp
[1.743s] -- Up-to-date: /home/tofstudent/sa_zhao/install/carla_msgs/include/carla_msgs/msg/detail/carla_actor_info__builder.hpp
[1.743s] -- Up-to-date: /home/tofstudent/sa_zhao/install/carla_msgs/include/carla_msgs/msg/detail/carla_ego_vehicle_control__builder.hpp
[1.743s] -- Up-to-date: /home/tofstudent/sa_zhao/install/carla_msgs/include/carla_msgs/msg/detail/carla_actor_info__struct.hpp
[1.743s] -- Up-to-date: /home/tofstudent/sa_zhao/install/carla_msgs/include/carla_msgs/msg/detail/carla_world_info__traits.hpp
[1.744s] -- Up-to-date: /home/tofstudent/sa_zhao/install/carla_msgs/include/carla_msgs/msg/detail/carla_actor_list__traits.hpp
[1.744s] -- Up-to-date: /home/tofstudent/sa_zhao/install/carla_msgs/include/carla_msgs/msg/detail/carla_collision_event__struct.hpp
[1.744s] -- Up-to-date: /home/tofstudent/sa_zhao/install/carla_msgs/include/carla_msgs/msg/detail/carla_ego_vehicle_info__traits.hpp
[1.744s] -- Up-to-date: /home/tofstudent/sa_zhao/install/carla_msgs/include/carla_msgs/msg/detail/carla_ego_vehicle_status__builder.hpp
[1.744s] -- Up-to-date: /home/tofstudent/sa_zhao/install/carla_msgs/include/carla_msgs/msg/detail/carla_bounding_box__traits.hpp
[1.744s] -- Up-to-date: /home/tofstudent/sa_zhao/install/carla_msgs/include/carla_msgs/msg/detail/carla_weather_parameters__traits.hpp
[1.744s] -- Up-to-date: /home/tofstudent/sa_zhao/install/carla_msgs/include/carla_msgs/msg/detail/carla_ego_vehicle_status__traits.hpp
[1.744s] -- Up-to-date: /home/tofstudent/sa_zhao/install/carla_msgs/include/carla_msgs/msg/detail/carla_collision_event__builder.hpp
[1.744s] -- Up-to-date: /home/tofstudent/sa_zhao/install/carla_msgs/include/carla_msgs/msg/detail/carla_traffic_light_status__struct.hpp
[1.744s] -- Up-to-date: /home/tofstudent/sa_zhao/install/carla_msgs/include/carla_msgs/msg/detail/carla_bounding_box__struct.hpp
[1.745s] -- Up-to-date: /home/tofstudent/sa_zhao/install/carla_msgs/include/carla_msgs/msg/detail/carla_collision_event__traits.hpp
[1.745s] -- Up-to-date: /home/tofstudent/sa_zhao/install/carla_msgs/include/carla_msgs/msg/detail/carla_control__builder.hpp
[1.745s] -- Up-to-date: /home/tofstudent/sa_zhao/install/carla_msgs/include/carla_msgs/msg/detail/carla_walker_control__traits.hpp
[1.745s] -- Up-to-date: /home/tofstudent/sa_zhao/install/carla_msgs/include/carla_msgs/msg/detail/carla_world_info__struct.hpp
[1.745s] -- Up-to-date: /home/tofstudent/sa_zhao/install/carla_msgs/include/carla_msgs/msg/detail/carla_actor_list__struct.hpp
[1.745s] -- Up-to-date: /home/tofstudent/sa_zhao/install/carla_msgs/include/carla_msgs/msg/detail/carla_traffic_light_status_list__struct.hpp
[1.745s] -- Up-to-date: /home/tofstudent/sa_zhao/install/carla_msgs/include/carla_msgs/msg/detail/carla_weather_parameters__struct.hpp
[1.745s] -- Up-to-date: /home/tofstudent/sa_zhao/install/carla_msgs/include/carla_msgs/msg/detail/carla_traffic_light_status_list__traits.hpp
[1.745s] -- Up-to-date: /home/tofstudent/sa_zhao/install/carla_msgs/include/carla_msgs/msg/detail/carla_ego_vehicle_info__builder.hpp
[1.745s] -- Up-to-date: /home/tofstudent/sa_zhao/install/carla_msgs/include/carla_msgs/msg/detail/carla_walker_control__struct.hpp
[1.750s] -- Up-to-date: /home/tofstudent/sa_zhao/install/carla_msgs/include/carla_msgs/msg/detail/carla_traffic_light_status_list__builder.hpp
[1.751s] -- Up-to-date: /home/tofstudent/sa_zhao/install/carla_msgs/include/carla_msgs/msg/detail/carla_status__builder.hpp
[1.751s] -- Up-to-date: /home/tofstudent/sa_zhao/install/carla_msgs/include/carla_msgs/msg/detail/carla_status__traits.hpp
[1.751s] -- Up-to-date: /home/tofstudent/sa_zhao/install/carla_msgs/include/carla_msgs/msg/detail/carla_traffic_light_status__traits.hpp
[1.751s] -- Up-to-date: /home/tofstudent/sa_zhao/install/carla_msgs/include/carla_msgs/msg/detail/carla_ego_vehicle_status__struct.hpp
[1.752s] -- Up-to-date: /home/tofstudent/sa_zhao/install/carla_msgs/include/carla_msgs/msg/detail/carla_traffic_light_info_list__struct.hpp
[1.752s] -- Up-to-date: /home/tofstudent/sa_zhao/install/carla_msgs/include/carla_msgs/msg/detail/carla_traffic_light_status__builder.hpp
[1.752s] -- Up-to-date: /home/tofstudent/sa_zhao/install/carla_msgs/include/carla_msgs/msg/detail/carla_bounding_box__builder.hpp
[1.752s] -- Up-to-date: /home/tofstudent/sa_zhao/install/carla_msgs/include/carla_msgs/msg/detail/carla_traffic_light_info__struct.hpp
[1.753s] -- Up-to-date: /home/tofstudent/sa_zhao/install/carla_msgs/include/carla_msgs/msg/detail/carla_traffic_light_info_list__builder.hpp
[1.753s] -- Up-to-date: /home/tofstudent/sa_zhao/install/carla_msgs/include/carla_msgs/msg/detail/carla_actor_info__traits.hpp
[1.753s] -- Up-to-date: /home/tofstudent/sa_zhao/install/carla_msgs/include/carla_msgs/msg/detail/carla_control__traits.hpp
[1.754s] -- Up-to-date: /home/tofstudent/sa_zhao/install/carla_msgs/include/carla_msgs/msg/detail/carla_ego_vehicle_info_wheel__traits.hpp
[1.757s] -- Up-to-date: /home/tofstudent/sa_zhao/install/carla_msgs/include/carla_msgs/msg/detail/carla_lane_invasion_event__builder.hpp
[1.757s] -- Up-to-date: /home/tofstudent/sa_zhao/install/carla_msgs/include/carla_msgs/msg/detail/carla_ego_vehicle_control__struct.hpp
[1.758s] -- Up-to-date: /home/tofstudent/sa_zhao/install/carla_msgs/include/carla_msgs/msg/detail/carla_traffic_light_info__traits.hpp
[1.759s] -- Up-to-date: /home/tofstudent/sa_zhao/install/carla_msgs/include/carla_msgs/msg/detail/carla_ego_vehicle_control__traits.hpp
[1.759s] -- Up-to-date: /home/tofstudent/sa_zhao/install/carla_msgs/include/carla_msgs/msg/detail/carla_traffic_light_info__builder.hpp
[1.759s] -- Up-to-date: /home/tofstudent/sa_zhao/install/carla_msgs/include/carla_msgs/msg/detail/carla_world_info__builder.hpp
[1.760s] -- Up-to-date: /home/tofstudent/sa_zhao/install/carla_msgs/include/carla_msgs/msg/detail/carla_ego_vehicle_info__struct.hpp
[1.760s] -- Up-to-date: /home/tofstudent/sa_zhao/install/carla_msgs/include/carla_msgs/msg/detail/carla_control__struct.hpp
[1.761s] -- Up-to-date: /home/tofstudent/sa_zhao/install/carla_msgs/include/carla_msgs/msg/detail/carla_actor_list__builder.hpp
[1.761s] -- Up-to-date: /home/tofstudent/sa_zhao/install/carla_msgs/include/carla_msgs/msg/detail/carla_status__struct.hpp
[1.761s] -- Up-to-date: /home/tofstudent/sa_zhao/install/carla_msgs/include/carla_msgs/msg/detail/carla_ego_vehicle_info_wheel__struct.hpp
[1.761s] -- Up-to-date: /home/tofstudent/sa_zhao/install/carla_msgs/include/carla_msgs/msg/detail/carla_lane_invasion_event__traits.hpp
[1.762s] -- Up-to-date: /home/tofstudent/sa_zhao/install/carla_msgs/include/carla_msgs/msg/detail/carla_ego_vehicle_info_wheel__builder.hpp
[1.762s] -- Up-to-date: /home/tofstudent/sa_zhao/install/carla_msgs/include/carla_msgs/msg/carla_status.hpp
[1.762s] -- Up-to-date: /home/tofstudent/sa_zhao/install/carla_msgs/include/carla_msgs/msg/carla_weather_parameters.hpp
[1.762s] -- Up-to-date: /home/tofstudent/sa_zhao/install/carla_msgs/include/carla_msgs/msg/carla_traffic_light_status_list.hpp
[1.762s] -- Up-to-date: /home/tofstudent/sa_zhao/install/carla_msgs/include/carla_msgs/msg/carla_lane_invasion_event.hpp
[1.763s] -- Up-to-date: /home/tofstudent/sa_zhao/install/carla_msgs/include/carla_msgs/msg/carla_actor_info.hpp
[1.763s] -- Up-to-date: /home/tofstudent/sa_zhao/install/carla_msgs/include/carla_msgs/msg/carla_actor_list.hpp
[1.763s] -- Up-to-date: /home/tofstudent/sa_zhao/install/carla_msgs/include/carla_msgs/msg/carla_ego_vehicle_status.hpp
[1.763s] -- Up-to-date: /home/tofstudent/sa_zhao/install/carla_msgs/include/carla_msgs/msg/carla_traffic_light_status.hpp
[1.763s] -- Up-to-date: /home/tofstudent/sa_zhao/install/carla_msgs/include/carla_msgs/msg/carla_collision_event.hpp
[1.763s] -- Up-to-date: /home/tofstudent/sa_zhao/install/carla_msgs/include/carla_msgs/msg/carla_ego_vehicle_control.hpp
[1.763s] -- Up-to-date: /home/tofstudent/sa_zhao/install/carla_msgs/include/carla_msgs/msg/carla_control.hpp
[1.763s] -- Up-to-date: /home/tofstudent/sa_zhao/install/carla_msgs/include/carla_msgs/msg/carla_bounding_box.hpp
[1.763s] -- Up-to-date: /home/tofstudent/sa_zhao/install/carla_msgs/include/carla_msgs/msg/carla_walker_control.hpp
[1.764s] -- Up-to-date: /home/tofstudent/sa_zhao/install/carla_msgs/include/carla_msgs
[1.764s] -- Up-to-date: /home/tofstudent/sa_zhao/install/carla_msgs/include/carla_msgs/srv
[1.764s] -- Up-to-date: /home/tofstudent/sa_zhao/install/carla_msgs/include/carla_msgs/srv/detail
[1.764s] -- Up-to-date: /home/tofstudent/sa_zhao/install/carla_msgs/include/carla_msgs/srv/detail/destroy_object__type_support.cpp
[1.764s] -- Up-to-date: /home/tofstudent/sa_zhao/install/carla_msgs/include/carla_msgs/srv/detail/spawn_object__type_support.cpp
[1.764s] -- Up-to-date: /home/tofstudent/sa_zhao/install/carla_msgs/include/carla_msgs/srv/detail/destroy_object__rosidl_typesupport_introspection_cpp.hpp
[1.764s] -- Up-to-date: /home/tofstudent/sa_zhao/install/carla_msgs/include/carla_msgs/srv/detail/get_blueprints__type_support.cpp
[1.764s] -- Up-to-date: /home/tofstudent/sa_zhao/install/carla_msgs/include/carla_msgs/srv/detail/get_blueprints__rosidl_typesupport_introspection_cpp.hpp
[1.764s] -- Up-to-date: /home/tofstudent/sa_zhao/install/carla_msgs/include/carla_msgs/srv/detail/spawn_object__rosidl_typesupport_introspection_cpp.hpp
[1.765s] -- Up-to-date: /home/tofstudent/sa_zhao/install/carla_msgs/include/carla_msgs/msg
[1.765s] -- Up-to-date: /home/tofstudent/sa_zhao/install/carla_msgs/include/carla_msgs/msg/detail
[1.765s] -- Up-to-date: /home/tofstudent/sa_zhao/install/carla_msgs/include/carla_msgs/msg/detail/carla_traffic_light_status__type_support.cpp
[1.765s] -- Up-to-date: /home/tofstudent/sa_zhao/install/carla_msgs/include/carla_msgs/msg/detail/carla_status__rosidl_typesupport_introspection_cpp.hpp
[1.765s] -- Up-to-date: /home/tofstudent/sa_zhao/install/carla_msgs/include/carla_msgs/msg/detail/carla_ego_vehicle_control__rosidl_typesupport_introspection_cpp.hpp
[1.765s] -- Up-to-date: /home/tofstudent/sa_zhao/install/carla_msgs/include/carla_msgs/msg/detail/carla_control__rosidl_typesupport_introspection_cpp.hpp
[1.765s] -- Up-to-date: /home/tofstudent/sa_zhao/install/carla_msgs/include/carla_msgs/msg/detail/carla_control__type_support.cpp
[1.765s] -- Up-to-date: /home/tofstudent/sa_zhao/install/carla_msgs/include/carla_msgs/msg/detail/carla_ego_vehicle_status__rosidl_typesupport_introspection_cpp.hpp
[1.766s] -- Up-to-date: /home/tofstudent/sa_zhao/install/carla_msgs/include/carla_msgs/msg/detail/carla_actor_info__type_support.cpp
[1.766s] -- Up-to-date: /home/tofstudent/sa_zhao/install/carla_msgs/include/carla_msgs/msg/detail/carla_status__type_support.cpp
[1.766s] -- Up-to-date: /home/tofstudent/sa_zhao/install/carla_msgs/include/carla_msgs/msg/detail/carla_actor_info__rosidl_typesupport_introspection_cpp.hpp
[1.767s] -- Up-to-date: /home/tofstudent/sa_zhao/install/carla_msgs/include/carla_msgs/msg/detail/carla_actor_list__type_support.cpp
[1.769s] -- Up-to-date: /home/tofstudent/sa_zhao/install/carla_msgs/include/carla_msgs/msg/detail/carla_lane_invasion_event__rosidl_typesupport_introspection_cpp.hpp
[1.770s] -- Up-to-date: /home/tofstudent/sa_zhao/install/carla_msgs/include/carla_msgs/msg/detail/carla_weather_parameters__type_support.cpp
[1.770s] -- Up-to-date: /home/tofstudent/sa_zhao/install/carla_msgs/include/carla_msgs/msg/detail/carla_collision_event__type_support.cpp
[1.771s] -- Up-to-date: /home/tofstudent/sa_zhao/install/carla_msgs/include/carla_msgs/msg/detail/carla_ego_vehicle_info_wheel__type_support.cpp
[1.771s] -- Up-to-date: /home/tofstudent/sa_zhao/install/carla_msgs/include/carla_msgs/msg/detail/carla_traffic_light_info__type_support.cpp
[1.771s] -- Up-to-date: /home/tofstudent/sa_zhao/install/carla_msgs/include/carla_msgs/msg/detail/carla_bounding_box__rosidl_typesupport_introspection_cpp.hpp
[1.771s] -- Up-to-date: /home/tofstudent/sa_zhao/install/carla_msgs/include/carla_msgs/msg/detail/carla_traffic_light_info_list__rosidl_typesupport_introspection_cpp.hpp
[1.772s] -- Up-to-date: /home/tofstudent/sa_zhao/install/carla_msgs/include/carla_msgs/msg/detail/carla_ego_vehicle_info__type_support.cpp
[1.773s] -- Up-to-date: /home/tofstudent/sa_zhao/install/carla_msgs/include/carla_msgs/msg/detail/carla_weather_parameters__rosidl_typesupport_introspection_cpp.hpp
[1.774s] -- Up-to-date: /home/tofstudent/sa_zhao/install/carla_msgs/include/carla_msgs/msg/detail/carla_walker_control__type_support.cpp
[1.779s] -- Up-to-date: /home/tofstudent/sa_zhao/install/carla_msgs/include/carla_msgs/msg/detail/carla_traffic_light_info__rosidl_typesupport_introspection_cpp.hpp
[1.780s] -- Up-to-date: /home/tofstudent/sa_zhao/install/carla_msgs/include/carla_msgs/msg/detail/carla_ego_vehicle_info_wheel__rosidl_typesupport_introspection_cpp.hpp
[1.780s] -- Up-to-date: /home/tofstudent/sa_zhao/install/carla_msgs/include/carla_msgs/msg/detail/carla_world_info__rosidl_typesupport_introspection_cpp.hpp
[1.780s] -- Up-to-date: /home/tofstudent/sa_zhao/install/carla_msgs/include/carla_msgs/msg/detail/carla_collision_event__rosidl_typesupport_introspection_cpp.hpp
[1.780s] -- Up-to-date: /home/tofstudent/sa_zhao/install/carla_msgs/include/carla_msgs/msg/detail/carla_actor_list__rosidl_typesupport_introspection_cpp.hpp
[1.781s] -- Up-to-date: /home/tofstudent/sa_zhao/install/carla_msgs/include/carla_msgs/msg/detail/carla_walker_control__rosidl_typesupport_introspection_cpp.hpp
[1.781s] -- Up-to-date: /home/tofstudent/sa_zhao/install/carla_msgs/include/carla_msgs/msg/detail/carla_ego_vehicle_control__type_support.cpp
[1.781s] -- Up-to-date: /home/tofstudent/sa_zhao/install/carla_msgs/include/carla_msgs/msg/detail/carla_bounding_box__type_support.cpp
[1.781s] -- Up-to-date: /home/tofstudent/sa_zhao/install/carla_msgs/include/carla_msgs/msg/detail/carla_traffic_light_status_list__type_support.cpp
[1.782s] -- Up-to-date: /home/tofstudent/sa_zhao/install/carla_msgs/include/carla_msgs/msg/detail/carla_ego_vehicle_status__type_support.cpp
[1.782s] -- Up-to-date: /home/tofstudent/sa_zhao/install/carla_msgs/include/carla_msgs/msg/detail/carla_ego_vehicle_info__rosidl_typesupport_introspection_cpp.hpp
[1.782s] -- Up-to-date: /home/tofstudent/sa_zhao/install/carla_msgs/include/carla_msgs/msg/detail/carla_traffic_light_status_list__rosidl_typesupport_introspection_cpp.hpp
[1.782s] -- Up-to-date: /home/tofstudent/sa_zhao/install/carla_msgs/include/carla_msgs/msg/detail/carla_traffic_light_status__rosidl_typesupport_introspection_cpp.hpp
[1.783s] -- Up-to-date: /home/tofstudent/sa_zhao/install/carla_msgs/include/carla_msgs/msg/detail/carla_lane_invasion_event__type_support.cpp
[1.783s] -- Up-to-date: /home/tofstudent/sa_zhao/install/carla_msgs/include/carla_msgs/msg/detail/carla_traffic_light_info_list__type_support.cpp
[1.783s] -- Up-to-date: /home/tofstudent/sa_zhao/install/carla_msgs/include/carla_msgs/msg/detail/carla_world_info__type_support.cpp
[1.783s] -- Up-to-date: /home/tofstudent/sa_zhao/install/carla_msgs/lib/libcarla_msgs__rosidl_typesupport_introspection_cpp.so
[1.783s] -- Up-to-date: /home/tofstudent/sa_zhao/install/carla_msgs/lib/libcarla_msgs__rosidl_typesupport_cpp.so
[1.784s] -- Up-to-date: /home/tofstudent/sa_zhao/install/carla_msgs/share/carla_msgs/environment/pythonpath.sh
[1.784s] -- Up-to-date: /home/tofstudent/sa_zhao/install/carla_msgs/share/carla_msgs/environment/pythonpath.dsv
[1.784s] -- Up-to-date: /home/tofstudent/sa_zhao/install/carla_msgs/lib/python3.8/site-packages/carla_msgs/__init__.py
[1.784s] -- Up-to-date: /home/tofstudent/sa_zhao/install/carla_msgs/lib/python3.8/site-packages/carla_msgs/msg
[1.784s] -- Up-to-date: /home/tofstudent/sa_zhao/install/carla_msgs/lib/python3.8/site-packages/carla_msgs/msg/_carla_ego_vehicle_info_wheel.py
[1.785s] -- Up-to-date: /home/tofstudent/sa_zhao/install/carla_msgs/lib/python3.8/site-packages/carla_msgs/msg/_carla_status_s.c
[1.785s] -- Up-to-date: /home/tofstudent/sa_zhao/install/carla_msgs/lib/python3.8/site-packages/carla_msgs/msg/_carla_bounding_box_s.c
[1.785s] -- Up-to-date: /home/tofstudent/sa_zhao/install/carla_msgs/lib/python3.8/site-packages/carla_msgs/msg/_carla_traffic_light_status_s.c
[1.785s] -- Up-to-date: /home/tofstudent/sa_zhao/install/carla_msgs/lib/python3.8/site-packages/carla_msgs/msg/_carla_collision_event_s.c
[1.785s] -- Up-to-date: /home/tofstudent/sa_zhao/install/carla_msgs/lib/python3.8/site-packages/carla_msgs/msg/_carla_ego_vehicle_info.py
[1.786s] -- Up-to-date: /home/tofstudent/sa_zhao/install/carla_msgs/lib/python3.8/site-packages/carla_msgs/msg/_carla_traffic_light_status.py
[1.786s] -- Up-to-date: /home/tofstudent/sa_zhao/install/carla_msgs/lib/python3.8/site-packages/carla_msgs/msg/_carla_bounding_box.py
[1.786s] -- Up-to-date: /home/tofstudent/sa_zhao/install/carla_msgs/lib/python3.8/site-packages/carla_msgs/msg/_carla_traffic_light_status_list.py
[1.786s] -- Up-to-date: /home/tofstudent/sa_zhao/install/carla_msgs/lib/python3.8/site-packages/carla_msgs/msg/_carla_world_info_s.c
[1.786s] -- Up-to-date: /home/tofstudent/sa_zhao/install/carla_msgs/lib/python3.8/site-packages/carla_msgs/msg/_carla_ego_vehicle_info_s.c
[1.787s] -- Up-to-date: /home/tofstudent/sa_zhao/install/carla_msgs/lib/python3.8/site-packages/carla_msgs/msg/_carla_ego_vehicle_status_s.c
[1.787s] -- Up-to-date: /home/tofstudent/sa_zhao/install/carla_msgs/lib/python3.8/site-packages/carla_msgs/msg/_carla_traffic_light_info_list_s.c
[1.787s] -- Up-to-date: /home/tofstudent/sa_zhao/install/carla_msgs/lib/python3.8/site-packages/carla_msgs/msg/_carla_actor_list_s.c
[1.788s] -- Up-to-date: /home/tofstudent/sa_zhao/install/carla_msgs/lib/python3.8/site-packages/carla_msgs/msg/_carla_control_s.c
[1.788s] -- Up-to-date: /home/tofstudent/sa_zhao/install/carla_msgs/lib/python3.8/site-packages/carla_msgs/msg/_carla_ego_vehicle_status.py
[1.788s] -- Up-to-date: /home/tofstudent/sa_zhao/install/carla_msgs/lib/python3.8/site-packages/carla_msgs/msg/_carla_collision_event.py
[1.789s] -- Up-to-date: /home/tofstudent/sa_zhao/install/carla_msgs/lib/python3.8/site-packages/carla_msgs/msg/_carla_traffic_light_info.py
[1.789s] -- Up-to-date: /home/tofstudent/sa_zhao/install/carla_msgs/lib/python3.8/site-packages/carla_msgs/msg/_carla_lane_invasion_event.py
[1.789s] -- Up-to-date: /home/tofstudent/sa_zhao/install/carla_msgs/lib/python3.8/site-packages/carla_msgs/msg/_carla_weather_parameters_s.c
[1.789s] -- Up-to-date: /home/tofstudent/sa_zhao/install/carla_msgs/lib/python3.8/site-packages/carla_msgs/msg/_carla_actor_list.py
[1.790s] -- Up-to-date: /home/tofstudent/sa_zhao/install/carla_msgs/lib/python3.8/site-packages/carla_msgs/msg/_carla_weather_parameters.py
[1.790s] -- Up-to-date: /home/tofstudent/sa_zhao/install/carla_msgs/lib/python3.8/site-packages/carla_msgs/msg/_carla_traffic_light_info_s.c
[1.790s] -- Up-to-date: /home/tofstudent/sa_zhao/install/carla_msgs/lib/python3.8/site-packages/carla_msgs/msg/__init__.py
[1.790s] -- Up-to-date: /home/tofstudent/sa_zhao/install/carla_msgs/lib/python3.8/site-packages/carla_msgs/msg/_carla_control.py
[1.790s] -- Up-to-date: /home/tofstudent/sa_zhao/install/carla_msgs/lib/python3.8/site-packages/carla_msgs/msg/_carla_ego_vehicle_control.py
[1.790s] -- Up-to-date: /home/tofstudent/sa_zhao/install/carla_msgs/lib/python3.8/site-packages/carla_msgs/msg/_carla_ego_vehicle_info_wheel_s.c
[1.791s] -- Up-to-date: /home/tofstudent/sa_zhao/install/carla_msgs/lib/python3.8/site-packages/carla_msgs/msg/_carla_actor_info.py
[1.791s] -- Up-to-date: /home/tofstudent/sa_zhao/install/carla_msgs/lib/python3.8/site-packages/carla_msgs/msg/_carla_ego_vehicle_control_s.c
[1.791s] -- Up-to-date: /home/tofstudent/sa_zhao/install/carla_msgs/lib/python3.8/site-packages/carla_msgs/msg/_carla_traffic_light_info_list.py
[1.791s] -- Up-to-date: /home/tofstudent/sa_zhao/install/carla_msgs/lib/python3.8/site-packages/carla_msgs/msg/_carla_lane_invasion_event_s.c
[1.791s] -- Up-to-date: /home/tofstudent/sa_zhao/install/carla_msgs/lib/python3.8/site-packages/carla_msgs/msg/_carla_world_info.py
[1.792s] -- Up-to-date: /home/tofstudent/sa_zhao/install/carla_msgs/lib/python3.8/site-packages/carla_msgs/msg/_carla_walker_control_s.c
[1.792s] -- Up-to-date: /home/tofstudent/sa_zhao/install/carla_msgs/lib/python3.8/site-packages/carla_msgs/msg/_carla_status.py
[1.792s] -- Up-to-date: /home/tofstudent/sa_zhao/install/carla_msgs/lib/python3.8/site-packages/carla_msgs/msg/_carla_traffic_light_status_list_s.c
[1.792s] -- Up-to-date: /home/tofstudent/sa_zhao/install/carla_msgs/lib/python3.8/site-packages/carla_msgs/msg/_carla_walker_control.py
[1.792s] -- Up-to-date: /home/tofstudent/sa_zhao/install/carla_msgs/lib/python3.8/site-packages/carla_msgs/msg/_carla_actor_info_s.c
[1.792s] -- Up-to-date: /home/tofstudent/sa_zhao/install/carla_msgs/lib/python3.8/site-packages/carla_msgs/srv
[1.793s] -- Up-to-date: /home/tofstudent/sa_zhao/install/carla_msgs/lib/python3.8/site-packages/carla_msgs/srv/_get_blueprints_s.c
[1.795s] -- Up-to-date: /home/tofstudent/sa_zhao/install/carla_msgs/lib/python3.8/site-packages/carla_msgs/srv/_destroy_object_s.c
[1.796s] -- Up-to-date: /home/tofstudent/sa_zhao/install/carla_msgs/lib/python3.8/site-packages/carla_msgs/srv/_spawn_object.py
[1.796s] -- Up-to-date: /home/tofstudent/sa_zhao/install/carla_msgs/lib/python3.8/site-packages/carla_msgs/srv/__init__.py
[1.796s] -- Up-to-date: /home/tofstudent/sa_zhao/install/carla_msgs/lib/python3.8/site-packages/carla_msgs/srv/_get_blueprints.py
[1.797s] -- Up-to-date: /home/tofstudent/sa_zhao/install/carla_msgs/lib/python3.8/site-packages/carla_msgs/srv/_destroy_object.py
[1.797s] -- Up-to-date: /home/tofstudent/sa_zhao/install/carla_msgs/lib/python3.8/site-packages/carla_msgs/srv/_spawn_object_s.c
[1.797s] -- Up-to-date: /home/tofstudent/sa_zhao/install/carla_msgs/lib/python3.8/site-packages/carla_msgs/carla_msgs_s__rosidl_typesupport_fastrtps_c.cpython-38-x86_64-linux-gnu.so
[1.798s] -- Up-to-date: /home/tofstudent/sa_zhao/install/carla_msgs/lib/python3.8/site-packages/carla_msgs/carla_msgs_s__rosidl_typesupport_introspection_c.cpython-38-x86_64-linux-gnu.so
[1.798s] -- Up-to-date: /home/tofstudent/sa_zhao/install/carla_msgs/lib/python3.8/site-packages/carla_msgs/carla_msgs_s__rosidl_typesupport_c.cpython-38-x86_64-linux-gnu.so
[1.798s] -- Up-to-date: /home/tofstudent/sa_zhao/install/carla_msgs/lib/libcarla_msgs__python.so
[1.798s] -- Up-to-date: /home/tofstudent/sa_zhao/install/carla_msgs/share/carla_msgs/msg/CarlaBoundingBox.idl
[1.799s] -- Up-to-date: /home/tofstudent/sa_zhao/install/carla_msgs/share/carla_msgs/msg/CarlaEgoVehicleControl.idl
[1.803s] -- Up-to-date: /home/tofstudent/sa_zhao/install/carla_msgs/share/carla_msgs/msg/CarlaEgoVehicleStatus.idl
[1.803s] -- Up-to-date: /home/tofstudent/sa_zhao/install/carla_msgs/share/carla_msgs/msg/CarlaEgoVehicleInfoWheel.idl
[1.803s] -- Up-to-date: /home/tofstudent/sa_zhao/install/carla_msgs/share/carla_msgs/msg/CarlaEgoVehicleInfo.idl
[1.804s] -- Up-to-date: /home/tofstudent/sa_zhao/install/carla_msgs/share/carla_msgs/msg/CarlaCollisionEvent.idl
[1.804s] -- Up-to-date: /home/tofstudent/sa_zhao/install/carla_msgs/share/carla_msgs/msg/CarlaLaneInvasionEvent.idl
[1.804s] -- Up-to-date: /home/tofstudent/sa_zhao/install/carla_msgs/share/carla_msgs/msg/CarlaWorldInfo.idl
[1.805s] -- Up-to-date: /home/tofstudent/sa_zhao/install/carla_msgs/share/carla_msgs/msg/CarlaActorInfo.idl
[1.805s] -- Up-to-date: /home/tofstudent/sa_zhao/install/carla_msgs/share/carla_msgs/msg/CarlaActorList.idl
[1.806s] -- Up-to-date: /home/tofstudent/sa_zhao/install/carla_msgs/share/carla_msgs/msg/CarlaControl.idl
[1.808s] -- Up-to-date: /home/tofstudent/sa_zhao/install/carla_msgs/share/carla_msgs/msg/CarlaStatus.idl
[1.809s] -- Up-to-date: /home/tofstudent/sa_zhao/install/carla_msgs/share/carla_msgs/msg/CarlaTrafficLightInfo.idl
[1.809s] -- Up-to-date: /home/tofstudent/sa_zhao/install/carla_msgs/share/carla_msgs/msg/CarlaTrafficLightInfoList.idl
[1.809s] -- Up-to-date: /home/tofstudent/sa_zhao/install/carla_msgs/share/carla_msgs/msg/CarlaTrafficLightStatus.idl
[1.809s] -- Up-to-date: /home/tofstudent/sa_zhao/install/carla_msgs/share/carla_msgs/msg/CarlaTrafficLightStatusList.idl
[1.810s] -- Up-to-date: /home/tofstudent/sa_zhao/install/carla_msgs/share/carla_msgs/msg/CarlaWalkerControl.idl
[1.810s] -- Up-to-date: /home/tofstudent/sa_zhao/install/carla_msgs/share/carla_msgs/msg/CarlaWeatherParameters.idl
[1.810s] -- Up-to-date: /home/tofstudent/sa_zhao/install/carla_msgs/share/carla_msgs/srv/SpawnObject.idl
[1.813s] -- Up-to-date: /home/tofstudent/sa_zhao/install/carla_msgs/share/carla_msgs/srv/DestroyObject.idl
[1.814s] -- Up-to-date: /home/tofstudent/sa_zhao/install/carla_msgs/share/carla_msgs/srv/GetBlueprints.idl
[1.814s] -- Up-to-date: /home/tofstudent/sa_zhao/install/carla_msgs/share/carla_msgs/msg/CarlaBoundingBox.msg
[1.814s] -- Up-to-date: /home/tofstudent/sa_zhao/install/carla_msgs/share/carla_msgs/msg/CarlaEgoVehicleControl.msg
[1.815s] -- Up-to-date: /home/tofstudent/sa_zhao/install/carla_msgs/share/carla_msgs/msg/CarlaEgoVehicleStatus.msg
[1.815s] -- Up-to-date: /home/tofstudent/sa_zhao/install/carla_msgs/share/carla_msgs/msg/CarlaEgoVehicleInfoWheel.msg
[1.816s] -- Up-to-date: /home/tofstudent/sa_zhao/install/carla_msgs/share/carla_msgs/msg/CarlaEgoVehicleInfo.msg
[1.816s] -- Up-to-date: /home/tofstudent/sa_zhao/install/carla_msgs/share/carla_msgs/msg/CarlaCollisionEvent.msg
[1.816s] -- Up-to-date: /home/tofstudent/sa_zhao/install/carla_msgs/share/carla_msgs/msg/CarlaLaneInvasionEvent.msg
[1.817s] -- Up-to-date: /home/tofstudent/sa_zhao/install/carla_msgs/share/carla_msgs/msg/CarlaWorldInfo.msg
[1.817s] -- Up-to-date: /home/tofstudent/sa_zhao/install/carla_msgs/share/carla_msgs/msg/CarlaActorInfo.msg
[1.817s] -- Up-to-date: /home/tofstudent/sa_zhao/install/carla_msgs/share/carla_msgs/msg/CarlaActorList.msg
[1.818s] -- Up-to-date: /home/tofstudent/sa_zhao/install/carla_msgs/share/carla_msgs/msg/CarlaControl.msg
[1.818s] -- Up-to-date: /home/tofstudent/sa_zhao/install/carla_msgs/share/carla_msgs/msg/CarlaStatus.msg
[1.818s] -- Up-to-date: /home/tofstudent/sa_zhao/install/carla_msgs/share/carla_msgs/msg/CarlaTrafficLightInfo.msg
[1.818s] -- Up-to-date: /home/tofstudent/sa_zhao/install/carla_msgs/share/carla_msgs/msg/CarlaTrafficLightInfoList.msg
[1.819s] -- Up-to-date: /home/tofstudent/sa_zhao/install/carla_msgs/share/carla_msgs/msg/CarlaTrafficLightStatus.msg
[1.819s] -- Up-to-date: /home/tofstudent/sa_zhao/install/carla_msgs/share/carla_msgs/msg/CarlaTrafficLightStatusList.msg
[1.821s] -- Up-to-date: /home/tofstudent/sa_zhao/install/carla_msgs/share/carla_msgs/msg/CarlaWalkerControl.msg
[1.822s] -- Up-to-date: /home/tofstudent/sa_zhao/install/carla_msgs/share/carla_msgs/msg/CarlaWeatherParameters.msg
[1.822s] -- Up-to-date: /home/tofstudent/sa_zhao/install/carla_msgs/share/carla_msgs/srv/SpawnObject.srv
[1.823s] -- Up-to-date: /home/tofstudent/sa_zhao/install/carla_msgs/share/carla_msgs/srv/SpawnObject_Request.msg
[1.823s] -- Up-to-date: /home/tofstudent/sa_zhao/install/carla_msgs/share/carla_msgs/srv/SpawnObject_Response.msg
[1.824s] -- Up-to-date: /home/tofstudent/sa_zhao/install/carla_msgs/share/carla_msgs/srv/DestroyObject.srv
[1.825s] -- Up-to-date: /home/tofstudent/sa_zhao/install/carla_msgs/share/carla_msgs/srv/DestroyObject_Request.msg
[1.832s] -- Up-to-date: /home/tofstudent/sa_zhao/install/carla_msgs/share/carla_msgs/srv/DestroyObject_Response.msg
[1.833s] -- Up-to-date: /home/tofstudent/sa_zhao/install/carla_msgs/share/carla_msgs/srv/GetBlueprints.srv
[1.833s] -- Up-to-date: /home/tofstudent/sa_zhao/install/carla_msgs/share/carla_msgs/srv/GetBlueprints_Request.msg
[1.833s] -- Up-to-date: /home/tofstudent/sa_zhao/install/carla_msgs/share/carla_msgs/srv/GetBlueprints_Response.msg
[1.833s] -- Up-to-date: /home/tofstudent/sa_zhao/install/carla_msgs/share/ament_index/resource_index/package_run_dependencies/carla_msgs
[1.833s] -- Up-to-date: /home/tofstudent/sa_zhao/install/carla_msgs/share/ament_index/resource_index/parent_prefix_path/carla_msgs
[1.834s] -- Up-to-date: /home/tofstudent/sa_zhao/install/carla_msgs/share/carla_msgs/environment/ament_prefix_path.sh
[1.834s] -- Up-to-date: /home/tofstudent/sa_zhao/install/carla_msgs/share/carla_msgs/environment/ament_prefix_path.dsv
[1.834s] -- Up-to-date: /home/tofstudent/sa_zhao/install/carla_msgs/share/carla_msgs/environment/path.sh
[1.834s] -- Up-to-date: /home/tofstudent/sa_zhao/install/carla_msgs/share/carla_msgs/environment/path.dsv
[1.834s] -- Up-to-date: /home/tofstudent/sa_zhao/install/carla_msgs/share/carla_msgs/local_setup.bash
[1.835s] -- Up-to-date: /home/tofstudent/sa_zhao/install/carla_msgs/share/carla_msgs/local_setup.sh
[1.835s] -- Up-to-date: /home/tofstudent/sa_zhao/install/carla_msgs/share/carla_msgs/local_setup.zsh
[1.835s] -- Up-to-date: /home/tofstudent/sa_zhao/install/carla_msgs/share/carla_msgs/local_setup.dsv
[1.835s] -- Installing: /home/tofstudent/sa_zhao/install/carla_msgs/share/carla_msgs/package.dsv
[1.835s] -- Up-to-date: /home/tofstudent/sa_zhao/install/carla_msgs/share/ament_index/resource_index/packages/carla_msgs
[1.836s] -- Up-to-date: /home/tofstudent/sa_zhao/install/carla_msgs/share/carla_msgs/cmake/carla_msgs__rosidl_generator_cExport.cmake
[1.836s] -- Up-to-date: /home/tofstudent/sa_zhao/install/carla_msgs/share/carla_msgs/cmake/carla_msgs__rosidl_generator_cExport-noconfig.cmake
[1.836s] -- Up-to-date: /home/tofstudent/sa_zhao/install/carla_msgs/share/carla_msgs/cmake/carla_msgs__rosidl_typesupport_introspection_cExport.cmake
[1.836s] -- Up-to-date: /home/tofstudent/sa_zhao/install/carla_msgs/share/carla_msgs/cmake/carla_msgs__rosidl_typesupport_introspection_cExport-noconfig.cmake
[1.837s] -- Up-to-date: /home/tofstudent/sa_zhao/install/carla_msgs/share/carla_msgs/cmake/carla_msgs__rosidl_typesupport_cExport.cmake
[1.837s] -- Up-to-date: /home/tofstudent/sa_zhao/install/carla_msgs/share/carla_msgs/cmake/carla_msgs__rosidl_typesupport_cExport-noconfig.cmake
[1.837s] -- Up-to-date: /home/tofstudent/sa_zhao/install/carla_msgs/share/carla_msgs/cmake/carla_msgs__rosidl_generator_cppExport.cmake
[1.837s] -- Up-to-date: /home/tofstudent/sa_zhao/install/carla_msgs/share/carla_msgs/cmake/carla_msgs__rosidl_typesupport_introspection_cppExport.cmake
[1.837s] -- Up-to-date: /home/tofstudent/sa_zhao/install/carla_msgs/share/carla_msgs/cmake/carla_msgs__rosidl_typesupport_introspection_cppExport-noconfig.cmake
[1.838s] -- Up-to-date: /home/tofstudent/sa_zhao/install/carla_msgs/share/carla_msgs/cmake/carla_msgs__rosidl_typesupport_cppExport.cmake
[1.838s] -- Up-to-date: /home/tofstudent/sa_zhao/install/carla_msgs/share/carla_msgs/cmake/carla_msgs__rosidl_typesupport_cppExport-noconfig.cmake
[1.838s] -- Up-to-date: /home/tofstudent/sa_zhao/install/carla_msgs/share/carla_msgs/cmake/rosidl_cmake-extras.cmake
[1.838s] -- Up-to-date: /home/tofstudent/sa_zhao/install/carla_msgs/share/carla_msgs/cmake/ament_cmake_export_dependencies-extras.cmake
[1.838s] -- Up-to-date: /home/tofstudent/sa_zhao/install/carla_msgs/share/carla_msgs/cmake/ament_cmake_export_libraries-extras.cmake
[1.839s] -- Up-to-date: /home/tofstudent/sa_zhao/install/carla_msgs/share/carla_msgs/cmake/ament_cmake_export_targets-extras.cmake
[1.839s] -- Up-to-date: /home/tofstudent/sa_zhao/install/carla_msgs/share/carla_msgs/cmake/ament_cmake_export_include_directories-extras.cmake
[1.839s] -- Up-to-date: /home/tofstudent/sa_zhao/install/carla_msgs/share/carla_msgs/cmake/rosidl_cmake_export_typesupport_libraries-extras.cmake
[1.839s] -- Up-to-date: /home/tofstudent/sa_zhao/install/carla_msgs/share/carla_msgs/cmake/rosidl_cmake_export_typesupport_targets-extras.cmake
[1.839s] -- Up-to-date: /home/tofstudent/sa_zhao/install/carla_msgs/share/carla_msgs/cmake/carla_msgsConfig.cmake
[1.839s] -- Up-to-date: /home/tofstudent/sa_zhao/install/carla_msgs/share/carla_msgs/cmake/carla_msgsConfig-version.cmake
[1.839s] -- Up-to-date: /home/tofstudent/sa_zhao/install/carla_msgs/share/carla_msgs/package.xml
[1.841s] Invoked command in '/home/tofstudent/sa_zhao/build/carla_msgs' returned '0': CMAKE_PREFIX_PATH=/opt/ros/foxy /usr/bin/cmake --install /home/tofstudent/sa_zhao/build/carla_msgs
