[0.318s] Invoking command in '/home/tofstudent/sa_zhao/build/autoware_auto_control_msgs': CMAKE_PREFIX_PATH=/opt/ros/foxy /usr/bin/cmake --build /home/tofstudent/sa_zhao/build/autoware_auto_control_msgs -- -j8 -l8
[0.404s] [  9%] Built target autoware_auto_control_msgs__rosidl_generator_c
[0.416s] [ 12%] Built target autoware_auto_control_msgs__cpp
[0.509s] [ 22%] Built target autoware_auto_control_msgs__rosidl_typesupport_introspection_c
[0.518s] [ 32%] Built target autoware_auto_control_msgs__rosidl_typesupport_cpp
[0.524s] [ 41%] Built target autoware_auto_control_msgs__rosidl_typesupport_c
[0.525s] [ 51%] Built target autoware_auto_control_msgs__rosidl_typesupport_fastrtps_cpp
[0.527s] [ 61%] Built target autoware_auto_control_msgs__rosidl_typesupport_introspection_cpp
[0.592s] [ 70%] Built target autoware_auto_control_msgs__rosidl_typesupport_fastrtps_c
[0.621s] [ 70%] Built target autoware_auto_control_msgs
[0.648s] [ 74%] Built target autoware_auto_control_msgs__py
[0.684s] [ 80%] Built target autoware_auto_control_msgs__python
[0.724s] [ 87%] Built target autoware_auto_control_msgs__rosidl_typesupport_fastrtps_c__pyext
[0.725s] [ 93%] Built target autoware_auto_control_msgs__rosidl_typesupport_introspection_c__pyext
[0.725s] [100%] Built target autoware_auto_control_msgs__rosidl_typesupport_c__pyext
[0.805s] Invoked command in '/home/tofstudent/sa_zhao/build/autoware_auto_control_msgs' returned '0': CMAKE_PREFIX_PATH=/opt/ros/foxy /usr/bin/cmake --build /home/tofstudent/sa_zhao/build/autoware_auto_control_msgs -- -j8 -l8
[0.929s] Invoking command in '/home/tofstudent/sa_zhao/build/autoware_auto_control_msgs': CMAKE_PREFIX_PATH=/opt/ros/foxy /usr/bin/cmake --install /home/tofstudent/sa_zhao/build/autoware_auto_control_msgs
[0.945s] -- Install configuration: ""
[0.946s] -- Up-to-date: /home/tofstudent/sa_zhao/install/autoware_auto_control_msgs/share/ament_index/resource_index/rosidl_interfaces/autoware_auto_control_msgs
[0.946s] -- Up-to-date: /home/tofstudent/sa_zhao/install/autoware_auto_control_msgs/include/autoware_auto_control_msgs
[0.946s] -- Up-to-date: /home/tofstudent/sa_zhao/install/autoware_auto_control_msgs/include/autoware_auto_control_msgs/msg
[0.947s] -- Up-to-date: /home/tofstudent/sa_zhao/install/autoware_auto_control_msgs/include/autoware_auto_control_msgs/msg/ackermann_lateral_command.h
[0.947s] -- Up-to-date: /home/tofstudent/sa_zhao/install/autoware_auto_control_msgs/include/autoware_auto_control_msgs/msg/detail
[0.947s] -- Up-to-date: /home/tofstudent/sa_zhao/install/autoware_auto_control_msgs/include/autoware_auto_control_msgs/msg/detail/ackermann_lateral_command__functions.c
[0.947s] -- Up-to-date: /home/tofstudent/sa_zhao/install/autoware_auto_control_msgs/include/autoware_auto_control_msgs/msg/detail/ackermann_lateral_command__functions.h
[0.947s] -- Up-to-date: /home/tofstudent/sa_zhao/install/autoware_auto_control_msgs/include/autoware_auto_control_msgs/msg/detail/ackermann_lateral_command__struct.h
[0.947s] -- Up-to-date: /home/tofstudent/sa_zhao/install/autoware_auto_control_msgs/include/autoware_auto_control_msgs/msg/detail/ackermann_lateral_command__type_support.h
[0.948s] -- Up-to-date: /home/tofstudent/sa_zhao/install/autoware_auto_control_msgs/include/autoware_auto_control_msgs/msg/rosidl_generator_c__visibility_control.h
[0.948s] -- Up-to-date: /home/tofstudent/sa_zhao/install/autoware_auto_control_msgs/share/autoware_auto_control_msgs/environment/library_path.sh
[0.948s] -- Up-to-date: /home/tofstudent/sa_zhao/install/autoware_auto_control_msgs/share/autoware_auto_control_msgs/environment/library_path.dsv
[0.948s] -- Up-to-date: /home/tofstudent/sa_zhao/install/autoware_auto_control_msgs/lib/libautoware_auto_control_msgs__rosidl_generator_c.so
[0.950s] -- Up-to-date: /home/tofstudent/sa_zhao/install/autoware_auto_control_msgs/include/autoware_auto_control_msgs
[0.951s] -- Up-to-date: /home/tofstudent/sa_zhao/install/autoware_auto_control_msgs/include/autoware_auto_control_msgs/msg
[0.951s] -- Up-to-date: /home/tofstudent/sa_zhao/install/autoware_auto_control_msgs/include/autoware_auto_control_msgs/msg/rosidl_typesupport_fastrtps_c__visibility_control.h
[0.951s] -- Up-to-date: /home/tofstudent/sa_zhao/install/autoware_auto_control_msgs/include/autoware_auto_control_msgs/msg/detail
[0.951s] -- Up-to-date: /home/tofstudent/sa_zhao/install/autoware_auto_control_msgs/include/autoware_auto_control_msgs/msg/detail/ackermann_lateral_command__rosidl_typesupport_fastrtps_c.h
[0.951s] -- Up-to-date: /home/tofstudent/sa_zhao/install/autoware_auto_control_msgs/lib/libautoware_auto_control_msgs__rosidl_typesupport_fastrtps_c.so
[0.951s] -- Up-to-date: /home/tofstudent/sa_zhao/install/autoware_auto_control_msgs/include/autoware_auto_control_msgs
[0.952s] -- Up-to-date: /home/tofstudent/sa_zhao/install/autoware_auto_control_msgs/include/autoware_auto_control_msgs/msg
[0.959s] -- Up-to-date: /home/tofstudent/sa_zhao/install/autoware_auto_control_msgs/include/autoware_auto_control_msgs/msg/rosidl_typesupport_fastrtps_cpp__visibility_control.h
[0.959s] -- Up-to-date: /home/tofstudent/sa_zhao/install/autoware_auto_control_msgs/include/autoware_auto_control_msgs/msg/detail
[0.959s] -- Up-to-date: /home/tofstudent/sa_zhao/install/autoware_auto_control_msgs/include/autoware_auto_control_msgs/msg/detail/ackermann_lateral_command__rosidl_typesupport_fastrtps_cpp.hpp
[0.959s] -- Up-to-date: /home/tofstudent/sa_zhao/install/autoware_auto_control_msgs/include/autoware_auto_control_msgs/msg/detail/dds_fastrtps
[0.959s] -- Up-to-date: /home/tofstudent/sa_zhao/install/autoware_auto_control_msgs/lib/libautoware_auto_control_msgs__rosidl_typesupport_fastrtps_cpp.so
[0.960s] -- Up-to-date: /home/tofstudent/sa_zhao/install/autoware_auto_control_msgs/include/autoware_auto_control_msgs
[0.960s] -- Up-to-date: /home/tofstudent/sa_zhao/install/autoware_auto_control_msgs/include/autoware_auto_control_msgs/msg
[0.960s] -- Up-to-date: /home/tofstudent/sa_zhao/install/autoware_auto_control_msgs/include/autoware_auto_control_msgs/msg/detail
[0.960s] -- Up-to-date: /home/tofstudent/sa_zhao/install/autoware_auto_control_msgs/include/autoware_auto_control_msgs/msg/detail/ackermann_lateral_command__type_support.c
[0.960s] -- Up-to-date: /home/tofstudent/sa_zhao/install/autoware_auto_control_msgs/include/autoware_auto_control_msgs/msg/detail/ackermann_lateral_command__rosidl_typesupport_introspection_c.h
[0.960s] -- Up-to-date: /home/tofstudent/sa_zhao/install/autoware_auto_control_msgs/include/autoware_auto_control_msgs/msg/rosidl_typesupport_introspection_c__visibility_control.h
[0.960s] -- Up-to-date: /home/tofstudent/sa_zhao/install/autoware_auto_control_msgs/lib/libautoware_auto_control_msgs__rosidl_typesupport_introspection_c.so
[0.960s] -- Up-to-date: /home/tofstudent/sa_zhao/install/autoware_auto_control_msgs/lib/libautoware_auto_control_msgs__rosidl_typesupport_c.so
[0.960s] -- Up-to-date: /home/tofstudent/sa_zhao/install/autoware_auto_control_msgs/include/autoware_auto_control_msgs
[0.960s] -- Up-to-date: /home/tofstudent/sa_zhao/install/autoware_auto_control_msgs/include/autoware_auto_control_msgs/msg
[0.961s] -- Up-to-date: /home/tofstudent/sa_zhao/install/autoware_auto_control_msgs/include/autoware_auto_control_msgs/msg/detail
[0.961s] -- Up-to-date: /home/tofstudent/sa_zhao/install/autoware_auto_control_msgs/include/autoware_auto_control_msgs/msg/detail/ackermann_lateral_command__traits.hpp
[0.961s] -- Up-to-date: /home/tofstudent/sa_zhao/install/autoware_auto_control_msgs/include/autoware_auto_control_msgs/msg/detail/ackermann_lateral_command__builder.hpp
[0.962s] -- Up-to-date: /home/tofstudent/sa_zhao/install/autoware_auto_control_msgs/include/autoware_auto_control_msgs/msg/detail/ackermann_lateral_command__struct.hpp
[0.962s] -- Up-to-date: /home/tofstudent/sa_zhao/install/autoware_auto_control_msgs/include/autoware_auto_control_msgs/msg/ackermann_lateral_command.hpp
[0.962s] -- Up-to-date: /home/tofstudent/sa_zhao/install/autoware_auto_control_msgs/include/autoware_auto_control_msgs
[0.962s] -- Up-to-date: /home/tofstudent/sa_zhao/install/autoware_auto_control_msgs/include/autoware_auto_control_msgs/msg
[0.962s] -- Up-to-date: /home/tofstudent/sa_zhao/install/autoware_auto_control_msgs/include/autoware_auto_control_msgs/msg/detail
[0.966s] -- Up-to-date: /home/tofstudent/sa_zhao/install/autoware_auto_control_msgs/include/autoware_auto_control_msgs/msg/detail/ackermann_lateral_command__rosidl_typesupport_introspection_cpp.hpp
[0.966s] -- Up-to-date: /home/tofstudent/sa_zhao/install/autoware_auto_control_msgs/include/autoware_auto_control_msgs/msg/detail/ackermann_lateral_command__type_support.cpp
[0.966s] -- Up-to-date: /home/tofstudent/sa_zhao/install/autoware_auto_control_msgs/lib/libautoware_auto_control_msgs__rosidl_typesupport_introspection_cpp.so
[0.966s] -- Up-to-date: /home/tofstudent/sa_zhao/install/autoware_auto_control_msgs/lib/libautoware_auto_control_msgs__rosidl_typesupport_cpp.so
[0.966s] -- Up-to-date: /home/tofstudent/sa_zhao/install/autoware_auto_control_msgs/share/autoware_auto_control_msgs/environment/pythonpath.sh
[0.966s] -- Up-to-date: /home/tofstudent/sa_zhao/install/autoware_auto_control_msgs/share/autoware_auto_control_msgs/environment/pythonpath.dsv
[0.966s] -- Up-to-date: /home/tofstudent/sa_zhao/install/autoware_auto_control_msgs/lib/python3.8/site-packages/autoware_auto_control_msgs/__init__.py
[1.016s] -- Up-to-date: /home/tofstudent/sa_zhao/install/autoware_auto_control_msgs/lib/python3.8/site-packages/autoware_auto_control_msgs/msg
[1.016s] -- Up-to-date: /home/tofstudent/sa_zhao/install/autoware_auto_control_msgs/lib/python3.8/site-packages/autoware_auto_control_msgs/msg/_ackermann_lateral_command.py
[1.016s] -- Up-to-date: /home/tofstudent/sa_zhao/install/autoware_auto_control_msgs/lib/python3.8/site-packages/autoware_auto_control_msgs/msg/_ackermann_lateral_command_s.c
[1.016s] -- Up-to-date: /home/tofstudent/sa_zhao/install/autoware_auto_control_msgs/lib/python3.8/site-packages/autoware_auto_control_msgs/msg/__init__.py
[1.016s] -- Up-to-date: /home/tofstudent/sa_zhao/install/autoware_auto_control_msgs/lib/python3.8/site-packages/autoware_auto_control_msgs/autoware_auto_control_msgs_s__rosidl_typesupport_fastrtps_c.cpython-38-x86_64-linux-gnu.so
[1.016s] -- Up-to-date: /home/tofstudent/sa_zhao/install/autoware_auto_control_msgs/lib/python3.8/site-packages/autoware_auto_control_msgs/autoware_auto_control_msgs_s__rosidl_typesupport_introspection_c.cpython-38-x86_64-linux-gnu.so
[1.022s] -- Up-to-date: /home/tofstudent/sa_zhao/install/autoware_auto_control_msgs/lib/python3.8/site-packages/autoware_auto_control_msgs/autoware_auto_control_msgs_s__rosidl_typesupport_c.cpython-38-x86_64-linux-gnu.so
[1.026s] -- Up-to-date: /home/tofstudent/sa_zhao/install/autoware_auto_control_msgs/lib/libautoware_auto_control_msgs__python.so
[1.031s] -- Up-to-date: /home/tofstudent/sa_zhao/install/autoware_auto_control_msgs/share/autoware_auto_control_msgs/msg/AckermannLateralCommand.idl
[1.031s] -- Up-to-date: /home/tofstudent/sa_zhao/install/autoware_auto_control_msgs/share/ament_index/resource_index/package_run_dependencies/autoware_auto_control_msgs
[1.031s] -- Up-to-date: /home/tofstudent/sa_zhao/install/autoware_auto_control_msgs/share/ament_index/resource_index/parent_prefix_path/autoware_auto_control_msgs
[1.031s] -- Up-to-date: /home/tofstudent/sa_zhao/install/autoware_auto_control_msgs/share/autoware_auto_control_msgs/environment/ament_prefix_path.sh
[1.031s] -- Up-to-date: /home/tofstudent/sa_zhao/install/autoware_auto_control_msgs/share/autoware_auto_control_msgs/environment/ament_prefix_path.dsv
[1.031s] -- Up-to-date: /home/tofstudent/sa_zhao/install/autoware_auto_control_msgs/share/autoware_auto_control_msgs/environment/path.sh
[1.031s] -- Up-to-date: /home/tofstudent/sa_zhao/install/autoware_auto_control_msgs/share/autoware_auto_control_msgs/environment/path.dsv
[1.032s] -- Up-to-date: /home/tofstudent/sa_zhao/install/autoware_auto_control_msgs/share/autoware_auto_control_msgs/local_setup.bash
[1.032s] -- Up-to-date: /home/tofstudent/sa_zhao/install/autoware_auto_control_msgs/share/autoware_auto_control_msgs/local_setup.sh
[1.032s] -- Up-to-date: /home/tofstudent/sa_zhao/install/autoware_auto_control_msgs/share/autoware_auto_control_msgs/local_setup.zsh
[1.032s] -- Up-to-date: /home/tofstudent/sa_zhao/install/autoware_auto_control_msgs/share/autoware_auto_control_msgs/local_setup.dsv
[1.032s] -- Installing: /home/tofstudent/sa_zhao/install/autoware_auto_control_msgs/share/autoware_auto_control_msgs/package.dsv
[1.033s] -- Up-to-date: /home/tofstudent/sa_zhao/install/autoware_auto_control_msgs/share/ament_index/resource_index/packages/autoware_auto_control_msgs
[1.036s] -- Up-to-date: /home/tofstudent/sa_zhao/install/autoware_auto_control_msgs/share/autoware_auto_control_msgs/cmake/autoware_auto_control_msgs__rosidl_generator_cExport.cmake
[1.043s] -- Up-to-date: /home/tofstudent/sa_zhao/install/autoware_auto_control_msgs/share/autoware_auto_control_msgs/cmake/autoware_auto_control_msgs__rosidl_generator_cExport-noconfig.cmake
[1.044s] -- Up-to-date: /home/tofstudent/sa_zhao/install/autoware_auto_control_msgs/share/autoware_auto_control_msgs/cmake/autoware_auto_control_msgs__rosidl_typesupport_introspection_cExport.cmake
[1.044s] -- Up-to-date: /home/tofstudent/sa_zhao/install/autoware_auto_control_msgs/share/autoware_auto_control_msgs/cmake/autoware_auto_control_msgs__rosidl_typesupport_introspection_cExport-noconfig.cmake
[1.044s] -- Up-to-date: /home/tofstudent/sa_zhao/install/autoware_auto_control_msgs/share/autoware_auto_control_msgs/cmake/autoware_auto_control_msgs__rosidl_typesupport_cExport.cmake
[1.044s] -- Up-to-date: /home/tofstudent/sa_zhao/install/autoware_auto_control_msgs/share/autoware_auto_control_msgs/cmake/autoware_auto_control_msgs__rosidl_typesupport_cExport-noconfig.cmake
[1.044s] -- Up-to-date: /home/tofstudent/sa_zhao/install/autoware_auto_control_msgs/share/autoware_auto_control_msgs/cmake/autoware_auto_control_msgs__rosidl_generator_cppExport.cmake
[1.044s] -- Up-to-date: /home/tofstudent/sa_zhao/install/autoware_auto_control_msgs/share/autoware_auto_control_msgs/cmake/autoware_auto_control_msgs__rosidl_typesupport_introspection_cppExport.cmake
[1.044s] -- Up-to-date: /home/tofstudent/sa_zhao/install/autoware_auto_control_msgs/share/autoware_auto_control_msgs/cmake/autoware_auto_control_msgs__rosidl_typesupport_introspection_cppExport-noconfig.cmake
[1.045s] -- Up-to-date: /home/tofstudent/sa_zhao/install/autoware_auto_control_msgs/share/autoware_auto_control_msgs/cmake/autoware_auto_control_msgs__rosidl_typesupport_cppExport.cmake
[1.045s] -- Up-to-date: /home/tofstudent/sa_zhao/install/autoware_auto_control_msgs/share/autoware_auto_control_msgs/cmake/autoware_auto_control_msgs__rosidl_typesupport_cppExport-noconfig.cmake
[1.045s] -- Up-to-date: /home/tofstudent/sa_zhao/install/autoware_auto_control_msgs/share/autoware_auto_control_msgs/cmake/rosidl_cmake-extras.cmake
[1.045s] -- Up-to-date: /home/tofstudent/sa_zhao/install/autoware_auto_control_msgs/share/autoware_auto_control_msgs/cmake/ament_cmake_export_dependencies-extras.cmake
[1.045s] -- Up-to-date: /home/tofstudent/sa_zhao/install/autoware_auto_control_msgs/share/autoware_auto_control_msgs/cmake/ament_cmake_export_libraries-extras.cmake
[1.045s] -- Up-to-date: /home/tofstudent/sa_zhao/install/autoware_auto_control_msgs/share/autoware_auto_control_msgs/cmake/ament_cmake_export_targets-extras.cmake
[1.045s] -- Up-to-date: /home/tofstudent/sa_zhao/install/autoware_auto_control_msgs/share/autoware_auto_control_msgs/cmake/ament_cmake_export_include_directories-extras.cmake
[1.045s] -- Up-to-date: /home/tofstudent/sa_zhao/install/autoware_auto_control_msgs/share/autoware_auto_control_msgs/cmake/rosidl_cmake_export_typesupport_libraries-extras.cmake
[1.046s] -- Up-to-date: /home/tofstudent/sa_zhao/install/autoware_auto_control_msgs/share/autoware_auto_control_msgs/cmake/rosidl_cmake_export_typesupport_targets-extras.cmake
[1.046s] -- Up-to-date: /home/tofstudent/sa_zhao/install/autoware_auto_control_msgs/share/autoware_auto_control_msgs/cmake/autoware_auto_control_msgsConfig.cmake
[1.046s] -- Up-to-date: /home/tofstudent/sa_zhao/install/autoware_auto_control_msgs/share/autoware_auto_control_msgs/cmake/autoware_auto_control_msgsConfig-version.cmake
[1.046s] -- Up-to-date: /home/tofstudent/sa_zhao/install/autoware_auto_control_msgs/share/autoware_auto_control_msgs/package.xml
[1.051s] Invoked command in '/home/tofstudent/sa_zhao/build/autoware_auto_control_msgs' returned '0': CMAKE_PREFIX_PATH=/opt/ros/foxy /usr/bin/cmake --install /home/tofstudent/sa_zhao/build/autoware_auto_control_msgs
