[0.033s] Invoking command in '/home/tofstudent/sa_zhao/build/autoware_auto_vehicle_msgs': CMAKE_PREFIX_PATH=/opt/ros/foxy /usr/bin/cmake /home/tofstudent/sa_zhao/src/autoware_auto_vehicle_msgs -DCMAKE_INSTALL_PREFIX=/home/tofstudent/sa_zhao/install/autoware_auto_vehicle_msgs
[0.159s] -- The C compiler identification is GNU 8.4.0
[0.240s] -- The CXX compiler identification is GNU 8.4.0
[0.247s] -- Check for working C compiler: /usr/bin/cc
[0.360s] -- Check for working C compiler: /usr/bin/cc -- works
[0.361s] -- Detecting C compiler ABI info
[0.492s] -- Detecting C compiler ABI info - done
[0.512s] -- Detecting C compile features
[0.513s] -- Detecting C compile features - done
[0.517s] -- Check for working CXX compiler: /usr/bin/c++
[0.655s] -- Check for working CXX compiler: /usr/bin/c++ -- works
[0.657s] -- Detecting CXX compiler ABI info
[0.779s] -- Detecting CXX compiler ABI info - done
[0.796s] -- Detecting CXX compile features
[0.797s] -- Detecting CXX compile features - done
[0.799s] -- Found ament_cmake_auto: 0.9.11 (/opt/ros/foxy/share/ament_cmake_auto/cmake)
[0.833s] -- Found PythonInterp: /usr/bin/python3 (found suitable version "3.8.10", minimum required is "3") 
[0.833s] -- Using PYTHON_EXECUTABLE: /usr/bin/python3
[1.226s] -- Using all available rosidl_typesupport_c: rosidl_typesupport_fastrtps_c;rosidl_typesupport_introspection_c
[1.235s] -- Found rosidl_adapter: 1.3.0 (/opt/ros/foxy/share/rosidl_adapter/cmake)
[1.369s] -- Found OpenSSL: /usr/lib/x86_64-linux-gnu/libcrypto.so (found version "1.1.1f")  
[1.419s] -- Found FastRTPS: /opt/ros/foxy/include  
[1.590s] -- Using all available rosidl_typesupport_cpp: rosidl_typesupport_fastrtps_cpp;rosidl_typesupport_introspection_cpp
[1.728s] -- Found ament_cmake_cppcheck: 0.9.7 (/opt/ros/foxy/share/ament_cmake_cppcheck/cmake)
[1.730s] -- Found ament_cmake_cpplint: 0.9.7 (/opt/ros/foxy/share/ament_cmake_cpplint/cmake)
[1.733s] -- Found ament_cmake_uncrustify: 0.9.7 (/opt/ros/foxy/share/ament_cmake_uncrustify/cmake)
[1.736s] -- Found ament_cmake_ros: 0.9.2 (/opt/ros/foxy/share/ament_cmake_ros/cmake)
[1.944s] -- Using all available rosidl_typesupport_c: rosidl_typesupport_fastrtps_c;rosidl_typesupport_introspection_c
[1.971s] -- Using all available rosidl_typesupport_cpp: rosidl_typesupport_fastrtps_cpp;rosidl_typesupport_introspection_cpp
[2.019s] -- Found PythonInterp: /usr/bin/python3 (found suitable version "3.8.10", minimum required is "3.5") 
[2.021s] -- Found python_cmake_module: 0.8.1 (/opt/ros/foxy/share/python_cmake_module/cmake)
[2.122s] -- Found PythonLibs: /usr/lib/x86_64-linux-gnu/libpython3.8.so (found suitable version "3.8.10", minimum required is "3.5") 
[2.122s] -- Using PYTHON_EXECUTABLE: /usr/bin/python3
[2.122s] -- Using PYTHON_INCLUDE_DIRS: /usr/include/python3.8
[2.122s] -- Using PYTHON_LIBRARIES: /usr/lib/x86_64-linux-gnu/libpython3.8.so
[2.171s] -- Found PythonExtra: .so  
[2.259s] -- Found ament_cmake_flake8: 0.9.7 (/opt/ros/foxy/share/ament_cmake_flake8/cmake)
[2.263s] -- Found ament_cmake_pep257: 0.9.7 (/opt/ros/foxy/share/ament_cmake_pep257/cmake)
[2.267s] -- Found ament_lint_auto: 0.9.7 (/opt/ros/foxy/share/ament_lint_auto/cmake)
[2.300s] -- Added test 'copyright' to check source files copyright and LICENSE
[2.311s] -- Added test 'lint_cmake' to check CMake code style
[2.312s] -- Added test 'xmllint' to check XML markup files
[2.337s] -- Configuring done
[2.445s] -- Generating done
[2.460s] -- Build files have been written to: /home/tofstudent/sa_zhao/build/autoware_auto_vehicle_msgs
[2.492s] Invoked command in '/home/tofstudent/sa_zhao/build/autoware_auto_vehicle_msgs' returned '0': CMAKE_PREFIX_PATH=/opt/ros/foxy /usr/bin/cmake /home/tofstudent/sa_zhao/src/autoware_auto_vehicle_msgs -DCMAKE_INSTALL_PREFIX=/home/tofstudent/sa_zhao/install/autoware_auto_vehicle_msgs
[2.493s] Invoking command in '/home/tofstudent/sa_zhao/build/autoware_auto_vehicle_msgs': CMAKE_PREFIX_PATH=/opt/ros/foxy /usr/bin/cmake --build /home/tofstudent/sa_zhao/build/autoware_auto_vehicle_msgs -- -j8 -l8
[2.688s] [35m[1mScanning dependencies of target autoware_auto_vehicle_msgs__cpp[0m
[2.718s] [  3%] [34m[1mGenerating C code for ROS interfaces[0m
[2.751s] [  6%] [34m[1mGenerating C++ code for ROS interfaces[0m
[3.763s] [  6%] Built target autoware_auto_vehicle_msgs__cpp
[3.826s] [  9%] [34m[1mGenerating C++ introspection for ROS interfaces[0m
[3.843s] [ 12%] [34m[1mGenerating C++ type support dispatch for ROS interfaces[0m
[3.878s] [35m[1mScanning dependencies of target autoware_auto_vehicle_msgs__rosidl_generator_c[0m
[3.892s] [ 16%] [34m[1mGenerating C++ type support for eProsima Fast-RTPS[0m
[3.966s] [ 19%] [32mBuilding C object CMakeFiles/autoware_auto_vehicle_msgs__rosidl_generator_c.dir/rosidl_generator_c/autoware_auto_vehicle_msgs/msg/detail/steering_report__functions.c.o[0m
[4.159s] [ 22%] [32m[1mLinking C shared library libautoware_auto_vehicle_msgs__rosidl_generator_c.so[0m
[4.359s] [ 22%] Built target autoware_auto_vehicle_msgs__rosidl_generator_c
[4.396s] [ 25%] [34m[1mGenerating C type support dispatch for ROS interfaces[0m
[4.406s] [ 29%] [34m[1mGenerating C introspection for ROS interfaces[0m
[4.425s] [35m[1mScanning dependencies of target autoware_auto_vehicle_msgs__rosidl_typesupport_cpp[0m
[4.463s] [35m[1mScanning dependencies of target autoware_auto_vehicle_msgs__rosidl_typesupport_introspection_cpp[0m
[4.507s] [ 32%] [32mBuilding CXX object CMakeFiles/autoware_auto_vehicle_msgs__rosidl_typesupport_cpp.dir/rosidl_typesupport_cpp/autoware_auto_vehicle_msgs/msg/steering_report__type_support.cpp.o[0m
[4.528s] [35m[1mScanning dependencies of target autoware_auto_vehicle_msgs__rosidl_typesupport_fastrtps_cpp[0m
[4.537s] [ 35%] [32mBuilding CXX object CMakeFiles/autoware_auto_vehicle_msgs__rosidl_typesupport_introspection_cpp.dir/rosidl_typesupport_introspection_cpp/autoware_auto_vehicle_msgs/msg/detail/steering_report__type_support.cpp.o[0m
[4.573s] [ 38%] [32mBuilding CXX object CMakeFiles/autoware_auto_vehicle_msgs__rosidl_typesupport_fastrtps_cpp.dir/rosidl_typesupport_fastrtps_cpp/autoware_auto_vehicle_msgs/msg/detail/dds_fastrtps/steering_report__type_support.cpp.o[0m
[4.972s] [35m[1mScanning dependencies of target autoware_auto_vehicle_msgs__rosidl_typesupport_c[0m
[5.054s] [ 41%] [32mBuilding CXX object CMakeFiles/autoware_auto_vehicle_msgs__rosidl_typesupport_c.dir/rosidl_typesupport_c/autoware_auto_vehicle_msgs/msg/steering_report__type_support.cpp.o[0m
[5.111s] [35m[1mScanning dependencies of target autoware_auto_vehicle_msgs__rosidl_typesupport_introspection_c[0m
[5.191s] [ 45%] [32mBuilding C object CMakeFiles/autoware_auto_vehicle_msgs__rosidl_typesupport_introspection_c.dir/rosidl_typesupport_introspection_c/autoware_auto_vehicle_msgs/msg/detail/steering_report__type_support.c.o[0m
[5.199s] [ 48%] [32m[1mLinking CXX shared library libautoware_auto_vehicle_msgs__rosidl_typesupport_c.so[0m
[5.211s] [ 51%] [32m[1mLinking CXX shared library libautoware_auto_vehicle_msgs__rosidl_typesupport_introspection_cpp.so[0m
[5.245s] [ 54%] [32m[1mLinking CXX shared library libautoware_auto_vehicle_msgs__rosidl_typesupport_cpp.so[0m
[5.350s] [ 58%] [32m[1mLinking C shared library libautoware_auto_vehicle_msgs__rosidl_typesupport_introspection_c.so[0m
[5.401s] [ 58%] Built target autoware_auto_vehicle_msgs__rosidl_typesupport_c
[5.463s] [ 58%] Built target autoware_auto_vehicle_msgs__rosidl_typesupport_cpp
[5.498s] [ 58%] Built target autoware_auto_vehicle_msgs__rosidl_typesupport_introspection_cpp
[5.527s] [ 58%] Built target autoware_auto_vehicle_msgs__rosidl_typesupport_introspection_c
[5.682s] [ 61%] [32m[1mLinking CXX shared library libautoware_auto_vehicle_msgs__rosidl_typesupport_fastrtps_cpp.so[0m
[5.885s] [ 61%] Built target autoware_auto_vehicle_msgs__rosidl_typesupport_fastrtps_cpp
[5.901s] [ 64%] [34m[1mGenerating C type support for eProsima Fast-RTPS[0m
[6.765s] [35m[1mScanning dependencies of target autoware_auto_vehicle_msgs__rosidl_typesupport_fastrtps_c[0m
[6.887s] [ 67%] [32mBuilding CXX object CMakeFiles/autoware_auto_vehicle_msgs__rosidl_typesupport_fastrtps_c.dir/rosidl_typesupport_fastrtps_c/autoware_auto_vehicle_msgs/msg/detail/steering_report__type_support_c.cpp.o[0m
[7.870s] [ 70%] [32m[1mLinking CXX shared library libautoware_auto_vehicle_msgs__rosidl_typesupport_fastrtps_c.so[0m
[8.164s] [ 70%] Built target autoware_auto_vehicle_msgs__rosidl_typesupport_fastrtps_c
[8.227s] [35m[1mScanning dependencies of target autoware_auto_vehicle_msgs[0m
[8.292s] [ 70%] Built target autoware_auto_vehicle_msgs
[8.323s] [35m[1mScanning dependencies of target autoware_auto_vehicle_msgs__py[0m
[8.376s] [ 74%] [34m[1mGenerating Python code for ROS interfaces[0m
[10.012s] [ 74%] Built target autoware_auto_vehicle_msgs__py
[10.091s] [35m[1mScanning dependencies of target autoware_auto_vehicle_msgs__python[0m
[10.264s] [ 77%] [32mBuilding C object CMakeFiles/autoware_auto_vehicle_msgs__python.dir/rosidl_generator_py/autoware_auto_vehicle_msgs/msg/_steering_report_s.c.o[0m
[10.578s] [ 80%] [32m[1mLinking C shared library rosidl_generator_py/autoware_auto_vehicle_msgs/libautoware_auto_vehicle_msgs__python.so[0m
[10.776s] [ 80%] Built target autoware_auto_vehicle_msgs__python
[10.853s] [35m[1mScanning dependencies of target autoware_auto_vehicle_msgs__rosidl_typesupport_fastrtps_c__pyext[0m
[10.871s] [35m[1mScanning dependencies of target autoware_auto_vehicle_msgs__rosidl_typesupport_c__pyext[0m
[10.878s] [35m[1mScanning dependencies of target autoware_auto_vehicle_msgs__rosidl_typesupport_introspection_c__pyext[0m
[10.942s] [ 83%] [32mBuilding C object CMakeFiles/autoware_auto_vehicle_msgs__rosidl_typesupport_fastrtps_c__pyext.dir/rosidl_generator_py/autoware_auto_vehicle_msgs/_autoware_auto_vehicle_msgs_s.ep.rosidl_typesupport_fastrtps_c.c.o[0m
[10.990s] [ 87%] [32mBuilding C object CMakeFiles/autoware_auto_vehicle_msgs__rosidl_typesupport_introspection_c__pyext.dir/rosidl_generator_py/autoware_auto_vehicle_msgs/_autoware_auto_vehicle_msgs_s.ep.rosidl_typesupport_introspection_c.c.o[0m
[11.008s] [ 90%] [32mBuilding C object CMakeFiles/autoware_auto_vehicle_msgs__rosidl_typesupport_c__pyext.dir/rosidl_generator_py/autoware_auto_vehicle_msgs/_autoware_auto_vehicle_msgs_s.ep.rosidl_typesupport_c.c.o[0m
[11.237s] [ 93%] [32m[1mLinking C shared library rosidl_generator_py/autoware_auto_vehicle_msgs/autoware_auto_vehicle_msgs_s__rosidl_typesupport_introspection_c.cpython-38-x86_64-linux-gnu.so[0m
[11.254s] [ 96%] [32m[1mLinking CXX shared library rosidl_generator_py/autoware_auto_vehicle_msgs/autoware_auto_vehicle_msgs_s__rosidl_typesupport_fastrtps_c.cpython-38-x86_64-linux-gnu.so[0m
[11.326s] [100%] [32m[1mLinking C shared library rosidl_generator_py/autoware_auto_vehicle_msgs/autoware_auto_vehicle_msgs_s__rosidl_typesupport_c.cpython-38-x86_64-linux-gnu.so[0m
[11.424s] [100%] Built target autoware_auto_vehicle_msgs__rosidl_typesupport_c__pyext
[11.477s] [100%] Built target autoware_auto_vehicle_msgs__rosidl_typesupport_introspection_c__pyext
[11.581s] [100%] Built target autoware_auto_vehicle_msgs__rosidl_typesupport_fastrtps_c__pyext
[11.641s] Invoked command in '/home/tofstudent/sa_zhao/build/autoware_auto_vehicle_msgs' returned '0': CMAKE_PREFIX_PATH=/opt/ros/foxy /usr/bin/cmake --build /home/tofstudent/sa_zhao/build/autoware_auto_vehicle_msgs -- -j8 -l8
[12.597s] Invoking command in '/home/tofstudent/sa_zhao/build/autoware_auto_vehicle_msgs': CMAKE_PREFIX_PATH=/opt/ros/foxy /usr/bin/cmake --install /home/tofstudent/sa_zhao/build/autoware_auto_vehicle_msgs
[12.637s] -- Install configuration: ""
[12.638s] -- Installing: /home/tofstudent/sa_zhao/install/autoware_auto_vehicle_msgs/share/ament_index/resource_index/rosidl_interfaces/autoware_auto_vehicle_msgs
[12.639s] -- Installing: /home/tofstudent/sa_zhao/install/autoware_auto_vehicle_msgs/include/autoware_auto_vehicle_msgs
[12.639s] -- Installing: /home/tofstudent/sa_zhao/install/autoware_auto_vehicle_msgs/include/autoware_auto_vehicle_msgs/msg
[12.640s] -- Installing: /home/tofstudent/sa_zhao/install/autoware_auto_vehicle_msgs/include/autoware_auto_vehicle_msgs/msg/steering_report.h
[12.640s] -- Installing: /home/tofstudent/sa_zhao/install/autoware_auto_vehicle_msgs/include/autoware_auto_vehicle_msgs/msg/detail
[12.640s] -- Installing: /home/tofstudent/sa_zhao/install/autoware_auto_vehicle_msgs/include/autoware_auto_vehicle_msgs/msg/detail/steering_report__type_support.h
[12.641s] -- Installing: /home/tofstudent/sa_zhao/install/autoware_auto_vehicle_msgs/include/autoware_auto_vehicle_msgs/msg/detail/steering_report__functions.c
[12.644s] -- Installing: /home/tofstudent/sa_zhao/install/autoware_auto_vehicle_msgs/include/autoware_auto_vehicle_msgs/msg/detail/steering_report__struct.h
[12.647s] -- Installing: /home/tofstudent/sa_zhao/install/autoware_auto_vehicle_msgs/include/autoware_auto_vehicle_msgs/msg/detail/steering_report__functions.h
[12.647s] -- Installing: /home/tofstudent/sa_zhao/install/autoware_auto_vehicle_msgs/include/autoware_auto_vehicle_msgs/msg/rosidl_generator_c__visibility_control.h
[12.648s] -- Installing: /home/tofstudent/sa_zhao/install/autoware_auto_vehicle_msgs/share/autoware_auto_vehicle_msgs/environment/library_path.sh
[12.649s] -- Installing: /home/tofstudent/sa_zhao/install/autoware_auto_vehicle_msgs/share/autoware_auto_vehicle_msgs/environment/library_path.dsv
[12.649s] -- Installing: /home/tofstudent/sa_zhao/install/autoware_auto_vehicle_msgs/lib/libautoware_auto_vehicle_msgs__rosidl_generator_c.so
[12.651s] -- Set runtime path of "/home/tofstudent/sa_zhao/install/autoware_auto_vehicle_msgs/lib/libautoware_auto_vehicle_msgs__rosidl_generator_c.so" to ""
[12.651s] -- Up-to-date: /home/tofstudent/sa_zhao/install/autoware_auto_vehicle_msgs/include/autoware_auto_vehicle_msgs
[12.651s] -- Up-to-date: /home/tofstudent/sa_zhao/install/autoware_auto_vehicle_msgs/include/autoware_auto_vehicle_msgs/msg
[12.651s] -- Installing: /home/tofstudent/sa_zhao/install/autoware_auto_vehicle_msgs/include/autoware_auto_vehicle_msgs/msg/rosidl_typesupport_fastrtps_c__visibility_control.h
[12.654s] -- Up-to-date: /home/tofstudent/sa_zhao/install/autoware_auto_vehicle_msgs/include/autoware_auto_vehicle_msgs/msg/detail
[12.655s] -- Installing: /home/tofstudent/sa_zhao/install/autoware_auto_vehicle_msgs/include/autoware_auto_vehicle_msgs/msg/detail/steering_report__rosidl_typesupport_fastrtps_c.h
[12.656s] -- Installing: /home/tofstudent/sa_zhao/install/autoware_auto_vehicle_msgs/lib/libautoware_auto_vehicle_msgs__rosidl_typesupport_fastrtps_c.so
[12.657s] -- Set runtime path of "/home/tofstudent/sa_zhao/install/autoware_auto_vehicle_msgs/lib/libautoware_auto_vehicle_msgs__rosidl_typesupport_fastrtps_c.so" to ""
[12.657s] -- Up-to-date: /home/tofstudent/sa_zhao/install/autoware_auto_vehicle_msgs/include/autoware_auto_vehicle_msgs
[12.657s] -- Up-to-date: /home/tofstudent/sa_zhao/install/autoware_auto_vehicle_msgs/include/autoware_auto_vehicle_msgs/msg
[12.657s] -- Installing: /home/tofstudent/sa_zhao/install/autoware_auto_vehicle_msgs/include/autoware_auto_vehicle_msgs/msg/rosidl_typesupport_fastrtps_cpp__visibility_control.h
[12.657s] -- Up-to-date: /home/tofstudent/sa_zhao/install/autoware_auto_vehicle_msgs/include/autoware_auto_vehicle_msgs/msg/detail
[12.658s] -- Installing: /home/tofstudent/sa_zhao/install/autoware_auto_vehicle_msgs/include/autoware_auto_vehicle_msgs/msg/detail/steering_report__rosidl_typesupport_fastrtps_cpp.hpp
[12.661s] -- Installing: /home/tofstudent/sa_zhao/install/autoware_auto_vehicle_msgs/include/autoware_auto_vehicle_msgs/msg/detail/dds_fastrtps
[12.661s] -- Installing: /home/tofstudent/sa_zhao/install/autoware_auto_vehicle_msgs/lib/libautoware_auto_vehicle_msgs__rosidl_typesupport_fastrtps_cpp.so
[12.663s] -- Set runtime path of "/home/tofstudent/sa_zhao/install/autoware_auto_vehicle_msgs/lib/libautoware_auto_vehicle_msgs__rosidl_typesupport_fastrtps_cpp.so" to ""
[12.663s] -- Up-to-date: /home/tofstudent/sa_zhao/install/autoware_auto_vehicle_msgs/include/autoware_auto_vehicle_msgs
[12.663s] -- Up-to-date: /home/tofstudent/sa_zhao/install/autoware_auto_vehicle_msgs/include/autoware_auto_vehicle_msgs/msg
[12.663s] -- Up-to-date: /home/tofstudent/sa_zhao/install/autoware_auto_vehicle_msgs/include/autoware_auto_vehicle_msgs/msg/detail
[12.663s] -- Installing: /home/tofstudent/sa_zhao/install/autoware_auto_vehicle_msgs/include/autoware_auto_vehicle_msgs/msg/detail/steering_report__rosidl_typesupport_introspection_c.h
[12.664s] -- Installing: /home/tofstudent/sa_zhao/install/autoware_auto_vehicle_msgs/include/autoware_auto_vehicle_msgs/msg/detail/steering_report__type_support.c
[12.664s] -- Installing: /home/tofstudent/sa_zhao/install/autoware_auto_vehicle_msgs/include/autoware_auto_vehicle_msgs/msg/rosidl_typesupport_introspection_c__visibility_control.h
[12.665s] -- Installing: /home/tofstudent/sa_zhao/install/autoware_auto_vehicle_msgs/lib/libautoware_auto_vehicle_msgs__rosidl_typesupport_introspection_c.so
[12.668s] -- Set runtime path of "/home/tofstudent/sa_zhao/install/autoware_auto_vehicle_msgs/lib/libautoware_auto_vehicle_msgs__rosidl_typesupport_introspection_c.so" to ""
[12.668s] -- Installing: /home/tofstudent/sa_zhao/install/autoware_auto_vehicle_msgs/lib/libautoware_auto_vehicle_msgs__rosidl_typesupport_c.so
[12.670s] -- Set runtime path of "/home/tofstudent/sa_zhao/install/autoware_auto_vehicle_msgs/lib/libautoware_auto_vehicle_msgs__rosidl_typesupport_c.so" to ""
[12.671s] -- Up-to-date: /home/tofstudent/sa_zhao/install/autoware_auto_vehicle_msgs/include/autoware_auto_vehicle_msgs
[12.671s] -- Up-to-date: /home/tofstudent/sa_zhao/install/autoware_auto_vehicle_msgs/include/autoware_auto_vehicle_msgs/msg
[12.671s] -- Up-to-date: /home/tofstudent/sa_zhao/install/autoware_auto_vehicle_msgs/include/autoware_auto_vehicle_msgs/msg/detail
[12.671s] -- Installing: /home/tofstudent/sa_zhao/install/autoware_auto_vehicle_msgs/include/autoware_auto_vehicle_msgs/msg/detail/steering_report__builder.hpp
[12.672s] -- Installing: /home/tofstudent/sa_zhao/install/autoware_auto_vehicle_msgs/include/autoware_auto_vehicle_msgs/msg/detail/steering_report__struct.hpp
[12.672s] -- Installing: /home/tofstudent/sa_zhao/install/autoware_auto_vehicle_msgs/include/autoware_auto_vehicle_msgs/msg/detail/steering_report__traits.hpp
[12.672s] -- Installing: /home/tofstudent/sa_zhao/install/autoware_auto_vehicle_msgs/include/autoware_auto_vehicle_msgs/msg/steering_report.hpp
[12.672s] -- Up-to-date: /home/tofstudent/sa_zhao/install/autoware_auto_vehicle_msgs/include/autoware_auto_vehicle_msgs
[12.673s] -- Up-to-date: /home/tofstudent/sa_zhao/install/autoware_auto_vehicle_msgs/include/autoware_auto_vehicle_msgs/msg
[12.673s] -- Up-to-date: /home/tofstudent/sa_zhao/install/autoware_auto_vehicle_msgs/include/autoware_auto_vehicle_msgs/msg/detail
[12.673s] -- Installing: /home/tofstudent/sa_zhao/install/autoware_auto_vehicle_msgs/include/autoware_auto_vehicle_msgs/msg/detail/steering_report__type_support.cpp
[12.675s] -- Installing: /home/tofstudent/sa_zhao/install/autoware_auto_vehicle_msgs/include/autoware_auto_vehicle_msgs/msg/detail/steering_report__rosidl_typesupport_introspection_cpp.hpp
[12.676s] -- Installing: /home/tofstudent/sa_zhao/install/autoware_auto_vehicle_msgs/lib/libautoware_auto_vehicle_msgs__rosidl_typesupport_introspection_cpp.so
[12.676s] -- Set runtime path of "/home/tofstudent/sa_zhao/install/autoware_auto_vehicle_msgs/lib/libautoware_auto_vehicle_msgs__rosidl_typesupport_introspection_cpp.so" to ""
[12.677s] -- Installing: /home/tofstudent/sa_zhao/install/autoware_auto_vehicle_msgs/lib/libautoware_auto_vehicle_msgs__rosidl_typesupport_cpp.so
[12.678s] -- Set runtime path of "/home/tofstudent/sa_zhao/install/autoware_auto_vehicle_msgs/lib/libautoware_auto_vehicle_msgs__rosidl_typesupport_cpp.so" to ""
[12.678s] -- Installing: /home/tofstudent/sa_zhao/install/autoware_auto_vehicle_msgs/share/autoware_auto_vehicle_msgs/environment/pythonpath.sh
[12.679s] -- Installing: /home/tofstudent/sa_zhao/install/autoware_auto_vehicle_msgs/share/autoware_auto_vehicle_msgs/environment/pythonpath.dsv
[12.688s] -- Installing: /home/tofstudent/sa_zhao/install/autoware_auto_vehicle_msgs/lib/python3.8/site-packages/autoware_auto_vehicle_msgs/__init__.py
[12.796s] Compiling '/home/tofstudent/sa_zhao/install/autoware_auto_vehicle_msgs/lib/python3.8/site-packages/autoware_auto_vehicle_msgs/__init__.py'...
[12.817s] -- Installing: /home/tofstudent/sa_zhao/install/autoware_auto_vehicle_msgs/lib/python3.8/site-packages/autoware_auto_vehicle_msgs/msg
[12.818s] -- Installing: /home/tofstudent/sa_zhao/install/autoware_auto_vehicle_msgs/lib/python3.8/site-packages/autoware_auto_vehicle_msgs/msg/_steering_report.py
[12.818s] -- Installing: /home/tofstudent/sa_zhao/install/autoware_auto_vehicle_msgs/lib/python3.8/site-packages/autoware_auto_vehicle_msgs/msg/_steering_report_s.c
[12.819s] -- Installing: /home/tofstudent/sa_zhao/install/autoware_auto_vehicle_msgs/lib/python3.8/site-packages/autoware_auto_vehicle_msgs/msg/__init__.py
[12.819s] -- Installing: /home/tofstudent/sa_zhao/install/autoware_auto_vehicle_msgs/lib/python3.8/site-packages/autoware_auto_vehicle_msgs/autoware_auto_vehicle_msgs_s__rosidl_typesupport_fastrtps_c.cpython-38-x86_64-linux-gnu.so
[12.821s] -- Set runtime path of "/home/tofstudent/sa_zhao/install/autoware_auto_vehicle_msgs/lib/python3.8/site-packages/autoware_auto_vehicle_msgs/autoware_auto_vehicle_msgs_s__rosidl_typesupport_fastrtps_c.cpython-38-x86_64-linux-gnu.so" to ""
[12.821s] -- Installing: /home/tofstudent/sa_zhao/install/autoware_auto_vehicle_msgs/lib/python3.8/site-packages/autoware_auto_vehicle_msgs/autoware_auto_vehicle_msgs_s__rosidl_typesupport_introspection_c.cpython-38-x86_64-linux-gnu.so
[12.823s] -- Set runtime path of "/home/tofstudent/sa_zhao/install/autoware_auto_vehicle_msgs/lib/python3.8/site-packages/autoware_auto_vehicle_msgs/autoware_auto_vehicle_msgs_s__rosidl_typesupport_introspection_c.cpython-38-x86_64-linux-gnu.so" to ""
[12.823s] -- Installing: /home/tofstudent/sa_zhao/install/autoware_auto_vehicle_msgs/lib/python3.8/site-packages/autoware_auto_vehicle_msgs/autoware_auto_vehicle_msgs_s__rosidl_typesupport_c.cpython-38-x86_64-linux-gnu.so
[12.824s] -- Set runtime path of "/home/tofstudent/sa_zhao/install/autoware_auto_vehicle_msgs/lib/python3.8/site-packages/autoware_auto_vehicle_msgs/autoware_auto_vehicle_msgs_s__rosidl_typesupport_c.cpython-38-x86_64-linux-gnu.so" to ""
[12.824s] -- Installing: /home/tofstudent/sa_zhao/install/autoware_auto_vehicle_msgs/lib/libautoware_auto_vehicle_msgs__python.so
[12.825s] -- Set runtime path of "/home/tofstudent/sa_zhao/install/autoware_auto_vehicle_msgs/lib/libautoware_auto_vehicle_msgs__python.so" to ""
[12.826s] -- Installing: /home/tofstudent/sa_zhao/install/autoware_auto_vehicle_msgs/share/autoware_auto_vehicle_msgs/msg/SteeringReport.idl
[12.827s] -- Installing: /home/tofstudent/sa_zhao/install/autoware_auto_vehicle_msgs/share/ament_index/resource_index/package_run_dependencies/autoware_auto_vehicle_msgs
[12.827s] -- Installing: /home/tofstudent/sa_zhao/install/autoware_auto_vehicle_msgs/share/ament_index/resource_index/parent_prefix_path/autoware_auto_vehicle_msgs
[12.828s] -- Installing: /home/tofstudent/sa_zhao/install/autoware_auto_vehicle_msgs/share/autoware_auto_vehicle_msgs/environment/ament_prefix_path.sh
[12.828s] -- Installing: /home/tofstudent/sa_zhao/install/autoware_auto_vehicle_msgs/share/autoware_auto_vehicle_msgs/environment/ament_prefix_path.dsv
[12.829s] -- Installing: /home/tofstudent/sa_zhao/install/autoware_auto_vehicle_msgs/share/autoware_auto_vehicle_msgs/environment/path.sh
[12.830s] -- Installing: /home/tofstudent/sa_zhao/install/autoware_auto_vehicle_msgs/share/autoware_auto_vehicle_msgs/environment/path.dsv
[12.830s] -- Installing: /home/tofstudent/sa_zhao/install/autoware_auto_vehicle_msgs/share/autoware_auto_vehicle_msgs/local_setup.bash
[12.831s] -- Installing: /home/tofstudent/sa_zhao/install/autoware_auto_vehicle_msgs/share/autoware_auto_vehicle_msgs/local_setup.sh
[12.836s] -- Installing: /home/tofstudent/sa_zhao/install/autoware_auto_vehicle_msgs/share/autoware_auto_vehicle_msgs/local_setup.zsh
[12.836s] -- Installing: /home/tofstudent/sa_zhao/install/autoware_auto_vehicle_msgs/share/autoware_auto_vehicle_msgs/local_setup.dsv
[12.837s] -- Installing: /home/tofstudent/sa_zhao/install/autoware_auto_vehicle_msgs/share/autoware_auto_vehicle_msgs/package.dsv
[12.839s] -- Installing: /home/tofstudent/sa_zhao/install/autoware_auto_vehicle_msgs/share/ament_index/resource_index/packages/autoware_auto_vehicle_msgs
[12.840s] -- Installing: /home/tofstudent/sa_zhao/install/autoware_auto_vehicle_msgs/share/autoware_auto_vehicle_msgs/cmake/autoware_auto_vehicle_msgs__rosidl_generator_cExport.cmake
[12.840s] -- Installing: /home/tofstudent/sa_zhao/install/autoware_auto_vehicle_msgs/share/autoware_auto_vehicle_msgs/cmake/autoware_auto_vehicle_msgs__rosidl_generator_cExport-noconfig.cmake
[12.841s] -- Installing: /home/tofstudent/sa_zhao/install/autoware_auto_vehicle_msgs/share/autoware_auto_vehicle_msgs/cmake/autoware_auto_vehicle_msgs__rosidl_typesupport_introspection_cExport.cmake
[12.842s] -- Installing: /home/tofstudent/sa_zhao/install/autoware_auto_vehicle_msgs/share/autoware_auto_vehicle_msgs/cmake/autoware_auto_vehicle_msgs__rosidl_typesupport_introspection_cExport-noconfig.cmake
[12.842s] -- Installing: /home/tofstudent/sa_zhao/install/autoware_auto_vehicle_msgs/share/autoware_auto_vehicle_msgs/cmake/autoware_auto_vehicle_msgs__rosidl_typesupport_cExport.cmake
[12.843s] -- Installing: /home/tofstudent/sa_zhao/install/autoware_auto_vehicle_msgs/share/autoware_auto_vehicle_msgs/cmake/autoware_auto_vehicle_msgs__rosidl_typesupport_cExport-noconfig.cmake
[12.844s] -- Installing: /home/tofstudent/sa_zhao/install/autoware_auto_vehicle_msgs/share/autoware_auto_vehicle_msgs/cmake/autoware_auto_vehicle_msgs__rosidl_generator_cppExport.cmake
[12.844s] -- Installing: /home/tofstudent/sa_zhao/install/autoware_auto_vehicle_msgs/share/autoware_auto_vehicle_msgs/cmake/autoware_auto_vehicle_msgs__rosidl_typesupport_introspection_cppExport.cmake
[12.847s] -- Installing: /home/tofstudent/sa_zhao/install/autoware_auto_vehicle_msgs/share/autoware_auto_vehicle_msgs/cmake/autoware_auto_vehicle_msgs__rosidl_typesupport_introspection_cppExport-noconfig.cmake
[12.849s] -- Installing: /home/tofstudent/sa_zhao/install/autoware_auto_vehicle_msgs/share/autoware_auto_vehicle_msgs/cmake/autoware_auto_vehicle_msgs__rosidl_typesupport_cppExport.cmake
[12.852s] -- Installing: /home/tofstudent/sa_zhao/install/autoware_auto_vehicle_msgs/share/autoware_auto_vehicle_msgs/cmake/autoware_auto_vehicle_msgs__rosidl_typesupport_cppExport-noconfig.cmake
[12.853s] -- Installing: /home/tofstudent/sa_zhao/install/autoware_auto_vehicle_msgs/share/autoware_auto_vehicle_msgs/cmake/rosidl_cmake-extras.cmake
[12.854s] -- Installing: /home/tofstudent/sa_zhao/install/autoware_auto_vehicle_msgs/share/autoware_auto_vehicle_msgs/cmake/ament_cmake_export_dependencies-extras.cmake
[12.854s] -- Installing: /home/tofstudent/sa_zhao/install/autoware_auto_vehicle_msgs/share/autoware_auto_vehicle_msgs/cmake/ament_cmake_export_libraries-extras.cmake
[12.855s] -- Installing: /home/tofstudent/sa_zhao/install/autoware_auto_vehicle_msgs/share/autoware_auto_vehicle_msgs/cmake/ament_cmake_export_targets-extras.cmake
[12.856s] -- Installing: /home/tofstudent/sa_zhao/install/autoware_auto_vehicle_msgs/share/autoware_auto_vehicle_msgs/cmake/ament_cmake_export_include_directories-extras.cmake
[12.856s] -- Installing: /home/tofstudent/sa_zhao/install/autoware_auto_vehicle_msgs/share/autoware_auto_vehicle_msgs/cmake/rosidl_cmake_export_typesupport_libraries-extras.cmake
[12.857s] -- Installing: /home/tofstudent/sa_zhao/install/autoware_auto_vehicle_msgs/share/autoware_auto_vehicle_msgs/cmake/rosidl_cmake_export_typesupport_targets-extras.cmake
[12.857s] -- Installing: /home/tofstudent/sa_zhao/install/autoware_auto_vehicle_msgs/share/autoware_auto_vehicle_msgs/cmake/autoware_auto_vehicle_msgsConfig.cmake
[12.858s] -- Installing: /home/tofstudent/sa_zhao/install/autoware_auto_vehicle_msgs/share/autoware_auto_vehicle_msgs/cmake/autoware_auto_vehicle_msgsConfig-version.cmake
[12.859s] -- Installing: /home/tofstudent/sa_zhao/install/autoware_auto_vehicle_msgs/share/autoware_auto_vehicle_msgs/package.xml
[12.870s] Invoked command in '/home/tofstudent/sa_zhao/build/autoware_auto_vehicle_msgs' returned '0': CMAKE_PREFIX_PATH=/opt/ros/foxy /usr/bin/cmake --install /home/tofstudent/sa_zhao/build/autoware_auto_vehicle_msgs
