[0.339s] Invoking command in '/home/tofstudent/sa_zhao/build/autoware_auto_planning_msgs': CMAKE_PREFIX_PATH=/opt/ros/foxy /usr/bin/cmake --build /home/tofstudent/sa_zhao/build/autoware_auto_planning_msgs -- -j8 -l8
[0.447s] [  1%] Built target autoware_auto_planning_msgs__cpp
[0.485s] [ 12%] Built target autoware_auto_planning_msgs__rosidl_generator_c
[0.543s] [ 23%] Built target autoware_auto_planning_msgs__rosidl_typesupport_cpp
[0.574s] [ 34%] Built target autoware_auto_planning_msgs__rosidl_typesupport_fastrtps_cpp
[0.582s] [ 45%] Built target autoware_auto_planning_msgs__rosidl_typesupport_introspection_cpp
[0.590s] [ 56%] Built target autoware_auto_planning_msgs__rosidl_typesupport_introspection_c
[0.597s] [ 67%] Built target autoware_auto_planning_msgs__rosidl_typesupport_c
[0.624s] [ 78%] Built target autoware_auto_planning_msgs__rosidl_typesupport_fastrtps_c
[0.649s] [ 78%] Built target autoware_auto_planning_msgs
[0.681s] [ 80%] Built target autoware_auto_planning_msgs__py
[0.728s] [ 89%] Built target autoware_auto_planning_msgs__python
[0.767s] [ 92%] Built target autoware_auto_planning_msgs__rosidl_typesupport_introspection_c__pyext
[0.769s] [ 96%] Built target autoware_auto_planning_msgs__rosidl_typesupport_c__pyext
[0.780s] [100%] Built target autoware_auto_planning_msgs__rosidl_typesupport_fastrtps_c__pyext
[0.822s] Invoked command in '/home/tofstudent/sa_zhao/build/autoware_auto_planning_msgs' returned '0': CMAKE_PREFIX_PATH=/opt/ros/foxy /usr/bin/cmake --build /home/tofstudent/sa_zhao/build/autoware_auto_planning_msgs -- -j8 -l8
[1.020s] Invoking command in '/home/tofstudent/sa_zhao/build/autoware_auto_planning_msgs': CMAKE_PREFIX_PATH=/opt/ros/foxy /usr/bin/cmake --install /home/tofstudent/sa_zhao/build/autoware_auto_planning_msgs
[1.038s] -- Install configuration: ""
[1.038s] -- Up-to-date: /home/tofstudent/sa_zhao/install/autoware_auto_planning_msgs/share/ament_index/resource_index/rosidl_interfaces/autoware_auto_planning_msgs
[1.038s] -- Up-to-date: /home/tofstudent/sa_zhao/install/autoware_auto_planning_msgs/include/autoware_auto_planning_msgs
[1.038s] -- Up-to-date: /home/tofstudent/sa_zhao/install/autoware_auto_planning_msgs/include/autoware_auto_planning_msgs/msg
[1.039s] -- Up-to-date: /home/tofstudent/sa_zhao/install/autoware_auto_planning_msgs/include/autoware_auto_planning_msgs/msg/path.h
[1.039s] -- Up-to-date: /home/tofstudent/sa_zhao/install/autoware_auto_planning_msgs/include/autoware_auto_planning_msgs/msg/detail
[1.039s] -- Up-to-date: /home/tofstudent/sa_zhao/install/autoware_auto_planning_msgs/include/autoware_auto_planning_msgs/msg/detail/path_point__functions.c
[1.039s] -- Up-to-date: /home/tofstudent/sa_zhao/install/autoware_auto_planning_msgs/include/autoware_auto_planning_msgs/msg/detail/trajectory_point__type_support.h
[1.039s] -- Up-to-date: /home/tofstudent/sa_zhao/install/autoware_auto_planning_msgs/include/autoware_auto_planning_msgs/msg/detail/trajectory_point__functions.c
[1.043s] -- Up-to-date: /home/tofstudent/sa_zhao/install/autoware_auto_planning_msgs/include/autoware_auto_planning_msgs/msg/detail/trajectory__struct.h
[1.043s] -- Up-to-date: /home/tofstudent/sa_zhao/install/autoware_auto_planning_msgs/include/autoware_auto_planning_msgs/msg/detail/trajectory_point__functions.h
[1.044s] -- Up-to-date: /home/tofstudent/sa_zhao/install/autoware_auto_planning_msgs/include/autoware_auto_planning_msgs/msg/detail/trajectory__type_support.h
[1.046s] -- Up-to-date: /home/tofstudent/sa_zhao/install/autoware_auto_planning_msgs/include/autoware_auto_planning_msgs/msg/detail/path_point__functions.h
[1.046s] -- Up-to-date: /home/tofstudent/sa_zhao/install/autoware_auto_planning_msgs/include/autoware_auto_planning_msgs/msg/detail/path__type_support.h
[1.046s] -- Up-to-date: /home/tofstudent/sa_zhao/install/autoware_auto_planning_msgs/include/autoware_auto_planning_msgs/msg/detail/trajectory_point__struct.h
[1.046s] -- Up-to-date: /home/tofstudent/sa_zhao/install/autoware_auto_planning_msgs/include/autoware_auto_planning_msgs/msg/detail/path__functions.c
[1.046s] -- Up-to-date: /home/tofstudent/sa_zhao/install/autoware_auto_planning_msgs/include/autoware_auto_planning_msgs/msg/detail/path_point__struct.h
[1.046s] -- Up-to-date: /home/tofstudent/sa_zhao/install/autoware_auto_planning_msgs/include/autoware_auto_planning_msgs/msg/detail/path_point__type_support.h
[1.046s] -- Up-to-date: /home/tofstudent/sa_zhao/install/autoware_auto_planning_msgs/include/autoware_auto_planning_msgs/msg/detail/path__struct.h
[1.047s] -- Up-to-date: /home/tofstudent/sa_zhao/install/autoware_auto_planning_msgs/include/autoware_auto_planning_msgs/msg/detail/path__functions.h
[1.047s] -- Up-to-date: /home/tofstudent/sa_zhao/install/autoware_auto_planning_msgs/include/autoware_auto_planning_msgs/msg/detail/trajectory__functions.h
[1.047s] -- Up-to-date: /home/tofstudent/sa_zhao/install/autoware_auto_planning_msgs/include/autoware_auto_planning_msgs/msg/detail/trajectory__functions.c
[1.047s] -- Up-to-date: /home/tofstudent/sa_zhao/install/autoware_auto_planning_msgs/include/autoware_auto_planning_msgs/msg/rosidl_generator_c__visibility_control.h
[1.048s] -- Up-to-date: /home/tofstudent/sa_zhao/install/autoware_auto_planning_msgs/include/autoware_auto_planning_msgs/msg/path_point.h
[1.048s] -- Up-to-date: /home/tofstudent/sa_zhao/install/autoware_auto_planning_msgs/include/autoware_auto_planning_msgs/msg/trajectory.h
[1.051s] -- Up-to-date: /home/tofstudent/sa_zhao/install/autoware_auto_planning_msgs/include/autoware_auto_planning_msgs/msg/trajectory_point.h
[1.051s] -- Up-to-date: /home/tofstudent/sa_zhao/install/autoware_auto_planning_msgs/share/autoware_auto_planning_msgs/environment/library_path.sh
[1.052s] -- Up-to-date: /home/tofstudent/sa_zhao/install/autoware_auto_planning_msgs/share/autoware_auto_planning_msgs/environment/library_path.dsv
[1.052s] -- Up-to-date: /home/tofstudent/sa_zhao/install/autoware_auto_planning_msgs/lib/libautoware_auto_planning_msgs__rosidl_generator_c.so
[1.052s] -- Up-to-date: /home/tofstudent/sa_zhao/install/autoware_auto_planning_msgs/include/autoware_auto_planning_msgs
[1.052s] -- Up-to-date: /home/tofstudent/sa_zhao/install/autoware_auto_planning_msgs/include/autoware_auto_planning_msgs/msg
[1.052s] -- Up-to-date: /home/tofstudent/sa_zhao/install/autoware_auto_planning_msgs/include/autoware_auto_planning_msgs/msg/rosidl_typesupport_fastrtps_c__visibility_control.h
[1.052s] -- Up-to-date: /home/tofstudent/sa_zhao/install/autoware_auto_planning_msgs/include/autoware_auto_planning_msgs/msg/detail
[1.052s] -- Up-to-date: /home/tofstudent/sa_zhao/install/autoware_auto_planning_msgs/include/autoware_auto_planning_msgs/msg/detail/path_point__rosidl_typesupport_fastrtps_c.h
[1.052s] -- Up-to-date: /home/tofstudent/sa_zhao/install/autoware_auto_planning_msgs/include/autoware_auto_planning_msgs/msg/detail/trajectory_point__rosidl_typesupport_fastrtps_c.h
[1.052s] -- Up-to-date: /home/tofstudent/sa_zhao/install/autoware_auto_planning_msgs/include/autoware_auto_planning_msgs/msg/detail/trajectory__rosidl_typesupport_fastrtps_c.h
[1.053s] -- Up-to-date: /home/tofstudent/sa_zhao/install/autoware_auto_planning_msgs/include/autoware_auto_planning_msgs/msg/detail/path__rosidl_typesupport_fastrtps_c.h
[1.053s] -- Up-to-date: /home/tofstudent/sa_zhao/install/autoware_auto_planning_msgs/lib/libautoware_auto_planning_msgs__rosidl_typesupport_fastrtps_c.so
[1.054s] -- Up-to-date: /home/tofstudent/sa_zhao/install/autoware_auto_planning_msgs/include/autoware_auto_planning_msgs
[1.055s] -- Up-to-date: /home/tofstudent/sa_zhao/install/autoware_auto_planning_msgs/include/autoware_auto_planning_msgs/msg
[1.055s] -- Up-to-date: /home/tofstudent/sa_zhao/install/autoware_auto_planning_msgs/include/autoware_auto_planning_msgs/msg/rosidl_typesupport_fastrtps_cpp__visibility_control.h
[1.056s] -- Up-to-date: /home/tofstudent/sa_zhao/install/autoware_auto_planning_msgs/include/autoware_auto_planning_msgs/msg/detail
[1.056s] -- Up-to-date: /home/tofstudent/sa_zhao/install/autoware_auto_planning_msgs/include/autoware_auto_planning_msgs/msg/detail/path__rosidl_typesupport_fastrtps_cpp.hpp
[1.056s] -- Up-to-date: /home/tofstudent/sa_zhao/install/autoware_auto_planning_msgs/include/autoware_auto_planning_msgs/msg/detail/trajectory_point__rosidl_typesupport_fastrtps_cpp.hpp
[1.056s] -- Up-to-date: /home/tofstudent/sa_zhao/install/autoware_auto_planning_msgs/include/autoware_auto_planning_msgs/msg/detail/path_point__rosidl_typesupport_fastrtps_cpp.hpp
[1.056s] -- Up-to-date: /home/tofstudent/sa_zhao/install/autoware_auto_planning_msgs/include/autoware_auto_planning_msgs/msg/detail/trajectory__rosidl_typesupport_fastrtps_cpp.hpp
[1.057s] -- Up-to-date: /home/tofstudent/sa_zhao/install/autoware_auto_planning_msgs/include/autoware_auto_planning_msgs/msg/detail/dds_fastrtps
[1.057s] -- Up-to-date: /home/tofstudent/sa_zhao/install/autoware_auto_planning_msgs/lib/libautoware_auto_planning_msgs__rosidl_typesupport_fastrtps_cpp.so
[1.057s] -- Up-to-date: /home/tofstudent/sa_zhao/install/autoware_auto_planning_msgs/include/autoware_auto_planning_msgs
[1.057s] -- Up-to-date: /home/tofstudent/sa_zhao/install/autoware_auto_planning_msgs/include/autoware_auto_planning_msgs/msg
[1.057s] -- Up-to-date: /home/tofstudent/sa_zhao/install/autoware_auto_planning_msgs/include/autoware_auto_planning_msgs/msg/detail
[1.057s] -- Up-to-date: /home/tofstudent/sa_zhao/install/autoware_auto_planning_msgs/include/autoware_auto_planning_msgs/msg/detail/path__type_support.c
[1.057s] -- Up-to-date: /home/tofstudent/sa_zhao/install/autoware_auto_planning_msgs/include/autoware_auto_planning_msgs/msg/detail/path_point__rosidl_typesupport_introspection_c.h
[1.057s] -- Up-to-date: /home/tofstudent/sa_zhao/install/autoware_auto_planning_msgs/include/autoware_auto_planning_msgs/msg/detail/trajectory__type_support.c
[1.058s] -- Up-to-date: /home/tofstudent/sa_zhao/install/autoware_auto_planning_msgs/include/autoware_auto_planning_msgs/msg/detail/path_point__type_support.c
[1.058s] -- Up-to-date: /home/tofstudent/sa_zhao/install/autoware_auto_planning_msgs/include/autoware_auto_planning_msgs/msg/detail/trajectory_point__rosidl_typesupport_introspection_c.h
[1.058s] -- Up-to-date: /home/tofstudent/sa_zhao/install/autoware_auto_planning_msgs/include/autoware_auto_planning_msgs/msg/detail/path__rosidl_typesupport_introspection_c.h
[1.058s] -- Up-to-date: /home/tofstudent/sa_zhao/install/autoware_auto_planning_msgs/include/autoware_auto_planning_msgs/msg/detail/trajectory__rosidl_typesupport_introspection_c.h
[1.058s] -- Up-to-date: /home/tofstudent/sa_zhao/install/autoware_auto_planning_msgs/include/autoware_auto_planning_msgs/msg/detail/trajectory_point__type_support.c
[1.058s] -- Up-to-date: /home/tofstudent/sa_zhao/install/autoware_auto_planning_msgs/include/autoware_auto_planning_msgs/msg/rosidl_typesupport_introspection_c__visibility_control.h
[1.059s] -- Up-to-date: /home/tofstudent/sa_zhao/install/autoware_auto_planning_msgs/lib/libautoware_auto_planning_msgs__rosidl_typesupport_introspection_c.so
[1.059s] -- Up-to-date: /home/tofstudent/sa_zhao/install/autoware_auto_planning_msgs/lib/libautoware_auto_planning_msgs__rosidl_typesupport_c.so
[1.059s] -- Up-to-date: /home/tofstudent/sa_zhao/install/autoware_auto_planning_msgs/include/autoware_auto_planning_msgs
[1.059s] -- Up-to-date: /home/tofstudent/sa_zhao/install/autoware_auto_planning_msgs/include/autoware_auto_planning_msgs/msg
[1.059s] -- Up-to-date: /home/tofstudent/sa_zhao/install/autoware_auto_planning_msgs/include/autoware_auto_planning_msgs/msg/trajectory.hpp
[1.059s] -- Up-to-date: /home/tofstudent/sa_zhao/install/autoware_auto_planning_msgs/include/autoware_auto_planning_msgs/msg/trajectory_point.hpp
[1.059s] -- Up-to-date: /home/tofstudent/sa_zhao/install/autoware_auto_planning_msgs/include/autoware_auto_planning_msgs/msg/detail
[1.059s] -- Up-to-date: /home/tofstudent/sa_zhao/install/autoware_auto_planning_msgs/include/autoware_auto_planning_msgs/msg/detail/path__builder.hpp
[1.059s] -- Up-to-date: /home/tofstudent/sa_zhao/install/autoware_auto_planning_msgs/include/autoware_auto_planning_msgs/msg/detail/trajectory__struct.hpp
[1.059s] -- Up-to-date: /home/tofstudent/sa_zhao/install/autoware_auto_planning_msgs/include/autoware_auto_planning_msgs/msg/detail/trajectory__traits.hpp
[1.059s] -- Up-to-date: /home/tofstudent/sa_zhao/install/autoware_auto_planning_msgs/include/autoware_auto_planning_msgs/msg/detail/path__struct.hpp
[1.060s] -- Up-to-date: /home/tofstudent/sa_zhao/install/autoware_auto_planning_msgs/include/autoware_auto_planning_msgs/msg/detail/trajectory_point__traits.hpp
[1.060s] -- Up-to-date: /home/tofstudent/sa_zhao/install/autoware_auto_planning_msgs/include/autoware_auto_planning_msgs/msg/detail/trajectory__builder.hpp
[1.060s] -- Up-to-date: /home/tofstudent/sa_zhao/install/autoware_auto_planning_msgs/include/autoware_auto_planning_msgs/msg/detail/trajectory_point__builder.hpp
[1.060s] -- Up-to-date: /home/tofstudent/sa_zhao/install/autoware_auto_planning_msgs/include/autoware_auto_planning_msgs/msg/detail/path__traits.hpp
[1.060s] -- Up-to-date: /home/tofstudent/sa_zhao/install/autoware_auto_planning_msgs/include/autoware_auto_planning_msgs/msg/detail/path_point__traits.hpp
[1.060s] -- Up-to-date: /home/tofstudent/sa_zhao/install/autoware_auto_planning_msgs/include/autoware_auto_planning_msgs/msg/detail/path_point__struct.hpp
[1.060s] -- Up-to-date: /home/tofstudent/sa_zhao/install/autoware_auto_planning_msgs/include/autoware_auto_planning_msgs/msg/detail/trajectory_point__struct.hpp
[1.060s] -- Up-to-date: /home/tofstudent/sa_zhao/install/autoware_auto_planning_msgs/include/autoware_auto_planning_msgs/msg/detail/path_point__builder.hpp
[1.060s] -- Up-to-date: /home/tofstudent/sa_zhao/install/autoware_auto_planning_msgs/include/autoware_auto_planning_msgs/msg/path_point.hpp
[1.061s] -- Up-to-date: /home/tofstudent/sa_zhao/install/autoware_auto_planning_msgs/include/autoware_auto_planning_msgs/msg/path.hpp
[1.061s] -- Up-to-date: /home/tofstudent/sa_zhao/install/autoware_auto_planning_msgs/include/autoware_auto_planning_msgs
[1.061s] -- Up-to-date: /home/tofstudent/sa_zhao/install/autoware_auto_planning_msgs/include/autoware_auto_planning_msgs/msg
[1.061s] -- Up-to-date: /home/tofstudent/sa_zhao/install/autoware_auto_planning_msgs/include/autoware_auto_planning_msgs/msg/detail
[1.061s] -- Up-to-date: /home/tofstudent/sa_zhao/install/autoware_auto_planning_msgs/include/autoware_auto_planning_msgs/msg/detail/path_point__rosidl_typesupport_introspection_cpp.hpp
[1.061s] -- Up-to-date: /home/tofstudent/sa_zhao/install/autoware_auto_planning_msgs/include/autoware_auto_planning_msgs/msg/detail/trajectory__type_support.cpp
[1.061s] -- Up-to-date: /home/tofstudent/sa_zhao/install/autoware_auto_planning_msgs/include/autoware_auto_planning_msgs/msg/detail/trajectory__rosidl_typesupport_introspection_cpp.hpp
[1.061s] -- Up-to-date: /home/tofstudent/sa_zhao/install/autoware_auto_planning_msgs/include/autoware_auto_planning_msgs/msg/detail/trajectory_point__type_support.cpp
[1.061s] -- Up-to-date: /home/tofstudent/sa_zhao/install/autoware_auto_planning_msgs/include/autoware_auto_planning_msgs/msg/detail/path__rosidl_typesupport_introspection_cpp.hpp
[1.061s] -- Up-to-date: /home/tofstudent/sa_zhao/install/autoware_auto_planning_msgs/include/autoware_auto_planning_msgs/msg/detail/path_point__type_support.cpp
[1.061s] -- Up-to-date: /home/tofstudent/sa_zhao/install/autoware_auto_planning_msgs/include/autoware_auto_planning_msgs/msg/detail/path__type_support.cpp
[1.062s] -- Up-to-date: /home/tofstudent/sa_zhao/install/autoware_auto_planning_msgs/include/autoware_auto_planning_msgs/msg/detail/trajectory_point__rosidl_typesupport_introspection_cpp.hpp
[1.062s] -- Up-to-date: /home/tofstudent/sa_zhao/install/autoware_auto_planning_msgs/lib/libautoware_auto_planning_msgs__rosidl_typesupport_introspection_cpp.so
[1.062s] -- Up-to-date: /home/tofstudent/sa_zhao/install/autoware_auto_planning_msgs/lib/libautoware_auto_planning_msgs__rosidl_typesupport_cpp.so
[1.062s] -- Up-to-date: /home/tofstudent/sa_zhao/install/autoware_auto_planning_msgs/share/autoware_auto_planning_msgs/environment/pythonpath.sh
[1.062s] -- Up-to-date: /home/tofstudent/sa_zhao/install/autoware_auto_planning_msgs/share/autoware_auto_planning_msgs/environment/pythonpath.dsv
[1.062s] -- Up-to-date: /home/tofstudent/sa_zhao/install/autoware_auto_planning_msgs/lib/python3.8/site-packages/autoware_auto_planning_msgs/__init__.py
[1.108s] -- Up-to-date: /home/tofstudent/sa_zhao/install/autoware_auto_planning_msgs/lib/python3.8/site-packages/autoware_auto_planning_msgs/msg
[1.108s] -- Up-to-date: /home/tofstudent/sa_zhao/install/autoware_auto_planning_msgs/lib/python3.8/site-packages/autoware_auto_planning_msgs/msg/_trajectory_point.py
[1.108s] -- Up-to-date: /home/tofstudent/sa_zhao/install/autoware_auto_planning_msgs/lib/python3.8/site-packages/autoware_auto_planning_msgs/msg/_path_point.py
[1.108s] -- Up-to-date: /home/tofstudent/sa_zhao/install/autoware_auto_planning_msgs/lib/python3.8/site-packages/autoware_auto_planning_msgs/msg/_path.py
[1.108s] -- Up-to-date: /home/tofstudent/sa_zhao/install/autoware_auto_planning_msgs/lib/python3.8/site-packages/autoware_auto_planning_msgs/msg/_trajectory_s.c
[1.108s] -- Up-to-date: /home/tofstudent/sa_zhao/install/autoware_auto_planning_msgs/lib/python3.8/site-packages/autoware_auto_planning_msgs/msg/__init__.py
[1.108s] -- Up-to-date: /home/tofstudent/sa_zhao/install/autoware_auto_planning_msgs/lib/python3.8/site-packages/autoware_auto_planning_msgs/msg/_trajectory.py
[1.108s] -- Up-to-date: /home/tofstudent/sa_zhao/install/autoware_auto_planning_msgs/lib/python3.8/site-packages/autoware_auto_planning_msgs/msg/_trajectory_point_s.c
[1.109s] -- Up-to-date: /home/tofstudent/sa_zhao/install/autoware_auto_planning_msgs/lib/python3.8/site-packages/autoware_auto_planning_msgs/msg/_path_s.c
[1.109s] -- Up-to-date: /home/tofstudent/sa_zhao/install/autoware_auto_planning_msgs/lib/python3.8/site-packages/autoware_auto_planning_msgs/msg/_path_point_s.c
[1.110s] -- Up-to-date: /home/tofstudent/sa_zhao/install/autoware_auto_planning_msgs/lib/python3.8/site-packages/autoware_auto_planning_msgs/autoware_auto_planning_msgs_s__rosidl_typesupport_fastrtps_c.cpython-38-x86_64-linux-gnu.so
[1.111s] -- Up-to-date: /home/tofstudent/sa_zhao/install/autoware_auto_planning_msgs/lib/python3.8/site-packages/autoware_auto_planning_msgs/autoware_auto_planning_msgs_s__rosidl_typesupport_introspection_c.cpython-38-x86_64-linux-gnu.so
[1.111s] -- Up-to-date: /home/tofstudent/sa_zhao/install/autoware_auto_planning_msgs/lib/python3.8/site-packages/autoware_auto_planning_msgs/autoware_auto_planning_msgs_s__rosidl_typesupport_c.cpython-38-x86_64-linux-gnu.so
[1.112s] -- Up-to-date: /home/tofstudent/sa_zhao/install/autoware_auto_planning_msgs/lib/libautoware_auto_planning_msgs__python.so
[1.112s] -- Up-to-date: /home/tofstudent/sa_zhao/install/autoware_auto_planning_msgs/share/autoware_auto_planning_msgs/msg/Trajectory.idl
[1.113s] -- Up-to-date: /home/tofstudent/sa_zhao/install/autoware_auto_planning_msgs/share/autoware_auto_planning_msgs/msg/TrajectoryPoint.idl
[1.113s] -- Up-to-date: /home/tofstudent/sa_zhao/install/autoware_auto_planning_msgs/share/autoware_auto_planning_msgs/msg/Path.idl
[1.113s] -- Up-to-date: /home/tofstudent/sa_zhao/install/autoware_auto_planning_msgs/share/autoware_auto_planning_msgs/msg/PathPoint.idl
[1.113s] -- Up-to-date: /home/tofstudent/sa_zhao/install/autoware_auto_planning_msgs/share/ament_index/resource_index/package_run_dependencies/autoware_auto_planning_msgs
[1.114s] -- Up-to-date: /home/tofstudent/sa_zhao/install/autoware_auto_planning_msgs/share/ament_index/resource_index/parent_prefix_path/autoware_auto_planning_msgs
[1.114s] -- Up-to-date: /home/tofstudent/sa_zhao/install/autoware_auto_planning_msgs/share/autoware_auto_planning_msgs/environment/ament_prefix_path.sh
[1.114s] -- Up-to-date: /home/tofstudent/sa_zhao/install/autoware_auto_planning_msgs/share/autoware_auto_planning_msgs/environment/ament_prefix_path.dsv
[1.115s] -- Up-to-date: /home/tofstudent/sa_zhao/install/autoware_auto_planning_msgs/share/autoware_auto_planning_msgs/environment/path.sh
[1.115s] -- Up-to-date: /home/tofstudent/sa_zhao/install/autoware_auto_planning_msgs/share/autoware_auto_planning_msgs/environment/path.dsv
[1.116s] -- Up-to-date: /home/tofstudent/sa_zhao/install/autoware_auto_planning_msgs/share/autoware_auto_planning_msgs/local_setup.bash
[1.116s] -- Up-to-date: /home/tofstudent/sa_zhao/install/autoware_auto_planning_msgs/share/autoware_auto_planning_msgs/local_setup.sh
[1.116s] -- Up-to-date: /home/tofstudent/sa_zhao/install/autoware_auto_planning_msgs/share/autoware_auto_planning_msgs/local_setup.zsh
[1.117s] -- Up-to-date: /home/tofstudent/sa_zhao/install/autoware_auto_planning_msgs/share/autoware_auto_planning_msgs/local_setup.dsv
[1.117s] -- Installing: /home/tofstudent/sa_zhao/install/autoware_auto_planning_msgs/share/autoware_auto_planning_msgs/package.dsv
[1.119s] -- Up-to-date: /home/tofstudent/sa_zhao/install/autoware_auto_planning_msgs/share/ament_index/resource_index/packages/autoware_auto_planning_msgs
[1.119s] -- Up-to-date: /home/tofstudent/sa_zhao/install/autoware_auto_planning_msgs/share/autoware_auto_planning_msgs/cmake/autoware_auto_planning_msgs__rosidl_generator_cExport.cmake
[1.119s] -- Up-to-date: /home/tofstudent/sa_zhao/install/autoware_auto_planning_msgs/share/autoware_auto_planning_msgs/cmake/autoware_auto_planning_msgs__rosidl_generator_cExport-noconfig.cmake
[1.120s] -- Up-to-date: /home/tofstudent/sa_zhao/install/autoware_auto_planning_msgs/share/autoware_auto_planning_msgs/cmake/autoware_auto_planning_msgs__rosidl_typesupport_introspection_cExport.cmake
[1.120s] -- Up-to-date: /home/tofstudent/sa_zhao/install/autoware_auto_planning_msgs/share/autoware_auto_planning_msgs/cmake/autoware_auto_planning_msgs__rosidl_typesupport_introspection_cExport-noconfig.cmake
[1.121s] -- Up-to-date: /home/tofstudent/sa_zhao/install/autoware_auto_planning_msgs/share/autoware_auto_planning_msgs/cmake/autoware_auto_planning_msgs__rosidl_typesupport_cExport.cmake
[1.121s] -- Up-to-date: /home/tofstudent/sa_zhao/install/autoware_auto_planning_msgs/share/autoware_auto_planning_msgs/cmake/autoware_auto_planning_msgs__rosidl_typesupport_cExport-noconfig.cmake
[1.122s] -- Up-to-date: /home/tofstudent/sa_zhao/install/autoware_auto_planning_msgs/share/autoware_auto_planning_msgs/cmake/autoware_auto_planning_msgs__rosidl_generator_cppExport.cmake
[1.122s] -- Up-to-date: /home/tofstudent/sa_zhao/install/autoware_auto_planning_msgs/share/autoware_auto_planning_msgs/cmake/autoware_auto_planning_msgs__rosidl_typesupport_introspection_cppExport.cmake
[1.123s] -- Up-to-date: /home/tofstudent/sa_zhao/install/autoware_auto_planning_msgs/share/autoware_auto_planning_msgs/cmake/autoware_auto_planning_msgs__rosidl_typesupport_introspection_cppExport-noconfig.cmake
[1.124s] -- Up-to-date: /home/tofstudent/sa_zhao/install/autoware_auto_planning_msgs/share/autoware_auto_planning_msgs/cmake/autoware_auto_planning_msgs__rosidl_typesupport_cppExport.cmake
[1.124s] -- Up-to-date: /home/tofstudent/sa_zhao/install/autoware_auto_planning_msgs/share/autoware_auto_planning_msgs/cmake/autoware_auto_planning_msgs__rosidl_typesupport_cppExport-noconfig.cmake
[1.124s] -- Up-to-date: /home/tofstudent/sa_zhao/install/autoware_auto_planning_msgs/share/autoware_auto_planning_msgs/cmake/rosidl_cmake-extras.cmake
[1.125s] -- Up-to-date: /home/tofstudent/sa_zhao/install/autoware_auto_planning_msgs/share/autoware_auto_planning_msgs/cmake/ament_cmake_export_dependencies-extras.cmake
[1.125s] -- Up-to-date: /home/tofstudent/sa_zhao/install/autoware_auto_planning_msgs/share/autoware_auto_planning_msgs/cmake/ament_cmake_export_libraries-extras.cmake
[1.125s] -- Up-to-date: /home/tofstudent/sa_zhao/install/autoware_auto_planning_msgs/share/autoware_auto_planning_msgs/cmake/ament_cmake_export_targets-extras.cmake
[1.125s] -- Up-to-date: /home/tofstudent/sa_zhao/install/autoware_auto_planning_msgs/share/autoware_auto_planning_msgs/cmake/ament_cmake_export_include_directories-extras.cmake
[1.126s] -- Up-to-date: /home/tofstudent/sa_zhao/install/autoware_auto_planning_msgs/share/autoware_auto_planning_msgs/cmake/rosidl_cmake_export_typesupport_libraries-extras.cmake
[1.126s] -- Up-to-date: /home/tofstudent/sa_zhao/install/autoware_auto_planning_msgs/share/autoware_auto_planning_msgs/cmake/rosidl_cmake_export_typesupport_targets-extras.cmake
[1.126s] -- Up-to-date: /home/tofstudent/sa_zhao/install/autoware_auto_planning_msgs/share/autoware_auto_planning_msgs/cmake/autoware_auto_planning_msgsConfig.cmake
[1.126s] -- Up-to-date: /home/tofstudent/sa_zhao/install/autoware_auto_planning_msgs/share/autoware_auto_planning_msgs/cmake/autoware_auto_planning_msgsConfig-version.cmake
[1.126s] -- Up-to-date: /home/tofstudent/sa_zhao/install/autoware_auto_planning_msgs/share/autoware_auto_planning_msgs/package.xml
[1.134s] Invoked command in '/home/tofstudent/sa_zhao/build/autoware_auto_planning_msgs' returned '0': CMAKE_PREFIX_PATH=/opt/ros/foxy /usr/bin/cmake --install /home/tofstudent/sa_zhao/build/autoware_auto_planning_msgs
