[0.093s] Invoking command in '/home/tofstudent/sa_zhao/build/autoware_auto_vehicle_msgs': CMAKE_PREFIX_PATH=/opt/ros/foxy /usr/bin/cmake --build /home/tofstudent/sa_zhao/build/autoware_auto_vehicle_msgs -- -j8 -l8
[0.161s] [  3%] Built target autoware_auto_vehicle_msgs__cpp
[0.174s] [ 12%] Built target autoware_auto_vehicle_msgs__rosidl_generator_c
[0.198s] [ 22%] Built target autoware_auto_vehicle_msgs__rosidl_typesupport_introspection_cpp
[0.213s] [ 32%] Built target autoware_auto_vehicle_msgs__rosidl_typesupport_fastrtps_cpp
[0.227s] [ 41%] Built target autoware_auto_vehicle_msgs__rosidl_typesupport_c
[0.229s] [ 51%] Built target autoware_auto_vehicle_msgs__rosidl_typesupport_cpp
[0.242s] [ 61%] Built target autoware_auto_vehicle_msgs__rosidl_typesupport_introspection_c
[0.309s] [ 70%] Built target autoware_auto_vehicle_msgs__rosidl_typesupport_fastrtps_c
[0.310s] [ 70%] Built target autoware_auto_vehicle_msgs
[0.348s] [ 74%] Built target autoware_auto_vehicle_msgs__py
[0.373s] [ 80%] Built target autoware_auto_vehicle_msgs__python
[0.411s] [ 87%] Built target autoware_auto_vehicle_msgs__rosidl_typesupport_fastrtps_c__pyext
[0.419s] [ 93%] Built target autoware_auto_vehicle_msgs__rosidl_typesupport_c__pyext
[0.424s] [100%] Built target autoware_auto_vehicle_msgs__rosidl_typesupport_introspection_c__pyext
[0.454s] Invoked command in '/home/tofstudent/sa_zhao/build/autoware_auto_vehicle_msgs' returned '0': CMAKE_PREFIX_PATH=/opt/ros/foxy /usr/bin/cmake --build /home/tofstudent/sa_zhao/build/autoware_auto_vehicle_msgs -- -j8 -l8
[0.657s] Invoking command in '/home/tofstudent/sa_zhao/build/autoware_auto_vehicle_msgs': CMAKE_PREFIX_PATH=/opt/ros/foxy /usr/bin/cmake --install /home/tofstudent/sa_zhao/build/autoware_auto_vehicle_msgs
[0.671s] -- Install configuration: ""
[0.671s] -- Up-to-date: /home/tofstudent/sa_zhao/install/autoware_auto_vehicle_msgs/share/ament_index/resource_index/rosidl_interfaces/autoware_auto_vehicle_msgs
[0.672s] -- Up-to-date: /home/tofstudent/sa_zhao/install/autoware_auto_vehicle_msgs/include/autoware_auto_vehicle_msgs
[0.672s] -- Up-to-date: /home/tofstudent/sa_zhao/install/autoware_auto_vehicle_msgs/include/autoware_auto_vehicle_msgs/msg
[0.672s] -- Up-to-date: /home/tofstudent/sa_zhao/install/autoware_auto_vehicle_msgs/include/autoware_auto_vehicle_msgs/msg/steering_report.h
[0.672s] -- Up-to-date: /home/tofstudent/sa_zhao/install/autoware_auto_vehicle_msgs/include/autoware_auto_vehicle_msgs/msg/detail
[0.673s] -- Up-to-date: /home/tofstudent/sa_zhao/install/autoware_auto_vehicle_msgs/include/autoware_auto_vehicle_msgs/msg/detail/steering_report__type_support.h
[0.673s] -- Up-to-date: /home/tofstudent/sa_zhao/install/autoware_auto_vehicle_msgs/include/autoware_auto_vehicle_msgs/msg/detail/steering_report__functions.c
[0.673s] -- Up-to-date: /home/tofstudent/sa_zhao/install/autoware_auto_vehicle_msgs/include/autoware_auto_vehicle_msgs/msg/detail/steering_report__struct.h
[0.673s] -- Up-to-date: /home/tofstudent/sa_zhao/install/autoware_auto_vehicle_msgs/include/autoware_auto_vehicle_msgs/msg/detail/steering_report__functions.h
[0.673s] -- Up-to-date: /home/tofstudent/sa_zhao/install/autoware_auto_vehicle_msgs/include/autoware_auto_vehicle_msgs/msg/rosidl_generator_c__visibility_control.h
[0.674s] -- Up-to-date: /home/tofstudent/sa_zhao/install/autoware_auto_vehicle_msgs/share/autoware_auto_vehicle_msgs/environment/library_path.sh
[0.674s] -- Up-to-date: /home/tofstudent/sa_zhao/install/autoware_auto_vehicle_msgs/share/autoware_auto_vehicle_msgs/environment/library_path.dsv
[0.674s] -- Up-to-date: /home/tofstudent/sa_zhao/install/autoware_auto_vehicle_msgs/lib/libautoware_auto_vehicle_msgs__rosidl_generator_c.so
[0.674s] -- Up-to-date: /home/tofstudent/sa_zhao/install/autoware_auto_vehicle_msgs/include/autoware_auto_vehicle_msgs
[0.674s] -- Up-to-date: /home/tofstudent/sa_zhao/install/autoware_auto_vehicle_msgs/include/autoware_auto_vehicle_msgs/msg
[0.675s] -- Up-to-date: /home/tofstudent/sa_zhao/install/autoware_auto_vehicle_msgs/include/autoware_auto_vehicle_msgs/msg/rosidl_typesupport_fastrtps_c__visibility_control.h
[0.675s] -- Up-to-date: /home/tofstudent/sa_zhao/install/autoware_auto_vehicle_msgs/include/autoware_auto_vehicle_msgs/msg/detail
[0.675s] -- Up-to-date: /home/tofstudent/sa_zhao/install/autoware_auto_vehicle_msgs/include/autoware_auto_vehicle_msgs/msg/detail/steering_report__rosidl_typesupport_fastrtps_c.h
[0.675s] -- Up-to-date: /home/tofstudent/sa_zhao/install/autoware_auto_vehicle_msgs/lib/libautoware_auto_vehicle_msgs__rosidl_typesupport_fastrtps_c.so
[0.676s] -- Up-to-date: /home/tofstudent/sa_zhao/install/autoware_auto_vehicle_msgs/include/autoware_auto_vehicle_msgs
[0.676s] -- Up-to-date: /home/tofstudent/sa_zhao/install/autoware_auto_vehicle_msgs/include/autoware_auto_vehicle_msgs/msg
[0.676s] -- Up-to-date: /home/tofstudent/sa_zhao/install/autoware_auto_vehicle_msgs/include/autoware_auto_vehicle_msgs/msg/rosidl_typesupport_fastrtps_cpp__visibility_control.h
[0.677s] -- Up-to-date: /home/tofstudent/sa_zhao/install/autoware_auto_vehicle_msgs/include/autoware_auto_vehicle_msgs/msg/detail
[0.677s] -- Up-to-date: /home/tofstudent/sa_zhao/install/autoware_auto_vehicle_msgs/include/autoware_auto_vehicle_msgs/msg/detail/steering_report__rosidl_typesupport_fastrtps_cpp.hpp
[0.677s] -- Up-to-date: /home/tofstudent/sa_zhao/install/autoware_auto_vehicle_msgs/include/autoware_auto_vehicle_msgs/msg/detail/dds_fastrtps
[0.677s] -- Up-to-date: /home/tofstudent/sa_zhao/install/autoware_auto_vehicle_msgs/lib/libautoware_auto_vehicle_msgs__rosidl_typesupport_fastrtps_cpp.so
[0.678s] -- Up-to-date: /home/tofstudent/sa_zhao/install/autoware_auto_vehicle_msgs/include/autoware_auto_vehicle_msgs
[0.678s] -- Up-to-date: /home/tofstudent/sa_zhao/install/autoware_auto_vehicle_msgs/include/autoware_auto_vehicle_msgs/msg
[0.678s] -- Up-to-date: /home/tofstudent/sa_zhao/install/autoware_auto_vehicle_msgs/include/autoware_auto_vehicle_msgs/msg/detail
[0.678s] -- Up-to-date: /home/tofstudent/sa_zhao/install/autoware_auto_vehicle_msgs/include/autoware_auto_vehicle_msgs/msg/detail/steering_report__rosidl_typesupport_introspection_c.h
[0.678s] -- Up-to-date: /home/tofstudent/sa_zhao/install/autoware_auto_vehicle_msgs/include/autoware_auto_vehicle_msgs/msg/detail/steering_report__type_support.c
[0.678s] -- Up-to-date: /home/tofstudent/sa_zhao/install/autoware_auto_vehicle_msgs/include/autoware_auto_vehicle_msgs/msg/rosidl_typesupport_introspection_c__visibility_control.h
[0.678s] -- Up-to-date: /home/tofstudent/sa_zhao/install/autoware_auto_vehicle_msgs/lib/libautoware_auto_vehicle_msgs__rosidl_typesupport_introspection_c.so
[0.679s] -- Up-to-date: /home/tofstudent/sa_zhao/install/autoware_auto_vehicle_msgs/lib/libautoware_auto_vehicle_msgs__rosidl_typesupport_c.so
[0.679s] -- Up-to-date: /home/tofstudent/sa_zhao/install/autoware_auto_vehicle_msgs/include/autoware_auto_vehicle_msgs
[0.679s] -- Up-to-date: /home/tofstudent/sa_zhao/install/autoware_auto_vehicle_msgs/include/autoware_auto_vehicle_msgs/msg
[0.679s] -- Up-to-date: /home/tofstudent/sa_zhao/install/autoware_auto_vehicle_msgs/include/autoware_auto_vehicle_msgs/msg/detail
[0.679s] -- Up-to-date: /home/tofstudent/sa_zhao/install/autoware_auto_vehicle_msgs/include/autoware_auto_vehicle_msgs/msg/detail/steering_report__builder.hpp
[0.679s] -- Up-to-date: /home/tofstudent/sa_zhao/install/autoware_auto_vehicle_msgs/include/autoware_auto_vehicle_msgs/msg/detail/steering_report__struct.hpp
[0.679s] -- Up-to-date: /home/tofstudent/sa_zhao/install/autoware_auto_vehicle_msgs/include/autoware_auto_vehicle_msgs/msg/detail/steering_report__traits.hpp
[0.680s] -- Up-to-date: /home/tofstudent/sa_zhao/install/autoware_auto_vehicle_msgs/include/autoware_auto_vehicle_msgs/msg/steering_report.hpp
[0.680s] -- Up-to-date: /home/tofstudent/sa_zhao/install/autoware_auto_vehicle_msgs/include/autoware_auto_vehicle_msgs
[0.680s] -- Up-to-date: /home/tofstudent/sa_zhao/install/autoware_auto_vehicle_msgs/include/autoware_auto_vehicle_msgs/msg
[0.680s] -- Up-to-date: /home/tofstudent/sa_zhao/install/autoware_auto_vehicle_msgs/include/autoware_auto_vehicle_msgs/msg/detail
[0.680s] -- Up-to-date: /home/tofstudent/sa_zhao/install/autoware_auto_vehicle_msgs/include/autoware_auto_vehicle_msgs/msg/detail/steering_report__type_support.cpp
[0.681s] -- Up-to-date: /home/tofstudent/sa_zhao/install/autoware_auto_vehicle_msgs/include/autoware_auto_vehicle_msgs/msg/detail/steering_report__rosidl_typesupport_introspection_cpp.hpp
[0.681s] -- Up-to-date: /home/tofstudent/sa_zhao/install/autoware_auto_vehicle_msgs/lib/libautoware_auto_vehicle_msgs__rosidl_typesupport_introspection_cpp.so
[0.681s] -- Up-to-date: /home/tofstudent/sa_zhao/install/autoware_auto_vehicle_msgs/lib/libautoware_auto_vehicle_msgs__rosidl_typesupport_cpp.so
[0.681s] -- Up-to-date: /home/tofstudent/sa_zhao/install/autoware_auto_vehicle_msgs/share/autoware_auto_vehicle_msgs/environment/pythonpath.sh
[0.681s] -- Up-to-date: /home/tofstudent/sa_zhao/install/autoware_auto_vehicle_msgs/share/autoware_auto_vehicle_msgs/environment/pythonpath.dsv
[0.681s] -- Up-to-date: /home/tofstudent/sa_zhao/install/autoware_auto_vehicle_msgs/lib/python3.8/site-packages/autoware_auto_vehicle_msgs/__init__.py
[0.727s] -- Up-to-date: /home/tofstudent/sa_zhao/install/autoware_auto_vehicle_msgs/lib/python3.8/site-packages/autoware_auto_vehicle_msgs/msg
[0.728s] -- Up-to-date: /home/tofstudent/sa_zhao/install/autoware_auto_vehicle_msgs/lib/python3.8/site-packages/autoware_auto_vehicle_msgs/msg/_steering_report.py
[0.729s] -- Up-to-date: /home/tofstudent/sa_zhao/install/autoware_auto_vehicle_msgs/lib/python3.8/site-packages/autoware_auto_vehicle_msgs/msg/_steering_report_s.c
[0.730s] -- Up-to-date: /home/tofstudent/sa_zhao/install/autoware_auto_vehicle_msgs/lib/python3.8/site-packages/autoware_auto_vehicle_msgs/msg/__init__.py
[0.730s] -- Up-to-date: /home/tofstudent/sa_zhao/install/autoware_auto_vehicle_msgs/lib/python3.8/site-packages/autoware_auto_vehicle_msgs/autoware_auto_vehicle_msgs_s__rosidl_typesupport_fastrtps_c.cpython-38-x86_64-linux-gnu.so
[0.730s] -- Up-to-date: /home/tofstudent/sa_zhao/install/autoware_auto_vehicle_msgs/lib/python3.8/site-packages/autoware_auto_vehicle_msgs/autoware_auto_vehicle_msgs_s__rosidl_typesupport_introspection_c.cpython-38-x86_64-linux-gnu.so
[0.730s] -- Up-to-date: /home/tofstudent/sa_zhao/install/autoware_auto_vehicle_msgs/lib/python3.8/site-packages/autoware_auto_vehicle_msgs/autoware_auto_vehicle_msgs_s__rosidl_typesupport_c.cpython-38-x86_64-linux-gnu.so
[0.730s] -- Up-to-date: /home/tofstudent/sa_zhao/install/autoware_auto_vehicle_msgs/lib/libautoware_auto_vehicle_msgs__python.so
[0.730s] -- Up-to-date: /home/tofstudent/sa_zhao/install/autoware_auto_vehicle_msgs/share/autoware_auto_vehicle_msgs/msg/SteeringReport.idl
[0.731s] -- Up-to-date: /home/tofstudent/sa_zhao/install/autoware_auto_vehicle_msgs/share/ament_index/resource_index/package_run_dependencies/autoware_auto_vehicle_msgs
[0.731s] -- Up-to-date: /home/tofstudent/sa_zhao/install/autoware_auto_vehicle_msgs/share/ament_index/resource_index/parent_prefix_path/autoware_auto_vehicle_msgs
[0.731s] -- Up-to-date: /home/tofstudent/sa_zhao/install/autoware_auto_vehicle_msgs/share/autoware_auto_vehicle_msgs/environment/ament_prefix_path.sh
[0.731s] -- Up-to-date: /home/tofstudent/sa_zhao/install/autoware_auto_vehicle_msgs/share/autoware_auto_vehicle_msgs/environment/ament_prefix_path.dsv
[0.731s] -- Up-to-date: /home/tofstudent/sa_zhao/install/autoware_auto_vehicle_msgs/share/autoware_auto_vehicle_msgs/environment/path.sh
[0.731s] -- Up-to-date: /home/tofstudent/sa_zhao/install/autoware_auto_vehicle_msgs/share/autoware_auto_vehicle_msgs/environment/path.dsv
[0.731s] -- Up-to-date: /home/tofstudent/sa_zhao/install/autoware_auto_vehicle_msgs/share/autoware_auto_vehicle_msgs/local_setup.bash
[0.731s] -- Up-to-date: /home/tofstudent/sa_zhao/install/autoware_auto_vehicle_msgs/share/autoware_auto_vehicle_msgs/local_setup.sh
[0.731s] -- Up-to-date: /home/tofstudent/sa_zhao/install/autoware_auto_vehicle_msgs/share/autoware_auto_vehicle_msgs/local_setup.zsh
[0.731s] -- Up-to-date: /home/tofstudent/sa_zhao/install/autoware_auto_vehicle_msgs/share/autoware_auto_vehicle_msgs/local_setup.dsv
[0.731s] -- Installing: /home/tofstudent/sa_zhao/install/autoware_auto_vehicle_msgs/share/autoware_auto_vehicle_msgs/package.dsv
[0.732s] -- Up-to-date: /home/tofstudent/sa_zhao/install/autoware_auto_vehicle_msgs/share/ament_index/resource_index/packages/autoware_auto_vehicle_msgs
[0.732s] -- Up-to-date: /home/tofstudent/sa_zhao/install/autoware_auto_vehicle_msgs/share/autoware_auto_vehicle_msgs/cmake/autoware_auto_vehicle_msgs__rosidl_generator_cExport.cmake
[0.732s] -- Up-to-date: /home/tofstudent/sa_zhao/install/autoware_auto_vehicle_msgs/share/autoware_auto_vehicle_msgs/cmake/autoware_auto_vehicle_msgs__rosidl_generator_cExport-noconfig.cmake
[0.732s] -- Up-to-date: /home/tofstudent/sa_zhao/install/autoware_auto_vehicle_msgs/share/autoware_auto_vehicle_msgs/cmake/autoware_auto_vehicle_msgs__rosidl_typesupport_introspection_cExport.cmake
[0.732s] -- Up-to-date: /home/tofstudent/sa_zhao/install/autoware_auto_vehicle_msgs/share/autoware_auto_vehicle_msgs/cmake/autoware_auto_vehicle_msgs__rosidl_typesupport_introspection_cExport-noconfig.cmake
[0.732s] -- Up-to-date: /home/tofstudent/sa_zhao/install/autoware_auto_vehicle_msgs/share/autoware_auto_vehicle_msgs/cmake/autoware_auto_vehicle_msgs__rosidl_typesupport_cExport.cmake
[0.732s] -- Up-to-date: /home/tofstudent/sa_zhao/install/autoware_auto_vehicle_msgs/share/autoware_auto_vehicle_msgs/cmake/autoware_auto_vehicle_msgs__rosidl_typesupport_cExport-noconfig.cmake
[0.733s] -- Up-to-date: /home/tofstudent/sa_zhao/install/autoware_auto_vehicle_msgs/share/autoware_auto_vehicle_msgs/cmake/autoware_auto_vehicle_msgs__rosidl_generator_cppExport.cmake
[0.733s] -- Up-to-date: /home/tofstudent/sa_zhao/install/autoware_auto_vehicle_msgs/share/autoware_auto_vehicle_msgs/cmake/autoware_auto_vehicle_msgs__rosidl_typesupport_introspection_cppExport.cmake
[0.733s] -- Up-to-date: /home/tofstudent/sa_zhao/install/autoware_auto_vehicle_msgs/share/autoware_auto_vehicle_msgs/cmake/autoware_auto_vehicle_msgs__rosidl_typesupport_introspection_cppExport-noconfig.cmake
[0.733s] -- Up-to-date: /home/tofstudent/sa_zhao/install/autoware_auto_vehicle_msgs/share/autoware_auto_vehicle_msgs/cmake/autoware_auto_vehicle_msgs__rosidl_typesupport_cppExport.cmake
[0.733s] -- Up-to-date: /home/tofstudent/sa_zhao/install/autoware_auto_vehicle_msgs/share/autoware_auto_vehicle_msgs/cmake/autoware_auto_vehicle_msgs__rosidl_typesupport_cppExport-noconfig.cmake
[0.733s] -- Up-to-date: /home/tofstudent/sa_zhao/install/autoware_auto_vehicle_msgs/share/autoware_auto_vehicle_msgs/cmake/rosidl_cmake-extras.cmake
[0.733s] -- Up-to-date: /home/tofstudent/sa_zhao/install/autoware_auto_vehicle_msgs/share/autoware_auto_vehicle_msgs/cmake/ament_cmake_export_dependencies-extras.cmake
[0.733s] -- Up-to-date: /home/tofstudent/sa_zhao/install/autoware_auto_vehicle_msgs/share/autoware_auto_vehicle_msgs/cmake/ament_cmake_export_libraries-extras.cmake
[0.733s] -- Up-to-date: /home/tofstudent/sa_zhao/install/autoware_auto_vehicle_msgs/share/autoware_auto_vehicle_msgs/cmake/ament_cmake_export_targets-extras.cmake
[0.734s] -- Up-to-date: /home/tofstudent/sa_zhao/install/autoware_auto_vehicle_msgs/share/autoware_auto_vehicle_msgs/cmake/ament_cmake_export_include_directories-extras.cmake
[0.734s] -- Up-to-date: /home/tofstudent/sa_zhao/install/autoware_auto_vehicle_msgs/share/autoware_auto_vehicle_msgs/cmake/rosidl_cmake_export_typesupport_libraries-extras.cmake
[0.734s] -- Up-to-date: /home/tofstudent/sa_zhao/install/autoware_auto_vehicle_msgs/share/autoware_auto_vehicle_msgs/cmake/rosidl_cmake_export_typesupport_targets-extras.cmake
[0.734s] -- Up-to-date: /home/tofstudent/sa_zhao/install/autoware_auto_vehicle_msgs/share/autoware_auto_vehicle_msgs/cmake/autoware_auto_vehicle_msgsConfig.cmake
[0.734s] -- Up-to-date: /home/tofstudent/sa_zhao/install/autoware_auto_vehicle_msgs/share/autoware_auto_vehicle_msgs/cmake/autoware_auto_vehicle_msgsConfig-version.cmake
[0.734s] -- Up-to-date: /home/tofstudent/sa_zhao/install/autoware_auto_vehicle_msgs/share/autoware_auto_vehicle_msgs/package.xml
[0.741s] Invoked command in '/home/tofstudent/sa_zhao/build/autoware_auto_vehicle_msgs' returned '0': CMAKE_PREFIX_PATH=/opt/ros/foxy /usr/bin/cmake --install /home/tofstudent/sa_zhao/build/autoware_auto_vehicle_msgs
