[0.346s] Invoking command in '/home/tofstudent/sa_zhao/build/tod_msgs': CMAKE_PREFIX_PATH=/opt/ros/foxy /usr/bin/cmake --build /home/tofstudent/sa_zhao/build/tod_msgs -- -j8 -l8
[0.440s] [ 12%] Built target tod_msgs__rosidl_generator_c
[0.441s] [ 12%] Built target tod_msgs__cpp
[0.533s] [ 24%] Built target tod_msgs__rosidl_typesupport_c
[0.604s] [ 37%] Built target tod_msgs__rosidl_typesupport_introspection_cpp
[0.609s] [ 48%] Built target tod_msgs__rosidl_typesupport_cpp
[0.624s] [ 60%] Built target tod_msgs__rosidl_typesupport_introspection_c
[0.646s] [ 72%] Built target tod_msgs__rosidl_typesupport_fastrtps_cpp
[0.717s] [ 84%] Built target tod_msgs__rosidl_typesupport_fastrtps_c
[0.743s] [ 84%] Built target tod_msgs
[0.774s] [ 85%] Built target tod_msgs__py
[0.872s] [ 96%] Built target tod_msgs__python
[0.933s] [ 97%] Built target tod_msgs__rosidl_typesupport_c__pyext
[0.934s] [ 98%] Built target tod_msgs__rosidl_typesupport_fastrtps_c__pyext
[0.941s] [100%] Built target tod_msgs__rosidl_typesupport_introspection_c__pyext
[0.993s] Invoked command in '/home/tofstudent/sa_zhao/build/tod_msgs' returned '0': CMAKE_PREFIX_PATH=/opt/ros/foxy /usr/bin/cmake --build /home/tofstudent/sa_zhao/build/tod_msgs -- -j8 -l8
[1.894s] Invoking command in '/home/tofstudent/sa_zhao/build/tod_msgs': CMAKE_PREFIX_PATH=/opt/ros/foxy /usr/bin/cmake --install /home/tofstudent/sa_zhao/build/tod_msgs
[1.908s] -- Install configuration: ""
[1.909s] -- Up-to-date: /home/tofstudent/sa_zhao/install/tod_msgs/share/ament_index/resource_index/rosidl_interfaces/tod_msgs
[1.909s] -- Up-to-date: /home/tofstudent/sa_zhao/install/tod_msgs/include/tod_msgs
[1.909s] -- Up-to-date: /home/tofstudent/sa_zhao/install/tod_msgs/include/tod_msgs/srv
[1.910s] -- Up-to-date: /home/tofstudent/sa_zhao/install/tod_msgs/include/tod_msgs/srv/input_device.h
[1.910s] -- Up-to-date: /home/tofstudent/sa_zhao/install/tod_msgs/include/tod_msgs/srv/detail
[1.910s] -- Up-to-date: /home/tofstudent/sa_zhao/install/tod_msgs/include/tod_msgs/srv/detail/input_device__functions.h
[1.910s] -- Up-to-date: /home/tofstudent/sa_zhao/install/tod_msgs/include/tod_msgs/srv/detail/input_device__struct.h
[1.910s] -- Up-to-date: /home/tofstudent/sa_zhao/install/tod_msgs/include/tod_msgs/srv/detail/input_device__functions.c
[1.910s] -- Up-to-date: /home/tofstudent/sa_zhao/install/tod_msgs/include/tod_msgs/srv/detail/input_device__type_support.h
[1.910s] -- Up-to-date: /home/tofstudent/sa_zhao/install/tod_msgs/include/tod_msgs/msg
[1.911s] -- Up-to-date: /home/tofstudent/sa_zhao/install/tod_msgs/include/tod_msgs/msg/object_list.h
[1.911s] -- Up-to-date: /home/tofstudent/sa_zhao/install/tod_msgs/include/tod_msgs/msg/vehicle_data.h
[1.911s] -- Up-to-date: /home/tofstudent/sa_zhao/install/tod_msgs/include/tod_msgs/msg/detail
[1.911s] -- Up-to-date: /home/tofstudent/sa_zhao/install/tod_msgs/include/tod_msgs/msg/detail/key_press__functions.c
[1.911s] -- Up-to-date: /home/tofstudent/sa_zhao/install/tod_msgs/include/tod_msgs/msg/detail/primary_control_cmd__struct.h
[1.911s] -- Up-to-date: /home/tofstudent/sa_zhao/install/tod_msgs/include/tod_msgs/msg/detail/colored_polygon__struct.h
[1.912s] -- Up-to-date: /home/tofstudent/sa_zhao/install/tod_msgs/include/tod_msgs/msg/detail/vehicle_data__functions.c
[1.912s] -- Up-to-date: /home/tofstudent/sa_zhao/install/tod_msgs/include/tod_msgs/msg/detail/secondary_control_cmd__type_support.h
[1.912s] -- Up-to-date: /home/tofstudent/sa_zhao/install/tod_msgs/include/tod_msgs/msg/detail/colored_point__functions.c
[1.912s] -- Up-to-date: /home/tofstudent/sa_zhao/install/tod_msgs/include/tod_msgs/msg/detail/status__functions.h
[1.912s] -- Up-to-date: /home/tofstudent/sa_zhao/install/tod_msgs/include/tod_msgs/msg/detail/safety_driver_status__functions.h
[1.912s] -- Up-to-date: /home/tofstudent/sa_zhao/install/tod_msgs/include/tod_msgs/msg/detail/colored_polygon__type_support.h
[1.912s] -- Up-to-date: /home/tofstudent/sa_zhao/install/tod_msgs/include/tod_msgs/msg/detail/safety_driver_status__functions.c
[1.913s] -- Up-to-date: /home/tofstudent/sa_zhao/install/tod_msgs/include/tod_msgs/msg/detail/colored_point__type_support.h
[1.913s] -- Up-to-date: /home/tofstudent/sa_zhao/install/tod_msgs/include/tod_msgs/msg/detail/video_info__functions.c
[1.913s] -- Up-to-date: /home/tofstudent/sa_zhao/install/tod_msgs/include/tod_msgs/msg/detail/object_data__functions.h
[1.913s] -- Up-to-date: /home/tofstudent/sa_zhao/install/tod_msgs/include/tod_msgs/msg/detail/colored_point__functions.h
[1.913s] -- Up-to-date: /home/tofstudent/sa_zhao/install/tod_msgs/include/tod_msgs/msg/detail/key_press__functions.h
[1.913s] -- Up-to-date: /home/tofstudent/sa_zhao/install/tod_msgs/include/tod_msgs/msg/detail/colored_polygon__functions.h
[1.913s] -- Up-to-date: /home/tofstudent/sa_zhao/install/tod_msgs/include/tod_msgs/msg/detail/key_press__type_support.h
[1.913s] -- Up-to-date: /home/tofstudent/sa_zhao/install/tod_msgs/include/tod_msgs/msg/detail/colored_polygon__functions.c
[1.914s] -- Up-to-date: /home/tofstudent/sa_zhao/install/tod_msgs/include/tod_msgs/msg/detail/status__functions.c
[1.914s] -- Up-to-date: /home/tofstudent/sa_zhao/install/tod_msgs/include/tod_msgs/msg/detail/video_info__functions.h
[1.914s] -- Up-to-date: /home/tofstudent/sa_zhao/install/tod_msgs/include/tod_msgs/msg/detail/object_list__functions.c
[1.914s] -- Up-to-date: /home/tofstudent/sa_zhao/install/tod_msgs/include/tod_msgs/msg/detail/safety_driver_status__struct.h
[1.914s] -- Up-to-date: /home/tofstudent/sa_zhao/install/tod_msgs/include/tod_msgs/msg/detail/vehicle_data__functions.h
[1.914s] -- Up-to-date: /home/tofstudent/sa_zhao/install/tod_msgs/include/tod_msgs/msg/detail/object_data__struct.h
[1.915s] -- Up-to-date: /home/tofstudent/sa_zhao/install/tod_msgs/include/tod_msgs/msg/detail/vehicle_data__struct.h
[1.915s] -- Up-to-date: /home/tofstudent/sa_zhao/install/tod_msgs/include/tod_msgs/msg/detail/safety_driver_status__type_support.h
[1.915s] -- Up-to-date: /home/tofstudent/sa_zhao/install/tod_msgs/include/tod_msgs/msg/detail/object_list__functions.h
[1.915s] -- Up-to-date: /home/tofstudent/sa_zhao/install/tod_msgs/include/tod_msgs/msg/detail/object_data__type_support.h
[1.921s] -- Up-to-date: /home/tofstudent/sa_zhao/install/tod_msgs/include/tod_msgs/msg/detail/key_press__struct.h
[1.922s] -- Up-to-date: /home/tofstudent/sa_zhao/install/tod_msgs/include/tod_msgs/msg/detail/colored_point__struct.h
[1.922s] -- Up-to-date: /home/tofstudent/sa_zhao/install/tod_msgs/include/tod_msgs/msg/detail/object_list__type_support.h
[1.922s] -- Up-to-date: /home/tofstudent/sa_zhao/install/tod_msgs/include/tod_msgs/msg/detail/video_info__type_support.h
[1.922s] -- Up-to-date: /home/tofstudent/sa_zhao/install/tod_msgs/include/tod_msgs/msg/detail/status__struct.h
[1.922s] -- Up-to-date: /home/tofstudent/sa_zhao/install/tod_msgs/include/tod_msgs/msg/detail/vehicle_data__type_support.h
[1.922s] -- Up-to-date: /home/tofstudent/sa_zhao/install/tod_msgs/include/tod_msgs/msg/detail/paket_info__functions.h
[1.922s] -- Up-to-date: /home/tofstudent/sa_zhao/install/tod_msgs/include/tod_msgs/msg/detail/primary_control_cmd__functions.c
[1.922s] -- Up-to-date: /home/tofstudent/sa_zhao/install/tod_msgs/include/tod_msgs/msg/detail/primary_control_cmd__functions.h
[1.922s] -- Up-to-date: /home/tofstudent/sa_zhao/install/tod_msgs/include/tod_msgs/msg/detail/paket_info__type_support.h
[1.923s] -- Up-to-date: /home/tofstudent/sa_zhao/install/tod_msgs/include/tod_msgs/msg/detail/object_list__struct.h
[1.923s] -- Up-to-date: /home/tofstudent/sa_zhao/install/tod_msgs/include/tod_msgs/msg/detail/paket_info__struct.h
[1.923s] -- Up-to-date: /home/tofstudent/sa_zhao/install/tod_msgs/include/tod_msgs/msg/detail/secondary_control_cmd__functions.c
[1.923s] -- Up-to-date: /home/tofstudent/sa_zhao/install/tod_msgs/include/tod_msgs/msg/detail/paket_info__functions.c
[1.923s] -- Up-to-date: /home/tofstudent/sa_zhao/install/tod_msgs/include/tod_msgs/msg/detail/video_info__struct.h
[1.923s] -- Up-to-date: /home/tofstudent/sa_zhao/install/tod_msgs/include/tod_msgs/msg/detail/primary_control_cmd__type_support.h
[1.923s] -- Up-to-date: /home/tofstudent/sa_zhao/install/tod_msgs/include/tod_msgs/msg/detail/status__type_support.h
[1.923s] -- Up-to-date: /home/tofstudent/sa_zhao/install/tod_msgs/include/tod_msgs/msg/detail/secondary_control_cmd__struct.h
[1.924s] -- Up-to-date: /home/tofstudent/sa_zhao/install/tod_msgs/include/tod_msgs/msg/detail/secondary_control_cmd__functions.h
[1.924s] -- Up-to-date: /home/tofstudent/sa_zhao/install/tod_msgs/include/tod_msgs/msg/detail/object_data__functions.c
[1.924s] -- Up-to-date: /home/tofstudent/sa_zhao/install/tod_msgs/include/tod_msgs/msg/rosidl_generator_c__visibility_control.h
[1.924s] -- Up-to-date: /home/tofstudent/sa_zhao/install/tod_msgs/include/tod_msgs/msg/primary_control_cmd.h
[1.924s] -- Up-to-date: /home/tofstudent/sa_zhao/install/tod_msgs/include/tod_msgs/msg/safety_driver_status.h
[1.924s] -- Up-to-date: /home/tofstudent/sa_zhao/install/tod_msgs/include/tod_msgs/msg/secondary_control_cmd.h
[1.924s] -- Up-to-date: /home/tofstudent/sa_zhao/install/tod_msgs/include/tod_msgs/msg/colored_point.h
[1.924s] -- Up-to-date: /home/tofstudent/sa_zhao/install/tod_msgs/include/tod_msgs/msg/paket_info.h
[1.925s] -- Up-to-date: /home/tofstudent/sa_zhao/install/tod_msgs/include/tod_msgs/msg/status.h
[1.925s] -- Up-to-date: /home/tofstudent/sa_zhao/install/tod_msgs/include/tod_msgs/msg/colored_polygon.h
[1.925s] -- Up-to-date: /home/tofstudent/sa_zhao/install/tod_msgs/include/tod_msgs/msg/key_press.h
[1.925s] -- Up-to-date: /home/tofstudent/sa_zhao/install/tod_msgs/include/tod_msgs/msg/video_info.h
[1.925s] -- Up-to-date: /home/tofstudent/sa_zhao/install/tod_msgs/include/tod_msgs/msg/object_data.h
[1.925s] -- Up-to-date: /home/tofstudent/sa_zhao/install/tod_msgs/share/tod_msgs/environment/library_path.sh
[1.925s] -- Up-to-date: /home/tofstudent/sa_zhao/install/tod_msgs/share/tod_msgs/environment/library_path.dsv
[1.926s] -- Up-to-date: /home/tofstudent/sa_zhao/install/tod_msgs/lib/libtod_msgs__rosidl_generator_c.so
[1.927s] -- Up-to-date: /home/tofstudent/sa_zhao/install/tod_msgs/include/tod_msgs
[1.927s] -- Up-to-date: /home/tofstudent/sa_zhao/install/tod_msgs/include/tod_msgs/srv
[1.927s] -- Up-to-date: /home/tofstudent/sa_zhao/install/tod_msgs/include/tod_msgs/srv/detail
[1.927s] -- Up-to-date: /home/tofstudent/sa_zhao/install/tod_msgs/include/tod_msgs/srv/detail/input_device__rosidl_typesupport_fastrtps_c.h
[1.927s] -- Up-to-date: /home/tofstudent/sa_zhao/install/tod_msgs/include/tod_msgs/msg
[1.927s] -- Up-to-date: /home/tofstudent/sa_zhao/install/tod_msgs/include/tod_msgs/msg/rosidl_typesupport_fastrtps_c__visibility_control.h
[1.927s] -- Up-to-date: /home/tofstudent/sa_zhao/install/tod_msgs/include/tod_msgs/msg/detail
[1.927s] -- Up-to-date: /home/tofstudent/sa_zhao/install/tod_msgs/include/tod_msgs/msg/detail/paket_info__rosidl_typesupport_fastrtps_c.h
[1.928s] -- Up-to-date: /home/tofstudent/sa_zhao/install/tod_msgs/include/tod_msgs/msg/detail/primary_control_cmd__rosidl_typesupport_fastrtps_c.h
[1.928s] -- Up-to-date: /home/tofstudent/sa_zhao/install/tod_msgs/include/tod_msgs/msg/detail/status__rosidl_typesupport_fastrtps_c.h
[1.928s] -- Up-to-date: /home/tofstudent/sa_zhao/install/tod_msgs/include/tod_msgs/msg/detail/safety_driver_status__rosidl_typesupport_fastrtps_c.h
[1.928s] -- Up-to-date: /home/tofstudent/sa_zhao/install/tod_msgs/include/tod_msgs/msg/detail/secondary_control_cmd__rosidl_typesupport_fastrtps_c.h
[1.928s] -- Up-to-date: /home/tofstudent/sa_zhao/install/tod_msgs/include/tod_msgs/msg/detail/video_info__rosidl_typesupport_fastrtps_c.h
[1.928s] -- Up-to-date: /home/tofstudent/sa_zhao/install/tod_msgs/include/tod_msgs/msg/detail/colored_point__rosidl_typesupport_fastrtps_c.h
[1.928s] -- Up-to-date: /home/tofstudent/sa_zhao/install/tod_msgs/include/tod_msgs/msg/detail/colored_polygon__rosidl_typesupport_fastrtps_c.h
[1.928s] -- Up-to-date: /home/tofstudent/sa_zhao/install/tod_msgs/include/tod_msgs/msg/detail/object_data__rosidl_typesupport_fastrtps_c.h
[1.928s] -- Up-to-date: /home/tofstudent/sa_zhao/install/tod_msgs/include/tod_msgs/msg/detail/object_list__rosidl_typesupport_fastrtps_c.h
[1.928s] -- Up-to-date: /home/tofstudent/sa_zhao/install/tod_msgs/include/tod_msgs/msg/detail/vehicle_data__rosidl_typesupport_fastrtps_c.h
[1.929s] -- Up-to-date: /home/tofstudent/sa_zhao/install/tod_msgs/include/tod_msgs/msg/detail/key_press__rosidl_typesupport_fastrtps_c.h
[1.930s] -- Up-to-date: /home/tofstudent/sa_zhao/install/tod_msgs/lib/libtod_msgs__rosidl_typesupport_fastrtps_c.so
[1.930s] -- Up-to-date: /home/tofstudent/sa_zhao/install/tod_msgs/include/tod_msgs
[1.930s] -- Up-to-date: /home/tofstudent/sa_zhao/install/tod_msgs/include/tod_msgs/srv
[1.930s] -- Up-to-date: /home/tofstudent/sa_zhao/install/tod_msgs/include/tod_msgs/srv/detail
[1.931s] -- Up-to-date: /home/tofstudent/sa_zhao/install/tod_msgs/include/tod_msgs/srv/detail/dds_fastrtps
[1.931s] -- Up-to-date: /home/tofstudent/sa_zhao/install/tod_msgs/include/tod_msgs/srv/detail/input_device__rosidl_typesupport_fastrtps_cpp.hpp
[1.931s] -- Up-to-date: /home/tofstudent/sa_zhao/install/tod_msgs/include/tod_msgs/msg
[1.931s] -- Up-to-date: /home/tofstudent/sa_zhao/install/tod_msgs/include/tod_msgs/msg/rosidl_typesupport_fastrtps_cpp__visibility_control.h
[1.931s] -- Up-to-date: /home/tofstudent/sa_zhao/install/tod_msgs/include/tod_msgs/msg/detail
[1.931s] -- Up-to-date: /home/tofstudent/sa_zhao/install/tod_msgs/include/tod_msgs/msg/detail/object_list__rosidl_typesupport_fastrtps_cpp.hpp
[1.931s] -- Up-to-date: /home/tofstudent/sa_zhao/install/tod_msgs/include/tod_msgs/msg/detail/vehicle_data__rosidl_typesupport_fastrtps_cpp.hpp
[1.931s] -- Up-to-date: /home/tofstudent/sa_zhao/install/tod_msgs/include/tod_msgs/msg/detail/video_info__rosidl_typesupport_fastrtps_cpp.hpp
[1.931s] -- Up-to-date: /home/tofstudent/sa_zhao/install/tod_msgs/include/tod_msgs/msg/detail/status__rosidl_typesupport_fastrtps_cpp.hpp
[1.932s] -- Up-to-date: /home/tofstudent/sa_zhao/install/tod_msgs/include/tod_msgs/msg/detail/colored_polygon__rosidl_typesupport_fastrtps_cpp.hpp
[1.932s] -- Up-to-date: /home/tofstudent/sa_zhao/install/tod_msgs/include/tod_msgs/msg/detail/paket_info__rosidl_typesupport_fastrtps_cpp.hpp
[1.932s] -- Up-to-date: /home/tofstudent/sa_zhao/install/tod_msgs/include/tod_msgs/msg/detail/primary_control_cmd__rosidl_typesupport_fastrtps_cpp.hpp
[1.932s] -- Up-to-date: /home/tofstudent/sa_zhao/install/tod_msgs/include/tod_msgs/msg/detail/colored_point__rosidl_typesupport_fastrtps_cpp.hpp
[1.932s] -- Up-to-date: /home/tofstudent/sa_zhao/install/tod_msgs/include/tod_msgs/msg/detail/secondary_control_cmd__rosidl_typesupport_fastrtps_cpp.hpp
[1.932s] -- Up-to-date: /home/tofstudent/sa_zhao/install/tod_msgs/include/tod_msgs/msg/detail/key_press__rosidl_typesupport_fastrtps_cpp.hpp
[1.932s] -- Up-to-date: /home/tofstudent/sa_zhao/install/tod_msgs/include/tod_msgs/msg/detail/object_data__rosidl_typesupport_fastrtps_cpp.hpp
[1.932s] -- Up-to-date: /home/tofstudent/sa_zhao/install/tod_msgs/include/tod_msgs/msg/detail/dds_fastrtps
[1.933s] -- Up-to-date: /home/tofstudent/sa_zhao/install/tod_msgs/include/tod_msgs/msg/detail/safety_driver_status__rosidl_typesupport_fastrtps_cpp.hpp
[1.933s] -- Up-to-date: /home/tofstudent/sa_zhao/install/tod_msgs/lib/libtod_msgs__rosidl_typesupport_fastrtps_cpp.so
[1.933s] -- Up-to-date: /home/tofstudent/sa_zhao/install/tod_msgs/include/tod_msgs
[1.933s] -- Up-to-date: /home/tofstudent/sa_zhao/install/tod_msgs/include/tod_msgs/srv
[1.933s] -- Up-to-date: /home/tofstudent/sa_zhao/install/tod_msgs/include/tod_msgs/srv/detail
[1.933s] -- Up-to-date: /home/tofstudent/sa_zhao/install/tod_msgs/include/tod_msgs/srv/detail/input_device__type_support.c
[1.933s] -- Up-to-date: /home/tofstudent/sa_zhao/install/tod_msgs/include/tod_msgs/srv/detail/input_device__rosidl_typesupport_introspection_c.h
[1.933s] -- Up-to-date: /home/tofstudent/sa_zhao/install/tod_msgs/include/tod_msgs/msg
[1.933s] -- Up-to-date: /home/tofstudent/sa_zhao/install/tod_msgs/include/tod_msgs/msg/detail
[1.934s] -- Up-to-date: /home/tofstudent/sa_zhao/install/tod_msgs/include/tod_msgs/msg/detail/safety_driver_status__type_support.c
[1.934s] -- Up-to-date: /home/tofstudent/sa_zhao/install/tod_msgs/include/tod_msgs/msg/detail/key_press__type_support.c
[1.934s] -- Up-to-date: /home/tofstudent/sa_zhao/install/tod_msgs/include/tod_msgs/msg/detail/object_data__type_support.c
[1.934s] -- Up-to-date: /home/tofstudent/sa_zhao/install/tod_msgs/include/tod_msgs/msg/detail/status__type_support.c
[1.934s] -- Up-to-date: /home/tofstudent/sa_zhao/install/tod_msgs/include/tod_msgs/msg/detail/object_list__rosidl_typesupport_introspection_c.h
[1.934s] -- Up-to-date: /home/tofstudent/sa_zhao/install/tod_msgs/include/tod_msgs/msg/detail/key_press__rosidl_typesupport_introspection_c.h
[1.934s] -- Up-to-date: /home/tofstudent/sa_zhao/install/tod_msgs/include/tod_msgs/msg/detail/video_info__rosidl_typesupport_introspection_c.h
[1.934s] -- Up-to-date: /home/tofstudent/sa_zhao/install/tod_msgs/include/tod_msgs/msg/detail/video_info__type_support.c
[1.934s] -- Up-to-date: /home/tofstudent/sa_zhao/install/tod_msgs/include/tod_msgs/msg/detail/colored_point__type_support.c
[1.935s] -- Up-to-date: /home/tofstudent/sa_zhao/install/tod_msgs/include/tod_msgs/msg/detail/status__rosidl_typesupport_introspection_c.h
[1.935s] -- Up-to-date: /home/tofstudent/sa_zhao/install/tod_msgs/include/tod_msgs/msg/detail/colored_point__rosidl_typesupport_introspection_c.h
[1.935s] -- Up-to-date: /home/tofstudent/sa_zhao/install/tod_msgs/include/tod_msgs/msg/detail/object_list__type_support.c
[1.935s] -- Up-to-date: /home/tofstudent/sa_zhao/install/tod_msgs/include/tod_msgs/msg/detail/paket_info__type_support.c
[1.935s] -- Up-to-date: /home/tofstudent/sa_zhao/install/tod_msgs/include/tod_msgs/msg/detail/safety_driver_status__rosidl_typesupport_introspection_c.h
[1.935s] -- Up-to-date: /home/tofstudent/sa_zhao/install/tod_msgs/include/tod_msgs/msg/detail/vehicle_data__type_support.c
[1.935s] -- Up-to-date: /home/tofstudent/sa_zhao/install/tod_msgs/include/tod_msgs/msg/detail/colored_polygon__rosidl_typesupport_introspection_c.h
[1.935s] -- Up-to-date: /home/tofstudent/sa_zhao/install/tod_msgs/include/tod_msgs/msg/detail/primary_control_cmd__type_support.c
[1.935s] -- Up-to-date: /home/tofstudent/sa_zhao/install/tod_msgs/include/tod_msgs/msg/detail/vehicle_data__rosidl_typesupport_introspection_c.h
[1.935s] -- Up-to-date: /home/tofstudent/sa_zhao/install/tod_msgs/include/tod_msgs/msg/detail/object_data__rosidl_typesupport_introspection_c.h
[1.936s] -- Up-to-date: /home/tofstudent/sa_zhao/install/tod_msgs/include/tod_msgs/msg/detail/paket_info__rosidl_typesupport_introspection_c.h
[1.936s] -- Up-to-date: /home/tofstudent/sa_zhao/install/tod_msgs/include/tod_msgs/msg/detail/colored_polygon__type_support.c
[1.936s] -- Up-to-date: /home/tofstudent/sa_zhao/install/tod_msgs/include/tod_msgs/msg/detail/primary_control_cmd__rosidl_typesupport_introspection_c.h
[1.936s] -- Up-to-date: /home/tofstudent/sa_zhao/install/tod_msgs/include/tod_msgs/msg/detail/secondary_control_cmd__type_support.c
[1.936s] -- Up-to-date: /home/tofstudent/sa_zhao/install/tod_msgs/include/tod_msgs/msg/detail/secondary_control_cmd__rosidl_typesupport_introspection_c.h
[1.936s] -- Up-to-date: /home/tofstudent/sa_zhao/install/tod_msgs/include/tod_msgs/msg/rosidl_typesupport_introspection_c__visibility_control.h
[1.936s] -- Up-to-date: /home/tofstudent/sa_zhao/install/tod_msgs/lib/libtod_msgs__rosidl_typesupport_introspection_c.so
[1.936s] -- Up-to-date: /home/tofstudent/sa_zhao/install/tod_msgs/lib/libtod_msgs__rosidl_typesupport_c.so
[1.936s] -- Up-to-date: /home/tofstudent/sa_zhao/install/tod_msgs/include/tod_msgs
[1.937s] -- Up-to-date: /home/tofstudent/sa_zhao/install/tod_msgs/include/tod_msgs/srv
[1.937s] -- Up-to-date: /home/tofstudent/sa_zhao/install/tod_msgs/include/tod_msgs/srv/detail
[1.937s] -- Up-to-date: /home/tofstudent/sa_zhao/install/tod_msgs/include/tod_msgs/srv/detail/input_device__struct.hpp
[1.937s] -- Up-to-date: /home/tofstudent/sa_zhao/install/tod_msgs/include/tod_msgs/srv/detail/input_device__traits.hpp
[1.937s] -- Up-to-date: /home/tofstudent/sa_zhao/install/tod_msgs/include/tod_msgs/srv/detail/input_device__builder.hpp
[1.937s] -- Up-to-date: /home/tofstudent/sa_zhao/install/tod_msgs/include/tod_msgs/srv/input_device.hpp
[1.937s] -- Up-to-date: /home/tofstudent/sa_zhao/install/tod_msgs/include/tod_msgs/msg
[1.937s] -- Up-to-date: /home/tofstudent/sa_zhao/install/tod_msgs/include/tod_msgs/msg/video_info.hpp
[1.937s] -- Up-to-date: /home/tofstudent/sa_zhao/install/tod_msgs/include/tod_msgs/msg/object_data.hpp
[1.938s] -- Up-to-date: /home/tofstudent/sa_zhao/install/tod_msgs/include/tod_msgs/msg/safety_driver_status.hpp
[1.938s] -- Up-to-date: /home/tofstudent/sa_zhao/install/tod_msgs/include/tod_msgs/msg/vehicle_data.hpp
[1.938s] -- Up-to-date: /home/tofstudent/sa_zhao/install/tod_msgs/include/tod_msgs/msg/object_list.hpp
[1.938s] -- Up-to-date: /home/tofstudent/sa_zhao/install/tod_msgs/include/tod_msgs/msg/detail
[1.938s] -- Up-to-date: /home/tofstudent/sa_zhao/install/tod_msgs/include/tod_msgs/msg/detail/safety_driver_status__traits.hpp
[1.938s] -- Up-to-date: /home/tofstudent/sa_zhao/install/tod_msgs/include/tod_msgs/msg/detail/colored_polygon__struct.hpp
[1.938s] -- Up-to-date: /home/tofstudent/sa_zhao/install/tod_msgs/include/tod_msgs/msg/detail/secondary_control_cmd__builder.hpp
[1.938s] -- Up-to-date: /home/tofstudent/sa_zhao/install/tod_msgs/include/tod_msgs/msg/detail/paket_info__builder.hpp
[1.938s] -- Up-to-date: /home/tofstudent/sa_zhao/install/tod_msgs/include/tod_msgs/msg/detail/key_press__struct.hpp
[1.938s] -- Up-to-date: /home/tofstudent/sa_zhao/install/tod_msgs/include/tod_msgs/msg/detail/primary_control_cmd__struct.hpp
[1.939s] -- Up-to-date: /home/tofstudent/sa_zhao/install/tod_msgs/include/tod_msgs/msg/detail/video_info__builder.hpp
[1.939s] -- Up-to-date: /home/tofstudent/sa_zhao/install/tod_msgs/include/tod_msgs/msg/detail/colored_polygon__builder.hpp
[1.939s] -- Up-to-date: /home/tofstudent/sa_zhao/install/tod_msgs/include/tod_msgs/msg/detail/video_info__struct.hpp
[1.939s] -- Up-to-date: /home/tofstudent/sa_zhao/install/tod_msgs/include/tod_msgs/msg/detail/primary_control_cmd__traits.hpp
[1.939s] -- Up-to-date: /home/tofstudent/sa_zhao/install/tod_msgs/include/tod_msgs/msg/detail/key_press__traits.hpp
[1.939s] -- Up-to-date: /home/tofstudent/sa_zhao/install/tod_msgs/include/tod_msgs/msg/detail/vehicle_data__traits.hpp
[1.939s] -- Up-to-date: /home/tofstudent/sa_zhao/install/tod_msgs/include/tod_msgs/msg/detail/video_info__traits.hpp
[1.939s] -- Up-to-date: /home/tofstudent/sa_zhao/install/tod_msgs/include/tod_msgs/msg/detail/status__traits.hpp
[1.939s] -- Up-to-date: /home/tofstudent/sa_zhao/install/tod_msgs/include/tod_msgs/msg/detail/object_data__builder.hpp
[1.940s] -- Up-to-date: /home/tofstudent/sa_zhao/install/tod_msgs/include/tod_msgs/msg/detail/object_data__traits.hpp
[1.940s] -- Up-to-date: /home/tofstudent/sa_zhao/install/tod_msgs/include/tod_msgs/msg/detail/object_list__traits.hpp
[1.940s] -- Up-to-date: /home/tofstudent/sa_zhao/install/tod_msgs/include/tod_msgs/msg/detail/colored_point__builder.hpp
[1.940s] -- Up-to-date: /home/tofstudent/sa_zhao/install/tod_msgs/include/tod_msgs/msg/detail/colored_point__traits.hpp
[1.940s] -- Up-to-date: /home/tofstudent/sa_zhao/install/tod_msgs/include/tod_msgs/msg/detail/object_list__struct.hpp
[1.940s] -- Up-to-date: /home/tofstudent/sa_zhao/install/tod_msgs/include/tod_msgs/msg/detail/paket_info__struct.hpp
[1.940s] -- Up-to-date: /home/tofstudent/sa_zhao/install/tod_msgs/include/tod_msgs/msg/detail/secondary_control_cmd__traits.hpp
[1.940s] -- Up-to-date: /home/tofstudent/sa_zhao/install/tod_msgs/include/tod_msgs/msg/detail/colored_point__struct.hpp
[1.940s] -- Up-to-date: /home/tofstudent/sa_zhao/install/tod_msgs/include/tod_msgs/msg/detail/colored_polygon__traits.hpp
[1.940s] -- Up-to-date: /home/tofstudent/sa_zhao/install/tod_msgs/include/tod_msgs/msg/detail/safety_driver_status__struct.hpp
[1.941s] -- Up-to-date: /home/tofstudent/sa_zhao/install/tod_msgs/include/tod_msgs/msg/detail/object_list__builder.hpp
[1.941s] -- Up-to-date: /home/tofstudent/sa_zhao/install/tod_msgs/include/tod_msgs/msg/detail/vehicle_data__struct.hpp
[1.941s] -- Up-to-date: /home/tofstudent/sa_zhao/install/tod_msgs/include/tod_msgs/msg/detail/paket_info__traits.hpp
[1.941s] -- Up-to-date: /home/tofstudent/sa_zhao/install/tod_msgs/include/tod_msgs/msg/detail/status__builder.hpp
[1.941s] -- Up-to-date: /home/tofstudent/sa_zhao/install/tod_msgs/include/tod_msgs/msg/detail/vehicle_data__builder.hpp
[1.941s] -- Up-to-date: /home/tofstudent/sa_zhao/install/tod_msgs/include/tod_msgs/msg/detail/primary_control_cmd__builder.hpp
[1.942s] -- Up-to-date: /home/tofstudent/sa_zhao/install/tod_msgs/include/tod_msgs/msg/detail/secondary_control_cmd__struct.hpp
[1.942s] -- Up-to-date: /home/tofstudent/sa_zhao/install/tod_msgs/include/tod_msgs/msg/detail/object_data__struct.hpp
[1.942s] -- Up-to-date: /home/tofstudent/sa_zhao/install/tod_msgs/include/tod_msgs/msg/detail/safety_driver_status__builder.hpp
[1.942s] -- Up-to-date: /home/tofstudent/sa_zhao/install/tod_msgs/include/tod_msgs/msg/detail/status__struct.hpp
[1.942s] -- Up-to-date: /home/tofstudent/sa_zhao/install/tod_msgs/include/tod_msgs/msg/detail/key_press__builder.hpp
[1.942s] -- Up-to-date: /home/tofstudent/sa_zhao/install/tod_msgs/include/tod_msgs/msg/secondary_control_cmd.hpp
[1.942s] -- Up-to-date: /home/tofstudent/sa_zhao/install/tod_msgs/include/tod_msgs/msg/colored_polygon.hpp
[1.942s] -- Up-to-date: /home/tofstudent/sa_zhao/install/tod_msgs/include/tod_msgs/msg/status.hpp
[1.943s] -- Up-to-date: /home/tofstudent/sa_zhao/install/tod_msgs/include/tod_msgs/msg/colored_point.hpp
[1.943s] -- Up-to-date: /home/tofstudent/sa_zhao/install/tod_msgs/include/tod_msgs/msg/key_press.hpp
[1.943s] -- Up-to-date: /home/tofstudent/sa_zhao/install/tod_msgs/include/tod_msgs/msg/paket_info.hpp
[1.943s] -- Up-to-date: /home/tofstudent/sa_zhao/install/tod_msgs/include/tod_msgs/msg/primary_control_cmd.hpp
[1.943s] -- Up-to-date: /home/tofstudent/sa_zhao/install/tod_msgs/include/tod_msgs
[1.946s] -- Up-to-date: /home/tofstudent/sa_zhao/install/tod_msgs/include/tod_msgs/srv
[1.946s] -- Up-to-date: /home/tofstudent/sa_zhao/install/tod_msgs/include/tod_msgs/srv/detail
[1.946s] -- Up-to-date: /home/tofstudent/sa_zhao/install/tod_msgs/include/tod_msgs/srv/detail/input_device__rosidl_typesupport_introspection_cpp.hpp
[1.947s] -- Up-to-date: /home/tofstudent/sa_zhao/install/tod_msgs/include/tod_msgs/srv/detail/input_device__type_support.cpp
[1.947s] -- Up-to-date: /home/tofstudent/sa_zhao/install/tod_msgs/include/tod_msgs/msg
[1.947s] -- Up-to-date: /home/tofstudent/sa_zhao/install/tod_msgs/include/tod_msgs/msg/detail
[1.947s] -- Up-to-date: /home/tofstudent/sa_zhao/install/tod_msgs/include/tod_msgs/msg/detail/safety_driver_status__rosidl_typesupport_introspection_cpp.hpp
[1.947s] -- Up-to-date: /home/tofstudent/sa_zhao/install/tod_msgs/include/tod_msgs/msg/detail/primary_control_cmd__type_support.cpp
[1.947s] -- Up-to-date: /home/tofstudent/sa_zhao/install/tod_msgs/include/tod_msgs/msg/detail/object_data__rosidl_typesupport_introspection_cpp.hpp
[1.947s] -- Up-to-date: /home/tofstudent/sa_zhao/install/tod_msgs/include/tod_msgs/msg/detail/status__rosidl_typesupport_introspection_cpp.hpp
[1.947s] -- Up-to-date: /home/tofstudent/sa_zhao/install/tod_msgs/include/tod_msgs/msg/detail/object_list__type_support.cpp
[1.947s] -- Up-to-date: /home/tofstudent/sa_zhao/install/tod_msgs/include/tod_msgs/msg/detail/colored_polygon__type_support.cpp
[1.948s] -- Up-to-date: /home/tofstudent/sa_zhao/install/tod_msgs/include/tod_msgs/msg/detail/video_info__type_support.cpp
[1.948s] -- Up-to-date: /home/tofstudent/sa_zhao/install/tod_msgs/include/tod_msgs/msg/detail/status__type_support.cpp
[1.948s] -- Up-to-date: /home/tofstudent/sa_zhao/install/tod_msgs/include/tod_msgs/msg/detail/paket_info__rosidl_typesupport_introspection_cpp.hpp
[1.948s] -- Up-to-date: /home/tofstudent/sa_zhao/install/tod_msgs/include/tod_msgs/msg/detail/object_data__type_support.cpp
[1.948s] -- Up-to-date: /home/tofstudent/sa_zhao/install/tod_msgs/include/tod_msgs/msg/detail/colored_point__rosidl_typesupport_introspection_cpp.hpp
[1.948s] -- Up-to-date: /home/tofstudent/sa_zhao/install/tod_msgs/include/tod_msgs/msg/detail/colored_polygon__rosidl_typesupport_introspection_cpp.hpp
[1.948s] -- Up-to-date: /home/tofstudent/sa_zhao/install/tod_msgs/include/tod_msgs/msg/detail/secondary_control_cmd__rosidl_typesupport_introspection_cpp.hpp
[1.949s] -- Up-to-date: /home/tofstudent/sa_zhao/install/tod_msgs/include/tod_msgs/msg/detail/safety_driver_status__type_support.cpp
[1.949s] -- Up-to-date: /home/tofstudent/sa_zhao/install/tod_msgs/include/tod_msgs/msg/detail/key_press__rosidl_typesupport_introspection_cpp.hpp
[1.949s] -- Up-to-date: /home/tofstudent/sa_zhao/install/tod_msgs/include/tod_msgs/msg/detail/key_press__type_support.cpp
[1.949s] -- Up-to-date: /home/tofstudent/sa_zhao/install/tod_msgs/include/tod_msgs/msg/detail/primary_control_cmd__rosidl_typesupport_introspection_cpp.hpp
[1.949s] -- Up-to-date: /home/tofstudent/sa_zhao/install/tod_msgs/include/tod_msgs/msg/detail/video_info__rosidl_typesupport_introspection_cpp.hpp
[1.949s] -- Up-to-date: /home/tofstudent/sa_zhao/install/tod_msgs/include/tod_msgs/msg/detail/vehicle_data__type_support.cpp
[1.949s] -- Up-to-date: /home/tofstudent/sa_zhao/install/tod_msgs/include/tod_msgs/msg/detail/paket_info__type_support.cpp
[1.949s] -- Up-to-date: /home/tofstudent/sa_zhao/install/tod_msgs/include/tod_msgs/msg/detail/vehicle_data__rosidl_typesupport_introspection_cpp.hpp
[1.949s] -- Up-to-date: /home/tofstudent/sa_zhao/install/tod_msgs/include/tod_msgs/msg/detail/secondary_control_cmd__type_support.cpp
[1.950s] -- Up-to-date: /home/tofstudent/sa_zhao/install/tod_msgs/include/tod_msgs/msg/detail/object_list__rosidl_typesupport_introspection_cpp.hpp
[1.950s] -- Up-to-date: /home/tofstudent/sa_zhao/install/tod_msgs/include/tod_msgs/msg/detail/colored_point__type_support.cpp
[1.950s] -- Up-to-date: /home/tofstudent/sa_zhao/install/tod_msgs/lib/libtod_msgs__rosidl_typesupport_introspection_cpp.so
[1.950s] -- Up-to-date: /home/tofstudent/sa_zhao/install/tod_msgs/lib/libtod_msgs__rosidl_typesupport_cpp.so
[1.950s] -- Up-to-date: /home/tofstudent/sa_zhao/install/tod_msgs/share/tod_msgs/environment/pythonpath.sh
[1.950s] -- Up-to-date: /home/tofstudent/sa_zhao/install/tod_msgs/share/tod_msgs/environment/pythonpath.dsv
[1.950s] -- Up-to-date: /home/tofstudent/sa_zhao/install/tod_msgs/lib/python3.8/site-packages/tod_msgs/__init__.py
[1.986s] -- Up-to-date: /home/tofstudent/sa_zhao/install/tod_msgs/lib/python3.8/site-packages/tod_msgs/msg
[1.991s] -- Up-to-date: /home/tofstudent/sa_zhao/install/tod_msgs/lib/python3.8/site-packages/tod_msgs/msg/_vehicle_data_s.c
[1.995s] -- Up-to-date: /home/tofstudent/sa_zhao/install/tod_msgs/lib/python3.8/site-packages/tod_msgs/msg/_key_press_s.c
[1.995s] -- Up-to-date: /home/tofstudent/sa_zhao/install/tod_msgs/lib/python3.8/site-packages/tod_msgs/msg/_safety_driver_status.py
[1.996s] -- Up-to-date: /home/tofstudent/sa_zhao/install/tod_msgs/lib/python3.8/site-packages/tod_msgs/msg/_object_list.py
[1.996s] -- Up-to-date: /home/tofstudent/sa_zhao/install/tod_msgs/lib/python3.8/site-packages/tod_msgs/msg/_video_info.py
[1.996s] -- Up-to-date: /home/tofstudent/sa_zhao/install/tod_msgs/lib/python3.8/site-packages/tod_msgs/msg/_colored_point.py
[1.996s] -- Up-to-date: /home/tofstudent/sa_zhao/install/tod_msgs/lib/python3.8/site-packages/tod_msgs/msg/_secondary_control_cmd.py
[1.996s] -- Up-to-date: /home/tofstudent/sa_zhao/install/tod_msgs/lib/python3.8/site-packages/tod_msgs/msg/_colored_polygon_s.c
[1.996s] -- Up-to-date: /home/tofstudent/sa_zhao/install/tod_msgs/lib/python3.8/site-packages/tod_msgs/msg/_primary_control_cmd_s.c
[1.996s] -- Up-to-date: /home/tofstudent/sa_zhao/install/tod_msgs/lib/python3.8/site-packages/tod_msgs/msg/_object_data.py
[1.996s] -- Up-to-date: /home/tofstudent/sa_zhao/install/tod_msgs/lib/python3.8/site-packages/tod_msgs/msg/_colored_point_s.c
[1.996s] -- Up-to-date: /home/tofstudent/sa_zhao/install/tod_msgs/lib/python3.8/site-packages/tod_msgs/msg/_paket_info.py
[1.997s] -- Up-to-date: /home/tofstudent/sa_zhao/install/tod_msgs/lib/python3.8/site-packages/tod_msgs/msg/_status.py
[1.997s] -- Up-to-date: /home/tofstudent/sa_zhao/install/tod_msgs/lib/python3.8/site-packages/tod_msgs/msg/_primary_control_cmd.py
[1.997s] -- Up-to-date: /home/tofstudent/sa_zhao/install/tod_msgs/lib/python3.8/site-packages/tod_msgs/msg/_vehicle_data.py
[1.997s] -- Up-to-date: /home/tofstudent/sa_zhao/install/tod_msgs/lib/python3.8/site-packages/tod_msgs/msg/_status_s.c
[1.997s] -- Up-to-date: /home/tofstudent/sa_zhao/install/tod_msgs/lib/python3.8/site-packages/tod_msgs/msg/_safety_driver_status_s.c
[1.998s] -- Up-to-date: /home/tofstudent/sa_zhao/install/tod_msgs/lib/python3.8/site-packages/tod_msgs/msg/_colored_polygon.py
[1.998s] -- Up-to-date: /home/tofstudent/sa_zhao/install/tod_msgs/lib/python3.8/site-packages/tod_msgs/msg/__init__.py
[1.998s] -- Up-to-date: /home/tofstudent/sa_zhao/install/tod_msgs/lib/python3.8/site-packages/tod_msgs/msg/_paket_info_s.c
[1.998s] -- Up-to-date: /home/tofstudent/sa_zhao/install/tod_msgs/lib/python3.8/site-packages/tod_msgs/msg/_object_data_s.c
[1.998s] -- Up-to-date: /home/tofstudent/sa_zhao/install/tod_msgs/lib/python3.8/site-packages/tod_msgs/msg/_secondary_control_cmd_s.c
[1.998s] -- Up-to-date: /home/tofstudent/sa_zhao/install/tod_msgs/lib/python3.8/site-packages/tod_msgs/msg/_video_info_s.c
[1.998s] -- Up-to-date: /home/tofstudent/sa_zhao/install/tod_msgs/lib/python3.8/site-packages/tod_msgs/msg/_object_list_s.c
[1.998s] -- Up-to-date: /home/tofstudent/sa_zhao/install/tod_msgs/lib/python3.8/site-packages/tod_msgs/msg/_key_press.py
[1.998s] -- Up-to-date: /home/tofstudent/sa_zhao/install/tod_msgs/lib/python3.8/site-packages/tod_msgs/srv
[1.998s] -- Up-to-date: /home/tofstudent/sa_zhao/install/tod_msgs/lib/python3.8/site-packages/tod_msgs/srv/_input_device.py
[1.999s] -- Up-to-date: /home/tofstudent/sa_zhao/install/tod_msgs/lib/python3.8/site-packages/tod_msgs/srv/_input_device_s.c
[1.999s] -- Up-to-date: /home/tofstudent/sa_zhao/install/tod_msgs/lib/python3.8/site-packages/tod_msgs/srv/__init__.py
[1.999s] -- Up-to-date: /home/tofstudent/sa_zhao/install/tod_msgs/lib/python3.8/site-packages/tod_msgs/tod_msgs_s__rosidl_typesupport_fastrtps_c.cpython-38-x86_64-linux-gnu.so
[1.999s] -- Up-to-date: /home/tofstudent/sa_zhao/install/tod_msgs/lib/python3.8/site-packages/tod_msgs/tod_msgs_s__rosidl_typesupport_introspection_c.cpython-38-x86_64-linux-gnu.so
[1.999s] -- Up-to-date: /home/tofstudent/sa_zhao/install/tod_msgs/lib/python3.8/site-packages/tod_msgs/tod_msgs_s__rosidl_typesupport_c.cpython-38-x86_64-linux-gnu.so
[1.999s] -- Up-to-date: /home/tofstudent/sa_zhao/install/tod_msgs/lib/libtod_msgs__python.so
[1.999s] -- Up-to-date: /home/tofstudent/sa_zhao/install/tod_msgs/share/tod_msgs/msg/ColoredPoint.idl
[2.000s] -- Up-to-date: /home/tofstudent/sa_zhao/install/tod_msgs/share/tod_msgs/msg/ColoredPolygon.idl
[2.000s] -- Up-to-date: /home/tofstudent/sa_zhao/install/tod_msgs/share/tod_msgs/msg/KeyPress.idl
[2.000s] -- Up-to-date: /home/tofstudent/sa_zhao/install/tod_msgs/share/tod_msgs/msg/ObjectData.idl
[2.000s] -- Up-to-date: /home/tofstudent/sa_zhao/install/tod_msgs/share/tod_msgs/msg/ObjectList.idl
[2.005s] -- Up-to-date: /home/tofstudent/sa_zhao/install/tod_msgs/share/tod_msgs/msg/PaketInfo.idl
[2.006s] -- Up-to-date: /home/tofstudent/sa_zhao/install/tod_msgs/share/tod_msgs/msg/PrimaryControlCmd.idl
[2.006s] -- Up-to-date: /home/tofstudent/sa_zhao/install/tod_msgs/share/tod_msgs/msg/SafetyDriverStatus.idl
[2.006s] -- Up-to-date: /home/tofstudent/sa_zhao/install/tod_msgs/share/tod_msgs/msg/SecondaryControlCmd.idl
[2.007s] -- Up-to-date: /home/tofstudent/sa_zhao/install/tod_msgs/share/tod_msgs/msg/Status.idl
[2.007s] -- Up-to-date: /home/tofstudent/sa_zhao/install/tod_msgs/share/tod_msgs/msg/VehicleData.idl
[2.007s] -- Up-to-date: /home/tofstudent/sa_zhao/install/tod_msgs/share/tod_msgs/msg/VideoInfo.idl
[2.007s] -- Up-to-date: /home/tofstudent/sa_zhao/install/tod_msgs/share/tod_msgs/srv/InputDevice.idl
[2.008s] -- Up-to-date: /home/tofstudent/sa_zhao/install/tod_msgs/share/tod_msgs/msg/ColoredPoint.msg
[2.008s] -- Up-to-date: /home/tofstudent/sa_zhao/install/tod_msgs/share/tod_msgs/msg/ColoredPolygon.msg
[2.008s] -- Up-to-date: /home/tofstudent/sa_zhao/install/tod_msgs/share/tod_msgs/msg/KeyPress.msg
[2.008s] -- Up-to-date: /home/tofstudent/sa_zhao/install/tod_msgs/share/tod_msgs/msg/ObjectData.msg
[2.009s] -- Up-to-date: /home/tofstudent/sa_zhao/install/tod_msgs/share/tod_msgs/msg/ObjectList.msg
[2.009s] -- Up-to-date: /home/tofstudent/sa_zhao/install/tod_msgs/share/tod_msgs/msg/PaketInfo.msg
[2.009s] -- Up-to-date: /home/tofstudent/sa_zhao/install/tod_msgs/share/tod_msgs/msg/PrimaryControlCmd.msg
[2.009s] -- Up-to-date: /home/tofstudent/sa_zhao/install/tod_msgs/share/tod_msgs/msg/SafetyDriverStatus.msg
[2.010s] -- Up-to-date: /home/tofstudent/sa_zhao/install/tod_msgs/share/tod_msgs/msg/SecondaryControlCmd.msg
[2.010s] -- Up-to-date: /home/tofstudent/sa_zhao/install/tod_msgs/share/tod_msgs/msg/Status.msg
[2.010s] -- Up-to-date: /home/tofstudent/sa_zhao/install/tod_msgs/share/tod_msgs/msg/VehicleData.msg
[2.010s] -- Up-to-date: /home/tofstudent/sa_zhao/install/tod_msgs/share/tod_msgs/msg/VideoInfo.msg
[2.011s] -- Up-to-date: /home/tofstudent/sa_zhao/install/tod_msgs/share/tod_msgs/srv/InputDevice.srv
[2.011s] -- Up-to-date: /home/tofstudent/sa_zhao/install/tod_msgs/share/tod_msgs/srv/InputDevice_Request.msg
[2.011s] -- Up-to-date: /home/tofstudent/sa_zhao/install/tod_msgs/share/tod_msgs/srv/InputDevice_Response.msg
[2.012s] -- Up-to-date: /home/tofstudent/sa_zhao/install/tod_msgs/include
[2.012s] -- Up-to-date: /home/tofstudent/sa_zhao/install/tod_msgs/include/tod_msgs
[2.013s] -- Up-to-date: /home/tofstudent/sa_zhao/install/tod_msgs/include/tod_msgs/VehicleEnums.h
[2.013s] -- Up-to-date: /home/tofstudent/sa_zhao/install/tod_msgs/include/tod_msgs/inputDevice.h
[2.013s] -- Up-to-date: /home/tofstudent/sa_zhao/install/tod_msgs/include/tod_msgs/joystickConfig.h
[2.013s] -- Up-to-date: /home/tofstudent/sa_zhao/install/tod_msgs/share/ament_index/resource_index/package_run_dependencies/tod_msgs
[2.014s] -- Up-to-date: /home/tofstudent/sa_zhao/install/tod_msgs/share/ament_index/resource_index/parent_prefix_path/tod_msgs
[2.014s] -- Up-to-date: /home/tofstudent/sa_zhao/install/tod_msgs/share/tod_msgs/environment/ament_prefix_path.sh
[2.014s] -- Up-to-date: /home/tofstudent/sa_zhao/install/tod_msgs/share/tod_msgs/environment/ament_prefix_path.dsv
[2.014s] -- Up-to-date: /home/tofstudent/sa_zhao/install/tod_msgs/share/tod_msgs/environment/path.sh
[2.015s] -- Up-to-date: /home/tofstudent/sa_zhao/install/tod_msgs/share/tod_msgs/environment/path.dsv
[2.015s] -- Up-to-date: /home/tofstudent/sa_zhao/install/tod_msgs/share/tod_msgs/local_setup.bash
[2.017s] -- Up-to-date: /home/tofstudent/sa_zhao/install/tod_msgs/share/tod_msgs/local_setup.sh
[2.018s] -- Up-to-date: /home/tofstudent/sa_zhao/install/tod_msgs/share/tod_msgs/local_setup.zsh
[2.021s] -- Up-to-date: /home/tofstudent/sa_zhao/install/tod_msgs/share/tod_msgs/local_setup.dsv
[2.021s] -- Installing: /home/tofstudent/sa_zhao/install/tod_msgs/share/tod_msgs/package.dsv
[2.022s] -- Up-to-date: /home/tofstudent/sa_zhao/install/tod_msgs/share/ament_index/resource_index/packages/tod_msgs
[2.022s] -- Up-to-date: /home/tofstudent/sa_zhao/install/tod_msgs/share/tod_msgs/cmake/tod_msgs__rosidl_generator_cExport.cmake
[2.023s] -- Up-to-date: /home/tofstudent/sa_zhao/install/tod_msgs/share/tod_msgs/cmake/tod_msgs__rosidl_generator_cExport-noconfig.cmake
[2.023s] -- Up-to-date: /home/tofstudent/sa_zhao/install/tod_msgs/share/tod_msgs/cmake/tod_msgs__rosidl_typesupport_introspection_cExport.cmake
[2.023s] -- Up-to-date: /home/tofstudent/sa_zhao/install/tod_msgs/share/tod_msgs/cmake/tod_msgs__rosidl_typesupport_introspection_cExport-noconfig.cmake
[2.024s] -- Up-to-date: /home/tofstudent/sa_zhao/install/tod_msgs/share/tod_msgs/cmake/tod_msgs__rosidl_typesupport_cExport.cmake
[2.024s] -- Up-to-date: /home/tofstudent/sa_zhao/install/tod_msgs/share/tod_msgs/cmake/tod_msgs__rosidl_typesupport_cExport-noconfig.cmake
[2.024s] -- Up-to-date: /home/tofstudent/sa_zhao/install/tod_msgs/share/tod_msgs/cmake/tod_msgs__rosidl_generator_cppExport.cmake
[2.024s] -- Up-to-date: /home/tofstudent/sa_zhao/install/tod_msgs/share/tod_msgs/cmake/tod_msgs__rosidl_typesupport_introspection_cppExport.cmake
[2.024s] -- Up-to-date: /home/tofstudent/sa_zhao/install/tod_msgs/share/tod_msgs/cmake/tod_msgs__rosidl_typesupport_introspection_cppExport-noconfig.cmake
[2.025s] -- Up-to-date: /home/tofstudent/sa_zhao/install/tod_msgs/share/tod_msgs/cmake/tod_msgs__rosidl_typesupport_cppExport.cmake
[2.025s] -- Up-to-date: /home/tofstudent/sa_zhao/install/tod_msgs/share/tod_msgs/cmake/tod_msgs__rosidl_typesupport_cppExport-noconfig.cmake
[2.025s] -- Up-to-date: /home/tofstudent/sa_zhao/install/tod_msgs/share/tod_msgs/cmake/rosidl_cmake-extras.cmake
[2.025s] -- Up-to-date: /home/tofstudent/sa_zhao/install/tod_msgs/share/tod_msgs/cmake/ament_cmake_export_dependencies-extras.cmake
[2.028s] -- Up-to-date: /home/tofstudent/sa_zhao/install/tod_msgs/share/tod_msgs/cmake/ament_cmake_export_libraries-extras.cmake
[2.029s] -- Up-to-date: /home/tofstudent/sa_zhao/install/tod_msgs/share/tod_msgs/cmake/ament_cmake_export_targets-extras.cmake
[2.029s] -- Up-to-date: /home/tofstudent/sa_zhao/install/tod_msgs/share/tod_msgs/cmake/ament_cmake_export_include_directories-extras.cmake
[2.029s] -- Up-to-date: /home/tofstudent/sa_zhao/install/tod_msgs/share/tod_msgs/cmake/rosidl_cmake_export_typesupport_libraries-extras.cmake
[2.030s] -- Up-to-date: /home/tofstudent/sa_zhao/install/tod_msgs/share/tod_msgs/cmake/rosidl_cmake_export_typesupport_targets-extras.cmake
[2.030s] -- Up-to-date: /home/tofstudent/sa_zhao/install/tod_msgs/share/tod_msgs/cmake/tod_msgsConfig.cmake
[2.031s] -- Up-to-date: /home/tofstudent/sa_zhao/install/tod_msgs/share/tod_msgs/cmake/tod_msgsConfig-version.cmake
[2.031s] -- Up-to-date: /home/tofstudent/sa_zhao/install/tod_msgs/share/tod_msgs/package.xml
[2.045s] Invoked command in '/home/tofstudent/sa_zhao/build/tod_msgs' returned '0': CMAKE_PREFIX_PATH=/opt/ros/foxy /usr/bin/cmake --install /home/tofstudent/sa_zhao/build/tod_msgs
